[2025-12-07T13:05:35.881+0000] {taskinstance.py:1956} INFO - Dependencies all met for dep_context=non-requeueable deps ti=<TaskInstance: email_intelligence_pipeline.real_time_enrichment manual__2025-12-07T12:57:57.391895+00:00 [queued]>
[2025-12-07T13:05:35.895+0000] {taskinstance.py:1956} INFO - Dependencies all met for dep_context=requeueable deps ti=<TaskInstance: email_intelligence_pipeline.real_time_enrichment manual__2025-12-07T12:57:57.391895+00:00 [queued]>
[2025-12-07T13:05:35.896+0000] {taskinstance.py:2170} INFO - Starting attempt 2 of 1
[2025-12-07T13:05:35.911+0000] {taskinstance.py:2191} INFO - Executing <Task(BashOperator): real_time_enrichment> on 2025-12-07 12:57:57.391895+00:00
[2025-12-07T13:05:35.919+0000] {standard_task_runner.py:60} INFO - Started process 176 to run task
[2025-12-07T13:05:35.925+0000] {standard_task_runner.py:87} INFO - Running: ['***', 'tasks', 'run', 'email_intelligence_pipeline', 'real_time_enrichment', 'manual__2025-12-07T12:57:57.391895+00:00', '--job-id', '46', '--raw', '--subdir', 'DAGS_FOLDER/email_pipeline_dag.py', '--cfg-path', '/tmp/tmp0musf5bm']
[2025-12-07T13:05:35.927+0000] {standard_task_runner.py:88} INFO - Job 46: Subtask real_time_enrichment
[2025-12-07T13:05:36.074+0000] {task_command.py:423} INFO - Running <TaskInstance: email_intelligence_pipeline.real_time_enrichment manual__2025-12-07T12:57:57.391895+00:00 [running]> on host e61fdba10dc3
[2025-12-07T13:05:36.206+0000] {taskinstance.py:2480} INFO - Exporting env vars: AIRFLOW_CTX_DAG_OWNER='data_team' AIRFLOW_CTX_DAG_ID='email_intelligence_pipeline' AIRFLOW_CTX_TASK_ID='real_time_enrichment' AIRFLOW_CTX_EXECUTION_DATE='2025-12-07T12:57:57.391895+00:00' AIRFLOW_CTX_TRY_NUMBER='2' AIRFLOW_CTX_DAG_RUN_ID='manual__2025-12-07T12:57:57.391895+00:00'
[2025-12-07T13:05:36.209+0000] {subprocess.py:63} INFO - Tmp dir root location: /tmp
[2025-12-07T13:05:36.211+0000] {subprocess.py:75} INFO - Running command: ['/usr/bin/bash', '-c', '\n        /opt/spark/bin/spark-submit             --master spark://spark-master:7077             --deploy-mode client             --packages org.apache.hadoop:hadoop-aws:3.3.4,org.apache.spark:spark-sql-kafka-0-10_2.12:3.5.0             --name EmailEnrichmentStream             /opt/spark/jobs/email_processor.py\n        ']
[2025-12-07T13:05:36.225+0000] {subprocess.py:86} INFO - Output:
[2025-12-07T13:05:36.245+0000] {subprocess.py:93} INFO - /opt/spark/bin/load-spark-env.sh: line 68: ps: command not found
[2025-12-07T13:05:39.487+0000] {subprocess.py:93} INFO - :: loading settings :: url = jar:file:/opt/spark/jars/ivy-2.5.1.jar!/org/apache/ivy/core/settings/ivysettings.xml
[2025-12-07T13:05:39.637+0000] {subprocess.py:93} INFO - Ivy Default Cache set to: /home/***/.ivy2/cache
[2025-12-07T13:05:39.638+0000] {subprocess.py:93} INFO - The jars for the packages stored in: /home/***/.ivy2/jars
[2025-12-07T13:05:39.645+0000] {subprocess.py:93} INFO - org.apache.hadoop#hadoop-aws added as a dependency
[2025-12-07T13:05:39.647+0000] {subprocess.py:93} INFO - org.apache.spark#spark-sql-kafka-0-10_2.12 added as a dependency
[2025-12-07T13:05:39.647+0000] {subprocess.py:93} INFO - :: resolving dependencies :: org.apache.spark#spark-submit-parent-02e698c8-3039-4aae-a68c-4a24a44e8a36;1.0
[2025-12-07T13:05:39.648+0000] {subprocess.py:93} INFO - 	confs: [default]
[2025-12-07T13:05:40.172+0000] {subprocess.py:93} INFO - 	found org.apache.hadoop#hadoop-aws;3.3.4 in central
[2025-12-07T13:05:40.216+0000] {subprocess.py:93} INFO - 	found com.amazonaws#aws-java-sdk-bundle;1.12.262 in central
[2025-12-07T13:05:40.257+0000] {subprocess.py:93} INFO - 	found org.wildfly.openssl#wildfly-openssl;1.0.7.Final in central
[2025-12-07T13:05:40.354+0000] {subprocess.py:93} INFO - 	found org.apache.spark#spark-sql-kafka-0-10_2.12;3.5.0 in central
[2025-12-07T13:05:40.435+0000] {subprocess.py:93} INFO - 	found org.apache.spark#spark-token-provider-kafka-0-10_2.12;3.5.0 in central
[2025-12-07T13:05:40.558+0000] {subprocess.py:93} INFO - 	found org.apache.kafka#kafka-clients;3.4.1 in central
[2025-12-07T13:05:40.640+0000] {subprocess.py:93} INFO - 	found org.lz4#lz4-java;1.8.0 in central
[2025-12-07T13:05:40.712+0000] {subprocess.py:93} INFO - 	found org.xerial.snappy#snappy-java;1.1.10.3 in central
[2025-12-07T13:05:40.763+0000] {subprocess.py:93} INFO - 	found org.slf4j#slf4j-api;2.0.7 in central
[2025-12-07T13:05:40.819+0000] {subprocess.py:93} INFO - 	found org.apache.hadoop#hadoop-client-runtime;3.3.4 in central
[2025-12-07T13:05:41.000+0000] {subprocess.py:93} INFO - 	found org.apache.hadoop#hadoop-client-api;3.3.4 in central
[2025-12-07T13:05:41.495+0000] {subprocess.py:93} INFO - 	found commons-logging#commons-logging;1.1.3 in central
[2025-12-07T13:05:41.695+0000] {subprocess.py:93} INFO - 	found com.google.code.findbugs#jsr305;3.0.0 in central
[2025-12-07T13:05:41.776+0000] {subprocess.py:93} INFO - 	found org.apache.commons#commons-pool2;2.11.1 in central
[2025-12-07T13:05:41.872+0000] {subprocess.py:93} INFO - :: resolution report :: resolve 2154ms :: artifacts dl 71ms
[2025-12-07T13:05:41.873+0000] {subprocess.py:93} INFO - 	:: modules in use:
[2025-12-07T13:05:41.874+0000] {subprocess.py:93} INFO - 	com.amazonaws#aws-java-sdk-bundle;1.12.262 from central in [default]
[2025-12-07T13:05:41.874+0000] {subprocess.py:93} INFO - 	com.google.code.findbugs#jsr305;3.0.0 from central in [default]
[2025-12-07T13:05:41.875+0000] {subprocess.py:93} INFO - 	commons-logging#commons-logging;1.1.3 from central in [default]
[2025-12-07T13:05:41.876+0000] {subprocess.py:93} INFO - 	org.apache.commons#commons-pool2;2.11.1 from central in [default]
[2025-12-07T13:05:41.876+0000] {subprocess.py:93} INFO - 	org.apache.hadoop#hadoop-aws;3.3.4 from central in [default]
[2025-12-07T13:05:41.877+0000] {subprocess.py:93} INFO - 	org.apache.hadoop#hadoop-client-api;3.3.4 from central in [default]
[2025-12-07T13:05:41.877+0000] {subprocess.py:93} INFO - 	org.apache.hadoop#hadoop-client-runtime;3.3.4 from central in [default]
[2025-12-07T13:05:41.878+0000] {subprocess.py:93} INFO - 	org.apache.kafka#kafka-clients;3.4.1 from central in [default]
[2025-12-07T13:05:41.878+0000] {subprocess.py:93} INFO - 	org.apache.spark#spark-sql-kafka-0-10_2.12;3.5.0 from central in [default]
[2025-12-07T13:05:41.879+0000] {subprocess.py:93} INFO - 	org.apache.spark#spark-token-provider-kafka-0-10_2.12;3.5.0 from central in [default]
[2025-12-07T13:05:41.880+0000] {subprocess.py:93} INFO - 	org.lz4#lz4-java;1.8.0 from central in [default]
[2025-12-07T13:05:41.881+0000] {subprocess.py:93} INFO - 	org.slf4j#slf4j-api;2.0.7 from central in [default]
[2025-12-07T13:05:41.881+0000] {subprocess.py:93} INFO - 	org.wildfly.openssl#wildfly-openssl;1.0.7.Final from central in [default]
[2025-12-07T13:05:41.882+0000] {subprocess.py:93} INFO - 	org.xerial.snappy#snappy-java;1.1.10.3 from central in [default]
[2025-12-07T13:05:41.882+0000] {subprocess.py:93} INFO - 	---------------------------------------------------------------------
[2025-12-07T13:05:41.883+0000] {subprocess.py:93} INFO - 	|                  |            modules            ||   artifacts   |
[2025-12-07T13:05:41.883+0000] {subprocess.py:93} INFO - 	|       conf       | number| search|dwnlded|evicted|| number|dwnlded|
[2025-12-07T13:05:41.884+0000] {subprocess.py:93} INFO - 	---------------------------------------------------------------------
[2025-12-07T13:05:41.884+0000] {subprocess.py:93} INFO - 	|      default     |   14  |   0   |   0   |   0   ||   14  |   0   |
[2025-12-07T13:05:41.885+0000] {subprocess.py:93} INFO - 	---------------------------------------------------------------------
[2025-12-07T13:05:41.888+0000] {subprocess.py:93} INFO - :: retrieving :: org.apache.spark#spark-submit-parent-02e698c8-3039-4aae-a68c-4a24a44e8a36
[2025-12-07T13:05:41.889+0000] {subprocess.py:93} INFO - 	confs: [default]
[2025-12-07T13:05:41.901+0000] {subprocess.py:93} INFO - 	0 artifacts copied, 14 already retrieved (0kB/13ms)
[2025-12-07T13:05:42.328+0000] {subprocess.py:93} INFO - 25/12/07 13:05:42 WARN NativeCodeLoader: Unable to load native-hadoop library for your platform... using builtin-java classes where applicable
[2025-12-07T13:05:44.637+0000] {subprocess.py:93} INFO - 🚀 Démarrage Spark Streaming - Email Processor (Bronze + Silver )
[2025-12-07T13:05:45.027+0000] {subprocess.py:93} INFO - 25/12/07 13:05:45 INFO SparkContext: Running Spark version 3.5.0
[2025-12-07T13:05:45.029+0000] {subprocess.py:93} INFO - 25/12/07 13:05:45 INFO SparkContext: OS info Linux, 6.6.87.2-microsoft-standard-WSL2, amd64
[2025-12-07T13:05:45.031+0000] {subprocess.py:93} INFO - 25/12/07 13:05:45 INFO SparkContext: Java version 17.0.17
[2025-12-07T13:05:45.076+0000] {subprocess.py:93} INFO - 25/12/07 13:05:45 INFO ResourceUtils: ==============================================================
[2025-12-07T13:05:45.077+0000] {subprocess.py:93} INFO - 25/12/07 13:05:45 INFO ResourceUtils: No custom resources configured for spark.driver.
[2025-12-07T13:05:45.077+0000] {subprocess.py:93} INFO - 25/12/07 13:05:45 INFO ResourceUtils: ==============================================================
[2025-12-07T13:05:45.078+0000] {subprocess.py:93} INFO - 25/12/07 13:05:45 INFO SparkContext: Submitted application: EmailProcessor
[2025-12-07T13:05:45.123+0000] {subprocess.py:93} INFO - 25/12/07 13:05:45 INFO ResourceProfile: Default ResourceProfile created, executor resources: Map(memory -> name: memory, amount: 1024, script: , vendor: , offHeap -> name: offHeap, amount: 0, script: , vendor: ), task resources: Map(cpus -> name: cpus, amount: 1.0)
[2025-12-07T13:05:45.137+0000] {subprocess.py:93} INFO - 25/12/07 13:05:45 INFO ResourceProfile: Limiting resource is cpu
[2025-12-07T13:05:45.138+0000] {subprocess.py:93} INFO - 25/12/07 13:05:45 INFO ResourceProfileManager: Added ResourceProfile id: 0
[2025-12-07T13:05:45.272+0000] {subprocess.py:93} INFO - 25/12/07 13:05:45 INFO SecurityManager: Changing view acls to: ***
[2025-12-07T13:05:45.273+0000] {subprocess.py:93} INFO - 25/12/07 13:05:45 INFO SecurityManager: Changing modify acls to: ***
[2025-12-07T13:05:45.274+0000] {subprocess.py:93} INFO - 25/12/07 13:05:45 INFO SecurityManager: Changing view acls groups to:
[2025-12-07T13:05:45.275+0000] {subprocess.py:93} INFO - 25/12/07 13:05:45 INFO SecurityManager: Changing modify acls groups to:
[2025-12-07T13:05:45.277+0000] {subprocess.py:93} INFO - 25/12/07 13:05:45 INFO SecurityManager: SecurityManager: authentication disabled; ui acls disabled; users with view permissions: ***; groups with view permissions: EMPTY; users with modify permissions: ***; groups with modify permissions: EMPTY
[2025-12-07T13:05:45.811+0000] {subprocess.py:93} INFO - 25/12/07 13:05:45 INFO Utils: Successfully started service 'sparkDriver' on port 40555.
[2025-12-07T13:05:45.899+0000] {subprocess.py:93} INFO - 25/12/07 13:05:45 INFO SparkEnv: Registering MapOutputTracker
[2025-12-07T13:05:46.032+0000] {subprocess.py:93} INFO - 25/12/07 13:05:46 INFO SparkEnv: Registering BlockManagerMaster
[2025-12-07T13:05:46.068+0000] {subprocess.py:93} INFO - 25/12/07 13:05:46 INFO BlockManagerMasterEndpoint: Using org.apache.spark.storage.DefaultTopologyMapper for getting topology information
[2025-12-07T13:05:46.069+0000] {subprocess.py:93} INFO - 25/12/07 13:05:46 INFO BlockManagerMasterEndpoint: BlockManagerMasterEndpoint up
[2025-12-07T13:05:46.079+0000] {subprocess.py:93} INFO - 25/12/07 13:05:46 INFO SparkEnv: Registering BlockManagerMasterHeartbeat
[2025-12-07T13:05:46.140+0000] {subprocess.py:93} INFO - 25/12/07 13:05:46 INFO DiskBlockManager: Created local directory at /tmp/blockmgr-801299da-455d-43b0-a6b5-d09616653c19
[2025-12-07T13:05:46.166+0000] {subprocess.py:93} INFO - 25/12/07 13:05:46 INFO MemoryStore: MemoryStore started with capacity 434.4 MiB
[2025-12-07T13:05:46.202+0000] {subprocess.py:93} INFO - 25/12/07 13:05:46 INFO SparkEnv: Registering OutputCommitCoordinator
[2025-12-07T13:05:46.486+0000] {subprocess.py:93} INFO - 25/12/07 13:05:46 INFO JettyUtils: Start Jetty 0.0.0.0:4040 for SparkUI
[2025-12-07T13:05:46.612+0000] {subprocess.py:93} INFO - 25/12/07 13:05:46 INFO Utils: Successfully started service 'SparkUI' on port 4040.
[2025-12-07T13:05:46.707+0000] {subprocess.py:93} INFO - 25/12/07 13:05:46 INFO SparkContext: Added JAR file:///home/***/.ivy2/jars/org.apache.hadoop_hadoop-aws-3.3.4.jar at spark://e61fdba10dc3:40555/jars/org.apache.hadoop_hadoop-aws-3.3.4.jar with timestamp 1765112745011
[2025-12-07T13:05:46.708+0000] {subprocess.py:93} INFO - 25/12/07 13:05:46 INFO SparkContext: Added JAR file:///home/***/.ivy2/jars/org.apache.spark_spark-sql-kafka-0-10_2.12-3.5.0.jar at spark://e61fdba10dc3:40555/jars/org.apache.spark_spark-sql-kafka-0-10_2.12-3.5.0.jar with timestamp 1765112745011
[2025-12-07T13:05:46.709+0000] {subprocess.py:93} INFO - 25/12/07 13:05:46 INFO SparkContext: Added JAR file:///home/***/.ivy2/jars/com.amazonaws_aws-java-sdk-bundle-1.12.262.jar at spark://e61fdba10dc3:40555/jars/com.amazonaws_aws-java-sdk-bundle-1.12.262.jar with timestamp 1765112745011
[2025-12-07T13:05:46.710+0000] {subprocess.py:93} INFO - 25/12/07 13:05:46 INFO SparkContext: Added JAR file:///home/***/.ivy2/jars/org.wildfly.openssl_wildfly-openssl-1.0.7.Final.jar at spark://e61fdba10dc3:40555/jars/org.wildfly.openssl_wildfly-openssl-1.0.7.Final.jar with timestamp 1765112745011
[2025-12-07T13:05:46.711+0000] {subprocess.py:93} INFO - 25/12/07 13:05:46 INFO SparkContext: Added JAR file:///home/***/.ivy2/jars/org.apache.spark_spark-token-provider-kafka-0-10_2.12-3.5.0.jar at spark://e61fdba10dc3:40555/jars/org.apache.spark_spark-token-provider-kafka-0-10_2.12-3.5.0.jar with timestamp 1765112745011
[2025-12-07T13:05:46.712+0000] {subprocess.py:93} INFO - 25/12/07 13:05:46 INFO SparkContext: Added JAR file:///home/***/.ivy2/jars/org.apache.kafka_kafka-clients-3.4.1.jar at spark://e61fdba10dc3:40555/jars/org.apache.kafka_kafka-clients-3.4.1.jar with timestamp 1765112745011
[2025-12-07T13:05:46.714+0000] {subprocess.py:93} INFO - 25/12/07 13:05:46 INFO SparkContext: Added JAR file:///home/***/.ivy2/jars/com.google.code.findbugs_jsr305-3.0.0.jar at spark://e61fdba10dc3:40555/jars/com.google.code.findbugs_jsr305-3.0.0.jar with timestamp 1765112745011
[2025-12-07T13:05:46.715+0000] {subprocess.py:93} INFO - 25/12/07 13:05:46 INFO SparkContext: Added JAR file:///home/***/.ivy2/jars/org.apache.commons_commons-pool2-2.11.1.jar at spark://e61fdba10dc3:40555/jars/org.apache.commons_commons-pool2-2.11.1.jar with timestamp 1765112745011
[2025-12-07T13:05:46.716+0000] {subprocess.py:93} INFO - 25/12/07 13:05:46 INFO SparkContext: Added JAR file:///home/***/.ivy2/jars/org.apache.hadoop_hadoop-client-runtime-3.3.4.jar at spark://e61fdba10dc3:40555/jars/org.apache.hadoop_hadoop-client-runtime-3.3.4.jar with timestamp 1765112745011
[2025-12-07T13:05:46.717+0000] {subprocess.py:93} INFO - 25/12/07 13:05:46 INFO SparkContext: Added JAR file:///home/***/.ivy2/jars/org.lz4_lz4-java-1.8.0.jar at spark://e61fdba10dc3:40555/jars/org.lz4_lz4-java-1.8.0.jar with timestamp 1765112745011
[2025-12-07T13:05:46.718+0000] {subprocess.py:93} INFO - 25/12/07 13:05:46 INFO SparkContext: Added JAR file:///home/***/.ivy2/jars/org.xerial.snappy_snappy-java-1.1.10.3.jar at spark://e61fdba10dc3:40555/jars/org.xerial.snappy_snappy-java-1.1.10.3.jar with timestamp 1765112745011
[2025-12-07T13:05:46.719+0000] {subprocess.py:93} INFO - 25/12/07 13:05:46 INFO SparkContext: Added JAR file:///home/***/.ivy2/jars/org.slf4j_slf4j-api-2.0.7.jar at spark://e61fdba10dc3:40555/jars/org.slf4j_slf4j-api-2.0.7.jar with timestamp 1765112745011
[2025-12-07T13:05:46.721+0000] {subprocess.py:93} INFO - 25/12/07 13:05:46 INFO SparkContext: Added JAR file:///home/***/.ivy2/jars/org.apache.hadoop_hadoop-client-api-3.3.4.jar at spark://e61fdba10dc3:40555/jars/org.apache.hadoop_hadoop-client-api-3.3.4.jar with timestamp 1765112745011
[2025-12-07T13:05:46.722+0000] {subprocess.py:93} INFO - 25/12/07 13:05:46 INFO SparkContext: Added JAR file:///home/***/.ivy2/jars/commons-logging_commons-logging-1.1.3.jar at spark://e61fdba10dc3:40555/jars/commons-logging_commons-logging-1.1.3.jar with timestamp 1765112745011
[2025-12-07T13:05:46.723+0000] {subprocess.py:93} INFO - 25/12/07 13:05:46 INFO SparkContext: Added file file:///home/***/.ivy2/jars/org.apache.hadoop_hadoop-aws-3.3.4.jar at spark://e61fdba10dc3:40555/files/org.apache.hadoop_hadoop-aws-3.3.4.jar with timestamp 1765112745011
[2025-12-07T13:05:46.725+0000] {subprocess.py:93} INFO - 25/12/07 13:05:46 INFO Utils: Copying /home/***/.ivy2/jars/org.apache.hadoop_hadoop-aws-3.3.4.jar to /tmp/spark-884713fd-a983-4c42-9663-df20ed82bd5c/userFiles-1afcebed-bce9-48f7-b886-5897404c0e82/org.apache.hadoop_hadoop-aws-3.3.4.jar
[2025-12-07T13:05:46.769+0000] {subprocess.py:93} INFO - 25/12/07 13:05:46 INFO SparkContext: Added file file:///home/***/.ivy2/jars/org.apache.spark_spark-sql-kafka-0-10_2.12-3.5.0.jar at spark://e61fdba10dc3:40555/files/org.apache.spark_spark-sql-kafka-0-10_2.12-3.5.0.jar with timestamp 1765112745011
[2025-12-07T13:05:46.770+0000] {subprocess.py:93} INFO - 25/12/07 13:05:46 INFO Utils: Copying /home/***/.ivy2/jars/org.apache.spark_spark-sql-kafka-0-10_2.12-3.5.0.jar to /tmp/spark-884713fd-a983-4c42-9663-df20ed82bd5c/userFiles-1afcebed-bce9-48f7-b886-5897404c0e82/org.apache.spark_spark-sql-kafka-0-10_2.12-3.5.0.jar
[2025-12-07T13:05:46.787+0000] {subprocess.py:93} INFO - 25/12/07 13:05:46 INFO SparkContext: Added file file:///home/***/.ivy2/jars/com.amazonaws_aws-java-sdk-bundle-1.12.262.jar at spark://e61fdba10dc3:40555/files/com.amazonaws_aws-java-sdk-bundle-1.12.262.jar with timestamp 1765112745011
[2025-12-07T13:05:46.788+0000] {subprocess.py:93} INFO - 25/12/07 13:05:46 INFO Utils: Copying /home/***/.ivy2/jars/com.amazonaws_aws-java-sdk-bundle-1.12.262.jar to /tmp/spark-884713fd-a983-4c42-9663-df20ed82bd5c/userFiles-1afcebed-bce9-48f7-b886-5897404c0e82/com.amazonaws_aws-java-sdk-bundle-1.12.262.jar
[2025-12-07T13:05:50.960+0000] {subprocess.py:93} INFO - 25/12/07 13:05:50 INFO SparkContext: Added file file:///home/***/.ivy2/jars/org.wildfly.openssl_wildfly-openssl-1.0.7.Final.jar at spark://e61fdba10dc3:40555/files/org.wildfly.openssl_wildfly-openssl-1.0.7.Final.jar with timestamp 1765112745011
[2025-12-07T13:05:50.974+0000] {subprocess.py:93} INFO - 25/12/07 13:05:50 INFO Utils: Copying /home/***/.ivy2/jars/org.wildfly.openssl_wildfly-openssl-1.0.7.Final.jar to /tmp/spark-884713fd-a983-4c42-9663-df20ed82bd5c/userFiles-1afcebed-bce9-48f7-b886-5897404c0e82/org.wildfly.openssl_wildfly-openssl-1.0.7.Final.jar
[2025-12-07T13:05:50.980+0000] {subprocess.py:93} INFO - 25/12/07 13:05:50 INFO SparkContext: Added file file:///home/***/.ivy2/jars/org.apache.spark_spark-token-provider-kafka-0-10_2.12-3.5.0.jar at spark://e61fdba10dc3:40555/files/org.apache.spark_spark-token-provider-kafka-0-10_2.12-3.5.0.jar with timestamp 1765112745011
[2025-12-07T13:05:50.981+0000] {subprocess.py:93} INFO - 25/12/07 13:05:50 INFO Utils: Copying /home/***/.ivy2/jars/org.apache.spark_spark-token-provider-kafka-0-10_2.12-3.5.0.jar to /tmp/spark-884713fd-a983-4c42-9663-df20ed82bd5c/userFiles-1afcebed-bce9-48f7-b886-5897404c0e82/org.apache.spark_spark-token-provider-kafka-0-10_2.12-3.5.0.jar
[2025-12-07T13:05:50.992+0000] {subprocess.py:93} INFO - 25/12/07 13:05:50 INFO SparkContext: Added file file:///home/***/.ivy2/jars/org.apache.kafka_kafka-clients-3.4.1.jar at spark://e61fdba10dc3:40555/files/org.apache.kafka_kafka-clients-3.4.1.jar with timestamp 1765112745011
[2025-12-07T13:05:50.994+0000] {subprocess.py:93} INFO - 25/12/07 13:05:50 INFO Utils: Copying /home/***/.ivy2/jars/org.apache.kafka_kafka-clients-3.4.1.jar to /tmp/spark-884713fd-a983-4c42-9663-df20ed82bd5c/userFiles-1afcebed-bce9-48f7-b886-5897404c0e82/org.apache.kafka_kafka-clients-3.4.1.jar
[2025-12-07T13:05:51.054+0000] {subprocess.py:93} INFO - 25/12/07 13:05:51 INFO SparkContext: Added file file:///home/***/.ivy2/jars/com.google.code.findbugs_jsr305-3.0.0.jar at spark://e61fdba10dc3:40555/files/com.google.code.findbugs_jsr305-3.0.0.jar with timestamp 1765112745011
[2025-12-07T13:05:51.055+0000] {subprocess.py:93} INFO - 25/12/07 13:05:51 INFO Utils: Copying /home/***/.ivy2/jars/com.google.code.findbugs_jsr305-3.0.0.jar to /tmp/spark-884713fd-a983-4c42-9663-df20ed82bd5c/userFiles-1afcebed-bce9-48f7-b886-5897404c0e82/com.google.code.findbugs_jsr305-3.0.0.jar
[2025-12-07T13:05:51.072+0000] {subprocess.py:93} INFO - 25/12/07 13:05:51 INFO SparkContext: Added file file:///home/***/.ivy2/jars/org.apache.commons_commons-pool2-2.11.1.jar at spark://e61fdba10dc3:40555/files/org.apache.commons_commons-pool2-2.11.1.jar with timestamp 1765112745011
[2025-12-07T13:05:51.074+0000] {subprocess.py:93} INFO - 25/12/07 13:05:51 INFO Utils: Copying /home/***/.ivy2/jars/org.apache.commons_commons-pool2-2.11.1.jar to /tmp/spark-884713fd-a983-4c42-9663-df20ed82bd5c/userFiles-1afcebed-bce9-48f7-b886-5897404c0e82/org.apache.commons_commons-pool2-2.11.1.jar
[2025-12-07T13:05:51.139+0000] {subprocess.py:93} INFO - 25/12/07 13:05:51 INFO SparkContext: Added file file:///home/***/.ivy2/jars/org.apache.hadoop_hadoop-client-runtime-3.3.4.jar at spark://e61fdba10dc3:40555/files/org.apache.hadoop_hadoop-client-runtime-3.3.4.jar with timestamp 1765112745011
[2025-12-07T13:05:51.140+0000] {subprocess.py:93} INFO - 25/12/07 13:05:51 INFO Utils: Copying /home/***/.ivy2/jars/org.apache.hadoop_hadoop-client-runtime-3.3.4.jar to /tmp/spark-884713fd-a983-4c42-9663-df20ed82bd5c/userFiles-1afcebed-bce9-48f7-b886-5897404c0e82/org.apache.hadoop_hadoop-client-runtime-3.3.4.jar
[2025-12-07T13:05:51.441+0000] {subprocess.py:93} INFO - 25/12/07 13:05:51 INFO SparkContext: Added file file:///home/***/.ivy2/jars/org.lz4_lz4-java-1.8.0.jar at spark://e61fdba10dc3:40555/files/org.lz4_lz4-java-1.8.0.jar with timestamp 1765112745011
[2025-12-07T13:05:51.446+0000] {subprocess.py:93} INFO - 25/12/07 13:05:51 INFO Utils: Copying /home/***/.ivy2/jars/org.lz4_lz4-java-1.8.0.jar to /tmp/spark-884713fd-a983-4c42-9663-df20ed82bd5c/userFiles-1afcebed-bce9-48f7-b886-5897404c0e82/org.lz4_lz4-java-1.8.0.jar
[2025-12-07T13:05:51.454+0000] {subprocess.py:93} INFO - 25/12/07 13:05:51 INFO SparkContext: Added file file:///home/***/.ivy2/jars/org.xerial.snappy_snappy-java-1.1.10.3.jar at spark://e61fdba10dc3:40555/files/org.xerial.snappy_snappy-java-1.1.10.3.jar with timestamp 1765112745011
[2025-12-07T13:05:51.456+0000] {subprocess.py:93} INFO - 25/12/07 13:05:51 INFO Utils: Copying /home/***/.ivy2/jars/org.xerial.snappy_snappy-java-1.1.10.3.jar to /tmp/spark-884713fd-a983-4c42-9663-df20ed82bd5c/userFiles-1afcebed-bce9-48f7-b886-5897404c0e82/org.xerial.snappy_snappy-java-1.1.10.3.jar
[2025-12-07T13:05:51.483+0000] {subprocess.py:93} INFO - 25/12/07 13:05:51 INFO SparkContext: Added file file:///home/***/.ivy2/jars/org.slf4j_slf4j-api-2.0.7.jar at spark://e61fdba10dc3:40555/files/org.slf4j_slf4j-api-2.0.7.jar with timestamp 1765112745011
[2025-12-07T13:05:51.484+0000] {subprocess.py:93} INFO - 25/12/07 13:05:51 INFO Utils: Copying /home/***/.ivy2/jars/org.slf4j_slf4j-api-2.0.7.jar to /tmp/spark-884713fd-a983-4c42-9663-df20ed82bd5c/userFiles-1afcebed-bce9-48f7-b886-5897404c0e82/org.slf4j_slf4j-api-2.0.7.jar
[2025-12-07T13:05:51.490+0000] {subprocess.py:93} INFO - 25/12/07 13:05:51 INFO SparkContext: Added file file:///home/***/.ivy2/jars/org.apache.hadoop_hadoop-client-api-3.3.4.jar at spark://e61fdba10dc3:40555/files/org.apache.hadoop_hadoop-client-api-3.3.4.jar with timestamp 1765112745011
[2025-12-07T13:05:51.491+0000] {subprocess.py:93} INFO - 25/12/07 13:05:51 INFO Utils: Copying /home/***/.ivy2/jars/org.apache.hadoop_hadoop-client-api-3.3.4.jar to /tmp/spark-884713fd-a983-4c42-9663-df20ed82bd5c/userFiles-1afcebed-bce9-48f7-b886-5897404c0e82/org.apache.hadoop_hadoop-client-api-3.3.4.jar
[2025-12-07T13:05:51.684+0000] {subprocess.py:93} INFO - 25/12/07 13:05:51 INFO SparkContext: Added file file:///home/***/.ivy2/jars/commons-logging_commons-logging-1.1.3.jar at spark://e61fdba10dc3:40555/files/commons-logging_commons-logging-1.1.3.jar with timestamp 1765112745011
[2025-12-07T13:05:51.685+0000] {subprocess.py:93} INFO - 25/12/07 13:05:51 INFO Utils: Copying /home/***/.ivy2/jars/commons-logging_commons-logging-1.1.3.jar to /tmp/spark-884713fd-a983-4c42-9663-df20ed82bd5c/userFiles-1afcebed-bce9-48f7-b886-5897404c0e82/commons-logging_commons-logging-1.1.3.jar
[2025-12-07T13:05:51.979+0000] {subprocess.py:93} INFO - 25/12/07 13:05:51 INFO StandaloneAppClient$ClientEndpoint: Connecting to master spark://spark-master:7077...
[2025-12-07T13:05:52.161+0000] {subprocess.py:93} INFO - 25/12/07 13:05:52 INFO TransportClientFactory: Successfully created connection to spark-master/172.20.0.4:7077 after 92 ms (0 ms spent in bootstraps)
[2025-12-07T13:05:53.723+0000] {subprocess.py:93} INFO - 25/12/07 13:05:53 INFO StandaloneSchedulerBackend: Connected to Spark cluster with app ID app-20251207130553-0000
[2025-12-07T13:05:53.749+0000] {subprocess.py:93} INFO - 25/12/07 13:05:53 INFO Utils: Successfully started service 'org.apache.spark.network.netty.NettyBlockTransferService' on port 34395.
[2025-12-07T13:05:53.755+0000] {subprocess.py:93} INFO - 25/12/07 13:05:53 INFO NettyBlockTransferService: Server created on e61fdba10dc3:34395
[2025-12-07T13:05:53.756+0000] {subprocess.py:93} INFO - 25/12/07 13:05:53 INFO BlockManager: Using org.apache.spark.storage.RandomBlockReplicationPolicy for block replication policy
[2025-12-07T13:05:53.774+0000] {subprocess.py:93} INFO - 25/12/07 13:05:53 INFO BlockManagerMaster: Registering BlockManager BlockManagerId(driver, e61fdba10dc3, 34395, None)
[2025-12-07T13:05:53.782+0000] {subprocess.py:93} INFO - 25/12/07 13:05:53 INFO BlockManagerMasterEndpoint: Registering block manager e61fdba10dc3:34395 with 434.4 MiB RAM, BlockManagerId(driver, e61fdba10dc3, 34395, None)
[2025-12-07T13:05:53.785+0000] {subprocess.py:93} INFO - 25/12/07 13:05:53 INFO BlockManagerMaster: Registered BlockManager BlockManagerId(driver, e61fdba10dc3, 34395, None)
[2025-12-07T13:05:53.788+0000] {subprocess.py:93} INFO - 25/12/07 13:05:53 INFO BlockManager: Initialized BlockManager: BlockManagerId(driver, e61fdba10dc3, 34395, None)
[2025-12-07T13:05:53.863+0000] {subprocess.py:93} INFO - 25/12/07 13:05:53 INFO StandaloneAppClient$ClientEndpoint: Executor added: app-20251207130553-0000/0 on worker-20251207130523-172.20.0.6-41237 (172.20.0.6:41237) with 2 core(s)
[2025-12-07T13:05:53.865+0000] {subprocess.py:93} INFO - 25/12/07 13:05:53 INFO StandaloneSchedulerBackend: Granted executor ID app-20251207130553-0000/0 on hostPort 172.20.0.6:41237 with 2 core(s), 1024.0 MiB RAM
[2025-12-07T13:05:54.420+0000] {subprocess.py:93} INFO - 25/12/07 13:05:54 INFO StandaloneSchedulerBackend: SchedulerBackend is ready for scheduling beginning after reached minRegisteredResourcesRatio: 0.0
[2025-12-07T13:05:55.212+0000] {subprocess.py:93} INFO - 📡 Kafka: kafka:29092
[2025-12-07T13:05:55.219+0000] {subprocess.py:93} INFO - 📥 Topic: processed-emails-topic
[2025-12-07T13:06:00.819+0000] {subprocess.py:93} INFO - 📂 Bronze: s3a://datalake/bronze/emails/
[2025-12-07T13:06:01.226+0000] {subprocess.py:93} INFO - 25/12/07 13:06:01 WARN MetricsConfig: Cannot locate configuration: tried hadoop-metrics2-s3a-file-system.properties,hadoop-metrics2.properties
[2025-12-07T13:06:03.067+0000] {subprocess.py:93} INFO - 25/12/07 13:06:03 WARN ResolveWriteToStream: spark.sql.adaptive.enabled is not supported in streaming DataFrames/Datasets and will be disabled.
[2025-12-07T13:06:03.842+0000] {subprocess.py:93} INFO - 📂 Silver: s3a://datalake/silver/email_stats/
[2025-12-07T13:06:03.978+0000] {subprocess.py:93} INFO - 25/12/07 13:06:03 WARN ResolveWriteToStream: spark.sql.adaptive.enabled is not supported in streaming DataFrames/Datasets and will be disabled.
[2025-12-07T13:06:04.121+0000] {subprocess.py:93} INFO - ✅ Streaming Bronze + Silver démarré!
[2025-12-07T13:06:04.123+0000] {subprocess.py:93} INFO - ⏳ En attente de messages Kafka...
[2025-12-07T13:06:08.237+0000] {subprocess.py:93} INFO - 25/12/07 13:06:08 WARN ClientUtils: Couldn't resolve server kafka:29092 from bootstrap.servers as DNS resolution failed for kafka
[2025-12-07T13:06:08.252+0000] {subprocess.py:93} INFO - 25/12/07 13:06:08 WARN KafkaOffsetReaderAdmin: Error in attempt 1 getting Kafka offsets:
[2025-12-07T13:06:08.255+0000] {subprocess.py:93} INFO - org.apache.kafka.common.KafkaException: Failed to create new KafkaAdminClient
[2025-12-07T13:06:08.257+0000] {subprocess.py:93} INFO - 	at org.apache.kafka.clients.admin.KafkaAdminClient.createInternal(KafkaAdminClient.java:551)
[2025-12-07T13:06:08.258+0000] {subprocess.py:93} INFO - 	at org.apache.kafka.clients.admin.Admin.create(Admin.java:144)
[2025-12-07T13:06:08.260+0000] {subprocess.py:93} INFO - 	at org.apache.spark.sql.kafka010.ConsumerStrategy.createAdmin(ConsumerStrategy.scala:50)
[2025-12-07T13:06:08.261+0000] {subprocess.py:93} INFO - 	at org.apache.spark.sql.kafka010.ConsumerStrategy.createAdmin$(ConsumerStrategy.scala:47)
[2025-12-07T13:06:08.262+0000] {subprocess.py:93} INFO - 	at org.apache.spark.sql.kafka010.SubscribeStrategy.createAdmin(ConsumerStrategy.scala:102)
[2025-12-07T13:06:08.262+0000] {subprocess.py:93} INFO - 	at org.apache.spark.sql.kafka010.KafkaOffsetReaderAdmin.admin(KafkaOffsetReaderAdmin.scala:70)
[2025-12-07T13:06:08.263+0000] {subprocess.py:93} INFO - 	at org.apache.spark.sql.kafka010.KafkaOffsetReaderAdmin.$anonfun$partitionsAssignedToAdmin$1(KafkaOffsetReaderAdmin.scala:499)
[2025-12-07T13:06:08.264+0000] {subprocess.py:93} INFO - 	at org.apache.spark.sql.kafka010.KafkaOffsetReaderAdmin.withRetries(KafkaOffsetReaderAdmin.scala:518)
[2025-12-07T13:06:08.264+0000] {subprocess.py:93} INFO - 	at org.apache.spark.sql.kafka010.KafkaOffsetReaderAdmin.partitionsAssignedToAdmin(KafkaOffsetReaderAdmin.scala:498)
[2025-12-07T13:06:08.265+0000] {subprocess.py:93} INFO - 	at org.apache.spark.sql.kafka010.KafkaOffsetReaderAdmin.fetchLatestOffsets(KafkaOffsetReaderAdmin.scala:297)
[2025-12-07T13:06:08.265+0000] {subprocess.py:93} INFO - 	at org.apache.spark.sql.kafka010.KafkaMicroBatchStream.latestOffset(KafkaMicroBatchStream.scala:130)
[2025-12-07T13:06:08.266+0000] {subprocess.py:93} INFO - 	at org.apache.spark.sql.execution.streaming.MicroBatchExecution.$anonfun$constructNextBatch$4(MicroBatchExecution.scala:491)
[2025-12-07T13:06:08.267+0000] {subprocess.py:93} INFO - 	at org.apache.spark.sql.execution.streaming.ProgressReporter.reportTimeTaken(ProgressReporter.scala:427)
[2025-12-07T13:06:08.267+0000] {subprocess.py:93} INFO - 	at org.apache.spark.sql.execution.streaming.ProgressReporter.reportTimeTaken$(ProgressReporter.scala:425)
[2025-12-07T13:06:08.269+0000] {subprocess.py:93} INFO - 	at org.apache.spark.sql.execution.streaming.StreamExecution.reportTimeTaken(StreamExecution.scala:67)
[2025-12-07T13:06:08.270+0000] {subprocess.py:93} INFO - 	at org.apache.spark.sql.execution.streaming.MicroBatchExecution.$anonfun$constructNextBatch$2(MicroBatchExecution.scala:490)
[2025-12-07T13:06:08.271+0000] {subprocess.py:93} INFO - 	at scala.collection.TraversableLike.$anonfun$map$1(TraversableLike.scala:286)
[2025-12-07T13:06:08.272+0000] {subprocess.py:93} INFO - 	at scala.collection.Iterator.foreach(Iterator.scala:943)
[2025-12-07T13:06:08.272+0000] {subprocess.py:93} INFO - 	at scala.collection.Iterator.foreach$(Iterator.scala:943)
[2025-12-07T13:06:08.273+0000] {subprocess.py:93} INFO - 	at scala.collection.AbstractIterator.foreach(Iterator.scala:1431)
[2025-12-07T13:06:08.273+0000] {subprocess.py:93} INFO - 	at scala.collection.IterableLike.foreach(IterableLike.scala:74)
[2025-12-07T13:06:08.274+0000] {subprocess.py:93} INFO - 	at scala.collection.IterableLike.foreach$(IterableLike.scala:73)
[2025-12-07T13:06:08.275+0000] {subprocess.py:93} INFO - 	at scala.collection.AbstractIterable.foreach(Iterable.scala:56)
[2025-12-07T13:06:08.277+0000] {subprocess.py:93} INFO - 	at scala.collection.TraversableLike.map(TraversableLike.scala:286)
[2025-12-07T13:06:08.278+0000] {subprocess.py:93} INFO - 	at scala.collection.TraversableLike.map$(TraversableLike.scala:279)
[2025-12-07T13:06:08.279+0000] {subprocess.py:93} INFO - 	at scala.collection.AbstractTraversable.map(Traversable.scala:108)
[2025-12-07T13:06:08.280+0000] {subprocess.py:93} INFO - 	at org.apache.spark.sql.execution.streaming.MicroBatchExecution.$anonfun$constructNextBatch$1(MicroBatchExecution.scala:479)
[2025-12-07T13:06:08.281+0000] {subprocess.py:93} INFO - 	at scala.runtime.java8.JFunction0$mcZ$sp.apply(JFunction0$mcZ$sp.java:23)
[2025-12-07T13:06:08.282+0000] {subprocess.py:93} INFO - 	at org.apache.spark.sql.execution.streaming.MicroBatchExecution.withProgressLocked(MicroBatchExecution.scala:810)
[2025-12-07T13:06:08.282+0000] {subprocess.py:93} INFO - 	at org.apache.spark.sql.execution.streaming.MicroBatchExecution.constructNextBatch(MicroBatchExecution.scala:475)
[2025-12-07T13:06:08.283+0000] {subprocess.py:93} INFO - 	at org.apache.spark.sql.execution.streaming.MicroBatchExecution.$anonfun$runActivatedStream$2(MicroBatchExecution.scala:268)
[2025-12-07T13:06:08.284+0000] {subprocess.py:93} INFO - 	at scala.runtime.java8.JFunction0$mcV$sp.apply(JFunction0$mcV$sp.java:23)
[2025-12-07T13:06:08.284+0000] {subprocess.py:93} INFO - 	at org.apache.spark.sql.execution.streaming.ProgressReporter.reportTimeTaken(ProgressReporter.scala:427)
[2025-12-07T13:06:08.285+0000] {subprocess.py:93} INFO - 	at org.apache.spark.sql.execution.streaming.ProgressReporter.reportTimeTaken$(ProgressReporter.scala:425)
[2025-12-07T13:06:08.286+0000] {subprocess.py:93} INFO - 	at org.apache.spark.sql.execution.streaming.StreamExecution.reportTimeTaken(StreamExecution.scala:67)
[2025-12-07T13:06:08.286+0000] {subprocess.py:93} INFO - 	at org.apache.spark.sql.execution.streaming.MicroBatchExecution.$anonfun$runActivatedStream$1(MicroBatchExecution.scala:249)
[2025-12-07T13:06:08.287+0000] {subprocess.py:93} INFO - 	at org.apache.spark.sql.execution.streaming.ProcessingTimeExecutor.execute(TriggerExecutor.scala:67)
[2025-12-07T13:06:08.288+0000] {subprocess.py:93} INFO - 	at org.apache.spark.sql.execution.streaming.MicroBatchExecution.runActivatedStream(MicroBatchExecution.scala:239)
[2025-12-07T13:06:08.289+0000] {subprocess.py:93} INFO - 	at org.apache.spark.sql.execution.streaming.StreamExecution.$anonfun$runStream$1(StreamExecution.scala:311)
[2025-12-07T13:06:08.290+0000] {subprocess.py:93} INFO - 	at scala.runtime.java8.JFunction0$mcV$sp.apply(JFunction0$mcV$sp.java:23)
[2025-12-07T13:06:08.290+0000] {subprocess.py:93} INFO - 	at org.apache.spark.sql.SparkSession.withActive(SparkSession.scala:900)
[2025-12-07T13:06:08.291+0000] {subprocess.py:93} INFO - 	at org.apache.spark.sql.execution.streaming.StreamExecution.org$apache$spark$sql$execution$streaming$StreamExecution$$runStream(StreamExecution.scala:289)
[2025-12-07T13:06:08.292+0000] {subprocess.py:93} INFO - 	at org.apache.spark.sql.execution.streaming.StreamExecution$$anon$1.$anonfun$run$1(StreamExecution.scala:211)
[2025-12-07T13:06:08.293+0000] {subprocess.py:93} INFO - 	at scala.runtime.java8.JFunction0$mcV$sp.apply(JFunction0$mcV$sp.java:23)
[2025-12-07T13:06:08.294+0000] {subprocess.py:93} INFO - 	at org.apache.spark.JobArtifactSet$.withActiveJobArtifactState(JobArtifactSet.scala:94)
[2025-12-07T13:06:08.295+0000] {subprocess.py:93} INFO - 	at org.apache.spark.sql.execution.streaming.StreamExecution$$anon$1.run(StreamExecution.scala:211)
[2025-12-07T13:06:08.296+0000] {subprocess.py:93} INFO - Caused by: org.apache.kafka.common.config.ConfigException: No resolvable bootstrap urls given in bootstrap.servers
[2025-12-07T13:06:08.297+0000] {subprocess.py:93} INFO - 	at org.apache.kafka.clients.ClientUtils.parseAndValidateAddresses(ClientUtils.java:89)
[2025-12-07T13:06:08.297+0000] {subprocess.py:93} INFO - 	at org.apache.kafka.clients.ClientUtils.parseAndValidateAddresses(ClientUtils.java:48)
[2025-12-07T13:06:08.298+0000] {subprocess.py:93} INFO - 	at org.apache.kafka.clients.admin.KafkaAdminClient.createInternal(KafkaAdminClient.java:508)
[2025-12-07T13:06:08.299+0000] {subprocess.py:93} INFO - 	... 45 more
[2025-12-07T13:06:09.256+0000] {subprocess.py:93} INFO - 25/12/07 13:06:09 WARN ClientUtils: Couldn't resolve server kafka:29092 from bootstrap.servers as DNS resolution failed for kafka
[2025-12-07T13:06:09.258+0000] {subprocess.py:93} INFO - 25/12/07 13:06:09 WARN KafkaOffsetReaderAdmin: Error in attempt 2 getting Kafka offsets:
[2025-12-07T13:06:09.258+0000] {subprocess.py:93} INFO - org.apache.kafka.common.KafkaException: Failed to create new KafkaAdminClient
[2025-12-07T13:06:09.259+0000] {subprocess.py:93} INFO - 	at org.apache.kafka.clients.admin.KafkaAdminClient.createInternal(KafkaAdminClient.java:551)
[2025-12-07T13:06:09.260+0000] {subprocess.py:93} INFO - 	at org.apache.kafka.clients.admin.Admin.create(Admin.java:144)
[2025-12-07T13:06:09.260+0000] {subprocess.py:93} INFO - 	at org.apache.spark.sql.kafka010.ConsumerStrategy.createAdmin(ConsumerStrategy.scala:50)
[2025-12-07T13:06:09.261+0000] {subprocess.py:93} INFO - 	at org.apache.spark.sql.kafka010.ConsumerStrategy.createAdmin$(ConsumerStrategy.scala:47)
[2025-12-07T13:06:09.261+0000] {subprocess.py:93} INFO - 	at org.apache.spark.sql.kafka010.SubscribeStrategy.createAdmin(ConsumerStrategy.scala:102)
[2025-12-07T13:06:09.262+0000] {subprocess.py:93} INFO - 	at org.apache.spark.sql.kafka010.KafkaOffsetReaderAdmin.admin(KafkaOffsetReaderAdmin.scala:70)
[2025-12-07T13:06:09.262+0000] {subprocess.py:93} INFO - 	at org.apache.spark.sql.kafka010.KafkaOffsetReaderAdmin.$anonfun$partitionsAssignedToAdmin$1(KafkaOffsetReaderAdmin.scala:499)
[2025-12-07T13:06:09.263+0000] {subprocess.py:93} INFO - 	at org.apache.spark.sql.kafka010.KafkaOffsetReaderAdmin.withRetries(KafkaOffsetReaderAdmin.scala:518)
[2025-12-07T13:06:09.264+0000] {subprocess.py:93} INFO - 	at org.apache.spark.sql.kafka010.KafkaOffsetReaderAdmin.partitionsAssignedToAdmin(KafkaOffsetReaderAdmin.scala:498)
[2025-12-07T13:06:09.265+0000] {subprocess.py:93} INFO - 	at org.apache.spark.sql.kafka010.KafkaOffsetReaderAdmin.fetchLatestOffsets(KafkaOffsetReaderAdmin.scala:297)
[2025-12-07T13:06:09.265+0000] {subprocess.py:93} INFO - 	at org.apache.spark.sql.kafka010.KafkaMicroBatchStream.latestOffset(KafkaMicroBatchStream.scala:130)
[2025-12-07T13:06:09.266+0000] {subprocess.py:93} INFO - 	at org.apache.spark.sql.execution.streaming.MicroBatchExecution.$anonfun$constructNextBatch$4(MicroBatchExecution.scala:491)
[2025-12-07T13:06:09.266+0000] {subprocess.py:93} INFO - 	at org.apache.spark.sql.execution.streaming.ProgressReporter.reportTimeTaken(ProgressReporter.scala:427)
[2025-12-07T13:06:09.267+0000] {subprocess.py:93} INFO - 	at org.apache.spark.sql.execution.streaming.ProgressReporter.reportTimeTaken$(ProgressReporter.scala:425)
[2025-12-07T13:06:09.269+0000] {subprocess.py:93} INFO - 	at org.apache.spark.sql.execution.streaming.StreamExecution.reportTimeTaken(StreamExecution.scala:67)
[2025-12-07T13:06:09.270+0000] {subprocess.py:93} INFO - 	at org.apache.spark.sql.execution.streaming.MicroBatchExecution.$anonfun$constructNextBatch$2(MicroBatchExecution.scala:490)
[2025-12-07T13:06:09.271+0000] {subprocess.py:93} INFO - 	at scala.collection.TraversableLike.$anonfun$map$1(TraversableLike.scala:286)
[2025-12-07T13:06:09.272+0000] {subprocess.py:93} INFO - 	at scala.collection.Iterator.foreach(Iterator.scala:943)
[2025-12-07T13:06:09.273+0000] {subprocess.py:93} INFO - 	at scala.collection.Iterator.foreach$(Iterator.scala:943)
[2025-12-07T13:06:09.274+0000] {subprocess.py:93} INFO - 	at scala.collection.AbstractIterator.foreach(Iterator.scala:1431)
[2025-12-07T13:06:09.275+0000] {subprocess.py:93} INFO - 	at scala.collection.IterableLike.foreach(IterableLike.scala:74)
[2025-12-07T13:06:09.276+0000] {subprocess.py:93} INFO - 	at scala.collection.IterableLike.foreach$(IterableLike.scala:73)
[2025-12-07T13:06:09.277+0000] {subprocess.py:93} INFO - 	at scala.collection.AbstractIterable.foreach(Iterable.scala:56)
[2025-12-07T13:06:09.279+0000] {subprocess.py:93} INFO - 	at scala.collection.TraversableLike.map(TraversableLike.scala:286)
[2025-12-07T13:06:09.280+0000] {subprocess.py:93} INFO - 	at scala.collection.TraversableLike.map$(TraversableLike.scala:279)
[2025-12-07T13:06:09.281+0000] {subprocess.py:93} INFO - 	at scala.collection.AbstractTraversable.map(Traversable.scala:108)
[2025-12-07T13:06:09.281+0000] {subprocess.py:93} INFO - 	at org.apache.spark.sql.execution.streaming.MicroBatchExecution.$anonfun$constructNextBatch$1(MicroBatchExecution.scala:479)
[2025-12-07T13:06:09.282+0000] {subprocess.py:93} INFO - 	at scala.runtime.java8.JFunction0$mcZ$sp.apply(JFunction0$mcZ$sp.java:23)
[2025-12-07T13:06:09.283+0000] {subprocess.py:93} INFO - 	at org.apache.spark.sql.execution.streaming.MicroBatchExecution.withProgressLocked(MicroBatchExecution.scala:810)
[2025-12-07T13:06:09.283+0000] {subprocess.py:93} INFO - 	at org.apache.spark.sql.execution.streaming.MicroBatchExecution.constructNextBatch(MicroBatchExecution.scala:475)
[2025-12-07T13:06:09.284+0000] {subprocess.py:93} INFO - 	at org.apache.spark.sql.execution.streaming.MicroBatchExecution.$anonfun$runActivatedStream$2(MicroBatchExecution.scala:268)
[2025-12-07T13:06:09.287+0000] {subprocess.py:93} INFO - 	at scala.runtime.java8.JFunction0$mcV$sp.apply(JFunction0$mcV$sp.java:23)
[2025-12-07T13:06:09.288+0000] {subprocess.py:93} INFO - 	at org.apache.spark.sql.execution.streaming.ProgressReporter.reportTimeTaken(ProgressReporter.scala:427)
[2025-12-07T13:06:09.289+0000] {subprocess.py:93} INFO - 	at org.apache.spark.sql.execution.streaming.ProgressReporter.reportTimeTaken$(ProgressReporter.scala:425)
[2025-12-07T13:06:09.290+0000] {subprocess.py:93} INFO - 	at org.apache.spark.sql.execution.streaming.StreamExecution.reportTimeTaken(StreamExecution.scala:67)
[2025-12-07T13:06:09.291+0000] {subprocess.py:93} INFO - 	at org.apache.spark.sql.execution.streaming.MicroBatchExecution.$anonfun$runActivatedStream$1(MicroBatchExecution.scala:249)
[2025-12-07T13:06:09.292+0000] {subprocess.py:93} INFO - 	at org.apache.spark.sql.execution.streaming.ProcessingTimeExecutor.execute(TriggerExecutor.scala:67)
[2025-12-07T13:06:09.293+0000] {subprocess.py:93} INFO - 	at org.apache.spark.sql.execution.streaming.MicroBatchExecution.runActivatedStream(MicroBatchExecution.scala:239)
[2025-12-07T13:06:09.294+0000] {subprocess.py:93} INFO - 	at org.apache.spark.sql.execution.streaming.StreamExecution.$anonfun$runStream$1(StreamExecution.scala:311)
[2025-12-07T13:06:09.296+0000] {subprocess.py:93} INFO - 	at scala.runtime.java8.JFunction0$mcV$sp.apply(JFunction0$mcV$sp.java:23)
[2025-12-07T13:06:09.296+0000] {subprocess.py:93} INFO - 	at org.apache.spark.sql.SparkSession.withActive(SparkSession.scala:900)
[2025-12-07T13:06:09.297+0000] {subprocess.py:93} INFO - 	at org.apache.spark.sql.execution.streaming.StreamExecution.org$apache$spark$sql$execution$streaming$StreamExecution$$runStream(StreamExecution.scala:289)
[2025-12-07T13:06:09.298+0000] {subprocess.py:93} INFO - 	at org.apache.spark.sql.execution.streaming.StreamExecution$$anon$1.$anonfun$run$1(StreamExecution.scala:211)
[2025-12-07T13:06:09.299+0000] {subprocess.py:93} INFO - 	at scala.runtime.java8.JFunction0$mcV$sp.apply(JFunction0$mcV$sp.java:23)
[2025-12-07T13:06:09.300+0000] {subprocess.py:93} INFO - 	at org.apache.spark.JobArtifactSet$.withActiveJobArtifactState(JobArtifactSet.scala:94)
[2025-12-07T13:06:09.300+0000] {subprocess.py:93} INFO - 	at org.apache.spark.sql.execution.streaming.StreamExecution$$anon$1.run(StreamExecution.scala:211)
[2025-12-07T13:06:09.301+0000] {subprocess.py:93} INFO - Caused by: org.apache.kafka.common.config.ConfigException: No resolvable bootstrap urls given in bootstrap.servers
[2025-12-07T13:06:09.302+0000] {subprocess.py:93} INFO - 	at org.apache.kafka.clients.ClientUtils.parseAndValidateAddresses(ClientUtils.java:89)
[2025-12-07T13:06:09.302+0000] {subprocess.py:93} INFO - 	at org.apache.kafka.clients.ClientUtils.parseAndValidateAddresses(ClientUtils.java:48)
[2025-12-07T13:06:09.303+0000] {subprocess.py:93} INFO - 	at org.apache.kafka.clients.admin.KafkaAdminClient.createInternal(KafkaAdminClient.java:508)
[2025-12-07T13:06:09.305+0000] {subprocess.py:93} INFO - 	... 45 more
[2025-12-07T13:06:10.262+0000] {subprocess.py:93} INFO - 25/12/07 13:06:10 WARN ClientUtils: Couldn't resolve server kafka:29092 from bootstrap.servers as DNS resolution failed for kafka
[2025-12-07T13:06:10.265+0000] {subprocess.py:93} INFO - 25/12/07 13:06:10 WARN KafkaOffsetReaderAdmin: Error in attempt 3 getting Kafka offsets:
[2025-12-07T13:06:10.267+0000] {subprocess.py:93} INFO - org.apache.kafka.common.KafkaException: Failed to create new KafkaAdminClient
[2025-12-07T13:06:10.268+0000] {subprocess.py:93} INFO - 	at org.apache.kafka.clients.admin.KafkaAdminClient.createInternal(KafkaAdminClient.java:551)
[2025-12-07T13:06:10.269+0000] {subprocess.py:93} INFO - 	at org.apache.kafka.clients.admin.Admin.create(Admin.java:144)
[2025-12-07T13:06:10.270+0000] {subprocess.py:93} INFO - 	at org.apache.spark.sql.kafka010.ConsumerStrategy.createAdmin(ConsumerStrategy.scala:50)
[2025-12-07T13:06:10.271+0000] {subprocess.py:93} INFO - 	at org.apache.spark.sql.kafka010.ConsumerStrategy.createAdmin$(ConsumerStrategy.scala:47)
[2025-12-07T13:06:10.272+0000] {subprocess.py:93} INFO - 	at org.apache.spark.sql.kafka010.SubscribeStrategy.createAdmin(ConsumerStrategy.scala:102)
[2025-12-07T13:06:10.274+0000] {subprocess.py:93} INFO - 	at org.apache.spark.sql.kafka010.KafkaOffsetReaderAdmin.admin(KafkaOffsetReaderAdmin.scala:70)
[2025-12-07T13:06:10.275+0000] {subprocess.py:93} INFO - 	at org.apache.spark.sql.kafka010.KafkaOffsetReaderAdmin.$anonfun$partitionsAssignedToAdmin$1(KafkaOffsetReaderAdmin.scala:499)
[2025-12-07T13:06:10.276+0000] {subprocess.py:93} INFO - 	at org.apache.spark.sql.kafka010.KafkaOffsetReaderAdmin.withRetries(KafkaOffsetReaderAdmin.scala:518)
[2025-12-07T13:06:10.276+0000] {subprocess.py:93} INFO - 	at org.apache.spark.sql.kafka010.KafkaOffsetReaderAdmin.partitionsAssignedToAdmin(KafkaOffsetReaderAdmin.scala:498)
[2025-12-07T13:06:10.278+0000] {subprocess.py:93} INFO - 	at org.apache.spark.sql.kafka010.KafkaOffsetReaderAdmin.fetchLatestOffsets(KafkaOffsetReaderAdmin.scala:297)
[2025-12-07T13:06:10.279+0000] {subprocess.py:93} INFO - 	at org.apache.spark.sql.kafka010.KafkaMicroBatchStream.latestOffset(KafkaMicroBatchStream.scala:130)
[2025-12-07T13:06:10.281+0000] {subprocess.py:93} INFO - 	at org.apache.spark.sql.execution.streaming.MicroBatchExecution.$anonfun$constructNextBatch$4(MicroBatchExecution.scala:491)
[2025-12-07T13:06:10.284+0000] {subprocess.py:93} INFO - 	at org.apache.spark.sql.execution.streaming.ProgressReporter.reportTimeTaken(ProgressReporter.scala:427)
[2025-12-07T13:06:10.285+0000] {subprocess.py:93} INFO - 	at org.apache.spark.sql.execution.streaming.ProgressReporter.reportTimeTaken$(ProgressReporter.scala:425)
[2025-12-07T13:06:10.287+0000] {subprocess.py:93} INFO - 	at org.apache.spark.sql.execution.streaming.StreamExecution.reportTimeTaken(StreamExecution.scala:67)
[2025-12-07T13:06:10.289+0000] {subprocess.py:93} INFO - 	at org.apache.spark.sql.execution.streaming.MicroBatchExecution.$anonfun$constructNextBatch$2(MicroBatchExecution.scala:490)
[2025-12-07T13:06:10.291+0000] {subprocess.py:93} INFO - 	at scala.collection.TraversableLike.$anonfun$map$1(TraversableLike.scala:286)
[2025-12-07T13:06:10.292+0000] {subprocess.py:93} INFO - 	at scala.collection.Iterator.foreach(Iterator.scala:943)
[2025-12-07T13:06:10.293+0000] {subprocess.py:93} INFO - 	at scala.collection.Iterator.foreach$(Iterator.scala:943)
[2025-12-07T13:06:10.294+0000] {subprocess.py:93} INFO - 	at scala.collection.AbstractIterator.foreach(Iterator.scala:1431)
[2025-12-07T13:06:10.295+0000] {subprocess.py:93} INFO - 	at scala.collection.IterableLike.foreach(IterableLike.scala:74)
[2025-12-07T13:06:10.297+0000] {subprocess.py:93} INFO - 	at scala.collection.IterableLike.foreach$(IterableLike.scala:73)
[2025-12-07T13:06:10.300+0000] {subprocess.py:93} INFO - 	at scala.collection.AbstractIterable.foreach(Iterable.scala:56)
[2025-12-07T13:06:10.304+0000] {subprocess.py:93} INFO - 	at scala.collection.TraversableLike.map(TraversableLike.scala:286)
[2025-12-07T13:06:10.305+0000] {subprocess.py:93} INFO - 	at scala.collection.TraversableLike.map$(TraversableLike.scala:279)
[2025-12-07T13:06:10.306+0000] {subprocess.py:93} INFO - 	at scala.collection.AbstractTraversable.map(Traversable.scala:108)
[2025-12-07T13:06:10.308+0000] {subprocess.py:93} INFO - 	at org.apache.spark.sql.execution.streaming.MicroBatchExecution.$anonfun$constructNextBatch$1(MicroBatchExecution.scala:479)
[2025-12-07T13:06:10.309+0000] {subprocess.py:93} INFO - 	at scala.runtime.java8.JFunction0$mcZ$sp.apply(JFunction0$mcZ$sp.java:23)
[2025-12-07T13:06:10.310+0000] {subprocess.py:93} INFO - 	at org.apache.spark.sql.execution.streaming.MicroBatchExecution.withProgressLocked(MicroBatchExecution.scala:810)
[2025-12-07T13:06:10.310+0000] {subprocess.py:93} INFO - 	at org.apache.spark.sql.execution.streaming.MicroBatchExecution.constructNextBatch(MicroBatchExecution.scala:475)
[2025-12-07T13:06:10.312+0000] {subprocess.py:93} INFO - 	at org.apache.spark.sql.execution.streaming.MicroBatchExecution.$anonfun$runActivatedStream$2(MicroBatchExecution.scala:268)
[2025-12-07T13:06:10.313+0000] {subprocess.py:93} INFO - 	at scala.runtime.java8.JFunction0$mcV$sp.apply(JFunction0$mcV$sp.java:23)
[2025-12-07T13:06:10.314+0000] {subprocess.py:93} INFO - 	at org.apache.spark.sql.execution.streaming.ProgressReporter.reportTimeTaken(ProgressReporter.scala:427)
[2025-12-07T13:06:10.315+0000] {subprocess.py:93} INFO - 	at org.apache.spark.sql.execution.streaming.ProgressReporter.reportTimeTaken$(ProgressReporter.scala:425)
[2025-12-07T13:06:10.316+0000] {subprocess.py:93} INFO - 	at org.apache.spark.sql.execution.streaming.StreamExecution.reportTimeTaken(StreamExecution.scala:67)
[2025-12-07T13:06:10.318+0000] {subprocess.py:93} INFO - 	at org.apache.spark.sql.execution.streaming.MicroBatchExecution.$anonfun$runActivatedStream$1(MicroBatchExecution.scala:249)
[2025-12-07T13:06:10.319+0000] {subprocess.py:93} INFO - 	at org.apache.spark.sql.execution.streaming.ProcessingTimeExecutor.execute(TriggerExecutor.scala:67)
[2025-12-07T13:06:10.320+0000] {subprocess.py:93} INFO - 	at org.apache.spark.sql.execution.streaming.MicroBatchExecution.runActivatedStream(MicroBatchExecution.scala:239)
[2025-12-07T13:06:10.321+0000] {subprocess.py:93} INFO - 	at org.apache.spark.sql.execution.streaming.StreamExecution.$anonfun$runStream$1(StreamExecution.scala:311)
[2025-12-07T13:06:10.321+0000] {subprocess.py:93} INFO - 	at scala.runtime.java8.JFunction0$mcV$sp.apply(JFunction0$mcV$sp.java:23)
[2025-12-07T13:06:10.322+0000] {subprocess.py:93} INFO - 	at org.apache.spark.sql.SparkSession.withActive(SparkSession.scala:900)
[2025-12-07T13:06:10.323+0000] {subprocess.py:93} INFO - 	at org.apache.spark.sql.execution.streaming.StreamExecution.org$apache$spark$sql$execution$streaming$StreamExecution$$runStream(StreamExecution.scala:289)
[2025-12-07T13:06:10.325+0000] {subprocess.py:93} INFO - 	at org.apache.spark.sql.execution.streaming.StreamExecution$$anon$1.$anonfun$run$1(StreamExecution.scala:211)
[2025-12-07T13:06:10.326+0000] {subprocess.py:93} INFO - 	at scala.runtime.java8.JFunction0$mcV$sp.apply(JFunction0$mcV$sp.java:23)
[2025-12-07T13:06:10.327+0000] {subprocess.py:93} INFO - 	at org.apache.spark.JobArtifactSet$.withActiveJobArtifactState(JobArtifactSet.scala:94)
[2025-12-07T13:06:10.328+0000] {subprocess.py:93} INFO - 	at org.apache.spark.sql.execution.streaming.StreamExecution$$anon$1.run(StreamExecution.scala:211)
[2025-12-07T13:06:10.329+0000] {subprocess.py:93} INFO - Caused by: org.apache.kafka.common.config.ConfigException: No resolvable bootstrap urls given in bootstrap.servers
[2025-12-07T13:06:10.329+0000] {subprocess.py:93} INFO - 	at org.apache.kafka.clients.ClientUtils.parseAndValidateAddresses(ClientUtils.java:89)
[2025-12-07T13:06:10.330+0000] {subprocess.py:93} INFO - 	at org.apache.kafka.clients.ClientUtils.parseAndValidateAddresses(ClientUtils.java:48)
[2025-12-07T13:06:10.331+0000] {subprocess.py:93} INFO - 	at org.apache.kafka.clients.admin.KafkaAdminClient.createInternal(KafkaAdminClient.java:508)
[2025-12-07T13:06:10.332+0000] {subprocess.py:93} INFO - 	... 45 more
[2025-12-07T13:06:11.504+0000] {subprocess.py:93} INFO - 25/12/07 13:06:11 ERROR MicroBatchExecution: Query [id = 738c74c7-54b4-43e8-ae8c-d2738315fa3b, runId = 6a74d75f-c671-437d-acaa-38357eb9c397] terminated with error
[2025-12-07T13:06:11.506+0000] {subprocess.py:93} INFO - org.apache.kafka.common.KafkaException: Failed to create new KafkaAdminClient
[2025-12-07T13:06:11.507+0000] {subprocess.py:93} INFO - 	at org.apache.kafka.clients.admin.KafkaAdminClient.createInternal(KafkaAdminClient.java:551)
[2025-12-07T13:06:11.508+0000] {subprocess.py:93} INFO - 	at org.apache.kafka.clients.admin.Admin.create(Admin.java:144)
[2025-12-07T13:06:11.509+0000] {subprocess.py:93} INFO - 	at org.apache.spark.sql.kafka010.ConsumerStrategy.createAdmin(ConsumerStrategy.scala:50)
[2025-12-07T13:06:11.509+0000] {subprocess.py:93} INFO - 	at org.apache.spark.sql.kafka010.ConsumerStrategy.createAdmin$(ConsumerStrategy.scala:47)
[2025-12-07T13:06:11.510+0000] {subprocess.py:93} INFO - 	at org.apache.spark.sql.kafka010.SubscribeStrategy.createAdmin(ConsumerStrategy.scala:102)
[2025-12-07T13:06:11.510+0000] {subprocess.py:93} INFO - 	at org.apache.spark.sql.kafka010.KafkaOffsetReaderAdmin.admin(KafkaOffsetReaderAdmin.scala:70)
[2025-12-07T13:06:11.511+0000] {subprocess.py:93} INFO - 	at org.apache.spark.sql.kafka010.KafkaOffsetReaderAdmin.$anonfun$partitionsAssignedToAdmin$1(KafkaOffsetReaderAdmin.scala:499)
[2025-12-07T13:06:11.512+0000] {subprocess.py:93} INFO - 	at org.apache.spark.sql.kafka010.KafkaOffsetReaderAdmin.withRetries(KafkaOffsetReaderAdmin.scala:518)
[2025-12-07T13:06:11.513+0000] {subprocess.py:93} INFO - 	at org.apache.spark.sql.kafka010.KafkaOffsetReaderAdmin.partitionsAssignedToAdmin(KafkaOffsetReaderAdmin.scala:498)
[2025-12-07T13:06:11.514+0000] {subprocess.py:93} INFO - 	at org.apache.spark.sql.kafka010.KafkaOffsetReaderAdmin.fetchLatestOffsets(KafkaOffsetReaderAdmin.scala:297)
[2025-12-07T13:06:11.515+0000] {subprocess.py:93} INFO - 	at org.apache.spark.sql.kafka010.KafkaMicroBatchStream.latestOffset(KafkaMicroBatchStream.scala:130)
[2025-12-07T13:06:11.516+0000] {subprocess.py:93} INFO - 	at org.apache.spark.sql.execution.streaming.MicroBatchExecution.$anonfun$constructNextBatch$4(MicroBatchExecution.scala:491)
[2025-12-07T13:06:11.517+0000] {subprocess.py:93} INFO - 	at org.apache.spark.sql.execution.streaming.ProgressReporter.reportTimeTaken(ProgressReporter.scala:427)
[2025-12-07T13:06:11.517+0000] {subprocess.py:93} INFO - 	at org.apache.spark.sql.execution.streaming.ProgressReporter.reportTimeTaken$(ProgressReporter.scala:425)
[2025-12-07T13:06:11.518+0000] {subprocess.py:93} INFO - 	at org.apache.spark.sql.execution.streaming.StreamExecution.reportTimeTaken(StreamExecution.scala:67)
[2025-12-07T13:06:11.582+0000] {subprocess.py:93} INFO - 	at org.apache.spark.sql.execution.streaming.MicroBatchExecution.$anonfun$constructNextBatch$2(MicroBatchExecution.scala:490)
[2025-12-07T13:06:11.582+0000] {subprocess.py:93} INFO - 	at scala.collection.TraversableLike.$anonfun$map$1(TraversableLike.scala:286)
[2025-12-07T13:06:11.583+0000] {subprocess.py:93} INFO - 	at scala.collection.Iterator.foreach(Iterator.scala:943)
[2025-12-07T13:06:11.583+0000] {subprocess.py:93} INFO - 	at scala.collection.Iterator.foreach$(Iterator.scala:943)
[2025-12-07T13:06:11.583+0000] {subprocess.py:93} INFO - 	at scala.collection.AbstractIterator.foreach(Iterator.scala:1431)
[2025-12-07T13:06:11.584+0000] {subprocess.py:93} INFO - 	at scala.collection.IterableLike.foreach(IterableLike.scala:74)
[2025-12-07T13:06:11.584+0000] {subprocess.py:93} INFO - 	at scala.collection.IterableLike.foreach$(IterableLike.scala:73)
[2025-12-07T13:06:11.585+0000] {subprocess.py:93} INFO - 	at scala.collection.AbstractIterable.foreach(Iterable.scala:56)
[2025-12-07T13:06:11.585+0000] {subprocess.py:93} INFO - 	at scala.collection.TraversableLike.map(TraversableLike.scala:286)
[2025-12-07T13:06:11.585+0000] {subprocess.py:93} INFO - 	at scala.collection.TraversableLike.map$(TraversableLike.scala:279)
[2025-12-07T13:06:11.586+0000] {subprocess.py:93} INFO - 	at scala.collection.AbstractTraversable.map(Traversable.scala:108)
[2025-12-07T13:06:11.586+0000] {subprocess.py:93} INFO - 	at org.apache.spark.sql.execution.streaming.MicroBatchExecution.$anonfun$constructNextBatch$1(MicroBatchExecution.scala:479)
[2025-12-07T13:06:11.587+0000] {subprocess.py:93} INFO - 	at scala.runtime.java8.JFunction0$mcZ$sp.apply(JFunction0$mcZ$sp.java:23)
[2025-12-07T13:06:11.587+0000] {subprocess.py:93} INFO - 	at org.apache.spark.sql.execution.streaming.MicroBatchExecution.withProgressLocked(MicroBatchExecution.scala:810)
[2025-12-07T13:06:11.587+0000] {subprocess.py:93} INFO - 	at org.apache.spark.sql.execution.streaming.MicroBatchExecution.constructNextBatch(MicroBatchExecution.scala:475)
[2025-12-07T13:06:11.588+0000] {subprocess.py:93} INFO - 	at org.apache.spark.sql.execution.streaming.MicroBatchExecution.$anonfun$runActivatedStream$2(MicroBatchExecution.scala:268)
[2025-12-07T13:06:11.588+0000] {subprocess.py:93} INFO - 	at scala.runtime.java8.JFunction0$mcV$sp.apply(JFunction0$mcV$sp.java:23)
[2025-12-07T13:06:11.589+0000] {subprocess.py:93} INFO - 	at org.apache.spark.sql.execution.streaming.ProgressReporter.reportTimeTaken(ProgressReporter.scala:427)
[2025-12-07T13:06:11.589+0000] {subprocess.py:93} INFO - 	at org.apache.spark.sql.execution.streaming.ProgressReporter.reportTimeTaken$(ProgressReporter.scala:425)
[2025-12-07T13:06:11.590+0000] {subprocess.py:93} INFO - 	at org.apache.spark.sql.execution.streaming.StreamExecution.reportTimeTaken(StreamExecution.scala:67)
[2025-12-07T13:06:11.590+0000] {subprocess.py:93} INFO - 	at org.apache.spark.sql.execution.streaming.MicroBatchExecution.$anonfun$runActivatedStream$1(MicroBatchExecution.scala:249)
[2025-12-07T13:06:11.591+0000] {subprocess.py:93} INFO - 	at org.apache.spark.sql.execution.streaming.ProcessingTimeExecutor.execute(TriggerExecutor.scala:67)
[2025-12-07T13:06:11.591+0000] {subprocess.py:93} INFO - 	at org.apache.spark.sql.execution.streaming.MicroBatchExecution.runActivatedStream(MicroBatchExecution.scala:239)
[2025-12-07T13:06:11.591+0000] {subprocess.py:93} INFO - 	at org.apache.spark.sql.execution.streaming.StreamExecution.$anonfun$runStream$1(StreamExecution.scala:311)
[2025-12-07T13:06:11.592+0000] {subprocess.py:93} INFO - 	at scala.runtime.java8.JFunction0$mcV$sp.apply(JFunction0$mcV$sp.java:23)
[2025-12-07T13:06:11.592+0000] {subprocess.py:93} INFO - 	at org.apache.spark.sql.SparkSession.withActive(SparkSession.scala:900)
[2025-12-07T13:06:11.593+0000] {subprocess.py:93} INFO - 	at org.apache.spark.sql.execution.streaming.StreamExecution.org$apache$spark$sql$execution$streaming$StreamExecution$$runStream(StreamExecution.scala:289)
[2025-12-07T13:06:11.593+0000] {subprocess.py:93} INFO - 	at org.apache.spark.sql.execution.streaming.StreamExecution$$anon$1.$anonfun$run$1(StreamExecution.scala:211)
[2025-12-07T13:06:11.594+0000] {subprocess.py:93} INFO - 	at scala.runtime.java8.JFunction0$mcV$sp.apply(JFunction0$mcV$sp.java:23)
[2025-12-07T13:06:11.594+0000] {subprocess.py:93} INFO - 	at org.apache.spark.JobArtifactSet$.withActiveJobArtifactState(JobArtifactSet.scala:94)
[2025-12-07T13:06:11.595+0000] {subprocess.py:93} INFO - 	at org.apache.spark.sql.execution.streaming.StreamExecution$$anon$1.run(StreamExecution.scala:211)
[2025-12-07T13:06:11.595+0000] {subprocess.py:93} INFO - Caused by: org.apache.kafka.common.config.ConfigException: No resolvable bootstrap urls given in bootstrap.servers
[2025-12-07T13:06:11.596+0000] {subprocess.py:93} INFO - 	at org.apache.kafka.clients.ClientUtils.parseAndValidateAddresses(ClientUtils.java:89)
[2025-12-07T13:06:11.597+0000] {subprocess.py:93} INFO - 	at org.apache.kafka.clients.ClientUtils.parseAndValidateAddresses(ClientUtils.java:48)
[2025-12-07T13:06:11.597+0000] {subprocess.py:93} INFO - 	at org.apache.kafka.clients.admin.KafkaAdminClient.createInternal(KafkaAdminClient.java:508)
[2025-12-07T13:06:11.598+0000] {subprocess.py:93} INFO - 	... 45 more
[2025-12-07T13:06:11.773+0000] {subprocess.py:93} INFO - Traceback (most recent call last):
[2025-12-07T13:06:11.774+0000] {subprocess.py:93} INFO -   File "/opt/spark/jobs/email_processor.py", line 175, in <module>
[2025-12-07T13:06:11.786+0000] {subprocess.py:93} INFO -     main()
[2025-12-07T13:06:11.787+0000] {subprocess.py:93} INFO -   File "/opt/spark/jobs/email_processor.py", line 171, in main
[2025-12-07T13:06:11.789+0000] {subprocess.py:93} INFO -     spark.streams.awaitAnyTermination()
[2025-12-07T13:06:11.790+0000] {subprocess.py:93} INFO -   File "/opt/spark/python/lib/pyspark.zip/pyspark/sql/streaming/query.py", line 596, in awaitAnyTermination
[2025-12-07T13:06:11.797+0000] {subprocess.py:93} INFO -   File "/opt/spark/python/lib/py4j-0.10.9.7-src.zip/py4j/java_gateway.py", line 1322, in __call__
[2025-12-07T13:06:11.798+0000] {subprocess.py:93} INFO -   File "/opt/spark/python/lib/pyspark.zip/pyspark/errors/exceptions/captured.py", line 185, in deco
[2025-12-07T13:06:11.814+0000] {subprocess.py:93} INFO - pyspark.errors.exceptions.captured.StreamingQueryException: [STREAM_FAILED] Query [id = 738c74c7-54b4-43e8-ae8c-d2738315fa3b, runId = 6a74d75f-c671-437d-acaa-38357eb9c397] terminated with exception: Failed to create new KafkaAdminClient
[2025-12-07T13:06:13.130+0000] {subprocess.py:93} INFO - 25/12/07 13:06:13 ERROR FileFormatWriter: Aborting job 00e5e352-9cae-4832-973e-fe07ea29dbc1.
[2025-12-07T13:06:13.132+0000] {subprocess.py:93} INFO - org.apache.spark.SparkException: Job 0 cancelled because SparkContext was shut down
[2025-12-07T13:06:13.134+0000] {subprocess.py:93} INFO - 	at org.apache.spark.scheduler.DAGScheduler.$anonfun$cleanUpAfterSchedulerStop$1(DAGScheduler.scala:1248)
[2025-12-07T13:06:13.136+0000] {subprocess.py:93} INFO - 	at org.apache.spark.scheduler.DAGScheduler.$anonfun$cleanUpAfterSchedulerStop$1$adapted(DAGScheduler.scala:1246)
[2025-12-07T13:06:13.147+0000] {subprocess.py:93} INFO - 	at scala.collection.mutable.HashSet.foreach(HashSet.scala:79)
[2025-12-07T13:06:13.149+0000] {subprocess.py:93} INFO - 	at org.apache.spark.scheduler.DAGScheduler.cleanUpAfterSchedulerStop(DAGScheduler.scala:1246)
[2025-12-07T13:06:13.151+0000] {subprocess.py:93} INFO - 	at org.apache.spark.scheduler.DAGSchedulerEventProcessLoop.onStop(DAGScheduler.scala:3075)
[2025-12-07T13:06:13.155+0000] {subprocess.py:93} INFO - 	at org.apache.spark.util.EventLoop.stop(EventLoop.scala:84)
[2025-12-07T13:06:13.156+0000] {subprocess.py:93} INFO - 	at org.apache.spark.scheduler.DAGScheduler.$anonfun$stop$3(DAGScheduler.scala:2961)
[2025-12-07T13:06:13.160+0000] {subprocess.py:93} INFO - 	at org.apache.spark.util.Utils$.tryLogNonFatalError(Utils.scala:1375)
[2025-12-07T13:06:13.161+0000] {subprocess.py:93} INFO - 	at org.apache.spark.scheduler.DAGScheduler.stop(DAGScheduler.scala:2961)
[2025-12-07T13:06:13.164+0000] {subprocess.py:93} INFO - 	at org.apache.spark.SparkContext.$anonfun$stop$12(SparkContext.scala:2263)
[2025-12-07T13:06:13.166+0000] {subprocess.py:93} INFO - 	at org.apache.spark.util.Utils$.tryLogNonFatalError(Utils.scala:1375)
[2025-12-07T13:06:13.168+0000] {subprocess.py:93} INFO - 	at org.apache.spark.SparkContext.stop(SparkContext.scala:2263)
[2025-12-07T13:06:13.171+0000] {subprocess.py:93} INFO - 	at org.apache.spark.SparkContext.stop(SparkContext.scala:2216)
[2025-12-07T13:06:13.173+0000] {subprocess.py:93} INFO - 	at org.apache.spark.SparkContext.$anonfun$new$34(SparkContext.scala:686)
[2025-12-07T13:06:13.175+0000] {subprocess.py:93} INFO - 	at org.apache.spark.util.SparkShutdownHook.run(ShutdownHookManager.scala:214)
[2025-12-07T13:06:13.179+0000] {subprocess.py:93} INFO - 	at org.apache.spark.util.SparkShutdownHookManager.$anonfun$runAll$2(ShutdownHookManager.scala:188)
[2025-12-07T13:06:13.190+0000] {subprocess.py:93} INFO - 	at scala.runtime.java8.JFunction0$mcV$sp.apply(JFunction0$mcV$sp.java:23)
[2025-12-07T13:06:13.199+0000] {subprocess.py:93} INFO - 	at org.apache.spark.util.Utils$.logUncaughtExceptions(Utils.scala:1928)
[2025-12-07T13:06:13.202+0000] {subprocess.py:93} INFO - 	at org.apache.spark.util.SparkShutdownHookManager.$anonfun$runAll$1(ShutdownHookManager.scala:188)
[2025-12-07T13:06:13.204+0000] {subprocess.py:93} INFO - 	at scala.runtime.java8.JFunction0$mcV$sp.apply(JFunction0$mcV$sp.java:23)
[2025-12-07T13:06:13.207+0000] {subprocess.py:93} INFO - 	at scala.util.Try$.apply(Try.scala:213)
[2025-12-07T13:06:13.210+0000] {subprocess.py:93} INFO - 	at org.apache.spark.util.SparkShutdownHookManager.runAll(ShutdownHookManager.scala:188)
[2025-12-07T13:06:13.212+0000] {subprocess.py:93} INFO - 	at org.apache.spark.util.SparkShutdownHookManager$$anon$2.run(ShutdownHookManager.scala:178)
[2025-12-07T13:06:13.213+0000] {subprocess.py:93} INFO - 	at java.base/java.util.concurrent.Executors$RunnableAdapter.call(Executors.java:539)
[2025-12-07T13:06:13.214+0000] {subprocess.py:93} INFO - 	at java.base/java.util.concurrent.FutureTask.run(FutureTask.java:264)
[2025-12-07T13:06:13.219+0000] {subprocess.py:93} INFO - 	at java.base/java.util.concurrent.ThreadPoolExecutor.runWorker(ThreadPoolExecutor.java:1136)
[2025-12-07T13:06:13.224+0000] {subprocess.py:93} INFO - 	at java.base/java.util.concurrent.ThreadPoolExecutor$Worker.run(ThreadPoolExecutor.java:635)
[2025-12-07T13:06:13.225+0000] {subprocess.py:93} INFO - 	at java.base/java.lang.Thread.run(Thread.java:840)
[2025-12-07T13:06:13.227+0000] {subprocess.py:93} INFO - 	at org.apache.spark.scheduler.DAGScheduler.runJob(DAGScheduler.scala:984)
[2025-12-07T13:06:13.228+0000] {subprocess.py:93} INFO - 	at org.apache.spark.SparkContext.runJob(SparkContext.scala:2398)
[2025-12-07T13:06:13.229+0000] {subprocess.py:93} INFO - 	at org.apache.spark.sql.execution.datasources.FileFormatWriter$.$anonfun$executeWrite$1(FileFormatWriter.scala:241)
[2025-12-07T13:06:13.230+0000] {subprocess.py:93} INFO - 	at org.apache.spark.sql.execution.datasources.FileFormatWriter$.writeAndCommit(FileFormatWriter.scala:271)
[2025-12-07T13:06:13.230+0000] {subprocess.py:93} INFO - 	at org.apache.spark.sql.execution.datasources.FileFormatWriter$.executeWrite(FileFormatWriter.scala:212)
[2025-12-07T13:06:13.231+0000] {subprocess.py:93} INFO - 	at org.apache.spark.sql.execution.datasources.FileFormatWriter$.write(FileFormatWriter.scala:193)
[2025-12-07T13:06:13.231+0000] {subprocess.py:93} INFO - 	at org.apache.spark.sql.execution.streaming.FileStreamSink.addBatch(FileStreamSink.scala:171)
[2025-12-07T13:06:13.232+0000] {subprocess.py:93} INFO - 	at org.apache.spark.sql.execution.streaming.MicroBatchExecution.$anonfun$runBatch$17(MicroBatchExecution.scala:732)
[2025-12-07T13:06:13.233+0000] {subprocess.py:93} INFO - 	at org.apache.spark.sql.execution.SQLExecution$.$anonfun$withNewExecutionId$6(SQLExecution.scala:125)
[2025-12-07T13:06:13.234+0000] {subprocess.py:93} INFO - 	at org.apache.spark.sql.execution.SQLExecution$.withSQLConfPropagated(SQLExecution.scala:201)
[2025-12-07T13:06:13.235+0000] {subprocess.py:93} INFO - 	at org.apache.spark.sql.execution.SQLExecution$.$anonfun$withNewExecutionId$1(SQLExecution.scala:108)
[2025-12-07T13:06:13.236+0000] {subprocess.py:93} INFO - 	at org.apache.spark.sql.SparkSession.withActive(SparkSession.scala:900)
[2025-12-07T13:06:13.237+0000] {subprocess.py:93} INFO - 	at org.apache.spark.sql.execution.SQLExecution$.withNewExecutionId(SQLExecution.scala:66)
[2025-12-07T13:06:13.238+0000] {subprocess.py:93} INFO - 	at org.apache.spark.sql.execution.streaming.MicroBatchExecution.$anonfun$runBatch$16(MicroBatchExecution.scala:729)
[2025-12-07T13:06:13.240+0000] {subprocess.py:93} INFO - 	at org.apache.spark.sql.execution.streaming.ProgressReporter.reportTimeTaken(ProgressReporter.scala:427)
[2025-12-07T13:06:13.249+0000] {subprocess.py:93} INFO - 	at org.apache.spark.sql.execution.streaming.ProgressReporter.reportTimeTaken$(ProgressReporter.scala:425)
[2025-12-07T13:06:13.250+0000] {subprocess.py:93} INFO - 	at org.apache.spark.sql.execution.streaming.StreamExecution.reportTimeTaken(StreamExecution.scala:67)
[2025-12-07T13:06:13.252+0000] {subprocess.py:93} INFO - 	at org.apache.spark.sql.execution.streaming.MicroBatchExecution.runBatch(MicroBatchExecution.scala:729)
[2025-12-07T13:06:13.253+0000] {subprocess.py:93} INFO - 	at org.apache.spark.sql.execution.streaming.MicroBatchExecution.$anonfun$runActivatedStream$2(MicroBatchExecution.scala:286)
[2025-12-07T13:06:13.254+0000] {subprocess.py:93} INFO - 	at scala.runtime.java8.JFunction0$mcV$sp.apply(JFunction0$mcV$sp.java:23)
[2025-12-07T13:06:13.255+0000] {subprocess.py:93} INFO - 	at org.apache.spark.sql.execution.streaming.ProgressReporter.reportTimeTaken(ProgressReporter.scala:427)
[2025-12-07T13:06:13.256+0000] {subprocess.py:93} INFO - 	at org.apache.spark.sql.execution.streaming.ProgressReporter.reportTimeTaken$(ProgressReporter.scala:425)
[2025-12-07T13:06:13.257+0000] {subprocess.py:93} INFO - 	at org.apache.spark.sql.execution.streaming.StreamExecution.reportTimeTaken(StreamExecution.scala:67)
[2025-12-07T13:06:13.260+0000] {subprocess.py:93} INFO - 	at org.apache.spark.sql.execution.streaming.MicroBatchExecution.$anonfun$runActivatedStream$1(MicroBatchExecution.scala:249)
[2025-12-07T13:06:13.262+0000] {subprocess.py:93} INFO - 	at org.apache.spark.sql.execution.streaming.ProcessingTimeExecutor.execute(TriggerExecutor.scala:67)
[2025-12-07T13:06:13.263+0000] {subprocess.py:93} INFO - 	at org.apache.spark.sql.execution.streaming.MicroBatchExecution.runActivatedStream(MicroBatchExecution.scala:239)
[2025-12-07T13:06:13.264+0000] {subprocess.py:93} INFO - 	at org.apache.spark.sql.execution.streaming.StreamExecution.$anonfun$runStream$1(StreamExecution.scala:311)
[2025-12-07T13:06:13.265+0000] {subprocess.py:93} INFO - 	at scala.runtime.java8.JFunction0$mcV$sp.apply(JFunction0$mcV$sp.java:23)
[2025-12-07T13:06:13.266+0000] {subprocess.py:93} INFO - 	at org.apache.spark.sql.SparkSession.withActive(SparkSession.scala:900)
[2025-12-07T13:06:13.267+0000] {subprocess.py:93} INFO - 	at org.apache.spark.sql.execution.streaming.StreamExecution.org$apache$spark$sql$execution$streaming$StreamExecution$$runStream(StreamExecution.scala:289)
[2025-12-07T13:06:13.268+0000] {subprocess.py:93} INFO - 	at org.apache.spark.sql.execution.streaming.StreamExecution$$anon$1.$anonfun$run$1(StreamExecution.scala:211)
[2025-12-07T13:06:13.268+0000] {subprocess.py:93} INFO - 	at scala.runtime.java8.JFunction0$mcV$sp.apply(JFunction0$mcV$sp.java:23)
[2025-12-07T13:06:13.269+0000] {subprocess.py:93} INFO - 	at org.apache.spark.JobArtifactSet$.withActiveJobArtifactState(JobArtifactSet.scala:94)
[2025-12-07T13:06:13.271+0000] {subprocess.py:93} INFO - 	at org.apache.spark.sql.execution.streaming.StreamExecution$$anon$1.run(StreamExecution.scala:211)
[2025-12-07T13:06:13.273+0000] {subprocess.py:93} INFO - 25/12/07 13:06:13 ERROR MicroBatchExecution: Query [id = 3ab97c65-d904-4497-ba4e-bb9bb70e9e56, runId = 6ac4fd68-978f-4865-b219-c092eec4b0bc] terminated with error
[2025-12-07T13:06:13.279+0000] {subprocess.py:93} INFO - org.apache.spark.SparkException: Job 0 cancelled because SparkContext was shut down
[2025-12-07T13:06:13.281+0000] {subprocess.py:93} INFO - 	at org.apache.spark.scheduler.DAGScheduler.$anonfun$cleanUpAfterSchedulerStop$1(DAGScheduler.scala:1248)
[2025-12-07T13:06:13.284+0000] {subprocess.py:93} INFO - 	at org.apache.spark.scheduler.DAGScheduler.$anonfun$cleanUpAfterSchedulerStop$1$adapted(DAGScheduler.scala:1246)
[2025-12-07T13:06:13.290+0000] {subprocess.py:93} INFO - 	at scala.collection.mutable.HashSet.foreach(HashSet.scala:79)
[2025-12-07T13:06:13.295+0000] {subprocess.py:93} INFO - 	at org.apache.spark.scheduler.DAGScheduler.cleanUpAfterSchedulerStop(DAGScheduler.scala:1246)
[2025-12-07T13:06:13.312+0000] {subprocess.py:93} INFO - 	at org.apache.spark.scheduler.DAGSchedulerEventProcessLoop.onStop(DAGScheduler.scala:3075)
[2025-12-07T13:06:13.315+0000] {subprocess.py:93} INFO - 	at org.apache.spark.util.EventLoop.stop(EventLoop.scala:84)
[2025-12-07T13:06:13.320+0000] {subprocess.py:93} INFO - 	at org.apache.spark.scheduler.DAGScheduler.$anonfun$stop$3(DAGScheduler.scala:2961)
[2025-12-07T13:06:13.325+0000] {subprocess.py:93} INFO - 	at org.apache.spark.util.Utils$.tryLogNonFatalError(Utils.scala:1375)
[2025-12-07T13:06:13.328+0000] {subprocess.py:93} INFO - 	at org.apache.spark.scheduler.DAGScheduler.stop(DAGScheduler.scala:2961)
[2025-12-07T13:06:13.334+0000] {subprocess.py:93} INFO - 	at org.apache.spark.SparkContext.$anonfun$stop$12(SparkContext.scala:2263)
[2025-12-07T13:06:13.338+0000] {subprocess.py:93} INFO - 	at org.apache.spark.util.Utils$.tryLogNonFatalError(Utils.scala:1375)
[2025-12-07T13:06:13.341+0000] {subprocess.py:93} INFO - 	at org.apache.spark.SparkContext.stop(SparkContext.scala:2263)
[2025-12-07T13:06:13.345+0000] {subprocess.py:93} INFO - 	at org.apache.spark.SparkContext.stop(SparkContext.scala:2216)
[2025-12-07T13:06:13.379+0000] {subprocess.py:93} INFO - 	at org.apache.spark.SparkContext.$anonfun$new$34(SparkContext.scala:686)
[2025-12-07T13:06:13.397+0000] {subprocess.py:93} INFO - 	at org.apache.spark.util.SparkShutdownHook.run(ShutdownHookManager.scala:214)
[2025-12-07T13:06:13.400+0000] {subprocess.py:93} INFO - 	at org.apache.spark.util.SparkShutdownHookManager.$anonfun$runAll$2(ShutdownHookManager.scala:188)
[2025-12-07T13:06:13.403+0000] {subprocess.py:93} INFO - 	at scala.runtime.java8.JFunction0$mcV$sp.apply(JFunction0$mcV$sp.java:23)
[2025-12-07T13:06:13.407+0000] {subprocess.py:93} INFO - 	at org.apache.spark.util.Utils$.logUncaughtExceptions(Utils.scala:1928)
[2025-12-07T13:06:13.409+0000] {subprocess.py:93} INFO - 	at org.apache.spark.util.SparkShutdownHookManager.$anonfun$runAll$1(ShutdownHookManager.scala:188)
[2025-12-07T13:06:13.410+0000] {subprocess.py:93} INFO - 	at scala.runtime.java8.JFunction0$mcV$sp.apply(JFunction0$mcV$sp.java:23)
[2025-12-07T13:06:13.414+0000] {subprocess.py:93} INFO - 	at scala.util.Try$.apply(Try.scala:213)
[2025-12-07T13:06:13.415+0000] {subprocess.py:93} INFO - 	at org.apache.spark.util.SparkShutdownHookManager.runAll(ShutdownHookManager.scala:188)
[2025-12-07T13:06:13.418+0000] {subprocess.py:93} INFO - 	at org.apache.spark.util.SparkShutdownHookManager$$anon$2.run(ShutdownHookManager.scala:178)
[2025-12-07T13:06:13.421+0000] {subprocess.py:93} INFO - 	at java.base/java.util.concurrent.Executors$RunnableAdapter.call(Executors.java:539)
[2025-12-07T13:06:13.423+0000] {subprocess.py:93} INFO - 	at java.base/java.util.concurrent.FutureTask.run(FutureTask.java:264)
[2025-12-07T13:06:13.428+0000] {subprocess.py:93} INFO - 	at java.base/java.util.concurrent.ThreadPoolExecutor.runWorker(ThreadPoolExecutor.java:1136)
[2025-12-07T13:06:13.429+0000] {subprocess.py:93} INFO - 	at java.base/java.util.concurrent.ThreadPoolExecutor$Worker.run(ThreadPoolExecutor.java:635)
[2025-12-07T13:06:13.430+0000] {subprocess.py:93} INFO - 	at java.base/java.lang.Thread.run(Thread.java:840)
[2025-12-07T13:06:13.432+0000] {subprocess.py:93} INFO - 	at org.apache.spark.scheduler.DAGScheduler.runJob(DAGScheduler.scala:984)
[2025-12-07T13:06:13.433+0000] {subprocess.py:93} INFO - 	at org.apache.spark.SparkContext.runJob(SparkContext.scala:2398)
[2025-12-07T13:06:13.439+0000] {subprocess.py:93} INFO - 	at org.apache.spark.sql.execution.datasources.FileFormatWriter$.$anonfun$executeWrite$1(FileFormatWriter.scala:241)
[2025-12-07T13:06:13.441+0000] {subprocess.py:93} INFO - 	at org.apache.spark.sql.execution.datasources.FileFormatWriter$.writeAndCommit(FileFormatWriter.scala:271)
[2025-12-07T13:06:13.446+0000] {subprocess.py:93} INFO - 	at org.apache.spark.sql.execution.datasources.FileFormatWriter$.executeWrite(FileFormatWriter.scala:212)
[2025-12-07T13:06:13.447+0000] {subprocess.py:93} INFO - 	at org.apache.spark.sql.execution.datasources.FileFormatWriter$.write(FileFormatWriter.scala:193)
[2025-12-07T13:06:13.448+0000] {subprocess.py:93} INFO - 	at org.apache.spark.sql.execution.streaming.FileStreamSink.addBatch(FileStreamSink.scala:171)
[2025-12-07T13:06:13.450+0000] {subprocess.py:93} INFO - 	at org.apache.spark.sql.execution.streaming.MicroBatchExecution.$anonfun$runBatch$17(MicroBatchExecution.scala:732)
[2025-12-07T13:06:13.452+0000] {subprocess.py:93} INFO - 	at org.apache.spark.sql.execution.SQLExecution$.$anonfun$withNewExecutionId$6(SQLExecution.scala:125)
[2025-12-07T13:06:13.453+0000] {subprocess.py:93} INFO - 	at org.apache.spark.sql.execution.SQLExecution$.withSQLConfPropagated(SQLExecution.scala:201)
[2025-12-07T13:06:13.455+0000] {subprocess.py:93} INFO - 	at org.apache.spark.sql.execution.SQLExecution$.$anonfun$withNewExecutionId$1(SQLExecution.scala:108)
[2025-12-07T13:06:13.456+0000] {subprocess.py:93} INFO - 	at org.apache.spark.sql.SparkSession.withActive(SparkSession.scala:900)
[2025-12-07T13:06:13.457+0000] {subprocess.py:93} INFO - 	at org.apache.spark.sql.execution.SQLExecution$.withNewExecutionId(SQLExecution.scala:66)
[2025-12-07T13:06:13.457+0000] {subprocess.py:93} INFO - 	at org.apache.spark.sql.execution.streaming.MicroBatchExecution.$anonfun$runBatch$16(MicroBatchExecution.scala:729)
[2025-12-07T13:06:13.458+0000] {subprocess.py:93} INFO - 	at org.apache.spark.sql.execution.streaming.ProgressReporter.reportTimeTaken(ProgressReporter.scala:427)
[2025-12-07T13:06:13.459+0000] {subprocess.py:93} INFO - 	at org.apache.spark.sql.execution.streaming.ProgressReporter.reportTimeTaken$(ProgressReporter.scala:425)
[2025-12-07T13:06:13.460+0000] {subprocess.py:93} INFO - 	at org.apache.spark.sql.execution.streaming.StreamExecution.reportTimeTaken(StreamExecution.scala:67)
[2025-12-07T13:06:13.460+0000] {subprocess.py:93} INFO - 	at org.apache.spark.sql.execution.streaming.MicroBatchExecution.runBatch(MicroBatchExecution.scala:729)
[2025-12-07T13:06:13.461+0000] {subprocess.py:93} INFO - 	at org.apache.spark.sql.execution.streaming.MicroBatchExecution.$anonfun$runActivatedStream$2(MicroBatchExecution.scala:286)
[2025-12-07T13:06:13.462+0000] {subprocess.py:93} INFO - 	at scala.runtime.java8.JFunction0$mcV$sp.apply(JFunction0$mcV$sp.java:23)
[2025-12-07T13:06:13.463+0000] {subprocess.py:93} INFO - 	at org.apache.spark.sql.execution.streaming.ProgressReporter.reportTimeTaken(ProgressReporter.scala:427)
[2025-12-07T13:06:13.463+0000] {subprocess.py:93} INFO - 	at org.apache.spark.sql.execution.streaming.ProgressReporter.reportTimeTaken$(ProgressReporter.scala:425)
[2025-12-07T13:06:13.464+0000] {subprocess.py:93} INFO - 	at org.apache.spark.sql.execution.streaming.StreamExecution.reportTimeTaken(StreamExecution.scala:67)
[2025-12-07T13:06:13.465+0000] {subprocess.py:93} INFO - 	at org.apache.spark.sql.execution.streaming.MicroBatchExecution.$anonfun$runActivatedStream$1(MicroBatchExecution.scala:249)
[2025-12-07T13:06:13.466+0000] {subprocess.py:93} INFO - 	at org.apache.spark.sql.execution.streaming.ProcessingTimeExecutor.execute(TriggerExecutor.scala:67)
[2025-12-07T13:06:13.468+0000] {subprocess.py:93} INFO - 	at org.apache.spark.sql.execution.streaming.MicroBatchExecution.runActivatedStream(MicroBatchExecution.scala:239)
[2025-12-07T13:06:13.470+0000] {subprocess.py:93} INFO - 	at org.apache.spark.sql.execution.streaming.StreamExecution.$anonfun$runStream$1(StreamExecution.scala:311)
[2025-12-07T13:06:13.473+0000] {subprocess.py:93} INFO - 	at scala.runtime.java8.JFunction0$mcV$sp.apply(JFunction0$mcV$sp.java:23)
[2025-12-07T13:06:13.475+0000] {subprocess.py:93} INFO - 	at org.apache.spark.sql.SparkSession.withActive(SparkSession.scala:900)
[2025-12-07T13:06:13.478+0000] {subprocess.py:93} INFO - 	at org.apache.spark.sql.execution.streaming.StreamExecution.org$apache$spark$sql$execution$streaming$StreamExecution$$runStream(StreamExecution.scala:289)
[2025-12-07T13:06:13.481+0000] {subprocess.py:93} INFO - 	at org.apache.spark.sql.execution.streaming.StreamExecution$$anon$1.$anonfun$run$1(StreamExecution.scala:211)
[2025-12-07T13:06:13.487+0000] {subprocess.py:93} INFO - 	at scala.runtime.java8.JFunction0$mcV$sp.apply(JFunction0$mcV$sp.java:23)
[2025-12-07T13:06:13.490+0000] {subprocess.py:93} INFO - 	at org.apache.spark.JobArtifactSet$.withActiveJobArtifactState(JobArtifactSet.scala:94)
[2025-12-07T13:06:13.492+0000] {subprocess.py:93} INFO - 	at org.apache.spark.sql.execution.streaming.StreamExecution$$anon$1.run(StreamExecution.scala:211)
[2025-12-07T13:06:15.305+0000] {subprocess.py:97} INFO - Command exited with return code 1
[2025-12-07T13:06:16.167+0000] {taskinstance.py:2698} ERROR - Task failed with exception
Traceback (most recent call last):
  File "/home/airflow/.local/lib/python3.8/site-packages/airflow/models/taskinstance.py", line 428, in _execute_task
    result = execute_callable(context=context, **execute_callable_kwargs)
  File "/home/airflow/.local/lib/python3.8/site-packages/airflow/operators/bash.py", line 212, in execute
    raise AirflowException(
airflow.exceptions.AirflowException: Bash command failed. The command returned a non-zero exit code 1.
[2025-12-07T13:06:16.237+0000] {taskinstance.py:1138} INFO - Marking task as FAILED. dag_id=email_intelligence_pipeline, task_id=real_time_enrichment, execution_date=20251207T125757, start_date=20251207T130535, end_date=20251207T130616
[2025-12-07T13:06:16.481+0000] {standard_task_runner.py:107} ERROR - Failed to execute job 46 for task real_time_enrichment (Bash command failed. The command returned a non-zero exit code 1.; 176)
[2025-12-07T13:06:16.628+0000] {local_task_job_runner.py:234} INFO - Task exited with return code 1
[2025-12-07T13:06:16.985+0000] {taskinstance.py:3280} INFO - 0 downstream tasks scheduled from follow-on schedule check
