[2025-12-07T12:58:10.992+0000] {taskinstance.py:1956} INFO - Dependencies all met for dep_context=non-requeueable deps ti=<TaskInstance: email_intelligence_pipeline.real_time_enrichment manual__2025-12-07T12:57:57.391895+00:00 [queued]>
[2025-12-07T12:58:11.002+0000] {taskinstance.py:1956} INFO - Dependencies all met for dep_context=requeueable deps ti=<TaskInstance: email_intelligence_pipeline.real_time_enrichment manual__2025-12-07T12:57:57.391895+00:00 [queued]>
[2025-12-07T12:58:11.003+0000] {taskinstance.py:2170} INFO - Starting attempt 1 of 1
[2025-12-07T12:58:11.018+0000] {taskinstance.py:2191} INFO - Executing <Task(BashOperator): real_time_enrichment> on 2025-12-07 12:57:57.391895+00:00
[2025-12-07T12:58:11.027+0000] {standard_task_runner.py:60} INFO - Started process 193 to run task
[2025-12-07T12:58:11.033+0000] {standard_task_runner.py:87} INFO - Running: ['***', 'tasks', 'run', 'email_intelligence_pipeline', 'real_time_enrichment', 'manual__2025-12-07T12:57:57.391895+00:00', '--job-id', '14', '--raw', '--subdir', 'DAGS_FOLDER/email_pipeline_dag.py', '--cfg-path', '/tmp/tmp0lm10dt4']
[2025-12-07T12:58:11.036+0000] {standard_task_runner.py:88} INFO - Job 14: Subtask real_time_enrichment
[2025-12-07T12:58:11.123+0000] {task_command.py:423} INFO - Running <TaskInstance: email_intelligence_pipeline.real_time_enrichment manual__2025-12-07T12:57:57.391895+00:00 [running]> on host e61fdba10dc3
[2025-12-07T12:58:11.191+0000] {taskinstance.py:2480} INFO - Exporting env vars: AIRFLOW_CTX_DAG_OWNER='data_team' AIRFLOW_CTX_DAG_ID='email_intelligence_pipeline' AIRFLOW_CTX_TASK_ID='real_time_enrichment' AIRFLOW_CTX_EXECUTION_DATE='2025-12-07T12:57:57.391895+00:00' AIRFLOW_CTX_TRY_NUMBER='1' AIRFLOW_CTX_DAG_RUN_ID='manual__2025-12-07T12:57:57.391895+00:00'
[2025-12-07T12:58:11.193+0000] {subprocess.py:63} INFO - Tmp dir root location: /tmp
[2025-12-07T12:58:11.194+0000] {subprocess.py:75} INFO - Running command: ['/usr/bin/bash', '-c', '\n        /opt/spark/bin/spark-submit             --master spark://spark-master:7077             --deploy-mode client             --packages org.apache.hadoop:hadoop-aws:3.3.4,org.apache.spark:spark-sql-kafka-0-10_2.12:3.5.0             --name EmailEnrichmentStream             /opt/spark/jobs/email_processor.py\n        ']
[2025-12-07T12:58:11.204+0000] {subprocess.py:86} INFO - Output:
[2025-12-07T12:58:11.212+0000] {subprocess.py:93} INFO - /opt/spark/bin/load-spark-env.sh: line 68: ps: command not found
[2025-12-07T12:58:12.555+0000] {subprocess.py:93} INFO - :: loading settings :: url = jar:file:/opt/spark/jars/ivy-2.5.1.jar!/org/apache/ivy/core/settings/ivysettings.xml
[2025-12-07T12:58:12.603+0000] {subprocess.py:93} INFO - Ivy Default Cache set to: /home/***/.ivy2/cache
[2025-12-07T12:58:12.605+0000] {subprocess.py:93} INFO - The jars for the packages stored in: /home/***/.ivy2/jars
[2025-12-07T12:58:12.608+0000] {subprocess.py:93} INFO - org.apache.hadoop#hadoop-aws added as a dependency
[2025-12-07T12:58:12.608+0000] {subprocess.py:93} INFO - org.apache.spark#spark-sql-kafka-0-10_2.12 added as a dependency
[2025-12-07T12:58:12.609+0000] {subprocess.py:93} INFO - :: resolving dependencies :: org.apache.spark#spark-submit-parent-43d1ff72-103e-4944-a305-2f450bf30a86;1.0
[2025-12-07T12:58:12.610+0000] {subprocess.py:93} INFO - 	confs: [default]
[2025-12-07T12:58:12.737+0000] {subprocess.py:93} INFO - 	found org.apache.hadoop#hadoop-aws;3.3.4 in central
[2025-12-07T12:58:12.760+0000] {subprocess.py:93} INFO - 	found com.amazonaws#aws-java-sdk-bundle;1.12.262 in central
[2025-12-07T12:58:12.779+0000] {subprocess.py:93} INFO - 	found org.wildfly.openssl#wildfly-openssl;1.0.7.Final in central
[2025-12-07T12:58:15.205+0000] {subprocess.py:93} INFO - 	found org.apache.spark#spark-sql-kafka-0-10_2.12;3.5.0 in central
[2025-12-07T12:58:15.438+0000] {subprocess.py:93} INFO - 	found org.apache.spark#spark-token-provider-kafka-0-10_2.12;3.5.0 in central
[2025-12-07T12:58:15.738+0000] {subprocess.py:93} INFO - 	found org.apache.kafka#kafka-clients;3.4.1 in central
[2025-12-07T12:58:15.962+0000] {subprocess.py:93} INFO - 	found org.lz4#lz4-java;1.8.0 in central
[2025-12-07T12:58:16.229+0000] {subprocess.py:93} INFO - 	found org.xerial.snappy#snappy-java;1.1.10.3 in central
[2025-12-07T12:58:17.436+0000] {subprocess.py:93} INFO - 	found org.slf4j#slf4j-api;2.0.7 in central
[2025-12-07T12:58:17.599+0000] {subprocess.py:93} INFO - 	found org.apache.hadoop#hadoop-client-runtime;3.3.4 in central
[2025-12-07T12:58:17.839+0000] {subprocess.py:93} INFO - 	found org.apache.hadoop#hadoop-client-api;3.3.4 in central
[2025-12-07T12:58:19.692+0000] {subprocess.py:93} INFO - 	found commons-logging#commons-logging;1.1.3 in central
[2025-12-07T12:58:19.849+0000] {subprocess.py:93} INFO - 	found com.google.code.findbugs#jsr305;3.0.0 in central
[2025-12-07T12:58:22.914+0000] {subprocess.py:93} INFO - 	found org.apache.commons#commons-pool2;2.11.1 in central
[2025-12-07T12:58:22.987+0000] {subprocess.py:93} INFO - downloading https://repo1.maven.org/maven2/org/apache/spark/spark-sql-kafka-0-10_2.12/3.5.0/spark-sql-kafka-0-10_2.12-3.5.0.jar ...
[2025-12-07T12:58:23.163+0000] {subprocess.py:93} INFO - 	[SUCCESSFUL ] org.apache.spark#spark-sql-kafka-0-10_2.12;3.5.0!spark-sql-kafka-0-10_2.12.jar (241ms)
[2025-12-07T12:58:23.234+0000] {subprocess.py:93} INFO - downloading https://repo1.maven.org/maven2/org/apache/spark/spark-token-provider-kafka-0-10_2.12/3.5.0/spark-token-provider-kafka-0-10_2.12-3.5.0.jar ...
[2025-12-07T12:58:23.306+0000] {subprocess.py:93} INFO - 	[SUCCESSFUL ] org.apache.spark#spark-token-provider-kafka-0-10_2.12;3.5.0!spark-token-provider-kafka-0-10_2.12.jar (141ms)
[2025-12-07T12:58:23.379+0000] {subprocess.py:93} INFO - downloading https://repo1.maven.org/maven2/org/apache/kafka/kafka-clients/3.4.1/kafka-clients-3.4.1.jar ...
[2025-12-07T12:58:23.951+0000] {subprocess.py:93} INFO - 	[SUCCESSFUL ] org.apache.kafka#kafka-clients;3.4.1!kafka-clients.jar (644ms)
[2025-12-07T12:58:24.013+0000] {subprocess.py:93} INFO - downloading https://repo1.maven.org/maven2/com/google/code/findbugs/jsr305/3.0.0/jsr305-3.0.0.jar ...
[2025-12-07T12:58:24.091+0000] {subprocess.py:93} INFO - 	[SUCCESSFUL ] com.google.code.findbugs#jsr305;3.0.0!jsr305.jar (138ms)
[2025-12-07T12:58:24.157+0000] {subprocess.py:93} INFO - downloading https://repo1.maven.org/maven2/org/apache/commons/commons-pool2/2.11.1/commons-pool2-2.11.1.jar ...
[2025-12-07T12:58:24.237+0000] {subprocess.py:93} INFO - 	[SUCCESSFUL ] org.apache.commons#commons-pool2;2.11.1!commons-pool2.jar (146ms)
[2025-12-07T12:58:24.305+0000] {subprocess.py:93} INFO - downloading https://repo1.maven.org/maven2/org/apache/hadoop/hadoop-client-runtime/3.3.4/hadoop-client-runtime-3.3.4.jar ...
[2025-12-07T12:58:27.255+0000] {subprocess.py:93} INFO - 	[SUCCESSFUL ] org.apache.hadoop#hadoop-client-runtime;3.3.4!hadoop-client-runtime.jar (3016ms)
[2025-12-07T12:58:27.328+0000] {subprocess.py:93} INFO - downloading https://repo1.maven.org/maven2/org/lz4/lz4-java/1.8.0/lz4-java-1.8.0.jar ...
[2025-12-07T12:58:27.499+0000] {subprocess.py:93} INFO - 	[SUCCESSFUL ] org.lz4#lz4-java;1.8.0!lz4-java.jar (244ms)
[2025-12-07T12:58:27.568+0000] {subprocess.py:93} INFO - downloading https://repo1.maven.org/maven2/org/xerial/snappy/snappy-java/1.1.10.3/snappy-java-1.1.10.3.jar ...
[2025-12-07T12:58:27.912+0000] {subprocess.py:93} INFO - 	[SUCCESSFUL ] org.xerial.snappy#snappy-java;1.1.10.3!snappy-java.jar(bundle) (413ms)
[2025-12-07T12:58:27.979+0000] {subprocess.py:93} INFO - downloading https://repo1.maven.org/maven2/org/slf4j/slf4j-api/2.0.7/slf4j-api-2.0.7.jar ...
[2025-12-07T12:58:28.052+0000] {subprocess.py:93} INFO - 	[SUCCESSFUL ] org.slf4j#slf4j-api;2.0.7!slf4j-api.jar (138ms)
[2025-12-07T12:58:28.119+0000] {subprocess.py:93} INFO - downloading https://repo1.maven.org/maven2/org/apache/hadoop/hadoop-client-api/3.3.4/hadoop-client-api-3.3.4.jar ...
[2025-12-07T12:58:30.248+0000] {subprocess.py:93} INFO - 	[SUCCESSFUL ] org.apache.hadoop#hadoop-client-api;3.3.4!hadoop-client-api.jar (2196ms)
[2025-12-07T12:58:30.321+0000] {subprocess.py:93} INFO - downloading https://repo1.maven.org/maven2/commons-logging/commons-logging/1.1.3/commons-logging-1.1.3.jar ...
[2025-12-07T12:58:30.396+0000] {subprocess.py:93} INFO - 	[SUCCESSFUL ] commons-logging#commons-logging;1.1.3!commons-logging.jar (148ms)
[2025-12-07T12:58:30.397+0000] {subprocess.py:93} INFO - :: resolution report :: resolve 10313ms :: artifacts dl 7475ms
[2025-12-07T12:58:30.398+0000] {subprocess.py:93} INFO - 	:: modules in use:
[2025-12-07T12:58:30.398+0000] {subprocess.py:93} INFO - 	com.amazonaws#aws-java-sdk-bundle;1.12.262 from central in [default]
[2025-12-07T12:58:30.399+0000] {subprocess.py:93} INFO - 	com.google.code.findbugs#jsr305;3.0.0 from central in [default]
[2025-12-07T12:58:30.399+0000] {subprocess.py:93} INFO - 	commons-logging#commons-logging;1.1.3 from central in [default]
[2025-12-07T12:58:30.399+0000] {subprocess.py:93} INFO - 	org.apache.commons#commons-pool2;2.11.1 from central in [default]
[2025-12-07T12:58:30.400+0000] {subprocess.py:93} INFO - 	org.apache.hadoop#hadoop-aws;3.3.4 from central in [default]
[2025-12-07T12:58:30.400+0000] {subprocess.py:93} INFO - 	org.apache.hadoop#hadoop-client-api;3.3.4 from central in [default]
[2025-12-07T12:58:30.401+0000] {subprocess.py:93} INFO - 	org.apache.hadoop#hadoop-client-runtime;3.3.4 from central in [default]
[2025-12-07T12:58:30.401+0000] {subprocess.py:93} INFO - 	org.apache.kafka#kafka-clients;3.4.1 from central in [default]
[2025-12-07T12:58:30.402+0000] {subprocess.py:93} INFO - 	org.apache.spark#spark-sql-kafka-0-10_2.12;3.5.0 from central in [default]
[2025-12-07T12:58:30.402+0000] {subprocess.py:93} INFO - 	org.apache.spark#spark-token-provider-kafka-0-10_2.12;3.5.0 from central in [default]
[2025-12-07T12:58:30.403+0000] {subprocess.py:93} INFO - 	org.lz4#lz4-java;1.8.0 from central in [default]
[2025-12-07T12:58:30.403+0000] {subprocess.py:93} INFO - 	org.slf4j#slf4j-api;2.0.7 from central in [default]
[2025-12-07T12:58:30.404+0000] {subprocess.py:93} INFO - 	org.wildfly.openssl#wildfly-openssl;1.0.7.Final from central in [default]
[2025-12-07T12:58:30.404+0000] {subprocess.py:93} INFO - 	org.xerial.snappy#snappy-java;1.1.10.3 from central in [default]
[2025-12-07T12:58:30.405+0000] {subprocess.py:93} INFO - 	---------------------------------------------------------------------
[2025-12-07T12:58:30.405+0000] {subprocess.py:93} INFO - 	|                  |            modules            ||   artifacts   |
[2025-12-07T12:58:30.406+0000] {subprocess.py:93} INFO - 	|       conf       | number| search|dwnlded|evicted|| number|dwnlded|
[2025-12-07T12:58:30.406+0000] {subprocess.py:93} INFO - 	---------------------------------------------------------------------
[2025-12-07T12:58:30.407+0000] {subprocess.py:93} INFO - 	|      default     |   14  |   11  |   11  |   0   ||   14  |   11  |
[2025-12-07T12:58:30.407+0000] {subprocess.py:93} INFO - 	---------------------------------------------------------------------
[2025-12-07T12:58:30.408+0000] {subprocess.py:93} INFO - :: retrieving :: org.apache.spark#spark-submit-parent-43d1ff72-103e-4944-a305-2f450bf30a86
[2025-12-07T12:58:30.408+0000] {subprocess.py:93} INFO - 	confs: [default]
[2025-12-07T12:58:30.845+0000] {subprocess.py:93} INFO - 	11 artifacts copied, 3 already retrieved (56767kB/441ms)
[2025-12-07T12:58:31.032+0000] {subprocess.py:93} INFO - 25/12/07 12:58:31 WARN NativeCodeLoader: Unable to load native-hadoop library for your platform... using builtin-java classes where applicable
[2025-12-07T12:58:32.350+0000] {subprocess.py:93} INFO - 🚀 Démarrage Spark Streaming - Email Processor (Bronze + Silver )
[2025-12-07T12:58:32.526+0000] {subprocess.py:93} INFO - 25/12/07 12:58:32 INFO SparkContext: Running Spark version 3.5.0
[2025-12-07T12:58:32.527+0000] {subprocess.py:93} INFO - 25/12/07 12:58:32 INFO SparkContext: OS info Linux, 6.6.87.2-microsoft-standard-WSL2, amd64
[2025-12-07T12:58:32.529+0000] {subprocess.py:93} INFO - 25/12/07 12:58:32 INFO SparkContext: Java version 17.0.17
[2025-12-07T12:58:32.558+0000] {subprocess.py:93} INFO - 25/12/07 12:58:32 INFO ResourceUtils: ==============================================================
[2025-12-07T12:58:32.559+0000] {subprocess.py:93} INFO - 25/12/07 12:58:32 INFO ResourceUtils: No custom resources configured for spark.driver.
[2025-12-07T12:58:32.560+0000] {subprocess.py:93} INFO - 25/12/07 12:58:32 INFO ResourceUtils: ==============================================================
[2025-12-07T12:58:32.560+0000] {subprocess.py:93} INFO - 25/12/07 12:58:32 INFO SparkContext: Submitted application: EmailProcessor
[2025-12-07T12:58:32.602+0000] {subprocess.py:93} INFO - 25/12/07 12:58:32 INFO ResourceProfile: Default ResourceProfile created, executor resources: Map(memory -> name: memory, amount: 1024, script: , vendor: , offHeap -> name: offHeap, amount: 0, script: , vendor: ), task resources: Map(cpus -> name: cpus, amount: 1.0)
[2025-12-07T12:58:32.612+0000] {subprocess.py:93} INFO - 25/12/07 12:58:32 INFO ResourceProfile: Limiting resource is cpu
[2025-12-07T12:58:32.613+0000] {subprocess.py:93} INFO - 25/12/07 12:58:32 INFO ResourceProfileManager: Added ResourceProfile id: 0
[2025-12-07T12:58:32.667+0000] {subprocess.py:93} INFO - 25/12/07 12:58:32 INFO SecurityManager: Changing view acls to: ***
[2025-12-07T12:58:32.668+0000] {subprocess.py:93} INFO - 25/12/07 12:58:32 INFO SecurityManager: Changing modify acls to: ***
[2025-12-07T12:58:32.669+0000] {subprocess.py:93} INFO - 25/12/07 12:58:32 INFO SecurityManager: Changing view acls groups to:
[2025-12-07T12:58:32.669+0000] {subprocess.py:93} INFO - 25/12/07 12:58:32 INFO SecurityManager: Changing modify acls groups to:
[2025-12-07T12:58:32.670+0000] {subprocess.py:93} INFO - 25/12/07 12:58:32 INFO SecurityManager: SecurityManager: authentication disabled; ui acls disabled; users with view permissions: ***; groups with view permissions: EMPTY; users with modify permissions: ***; groups with modify permissions: EMPTY
[2025-12-07T12:58:32.974+0000] {subprocess.py:93} INFO - 25/12/07 12:58:32 INFO Utils: Successfully started service 'sparkDriver' on port 38161.
[2025-12-07T12:58:33.010+0000] {subprocess.py:93} INFO - 25/12/07 12:58:33 INFO SparkEnv: Registering MapOutputTracker
[2025-12-07T12:58:33.047+0000] {subprocess.py:93} INFO - 25/12/07 12:58:33 INFO SparkEnv: Registering BlockManagerMaster
[2025-12-07T12:58:33.093+0000] {subprocess.py:93} INFO - 25/12/07 12:58:33 INFO BlockManagerMasterEndpoint: Using org.apache.spark.storage.DefaultTopologyMapper for getting topology information
[2025-12-07T12:58:33.095+0000] {subprocess.py:93} INFO - 25/12/07 12:58:33 INFO BlockManagerMasterEndpoint: BlockManagerMasterEndpoint up
[2025-12-07T12:58:33.103+0000] {subprocess.py:93} INFO - 25/12/07 12:58:33 INFO SparkEnv: Registering BlockManagerMasterHeartbeat
[2025-12-07T12:58:33.145+0000] {subprocess.py:93} INFO - 25/12/07 12:58:33 INFO DiskBlockManager: Created local directory at /tmp/blockmgr-1e820f3c-7bbc-43db-a77a-cad7fa8dfb63
[2025-12-07T12:58:33.165+0000] {subprocess.py:93} INFO - 25/12/07 12:58:33 INFO MemoryStore: MemoryStore started with capacity 434.4 MiB
[2025-12-07T12:58:33.190+0000] {subprocess.py:93} INFO - 25/12/07 12:58:33 INFO SparkEnv: Registering OutputCommitCoordinator
[2025-12-07T12:58:33.354+0000] {subprocess.py:93} INFO - 25/12/07 12:58:33 INFO JettyUtils: Start Jetty 0.0.0.0:4040 for SparkUI
[2025-12-07T12:58:33.441+0000] {subprocess.py:93} INFO - 25/12/07 12:58:33 INFO Utils: Successfully started service 'SparkUI' on port 4040.
[2025-12-07T12:58:33.486+0000] {subprocess.py:93} INFO - 25/12/07 12:58:33 INFO SparkContext: Added JAR file:///home/***/.ivy2/jars/org.apache.hadoop_hadoop-aws-3.3.4.jar at spark://e61fdba10dc3:38161/jars/org.apache.hadoop_hadoop-aws-3.3.4.jar with timestamp 1765112312514
[2025-12-07T12:58:33.488+0000] {subprocess.py:93} INFO - 25/12/07 12:58:33 INFO SparkContext: Added JAR file:///home/***/.ivy2/jars/org.apache.spark_spark-sql-kafka-0-10_2.12-3.5.0.jar at spark://e61fdba10dc3:38161/jars/org.apache.spark_spark-sql-kafka-0-10_2.12-3.5.0.jar with timestamp 1765112312514
[2025-12-07T12:58:33.488+0000] {subprocess.py:93} INFO - 25/12/07 12:58:33 INFO SparkContext: Added JAR file:///home/***/.ivy2/jars/com.amazonaws_aws-java-sdk-bundle-1.12.262.jar at spark://e61fdba10dc3:38161/jars/com.amazonaws_aws-java-sdk-bundle-1.12.262.jar with timestamp 1765112312514
[2025-12-07T12:58:33.489+0000] {subprocess.py:93} INFO - 25/12/07 12:58:33 INFO SparkContext: Added JAR file:///home/***/.ivy2/jars/org.wildfly.openssl_wildfly-openssl-1.0.7.Final.jar at spark://e61fdba10dc3:38161/jars/org.wildfly.openssl_wildfly-openssl-1.0.7.Final.jar with timestamp 1765112312514
[2025-12-07T12:58:33.490+0000] {subprocess.py:93} INFO - 25/12/07 12:58:33 INFO SparkContext: Added JAR file:///home/***/.ivy2/jars/org.apache.spark_spark-token-provider-kafka-0-10_2.12-3.5.0.jar at spark://e61fdba10dc3:38161/jars/org.apache.spark_spark-token-provider-kafka-0-10_2.12-3.5.0.jar with timestamp 1765112312514
[2025-12-07T12:58:33.491+0000] {subprocess.py:93} INFO - 25/12/07 12:58:33 INFO SparkContext: Added JAR file:///home/***/.ivy2/jars/org.apache.kafka_kafka-clients-3.4.1.jar at spark://e61fdba10dc3:38161/jars/org.apache.kafka_kafka-clients-3.4.1.jar with timestamp 1765112312514
[2025-12-07T12:58:33.491+0000] {subprocess.py:93} INFO - 25/12/07 12:58:33 INFO SparkContext: Added JAR file:///home/***/.ivy2/jars/com.google.code.findbugs_jsr305-3.0.0.jar at spark://e61fdba10dc3:38161/jars/com.google.code.findbugs_jsr305-3.0.0.jar with timestamp 1765112312514
[2025-12-07T12:58:33.492+0000] {subprocess.py:93} INFO - 25/12/07 12:58:33 INFO SparkContext: Added JAR file:///home/***/.ivy2/jars/org.apache.commons_commons-pool2-2.11.1.jar at spark://e61fdba10dc3:38161/jars/org.apache.commons_commons-pool2-2.11.1.jar with timestamp 1765112312514
[2025-12-07T12:58:33.493+0000] {subprocess.py:93} INFO - 25/12/07 12:58:33 INFO SparkContext: Added JAR file:///home/***/.ivy2/jars/org.apache.hadoop_hadoop-client-runtime-3.3.4.jar at spark://e61fdba10dc3:38161/jars/org.apache.hadoop_hadoop-client-runtime-3.3.4.jar with timestamp 1765112312514
[2025-12-07T12:58:33.494+0000] {subprocess.py:93} INFO - 25/12/07 12:58:33 INFO SparkContext: Added JAR file:///home/***/.ivy2/jars/org.lz4_lz4-java-1.8.0.jar at spark://e61fdba10dc3:38161/jars/org.lz4_lz4-java-1.8.0.jar with timestamp 1765112312514
[2025-12-07T12:58:33.494+0000] {subprocess.py:93} INFO - 25/12/07 12:58:33 INFO SparkContext: Added JAR file:///home/***/.ivy2/jars/org.xerial.snappy_snappy-java-1.1.10.3.jar at spark://e61fdba10dc3:38161/jars/org.xerial.snappy_snappy-java-1.1.10.3.jar with timestamp 1765112312514
[2025-12-07T12:58:33.495+0000] {subprocess.py:93} INFO - 25/12/07 12:58:33 INFO SparkContext: Added JAR file:///home/***/.ivy2/jars/org.slf4j_slf4j-api-2.0.7.jar at spark://e61fdba10dc3:38161/jars/org.slf4j_slf4j-api-2.0.7.jar with timestamp 1765112312514
[2025-12-07T12:58:33.495+0000] {subprocess.py:93} INFO - 25/12/07 12:58:33 INFO SparkContext: Added JAR file:///home/***/.ivy2/jars/org.apache.hadoop_hadoop-client-api-3.3.4.jar at spark://e61fdba10dc3:38161/jars/org.apache.hadoop_hadoop-client-api-3.3.4.jar with timestamp 1765112312514
[2025-12-07T12:58:33.496+0000] {subprocess.py:93} INFO - 25/12/07 12:58:33 INFO SparkContext: Added JAR file:///home/***/.ivy2/jars/commons-logging_commons-logging-1.1.3.jar at spark://e61fdba10dc3:38161/jars/commons-logging_commons-logging-1.1.3.jar with timestamp 1765112312514
[2025-12-07T12:58:33.496+0000] {subprocess.py:93} INFO - 25/12/07 12:58:33 INFO SparkContext: Added file file:///home/***/.ivy2/jars/org.apache.hadoop_hadoop-aws-3.3.4.jar at spark://e61fdba10dc3:38161/files/org.apache.hadoop_hadoop-aws-3.3.4.jar with timestamp 1765112312514
[2025-12-07T12:58:33.497+0000] {subprocess.py:93} INFO - 25/12/07 12:58:33 INFO Utils: Copying /home/***/.ivy2/jars/org.apache.hadoop_hadoop-aws-3.3.4.jar to /tmp/spark-b02c5249-7201-431a-b19d-f0c43117021d/userFiles-e5a28b7b-4edf-47c4-be32-f41e9013676a/org.apache.hadoop_hadoop-aws-3.3.4.jar
[2025-12-07T12:58:33.509+0000] {subprocess.py:93} INFO - 25/12/07 12:58:33 INFO SparkContext: Added file file:///home/***/.ivy2/jars/org.apache.spark_spark-sql-kafka-0-10_2.12-3.5.0.jar at spark://e61fdba10dc3:38161/files/org.apache.spark_spark-sql-kafka-0-10_2.12-3.5.0.jar with timestamp 1765112312514
[2025-12-07T12:58:33.509+0000] {subprocess.py:93} INFO - 25/12/07 12:58:33 INFO Utils: Copying /home/***/.ivy2/jars/org.apache.spark_spark-sql-kafka-0-10_2.12-3.5.0.jar to /tmp/spark-b02c5249-7201-431a-b19d-f0c43117021d/userFiles-e5a28b7b-4edf-47c4-be32-f41e9013676a/org.apache.spark_spark-sql-kafka-0-10_2.12-3.5.0.jar
[2025-12-07T12:58:33.522+0000] {subprocess.py:93} INFO - 25/12/07 12:58:33 INFO SparkContext: Added file file:///home/***/.ivy2/jars/com.amazonaws_aws-java-sdk-bundle-1.12.262.jar at spark://e61fdba10dc3:38161/files/com.amazonaws_aws-java-sdk-bundle-1.12.262.jar with timestamp 1765112312514
[2025-12-07T12:58:33.523+0000] {subprocess.py:93} INFO - 25/12/07 12:58:33 INFO Utils: Copying /home/***/.ivy2/jars/com.amazonaws_aws-java-sdk-bundle-1.12.262.jar to /tmp/spark-b02c5249-7201-431a-b19d-f0c43117021d/userFiles-e5a28b7b-4edf-47c4-be32-f41e9013676a/com.amazonaws_aws-java-sdk-bundle-1.12.262.jar
[2025-12-07T12:58:35.130+0000] {subprocess.py:93} INFO - 25/12/07 12:58:35 INFO SparkContext: Added file file:///home/***/.ivy2/jars/org.wildfly.openssl_wildfly-openssl-1.0.7.Final.jar at spark://e61fdba10dc3:38161/files/org.wildfly.openssl_wildfly-openssl-1.0.7.Final.jar with timestamp 1765112312514
[2025-12-07T12:58:35.131+0000] {subprocess.py:93} INFO - 25/12/07 12:58:35 INFO Utils: Copying /home/***/.ivy2/jars/org.wildfly.openssl_wildfly-openssl-1.0.7.Final.jar to /tmp/spark-b02c5249-7201-431a-b19d-f0c43117021d/userFiles-e5a28b7b-4edf-47c4-be32-f41e9013676a/org.wildfly.openssl_wildfly-openssl-1.0.7.Final.jar
[2025-12-07T12:58:35.137+0000] {subprocess.py:93} INFO - 25/12/07 12:58:35 INFO SparkContext: Added file file:///home/***/.ivy2/jars/org.apache.spark_spark-token-provider-kafka-0-10_2.12-3.5.0.jar at spark://e61fdba10dc3:38161/files/org.apache.spark_spark-token-provider-kafka-0-10_2.12-3.5.0.jar with timestamp 1765112312514
[2025-12-07T12:58:35.138+0000] {subprocess.py:93} INFO - 25/12/07 12:58:35 INFO Utils: Copying /home/***/.ivy2/jars/org.apache.spark_spark-token-provider-kafka-0-10_2.12-3.5.0.jar to /tmp/spark-b02c5249-7201-431a-b19d-f0c43117021d/userFiles-e5a28b7b-4edf-47c4-be32-f41e9013676a/org.apache.spark_spark-token-provider-kafka-0-10_2.12-3.5.0.jar
[2025-12-07T12:58:35.144+0000] {subprocess.py:93} INFO - 25/12/07 12:58:35 INFO SparkContext: Added file file:///home/***/.ivy2/jars/org.apache.kafka_kafka-clients-3.4.1.jar at spark://e61fdba10dc3:38161/files/org.apache.kafka_kafka-clients-3.4.1.jar with timestamp 1765112312514
[2025-12-07T12:58:35.145+0000] {subprocess.py:93} INFO - 25/12/07 12:58:35 INFO Utils: Copying /home/***/.ivy2/jars/org.apache.kafka_kafka-clients-3.4.1.jar to /tmp/spark-b02c5249-7201-431a-b19d-f0c43117021d/userFiles-e5a28b7b-4edf-47c4-be32-f41e9013676a/org.apache.kafka_kafka-clients-3.4.1.jar
[2025-12-07T12:58:35.182+0000] {subprocess.py:93} INFO - 25/12/07 12:58:35 INFO SparkContext: Added file file:///home/***/.ivy2/jars/com.google.code.findbugs_jsr305-3.0.0.jar at spark://e61fdba10dc3:38161/files/com.google.code.findbugs_jsr305-3.0.0.jar with timestamp 1765112312514
[2025-12-07T12:58:35.183+0000] {subprocess.py:93} INFO - 25/12/07 12:58:35 INFO Utils: Copying /home/***/.ivy2/jars/com.google.code.findbugs_jsr305-3.0.0.jar to /tmp/spark-b02c5249-7201-431a-b19d-f0c43117021d/userFiles-e5a28b7b-4edf-47c4-be32-f41e9013676a/com.google.code.findbugs_jsr305-3.0.0.jar
[2025-12-07T12:58:35.191+0000] {subprocess.py:93} INFO - 25/12/07 12:58:35 INFO SparkContext: Added file file:///home/***/.ivy2/jars/org.apache.commons_commons-pool2-2.11.1.jar at spark://e61fdba10dc3:38161/files/org.apache.commons_commons-pool2-2.11.1.jar with timestamp 1765112312514
[2025-12-07T12:58:35.192+0000] {subprocess.py:93} INFO - 25/12/07 12:58:35 INFO Utils: Copying /home/***/.ivy2/jars/org.apache.commons_commons-pool2-2.11.1.jar to /tmp/spark-b02c5249-7201-431a-b19d-f0c43117021d/userFiles-e5a28b7b-4edf-47c4-be32-f41e9013676a/org.apache.commons_commons-pool2-2.11.1.jar
[2025-12-07T12:58:35.198+0000] {subprocess.py:93} INFO - 25/12/07 12:58:35 INFO SparkContext: Added file file:///home/***/.ivy2/jars/org.apache.hadoop_hadoop-client-runtime-3.3.4.jar at spark://e61fdba10dc3:38161/files/org.apache.hadoop_hadoop-client-runtime-3.3.4.jar with timestamp 1765112312514
[2025-12-07T12:58:35.199+0000] {subprocess.py:93} INFO - 25/12/07 12:58:35 INFO Utils: Copying /home/***/.ivy2/jars/org.apache.hadoop_hadoop-client-runtime-3.3.4.jar to /tmp/spark-b02c5249-7201-431a-b19d-f0c43117021d/userFiles-e5a28b7b-4edf-47c4-be32-f41e9013676a/org.apache.hadoop_hadoop-client-runtime-3.3.4.jar
[2025-12-07T12:58:35.398+0000] {subprocess.py:93} INFO - 25/12/07 12:58:35 INFO SparkContext: Added file file:///home/***/.ivy2/jars/org.lz4_lz4-java-1.8.0.jar at spark://e61fdba10dc3:38161/files/org.lz4_lz4-java-1.8.0.jar with timestamp 1765112312514
[2025-12-07T12:58:35.399+0000] {subprocess.py:93} INFO - 25/12/07 12:58:35 INFO Utils: Copying /home/***/.ivy2/jars/org.lz4_lz4-java-1.8.0.jar to /tmp/spark-b02c5249-7201-431a-b19d-f0c43117021d/userFiles-e5a28b7b-4edf-47c4-be32-f41e9013676a/org.lz4_lz4-java-1.8.0.jar
[2025-12-07T12:58:35.416+0000] {subprocess.py:93} INFO - 25/12/07 12:58:35 INFO SparkContext: Added file file:///home/***/.ivy2/jars/org.xerial.snappy_snappy-java-1.1.10.3.jar at spark://e61fdba10dc3:38161/files/org.xerial.snappy_snappy-java-1.1.10.3.jar with timestamp 1765112312514
[2025-12-07T12:58:35.417+0000] {subprocess.py:93} INFO - 25/12/07 12:58:35 INFO Utils: Copying /home/***/.ivy2/jars/org.xerial.snappy_snappy-java-1.1.10.3.jar to /tmp/spark-b02c5249-7201-431a-b19d-f0c43117021d/userFiles-e5a28b7b-4edf-47c4-be32-f41e9013676a/org.xerial.snappy_snappy-java-1.1.10.3.jar
[2025-12-07T12:58:35.448+0000] {subprocess.py:93} INFO - 25/12/07 12:58:35 INFO SparkContext: Added file file:///home/***/.ivy2/jars/org.slf4j_slf4j-api-2.0.7.jar at spark://e61fdba10dc3:38161/files/org.slf4j_slf4j-api-2.0.7.jar with timestamp 1765112312514
[2025-12-07T12:58:35.449+0000] {subprocess.py:93} INFO - 25/12/07 12:58:35 INFO Utils: Copying /home/***/.ivy2/jars/org.slf4j_slf4j-api-2.0.7.jar to /tmp/spark-b02c5249-7201-431a-b19d-f0c43117021d/userFiles-e5a28b7b-4edf-47c4-be32-f41e9013676a/org.slf4j_slf4j-api-2.0.7.jar
[2025-12-07T12:58:35.460+0000] {subprocess.py:93} INFO - 25/12/07 12:58:35 INFO SparkContext: Added file file:///home/***/.ivy2/jars/org.apache.hadoop_hadoop-client-api-3.3.4.jar at spark://e61fdba10dc3:38161/files/org.apache.hadoop_hadoop-client-api-3.3.4.jar with timestamp 1765112312514
[2025-12-07T12:58:35.461+0000] {subprocess.py:93} INFO - 25/12/07 12:58:35 INFO Utils: Copying /home/***/.ivy2/jars/org.apache.hadoop_hadoop-client-api-3.3.4.jar to /tmp/spark-b02c5249-7201-431a-b19d-f0c43117021d/userFiles-e5a28b7b-4edf-47c4-be32-f41e9013676a/org.apache.hadoop_hadoop-client-api-3.3.4.jar
[2025-12-07T12:58:35.593+0000] {subprocess.py:93} INFO - 25/12/07 12:58:35 INFO SparkContext: Added file file:///home/***/.ivy2/jars/commons-logging_commons-logging-1.1.3.jar at spark://e61fdba10dc3:38161/files/commons-logging_commons-logging-1.1.3.jar with timestamp 1765112312514
[2025-12-07T12:58:35.595+0000] {subprocess.py:93} INFO - 25/12/07 12:58:35 INFO Utils: Copying /home/***/.ivy2/jars/commons-logging_commons-logging-1.1.3.jar to /tmp/spark-b02c5249-7201-431a-b19d-f0c43117021d/userFiles-e5a28b7b-4edf-47c4-be32-f41e9013676a/commons-logging_commons-logging-1.1.3.jar
[2025-12-07T12:58:35.687+0000] {subprocess.py:93} INFO - 25/12/07 12:58:35 INFO StandaloneAppClient$ClientEndpoint: Connecting to master spark://spark-master:7077...
[2025-12-07T12:58:35.724+0000] {subprocess.py:93} INFO - 25/12/07 12:58:35 INFO TransportClientFactory: Successfully created connection to spark-master/172.20.0.3:7077 after 19 ms (0 ms spent in bootstraps)
[2025-12-07T12:58:35.833+0000] {subprocess.py:93} INFO - 25/12/07 12:58:35 INFO StandaloneSchedulerBackend: Connected to Spark cluster with app ID app-20251207125835-0002
[2025-12-07T12:58:35.835+0000] {subprocess.py:93} INFO - 25/12/07 12:58:35 INFO StandaloneAppClient$ClientEndpoint: Executor added: app-20251207125835-0002/0 on worker-20251207125222-172.20.0.6-40509 (172.20.0.6:40509) with 2 core(s)
[2025-12-07T12:58:35.837+0000] {subprocess.py:93} INFO - 25/12/07 12:58:35 INFO StandaloneSchedulerBackend: Granted executor ID app-20251207125835-0002/0 on hostPort 172.20.0.6:40509 with 2 core(s), 1024.0 MiB RAM
[2025-12-07T12:58:35.846+0000] {subprocess.py:93} INFO - 25/12/07 12:58:35 INFO Utils: Successfully started service 'org.apache.spark.network.netty.NettyBlockTransferService' on port 45825.
[2025-12-07T12:58:35.848+0000] {subprocess.py:93} INFO - 25/12/07 12:58:35 INFO NettyBlockTransferService: Server created on e61fdba10dc3:45825
[2025-12-07T12:58:35.850+0000] {subprocess.py:93} INFO - 25/12/07 12:58:35 INFO BlockManager: Using org.apache.spark.storage.RandomBlockReplicationPolicy for block replication policy
[2025-12-07T12:58:35.858+0000] {subprocess.py:93} INFO - 25/12/07 12:58:35 INFO BlockManagerMaster: Registering BlockManager BlockManagerId(driver, e61fdba10dc3, 45825, None)
[2025-12-07T12:58:35.861+0000] {subprocess.py:93} INFO - 25/12/07 12:58:35 INFO BlockManagerMasterEndpoint: Registering block manager e61fdba10dc3:45825 with 434.4 MiB RAM, BlockManagerId(driver, e61fdba10dc3, 45825, None)
[2025-12-07T12:58:35.864+0000] {subprocess.py:93} INFO - 25/12/07 12:58:35 INFO BlockManagerMaster: Registered BlockManager BlockManagerId(driver, e61fdba10dc3, 45825, None)
[2025-12-07T12:58:35.866+0000] {subprocess.py:93} INFO - 25/12/07 12:58:35 INFO BlockManager: Initialized BlockManager: BlockManagerId(driver, e61fdba10dc3, 45825, None)
[2025-12-07T12:58:35.924+0000] {subprocess.py:93} INFO - 25/12/07 12:58:35 INFO StandaloneAppClient$ClientEndpoint: Executor updated: app-20251207125835-0002/0 is now RUNNING
[2025-12-07T12:58:36.066+0000] {subprocess.py:93} INFO - 25/12/07 12:58:36 INFO StandaloneSchedulerBackend: SchedulerBackend is ready for scheduling beginning after reached minRegisteredResourcesRatio: 0.0
[2025-12-07T12:58:36.372+0000] {subprocess.py:93} INFO - 📡 Kafka: kafka:29092
[2025-12-07T12:58:36.374+0000] {subprocess.py:93} INFO - 📥 Topic: processed-emails-topic
[2025-12-07T12:58:38.857+0000] {subprocess.py:93} INFO - 📂 Bronze: s3a://datalake/bronze/emails/
[2025-12-07T12:58:39.096+0000] {subprocess.py:93} INFO - 25/12/07 12:58:39 WARN MetricsConfig: Cannot locate configuration: tried hadoop-metrics2-s3a-file-system.properties,hadoop-metrics2.properties
[2025-12-07T12:58:38.813+0000] {subprocess.py:93} INFO - 25/12/07 12:58:38 WARN ResolveWriteToStream: spark.sql.adaptive.enabled is not supported in streaming DataFrames/Datasets and will be disabled.
[2025-12-07T12:58:40.610+0000] {subprocess.py:93} INFO - 📂 Silver: s3a://datalake/silver/email_stats/
[2025-12-07T12:58:40.823+0000] {subprocess.py:93} INFO - 25/12/07 12:58:40 WARN ResolveWriteToStream: spark.sql.adaptive.enabled is not supported in streaming DataFrames/Datasets and will be disabled.
[2025-12-07T12:58:41.232+0000] {subprocess.py:93} INFO - ✅ Streaming Bronze + Silver démarré!
[2025-12-07T12:58:41.233+0000] {subprocess.py:93} INFO - ⏳ En attente de messages Kafka...
[2025-12-07T12:58:41.326+0000] {subprocess.py:93} INFO - 25/12/07 12:58:41 WARN AdminClientConfig: These configurations '[key.deserializer, value.deserializer, enable.auto.commit, max.poll.records, auto.offset.reset]' were supplied but are not used yet.
[2025-12-07T12:58:41.457+0000] {subprocess.py:93} INFO - 25/12/07 12:58:41 WARN AdminClientConfig: These configurations '[key.deserializer, value.deserializer, enable.auto.commit, max.poll.records, auto.offset.reset]' were supplied but are not used yet.
[2025-12-07T13:00:35.287+0000] {job.py:213} ERROR - Job heartbeat got an exception
Traceback (most recent call last):
  File "/home/airflow/.local/lib/python3.8/site-packages/sqlalchemy/engine/base.py", line 3371, in _wrap_pool_connect
    return fn()
  File "/home/airflow/.local/lib/python3.8/site-packages/sqlalchemy/pool/base.py", line 327, in connect
    return _ConnectionFairy._checkout(self)
  File "/home/airflow/.local/lib/python3.8/site-packages/sqlalchemy/pool/base.py", line 894, in _checkout
    fairy = _ConnectionRecord.checkout(pool)
  File "/home/airflow/.local/lib/python3.8/site-packages/sqlalchemy/pool/base.py", line 493, in checkout
    rec = pool._do_get()
  File "/home/airflow/.local/lib/python3.8/site-packages/sqlalchemy/pool/impl.py", line 256, in _do_get
    return self._create_connection()
  File "/home/airflow/.local/lib/python3.8/site-packages/sqlalchemy/pool/base.py", line 273, in _create_connection
    return _ConnectionRecord(self)
  File "/home/airflow/.local/lib/python3.8/site-packages/sqlalchemy/pool/base.py", line 388, in __init__
    self.__connect()
  File "/home/airflow/.local/lib/python3.8/site-packages/sqlalchemy/pool/base.py", line 691, in __connect
    pool.logger.debug("Error on connect(): %s", e)
  File "/home/airflow/.local/lib/python3.8/site-packages/sqlalchemy/util/langhelpers.py", line 70, in __exit__
    compat.raise_(
  File "/home/airflow/.local/lib/python3.8/site-packages/sqlalchemy/util/compat.py", line 211, in raise_
    raise exception
  File "/home/airflow/.local/lib/python3.8/site-packages/sqlalchemy/pool/base.py", line 686, in __connect
    self.dbapi_connection = connection = pool._invoke_creator(self)
  File "/home/airflow/.local/lib/python3.8/site-packages/sqlalchemy/engine/create.py", line 574, in connect
    return dialect.connect(*cargs, **cparams)
  File "/home/airflow/.local/lib/python3.8/site-packages/sqlalchemy/engine/default.py", line 598, in connect
    return self.dbapi.connect(*cargs, **cparams)
  File "/home/airflow/.local/lib/python3.8/site-packages/psycopg2/__init__.py", line 122, in connect
    conn = _connect(dsn, connection_factory=connection_factory, **kwasync)
psycopg2.OperationalError: could not translate host name "postgres" to address: Temporary failure in name resolution


The above exception was the direct cause of the following exception:

Traceback (most recent call last):
  File "/home/airflow/.local/lib/python3.8/site-packages/airflow/jobs/job.py", line 208, in heartbeat
    heartbeat_callback(session)
  File "/home/airflow/.local/lib/python3.8/site-packages/airflow/utils/session.py", line 76, in wrapper
    return func(*args, **kwargs)
  File "/home/airflow/.local/lib/python3.8/site-packages/airflow/jobs/local_task_job_runner.py", line 252, in heartbeat_callback
    self.task_instance.refresh_from_db()
  File "/home/airflow/.local/lib/python3.8/site-packages/airflow/utils/session.py", line 79, in wrapper
    return func(*args, session=session, **kwargs)
  File "/home/airflow/.local/lib/python3.8/site-packages/airflow/models/taskinstance.py", line 1725, in refresh_from_db
    _refresh_from_db(task_instance=self, session=session, lock_for_update=lock_for_update)
  File "/home/airflow/.local/lib/python3.8/site-packages/airflow/models/taskinstance.py", line 464, in _refresh_from_db
    ti = TaskInstance.get_task_instance(
  File "/home/airflow/.local/lib/python3.8/site-packages/airflow/api_internal/internal_api_call.py", line 114, in wrapper
    return func(*args, **kwargs)
  File "/home/airflow/.local/lib/python3.8/site-packages/airflow/utils/session.py", line 76, in wrapper
    return func(*args, **kwargs)
  File "/home/airflow/.local/lib/python3.8/site-packages/airflow/models/taskinstance.py", line 1711, in get_task_instance
    return query.one_or_none()
  File "/home/airflow/.local/lib/python3.8/site-packages/sqlalchemy/orm/query.py", line 2850, in one_or_none
    return self._iter().one_or_none()
  File "/home/airflow/.local/lib/python3.8/site-packages/sqlalchemy/orm/query.py", line 2916, in _iter
    result = self.session.execute(
  File "/home/airflow/.local/lib/python3.8/site-packages/sqlalchemy/orm/session.py", line 1716, in execute
    conn = self._connection_for_bind(bind)
  File "/home/airflow/.local/lib/python3.8/site-packages/sqlalchemy/orm/session.py", line 1555, in _connection_for_bind
    return self._transaction._connection_for_bind(
  File "/home/airflow/.local/lib/python3.8/site-packages/sqlalchemy/orm/session.py", line 750, in _connection_for_bind
    conn = bind.connect()
  File "/home/airflow/.local/lib/python3.8/site-packages/sqlalchemy/future/engine.py", line 412, in connect
    return super(Engine, self).connect()
  File "/home/airflow/.local/lib/python3.8/site-packages/sqlalchemy/engine/base.py", line 3325, in connect
    return self._connection_cls(self, close_with_result=close_with_result)
  File "/home/airflow/.local/lib/python3.8/site-packages/sqlalchemy/engine/base.py", line 96, in __init__
    else engine.raw_connection()
  File "/home/airflow/.local/lib/python3.8/site-packages/sqlalchemy/engine/base.py", line 3404, in raw_connection
    return self._wrap_pool_connect(self.pool.connect, _connection)
  File "/home/airflow/.local/lib/python3.8/site-packages/sqlalchemy/engine/base.py", line 3374, in _wrap_pool_connect
    Connection._handle_dbapi_exception_noconnection(
  File "/home/airflow/.local/lib/python3.8/site-packages/sqlalchemy/engine/base.py", line 2208, in _handle_dbapi_exception_noconnection
    util.raise_(
  File "/home/airflow/.local/lib/python3.8/site-packages/sqlalchemy/util/compat.py", line 211, in raise_
    raise exception
  File "/home/airflow/.local/lib/python3.8/site-packages/sqlalchemy/engine/base.py", line 3371, in _wrap_pool_connect
    return fn()
  File "/home/airflow/.local/lib/python3.8/site-packages/sqlalchemy/pool/base.py", line 327, in connect
    return _ConnectionFairy._checkout(self)
  File "/home/airflow/.local/lib/python3.8/site-packages/sqlalchemy/pool/base.py", line 894, in _checkout
    fairy = _ConnectionRecord.checkout(pool)
  File "/home/airflow/.local/lib/python3.8/site-packages/sqlalchemy/pool/base.py", line 493, in checkout
    rec = pool._do_get()
  File "/home/airflow/.local/lib/python3.8/site-packages/sqlalchemy/pool/impl.py", line 256, in _do_get
    return self._create_connection()
  File "/home/airflow/.local/lib/python3.8/site-packages/sqlalchemy/pool/base.py", line 273, in _create_connection
    return _ConnectionRecord(self)
  File "/home/airflow/.local/lib/python3.8/site-packages/sqlalchemy/pool/base.py", line 388, in __init__
    self.__connect()
  File "/home/airflow/.local/lib/python3.8/site-packages/sqlalchemy/pool/base.py", line 691, in __connect
    pool.logger.debug("Error on connect(): %s", e)
  File "/home/airflow/.local/lib/python3.8/site-packages/sqlalchemy/util/langhelpers.py", line 70, in __exit__
    compat.raise_(
  File "/home/airflow/.local/lib/python3.8/site-packages/sqlalchemy/util/compat.py", line 211, in raise_
    raise exception
  File "/home/airflow/.local/lib/python3.8/site-packages/sqlalchemy/pool/base.py", line 686, in __connect
    self.dbapi_connection = connection = pool._invoke_creator(self)
  File "/home/airflow/.local/lib/python3.8/site-packages/sqlalchemy/engine/create.py", line 574, in connect
    return dialect.connect(*cargs, **cparams)
  File "/home/airflow/.local/lib/python3.8/site-packages/sqlalchemy/engine/default.py", line 598, in connect
    return self.dbapi.connect(*cargs, **cparams)
  File "/home/airflow/.local/lib/python3.8/site-packages/psycopg2/__init__.py", line 122, in connect
    conn = _connect(dsn, connection_factory=connection_factory, **kwasync)
sqlalchemy.exc.OperationalError: (psycopg2.OperationalError) could not translate host name "postgres" to address: Temporary failure in name resolution

(Background on this error at: https://sqlalche.me/e/14/e3q8)
[2025-12-07T13:00:35.397+0000] {job.py:216} ERROR - Job heartbeat failed with error. Scheduler may go into unhealthy state
[2025-12-07T13:00:47.827+0000] {job.py:221} ERROR - Job heartbeat failed with error. Scheduler is in unhealthy state
[2025-12-07T13:01:16.318+0000] {job.py:221} ERROR - Job heartbeat failed with error. Scheduler is in unhealthy state
[2025-12-07T13:01:34.111+0000] {job.py:221} ERROR - Job heartbeat failed with error. Scheduler is in unhealthy state
