[2025-12-10T15:13:57.747+0000] {taskinstance.py:1956} INFO - Dependencies all met for dep_context=non-requeueable deps ti=<TaskInstance: email_intelligence_pipeline.export_to_postgres manual__2025-12-10T15:12:11.008523+00:00 [queued]>
[2025-12-10T15:13:57.762+0000] {taskinstance.py:1956} INFO - Dependencies all met for dep_context=requeueable deps ti=<TaskInstance: email_intelligence_pipeline.export_to_postgres manual__2025-12-10T15:12:11.008523+00:00 [queued]>
[2025-12-10T15:13:57.762+0000] {taskinstance.py:2170} INFO - Starting attempt 1 of 1
[2025-12-10T15:13:57.782+0000] {taskinstance.py:2191} INFO - Executing <Task(BashOperator): export_to_postgres> on 2025-12-10 15:12:11.008523+00:00
[2025-12-10T15:13:57.787+0000] {standard_task_runner.py:60} INFO - Started process 2404 to run task
[2025-12-10T15:13:57.792+0000] {standard_task_runner.py:87} INFO - Running: ['***', 'tasks', 'run', 'email_intelligence_pipeline', 'export_to_postgres', 'manual__2025-12-10T15:12:11.008523+00:00', '--job-id', '55', '--raw', '--subdir', 'DAGS_FOLDER/email_pipeline_dag.py', '--cfg-path', '/tmp/tmp0mxpmajd']
[2025-12-10T15:13:57.795+0000] {standard_task_runner.py:88} INFO - Job 55: Subtask export_to_postgres
[2025-12-10T15:13:57.880+0000] {task_command.py:423} INFO - Running <TaskInstance: email_intelligence_pipeline.export_to_postgres manual__2025-12-10T15:12:11.008523+00:00 [running]> on host 2be59bfabb7a
[2025-12-10T15:13:57.988+0000] {taskinstance.py:2480} INFO - Exporting env vars: AIRFLOW_CTX_DAG_OWNER='data_team' AIRFLOW_CTX_DAG_ID='email_intelligence_pipeline' AIRFLOW_CTX_TASK_ID='export_to_postgres' AIRFLOW_CTX_EXECUTION_DATE='2025-12-10T15:12:11.008523+00:00' AIRFLOW_CTX_TRY_NUMBER='1' AIRFLOW_CTX_DAG_RUN_ID='manual__2025-12-10T15:12:11.008523+00:00'
[2025-12-10T15:13:57.989+0000] {subprocess.py:63} INFO - Tmp dir root location: /tmp
[2025-12-10T15:13:57.990+0000] {subprocess.py:75} INFO - Running command: ['/usr/bin/bash', '-c', '/opt/spark/bin/spark-submit --master local[2] --packages org.apache.hadoop:hadoop-aws:3.3.4,org.postgresql:postgresql:42.7.1 --name GoldToPostgres /opt/spark/jobs/gold_to_postgres.py']
[2025-12-10T15:13:58.003+0000] {subprocess.py:86} INFO - Output:
[2025-12-10T15:13:58.019+0000] {subprocess.py:93} INFO - /opt/spark/bin/load-spark-env.sh: line 68: ps: command not found
[2025-12-10T15:14:00.239+0000] {subprocess.py:93} INFO - :: loading settings :: url = jar:file:/opt/spark/jars/ivy-2.5.1.jar!/org/apache/ivy/core/settings/ivysettings.xml
[2025-12-10T15:14:00.426+0000] {subprocess.py:93} INFO - Ivy Default Cache set to: /home/***/.ivy2/cache
[2025-12-10T15:14:00.427+0000] {subprocess.py:93} INFO - The jars for the packages stored in: /home/***/.ivy2/jars
[2025-12-10T15:14:00.430+0000] {subprocess.py:93} INFO - org.apache.hadoop#hadoop-aws added as a dependency
[2025-12-10T15:14:00.434+0000] {subprocess.py:93} INFO - org.postgresql#postgresql added as a dependency
[2025-12-10T15:14:00.435+0000] {subprocess.py:93} INFO - :: resolving dependencies :: org.apache.spark#spark-submit-parent-0aa1e807-6380-4eca-91df-0e4b4d4c8021;1.0
[2025-12-10T15:14:00.436+0000] {subprocess.py:93} INFO - 	confs: [default]
[2025-12-10T15:14:00.679+0000] {subprocess.py:93} INFO - 	found org.apache.hadoop#hadoop-aws;3.3.4 in central
[2025-12-10T15:14:00.709+0000] {subprocess.py:93} INFO - 	found com.amazonaws#aws-java-sdk-bundle;1.12.262 in central
[2025-12-10T15:14:00.739+0000] {subprocess.py:93} INFO - 	found org.wildfly.openssl#wildfly-openssl;1.0.7.Final in central
[2025-12-10T15:14:00.762+0000] {subprocess.py:93} INFO - 	found org.postgresql#postgresql;42.7.1 in central
[2025-12-10T15:14:00.783+0000] {subprocess.py:93} INFO - 	found org.checkerframework#checker-qual;3.41.0 in central
[2025-12-10T15:14:00.806+0000] {subprocess.py:93} INFO - :: resolution report :: resolve 362ms :: artifacts dl 10ms
[2025-12-10T15:14:00.807+0000] {subprocess.py:93} INFO - 	:: modules in use:
[2025-12-10T15:14:00.808+0000] {subprocess.py:93} INFO - 	com.amazonaws#aws-java-sdk-bundle;1.12.262 from central in [default]
[2025-12-10T15:14:00.808+0000] {subprocess.py:93} INFO - 	org.apache.hadoop#hadoop-aws;3.3.4 from central in [default]
[2025-12-10T15:14:00.809+0000] {subprocess.py:93} INFO - 	org.checkerframework#checker-qual;3.41.0 from central in [default]
[2025-12-10T15:14:00.810+0000] {subprocess.py:93} INFO - 	org.postgresql#postgresql;42.7.1 from central in [default]
[2025-12-10T15:14:00.810+0000] {subprocess.py:93} INFO - 	org.wildfly.openssl#wildfly-openssl;1.0.7.Final from central in [default]
[2025-12-10T15:14:00.811+0000] {subprocess.py:93} INFO - 	---------------------------------------------------------------------
[2025-12-10T15:14:00.812+0000] {subprocess.py:93} INFO - 	|                  |            modules            ||   artifacts   |
[2025-12-10T15:14:00.812+0000] {subprocess.py:93} INFO - 	|       conf       | number| search|dwnlded|evicted|| number|dwnlded|
[2025-12-10T15:14:00.813+0000] {subprocess.py:93} INFO - 	---------------------------------------------------------------------
[2025-12-10T15:14:00.814+0000] {subprocess.py:93} INFO - 	|      default     |   5   |   0   |   0   |   0   ||   5   |   0   |
[2025-12-10T15:14:00.814+0000] {subprocess.py:93} INFO - 	---------------------------------------------------------------------
[2025-12-10T15:14:00.815+0000] {subprocess.py:93} INFO - :: retrieving :: org.apache.spark#spark-submit-parent-0aa1e807-6380-4eca-91df-0e4b4d4c8021
[2025-12-10T15:14:00.816+0000] {subprocess.py:93} INFO - 	confs: [default]
[2025-12-10T15:14:00.816+0000] {subprocess.py:93} INFO - 	0 artifacts copied, 5 already retrieved (0kB/6ms)
[2025-12-10T15:14:01.073+0000] {subprocess.py:93} INFO - 25/12/10 15:14:01 WARN NativeCodeLoader: Unable to load native-hadoop library for your platform... using builtin-java classes where applicable
[2025-12-10T15:14:02.080+0000] {subprocess.py:93} INFO - 
[2025-12-10T15:14:02.081+0000] {subprocess.py:93} INFO - ============================================================
[2025-12-10T15:14:02.082+0000] {subprocess.py:93} INFO - 🚀 GOLD TO POSTGRESQL EXPORT JOB STARTED
[2025-12-10T15:14:02.083+0000] {subprocess.py:93} INFO -    Timestamp: 2025-12-10 15:14:02.080084
[2025-12-10T15:14:02.083+0000] {subprocess.py:93} INFO - ============================================================
[2025-12-10T15:14:02.226+0000] {subprocess.py:93} INFO - 25/12/10 15:14:02 INFO SparkContext: Running Spark version 3.5.0
[2025-12-10T15:14:02.228+0000] {subprocess.py:93} INFO - 25/12/10 15:14:02 INFO SparkContext: OS info Linux, 6.6.87.2-microsoft-standard-WSL2, amd64
[2025-12-10T15:14:02.229+0000] {subprocess.py:93} INFO - 25/12/10 15:14:02 INFO SparkContext: Java version 17.0.17
[2025-12-10T15:14:02.248+0000] {subprocess.py:93} INFO - 25/12/10 15:14:02 INFO ResourceUtils: ==============================================================
[2025-12-10T15:14:02.249+0000] {subprocess.py:93} INFO - 25/12/10 15:14:02 INFO ResourceUtils: No custom resources configured for spark.driver.
[2025-12-10T15:14:02.250+0000] {subprocess.py:93} INFO - 25/12/10 15:14:02 INFO ResourceUtils: ==============================================================
[2025-12-10T15:14:02.251+0000] {subprocess.py:93} INFO - 25/12/10 15:14:02 INFO SparkContext: Submitted application: GoldToPostgres
[2025-12-10T15:14:02.274+0000] {subprocess.py:93} INFO - 25/12/10 15:14:02 INFO ResourceProfile: Default ResourceProfile created, executor resources: Map(cores -> name: cores, amount: 1, script: , vendor: , memory -> name: memory, amount: 1024, script: , vendor: , offHeap -> name: offHeap, amount: 0, script: , vendor: ), task resources: Map(cpus -> name: cpus, amount: 1.0)
[2025-12-10T15:14:02.282+0000] {subprocess.py:93} INFO - 25/12/10 15:14:02 INFO ResourceProfile: Limiting resource is cpu
[2025-12-10T15:14:02.283+0000] {subprocess.py:93} INFO - 25/12/10 15:14:02 INFO ResourceProfileManager: Added ResourceProfile id: 0
[2025-12-10T15:14:02.351+0000] {subprocess.py:93} INFO - 25/12/10 15:14:02 INFO SecurityManager: Changing view acls to: ***
[2025-12-10T15:14:02.352+0000] {subprocess.py:93} INFO - 25/12/10 15:14:02 INFO SecurityManager: Changing modify acls to: ***
[2025-12-10T15:14:02.353+0000] {subprocess.py:93} INFO - 25/12/10 15:14:02 INFO SecurityManager: Changing view acls groups to:
[2025-12-10T15:14:02.354+0000] {subprocess.py:93} INFO - 25/12/10 15:14:02 INFO SecurityManager: Changing modify acls groups to:
[2025-12-10T15:14:02.355+0000] {subprocess.py:93} INFO - 25/12/10 15:14:02 INFO SecurityManager: SecurityManager: authentication disabled; ui acls disabled; users with view permissions: ***; groups with view permissions: EMPTY; users with modify permissions: ***; groups with modify permissions: EMPTY
[2025-12-10T15:14:02.703+0000] {subprocess.py:93} INFO - 25/12/10 15:14:02 INFO Utils: Successfully started service 'sparkDriver' on port 41293.
[2025-12-10T15:14:02.743+0000] {subprocess.py:93} INFO - 25/12/10 15:14:02 INFO SparkEnv: Registering MapOutputTracker
[2025-12-10T15:14:02.805+0000] {subprocess.py:93} INFO - 25/12/10 15:14:02 INFO SparkEnv: Registering BlockManagerMaster
[2025-12-10T15:14:02.836+0000] {subprocess.py:93} INFO - 25/12/10 15:14:02 INFO BlockManagerMasterEndpoint: Using org.apache.spark.storage.DefaultTopologyMapper for getting topology information
[2025-12-10T15:14:02.837+0000] {subprocess.py:93} INFO - 25/12/10 15:14:02 INFO BlockManagerMasterEndpoint: BlockManagerMasterEndpoint up
[2025-12-10T15:14:02.844+0000] {subprocess.py:93} INFO - 25/12/10 15:14:02 INFO SparkEnv: Registering BlockManagerMasterHeartbeat
[2025-12-10T15:14:02.878+0000] {subprocess.py:93} INFO - 25/12/10 15:14:02 INFO DiskBlockManager: Created local directory at /tmp/blockmgr-e260faea-97c5-435c-89dd-d7aa9c66f95d
[2025-12-10T15:14:02.893+0000] {subprocess.py:93} INFO - 25/12/10 15:14:02 INFO MemoryStore: MemoryStore started with capacity 434.4 MiB
[2025-12-10T15:14:02.935+0000] {subprocess.py:93} INFO - 25/12/10 15:14:02 INFO SparkEnv: Registering OutputCommitCoordinator
[2025-12-10T15:14:03.168+0000] {subprocess.py:93} INFO - 25/12/10 15:14:03 INFO JettyUtils: Start Jetty 0.0.0.0:4040 for SparkUI
[2025-12-10T15:14:03.265+0000] {subprocess.py:93} INFO - 25/12/10 15:14:03 INFO Utils: Successfully started service 'SparkUI' on port 4040.
[2025-12-10T15:14:03.359+0000] {subprocess.py:93} INFO - 25/12/10 15:14:03 INFO SparkContext: Added JAR file:///home/***/.ivy2/jars/org.apache.hadoop_hadoop-aws-3.3.4.jar at spark://2be59bfabb7a:41293/jars/org.apache.hadoop_hadoop-aws-3.3.4.jar with timestamp 1765379642220
[2025-12-10T15:14:03.362+0000] {subprocess.py:93} INFO - 25/12/10 15:14:03 INFO SparkContext: Added JAR file:///home/***/.ivy2/jars/org.postgresql_postgresql-42.7.1.jar at spark://2be59bfabb7a:41293/jars/org.postgresql_postgresql-42.7.1.jar with timestamp 1765379642220
[2025-12-10T15:14:03.365+0000] {subprocess.py:93} INFO - 25/12/10 15:14:03 INFO SparkContext: Added JAR file:///home/***/.ivy2/jars/com.amazonaws_aws-java-sdk-bundle-1.12.262.jar at spark://2be59bfabb7a:41293/jars/com.amazonaws_aws-java-sdk-bundle-1.12.262.jar with timestamp 1765379642220
[2025-12-10T15:14:03.369+0000] {subprocess.py:93} INFO - 25/12/10 15:14:03 INFO SparkContext: Added JAR file:///home/***/.ivy2/jars/org.wildfly.openssl_wildfly-openssl-1.0.7.Final.jar at spark://2be59bfabb7a:41293/jars/org.wildfly.openssl_wildfly-openssl-1.0.7.Final.jar with timestamp 1765379642220
[2025-12-10T15:14:03.372+0000] {subprocess.py:93} INFO - 25/12/10 15:14:03 INFO SparkContext: Added JAR file:///home/***/.ivy2/jars/org.checkerframework_checker-qual-3.41.0.jar at spark://2be59bfabb7a:41293/jars/org.checkerframework_checker-qual-3.41.0.jar with timestamp 1765379642220
[2025-12-10T15:14:03.376+0000] {subprocess.py:93} INFO - 25/12/10 15:14:03 INFO SparkContext: Added file file:///home/***/.ivy2/jars/org.apache.hadoop_hadoop-aws-3.3.4.jar at file:///home/***/.ivy2/jars/org.apache.hadoop_hadoop-aws-3.3.4.jar with timestamp 1765379642220
[2025-12-10T15:14:03.379+0000] {subprocess.py:93} INFO - 25/12/10 15:14:03 INFO Utils: Copying /home/***/.ivy2/jars/org.apache.hadoop_hadoop-aws-3.3.4.jar to /tmp/spark-8d4f1d2d-3e84-4f4c-ad13-25ea9dd67796/userFiles-aa4b8212-1181-40e8-bd8d-9d7389ba83c9/org.apache.hadoop_hadoop-aws-3.3.4.jar
[2025-12-10T15:14:03.402+0000] {subprocess.py:93} INFO - 25/12/10 15:14:03 INFO SparkContext: Added file file:///home/***/.ivy2/jars/org.postgresql_postgresql-42.7.1.jar at file:///home/***/.ivy2/jars/org.postgresql_postgresql-42.7.1.jar with timestamp 1765379642220
[2025-12-10T15:14:03.403+0000] {subprocess.py:93} INFO - 25/12/10 15:14:03 INFO Utils: Copying /home/***/.ivy2/jars/org.postgresql_postgresql-42.7.1.jar to /tmp/spark-8d4f1d2d-3e84-4f4c-ad13-25ea9dd67796/userFiles-aa4b8212-1181-40e8-bd8d-9d7389ba83c9/org.postgresql_postgresql-42.7.1.jar
[2025-12-10T15:14:03.419+0000] {subprocess.py:93} INFO - 25/12/10 15:14:03 INFO SparkContext: Added file file:///home/***/.ivy2/jars/com.amazonaws_aws-java-sdk-bundle-1.12.262.jar at file:///home/***/.ivy2/jars/com.amazonaws_aws-java-sdk-bundle-1.12.262.jar with timestamp 1765379642220
[2025-12-10T15:14:03.423+0000] {subprocess.py:93} INFO - 25/12/10 15:14:03 INFO Utils: Copying /home/***/.ivy2/jars/com.amazonaws_aws-java-sdk-bundle-1.12.262.jar to /tmp/spark-8d4f1d2d-3e84-4f4c-ad13-25ea9dd67796/userFiles-aa4b8212-1181-40e8-bd8d-9d7389ba83c9/com.amazonaws_aws-java-sdk-bundle-1.12.262.jar
[2025-12-10T15:14:03.722+0000] {subprocess.py:93} INFO - 25/12/10 15:14:03 INFO SparkContext: Added file file:///home/***/.ivy2/jars/org.wildfly.openssl_wildfly-openssl-1.0.7.Final.jar at file:///home/***/.ivy2/jars/org.wildfly.openssl_wildfly-openssl-1.0.7.Final.jar with timestamp 1765379642220
[2025-12-10T15:14:03.723+0000] {subprocess.py:93} INFO - 25/12/10 15:14:03 INFO Utils: Copying /home/***/.ivy2/jars/org.wildfly.openssl_wildfly-openssl-1.0.7.Final.jar to /tmp/spark-8d4f1d2d-3e84-4f4c-ad13-25ea9dd67796/userFiles-aa4b8212-1181-40e8-bd8d-9d7389ba83c9/org.wildfly.openssl_wildfly-openssl-1.0.7.Final.jar
[2025-12-10T15:14:03.729+0000] {subprocess.py:93} INFO - 25/12/10 15:14:03 INFO SparkContext: Added file file:///home/***/.ivy2/jars/org.checkerframework_checker-qual-3.41.0.jar at file:///home/***/.ivy2/jars/org.checkerframework_checker-qual-3.41.0.jar with timestamp 1765379642220
[2025-12-10T15:14:03.730+0000] {subprocess.py:93} INFO - 25/12/10 15:14:03 INFO Utils: Copying /home/***/.ivy2/jars/org.checkerframework_checker-qual-3.41.0.jar to /tmp/spark-8d4f1d2d-3e84-4f4c-ad13-25ea9dd67796/userFiles-aa4b8212-1181-40e8-bd8d-9d7389ba83c9/org.checkerframework_checker-qual-3.41.0.jar
[2025-12-10T15:14:03.797+0000] {subprocess.py:93} INFO - 25/12/10 15:14:03 INFO Executor: Starting executor ID driver on host 2be59bfabb7a
[2025-12-10T15:14:03.798+0000] {subprocess.py:93} INFO - 25/12/10 15:14:03 INFO Executor: OS info Linux, 6.6.87.2-microsoft-standard-WSL2, amd64
[2025-12-10T15:14:03.799+0000] {subprocess.py:93} INFO - 25/12/10 15:14:03 INFO Executor: Java version 17.0.17
[2025-12-10T15:14:03.803+0000] {subprocess.py:93} INFO - 25/12/10 15:14:03 INFO Executor: Starting executor with user classpath (userClassPathFirst = false): ''
[2025-12-10T15:14:03.804+0000] {subprocess.py:93} INFO - 25/12/10 15:14:03 INFO Executor: Created or updated repl class loader org.apache.spark.util.MutableURLClassLoader@30034cd5 for default.
[2025-12-10T15:14:03.813+0000] {subprocess.py:93} INFO - 25/12/10 15:14:03 INFO Executor: Fetching file:///home/***/.ivy2/jars/org.apache.hadoop_hadoop-aws-3.3.4.jar with timestamp 1765379642220
[2025-12-10T15:14:03.833+0000] {subprocess.py:93} INFO - 25/12/10 15:14:03 INFO Utils: /home/***/.ivy2/jars/org.apache.hadoop_hadoop-aws-3.3.4.jar has been previously copied to /tmp/spark-8d4f1d2d-3e84-4f4c-ad13-25ea9dd67796/userFiles-aa4b8212-1181-40e8-bd8d-9d7389ba83c9/org.apache.hadoop_hadoop-aws-3.3.4.jar
[2025-12-10T15:14:03.842+0000] {subprocess.py:93} INFO - 25/12/10 15:14:03 INFO Executor: Fetching file:///home/***/.ivy2/jars/org.checkerframework_checker-qual-3.41.0.jar with timestamp 1765379642220
[2025-12-10T15:14:03.843+0000] {subprocess.py:93} INFO - 25/12/10 15:14:03 INFO Utils: /home/***/.ivy2/jars/org.checkerframework_checker-qual-3.41.0.jar has been previously copied to /tmp/spark-8d4f1d2d-3e84-4f4c-ad13-25ea9dd67796/userFiles-aa4b8212-1181-40e8-bd8d-9d7389ba83c9/org.checkerframework_checker-qual-3.41.0.jar
[2025-12-10T15:14:03.849+0000] {subprocess.py:93} INFO - 25/12/10 15:14:03 INFO Executor: Fetching file:///home/***/.ivy2/jars/org.wildfly.openssl_wildfly-openssl-1.0.7.Final.jar with timestamp 1765379642220
[2025-12-10T15:14:03.850+0000] {subprocess.py:93} INFO - 25/12/10 15:14:03 INFO Utils: /home/***/.ivy2/jars/org.wildfly.openssl_wildfly-openssl-1.0.7.Final.jar has been previously copied to /tmp/spark-8d4f1d2d-3e84-4f4c-ad13-25ea9dd67796/userFiles-aa4b8212-1181-40e8-bd8d-9d7389ba83c9/org.wildfly.openssl_wildfly-openssl-1.0.7.Final.jar
[2025-12-10T15:14:03.858+0000] {subprocess.py:93} INFO - 25/12/10 15:14:03 INFO Executor: Fetching file:///home/***/.ivy2/jars/org.postgresql_postgresql-42.7.1.jar with timestamp 1765379642220
[2025-12-10T15:14:03.859+0000] {subprocess.py:93} INFO - 25/12/10 15:14:03 INFO Utils: /home/***/.ivy2/jars/org.postgresql_postgresql-42.7.1.jar has been previously copied to /tmp/spark-8d4f1d2d-3e84-4f4c-ad13-25ea9dd67796/userFiles-aa4b8212-1181-40e8-bd8d-9d7389ba83c9/org.postgresql_postgresql-42.7.1.jar
[2025-12-10T15:14:03.866+0000] {subprocess.py:93} INFO - 25/12/10 15:14:03 INFO Executor: Fetching file:///home/***/.ivy2/jars/com.amazonaws_aws-java-sdk-bundle-1.12.262.jar with timestamp 1765379642220
[2025-12-10T15:14:04.006+0000] {subprocess.py:93} INFO - 25/12/10 15:14:04 INFO Utils: /home/***/.ivy2/jars/com.amazonaws_aws-java-sdk-bundle-1.12.262.jar has been previously copied to /tmp/spark-8d4f1d2d-3e84-4f4c-ad13-25ea9dd67796/userFiles-aa4b8212-1181-40e8-bd8d-9d7389ba83c9/com.amazonaws_aws-java-sdk-bundle-1.12.262.jar
[2025-12-10T15:14:04.013+0000] {subprocess.py:93} INFO - 25/12/10 15:14:04 INFO Executor: Fetching spark://2be59bfabb7a:41293/jars/org.apache.hadoop_hadoop-aws-3.3.4.jar with timestamp 1765379642220
[2025-12-10T15:14:04.038+0000] {subprocess.py:93} INFO - 25/12/10 15:14:04 INFO TransportClientFactory: Successfully created connection to 2be59bfabb7a/172.19.0.9:41293 after 16 ms (0 ms spent in bootstraps)
[2025-12-10T15:14:04.043+0000] {subprocess.py:93} INFO - 25/12/10 15:14:04 INFO Utils: Fetching spark://2be59bfabb7a:41293/jars/org.apache.hadoop_hadoop-aws-3.3.4.jar to /tmp/spark-8d4f1d2d-3e84-4f4c-ad13-25ea9dd67796/userFiles-aa4b8212-1181-40e8-bd8d-9d7389ba83c9/fetchFileTemp9292470721968167575.tmp
[2025-12-10T15:14:04.065+0000] {subprocess.py:93} INFO - 25/12/10 15:14:04 INFO Utils: /tmp/spark-8d4f1d2d-3e84-4f4c-ad13-25ea9dd67796/userFiles-aa4b8212-1181-40e8-bd8d-9d7389ba83c9/fetchFileTemp9292470721968167575.tmp has been previously copied to /tmp/spark-8d4f1d2d-3e84-4f4c-ad13-25ea9dd67796/userFiles-aa4b8212-1181-40e8-bd8d-9d7389ba83c9/org.apache.hadoop_hadoop-aws-3.3.4.jar
[2025-12-10T15:14:04.072+0000] {subprocess.py:93} INFO - 25/12/10 15:14:04 INFO Executor: Adding file:/tmp/spark-8d4f1d2d-3e84-4f4c-ad13-25ea9dd67796/userFiles-aa4b8212-1181-40e8-bd8d-9d7389ba83c9/org.apache.hadoop_hadoop-aws-3.3.4.jar to class loader default
[2025-12-10T15:14:04.073+0000] {subprocess.py:93} INFO - 25/12/10 15:14:04 INFO Executor: Fetching spark://2be59bfabb7a:41293/jars/org.checkerframework_checker-qual-3.41.0.jar with timestamp 1765379642220
[2025-12-10T15:14:04.074+0000] {subprocess.py:93} INFO - 25/12/10 15:14:04 INFO Utils: Fetching spark://2be59bfabb7a:41293/jars/org.checkerframework_checker-qual-3.41.0.jar to /tmp/spark-8d4f1d2d-3e84-4f4c-ad13-25ea9dd67796/userFiles-aa4b8212-1181-40e8-bd8d-9d7389ba83c9/fetchFileTemp1431652922871366808.tmp
[2025-12-10T15:14:04.076+0000] {subprocess.py:93} INFO - 25/12/10 15:14:04 INFO Utils: /tmp/spark-8d4f1d2d-3e84-4f4c-ad13-25ea9dd67796/userFiles-aa4b8212-1181-40e8-bd8d-9d7389ba83c9/fetchFileTemp1431652922871366808.tmp has been previously copied to /tmp/spark-8d4f1d2d-3e84-4f4c-ad13-25ea9dd67796/userFiles-aa4b8212-1181-40e8-bd8d-9d7389ba83c9/org.checkerframework_checker-qual-3.41.0.jar
[2025-12-10T15:14:04.084+0000] {subprocess.py:93} INFO - 25/12/10 15:14:04 INFO Executor: Adding file:/tmp/spark-8d4f1d2d-3e84-4f4c-ad13-25ea9dd67796/userFiles-aa4b8212-1181-40e8-bd8d-9d7389ba83c9/org.checkerframework_checker-qual-3.41.0.jar to class loader default
[2025-12-10T15:14:04.085+0000] {subprocess.py:93} INFO - 25/12/10 15:14:04 INFO Executor: Fetching spark://2be59bfabb7a:41293/jars/com.amazonaws_aws-java-sdk-bundle-1.12.262.jar with timestamp 1765379642220
[2025-12-10T15:14:04.086+0000] {subprocess.py:93} INFO - 25/12/10 15:14:04 INFO Utils: Fetching spark://2be59bfabb7a:41293/jars/com.amazonaws_aws-java-sdk-bundle-1.12.262.jar to /tmp/spark-8d4f1d2d-3e84-4f4c-ad13-25ea9dd67796/userFiles-aa4b8212-1181-40e8-bd8d-9d7389ba83c9/fetchFileTemp7687948443326992913.tmp
[2025-12-10T15:14:04.914+0000] {subprocess.py:93} INFO - 25/12/10 15:14:04 INFO Utils: /tmp/spark-8d4f1d2d-3e84-4f4c-ad13-25ea9dd67796/userFiles-aa4b8212-1181-40e8-bd8d-9d7389ba83c9/fetchFileTemp7687948443326992913.tmp has been previously copied to /tmp/spark-8d4f1d2d-3e84-4f4c-ad13-25ea9dd67796/userFiles-aa4b8212-1181-40e8-bd8d-9d7389ba83c9/com.amazonaws_aws-java-sdk-bundle-1.12.262.jar
[2025-12-10T15:14:04.954+0000] {subprocess.py:93} INFO - 25/12/10 15:14:04 INFO Executor: Adding file:/tmp/spark-8d4f1d2d-3e84-4f4c-ad13-25ea9dd67796/userFiles-aa4b8212-1181-40e8-bd8d-9d7389ba83c9/com.amazonaws_aws-java-sdk-bundle-1.12.262.jar to class loader default
[2025-12-10T15:14:04.955+0000] {subprocess.py:93} INFO - 25/12/10 15:14:04 INFO Executor: Fetching spark://2be59bfabb7a:41293/jars/org.postgresql_postgresql-42.7.1.jar with timestamp 1765379642220
[2025-12-10T15:14:04.956+0000] {subprocess.py:93} INFO - 25/12/10 15:14:04 INFO Utils: Fetching spark://2be59bfabb7a:41293/jars/org.postgresql_postgresql-42.7.1.jar to /tmp/spark-8d4f1d2d-3e84-4f4c-ad13-25ea9dd67796/userFiles-aa4b8212-1181-40e8-bd8d-9d7389ba83c9/fetchFileTemp13168487206930811530.tmp
[2025-12-10T15:14:04.962+0000] {subprocess.py:93} INFO - 25/12/10 15:14:04 INFO Utils: /tmp/spark-8d4f1d2d-3e84-4f4c-ad13-25ea9dd67796/userFiles-aa4b8212-1181-40e8-bd8d-9d7389ba83c9/fetchFileTemp13168487206930811530.tmp has been previously copied to /tmp/spark-8d4f1d2d-3e84-4f4c-ad13-25ea9dd67796/userFiles-aa4b8212-1181-40e8-bd8d-9d7389ba83c9/org.postgresql_postgresql-42.7.1.jar
[2025-12-10T15:14:04.973+0000] {subprocess.py:93} INFO - 25/12/10 15:14:04 INFO Executor: Adding file:/tmp/spark-8d4f1d2d-3e84-4f4c-ad13-25ea9dd67796/userFiles-aa4b8212-1181-40e8-bd8d-9d7389ba83c9/org.postgresql_postgresql-42.7.1.jar to class loader default
[2025-12-10T15:14:04.974+0000] {subprocess.py:93} INFO - 25/12/10 15:14:04 INFO Executor: Fetching spark://2be59bfabb7a:41293/jars/org.wildfly.openssl_wildfly-openssl-1.0.7.Final.jar with timestamp 1765379642220
[2025-12-10T15:14:04.975+0000] {subprocess.py:93} INFO - 25/12/10 15:14:04 INFO Utils: Fetching spark://2be59bfabb7a:41293/jars/org.wildfly.openssl_wildfly-openssl-1.0.7.Final.jar to /tmp/spark-8d4f1d2d-3e84-4f4c-ad13-25ea9dd67796/userFiles-aa4b8212-1181-40e8-bd8d-9d7389ba83c9/fetchFileTemp1542323456041339451.tmp
[2025-12-10T15:14:04.977+0000] {subprocess.py:93} INFO - 25/12/10 15:14:04 INFO Utils: /tmp/spark-8d4f1d2d-3e84-4f4c-ad13-25ea9dd67796/userFiles-aa4b8212-1181-40e8-bd8d-9d7389ba83c9/fetchFileTemp1542323456041339451.tmp has been previously copied to /tmp/spark-8d4f1d2d-3e84-4f4c-ad13-25ea9dd67796/userFiles-aa4b8212-1181-40e8-bd8d-9d7389ba83c9/org.wildfly.openssl_wildfly-openssl-1.0.7.Final.jar
[2025-12-10T15:14:04.988+0000] {subprocess.py:93} INFO - 25/12/10 15:14:04 INFO Executor: Adding file:/tmp/spark-8d4f1d2d-3e84-4f4c-ad13-25ea9dd67796/userFiles-aa4b8212-1181-40e8-bd8d-9d7389ba83c9/org.wildfly.openssl_wildfly-openssl-1.0.7.Final.jar to class loader default
[2025-12-10T15:14:04.995+0000] {subprocess.py:93} INFO - 25/12/10 15:14:04 INFO Utils: Successfully started service 'org.apache.spark.network.netty.NettyBlockTransferService' on port 36183.
[2025-12-10T15:14:04.996+0000] {subprocess.py:93} INFO - 25/12/10 15:14:04 INFO NettyBlockTransferService: Server created on 2be59bfabb7a:36183
[2025-12-10T15:14:04.998+0000] {subprocess.py:93} INFO - 25/12/10 15:14:04 INFO BlockManager: Using org.apache.spark.storage.RandomBlockReplicationPolicy for block replication policy
[2025-12-10T15:14:05.006+0000] {subprocess.py:93} INFO - 25/12/10 15:14:05 INFO BlockManagerMaster: Registering BlockManager BlockManagerId(driver, 2be59bfabb7a, 36183, None)
[2025-12-10T15:14:05.010+0000] {subprocess.py:93} INFO - 25/12/10 15:14:05 INFO BlockManagerMasterEndpoint: Registering block manager 2be59bfabb7a:36183 with 434.4 MiB RAM, BlockManagerId(driver, 2be59bfabb7a, 36183, None)
[2025-12-10T15:14:05.013+0000] {subprocess.py:93} INFO - 25/12/10 15:14:05 INFO BlockManagerMaster: Registered BlockManager BlockManagerId(driver, 2be59bfabb7a, 36183, None)
[2025-12-10T15:14:05.015+0000] {subprocess.py:93} INFO - 25/12/10 15:14:05 INFO BlockManager: Initialized BlockManager: BlockManagerId(driver, 2be59bfabb7a, 36183, None)
[2025-12-10T15:14:05.350+0000] {subprocess.py:93} INFO - 📌 Step 1: Reading Gold layer from MinIO...
[2025-12-10T15:14:05.355+0000] {subprocess.py:93} INFO - 25/12/10 15:14:05 INFO SharedState: Setting hive.metastore.warehouse.dir ('null') to the value of spark.sql.warehouse.dir.
[2025-12-10T15:14:05.357+0000] {subprocess.py:93} INFO - 25/12/10 15:14:05 INFO SharedState: Warehouse path is 'file:/tmp/***tmpmtacyt0y/spark-warehouse'.
[2025-12-10T15:14:05.957+0000] {subprocess.py:93} INFO - 25/12/10 15:14:05 WARN MetricsConfig: Cannot locate configuration: tried hadoop-metrics2-s3a-file-system.properties,hadoop-metrics2.properties
[2025-12-10T15:14:05.965+0000] {subprocess.py:93} INFO - 25/12/10 15:14:05 INFO MetricsSystemImpl: Scheduled Metric snapshot period at 10 second(s).
[2025-12-10T15:14:05.966+0000] {subprocess.py:93} INFO - 25/12/10 15:14:05 INFO MetricsSystemImpl: s3a-file-system metrics system started
[2025-12-10T15:14:06.774+0000] {subprocess.py:93} INFO - 25/12/10 15:14:06 INFO InMemoryFileIndex: It took 43 ms to list leaf files for 1 paths.
[2025-12-10T15:14:07.050+0000] {subprocess.py:93} INFO - 25/12/10 15:14:07 INFO SparkContext: Starting job: parquet at NativeMethodAccessorImpl.java:0
[2025-12-10T15:14:07.060+0000] {subprocess.py:93} INFO - 25/12/10 15:14:07 INFO DAGScheduler: Got job 0 (parquet at NativeMethodAccessorImpl.java:0) with 1 output partitions
[2025-12-10T15:14:07.061+0000] {subprocess.py:93} INFO - 25/12/10 15:14:07 INFO DAGScheduler: Final stage: ResultStage 0 (parquet at NativeMethodAccessorImpl.java:0)
[2025-12-10T15:14:07.061+0000] {subprocess.py:93} INFO - 25/12/10 15:14:07 INFO DAGScheduler: Parents of final stage: List()
[2025-12-10T15:14:07.062+0000] {subprocess.py:93} INFO - 25/12/10 15:14:07 INFO DAGScheduler: Missing parents: List()
[2025-12-10T15:14:07.064+0000] {subprocess.py:93} INFO - 25/12/10 15:14:07 INFO DAGScheduler: Submitting ResultStage 0 (MapPartitionsRDD[1] at parquet at NativeMethodAccessorImpl.java:0), which has no missing parents
[2025-12-10T15:14:07.120+0000] {subprocess.py:93} INFO - 25/12/10 15:14:07 INFO MemoryStore: Block broadcast_0 stored as values in memory (estimated size 106.5 KiB, free 434.3 MiB)
[2025-12-10T15:14:07.154+0000] {subprocess.py:93} INFO - 25/12/10 15:14:07 INFO MemoryStore: Block broadcast_0_piece0 stored as bytes in memory (estimated size 38.5 KiB, free 434.3 MiB)
[2025-12-10T15:14:07.159+0000] {subprocess.py:93} INFO - 25/12/10 15:14:07 INFO BlockManagerInfo: Added broadcast_0_piece0 in memory on 2be59bfabb7a:36183 (size: 38.5 KiB, free: 434.4 MiB)
[2025-12-10T15:14:07.162+0000] {subprocess.py:93} INFO - 25/12/10 15:14:07 INFO SparkContext: Created broadcast 0 from broadcast at DAGScheduler.scala:1580
[2025-12-10T15:14:07.175+0000] {subprocess.py:93} INFO - 25/12/10 15:14:07 INFO DAGScheduler: Submitting 1 missing tasks from ResultStage 0 (MapPartitionsRDD[1] at parquet at NativeMethodAccessorImpl.java:0) (first 15 tasks are for partitions Vector(0))
[2025-12-10T15:14:07.176+0000] {subprocess.py:93} INFO - 25/12/10 15:14:07 INFO TaskSchedulerImpl: Adding task set 0.0 with 1 tasks resource profile 0
[2025-12-10T15:14:07.224+0000] {subprocess.py:93} INFO - 25/12/10 15:14:07 INFO TaskSetManager: Starting task 0.0 in stage 0.0 (TID 0) (2be59bfabb7a, executor driver, partition 0, PROCESS_LOCAL, 8811 bytes)
[2025-12-10T15:14:07.235+0000] {subprocess.py:93} INFO - 25/12/10 15:14:07 INFO Executor: Running task 0.0 in stage 0.0 (TID 0)
[2025-12-10T15:14:07.395+0000] {subprocess.py:93} INFO - 25/12/10 15:14:07 INFO S3AInputStream: Switching to Random IO seek policy
[2025-12-10T15:14:07.588+0000] {subprocess.py:93} INFO - 25/12/10 15:14:07 INFO Executor: Finished task 0.0 in stage 0.0 (TID 0). 2033 bytes result sent to driver
[2025-12-10T15:14:07.602+0000] {subprocess.py:93} INFO - 25/12/10 15:14:07 INFO TaskSetManager: Finished task 0.0 in stage 0.0 (TID 0) in 400 ms on 2be59bfabb7a (executor driver) (1/1)
[2025-12-10T15:14:07.606+0000] {subprocess.py:93} INFO - 25/12/10 15:14:07 INFO TaskSchedulerImpl: Removed TaskSet 0.0, whose tasks have all completed, from pool
[2025-12-10T15:14:07.609+0000] {subprocess.py:93} INFO - 25/12/10 15:14:07 INFO DAGScheduler: ResultStage 0 (parquet at NativeMethodAccessorImpl.java:0) finished in 0.531 s
[2025-12-10T15:14:07.612+0000] {subprocess.py:93} INFO - 25/12/10 15:14:07 INFO DAGScheduler: Job 0 is finished. Cancelling potential speculative or zombie tasks for this job
[2025-12-10T15:14:07.613+0000] {subprocess.py:93} INFO - 25/12/10 15:14:07 INFO TaskSchedulerImpl: Killing all running tasks in stage 0: Stage finished
[2025-12-10T15:14:07.615+0000] {subprocess.py:93} INFO - 25/12/10 15:14:07 INFO DAGScheduler: Job 0 finished: parquet at NativeMethodAccessorImpl.java:0, took 0.564426 s
[2025-12-10T15:14:08.590+0000] {subprocess.py:93} INFO - 25/12/10 15:14:08 INFO FileSourceStrategy: Pushed Filters:
[2025-12-10T15:14:08.592+0000] {subprocess.py:93} INFO - 25/12/10 15:14:08 INFO FileSourceStrategy: Post-Scan Filters:
[2025-12-10T15:14:09.208+0000] {subprocess.py:93} INFO - 25/12/10 15:14:09 INFO CodeGenerator: Code generated in 317.337821 ms
[2025-12-10T15:14:09.237+0000] {subprocess.py:93} INFO - 25/12/10 15:14:09 INFO MemoryStore: Block broadcast_1 stored as values in memory (estimated size 205.5 KiB, free 434.1 MiB)
[2025-12-10T15:14:09.259+0000] {subprocess.py:93} INFO - 25/12/10 15:14:09 INFO MemoryStore: Block broadcast_1_piece0 stored as bytes in memory (estimated size 36.1 KiB, free 434.0 MiB)
[2025-12-10T15:14:09.261+0000] {subprocess.py:93} INFO - 25/12/10 15:14:09 INFO BlockManagerInfo: Added broadcast_1_piece0 in memory on 2be59bfabb7a:36183 (size: 36.1 KiB, free: 434.3 MiB)
[2025-12-10T15:14:09.263+0000] {subprocess.py:93} INFO - 25/12/10 15:14:09 INFO SparkContext: Created broadcast 1 from count at NativeMethodAccessorImpl.java:0
[2025-12-10T15:14:09.292+0000] {subprocess.py:93} INFO - 25/12/10 15:14:09 INFO FileSourceScanExec: Planning scan with bin packing, max size: 4196171 bytes, open cost is considered as scanning 4194304 bytes.
[2025-12-10T15:14:09.304+0000] {subprocess.py:93} INFO - 25/12/10 15:14:09 INFO BlockManagerInfo: Removed broadcast_0_piece0 on 2be59bfabb7a:36183 in memory (size: 38.5 KiB, free: 434.4 MiB)
[2025-12-10T15:14:09.365+0000] {subprocess.py:93} INFO - 25/12/10 15:14:09 INFO DAGScheduler: Registering RDD 5 (count at NativeMethodAccessorImpl.java:0) as input to shuffle 0
[2025-12-10T15:14:09.371+0000] {subprocess.py:93} INFO - 25/12/10 15:14:09 INFO DAGScheduler: Got map stage job 1 (count at NativeMethodAccessorImpl.java:0) with 2 output partitions
[2025-12-10T15:14:09.375+0000] {subprocess.py:93} INFO - 25/12/10 15:14:09 INFO DAGScheduler: Final stage: ShuffleMapStage 1 (count at NativeMethodAccessorImpl.java:0)
[2025-12-10T15:14:09.376+0000] {subprocess.py:93} INFO - 25/12/10 15:14:09 INFO DAGScheduler: Parents of final stage: List()
[2025-12-10T15:14:09.376+0000] {subprocess.py:93} INFO - 25/12/10 15:14:09 INFO DAGScheduler: Missing parents: List()
[2025-12-10T15:14:09.377+0000] {subprocess.py:93} INFO - 25/12/10 15:14:09 INFO DAGScheduler: Submitting ShuffleMapStage 1 (MapPartitionsRDD[5] at count at NativeMethodAccessorImpl.java:0), which has no missing parents
[2025-12-10T15:14:09.419+0000] {subprocess.py:93} INFO - 25/12/10 15:14:09 INFO MemoryStore: Block broadcast_2 stored as values in memory (estimated size 16.8 KiB, free 434.1 MiB)
[2025-12-10T15:14:09.435+0000] {subprocess.py:93} INFO - 25/12/10 15:14:09 INFO MemoryStore: Block broadcast_2_piece0 stored as bytes in memory (estimated size 7.7 KiB, free 434.1 MiB)
[2025-12-10T15:14:09.439+0000] {subprocess.py:93} INFO - 25/12/10 15:14:09 INFO BlockManagerInfo: Added broadcast_2_piece0 in memory on 2be59bfabb7a:36183 (size: 7.7 KiB, free: 434.4 MiB)
[2025-12-10T15:14:09.442+0000] {subprocess.py:93} INFO - 25/12/10 15:14:09 INFO SparkContext: Created broadcast 2 from broadcast at DAGScheduler.scala:1580
[2025-12-10T15:14:09.447+0000] {subprocess.py:93} INFO - 25/12/10 15:14:09 INFO DAGScheduler: Submitting 2 missing tasks from ShuffleMapStage 1 (MapPartitionsRDD[5] at count at NativeMethodAccessorImpl.java:0) (first 15 tasks are for partitions Vector(0, 1))
[2025-12-10T15:14:09.449+0000] {subprocess.py:93} INFO - 25/12/10 15:14:09 INFO TaskSchedulerImpl: Adding task set 1.0 with 2 tasks resource profile 0
[2025-12-10T15:14:09.469+0000] {subprocess.py:93} INFO - 25/12/10 15:14:09 INFO TaskSetManager: Starting task 0.0 in stage 1.0 (TID 1) (2be59bfabb7a, executor driver, partition 0, PROCESS_LOCAL, 9305 bytes)
[2025-12-10T15:14:09.474+0000] {subprocess.py:93} INFO - 25/12/10 15:14:09 INFO TaskSetManager: Starting task 1.0 in stage 1.0 (TID 2) (2be59bfabb7a, executor driver, partition 1, PROCESS_LOCAL, 9305 bytes)
[2025-12-10T15:14:09.476+0000] {subprocess.py:93} INFO - 25/12/10 15:14:09 INFO Executor: Running task 0.0 in stage 1.0 (TID 1)
[2025-12-10T15:14:09.477+0000] {subprocess.py:93} INFO - 25/12/10 15:14:09 INFO Executor: Running task 1.0 in stage 1.0 (TID 2)
[2025-12-10T15:14:09.570+0000] {subprocess.py:93} INFO - 25/12/10 15:14:09 INFO CodeGenerator: Code generated in 28.671462 ms
[2025-12-10T15:14:09.584+0000] {subprocess.py:93} INFO - 25/12/10 15:14:09 INFO FileScanRDD: Reading File path: s3a://datalake/gold/daily_summary/part-00000-6edd323d-0547-448c-b4f4-4f1d837aacc5-c000.snappy.parquet, range: 0-1867, partition values: [empty row]
[2025-12-10T15:14:09.586+0000] {subprocess.py:93} INFO - 25/12/10 15:14:09 INFO FileScanRDD: Reading File path: s3a://datalake/gold/daily_summary/part-00000-50566c68-6b87-404e-91eb-6bc7138aa1a8-c000.snappy.parquet, range: 0-1867, partition values: [empty row]
[2025-12-10T15:14:09.609+0000] {subprocess.py:93} INFO - 25/12/10 15:14:09 INFO S3AInputStream: Switching to Random IO seek policy
[2025-12-10T15:14:09.610+0000] {subprocess.py:93} INFO - 25/12/10 15:14:09 INFO S3AInputStream: Switching to Random IO seek policy
[2025-12-10T15:14:09.745+0000] {subprocess.py:93} INFO - 25/12/10 15:14:09 INFO Executor: Finished task 1.0 in stage 1.0 (TID 2). 2179 bytes result sent to driver
[2025-12-10T15:14:09.746+0000] {subprocess.py:93} INFO - 25/12/10 15:14:09 INFO Executor: Finished task 0.0 in stage 1.0 (TID 1). 2179 bytes result sent to driver
[2025-12-10T15:14:09.751+0000] {subprocess.py:93} INFO - 25/12/10 15:14:09 INFO TaskSetManager: Finished task 0.0 in stage 1.0 (TID 1) in 298 ms on 2be59bfabb7a (executor driver) (1/2)
[2025-12-10T15:14:09.752+0000] {subprocess.py:93} INFO - 25/12/10 15:14:09 INFO TaskSetManager: Finished task 1.0 in stage 1.0 (TID 2) in 282 ms on 2be59bfabb7a (executor driver) (2/2)
[2025-12-10T15:14:09.759+0000] {subprocess.py:93} INFO - 25/12/10 15:14:09 INFO TaskSchedulerImpl: Removed TaskSet 1.0, whose tasks have all completed, from pool
[2025-12-10T15:14:09.759+0000] {subprocess.py:93} INFO - 25/12/10 15:14:09 INFO DAGScheduler: ShuffleMapStage 1 (count at NativeMethodAccessorImpl.java:0) finished in 0.373 s
[2025-12-10T15:14:09.760+0000] {subprocess.py:93} INFO - 25/12/10 15:14:09 INFO DAGScheduler: looking for newly runnable stages
[2025-12-10T15:14:09.761+0000] {subprocess.py:93} INFO - 25/12/10 15:14:09 INFO DAGScheduler: running: Set()
[2025-12-10T15:14:09.762+0000] {subprocess.py:93} INFO - 25/12/10 15:14:09 INFO DAGScheduler: waiting: Set()
[2025-12-10T15:14:09.762+0000] {subprocess.py:93} INFO - 25/12/10 15:14:09 INFO DAGScheduler: failed: Set()
[2025-12-10T15:14:09.787+0000] {subprocess.py:93} INFO - 25/12/10 15:14:09 INFO CodeGenerator: Code generated in 8.335535 ms
[2025-12-10T15:14:09.806+0000] {subprocess.py:93} INFO - 25/12/10 15:14:09 INFO SparkContext: Starting job: count at NativeMethodAccessorImpl.java:0
[2025-12-10T15:14:09.810+0000] {subprocess.py:93} INFO - 25/12/10 15:14:09 INFO DAGScheduler: Got job 2 (count at NativeMethodAccessorImpl.java:0) with 1 output partitions
[2025-12-10T15:14:09.811+0000] {subprocess.py:93} INFO - 25/12/10 15:14:09 INFO DAGScheduler: Final stage: ResultStage 3 (count at NativeMethodAccessorImpl.java:0)
[2025-12-10T15:14:09.812+0000] {subprocess.py:93} INFO - 25/12/10 15:14:09 INFO DAGScheduler: Parents of final stage: List(ShuffleMapStage 2)
[2025-12-10T15:14:09.813+0000] {subprocess.py:93} INFO - 25/12/10 15:14:09 INFO DAGScheduler: Missing parents: List()
[2025-12-10T15:14:09.814+0000] {subprocess.py:93} INFO - 25/12/10 15:14:09 INFO DAGScheduler: Submitting ResultStage 3 (MapPartitionsRDD[8] at count at NativeMethodAccessorImpl.java:0), which has no missing parents
[2025-12-10T15:14:09.819+0000] {subprocess.py:93} INFO - 25/12/10 15:14:09 INFO MemoryStore: Block broadcast_3 stored as values in memory (estimated size 12.5 KiB, free 434.1 MiB)
[2025-12-10T15:14:09.821+0000] {subprocess.py:93} INFO - 25/12/10 15:14:09 INFO MemoryStore: Block broadcast_3_piece0 stored as bytes in memory (estimated size 5.9 KiB, free 434.1 MiB)
[2025-12-10T15:14:09.821+0000] {subprocess.py:93} INFO - 25/12/10 15:14:09 INFO BlockManagerInfo: Added broadcast_3_piece0 in memory on 2be59bfabb7a:36183 (size: 5.9 KiB, free: 434.4 MiB)
[2025-12-10T15:14:09.822+0000] {subprocess.py:93} INFO - 25/12/10 15:14:09 INFO SparkContext: Created broadcast 3 from broadcast at DAGScheduler.scala:1580
[2025-12-10T15:14:09.823+0000] {subprocess.py:93} INFO - 25/12/10 15:14:09 INFO DAGScheduler: Submitting 1 missing tasks from ResultStage 3 (MapPartitionsRDD[8] at count at NativeMethodAccessorImpl.java:0) (first 15 tasks are for partitions Vector(0))
[2025-12-10T15:14:09.824+0000] {subprocess.py:93} INFO - 25/12/10 15:14:09 INFO TaskSchedulerImpl: Adding task set 3.0 with 1 tasks resource profile 0
[2025-12-10T15:14:09.828+0000] {subprocess.py:93} INFO - 25/12/10 15:14:09 INFO TaskSetManager: Starting task 0.0 in stage 3.0 (TID 3) (2be59bfabb7a, executor driver, partition 0, NODE_LOCAL, 8652 bytes)
[2025-12-10T15:14:09.829+0000] {subprocess.py:93} INFO - 25/12/10 15:14:09 INFO Executor: Running task 0.0 in stage 3.0 (TID 3)
[2025-12-10T15:14:09.857+0000] {subprocess.py:93} INFO - 25/12/10 15:14:09 INFO ShuffleBlockFetcherIterator: Getting 2 (120.0 B) non-empty blocks including 2 (120.0 B) local and 0 (0.0 B) host-local and 0 (0.0 B) push-merged-local and 0 (0.0 B) remote blocks
[2025-12-10T15:14:09.858+0000] {subprocess.py:93} INFO - 25/12/10 15:14:09 INFO ShuffleBlockFetcherIterator: Started 0 remote fetches in 8 ms
[2025-12-10T15:14:09.868+0000] {subprocess.py:93} INFO - 25/12/10 15:14:09 INFO CodeGenerator: Code generated in 7.528685 ms
[2025-12-10T15:14:09.879+0000] {subprocess.py:93} INFO - 25/12/10 15:14:09 INFO Executor: Finished task 0.0 in stage 3.0 (TID 3). 4038 bytes result sent to driver
[2025-12-10T15:14:09.882+0000] {subprocess.py:93} INFO - 25/12/10 15:14:09 INFO TaskSetManager: Finished task 0.0 in stage 3.0 (TID 3) in 55 ms on 2be59bfabb7a (executor driver) (1/1)
[2025-12-10T15:14:09.883+0000] {subprocess.py:93} INFO - 25/12/10 15:14:09 INFO TaskSchedulerImpl: Removed TaskSet 3.0, whose tasks have all completed, from pool
[2025-12-10T15:14:09.884+0000] {subprocess.py:93} INFO - 25/12/10 15:14:09 INFO DAGScheduler: ResultStage 3 (count at NativeMethodAccessorImpl.java:0) finished in 0.066 s
[2025-12-10T15:14:09.885+0000] {subprocess.py:93} INFO - 25/12/10 15:14:09 INFO DAGScheduler: Job 2 is finished. Cancelling potential speculative or zombie tasks for this job
[2025-12-10T15:14:09.886+0000] {subprocess.py:93} INFO - 25/12/10 15:14:09 INFO TaskSchedulerImpl: Killing all running tasks in stage 3: Stage finished
[2025-12-10T15:14:09.888+0000] {subprocess.py:93} INFO - 25/12/10 15:14:09 INFO DAGScheduler: Job 2 finished: count at NativeMethodAccessorImpl.java:0, took 0.077739 s
[2025-12-10T15:14:09.890+0000] {subprocess.py:93} INFO - ✅ Gold layer loaded: 4 records
[2025-12-10T15:14:09.891+0000] {subprocess.py:93} INFO - 
[2025-12-10T15:14:09.892+0000] {subprocess.py:93} INFO - 📌 Step 2: Exporting to PostgreSQL table 'email_daily_summary'...
[2025-12-10T15:14:10.135+0000] {subprocess.py:93} INFO - 25/12/10 15:14:10 INFO FileSourceStrategy: Pushed Filters:
[2025-12-10T15:14:10.136+0000] {subprocess.py:93} INFO - 25/12/10 15:14:10 INFO FileSourceStrategy: Post-Scan Filters:
[2025-12-10T15:14:10.163+0000] {subprocess.py:93} INFO - 25/12/10 15:14:10 INFO CodeGenerator: Code generated in 18.23527 ms
[2025-12-10T15:14:10.176+0000] {subprocess.py:93} INFO - 25/12/10 15:14:10 INFO MemoryStore: Block broadcast_4 stored as values in memory (estimated size 206.2 KiB, free 433.9 MiB)
[2025-12-10T15:14:10.189+0000] {subprocess.py:93} INFO - 25/12/10 15:14:10 INFO MemoryStore: Block broadcast_4_piece0 stored as bytes in memory (estimated size 36.5 KiB, free 433.9 MiB)
[2025-12-10T15:14:10.191+0000] {subprocess.py:93} INFO - 25/12/10 15:14:10 INFO BlockManagerInfo: Added broadcast_4_piece0 in memory on 2be59bfabb7a:36183 (size: 36.5 KiB, free: 434.3 MiB)
[2025-12-10T15:14:10.192+0000] {subprocess.py:93} INFO - 25/12/10 15:14:10 INFO SparkContext: Created broadcast 4 from jdbc at NativeMethodAccessorImpl.java:0
[2025-12-10T15:14:10.194+0000] {subprocess.py:93} INFO - 25/12/10 15:14:10 INFO FileSourceScanExec: Planning scan with bin packing, max size: 4196171 bytes, open cost is considered as scanning 4194304 bytes.
[2025-12-10T15:14:10.248+0000] {subprocess.py:93} INFO - 25/12/10 15:14:10 INFO SparkContext: Starting job: jdbc at NativeMethodAccessorImpl.java:0
[2025-12-10T15:14:10.253+0000] {subprocess.py:93} INFO - 25/12/10 15:14:10 INFO DAGScheduler: Got job 3 (jdbc at NativeMethodAccessorImpl.java:0) with 2 output partitions
[2025-12-10T15:14:10.254+0000] {subprocess.py:93} INFO - 25/12/10 15:14:10 INFO DAGScheduler: Final stage: ResultStage 4 (jdbc at NativeMethodAccessorImpl.java:0)
[2025-12-10T15:14:10.255+0000] {subprocess.py:93} INFO - 25/12/10 15:14:10 INFO DAGScheduler: Parents of final stage: List()
[2025-12-10T15:14:10.256+0000] {subprocess.py:93} INFO - 25/12/10 15:14:10 INFO DAGScheduler: Missing parents: List()
[2025-12-10T15:14:10.257+0000] {subprocess.py:93} INFO - 25/12/10 15:14:10 INFO DAGScheduler: Submitting ResultStage 4 (MapPartitionsRDD[14] at jdbc at NativeMethodAccessorImpl.java:0), which has no missing parents
[2025-12-10T15:14:10.272+0000] {subprocess.py:93} INFO - 25/12/10 15:14:10 INFO MemoryStore: Block broadcast_5 stored as values in memory (estimated size 36.8 KiB, free 433.8 MiB)
[2025-12-10T15:14:10.284+0000] {subprocess.py:93} INFO - 25/12/10 15:14:10 INFO MemoryStore: Block broadcast_5_piece0 stored as bytes in memory (estimated size 16.0 KiB, free 433.8 MiB)
[2025-12-10T15:14:10.287+0000] {subprocess.py:93} INFO - 25/12/10 15:14:10 INFO BlockManagerInfo: Added broadcast_5_piece0 in memory on 2be59bfabb7a:36183 (size: 16.0 KiB, free: 434.3 MiB)
[2025-12-10T15:14:10.291+0000] {subprocess.py:93} INFO - 25/12/10 15:14:10 INFO SparkContext: Created broadcast 5 from broadcast at DAGScheduler.scala:1580
[2025-12-10T15:14:10.293+0000] {subprocess.py:93} INFO - 25/12/10 15:14:10 INFO DAGScheduler: Submitting 2 missing tasks from ResultStage 4 (MapPartitionsRDD[14] at jdbc at NativeMethodAccessorImpl.java:0) (first 15 tasks are for partitions Vector(0, 1))
[2025-12-10T15:14:10.294+0000] {subprocess.py:93} INFO - 25/12/10 15:14:10 INFO TaskSchedulerImpl: Adding task set 4.0 with 2 tasks resource profile 0
[2025-12-10T15:14:10.296+0000] {subprocess.py:93} INFO - 25/12/10 15:14:10 INFO TaskSetManager: Starting task 0.0 in stage 4.0 (TID 4) (2be59bfabb7a, executor driver, partition 0, PROCESS_LOCAL, 9316 bytes)
[2025-12-10T15:14:10.297+0000] {subprocess.py:93} INFO - 25/12/10 15:14:10 INFO BlockManagerInfo: Removed broadcast_1_piece0 on 2be59bfabb7a:36183 in memory (size: 36.1 KiB, free: 434.3 MiB)
[2025-12-10T15:14:10.299+0000] {subprocess.py:93} INFO - 25/12/10 15:14:10 INFO TaskSetManager: Starting task 1.0 in stage 4.0 (TID 5) (2be59bfabb7a, executor driver, partition 1, PROCESS_LOCAL, 9316 bytes)
[2025-12-10T15:14:10.301+0000] {subprocess.py:93} INFO - 25/12/10 15:14:10 INFO Executor: Running task 0.0 in stage 4.0 (TID 4)
[2025-12-10T15:14:10.303+0000] {subprocess.py:93} INFO - 25/12/10 15:14:10 INFO Executor: Running task 1.0 in stage 4.0 (TID 5)
[2025-12-10T15:14:10.308+0000] {subprocess.py:93} INFO - 25/12/10 15:14:10 INFO BlockManagerInfo: Removed broadcast_2_piece0 on 2be59bfabb7a:36183 in memory (size: 7.7 KiB, free: 434.3 MiB)
[2025-12-10T15:14:10.327+0000] {subprocess.py:93} INFO - 25/12/10 15:14:10 INFO BlockManagerInfo: Removed broadcast_3_piece0 on 2be59bfabb7a:36183 in memory (size: 5.9 KiB, free: 434.3 MiB)
[2025-12-10T15:14:10.346+0000] {subprocess.py:93} INFO - 25/12/10 15:14:10 INFO CodeGenerator: Code generated in 10.273457 ms
[2025-12-10T15:14:11.008+0000] {subprocess.py:93} INFO - 25/12/10 15:14:11 INFO CodeGenerator: Code generated in 17.365513 ms
[2025-12-10T15:14:11.011+0000] {subprocess.py:93} INFO - 25/12/10 15:14:11 INFO FileScanRDD: Reading File path: s3a://datalake/gold/daily_summary/part-00000-50566c68-6b87-404e-91eb-6bc7138aa1a8-c000.snappy.parquet, range: 0-1867, partition values: [empty row]
[2025-12-10T15:14:11.012+0000] {subprocess.py:93} INFO - 25/12/10 15:14:11 INFO FileScanRDD: Reading File path: s3a://datalake/gold/daily_summary/part-00000-6edd323d-0547-448c-b4f4-4f1d837aacc5-c000.snappy.parquet, range: 0-1867, partition values: [empty row]
[2025-12-10T15:14:11.024+0000] {subprocess.py:93} INFO - 25/12/10 15:14:11 INFO S3AInputStream: Switching to Random IO seek policy
[2025-12-10T15:14:11.026+0000] {subprocess.py:93} INFO - 25/12/10 15:14:11 INFO S3AInputStream: Switching to Random IO seek policy
[2025-12-10T15:14:11.073+0000] {subprocess.py:93} INFO - 25/12/10 15:14:11 INFO CodecPool: Got brand-new decompressor [.snappy]
[2025-12-10T15:14:11.074+0000] {subprocess.py:93} INFO - 25/12/10 15:14:11 INFO CodecPool: Got brand-new decompressor [.snappy]
[2025-12-10T15:14:11.382+0000] {subprocess.py:93} INFO - 25/12/10 15:14:11 INFO Executor: Finished task 0.0 in stage 4.0 (TID 4). 1800 bytes result sent to driver
[2025-12-10T15:14:11.384+0000] {subprocess.py:93} INFO - 25/12/10 15:14:11 INFO TaskSetManager: Finished task 0.0 in stage 4.0 (TID 4) in 1091 ms on 2be59bfabb7a (executor driver) (1/2)
[2025-12-10T15:14:11.386+0000] {subprocess.py:93} INFO - 25/12/10 15:14:11 INFO Executor: Finished task 1.0 in stage 4.0 (TID 5). 1800 bytes result sent to driver
[2025-12-10T15:14:11.387+0000] {subprocess.py:93} INFO - 25/12/10 15:14:11 INFO TaskSetManager: Finished task 1.0 in stage 4.0 (TID 5) in 1093 ms on 2be59bfabb7a (executor driver) (2/2)
[2025-12-10T15:14:11.388+0000] {subprocess.py:93} INFO - 25/12/10 15:14:11 INFO TaskSchedulerImpl: Removed TaskSet 4.0, whose tasks have all completed, from pool
[2025-12-10T15:14:11.389+0000] {subprocess.py:93} INFO - 25/12/10 15:14:11 INFO DAGScheduler: ResultStage 4 (jdbc at NativeMethodAccessorImpl.java:0) finished in 1.133 s
[2025-12-10T15:14:11.389+0000] {subprocess.py:93} INFO - 25/12/10 15:14:11 INFO DAGScheduler: Job 3 is finished. Cancelling potential speculative or zombie tasks for this job
[2025-12-10T15:14:11.390+0000] {subprocess.py:93} INFO - 25/12/10 15:14:11 INFO TaskSchedulerImpl: Killing all running tasks in stage 4: Stage finished
[2025-12-10T15:14:11.390+0000] {subprocess.py:93} INFO - 25/12/10 15:14:11 INFO DAGScheduler: Job 3 finished: jdbc at NativeMethodAccessorImpl.java:0, took 1.141173 s
[2025-12-10T15:14:11.420+0000] {subprocess.py:93} INFO - ✅ Successfully exported to PostgreSQL table: email_daily_summary
[2025-12-10T15:14:11.421+0000] {subprocess.py:93} INFO - 
[2025-12-10T15:14:11.422+0000] {subprocess.py:93} INFO - ============================================================
[2025-12-10T15:14:11.422+0000] {subprocess.py:93} INFO - 📊 EXPORT SUMMARY REPORT
[2025-12-10T15:14:11.423+0000] {subprocess.py:93} INFO - ============================================================
[2025-12-10T15:14:11.424+0000] {subprocess.py:93} INFO - Timestamp: 2025-12-10 15:14:11.420142
[2025-12-10T15:14:11.435+0000] {subprocess.py:93} INFO - 25/12/10 15:14:11 INFO FileSourceStrategy: Pushed Filters:
[2025-12-10T15:14:11.437+0000] {subprocess.py:93} INFO - 25/12/10 15:14:11 INFO FileSourceStrategy: Post-Scan Filters:
[2025-12-10T15:14:11.450+0000] {subprocess.py:93} INFO - 25/12/10 15:14:11 INFO MemoryStore: Block broadcast_6 stored as values in memory (estimated size 205.5 KiB, free 433.9 MiB)
[2025-12-10T15:14:11.456+0000] {subprocess.py:93} INFO - 25/12/10 15:14:11 INFO MemoryStore: Block broadcast_6_piece0 stored as bytes in memory (estimated size 36.1 KiB, free 433.9 MiB)
[2025-12-10T15:14:11.457+0000] {subprocess.py:93} INFO - 25/12/10 15:14:11 INFO BlockManagerInfo: Added broadcast_6_piece0 in memory on 2be59bfabb7a:36183 (size: 36.1 KiB, free: 434.3 MiB)
[2025-12-10T15:14:11.458+0000] {subprocess.py:93} INFO - 25/12/10 15:14:11 INFO SparkContext: Created broadcast 6 from count at NativeMethodAccessorImpl.java:0
[2025-12-10T15:14:11.459+0000] {subprocess.py:93} INFO - 25/12/10 15:14:11 INFO FileSourceScanExec: Planning scan with bin packing, max size: 4196171 bytes, open cost is considered as scanning 4194304 bytes.
[2025-12-10T15:14:11.464+0000] {subprocess.py:93} INFO - 25/12/10 15:14:11 INFO DAGScheduler: Registering RDD 18 (count at NativeMethodAccessorImpl.java:0) as input to shuffle 1
[2025-12-10T15:14:11.466+0000] {subprocess.py:93} INFO - 25/12/10 15:14:11 INFO DAGScheduler: Got map stage job 4 (count at NativeMethodAccessorImpl.java:0) with 2 output partitions
[2025-12-10T15:14:11.467+0000] {subprocess.py:93} INFO - 25/12/10 15:14:11 INFO DAGScheduler: Final stage: ShuffleMapStage 5 (count at NativeMethodAccessorImpl.java:0)
[2025-12-10T15:14:11.468+0000] {subprocess.py:93} INFO - 25/12/10 15:14:11 INFO DAGScheduler: Parents of final stage: List()
[2025-12-10T15:14:11.469+0000] {subprocess.py:93} INFO - 25/12/10 15:14:11 INFO DAGScheduler: Missing parents: List()
[2025-12-10T15:14:11.469+0000] {subprocess.py:93} INFO - 25/12/10 15:14:11 INFO DAGScheduler: Submitting ShuffleMapStage 5 (MapPartitionsRDD[18] at count at NativeMethodAccessorImpl.java:0), which has no missing parents
[2025-12-10T15:14:11.470+0000] {subprocess.py:93} INFO - 25/12/10 15:14:11 INFO MemoryStore: Block broadcast_7 stored as values in memory (estimated size 16.8 KiB, free 433.9 MiB)
[2025-12-10T15:14:11.471+0000] {subprocess.py:93} INFO - 25/12/10 15:14:11 INFO MemoryStore: Block broadcast_7_piece0 stored as bytes in memory (estimated size 7.7 KiB, free 433.9 MiB)
[2025-12-10T15:14:11.472+0000] {subprocess.py:93} INFO - 25/12/10 15:14:11 INFO BlockManagerInfo: Added broadcast_7_piece0 in memory on 2be59bfabb7a:36183 (size: 7.7 KiB, free: 434.3 MiB)
[2025-12-10T15:14:11.473+0000] {subprocess.py:93} INFO - 25/12/10 15:14:11 INFO SparkContext: Created broadcast 7 from broadcast at DAGScheduler.scala:1580
[2025-12-10T15:14:11.474+0000] {subprocess.py:93} INFO - 25/12/10 15:14:11 INFO DAGScheduler: Submitting 2 missing tasks from ShuffleMapStage 5 (MapPartitionsRDD[18] at count at NativeMethodAccessorImpl.java:0) (first 15 tasks are for partitions Vector(0, 1))
[2025-12-10T15:14:11.474+0000] {subprocess.py:93} INFO - 25/12/10 15:14:11 INFO TaskSchedulerImpl: Adding task set 5.0 with 2 tasks resource profile 0
[2025-12-10T15:14:11.475+0000] {subprocess.py:93} INFO - 25/12/10 15:14:11 INFO TaskSetManager: Starting task 0.0 in stage 5.0 (TID 6) (2be59bfabb7a, executor driver, partition 0, PROCESS_LOCAL, 9305 bytes)
[2025-12-10T15:14:11.476+0000] {subprocess.py:93} INFO - 25/12/10 15:14:11 INFO TaskSetManager: Starting task 1.0 in stage 5.0 (TID 7) (2be59bfabb7a, executor driver, partition 1, PROCESS_LOCAL, 9305 bytes)
[2025-12-10T15:14:11.477+0000] {subprocess.py:93} INFO - 25/12/10 15:14:11 INFO Executor: Running task 0.0 in stage 5.0 (TID 6)
[2025-12-10T15:14:11.478+0000] {subprocess.py:93} INFO - 25/12/10 15:14:11 INFO Executor: Running task 1.0 in stage 5.0 (TID 7)
[2025-12-10T15:14:11.481+0000] {subprocess.py:93} INFO - 25/12/10 15:14:11 INFO FileScanRDD: Reading File path: s3a://datalake/gold/daily_summary/part-00000-50566c68-6b87-404e-91eb-6bc7138aa1a8-c000.snappy.parquet, range: 0-1867, partition values: [empty row]
[2025-12-10T15:14:11.483+0000] {subprocess.py:93} INFO - 25/12/10 15:14:11 INFO FileScanRDD: Reading File path: s3a://datalake/gold/daily_summary/part-00000-6edd323d-0547-448c-b4f4-4f1d837aacc5-c000.snappy.parquet, range: 0-1867, partition values: [empty row]
[2025-12-10T15:14:11.495+0000] {subprocess.py:93} INFO - 25/12/10 15:14:11 INFO S3AInputStream: Switching to Random IO seek policy
[2025-12-10T15:14:11.496+0000] {subprocess.py:93} INFO - 25/12/10 15:14:11 INFO S3AInputStream: Switching to Random IO seek policy
[2025-12-10T15:14:11.517+0000] {subprocess.py:93} INFO - 25/12/10 15:14:11 INFO Executor: Finished task 1.0 in stage 5.0 (TID 7). 2136 bytes result sent to driver
[2025-12-10T15:14:11.518+0000] {subprocess.py:93} INFO - 25/12/10 15:14:11 INFO Executor: Finished task 0.0 in stage 5.0 (TID 6). 2136 bytes result sent to driver
[2025-12-10T15:14:11.519+0000] {subprocess.py:93} INFO - 25/12/10 15:14:11 INFO TaskSetManager: Finished task 1.0 in stage 5.0 (TID 7) in 43 ms on 2be59bfabb7a (executor driver) (1/2)
[2025-12-10T15:14:11.520+0000] {subprocess.py:93} INFO - 25/12/10 15:14:11 INFO TaskSetManager: Finished task 0.0 in stage 5.0 (TID 6) in 45 ms on 2be59bfabb7a (executor driver) (2/2)
[2025-12-10T15:14:11.521+0000] {subprocess.py:93} INFO - 25/12/10 15:14:11 INFO TaskSchedulerImpl: Removed TaskSet 5.0, whose tasks have all completed, from pool
[2025-12-10T15:14:11.522+0000] {subprocess.py:93} INFO - 25/12/10 15:14:11 INFO DAGScheduler: ShuffleMapStage 5 (count at NativeMethodAccessorImpl.java:0) finished in 0.054 s
[2025-12-10T15:14:11.523+0000] {subprocess.py:93} INFO - 25/12/10 15:14:11 INFO DAGScheduler: looking for newly runnable stages
[2025-12-10T15:14:11.523+0000] {subprocess.py:93} INFO - 25/12/10 15:14:11 INFO DAGScheduler: running: Set()
[2025-12-10T15:14:11.524+0000] {subprocess.py:93} INFO - 25/12/10 15:14:11 INFO DAGScheduler: waiting: Set()
[2025-12-10T15:14:11.525+0000] {subprocess.py:93} INFO - 25/12/10 15:14:11 INFO DAGScheduler: failed: Set()
[2025-12-10T15:14:11.539+0000] {subprocess.py:93} INFO - 25/12/10 15:14:11 INFO SparkContext: Starting job: count at NativeMethodAccessorImpl.java:0
[2025-12-10T15:14:11.541+0000] {subprocess.py:93} INFO - 25/12/10 15:14:11 INFO DAGScheduler: Got job 5 (count at NativeMethodAccessorImpl.java:0) with 1 output partitions
[2025-12-10T15:14:11.542+0000] {subprocess.py:93} INFO - 25/12/10 15:14:11 INFO DAGScheduler: Final stage: ResultStage 7 (count at NativeMethodAccessorImpl.java:0)
[2025-12-10T15:14:11.543+0000] {subprocess.py:93} INFO - 25/12/10 15:14:11 INFO DAGScheduler: Parents of final stage: List(ShuffleMapStage 6)
[2025-12-10T15:14:11.544+0000] {subprocess.py:93} INFO - 25/12/10 15:14:11 INFO DAGScheduler: Missing parents: List()
[2025-12-10T15:14:11.545+0000] {subprocess.py:93} INFO - 25/12/10 15:14:11 INFO DAGScheduler: Submitting ResultStage 7 (MapPartitionsRDD[21] at count at NativeMethodAccessorImpl.java:0), which has no missing parents
[2025-12-10T15:14:11.546+0000] {subprocess.py:93} INFO - 25/12/10 15:14:11 INFO MemoryStore: Block broadcast_8 stored as values in memory (estimated size 12.5 KiB, free 433.8 MiB)
[2025-12-10T15:14:11.547+0000] {subprocess.py:93} INFO - 25/12/10 15:14:11 INFO MemoryStore: Block broadcast_8_piece0 stored as bytes in memory (estimated size 5.9 KiB, free 433.8 MiB)
[2025-12-10T15:14:11.548+0000] {subprocess.py:93} INFO - 25/12/10 15:14:11 INFO BlockManagerInfo: Added broadcast_8_piece0 in memory on 2be59bfabb7a:36183 (size: 5.9 KiB, free: 434.3 MiB)
[2025-12-10T15:14:11.549+0000] {subprocess.py:93} INFO - 25/12/10 15:14:11 INFO SparkContext: Created broadcast 8 from broadcast at DAGScheduler.scala:1580
[2025-12-10T15:14:11.550+0000] {subprocess.py:93} INFO - 25/12/10 15:14:11 INFO DAGScheduler: Submitting 1 missing tasks from ResultStage 7 (MapPartitionsRDD[21] at count at NativeMethodAccessorImpl.java:0) (first 15 tasks are for partitions Vector(0))
[2025-12-10T15:14:11.550+0000] {subprocess.py:93} INFO - 25/12/10 15:14:11 INFO TaskSchedulerImpl: Adding task set 7.0 with 1 tasks resource profile 0
[2025-12-10T15:14:11.552+0000] {subprocess.py:93} INFO - 25/12/10 15:14:11 INFO TaskSetManager: Starting task 0.0 in stage 7.0 (TID 8) (2be59bfabb7a, executor driver, partition 0, NODE_LOCAL, 8652 bytes)
[2025-12-10T15:14:11.553+0000] {subprocess.py:93} INFO - 25/12/10 15:14:11 INFO Executor: Running task 0.0 in stage 7.0 (TID 8)
[2025-12-10T15:14:11.556+0000] {subprocess.py:93} INFO - 25/12/10 15:14:11 INFO ShuffleBlockFetcherIterator: Getting 2 (120.0 B) non-empty blocks including 2 (120.0 B) local and 0 (0.0 B) host-local and 0 (0.0 B) push-merged-local and 0 (0.0 B) remote blocks
[2025-12-10T15:14:11.557+0000] {subprocess.py:93} INFO - 25/12/10 15:14:11 INFO ShuffleBlockFetcherIterator: Started 0 remote fetches in 0 ms
[2025-12-10T15:14:11.559+0000] {subprocess.py:93} INFO - 25/12/10 15:14:11 INFO Executor: Finished task 0.0 in stage 7.0 (TID 8). 3995 bytes result sent to driver
[2025-12-10T15:14:11.561+0000] {subprocess.py:93} INFO - 25/12/10 15:14:11 INFO TaskSetManager: Finished task 0.0 in stage 7.0 (TID 8) in 9 ms on 2be59bfabb7a (executor driver) (1/1)
[2025-12-10T15:14:11.561+0000] {subprocess.py:93} INFO - 25/12/10 15:14:11 INFO TaskSchedulerImpl: Removed TaskSet 7.0, whose tasks have all completed, from pool
[2025-12-10T15:14:11.563+0000] {subprocess.py:93} INFO - 25/12/10 15:14:11 INFO DAGScheduler: ResultStage 7 (count at NativeMethodAccessorImpl.java:0) finished in 0.019 s
[2025-12-10T15:14:11.564+0000] {subprocess.py:93} INFO - 25/12/10 15:14:11 INFO DAGScheduler: Job 5 is finished. Cancelling potential speculative or zombie tasks for this job
[2025-12-10T15:14:11.565+0000] {subprocess.py:93} INFO - 25/12/10 15:14:11 INFO TaskSchedulerImpl: Killing all running tasks in stage 7: Stage finished
[2025-12-10T15:14:11.567+0000] {subprocess.py:93} INFO - 25/12/10 15:14:11 INFO DAGScheduler: Job 5 finished: count at NativeMethodAccessorImpl.java:0, took 0.023172 s
[2025-12-10T15:14:11.568+0000] {subprocess.py:93} INFO - 
[2025-12-10T15:14:11.568+0000] {subprocess.py:93} INFO - 📈 Records exported: 4
[2025-12-10T15:14:11.569+0000] {subprocess.py:93} INFO - 
[2025-12-10T15:14:11.570+0000] {subprocess.py:93} INFO - 📄 Sample data:
[2025-12-10T15:14:11.613+0000] {subprocess.py:93} INFO - 25/12/10 15:14:11 INFO FileSourceStrategy: Pushed Filters:
[2025-12-10T15:14:11.614+0000] {subprocess.py:93} INFO - 25/12/10 15:14:11 INFO FileSourceStrategy: Post-Scan Filters:
[2025-12-10T15:14:11.663+0000] {subprocess.py:93} INFO - 25/12/10 15:14:11 INFO CodeGenerator: Code generated in 18.712098 ms
[2025-12-10T15:14:11.668+0000] {subprocess.py:93} INFO - 25/12/10 15:14:11 INFO MemoryStore: Block broadcast_9 stored as values in memory (estimated size 206.2 KiB, free 433.6 MiB)
[2025-12-10T15:14:11.674+0000] {subprocess.py:93} INFO - 25/12/10 15:14:11 INFO MemoryStore: Block broadcast_9_piece0 stored as bytes in memory (estimated size 36.5 KiB, free 433.6 MiB)
[2025-12-10T15:14:11.675+0000] {subprocess.py:93} INFO - 25/12/10 15:14:11 INFO BlockManagerInfo: Added broadcast_9_piece0 in memory on 2be59bfabb7a:36183 (size: 36.5 KiB, free: 434.3 MiB)
[2025-12-10T15:14:11.676+0000] {subprocess.py:93} INFO - 25/12/10 15:14:11 INFO SparkContext: Created broadcast 9 from showString at NativeMethodAccessorImpl.java:0
[2025-12-10T15:14:11.676+0000] {subprocess.py:93} INFO - 25/12/10 15:14:11 INFO FileSourceScanExec: Planning scan with bin packing, max size: 4196171 bytes, open cost is considered as scanning 4194304 bytes.
[2025-12-10T15:14:11.694+0000] {subprocess.py:93} INFO - 25/12/10 15:14:11 INFO SparkContext: Starting job: showString at NativeMethodAccessorImpl.java:0
[2025-12-10T15:14:11.695+0000] {subprocess.py:93} INFO - 25/12/10 15:14:11 INFO DAGScheduler: Got job 6 (showString at NativeMethodAccessorImpl.java:0) with 1 output partitions
[2025-12-10T15:14:11.697+0000] {subprocess.py:93} INFO - 25/12/10 15:14:11 INFO DAGScheduler: Final stage: ResultStage 8 (showString at NativeMethodAccessorImpl.java:0)
[2025-12-10T15:14:11.700+0000] {subprocess.py:93} INFO - 25/12/10 15:14:11 INFO DAGScheduler: Parents of final stage: List()
[2025-12-10T15:14:11.702+0000] {subprocess.py:93} INFO - 25/12/10 15:14:11 INFO DAGScheduler: Missing parents: List()
[2025-12-10T15:14:11.703+0000] {subprocess.py:93} INFO - 25/12/10 15:14:11 INFO BlockManagerInfo: Removed broadcast_8_piece0 on 2be59bfabb7a:36183 in memory (size: 5.9 KiB, free: 434.3 MiB)
[2025-12-10T15:14:11.704+0000] {subprocess.py:93} INFO - 25/12/10 15:14:11 INFO DAGScheduler: Submitting ResultStage 8 (MapPartitionsRDD[25] at showString at NativeMethodAccessorImpl.java:0), which has no missing parents
[2025-12-10T15:14:11.705+0000] {subprocess.py:93} INFO - 25/12/10 15:14:11 INFO MemoryStore: Block broadcast_10 stored as values in memory (estimated size 17.7 KiB, free 433.6 MiB)
[2025-12-10T15:14:11.707+0000] {subprocess.py:93} INFO - 25/12/10 15:14:11 INFO MemoryStore: Block broadcast_10_piece0 stored as bytes in memory (estimated size 7.2 KiB, free 433.6 MiB)
[2025-12-10T15:14:11.708+0000] {subprocess.py:93} INFO - 25/12/10 15:14:11 INFO BlockManagerInfo: Added broadcast_10_piece0 in memory on 2be59bfabb7a:36183 (size: 7.2 KiB, free: 434.3 MiB)
[2025-12-10T15:14:11.708+0000] {subprocess.py:93} INFO - 25/12/10 15:14:11 INFO BlockManagerInfo: Removed broadcast_7_piece0 on 2be59bfabb7a:36183 in memory (size: 7.7 KiB, free: 434.3 MiB)
[2025-12-10T15:14:11.709+0000] {subprocess.py:93} INFO - 25/12/10 15:14:11 INFO SparkContext: Created broadcast 10 from broadcast at DAGScheduler.scala:1580
[2025-12-10T15:14:11.710+0000] {subprocess.py:93} INFO - 25/12/10 15:14:11 INFO DAGScheduler: Submitting 1 missing tasks from ResultStage 8 (MapPartitionsRDD[25] at showString at NativeMethodAccessorImpl.java:0) (first 15 tasks are for partitions Vector(0))
[2025-12-10T15:14:11.711+0000] {subprocess.py:93} INFO - 25/12/10 15:14:11 INFO TaskSchedulerImpl: Adding task set 8.0 with 1 tasks resource profile 0
[2025-12-10T15:14:11.712+0000] {subprocess.py:93} INFO - 25/12/10 15:14:11 INFO TaskSetManager: Starting task 0.0 in stage 8.0 (TID 9) (2be59bfabb7a, executor driver, partition 0, PROCESS_LOCAL, 9316 bytes)
[2025-12-10T15:14:11.713+0000] {subprocess.py:93} INFO - 25/12/10 15:14:11 INFO Executor: Running task 0.0 in stage 8.0 (TID 9)
[2025-12-10T15:14:11.714+0000] {subprocess.py:93} INFO - 25/12/10 15:14:11 INFO BlockManagerInfo: Removed broadcast_6_piece0 on 2be59bfabb7a:36183 in memory (size: 36.1 KiB, free: 434.3 MiB)
[2025-12-10T15:14:11.730+0000] {subprocess.py:93} INFO - 25/12/10 15:14:11 INFO CodeGenerator: Code generated in 15.507038 ms
[2025-12-10T15:14:11.731+0000] {subprocess.py:93} INFO - 25/12/10 15:14:11 INFO FileScanRDD: Reading File path: s3a://datalake/gold/daily_summary/part-00000-50566c68-6b87-404e-91eb-6bc7138aa1a8-c000.snappy.parquet, range: 0-1867, partition values: [empty row]
[2025-12-10T15:14:11.744+0000] {subprocess.py:93} INFO - 25/12/10 15:14:11 INFO S3AInputStream: Switching to Random IO seek policy
[2025-12-10T15:14:11.766+0000] {subprocess.py:93} INFO - 25/12/10 15:14:11 INFO Executor: Finished task 0.0 in stage 8.0 (TID 9). 1944 bytes result sent to driver
[2025-12-10T15:14:11.768+0000] {subprocess.py:93} INFO - 25/12/10 15:14:11 INFO TaskSetManager: Finished task 0.0 in stage 8.0 (TID 9) in 60 ms on 2be59bfabb7a (executor driver) (1/1)
[2025-12-10T15:14:11.769+0000] {subprocess.py:93} INFO - 25/12/10 15:14:11 INFO TaskSchedulerImpl: Removed TaskSet 8.0, whose tasks have all completed, from pool
[2025-12-10T15:14:11.770+0000] {subprocess.py:93} INFO - 25/12/10 15:14:11 INFO DAGScheduler: ResultStage 8 (showString at NativeMethodAccessorImpl.java:0) finished in 0.070 s
[2025-12-10T15:14:11.771+0000] {subprocess.py:93} INFO - 25/12/10 15:14:11 INFO DAGScheduler: Job 6 is finished. Cancelling potential speculative or zombie tasks for this job
[2025-12-10T15:14:11.772+0000] {subprocess.py:93} INFO - 25/12/10 15:14:11 INFO TaskSchedulerImpl: Killing all running tasks in stage 8: Stage finished
[2025-12-10T15:14:11.774+0000] {subprocess.py:93} INFO - 25/12/10 15:14:11 INFO DAGScheduler: Job 6 finished: showString at NativeMethodAccessorImpl.java:0, took 0.076253 s
[2025-12-10T15:14:11.778+0000] {subprocess.py:93} INFO - 25/12/10 15:14:11 INFO BlockManagerInfo: Removed broadcast_10_piece0 on 2be59bfabb7a:36183 in memory (size: 7.2 KiB, free: 434.3 MiB)
[2025-12-10T15:14:11.779+0000] {subprocess.py:93} INFO - 25/12/10 15:14:11 INFO SparkContext: Starting job: showString at NativeMethodAccessorImpl.java:0
[2025-12-10T15:14:11.780+0000] {subprocess.py:93} INFO - 25/12/10 15:14:11 INFO DAGScheduler: Got job 7 (showString at NativeMethodAccessorImpl.java:0) with 1 output partitions
[2025-12-10T15:14:11.782+0000] {subprocess.py:93} INFO - 25/12/10 15:14:11 INFO DAGScheduler: Final stage: ResultStage 9 (showString at NativeMethodAccessorImpl.java:0)
[2025-12-10T15:14:11.783+0000] {subprocess.py:93} INFO - 25/12/10 15:14:11 INFO DAGScheduler: Parents of final stage: List()
[2025-12-10T15:14:11.784+0000] {subprocess.py:93} INFO - 25/12/10 15:14:11 INFO DAGScheduler: Missing parents: List()
[2025-12-10T15:14:11.785+0000] {subprocess.py:93} INFO - 25/12/10 15:14:11 INFO DAGScheduler: Submitting ResultStage 9 (MapPartitionsRDD[25] at showString at NativeMethodAccessorImpl.java:0), which has no missing parents
[2025-12-10T15:14:11.786+0000] {subprocess.py:93} INFO - 25/12/10 15:14:11 INFO MemoryStore: Block broadcast_11 stored as values in memory (estimated size 17.7 KiB, free 433.9 MiB)
[2025-12-10T15:14:11.790+0000] {subprocess.py:93} INFO - 25/12/10 15:14:11 INFO MemoryStore: Block broadcast_11_piece0 stored as bytes in memory (estimated size 7.3 KiB, free 433.9 MiB)
[2025-12-10T15:14:11.792+0000] {subprocess.py:93} INFO - 25/12/10 15:14:11 INFO BlockManagerInfo: Added broadcast_11_piece0 in memory on 2be59bfabb7a:36183 (size: 7.3 KiB, free: 434.3 MiB)
[2025-12-10T15:14:11.795+0000] {subprocess.py:93} INFO - 25/12/10 15:14:11 INFO SparkContext: Created broadcast 11 from broadcast at DAGScheduler.scala:1580
[2025-12-10T15:14:11.796+0000] {subprocess.py:93} INFO - 25/12/10 15:14:11 INFO DAGScheduler: Submitting 1 missing tasks from ResultStage 9 (MapPartitionsRDD[25] at showString at NativeMethodAccessorImpl.java:0) (first 15 tasks are for partitions Vector(1))
[2025-12-10T15:14:11.797+0000] {subprocess.py:93} INFO - 25/12/10 15:14:11 INFO TaskSchedulerImpl: Adding task set 9.0 with 1 tasks resource profile 0
[2025-12-10T15:14:11.798+0000] {subprocess.py:93} INFO - 25/12/10 15:14:11 INFO TaskSetManager: Starting task 0.0 in stage 9.0 (TID 10) (2be59bfabb7a, executor driver, partition 1, PROCESS_LOCAL, 9316 bytes)
[2025-12-10T15:14:11.800+0000] {subprocess.py:93} INFO - 25/12/10 15:14:11 INFO Executor: Running task 0.0 in stage 9.0 (TID 10)
[2025-12-10T15:14:11.806+0000] {subprocess.py:93} INFO - 25/12/10 15:14:11 INFO FileScanRDD: Reading File path: s3a://datalake/gold/daily_summary/part-00000-6edd323d-0547-448c-b4f4-4f1d837aacc5-c000.snappy.parquet, range: 0-1867, partition values: [empty row]
[2025-12-10T15:14:11.831+0000] {subprocess.py:93} INFO - 25/12/10 15:14:11 INFO BlockManagerInfo: Removed broadcast_5_piece0 on 2be59bfabb7a:36183 in memory (size: 16.0 KiB, free: 434.3 MiB)
[2025-12-10T15:14:11.837+0000] {subprocess.py:93} INFO - 25/12/10 15:14:11 INFO S3AInputStream: Switching to Random IO seek policy
[2025-12-10T15:14:11.845+0000] {subprocess.py:93} INFO - 25/12/10 15:14:11 INFO BlockManagerInfo: Removed broadcast_4_piece0 on 2be59bfabb7a:36183 in memory (size: 36.5 KiB, free: 434.4 MiB)
[2025-12-10T15:14:11.873+0000] {subprocess.py:93} INFO - 25/12/10 15:14:11 INFO Executor: Finished task 0.0 in stage 9.0 (TID 10). 1944 bytes result sent to driver
[2025-12-10T15:14:11.875+0000] {subprocess.py:93} INFO - 25/12/10 15:14:11 INFO TaskSetManager: Finished task 0.0 in stage 9.0 (TID 10) in 78 ms on 2be59bfabb7a (executor driver) (1/1)
[2025-12-10T15:14:11.875+0000] {subprocess.py:93} INFO - 25/12/10 15:14:11 INFO TaskSchedulerImpl: Removed TaskSet 9.0, whose tasks have all completed, from pool
[2025-12-10T15:14:11.876+0000] {subprocess.py:93} INFO - 25/12/10 15:14:11 INFO DAGScheduler: ResultStage 9 (showString at NativeMethodAccessorImpl.java:0) finished in 0.093 s
[2025-12-10T15:14:11.877+0000] {subprocess.py:93} INFO - 25/12/10 15:14:11 INFO DAGScheduler: Job 7 is finished. Cancelling potential speculative or zombie tasks for this job
[2025-12-10T15:14:11.878+0000] {subprocess.py:93} INFO - 25/12/10 15:14:11 INFO TaskSchedulerImpl: Killing all running tasks in stage 9: Stage finished
[2025-12-10T15:14:11.879+0000] {subprocess.py:93} INFO - 25/12/10 15:14:11 INFO DAGScheduler: Job 7 finished: showString at NativeMethodAccessorImpl.java:0, took 0.097931 s
[2025-12-10T15:14:11.893+0000] {subprocess.py:93} INFO - 25/12/10 15:14:11 INFO CodeGenerator: Code generated in 11.063367 ms
[2025-12-10T15:14:11.899+0000] {subprocess.py:93} INFO - +----------+------------+---------------------------------------------------------------------------------------------------------------------------+------------+------------------+
[2025-12-10T15:14:11.901+0000] {subprocess.py:93} INFO - |date      |total_emails|domain_counts                                                                                                              |busiest_hour|busiest_hour_count|
[2025-12-10T15:14:11.902+0000] {subprocess.py:93} INFO - +----------+------------+---------------------------------------------------------------------------------------------------------------------------+------------+------------------+
[2025-12-10T15:14:11.902+0000] {subprocess.py:93} INFO - |2025-12-09|3           |join.netflix.com>:3                                                                                                        |22          |3                 |
[2025-12-10T15:14:11.903+0000] {subprocess.py:93} INFO - |2025-12-10|24          |linkedin.com>:9|marocemploi.net>:3|mail.clickup.com>:3|surveylama.com>:3|eu-shop.temuemail.com>:3|commerce.temuemail.com>:3|13          |9                 |
[2025-12-10T15:14:11.904+0000] {subprocess.py:93} INFO - |2025-12-09|3           |join.netflix.com>:3                                                                                                        |22          |3                 |
[2025-12-10T15:14:11.905+0000] {subprocess.py:93} INFO - |2025-12-10|24          |linkedin.com>:9|marocemploi.net>:3|mail.clickup.com>:3|surveylama.com>:3|eu-shop.temuemail.com>:3|commerce.temuemail.com>:3|13          |9                 |
[2025-12-10T15:14:11.905+0000] {subprocess.py:93} INFO - +----------+------------+---------------------------------------------------------------------------------------------------------------------------+------------+------------------+
[2025-12-10T15:14:11.906+0000] {subprocess.py:93} INFO - 
[2025-12-10T15:14:11.907+0000] {subprocess.py:93} INFO - ============================================================
[2025-12-10T15:14:11.908+0000] {subprocess.py:93} INFO - 
[2025-12-10T15:14:11.908+0000] {subprocess.py:93} INFO - ✅ EXPORT COMPLETED SUCCESSFULLY
[2025-12-10T15:14:11.909+0000] {subprocess.py:93} INFO - 25/12/10 15:14:11 INFO SparkContext: SparkContext is stopping with exitCode 0.
[2025-12-10T15:14:11.917+0000] {subprocess.py:93} INFO - 25/12/10 15:14:11 INFO SparkUI: Stopped Spark web UI at http://2be59bfabb7a:4040
[2025-12-10T15:14:11.932+0000] {subprocess.py:93} INFO - 25/12/10 15:14:11 INFO MapOutputTrackerMasterEndpoint: MapOutputTrackerMasterEndpoint stopped!
[2025-12-10T15:14:11.948+0000] {subprocess.py:93} INFO - 25/12/10 15:14:11 INFO MemoryStore: MemoryStore cleared
[2025-12-10T15:14:11.950+0000] {subprocess.py:93} INFO - 25/12/10 15:14:11 INFO BlockManager: BlockManager stopped
[2025-12-10T15:14:11.955+0000] {subprocess.py:93} INFO - 25/12/10 15:14:11 INFO BlockManagerMaster: BlockManagerMaster stopped
[2025-12-10T15:14:11.960+0000] {subprocess.py:93} INFO - 25/12/10 15:14:11 INFO OutputCommitCoordinator$OutputCommitCoordinatorEndpoint: OutputCommitCoordinator stopped!
[2025-12-10T15:14:11.975+0000] {subprocess.py:93} INFO - 25/12/10 15:14:11 INFO SparkContext: Successfully stopped SparkContext
[2025-12-10T15:14:12.261+0000] {subprocess.py:93} INFO - 25/12/10 15:14:12 INFO ShutdownHookManager: Shutdown hook called
[2025-12-10T15:14:12.262+0000] {subprocess.py:93} INFO - 25/12/10 15:14:12 INFO ShutdownHookManager: Deleting directory /tmp/spark-eaaeaed6-d3c4-4efe-a711-a8791e866ab2
[2025-12-10T15:14:12.269+0000] {subprocess.py:93} INFO - 25/12/10 15:14:12 INFO ShutdownHookManager: Deleting directory /tmp/spark-8d4f1d2d-3e84-4f4c-ad13-25ea9dd67796
[2025-12-10T15:14:12.276+0000] {subprocess.py:93} INFO - 25/12/10 15:14:12 INFO ShutdownHookManager: Deleting directory /tmp/spark-8d4f1d2d-3e84-4f4c-ad13-25ea9dd67796/pyspark-d3ab0b41-86f5-4f6b-b24f-51eaee781156
[2025-12-10T15:14:12.284+0000] {subprocess.py:93} INFO - 25/12/10 15:14:12 INFO MetricsSystemImpl: Stopping s3a-file-system metrics system...
[2025-12-10T15:14:12.285+0000] {subprocess.py:93} INFO - 25/12/10 15:14:12 INFO MetricsSystemImpl: s3a-file-system metrics system stopped.
[2025-12-10T15:14:12.286+0000] {subprocess.py:93} INFO - 25/12/10 15:14:12 INFO MetricsSystemImpl: s3a-file-system metrics system shutdown complete.
[2025-12-10T15:14:12.346+0000] {subprocess.py:97} INFO - Command exited with return code 0
[2025-12-10T15:14:12.379+0000] {taskinstance.py:1138} INFO - Marking task as SUCCESS. dag_id=email_intelligence_pipeline, task_id=export_to_postgres, execution_date=20251210T151211, start_date=20251210T151357, end_date=20251210T151412
[2025-12-10T15:14:12.398+0000] {local_task_job_runner.py:234} INFO - Task exited with return code 0
[2025-12-10T15:14:12.413+0000] {taskinstance.py:3280} INFO - 0 downstream tasks scheduled from follow-on schedule check
