[2025-12-11T09:06:02.701+0000] {taskinstance.py:1956} INFO - Dependencies all met for dep_context=non-requeueable deps ti=<TaskInstance: email_intelligence_pipeline.daily_insights_aggregation manual__2025-12-11T09:04:07.204102+00:00 [queued]>
[2025-12-11T09:06:02.739+0000] {taskinstance.py:1956} INFO - Dependencies all met for dep_context=requeueable deps ti=<TaskInstance: email_intelligence_pipeline.daily_insights_aggregation manual__2025-12-11T09:04:07.204102+00:00 [queued]>
[2025-12-11T09:06:02.741+0000] {taskinstance.py:2170} INFO - Starting attempt 1 of 1
[2025-12-11T09:06:02.789+0000] {taskinstance.py:2191} INFO - Executing <Task(BashOperator): daily_insights_aggregation> on 2025-12-11 09:04:07.204102+00:00
[2025-12-11T09:06:02.800+0000] {standard_task_runner.py:60} INFO - Started process 2205 to run task
[2025-12-11T09:06:02.807+0000] {standard_task_runner.py:87} INFO - Running: ['***', 'tasks', 'run', 'email_intelligence_pipeline', 'daily_insights_aggregation', 'manual__2025-12-11T09:04:07.204102+00:00', '--job-id', '488', '--raw', '--subdir', 'DAGS_FOLDER/email_pipeline_dag.py', '--cfg-path', '/tmp/tmp0p2utwse']
[2025-12-11T09:06:02.811+0000] {standard_task_runner.py:88} INFO - Job 488: Subtask daily_insights_aggregation
[2025-12-11T09:06:02.926+0000] {task_command.py:423} INFO - Running <TaskInstance: email_intelligence_pipeline.daily_insights_aggregation manual__2025-12-11T09:04:07.204102+00:00 [running]> on host e428b2e16328
[2025-12-11T09:06:03.196+0000] {taskinstance.py:2480} INFO - Exporting env vars: AIRFLOW_CTX_DAG_OWNER='data_team' AIRFLOW_CTX_DAG_ID='email_intelligence_pipeline' AIRFLOW_CTX_TASK_ID='daily_insights_aggregation' AIRFLOW_CTX_EXECUTION_DATE='2025-12-11T09:04:07.204102+00:00' AIRFLOW_CTX_TRY_NUMBER='1' AIRFLOW_CTX_DAG_RUN_ID='manual__2025-12-11T09:04:07.204102+00:00'
[2025-12-11T09:06:03.205+0000] {subprocess.py:63} INFO - Tmp dir root location: /tmp
[2025-12-11T09:06:03.209+0000] {subprocess.py:75} INFO - Running command: ['/usr/bin/bash', '-c', '\n        # Vérifier si quality check a vraiment passé\n        QUALITY_REPORT="/opt/***/logs/quality_report.json"\n        \n        if [ ! -f "$QUALITY_REPORT" ]; then\n            echo "❌ Quality report not found at $QUALITY_REPORT!"\n            echo "⛔ Skipping aggregation"\n            exit 0\n        fi\n        \n        # Extraire le score du rapport JSON\n        QUALITY_SCORE=$(grep -o \'"overall_score": [0-9.]*\' "$QUALITY_REPORT" | grep -o \'[0-9.]*\' | head -1)\n        THRESHOLD=95\n        \n        if [ -z "$QUALITY_SCORE" ]; then\n            echo "❌ Could not extract quality score from report"\n            exit 0\n        fi\n        \n        if (( $(echo "$QUALITY_SCORE < $THRESHOLD" | bc -l) )); then\n            echo "❌ Quality score ($QUALITY_SCORE%) is below threshold ($THRESHOLD%)"\n            echo "⛔ Skipping daily aggregation"\n            exit 0\n        fi\n        \n        echo "✅ Quality score ($QUALITY_SCORE%) is above threshold - Running aggregation"\n        /opt/spark/bin/spark-submit --master local[2] --packages org.apache.hadoop:hadoop-aws:3.3.4             --name DailyInsightsAggregation /opt/spark/jobs/daily_aggregation.py\n        ']
[2025-12-11T09:06:03.237+0000] {subprocess.py:86} INFO - Output:
[2025-12-11T09:06:03.266+0000] {subprocess.py:93} INFO - /usr/bin/bash: line 20: bc: command not found
[2025-12-11T09:06:03.268+0000] {subprocess.py:93} INFO - ✅ Quality score (0%) is above threshold - Running aggregation
[2025-12-11T09:06:03.282+0000] {subprocess.py:93} INFO - /opt/spark/bin/load-spark-env.sh: line 68: ps: command not found
[2025-12-11T09:06:08.959+0000] {subprocess.py:93} INFO - :: loading settings :: url = jar:file:/opt/spark/jars/ivy-2.5.1.jar!/org/apache/ivy/core/settings/ivysettings.xml
[2025-12-11T09:06:09.347+0000] {subprocess.py:93} INFO - Ivy Default Cache set to: /home/***/.ivy2/cache
[2025-12-11T09:06:09.352+0000] {subprocess.py:93} INFO - The jars for the packages stored in: /home/***/.ivy2/jars
[2025-12-11T09:06:09.368+0000] {subprocess.py:93} INFO - org.apache.hadoop#hadoop-aws added as a dependency
[2025-12-11T09:06:09.373+0000] {subprocess.py:93} INFO - :: resolving dependencies :: org.apache.spark#spark-submit-parent-a880c44f-5d7a-4cfa-a00e-d45df37b2198;1.0
[2025-12-11T09:06:09.375+0000] {subprocess.py:93} INFO - 	confs: [default]
[2025-12-11T09:06:10.050+0000] {subprocess.py:93} INFO - 	found org.apache.hadoop#hadoop-aws;3.3.4 in spark-list
[2025-12-11T09:06:10.136+0000] {subprocess.py:93} INFO - 	found com.amazonaws#aws-java-sdk-bundle;1.12.262 in central
[2025-12-11T09:06:10.200+0000] {subprocess.py:93} INFO - 	found org.wildfly.openssl#wildfly-openssl;1.0.7.Final in central
[2025-12-11T09:06:10.270+0000] {subprocess.py:93} INFO - :: resolution report :: resolve 871ms :: artifacts dl 26ms
[2025-12-11T09:06:10.273+0000] {subprocess.py:93} INFO - 	:: modules in use:
[2025-12-11T09:06:10.275+0000] {subprocess.py:93} INFO - 	com.amazonaws#aws-java-sdk-bundle;1.12.262 from central in [default]
[2025-12-11T09:06:10.277+0000] {subprocess.py:93} INFO - 	org.apache.hadoop#hadoop-aws;3.3.4 from spark-list in [default]
[2025-12-11T09:06:10.279+0000] {subprocess.py:93} INFO - 	org.wildfly.openssl#wildfly-openssl;1.0.7.Final from central in [default]
[2025-12-11T09:06:10.281+0000] {subprocess.py:93} INFO - 	---------------------------------------------------------------------
[2025-12-11T09:06:10.284+0000] {subprocess.py:93} INFO - 	|                  |            modules            ||   artifacts   |
[2025-12-11T09:06:10.288+0000] {subprocess.py:93} INFO - 	|       conf       | number| search|dwnlded|evicted|| number|dwnlded|
[2025-12-11T09:06:10.290+0000] {subprocess.py:93} INFO - 	---------------------------------------------------------------------
[2025-12-11T09:06:10.293+0000] {subprocess.py:93} INFO - 	|      default     |   3   |   0   |   0   |   0   ||   3   |   0   |
[2025-12-11T09:06:10.298+0000] {subprocess.py:93} INFO - 	---------------------------------------------------------------------
[2025-12-11T09:06:10.300+0000] {subprocess.py:93} INFO - :: retrieving :: org.apache.spark#spark-submit-parent-a880c44f-5d7a-4cfa-a00e-d45df37b2198
[2025-12-11T09:06:10.302+0000] {subprocess.py:93} INFO - 	confs: [default]
[2025-12-11T09:06:10.308+0000] {subprocess.py:93} INFO - 	0 artifacts copied, 3 already retrieved (0kB/18ms)
[2025-12-11T09:06:11.395+0000] {subprocess.py:93} INFO - 25/12/11 09:06:11 WARN NativeCodeLoader: Unable to load native-hadoop library for your platform... using builtin-java classes where applicable
[2025-12-11T09:06:15.423+0000] {subprocess.py:93} INFO - ============================================================
[2025-12-11T09:06:15.442+0000] {subprocess.py:93} INFO - 🚀 DAILY AGGREGATION JOB STARTED
[2025-12-11T09:06:15.442+0000] {subprocess.py:93} INFO -    Timestamp: 2025-12-11 09:06:15.420100
[2025-12-11T09:06:15.443+0000] {subprocess.py:93} INFO - ============================================================
[2025-12-11T09:06:18.176+0000] {subprocess.py:93} INFO - 25/12/11 09:06:18 INFO SparkContext: Running Spark version 3.5.0
[2025-12-11T09:06:18.203+0000] {subprocess.py:93} INFO - 25/12/11 09:06:18 INFO SparkContext: OS info Linux, 6.6.87.2-microsoft-standard-WSL2, amd64
[2025-12-11T09:06:18.205+0000] {subprocess.py:93} INFO - 25/12/11 09:06:18 INFO SparkContext: Java version 17.0.17
[2025-12-11T09:06:18.549+0000] {subprocess.py:93} INFO - 25/12/11 09:06:18 INFO ResourceUtils: ==============================================================
[2025-12-11T09:06:18.568+0000] {subprocess.py:93} INFO - 25/12/11 09:06:18 INFO ResourceUtils: No custom resources configured for spark.driver.
[2025-12-11T09:06:18.570+0000] {subprocess.py:93} INFO - 25/12/11 09:06:18 INFO ResourceUtils: ==============================================================
[2025-12-11T09:06:18.571+0000] {subprocess.py:93} INFO - 25/12/11 09:06:18 INFO SparkContext: Submitted application: DailyAggregation
[2025-12-11T09:06:19.896+0000] {subprocess.py:93} INFO - 25/12/11 09:06:19 INFO ResourceProfile: Default ResourceProfile created, executor resources: Map(cores -> name: cores, amount: 1, script: , vendor: , memory -> name: memory, amount: 1024, script: , vendor: , offHeap -> name: offHeap, amount: 0, script: , vendor: ), task resources: Map(cpus -> name: cpus, amount: 1.0)
[2025-12-11T09:06:20.686+0000] {subprocess.py:93} INFO - 25/12/11 09:06:20 INFO ResourceProfile: Limiting resource is cpu
[2025-12-11T09:06:20.738+0000] {subprocess.py:93} INFO - 25/12/11 09:06:20 INFO ResourceProfileManager: Added ResourceProfile id: 0
[2025-12-11T09:06:29.021+0000] {job.py:213} ERROR - Job heartbeat got an exception
Traceback (most recent call last):
  File "/home/airflow/.local/lib/python3.8/site-packages/sqlalchemy/engine/base.py", line 3371, in _wrap_pool_connect
    return fn()
  File "/home/airflow/.local/lib/python3.8/site-packages/sqlalchemy/pool/base.py", line 327, in connect
    return _ConnectionFairy._checkout(self)
  File "/home/airflow/.local/lib/python3.8/site-packages/sqlalchemy/pool/base.py", line 894, in _checkout
    fairy = _ConnectionRecord.checkout(pool)
  File "/home/airflow/.local/lib/python3.8/site-packages/sqlalchemy/pool/base.py", line 493, in checkout
    rec = pool._do_get()
  File "/home/airflow/.local/lib/python3.8/site-packages/sqlalchemy/pool/impl.py", line 256, in _do_get
    return self._create_connection()
  File "/home/airflow/.local/lib/python3.8/site-packages/sqlalchemy/pool/base.py", line 273, in _create_connection
    return _ConnectionRecord(self)
  File "/home/airflow/.local/lib/python3.8/site-packages/sqlalchemy/pool/base.py", line 388, in __init__
    self.__connect()
  File "/home/airflow/.local/lib/python3.8/site-packages/sqlalchemy/pool/base.py", line 691, in __connect
    pool.logger.debug("Error on connect(): %s", e)
  File "/home/airflow/.local/lib/python3.8/site-packages/sqlalchemy/util/langhelpers.py", line 70, in __exit__
    compat.raise_(
  File "/home/airflow/.local/lib/python3.8/site-packages/sqlalchemy/util/compat.py", line 211, in raise_
    raise exception
  File "/home/airflow/.local/lib/python3.8/site-packages/sqlalchemy/pool/base.py", line 686, in __connect
    self.dbapi_connection = connection = pool._invoke_creator(self)
  File "/home/airflow/.local/lib/python3.8/site-packages/sqlalchemy/engine/create.py", line 574, in connect
    return dialect.connect(*cargs, **cparams)
  File "/home/airflow/.local/lib/python3.8/site-packages/sqlalchemy/engine/default.py", line 598, in connect
    return self.dbapi.connect(*cargs, **cparams)
  File "/home/airflow/.local/lib/python3.8/site-packages/psycopg2/__init__.py", line 122, in connect
    conn = _connect(dsn, connection_factory=connection_factory, **kwasync)
psycopg2.OperationalError: could not translate host name "postgres" to address: Temporary failure in name resolution


The above exception was the direct cause of the following exception:

Traceback (most recent call last):
  File "/home/airflow/.local/lib/python3.8/site-packages/airflow/jobs/job.py", line 187, in heartbeat
    self._merge_from(Job._fetch_from_db(self, session))
  File "/home/airflow/.local/lib/python3.8/site-packages/airflow/api_internal/internal_api_call.py", line 114, in wrapper
    return func(*args, **kwargs)
  File "/home/airflow/.local/lib/python3.8/site-packages/airflow/utils/session.py", line 76, in wrapper
    return func(*args, **kwargs)
  File "/home/airflow/.local/lib/python3.8/site-packages/airflow/jobs/job.py", line 308, in _fetch_from_db
    session.merge(job)
  File "/home/airflow/.local/lib/python3.8/site-packages/sqlalchemy/orm/session.py", line 3056, in merge
    return self._merge(
  File "/home/airflow/.local/lib/python3.8/site-packages/sqlalchemy/orm/session.py", line 3136, in _merge
    merged = self.get(
  File "/home/airflow/.local/lib/python3.8/site-packages/sqlalchemy/orm/session.py", line 2853, in get
    return self._get_impl(
  File "/home/airflow/.local/lib/python3.8/site-packages/sqlalchemy/orm/session.py", line 2975, in _get_impl
    return db_load_fn(
  File "/home/airflow/.local/lib/python3.8/site-packages/sqlalchemy/orm/loading.py", line 530, in load_on_pk_identity
    session.execute(
  File "/home/airflow/.local/lib/python3.8/site-packages/sqlalchemy/orm/session.py", line 1716, in execute
    conn = self._connection_for_bind(bind)
  File "/home/airflow/.local/lib/python3.8/site-packages/sqlalchemy/orm/session.py", line 1555, in _connection_for_bind
    return self._transaction._connection_for_bind(
  File "/home/airflow/.local/lib/python3.8/site-packages/sqlalchemy/orm/session.py", line 750, in _connection_for_bind
    conn = bind.connect()
  File "/home/airflow/.local/lib/python3.8/site-packages/sqlalchemy/future/engine.py", line 412, in connect
    return super(Engine, self).connect()
  File "/home/airflow/.local/lib/python3.8/site-packages/sqlalchemy/engine/base.py", line 3325, in connect
    return self._connection_cls(self, close_with_result=close_with_result)
  File "/home/airflow/.local/lib/python3.8/site-packages/sqlalchemy/engine/base.py", line 96, in __init__
    else engine.raw_connection()
  File "/home/airflow/.local/lib/python3.8/site-packages/sqlalchemy/engine/base.py", line 3404, in raw_connection
    return self._wrap_pool_connect(self.pool.connect, _connection)
  File "/home/airflow/.local/lib/python3.8/site-packages/sqlalchemy/engine/base.py", line 3374, in _wrap_pool_connect
    Connection._handle_dbapi_exception_noconnection(
  File "/home/airflow/.local/lib/python3.8/site-packages/sqlalchemy/engine/base.py", line 2208, in _handle_dbapi_exception_noconnection
    util.raise_(
  File "/home/airflow/.local/lib/python3.8/site-packages/sqlalchemy/util/compat.py", line 211, in raise_
    raise exception
  File "/home/airflow/.local/lib/python3.8/site-packages/sqlalchemy/engine/base.py", line 3371, in _wrap_pool_connect
    return fn()
  File "/home/airflow/.local/lib/python3.8/site-packages/sqlalchemy/pool/base.py", line 327, in connect
    return _ConnectionFairy._checkout(self)
  File "/home/airflow/.local/lib/python3.8/site-packages/sqlalchemy/pool/base.py", line 894, in _checkout
    fairy = _ConnectionRecord.checkout(pool)
  File "/home/airflow/.local/lib/python3.8/site-packages/sqlalchemy/pool/base.py", line 493, in checkout
    rec = pool._do_get()
  File "/home/airflow/.local/lib/python3.8/site-packages/sqlalchemy/pool/impl.py", line 256, in _do_get
    return self._create_connection()
  File "/home/airflow/.local/lib/python3.8/site-packages/sqlalchemy/pool/base.py", line 273, in _create_connection
    return _ConnectionRecord(self)
  File "/home/airflow/.local/lib/python3.8/site-packages/sqlalchemy/pool/base.py", line 388, in __init__
    self.__connect()
  File "/home/airflow/.local/lib/python3.8/site-packages/sqlalchemy/pool/base.py", line 691, in __connect
    pool.logger.debug("Error on connect(): %s", e)
  File "/home/airflow/.local/lib/python3.8/site-packages/sqlalchemy/util/langhelpers.py", line 70, in __exit__
    compat.raise_(
  File "/home/airflow/.local/lib/python3.8/site-packages/sqlalchemy/util/compat.py", line 211, in raise_
    raise exception
  File "/home/airflow/.local/lib/python3.8/site-packages/sqlalchemy/pool/base.py", line 686, in __connect
    self.dbapi_connection = connection = pool._invoke_creator(self)
  File "/home/airflow/.local/lib/python3.8/site-packages/sqlalchemy/engine/create.py", line 574, in connect
    return dialect.connect(*cargs, **cparams)
  File "/home/airflow/.local/lib/python3.8/site-packages/sqlalchemy/engine/default.py", line 598, in connect
    return self.dbapi.connect(*cargs, **cparams)
  File "/home/airflow/.local/lib/python3.8/site-packages/psycopg2/__init__.py", line 122, in connect
    conn = _connect(dsn, connection_factory=connection_factory, **kwasync)
sqlalchemy.exc.OperationalError: (psycopg2.OperationalError) could not translate host name "postgres" to address: Temporary failure in name resolution

(Background on this error at: https://sqlalche.me/e/14/e3q8)
[2025-12-11T09:06:30.699+0000] {job.py:221} ERROR - Job heartbeat failed with error. Scheduler is in unhealthy state
[2025-12-11T09:06:45.322+0000] {job.py:221} ERROR - Job heartbeat failed with error. Scheduler is in unhealthy state
[2025-12-11T09:07:07.989+0000] {job.py:221} ERROR - Job heartbeat failed with error. Scheduler is in unhealthy state
[2025-12-11T09:07:32.721+0000] {subprocess.py:93} INFO - 25/12/11 09:07:32 INFO SecurityManager: Changing view acls to: ***
[2025-12-11T09:07:32.737+0000] {subprocess.py:93} INFO - 25/12/11 09:07:32 INFO SecurityManager: Changing modify acls to: ***
[2025-12-11T09:07:32.739+0000] {subprocess.py:93} INFO - 25/12/11 09:07:32 INFO SecurityManager: Changing view acls groups to:
[2025-12-11T09:07:32.740+0000] {subprocess.py:93} INFO - 25/12/11 09:07:32 INFO SecurityManager: Changing modify acls groups to:
[2025-12-11T09:07:32.741+0000] {subprocess.py:93} INFO - 25/12/11 09:07:32 INFO SecurityManager: SecurityManager: authentication disabled; ui acls disabled; users with view permissions: ***; groups with view permissions: EMPTY; users with modify permissions: ***; groups with modify permissions: EMPTY
[2025-12-11T09:07:35.711+0000] {subprocess.py:93} INFO - 25/12/11 09:07:35 INFO Utils: Successfully started service 'sparkDriver' on port 34519.
[2025-12-11T09:07:36.320+0000] {subprocess.py:93} INFO - 25/12/11 09:07:36 INFO SparkEnv: Registering MapOutputTracker
[2025-12-11T09:07:37.554+0000] {subprocess.py:93} INFO - 25/12/11 09:07:37 INFO SparkEnv: Registering BlockManagerMaster
[2025-12-11T09:07:37.707+0000] {subprocess.py:93} INFO - 25/12/11 09:07:37 INFO BlockManagerMasterEndpoint: Using org.apache.spark.storage.DefaultTopologyMapper for getting topology information
[2025-12-11T09:07:37.740+0000] {subprocess.py:93} INFO - 25/12/11 09:07:37 INFO BlockManagerMasterEndpoint: BlockManagerMasterEndpoint up
[2025-12-11T09:07:37.823+0000] {subprocess.py:93} INFO - 25/12/11 09:07:37 INFO SparkEnv: Registering BlockManagerMasterHeartbeat
[2025-12-11T09:07:38.224+0000] {subprocess.py:93} INFO - 25/12/11 09:07:38 INFO DiskBlockManager: Created local directory at /tmp/blockmgr-6839f163-2964-42b2-b15e-e00be52395e9
[2025-12-11T09:07:38.557+0000] {subprocess.py:93} INFO - 25/12/11 09:07:38 INFO MemoryStore: MemoryStore started with capacity 434.4 MiB
[2025-12-11T09:07:38.779+0000] {subprocess.py:93} INFO - 25/12/11 09:07:38 INFO SparkEnv: Registering OutputCommitCoordinator
[2025-12-11T09:07:41.392+0000] {subprocess.py:93} INFO - 25/12/11 09:07:41 INFO JettyUtils: Start Jetty 0.0.0.0:4040 for SparkUI
[2025-12-11T09:07:45.160+0000] {subprocess.py:93} INFO - 25/12/11 09:07:45 WARN Utils: Service 'SparkUI' could not bind on port 4040. Attempting port 4041.
[2025-12-11T09:07:46.310+0000] {subprocess.py:93} INFO - 25/12/11 09:07:46 INFO Utils: Successfully started service 'SparkUI' on port 4041.
[2025-12-11T09:07:47.210+0000] {job.py:216} ERROR - Job heartbeat failed with error. Scheduler may go into unhealthy state
[2025-12-11T09:08:00.579+0000] {subprocess.py:93} INFO - 25/12/11 09:08:00 INFO SparkContext: Added JAR file:///home/***/.ivy2/jars/org.apache.hadoop_hadoop-aws-3.3.4.jar at spark://e428b2e16328:34519/jars/org.apache.hadoop_hadoop-aws-3.3.4.jar with timestamp 1765443977470
[2025-12-11T09:08:00.718+0000] {subprocess.py:93} INFO - 25/12/11 09:08:00 INFO SparkContext: Added JAR file:///home/***/.ivy2/jars/com.amazonaws_aws-java-sdk-bundle-1.12.262.jar at spark://e428b2e16328:34519/jars/com.amazonaws_aws-java-sdk-bundle-1.12.262.jar with timestamp 1765443977470
[2025-12-11T09:08:00.825+0000] {subprocess.py:93} INFO - 25/12/11 09:08:00 INFO SparkContext: Added JAR file:///home/***/.ivy2/jars/org.wildfly.openssl_wildfly-openssl-1.0.7.Final.jar at spark://e428b2e16328:34519/jars/org.wildfly.openssl_wildfly-openssl-1.0.7.Final.jar with timestamp 1765443977470
[2025-12-11T09:08:02.492+0000] {job.py:221} ERROR - Job heartbeat failed with error. Scheduler is in unhealthy state
[2025-12-11T09:08:00.859+0000] {subprocess.py:93} INFO - 25/12/11 09:08:00 INFO SparkContext: Added file file:///home/***/.ivy2/jars/org.apache.hadoop_hadoop-aws-3.3.4.jar at file:///home/***/.ivy2/jars/org.apache.hadoop_hadoop-aws-3.3.4.jar with timestamp 1765443977470
[2025-12-11T09:08:01.951+0000] {subprocess.py:93} INFO - 25/12/11 09:08:01 INFO Utils: Copying /home/***/.ivy2/jars/org.apache.hadoop_hadoop-aws-3.3.4.jar to /tmp/spark-1b239fbe-b558-4fe5-8fc7-7ca12ff08778/userFiles-6a3a970b-003f-439f-9b88-630f5d523e47/org.apache.hadoop_hadoop-aws-3.3.4.jar
[2025-12-11T09:08:04.562+0000] {subprocess.py:93} INFO - 25/12/11 09:08:04 INFO SparkContext: Added file file:///home/***/.ivy2/jars/com.amazonaws_aws-java-sdk-bundle-1.12.262.jar at file:///home/***/.ivy2/jars/com.amazonaws_aws-java-sdk-bundle-1.12.262.jar with timestamp 1765443977470
[2025-12-11T09:08:04.596+0000] {subprocess.py:93} INFO - 25/12/11 09:08:04 INFO Utils: Copying /home/***/.ivy2/jars/com.amazonaws_aws-java-sdk-bundle-1.12.262.jar to /tmp/spark-1b239fbe-b558-4fe5-8fc7-7ca12ff08778/userFiles-6a3a970b-003f-439f-9b88-630f5d523e47/com.amazonaws_aws-java-sdk-bundle-1.12.262.jar
[2025-12-11T09:08:07.397+0000] {subprocess.py:93} INFO - 25/12/11 09:08:07 INFO SparkContext: Added file file:///home/***/.ivy2/jars/org.wildfly.openssl_wildfly-openssl-1.0.7.Final.jar at file:///home/***/.ivy2/jars/org.wildfly.openssl_wildfly-openssl-1.0.7.Final.jar with timestamp 1765443977470
[2025-12-11T09:08:07.453+0000] {subprocess.py:93} INFO - 25/12/11 09:08:07 INFO Utils: Copying /home/***/.ivy2/jars/org.wildfly.openssl_wildfly-openssl-1.0.7.Final.jar to /tmp/spark-1b239fbe-b558-4fe5-8fc7-7ca12ff08778/userFiles-6a3a970b-003f-439f-9b88-630f5d523e47/org.wildfly.openssl_wildfly-openssl-1.0.7.Final.jar
[2025-12-11T09:08:15.288+0000] {job.py:221} ERROR - Job heartbeat failed with error. Scheduler is in unhealthy state
[2025-12-11T09:08:20.867+0000] {subprocess.py:93} INFO - 25/12/11 09:08:20 INFO Executor: Starting executor ID driver on host e428b2e16328
[2025-12-11T09:08:20.891+0000] {subprocess.py:93} INFO - 25/12/11 09:08:20 INFO Executor: OS info Linux, 6.6.87.2-microsoft-standard-WSL2, amd64
[2025-12-11T09:08:20.893+0000] {subprocess.py:93} INFO - 25/12/11 09:08:20 INFO Executor: Java version 17.0.17
[2025-12-11T09:08:21.003+0000] {subprocess.py:93} INFO - 25/12/11 09:08:20 INFO Executor: Starting executor with user classpath (userClassPathFirst = false): ''
[2025-12-11T09:08:21.042+0000] {subprocess.py:93} INFO - 25/12/11 09:08:21 INFO Executor: Created or updated repl class loader org.apache.spark.util.MutableURLClassLoader@5de0a406 for default.
[2025-12-11T09:08:21.466+0000] {subprocess.py:93} INFO - 25/12/11 09:08:21 INFO Executor: Fetching file:///home/***/.ivy2/jars/com.amazonaws_aws-java-sdk-bundle-1.12.262.jar with timestamp 1765443977470
[2025-12-11T09:08:25.004+0000] {subprocess.py:93} INFO - 25/12/11 09:08:24 INFO Utils: /home/***/.ivy2/jars/com.amazonaws_aws-java-sdk-bundle-1.12.262.jar has been previously copied to /tmp/spark-1b239fbe-b558-4fe5-8fc7-7ca12ff08778/userFiles-6a3a970b-003f-439f-9b88-630f5d523e47/com.amazonaws_aws-java-sdk-bundle-1.12.262.jar
[2025-12-11T09:08:25.473+0000] {subprocess.py:93} INFO - 25/12/11 09:08:25 INFO Executor: Fetching file:///home/***/.ivy2/jars/org.wildfly.openssl_wildfly-openssl-1.0.7.Final.jar with timestamp 1765443977470
[2025-12-11T09:08:25.499+0000] {subprocess.py:93} INFO - 25/12/11 09:08:25 INFO Utils: /home/***/.ivy2/jars/org.wildfly.openssl_wildfly-openssl-1.0.7.Final.jar has been previously copied to /tmp/spark-1b239fbe-b558-4fe5-8fc7-7ca12ff08778/userFiles-6a3a970b-003f-439f-9b88-630f5d523e47/org.wildfly.openssl_wildfly-openssl-1.0.7.Final.jar
[2025-12-11T09:08:25.814+0000] {subprocess.py:93} INFO - 25/12/11 09:08:25 INFO Executor: Fetching file:///home/***/.ivy2/jars/org.apache.hadoop_hadoop-aws-3.3.4.jar with timestamp 1765443977470
[2025-12-11T09:08:25.840+0000] {subprocess.py:93} INFO - 25/12/11 09:08:25 INFO Utils: /home/***/.ivy2/jars/org.apache.hadoop_hadoop-aws-3.3.4.jar has been previously copied to /tmp/spark-1b239fbe-b558-4fe5-8fc7-7ca12ff08778/userFiles-6a3a970b-003f-439f-9b88-630f5d523e47/org.apache.hadoop_hadoop-aws-3.3.4.jar
[2025-12-11T09:08:26.066+0000] {subprocess.py:93} INFO - 25/12/11 09:08:26 INFO Executor: Fetching spark://e428b2e16328:34519/jars/com.amazonaws_aws-java-sdk-bundle-1.12.262.jar with timestamp 1765443977470
[2025-12-11T09:08:26.391+0000] {subprocess.py:93} INFO - 25/12/11 09:08:26 INFO TransportClientFactory: Successfully created connection to e428b2e16328/172.20.0.9:34519 after 235 ms (0 ms spent in bootstraps)
[2025-12-11T09:08:26.432+0000] {subprocess.py:93} INFO - 25/12/11 09:08:26 INFO Utils: Fetching spark://e428b2e16328:34519/jars/com.amazonaws_aws-java-sdk-bundle-1.12.262.jar to /tmp/spark-1b239fbe-b558-4fe5-8fc7-7ca12ff08778/userFiles-6a3a970b-003f-439f-9b88-630f5d523e47/fetchFileTemp8411043304818939115.tmp
[2025-12-11T09:08:30.599+0000] {job.py:221} ERROR - Job heartbeat failed with error. Scheduler is in unhealthy state
[2025-12-11T09:08:38.251+0000] {subprocess.py:93} INFO - 25/12/11 09:08:38 INFO Utils: /tmp/spark-1b239fbe-b558-4fe5-8fc7-7ca12ff08778/userFiles-6a3a970b-003f-439f-9b88-630f5d523e47/fetchFileTemp8411043304818939115.tmp has been previously copied to /tmp/spark-1b239fbe-b558-4fe5-8fc7-7ca12ff08778/userFiles-6a3a970b-003f-439f-9b88-630f5d523e47/com.amazonaws_aws-java-sdk-bundle-1.12.262.jar
[2025-12-11T09:08:38.634+0000] {subprocess.py:93} INFO - 25/12/11 09:08:38 INFO Executor: Adding file:/tmp/spark-1b239fbe-b558-4fe5-8fc7-7ca12ff08778/userFiles-6a3a970b-003f-439f-9b88-630f5d523e47/com.amazonaws_aws-java-sdk-bundle-1.12.262.jar to class loader default
[2025-12-11T09:08:38.686+0000] {subprocess.py:93} INFO - 25/12/11 09:08:38 INFO Executor: Fetching spark://e428b2e16328:34519/jars/org.wildfly.openssl_wildfly-openssl-1.0.7.Final.jar with timestamp 1765443977470
[2025-12-11T09:08:38.694+0000] {subprocess.py:93} INFO - 25/12/11 09:08:38 INFO Utils: Fetching spark://e428b2e16328:34519/jars/org.wildfly.openssl_wildfly-openssl-1.0.7.Final.jar to /tmp/spark-1b239fbe-b558-4fe5-8fc7-7ca12ff08778/userFiles-6a3a970b-003f-439f-9b88-630f5d523e47/fetchFileTemp18003166184358586893.tmp
[2025-12-11T09:08:38.695+0000] {subprocess.py:93} INFO - 25/12/11 09:08:38 INFO Utils: /tmp/spark-1b239fbe-b558-4fe5-8fc7-7ca12ff08778/userFiles-6a3a970b-003f-439f-9b88-630f5d523e47/fetchFileTemp18003166184358586893.tmp has been previously copied to /tmp/spark-1b239fbe-b558-4fe5-8fc7-7ca12ff08778/userFiles-6a3a970b-003f-439f-9b88-630f5d523e47/org.wildfly.openssl_wildfly-openssl-1.0.7.Final.jar
[2025-12-11T09:08:39.058+0000] {subprocess.py:93} INFO - 25/12/11 09:08:39 INFO Executor: Adding file:/tmp/spark-1b239fbe-b558-4fe5-8fc7-7ca12ff08778/userFiles-6a3a970b-003f-439f-9b88-630f5d523e47/org.wildfly.openssl_wildfly-openssl-1.0.7.Final.jar to class loader default
[2025-12-11T09:08:39.109+0000] {subprocess.py:93} INFO - 25/12/11 09:08:39 INFO Executor: Fetching spark://e428b2e16328:34519/jars/org.apache.hadoop_hadoop-aws-3.3.4.jar with timestamp 1765443977470
[2025-12-11T09:08:39.121+0000] {subprocess.py:93} INFO - 25/12/11 09:08:39 INFO Utils: Fetching spark://e428b2e16328:34519/jars/org.apache.hadoop_hadoop-aws-3.3.4.jar to /tmp/spark-1b239fbe-b558-4fe5-8fc7-7ca12ff08778/userFiles-6a3a970b-003f-439f-9b88-630f5d523e47/fetchFileTemp8910527997924031719.tmp
[2025-12-11T09:08:39.125+0000] {subprocess.py:93} INFO - 25/12/11 09:08:39 INFO Utils: /tmp/spark-1b239fbe-b558-4fe5-8fc7-7ca12ff08778/userFiles-6a3a970b-003f-439f-9b88-630f5d523e47/fetchFileTemp8910527997924031719.tmp has been previously copied to /tmp/spark-1b239fbe-b558-4fe5-8fc7-7ca12ff08778/userFiles-6a3a970b-003f-439f-9b88-630f5d523e47/org.apache.hadoop_hadoop-aws-3.3.4.jar
[2025-12-11T09:08:39.698+0000] {subprocess.py:93} INFO - 25/12/11 09:08:39 INFO Executor: Adding file:/tmp/spark-1b239fbe-b558-4fe5-8fc7-7ca12ff08778/userFiles-6a3a970b-003f-439f-9b88-630f5d523e47/org.apache.hadoop_hadoop-aws-3.3.4.jar to class loader default
[2025-12-11T09:08:39.932+0000] {subprocess.py:93} INFO - 25/12/11 09:08:39 INFO Utils: Successfully started service 'org.apache.spark.network.netty.NettyBlockTransferService' on port 44847.
[2025-12-11T09:08:39.953+0000] {subprocess.py:93} INFO - 25/12/11 09:08:39 INFO NettyBlockTransferService: Server created on e428b2e16328:44847
[2025-12-11T09:08:40.059+0000] {subprocess.py:93} INFO - 25/12/11 09:08:40 INFO BlockManager: Using org.apache.spark.storage.RandomBlockReplicationPolicy for block replication policy
[2025-12-11T09:08:40.196+0000] {subprocess.py:93} INFO - 25/12/11 09:08:40 INFO Executor: Told to re-register on heartbeat
[2025-12-11T09:08:40.278+0000] {subprocess.py:93} INFO - 25/12/11 09:08:40 INFO BlockManager: BlockManager null re-registering with master
[2025-12-11T09:08:40.341+0000] {subprocess.py:93} INFO - 25/12/11 09:08:40 INFO BlockManagerMaster: Registering BlockManager null
[2025-12-11T09:08:40.405+0000] {subprocess.py:93} INFO - 25/12/11 09:08:40 INFO BlockManagerMaster: Registering BlockManager BlockManagerId(driver, e428b2e16328, 44847, None)
[2025-12-11T09:08:40.443+0000] {subprocess.py:93} INFO - 25/12/11 09:08:40 ERROR Inbox: Ignoring error
[2025-12-11T09:08:40.445+0000] {subprocess.py:93} INFO - java.lang.NullPointerException: Cannot invoke "org.apache.spark.storage.BlockManagerId.executorId()" because "idWithoutTopologyInfo" is null
[2025-12-11T09:08:40.446+0000] {subprocess.py:93} INFO - 	at org.apache.spark.storage.BlockManagerMasterEndpoint.org$apache$spark$storage$BlockManagerMasterEndpoint$$register(BlockManagerMasterEndpoint.scala:677)
[2025-12-11T09:08:40.448+0000] {subprocess.py:93} INFO - 	at org.apache.spark.storage.BlockManagerMasterEndpoint$$anonfun$receiveAndReply$1.applyOrElse(BlockManagerMasterEndpoint.scala:133)
[2025-12-11T09:08:40.449+0000] {subprocess.py:93} INFO - 	at org.apache.spark.rpc.netty.Inbox.$anonfun$process$1(Inbox.scala:103)
[2025-12-11T09:08:40.450+0000] {subprocess.py:93} INFO - 	at org.apache.spark.rpc.netty.Inbox.safelyCall(Inbox.scala:213)
[2025-12-11T09:08:40.451+0000] {subprocess.py:93} INFO - 	at org.apache.spark.rpc.netty.Inbox.process(Inbox.scala:100)
[2025-12-11T09:08:40.452+0000] {subprocess.py:93} INFO - 	at org.apache.spark.rpc.netty.MessageLoop.org$apache$spark$rpc$netty$MessageLoop$$receiveLoop(MessageLoop.scala:75)
[2025-12-11T09:08:40.453+0000] {subprocess.py:93} INFO - 	at org.apache.spark.rpc.netty.MessageLoop$$anon$1.run(MessageLoop.scala:41)
[2025-12-11T09:08:40.454+0000] {subprocess.py:93} INFO - 	at java.base/java.util.concurrent.ThreadPoolExecutor.runWorker(ThreadPoolExecutor.java:1136)
[2025-12-11T09:08:40.455+0000] {subprocess.py:93} INFO - 	at java.base/java.util.concurrent.ThreadPoolExecutor$Worker.run(ThreadPoolExecutor.java:635)
[2025-12-11T09:08:40.456+0000] {subprocess.py:93} INFO - 	at java.base/java.lang.Thread.run(Thread.java:840)
[2025-12-11T09:08:40.457+0000] {subprocess.py:93} INFO - 25/12/11 09:08:40 WARN Executor: Issue communicating with driver in heartbeater
[2025-12-11T09:08:40.459+0000] {subprocess.py:93} INFO - org.apache.spark.SparkException: Exception thrown in awaitResult:
[2025-12-11T09:08:40.460+0000] {subprocess.py:93} INFO - 	at org.apache.spark.util.SparkThreadUtils$.awaitResult(SparkThreadUtils.scala:56)
[2025-12-11T09:08:40.462+0000] {subprocess.py:93} INFO - 	at org.apache.spark.util.ThreadUtils$.awaitResult(ThreadUtils.scala:310)
[2025-12-11T09:08:40.463+0000] {subprocess.py:93} INFO - 	at org.apache.spark.rpc.RpcTimeout.awaitResult(RpcTimeout.scala:75)
[2025-12-11T09:08:40.464+0000] {subprocess.py:93} INFO - 	at org.apache.spark.rpc.RpcEndpointRef.askSync(RpcEndpointRef.scala:101)
[2025-12-11T09:08:40.465+0000] {subprocess.py:93} INFO - 	at org.apache.spark.rpc.RpcEndpointRef.askSync(RpcEndpointRef.scala:85)
[2025-12-11T09:08:40.466+0000] {subprocess.py:93} INFO - 	at org.apache.spark.storage.BlockManagerMaster.registerBlockManager(BlockManagerMaster.scala:80)
[2025-12-11T09:08:40.467+0000] {subprocess.py:93} INFO - 	at org.apache.spark.storage.BlockManager.reregister(BlockManager.scala:642)
[2025-12-11T09:08:40.468+0000] {subprocess.py:93} INFO - 	at org.apache.spark.executor.Executor.reportHeartBeat(Executor.scala:1223)
[2025-12-11T09:08:40.468+0000] {subprocess.py:93} INFO - 	at org.apache.spark.executor.Executor.$anonfun$heartbeater$1(Executor.scala:295)
[2025-12-11T09:08:40.469+0000] {subprocess.py:93} INFO - 	at scala.runtime.java8.JFunction0$mcV$sp.apply(JFunction0$mcV$sp.java:23)
[2025-12-11T09:08:40.470+0000] {subprocess.py:93} INFO - 	at org.apache.spark.util.Utils$.logUncaughtExceptions(Utils.scala:1928)
[2025-12-11T09:08:40.470+0000] {subprocess.py:93} INFO - 	at org.apache.spark.Heartbeater$$anon$1.run(Heartbeater.scala:46)
[2025-12-11T09:08:40.471+0000] {subprocess.py:93} INFO - 	at java.base/java.util.concurrent.Executors$RunnableAdapter.call(Executors.java:539)
[2025-12-11T09:08:40.472+0000] {subprocess.py:93} INFO - 	at java.base/java.util.concurrent.FutureTask.runAndReset(FutureTask.java:305)
[2025-12-11T09:08:40.472+0000] {subprocess.py:93} INFO - 	at java.base/java.util.concurrent.ScheduledThreadPoolExecutor$ScheduledFutureTask.run(ScheduledThreadPoolExecutor.java:305)
[2025-12-11T09:08:40.473+0000] {subprocess.py:93} INFO - 	at java.base/java.util.concurrent.ThreadPoolExecutor.runWorker(ThreadPoolExecutor.java:1136)
[2025-12-11T09:08:40.474+0000] {subprocess.py:93} INFO - 	at java.base/java.util.concurrent.ThreadPoolExecutor$Worker.run(ThreadPoolExecutor.java:635)
[2025-12-11T09:08:40.475+0000] {subprocess.py:93} INFO - 	at java.base/java.lang.Thread.run(Thread.java:840)
[2025-12-11T09:08:40.476+0000] {subprocess.py:93} INFO - Caused by: java.lang.NullPointerException: Cannot invoke "org.apache.spark.storage.BlockManagerId.executorId()" because "idWithoutTopologyInfo" is null
[2025-12-11T09:08:40.478+0000] {subprocess.py:93} INFO - 	at org.apache.spark.storage.BlockManagerMasterEndpoint.org$apache$spark$storage$BlockManagerMasterEndpoint$$register(BlockManagerMasterEndpoint.scala:677)
[2025-12-11T09:08:40.479+0000] {subprocess.py:93} INFO - 	at org.apache.spark.storage.BlockManagerMasterEndpoint$$anonfun$receiveAndReply$1.applyOrElse(BlockManagerMasterEndpoint.scala:133)
[2025-12-11T09:08:40.480+0000] {subprocess.py:93} INFO - 	at org.apache.spark.rpc.netty.Inbox.$anonfun$process$1(Inbox.scala:103)
[2025-12-11T09:08:40.481+0000] {subprocess.py:93} INFO - 	at org.apache.spark.rpc.netty.Inbox.safelyCall(Inbox.scala:213)
[2025-12-11T09:08:40.482+0000] {subprocess.py:93} INFO - 	at org.apache.spark.rpc.netty.Inbox.process(Inbox.scala:100)
[2025-12-11T09:08:40.483+0000] {subprocess.py:93} INFO - 	at org.apache.spark.rpc.netty.MessageLoop.org$apache$spark$rpc$netty$MessageLoop$$receiveLoop(MessageLoop.scala:75)
[2025-12-11T09:08:40.484+0000] {subprocess.py:93} INFO - 	at org.apache.spark.rpc.netty.MessageLoop$$anon$1.run(MessageLoop.scala:41)
[2025-12-11T09:08:40.485+0000] {subprocess.py:93} INFO - 	... 3 more
[2025-12-11T09:08:40.486+0000] {subprocess.py:93} INFO - 25/12/11 09:08:40 INFO Executor: Told to re-register on heartbeat
[2025-12-11T09:08:40.487+0000] {subprocess.py:93} INFO - 25/12/11 09:08:40 INFO BlockManager: BlockManager null re-registering with master
[2025-12-11T09:08:40.488+0000] {subprocess.py:93} INFO - 25/12/11 09:08:40 INFO BlockManagerMaster: Registering BlockManager null
[2025-12-11T09:08:40.497+0000] {subprocess.py:93} INFO - 25/12/11 09:08:40 INFO BlockManagerMasterEndpoint: Registering block manager e428b2e16328:44847 with 434.4 MiB RAM, BlockManagerId(driver, e428b2e16328, 44847, None)
[2025-12-11T09:08:40.844+0000] {subprocess.py:93} INFO - 25/12/11 09:08:40 ERROR Inbox: Ignoring error
[2025-12-11T09:08:40.895+0000] {subprocess.py:93} INFO - java.lang.NullPointerException: Cannot invoke "org.apache.spark.storage.BlockManagerId.executorId()" because "idWithoutTopologyInfo" is null
[2025-12-11T09:08:40.898+0000] {subprocess.py:93} INFO - 	at org.apache.spark.storage.BlockManagerMasterEndpoint.org$apache$spark$storage$BlockManagerMasterEndpoint$$register(BlockManagerMasterEndpoint.scala:677)
[2025-12-11T09:08:40.898+0000] {subprocess.py:93} INFO - 	at org.apache.spark.storage.BlockManagerMasterEndpoint$$anonfun$receiveAndReply$1.applyOrElse(BlockManagerMasterEndpoint.scala:133)
[2025-12-11T09:08:40.899+0000] {subprocess.py:93} INFO - 	at org.apache.spark.rpc.netty.Inbox.$anonfun$process$1(Inbox.scala:103)
[2025-12-11T09:08:40.899+0000] {subprocess.py:93} INFO - 	at org.apache.spark.rpc.netty.Inbox.safelyCall(Inbox.scala:213)
[2025-12-11T09:08:40.899+0000] {subprocess.py:93} INFO - 	at org.apache.spark.rpc.netty.Inbox.process(Inbox.scala:100)
[2025-12-11T09:08:40.900+0000] {subprocess.py:93} INFO - 	at org.apache.spark.rpc.netty.MessageLoop.org$apache$spark$rpc$netty$MessageLoop$$receiveLoop(MessageLoop.scala:75)
[2025-12-11T09:08:40.900+0000] {subprocess.py:93} INFO - 	at org.apache.spark.rpc.netty.MessageLoop$$anon$1.run(MessageLoop.scala:41)
[2025-12-11T09:08:40.901+0000] {subprocess.py:93} INFO - 	at java.base/java.util.concurrent.ThreadPoolExecutor.runWorker(ThreadPoolExecutor.java:1136)
[2025-12-11T09:08:40.901+0000] {subprocess.py:93} INFO - 	at java.base/java.util.concurrent.ThreadPoolExecutor$Worker.run(ThreadPoolExecutor.java:635)
[2025-12-11T09:08:40.901+0000] {subprocess.py:93} INFO - 	at java.base/java.lang.Thread.run(Thread.java:840)
[2025-12-11T09:08:40.902+0000] {subprocess.py:93} INFO - 25/12/11 09:08:40 WARN Executor: Issue communicating with driver in heartbeater
[2025-12-11T09:08:40.903+0000] {subprocess.py:93} INFO - org.apache.spark.SparkException: Exception thrown in awaitResult:
[2025-12-11T09:08:40.904+0000] {subprocess.py:93} INFO - 	at org.apache.spark.util.SparkThreadUtils$.awaitResult(SparkThreadUtils.scala:56)
[2025-12-11T09:08:40.905+0000] {subprocess.py:93} INFO - 	at org.apache.spark.util.ThreadUtils$.awaitResult(ThreadUtils.scala:310)
[2025-12-11T09:08:40.907+0000] {subprocess.py:93} INFO - 	at org.apache.spark.rpc.RpcTimeout.awaitResult(RpcTimeout.scala:75)
[2025-12-11T09:08:40.908+0000] {subprocess.py:93} INFO - 	at org.apache.spark.rpc.RpcEndpointRef.askSync(RpcEndpointRef.scala:101)
[2025-12-11T09:08:40.910+0000] {subprocess.py:93} INFO - 	at org.apache.spark.rpc.RpcEndpointRef.askSync(RpcEndpointRef.scala:85)
[2025-12-11T09:08:40.911+0000] {subprocess.py:93} INFO - 	at org.apache.spark.storage.BlockManagerMaster.registerBlockManager(BlockManagerMaster.scala:80)
[2025-12-11T09:08:40.911+0000] {subprocess.py:93} INFO - 	at org.apache.spark.storage.BlockManager.reregister(BlockManager.scala:642)
[2025-12-11T09:08:40.912+0000] {subprocess.py:93} INFO - 	at org.apache.spark.executor.Executor.reportHeartBeat(Executor.scala:1223)
[2025-12-11T09:08:40.913+0000] {subprocess.py:93} INFO - 	at org.apache.spark.executor.Executor.$anonfun$heartbeater$1(Executor.scala:295)
[2025-12-11T09:08:40.914+0000] {subprocess.py:93} INFO - 	at scala.runtime.java8.JFunction0$mcV$sp.apply(JFunction0$mcV$sp.java:23)
[2025-12-11T09:08:40.914+0000] {subprocess.py:93} INFO - 	at org.apache.spark.util.Utils$.logUncaughtExceptions(Utils.scala:1928)
[2025-12-11T09:08:40.915+0000] {subprocess.py:93} INFO - 	at org.apache.spark.Heartbeater$$anon$1.run(Heartbeater.scala:46)
[2025-12-11T09:08:40.916+0000] {subprocess.py:93} INFO - 	at java.base/java.util.concurrent.Executors$RunnableAdapter.call(Executors.java:539)
[2025-12-11T09:08:40.916+0000] {subprocess.py:93} INFO - 	at java.base/java.util.concurrent.FutureTask.runAndReset(FutureTask.java:305)
[2025-12-11T09:08:40.916+0000] {subprocess.py:93} INFO - 	at java.base/java.util.concurrent.ScheduledThreadPoolExecutor$ScheduledFutureTask.run(ScheduledThreadPoolExecutor.java:305)
[2025-12-11T09:08:40.917+0000] {subprocess.py:93} INFO - 	at java.base/java.util.concurrent.ThreadPoolExecutor.runWorker(ThreadPoolExecutor.java:1136)
[2025-12-11T09:08:40.918+0000] {subprocess.py:93} INFO - 	at java.base/java.util.concurrent.ThreadPoolExecutor$Worker.run(ThreadPoolExecutor.java:635)
[2025-12-11T09:08:40.918+0000] {subprocess.py:93} INFO - 	at java.base/java.lang.Thread.run(Thread.java:840)
[2025-12-11T09:08:40.930+0000] {subprocess.py:93} INFO - Caused by: java.lang.NullPointerException: Cannot invoke "org.apache.spark.storage.BlockManagerId.executorId()" because "idWithoutTopologyInfo" is null
[2025-12-11T09:08:40.932+0000] {subprocess.py:93} INFO - 	at org.apache.spark.storage.BlockManagerMasterEndpoint.org$apache$spark$storage$BlockManagerMasterEndpoint$$register(BlockManagerMasterEndpoint.scala:677)
[2025-12-11T09:08:40.933+0000] {subprocess.py:93} INFO - 	at org.apache.spark.storage.BlockManagerMasterEndpoint$$anonfun$receiveAndReply$1.applyOrElse(BlockManagerMasterEndpoint.scala:133)
[2025-12-11T09:08:40.935+0000] {subprocess.py:93} INFO - 	at org.apache.spark.rpc.netty.Inbox.$anonfun$process$1(Inbox.scala:103)
[2025-12-11T09:08:40.937+0000] {subprocess.py:93} INFO - 	at org.apache.spark.rpc.netty.Inbox.safelyCall(Inbox.scala:213)
[2025-12-11T09:08:40.938+0000] {subprocess.py:93} INFO - 	at org.apache.spark.rpc.netty.Inbox.process(Inbox.scala:100)
[2025-12-11T09:08:40.939+0000] {subprocess.py:93} INFO - 	at org.apache.spark.rpc.netty.MessageLoop.org$apache$spark$rpc$netty$MessageLoop$$receiveLoop(MessageLoop.scala:75)
[2025-12-11T09:08:40.940+0000] {subprocess.py:93} INFO - 	at org.apache.spark.rpc.netty.MessageLoop$$anon$1.run(MessageLoop.scala:41)
[2025-12-11T09:08:40.941+0000] {subprocess.py:93} INFO - 	... 3 more
[2025-12-11T09:08:40.942+0000] {subprocess.py:93} INFO - 25/12/11 09:08:40 INFO BlockManagerMaster: Registered BlockManager BlockManagerId(driver, e428b2e16328, 44847, None)
[2025-12-11T09:08:41.384+0000] {subprocess.py:93} INFO - 25/12/11 09:08:41 INFO BlockManager: Initialized BlockManager: BlockManagerId(driver, e428b2e16328, 44847, None)
[2025-12-11T09:08:43.794+0000] {job.py:221} ERROR - Job heartbeat failed with error. Scheduler is in unhealthy state
[2025-12-11T09:08:49.080+0000] {subprocess.py:93} INFO - 25/12/11 09:08:49 INFO Executor: Told to re-register on heartbeat
[2025-12-11T09:08:49.202+0000] {subprocess.py:93} INFO - 25/12/11 09:08:49 INFO BlockManager: BlockManager BlockManagerId(driver, e428b2e16328, 44847, None) re-registering with master
[2025-12-11T09:08:49.471+0000] {subprocess.py:93} INFO - 25/12/11 09:08:49 INFO BlockManagerMaster: Registering BlockManager BlockManagerId(driver, e428b2e16328, 44847, None)
[2025-12-11T09:08:50.126+0000] {subprocess.py:93} INFO - 25/12/11 09:08:50 WARN Executor: Issue communicating with driver in heartbeater
[2025-12-11T09:08:50.164+0000] {subprocess.py:93} INFO - org.apache.spark.SparkException: Exception thrown in awaitResult:
[2025-12-11T09:08:50.266+0000] {subprocess.py:93} INFO - 	at org.apache.spark.util.SparkThreadUtils$.awaitResult(SparkThreadUtils.scala:56)
[2025-12-11T09:08:50.375+0000] {subprocess.py:93} INFO - 	at org.apache.spark.util.ThreadUtils$.awaitResult(ThreadUtils.scala:310)
[2025-12-11T09:08:50.466+0000] {subprocess.py:93} INFO - 	at org.apache.spark.rpc.RpcTimeout.awaitResult(RpcTimeout.scala:75)
[2025-12-11T09:08:50.588+0000] {subprocess.py:93} INFO - 	at org.apache.spark.rpc.RpcEndpointRef.askSync(RpcEndpointRef.scala:101)
[2025-12-11T09:08:50.663+0000] {subprocess.py:93} INFO - 	at org.apache.spark.rpc.RpcEndpointRef.askSync(RpcEndpointRef.scala:85)
[2025-12-11T09:08:50.724+0000] {subprocess.py:93} INFO - 	at org.apache.spark.storage.BlockManagerMaster.registerBlockManager(BlockManagerMaster.scala:80)
[2025-12-11T09:08:50.782+0000] {subprocess.py:93} INFO - 	at org.apache.spark.storage.BlockManager.reregister(BlockManager.scala:642)
[2025-12-11T09:08:50.830+0000] {subprocess.py:93} INFO - 	at org.apache.spark.executor.Executor.reportHeartBeat(Executor.scala:1223)
[2025-12-11T09:08:51.046+0000] {subprocess.py:93} INFO - 	at org.apache.spark.executor.Executor.$anonfun$heartbeater$1(Executor.scala:295)
[2025-12-11T09:08:51.183+0000] {subprocess.py:93} INFO - 	at scala.runtime.java8.JFunction0$mcV$sp.apply(JFunction0$mcV$sp.java:23)
[2025-12-11T09:08:51.488+0000] {subprocess.py:93} INFO - 	at org.apache.spark.util.Utils$.logUncaughtExceptions(Utils.scala:1928)
[2025-12-11T09:08:52.193+0000] {subprocess.py:93} INFO - 	at org.apache.spark.Heartbeater$$anon$1.run(Heartbeater.scala:46)
[2025-12-11T09:08:52.465+0000] {subprocess.py:93} INFO - 	at java.base/java.util.concurrent.Executors$RunnableAdapter.call(Executors.java:539)
[2025-12-11T09:08:53.174+0000] {subprocess.py:93} INFO - 	at java.base/java.util.concurrent.FutureTask.runAndReset(FutureTask.java:305)
[2025-12-11T09:08:53.612+0000] {subprocess.py:93} INFO - 	at java.base/java.util.concurrent.ScheduledThreadPoolExecutor$ScheduledFutureTask.run(ScheduledThreadPoolExecutor.java:305)
[2025-12-11T09:08:54.440+0000] {subprocess.py:93} INFO - 	at java.base/java.util.concurrent.ThreadPoolExecutor.runWorker(ThreadPoolExecutor.java:1136)
[2025-12-11T09:08:55.192+0000] {subprocess.py:93} INFO - 	at java.base/java.util.concurrent.ThreadPoolExecutor$Worker.run(ThreadPoolExecutor.java:635)
[2025-12-11T09:08:55.796+0000] {subprocess.py:93} INFO - 	at java.base/java.lang.Thread.run(Thread.java:840)
[2025-12-11T09:08:56.537+0000] {subprocess.py:93} INFO - Caused by: org.apache.spark.SparkException: Exception thrown in awaitResult:
[2025-12-11T09:08:57.184+0000] {subprocess.py:93} INFO - 	at org.apache.spark.util.SparkThreadUtils$.awaitResult(SparkThreadUtils.scala:56)
[2025-12-11T09:08:58.781+0000] {subprocess.py:93} INFO - 	at org.apache.spark.util.ThreadUtils$.awaitResult(ThreadUtils.scala:310)
[2025-12-11T09:08:59.282+0000] {job.py:221} ERROR - Job heartbeat failed with error. Scheduler is in unhealthy state
[2025-12-11T09:08:59.851+0000] {subprocess.py:93} INFO - 	at org.apache.spark.rpc.RpcTimeout.awaitResult(RpcTimeout.scala:75)
[2025-12-11T09:09:01.847+0000] {subprocess.py:93} INFO - 	at org.apache.spark.rpc.RpcEnv.setupEndpointRefByURI(RpcEnv.scala:102)
[2025-12-11T09:09:01.366+0000] {subprocess.py:93} INFO - 	at org.apache.spark.rpc.RpcEnv.setupEndpointRef(RpcEnv.scala:110)
[2025-12-11T09:09:23.507+0000] {subprocess.py:93} INFO - 	at org.apache.spark.util.RpcUtils$.makeDriverRef(RpcUtils.scala:36)
[2025-12-11T09:09:29.202+0000] {subprocess.py:93} INFO - 	at org.apache.spark.storage.BlockManagerMasterEndpoint.driverEndpoint$lzycompute(BlockManagerMasterEndpoint.scala:124)
[2025-12-11T09:09:31.841+0000] {subprocess.py:93} INFO - 	at org.apache.spark.storage.BlockManagerMasterEndpoint.org$apache$spark$storage$BlockManagerMasterEndpoint$$driverEndpoint(BlockManagerMasterEndpoint.scala:123)
[2025-12-11T09:09:44.199+0000] {job.py:221} ERROR - Job heartbeat failed with error. Scheduler is in unhealthy state
[2025-12-11T09:09:57.784+0000] {subprocess.py:93} INFO - 	at org.apache.spark.storage.BlockManagerMasterEndpoint.isExecutorAlive$lzycompute$1(BlockManagerMasterEndpoint.scala:688)
[2025-12-11T09:10:31.571+0000] {subprocess.py:93} INFO - 	at org.apache.spark.storage.BlockManagerMasterEndpoint.isExecutorAlive$1(BlockManagerMasterEndpoint.scala:687)
[2025-12-11T09:12:21.343+0000] {subprocess.py:93} INFO - 	at org.apache.spark.storage.BlockManagerMasterEndpoint.org$apache$spark$storage$BlockManagerMasterEndpoint$$register(BlockManagerMasterEndpoint.scala:725)
[2025-12-11T09:16:36.754+0000] {subprocess.py:93} INFO - 	at org.apache.spark.storage.BlockManagerMasterEndpoint$$anonfun$receiveAndReply$1.applyOrElse(BlockManagerMasterEndpoint.scala:133)
[2025-12-11T09:17:49.046+0000] {job.py:221} ERROR - Job heartbeat failed with error. Scheduler is in unhealthy state
[2025-12-11T09:20:05.222+0000] {subprocess.py:93} INFO - 	at org.apache.spark.rpc.netty.Inbox.$anonfun$process$1(Inbox.scala:103)
[2025-12-11T09:20:16.304+0000] {local_task_job_runner.py:211} ERROR - Heartbeat time limit exceeded!
[2025-12-11T09:20:32.871+0000] {subprocess.py:93} INFO - 	at org.apache.spark.rpc.netty.Inbox.safelyCall(Inbox.scala:213)
[2025-12-11T09:21:20.832+0000] {subprocess.py:93} INFO - 	at org.apache.spark.rpc.netty.Inbox.process(Inbox.scala:100)
[2025-12-11T09:23:01.554+0000] {subprocess.py:93} INFO - 	at org.apache.spark.rpc.netty.MessageLoop.org$apache$spark$rpc$netty$MessageLoop$$receiveLoop(MessageLoop.scala:75)
[2025-12-11T09:23:28.037+0000] {subprocess.py:93} INFO - 	at org.apache.spark.rpc.netty.MessageLoop$$anon$1.run(MessageLoop.scala:41)
[2025-12-11T09:25:19.152+0000] {timeout.py:68} ERROR - Process timed out, PID: 2205
[2025-12-11T09:45:23.007+0000] {secrets_masker.py:281} WARNING - Unable to redact value of type 	... 3 more, please report this via <https://github.com/apache/airflow/issues>. Error was: AirflowTaskTimeout: Timeout, PID: 2205
[2025-12-11T09:45:20.503+0000] {process_utils.py:131} INFO - Sending 15 to group 2205. PIDs of all processes in the group: [2206, 2214, 2272, 2205]
[2025-12-11T09:24:46.523+0000] {subprocess.py:93} INFO - 	... 3 more
[2025-12-11T09:45:33.859+0000] {process_utils.py:86} INFO - Sending the signal 15 to group 2205
[2025-12-11T09:45:46.339+0000] {taskinstance.py:2450} ERROR - Received SIGTERM. Terminating subprocesses.
[2025-12-11T09:45:57.119+0000] {subprocess.py:104} INFO - Sending SIGTERM signal to process group
[2025-12-11T09:45:58.092+0000] {process_utils.py:79} INFO - Process psutil.Process(pid=2272, status='terminated', started='09:06:12') (2272) terminated with exit code None
[2025-12-11T09:45:58.531+0000] {taskinstance.py:2698} ERROR - Task failed with exception
Traceback (most recent call last):
  File "/home/airflow/.local/lib/python3.8/site-packages/airflow/models/taskinstance.py", line 428, in _execute_task
    result = execute_callable(context=context, **execute_callable_kwargs)
  File "/home/airflow/.local/lib/python3.8/site-packages/airflow/operators/bash.py", line 203, in execute
    result = self.subprocess_hook.run_command(
  File "/home/airflow/.local/lib/python3.8/site-packages/airflow/hooks/subprocess.py", line 93, in run_command
    self.log.info("%s", line)
  File "/usr/local/lib/python3.8/logging/__init__.py", line 1446, in info
    self._log(INFO, msg, args, **kwargs)
  File "/usr/local/lib/python3.8/logging/__init__.py", line 1577, in _log
    fn, lno, func, sinfo = self.findCaller(stack_info, stacklevel)
  File "/usr/local/lib/python3.8/logging/__init__.py", line 1525, in findCaller
    while f and stacklevel > 1:
  File "/home/airflow/.local/lib/python3.8/site-packages/airflow/models/taskinstance.py", line 2452, in signal_handler
    raise AirflowException("Task received SIGTERM signal")
airflow.exceptions.AirflowException: Task received SIGTERM signal
[2025-12-11T09:45:58.584+0000] {taskinstance.py:1138} INFO - Marking task as FAILED. dag_id=email_intelligence_pipeline, task_id=daily_insights_aggregation, execution_date=20251211T090407, start_date=20251211T090602, end_date=20251211T094558
[2025-12-11T09:45:58.992+0000] {standard_task_runner.py:107} ERROR - Failed to execute job 488 for task daily_insights_aggregation (Task received SIGTERM signal; 2205)
[2025-12-11T09:45:59.122+0000] {process_utils.py:79} INFO - Process psutil.Process(pid=2206, status='terminated', started='09:06:02') (2206) terminated with exit code None
[2025-12-11T09:45:59.125+0000] {process_utils.py:79} INFO - Process psutil.Process(pid=2205, status='terminated', exitcode=1, started='09:06:01') (2205) terminated with exit code 1
[2025-12-11T09:45:59.128+0000] {process_utils.py:79} INFO - Process psutil.Process(pid=2214, status='terminated', started='09:06:02') (2214) terminated with exit code None
