[2025-12-04T15:32:41.164+0000] {taskinstance.py:1956} INFO - Dependencies all met for dep_context=non-requeueable deps ti=<TaskInstance: email_pipeline_dag.kafka_producer manual__2025-12-04T15:18:57.004011+00:00 [queued]>
[2025-12-04T15:32:41.198+0000] {taskinstance.py:1956} INFO - Dependencies all met for dep_context=requeueable deps ti=<TaskInstance: email_pipeline_dag.kafka_producer manual__2025-12-04T15:18:57.004011+00:00 [queued]>
[2025-12-04T15:32:41.200+0000] {taskinstance.py:2170} INFO - Starting attempt 2 of 2
[2025-12-04T15:32:41.261+0000] {taskinstance.py:2191} INFO - Executing <Task(BashOperator): kafka_producer> on 2025-12-04 15:18:57.004011+00:00
[2025-12-04T15:32:41.281+0000] {standard_task_runner.py:60} INFO - Started process 419 to run task
[2025-12-04T15:32:41.335+0000] {standard_task_runner.py:87} INFO - Running: ['***', 'tasks', 'run', 'email_pipeline_dag', 'kafka_producer', 'manual__2025-12-04T15:18:57.004011+00:00', '--job-id', '79', '--raw', '--subdir', 'DAGS_FOLDER/email_pipeline_dag.py', '--cfg-path', '/tmp/tmpogclzv1m']
[2025-12-04T15:32:41.380+0000] {standard_task_runner.py:88} INFO - Job 79: Subtask kafka_producer
[2025-12-04T15:32:41.954+0000] {task_command.py:423} INFO - Running <TaskInstance: email_pipeline_dag.kafka_producer manual__2025-12-04T15:18:57.004011+00:00 [running]> on host 17d26709f247
[2025-12-04T15:32:42.924+0000] {taskinstance.py:2480} INFO - Exporting env vars: AIRFLOW_CTX_DAG_OWNER='***' AIRFLOW_CTX_DAG_ID='email_pipeline_dag' AIRFLOW_CTX_TASK_ID='kafka_producer' AIRFLOW_CTX_EXECUTION_DATE='2025-12-04T15:18:57.004011+00:00' AIRFLOW_CTX_TRY_NUMBER='2' AIRFLOW_CTX_DAG_RUN_ID='manual__2025-12-04T15:18:57.004011+00:00'
[2025-12-04T15:32:42.927+0000] {subprocess.py:63} INFO - Tmp dir root location: /tmp
[2025-12-04T15:32:42.930+0000] {subprocess.py:75} INFO - Running command: ['/usr/bin/bash', '-c', 'python /opt/***/kafka/Producer/email_producer.py']
[2025-12-04T15:32:42.974+0000] {subprocess.py:86} INFO - Output:
[2025-12-04T15:32:46.926+0000] {subprocess.py:93} INFO - 2025-12-04 15:32:46,924 - __main__ - INFO - 🚀 Starting Producer + Consumer...
[2025-12-04T15:32:46.929+0000] {subprocess.py:93} INFO - 2025-12-04 15:32:46,926 - __main__ - INFO - 🔐 Authenticating with Gmail API...
[2025-12-04T15:32:46.984+0000] {subprocess.py:93} INFO - 2025-12-04 15:32:46,984 - googleapiclient.discovery_cache - INFO - file_cache is only supported with oauth2client<4.0.0
[2025-12-04T15:32:46.994+0000] {subprocess.py:93} INFO - 2025-12-04 15:32:46,994 - __main__ - INFO - 📨 Connecting to Kafka...
[2025-12-04T15:32:47.032+0000] {subprocess.py:93} INFO - 2025-12-04 15:32:47,023 - kafka.conn - INFO - <BrokerConnection client_id=kafka-python-producer-1, node_id=bootstrap-0 host=kafka:29092 <connecting> [IPv4 ('172.20.0.4', 29092)]>: connecting to kafka:29092 [('172.20.0.4', 29092) IPv4]
[2025-12-04T15:32:47.044+0000] {subprocess.py:93} INFO - 2025-12-04 15:32:47,042 - kafka.conn - INFO - <BrokerConnection client_id=kafka-python-producer-1, node_id=bootstrap-0 host=kafka:29092 <checking_api_versions_recv> [IPv4 ('172.20.0.4', 29092)]>: Broker version identified as 2.6
[2025-12-04T15:32:47.047+0000] {subprocess.py:93} INFO - 2025-12-04 15:32:47,043 - kafka.conn - INFO - <BrokerConnection client_id=kafka-python-producer-1, node_id=bootstrap-0 host=kafka:29092 <connected> [IPv4 ('172.20.0.4', 29092)]>: Connection complete.
[2025-12-04T15:32:47.059+0000] {subprocess.py:93} INFO - 2025-12-04 15:32:47,058 - __main__ - INFO - 🎬 Démarrage du visualiseur temps réel...
[2025-12-04T15:32:47.071+0000] {subprocess.py:93} INFO - 2025-12-04 15:32:47,059 - __main__ - INFO - ✓ Consumer thread started
[2025-12-04T15:32:47.077+0000] {subprocess.py:93} INFO - 2025-12-04 15:32:47,067 - __main__ - INFO - 📧 Fetching recent emails...
[2025-12-04T15:32:47.096+0000] {subprocess.py:93} INFO - 2025-12-04 15:32:47,088 - kafka.conn - INFO - <BrokerConnection client_id=kafka-python-2.3.0, node_id=bootstrap-0 host=kafka:29092 <connecting> [IPv4 ('172.20.0.4', 29092)]>: connecting to kafka:29092 [('172.20.0.4', 29092) IPv4]
[2025-12-04T15:32:47.111+0000] {subprocess.py:93} INFO - 2025-12-04 15:32:47,111 - kafka.conn - INFO - <BrokerConnection client_id=kafka-python-2.3.0, node_id=bootstrap-0 host=kafka:29092 <checking_api_versions_recv> [IPv4 ('172.20.0.4', 29092)]>: Broker version identified as 2.6
[2025-12-04T15:32:47.122+0000] {subprocess.py:93} INFO - 2025-12-04 15:32:47,113 - kafka.conn - INFO - <BrokerConnection client_id=kafka-python-2.3.0, node_id=bootstrap-0 host=kafka:29092 <connected> [IPv4 ('172.20.0.4', 29092)]>: Connection complete.
[2025-12-04T15:32:47.126+0000] {subprocess.py:93} INFO - 2025-12-04 15:32:47,116 - kafka.consumer.subscription_state - INFO - Updating subscribed topics to: ('emails-topic',)
[2025-12-04T15:32:47.140+0000] {subprocess.py:93} INFO - 2025-12-04 15:32:47,140 - kafka.conn - INFO - <BrokerConnection client_id=kafka-python-2.3.0, node_id=1 host=kafka:29092 <connecting> [IPv4 ('172.20.0.4', 29092)]>: connecting to kafka:29092 [('172.20.0.4', 29092) IPv4]
[2025-12-04T15:32:47.142+0000] {subprocess.py:93} INFO - 2025-12-04 15:32:47,142 - kafka.conn - INFO - <BrokerConnection client_id=kafka-python-2.3.0, node_id=1 host=kafka:29092 <connected> [IPv4 ('172.20.0.4', 29092)]>: Connection complete.
[2025-12-04T15:32:47.152+0000] {subprocess.py:93} INFO - 2025-12-04 15:32:47,142 - kafka.conn - INFO - <BrokerConnection client_id=kafka-python-2.3.0, node_id=bootstrap-0 host=kafka:29092 <connected> [IPv4 ('172.20.0.4', 29092)]>: Closing connection.
[2025-12-04T15:32:47.262+0000] {subprocess.py:93} INFO - 2025-12-04 15:32:47,256 - kafka.cluster - INFO - Coordinator for group/unified-viewer is BrokerMetadata(nodeId='coordinator-1', host='kafka', port=29092, rack=None)
[2025-12-04T15:32:47.305+0000] {subprocess.py:93} INFO - 2025-12-04 15:32:47,256 - kafka.coordinator - INFO - Discovered coordinator coordinator-1 for group unified-viewer
[2025-12-04T15:32:47.307+0000] {subprocess.py:93} INFO - 2025-12-04 15:32:47,257 - kafka.coordinator.heartbeat - INFO - Starting new heartbeat thread
[2025-12-04T15:32:47.308+0000] {subprocess.py:93} INFO - 2025-12-04 15:32:47,271 - kafka.coordinator.consumer - INFO - Revoking previously assigned partitions set() for group unified-viewer
[2025-12-04T15:32:47.309+0000] {subprocess.py:93} INFO - 2025-12-04 15:32:47,271 - kafka.coordinator - INFO - Failed to join group unified-viewer: NodeNotReadyError: coordinator-1
[2025-12-04T15:32:47.309+0000] {subprocess.py:93} INFO - 2025-12-04 15:32:47,275 - kafka.conn - INFO - <BrokerConnection client_id=kafka-python-2.3.0, node_id=coordinator-1 host=kafka:29092 <connecting> [IPv4 ('172.20.0.4', 29092)]>: connecting to kafka:29092 [('172.20.0.4', 29092) IPv4]
[2025-12-04T15:32:47.311+0000] {subprocess.py:93} INFO - 2025-12-04 15:32:47,275 - kafka.conn - INFO - <BrokerConnection client_id=kafka-python-2.3.0, node_id=coordinator-1 host=kafka:29092 <connected> [IPv4 ('172.20.0.4', 29092)]>: Connection complete.
[2025-12-04T15:32:47.377+0000] {subprocess.py:93} INFO - 2025-12-04 15:32:47,376 - kafka.coordinator - INFO - (Re-)joining group unified-viewer
[2025-12-04T15:32:47.394+0000] {subprocess.py:93} INFO - 2025-12-04 15:32:47,393 - kafka.coordinator - INFO - Received member id kafka-python-2.3.0-acb05619-6a65-4d6e-8704-3f418b739533 for group unified-viewer; will retry join-group
[2025-12-04T15:32:47.396+0000] {subprocess.py:93} INFO - 2025-12-04 15:32:47,394 - kafka.coordinator - INFO - Failed to join group unified-viewer: [Error 79] MemberIdRequiredError
[2025-12-04T15:32:47.399+0000] {subprocess.py:93} INFO - 2025-12-04 15:32:47,394 - kafka.coordinator - INFO - (Re-)joining group unified-viewer
[2025-12-04T15:32:48.378+0000] {subprocess.py:93} INFO - 2025-12-04 15:32:48,378 - __main__ - INFO - Found 10 emails in last 24 hours
[2025-12-04T15:32:49.363+0000] {subprocess.py:93} INFO - 2025-12-04 15:32:49,361 - kafka.coordinator - INFO - Successfully joined group unified-viewer <Generation 5 (member_id: kafka-python-2.3.0-acb05619-6a65-4d6e-8704-3f418b739533, protocol: range)>
[2025-12-04T15:32:49.387+0000] {subprocess.py:93} INFO - 2025-12-04 15:32:49,385 - kafka.consumer.subscription_state - INFO - Updated partition assignment: []
[2025-12-04T15:32:49.389+0000] {subprocess.py:93} INFO - 2025-12-04 15:32:49,387 - kafka.coordinator.consumer - INFO - Setting newly assigned partitions set() for group unified-viewer
[2025-12-04T15:32:51.111+0000] {subprocess.py:93} INFO - 2025-12-04 15:32:51,109 - kafka.conn - INFO - <BrokerConnection client_id=kafka-python-producer-1, node_id=1 host=kafka:29092 <connecting> [IPv4 ('172.20.0.4', 29092)]>: connecting to kafka:29092 [('172.20.0.4', 29092) IPv4]
[2025-12-04T15:32:51.114+0000] {subprocess.py:93} INFO - 2025-12-04 15:32:51,113 - kafka.conn - INFO - <BrokerConnection client_id=kafka-python-producer-1, node_id=1 host=kafka:29092 <connected> [IPv4 ('172.20.0.4', 29092)]>: Connection complete.
[2025-12-04T15:32:51.119+0000] {subprocess.py:93} INFO - 2025-12-04 15:32:51,114 - kafka.conn - INFO - <BrokerConnection client_id=kafka-python-producer-1, node_id=bootstrap-0 host=kafka:29092 <connected> [IPv4 ('172.20.0.4', 29092)]>: Closing connection.
[2025-12-04T15:32:51.148+0000] {subprocess.py:93} INFO - 2025-12-04 15:32:51,146 - __main__ - INFO - ✓ Email sent to Kafka - Offset: 47
[2025-12-04T15:32:51.163+0000] {subprocess.py:93} INFO - 2025-12-04 15:32:51,162 - __main__ - INFO - ✓ Email sent to Kafka - Offset: 49
[2025-12-04T15:32:51.181+0000] {subprocess.py:93} INFO - 2025-12-04 15:32:51,179 - __main__ - INFO - ✓ Email sent to Kafka - Offset: 55
[2025-12-04T15:32:51.201+0000] {subprocess.py:93} INFO - 2025-12-04 15:32:51,200 - __main__ - INFO - ✓ Email sent to Kafka - Offset: 61
[2025-12-04T15:32:51.221+0000] {subprocess.py:93} INFO - 2025-12-04 15:32:51,219 - __main__ - INFO - ✓ Email sent to Kafka - Offset: 63
[2025-12-04T15:32:51.243+0000] {subprocess.py:93} INFO - 2025-12-04 15:32:51,242 - __main__ - INFO - ✓ Email sent to Kafka - Offset: 68
[2025-12-04T15:32:51.271+0000] {subprocess.py:93} INFO - 2025-12-04 15:32:51,270 - __main__ - INFO - ✓ Email sent to Kafka - Offset: 76
[2025-12-04T15:32:51.283+0000] {subprocess.py:93} INFO - 2025-12-04 15:32:51,283 - __main__ - INFO - ✓ Email sent to Kafka - Offset: 84
[2025-12-04T15:32:51.297+0000] {subprocess.py:93} INFO - 2025-12-04 15:32:51,296 - __main__ - INFO - ✓ Email sent to Kafka - Offset: 88
[2025-12-04T15:32:51.305+0000] {subprocess.py:93} INFO - 2025-12-04 15:32:51,304 - __main__ - INFO - ✓ Email sent to Kafka - Offset: 93
[2025-12-04T15:32:51.309+0000] {subprocess.py:93} INFO - 2025-12-04 15:32:51,304 - __main__ - INFO - ✅ Successfully sent 10 emails to Kafka
[2025-12-04T15:34:25.552+0000] {subprocess.py:93} INFO - 2025-12-04 15:34:25,552 - kafka.coordinator.heartbeat - WARNING - Heartbeat failed for group unified-viewer because it is rebalancing
[2025-12-04T15:34:25.554+0000] {subprocess.py:93} INFO - 2025-12-04 15:34:25,552 - kafka.coordinator.consumer - INFO - Revoking previously assigned partitions set() for group unified-viewer
[2025-12-04T15:34:25.555+0000] {subprocess.py:93} INFO - 2025-12-04 15:34:25,552 - kafka.coordinator - INFO - (Re-)joining group unified-viewer
[2025-12-04T15:34:25.748+0000] {subprocess.py:93} INFO - 2025-12-04 15:34:25,744 - kafka.coordinator - INFO - Successfully joined group unified-viewer <Generation 6 (member_id: kafka-python-2.3.0-acb05619-6a65-4d6e-8704-3f418b739533, protocol: range)>
[2025-12-04T15:34:25.759+0000] {subprocess.py:93} INFO - 2025-12-04 15:34:25,759 - kafka.consumer.subscription_state - INFO - Updated partition assignment: []
[2025-12-04T15:34:25.765+0000] {subprocess.py:93} INFO - 2025-12-04 15:34:25,760 - kafka.coordinator.consumer - INFO - Setting newly assigned partitions set() for group unified-viewer
[2025-12-04T15:36:38.183+0000] {subprocess.py:93} INFO - 2025-12-04 15:36:38,164 - kafka.coordinator.heartbeat - WARNING - Heartbeat failed for group unified-viewer because it is rebalancing
[2025-12-04T15:36:38.207+0000] {subprocess.py:93} INFO - 2025-12-04 15:36:38,176 - kafka.coordinator.consumer - INFO - Revoking previously assigned partitions set() for group unified-viewer
[2025-12-04T15:36:38.208+0000] {subprocess.py:93} INFO - 2025-12-04 15:36:38,177 - kafka.coordinator - INFO - (Re-)joining group unified-viewer
[2025-12-04T15:36:38.419+0000] {subprocess.py:93} INFO - 2025-12-04 15:36:38,418 - kafka.coordinator - INFO - Successfully joined group unified-viewer <Generation 7 (member_id: kafka-python-2.3.0-acb05619-6a65-4d6e-8704-3f418b739533, protocol: range)>
[2025-12-04T15:36:38.454+0000] {subprocess.py:93} INFO - 2025-12-04 15:36:38,452 - kafka.consumer.subscription_state - INFO - Updated partition assignment: []
[2025-12-04T15:36:38.458+0000] {subprocess.py:93} INFO - 2025-12-04 15:36:38,453 - kafka.coordinator.consumer - INFO - Setting newly assigned partitions set() for group unified-viewer
[2025-12-04T15:38:05.953+0000] {subprocess.py:93} INFO - 2025-12-04 15:38:05,952 - kafka.coordinator.heartbeat - WARNING - Heartbeat failed for group unified-viewer because it is rebalancing
[2025-12-04T15:38:05.956+0000] {subprocess.py:93} INFO - 2025-12-04 15:38:05,952 - kafka.coordinator.consumer - INFO - Revoking previously assigned partitions set() for group unified-viewer
[2025-12-04T15:38:05.957+0000] {subprocess.py:93} INFO - 2025-12-04 15:38:05,953 - kafka.coordinator - INFO - (Re-)joining group unified-viewer
[2025-12-04T15:38:08.968+0000] {subprocess.py:93} INFO - 2025-12-04 15:38:08,965 - kafka.coordinator - INFO - Successfully joined group unified-viewer <Generation 8 (member_id: kafka-python-2.3.0-acb05619-6a65-4d6e-8704-3f418b739533, protocol: range)>
[2025-12-04T15:38:08.989+0000] {subprocess.py:93} INFO - 2025-12-04 15:38:08,986 - kafka.consumer.subscription_state - INFO - Updated partition assignment: []
[2025-12-04T15:38:08.993+0000] {subprocess.py:93} INFO - 2025-12-04 15:38:08,986 - kafka.coordinator.consumer - INFO - Setting newly assigned partitions set() for group unified-viewer
[2025-12-04T15:46:40.469+0000] {subprocess.py:93} INFO - 2025-12-04 15:46:40,406 - kafka.coordinator.heartbeat - WARNING - Heartbeat session expired, marking coordinator dead
[2025-12-04T15:46:40.515+0000] {subprocess.py:93} INFO - 2025-12-04 15:46:40,419 - kafka.coordinator - WARNING - Marking the coordinator dead (node coordinator-1) for group unified-viewer: Heartbeat session expired.
[2025-12-04T15:46:40.516+0000] {subprocess.py:93} INFO - 2025-12-04 15:46:40,447 - kafka.cluster - INFO - Coordinator for group/unified-viewer is BrokerMetadata(nodeId='coordinator-1', host='kafka', port=29092, rack=None)
[2025-12-04T15:46:40.517+0000] {subprocess.py:93} INFO - 2025-12-04 15:46:40,455 - kafka.coordinator - INFO - Discovered coordinator coordinator-1 for group unified-viewer
[2025-12-04T15:46:55.495+0000] {subprocess.py:93} INFO - 2025-12-04 15:46:55,492 - kafka.coordinator.heartbeat - WARNING - Heartbeat failed for group unified-viewer because it is rebalancing
[2025-12-04T15:46:55.496+0000] {subprocess.py:93} INFO - 2025-12-04 15:46:55,496 - kafka.coordinator.consumer - INFO - Revoking previously assigned partitions set() for group unified-viewer
[2025-12-04T15:46:55.497+0000] {subprocess.py:93} INFO - 2025-12-04 15:46:55,496 - kafka.coordinator - INFO - (Re-)joining group unified-viewer
[2025-12-04T15:46:58.507+0000] {subprocess.py:93} INFO - 2025-12-04 15:46:58,503 - kafka.coordinator - INFO - Successfully joined group unified-viewer <Generation 9 (member_id: kafka-python-2.3.0-acb05619-6a65-4d6e-8704-3f418b739533, protocol: range)>
[2025-12-04T15:46:58.549+0000] {subprocess.py:93} INFO - 2025-12-04 15:46:58,548 - kafka.consumer.subscription_state - INFO - Updated partition assignment: []
[2025-12-04T15:46:58.552+0000] {subprocess.py:93} INFO - 2025-12-04 15:46:58,550 - kafka.coordinator.consumer - INFO - Setting newly assigned partitions set() for group unified-viewer
[2025-12-04T15:49:10.802+0000] {subprocess.py:93} INFO - 2025-12-04 15:49:10,795 - kafka.coordinator.heartbeat - WARNING - Heartbeat failed for group unified-viewer because it is rebalancing
[2025-12-04T15:49:10.816+0000] {subprocess.py:93} INFO - 2025-12-04 15:49:10,796 - kafka.coordinator.consumer - INFO - Revoking previously assigned partitions set() for group unified-viewer
[2025-12-04T15:49:10.820+0000] {subprocess.py:93} INFO - 2025-12-04 15:49:10,797 - kafka.coordinator - INFO - (Re-)joining group unified-viewer
[2025-12-04T15:49:11.058+0000] {subprocess.py:93} INFO - 2025-12-04 15:49:11,058 - kafka.coordinator - INFO - Successfully joined group unified-viewer <Generation 10 (member_id: kafka-python-2.3.0-acb05619-6a65-4d6e-8704-3f418b739533, protocol: range)>
[2025-12-04T15:49:11.075+0000] {subprocess.py:93} INFO - 2025-12-04 15:49:11,072 - kafka.consumer.subscription_state - INFO - Updated partition assignment: []
[2025-12-04T15:49:11.078+0000] {subprocess.py:93} INFO - 2025-12-04 15:49:11,076 - kafka.coordinator.consumer - INFO - Setting newly assigned partitions set() for group unified-viewer
[2025-12-04T15:50:38.493+0000] {subprocess.py:93} INFO - 2025-12-04 15:50:38,491 - kafka.coordinator.heartbeat - WARNING - Heartbeat failed for group unified-viewer because it is rebalancing
[2025-12-04T15:50:38.496+0000] {subprocess.py:93} INFO - 2025-12-04 15:50:38,492 - kafka.coordinator.consumer - INFO - Revoking previously assigned partitions set() for group unified-viewer
[2025-12-04T15:50:38.497+0000] {subprocess.py:93} INFO - 2025-12-04 15:50:38,492 - kafka.coordinator - INFO - (Re-)joining group unified-viewer
[2025-12-04T15:50:38.622+0000] {subprocess.py:93} INFO - 2025-12-04 15:50:38,620 - kafka.coordinator - INFO - Successfully joined group unified-viewer <Generation 11 (member_id: kafka-python-2.3.0-acb05619-6a65-4d6e-8704-3f418b739533, protocol: range)>
[2025-12-04T15:50:38.636+0000] {subprocess.py:93} INFO - 2025-12-04 15:50:38,634 - kafka.consumer.subscription_state - INFO - Updated partition assignment: []
[2025-12-04T15:50:38.642+0000] {subprocess.py:93} INFO - 2025-12-04 15:50:38,635 - kafka.coordinator.consumer - INFO - Setting newly assigned partitions set() for group unified-viewer
