[2025-12-05T08:11:09.817+0000] {taskinstance.py:1956} INFO - Dependencies all met for dep_context=non-requeueable deps ti=<TaskInstance: email_pipeline_dag.kafka_producer manual__2025-12-04T15:18:57.004011+00:00 [queued]>
[2025-12-05T08:11:09.886+0000] {taskinstance.py:1956} INFO - Dependencies all met for dep_context=requeueable deps ti=<TaskInstance: email_pipeline_dag.kafka_producer manual__2025-12-04T15:18:57.004011+00:00 [queued]>
[2025-12-05T08:11:09.889+0000] {taskinstance.py:2170} INFO - Starting attempt 3 of 2
[2025-12-05T08:11:10.008+0000] {taskinstance.py:2191} INFO - Executing <Task(BashOperator): kafka_producer> on 2025-12-04 15:18:57.004011+00:00
[2025-12-05T08:11:10.040+0000] {standard_task_runner.py:60} INFO - Started process 190 to run task
[2025-12-05T08:11:10.081+0000] {standard_task_runner.py:87} INFO - Running: ['***', 'tasks', 'run', 'email_pipeline_dag', 'kafka_producer', 'manual__2025-12-04T15:18:57.004011+00:00', '--job-id', '127', '--raw', '--subdir', 'DAGS_FOLDER/email_pipeline_dag.py', '--cfg-path', '/tmp/tmpmcdfw6xa']
[2025-12-05T08:11:10.135+0000] {standard_task_runner.py:88} INFO - Job 127: Subtask kafka_producer
[2025-12-05T08:11:11.012+0000] {task_command.py:423} INFO - Running <TaskInstance: email_pipeline_dag.kafka_producer manual__2025-12-04T15:18:57.004011+00:00 [running]> on host 17d26709f247
[2025-12-05T08:11:12.132+0000] {taskinstance.py:2480} INFO - Exporting env vars: AIRFLOW_CTX_DAG_OWNER='***' AIRFLOW_CTX_DAG_ID='email_pipeline_dag' AIRFLOW_CTX_TASK_ID='kafka_producer' AIRFLOW_CTX_EXECUTION_DATE='2025-12-04T15:18:57.004011+00:00' AIRFLOW_CTX_TRY_NUMBER='3' AIRFLOW_CTX_DAG_RUN_ID='manual__2025-12-04T15:18:57.004011+00:00'
[2025-12-05T08:11:12.160+0000] {subprocess.py:63} INFO - Tmp dir root location: /tmp
[2025-12-05T08:11:12.167+0000] {subprocess.py:75} INFO - Running command: ['/usr/bin/bash', '-c', 'python /opt/***/kafka/Producer/email_producer.py']
[2025-12-05T08:11:12.571+0000] {subprocess.py:86} INFO - Output:
[2025-12-05T08:11:18.216+0000] {subprocess.py:93} INFO - 2025-12-05 08:11:18,204 - __main__ - INFO - 🚀 Starting Producer + Consumer...
[2025-12-05T08:11:18.255+0000] {subprocess.py:93} INFO - 2025-12-05 08:11:18,207 - __main__ - INFO - 🔐 Authenticating with Gmail API...
[2025-12-05T08:11:18.925+0000] {subprocess.py:93} INFO - 2025-12-05 08:11:18,924 - googleapiclient.discovery_cache - INFO - file_cache is only supported with oauth2client<4.0.0
[2025-12-05T08:11:18.963+0000] {subprocess.py:93} INFO - 2025-12-05 08:11:18,961 - __main__ - INFO - 📨 Connecting to Kafka...
[2025-12-05T08:11:22.705+0000] {subprocess.py:93} INFO - 2025-12-05 08:11:22,704 - kafka.conn - WARNING - DNS lookup failed for kafka:29092, exception was [Errno -2] Name or service not known. Is your advertised.listeners (called advertised.host.name before Kafka 9) correct and resolvable?
[2025-12-05T08:11:22.707+0000] {subprocess.py:93} INFO - 2025-12-05 08:11:22,704 - kafka.conn - ERROR - <BrokerConnection client_id=kafka-python-producer-1, node_id=bootstrap-0 host=kafka:29092 <connecting> [unspecified None]>: DNS lookup failed for kafka:29092 (AddressFamily.AF_UNSPEC)
[2025-12-05T08:11:22.709+0000] {subprocess.py:93} INFO - 2025-12-05 08:11:22,705 - kafka.conn - ERROR - <BrokerConnection client_id=kafka-python-producer-1, node_id=bootstrap-0 host=kafka:29092 <connecting> [unspecified None]>: Closing connection. KafkaConnectionError: DNS failure
[2025-12-05T08:11:22.722+0000] {subprocess.py:93} INFO - 2025-12-05 08:11:22,705 - __main__ - ERROR - ❌ Error: NoBrokersAvailable
[2025-12-05T08:11:22.725+0000] {subprocess.py:93} INFO - Traceback (most recent call last):
[2025-12-05T08:11:22.729+0000] {subprocess.py:93} INFO -   File "/opt/***/kafka/Producer/email_producer.py", line 235, in main
[2025-12-05T08:11:22.733+0000] {subprocess.py:93} INFO -     producer = KafkaProducer(
[2025-12-05T08:11:22.736+0000] {subprocess.py:93} INFO -   File "/home/***/.local/lib/python3.8/site-packages/kafka/producer/kafka.py", line 485, in __init__
[2025-12-05T08:11:22.738+0000] {subprocess.py:93} INFO -     client = self.config['kafka_client'](
[2025-12-05T08:11:22.740+0000] {subprocess.py:93} INFO -   File "/home/***/.local/lib/python3.8/site-packages/kafka/client_async.py", line 262, in __init__
[2025-12-05T08:11:22.745+0000] {subprocess.py:93} INFO -     self.config['api_version'] = self.check_version()
[2025-12-05T08:11:22.746+0000] {subprocess.py:93} INFO -   File "/home/***/.local/lib/python3.8/site-packages/kafka/client_async.py", line 1076, in check_version
[2025-12-05T08:11:22.748+0000] {subprocess.py:93} INFO -     raise Errors.NoBrokersAvailable()
[2025-12-05T08:11:22.750+0000] {subprocess.py:93} INFO - kafka.errors.NoBrokersAvailable: NoBrokersAvailable
[2025-12-05T08:11:22.751+0000] {subprocess.py:93} INFO - Traceback (most recent call last):
[2025-12-05T08:11:22.753+0000] {subprocess.py:93} INFO -   File "/opt/***/kafka/Producer/email_producer.py", line 273, in <module>
[2025-12-05T08:11:22.755+0000] {subprocess.py:93} INFO -     main()
[2025-12-05T08:11:22.756+0000] {subprocess.py:93} INFO -   File "/opt/***/kafka/Producer/email_producer.py", line 235, in main
[2025-12-05T08:11:22.758+0000] {subprocess.py:93} INFO -     producer = KafkaProducer(
[2025-12-05T08:11:22.762+0000] {subprocess.py:93} INFO -   File "/home/***/.local/lib/python3.8/site-packages/kafka/producer/kafka.py", line 485, in __init__
[2025-12-05T08:11:22.766+0000] {subprocess.py:93} INFO -     client = self.config['kafka_client'](
[2025-12-05T08:11:22.769+0000] {subprocess.py:93} INFO -   File "/home/***/.local/lib/python3.8/site-packages/kafka/client_async.py", line 262, in __init__
[2025-12-05T08:11:22.770+0000] {subprocess.py:93} INFO -     self.config['api_version'] = self.check_version()
[2025-12-05T08:11:22.772+0000] {subprocess.py:93} INFO -   File "/home/***/.local/lib/python3.8/site-packages/kafka/client_async.py", line 1076, in check_version
[2025-12-05T08:11:22.774+0000] {subprocess.py:93} INFO -     raise Errors.NoBrokersAvailable()
[2025-12-05T08:11:22.775+0000] {subprocess.py:93} INFO - kafka.errors.NoBrokersAvailable: NoBrokersAvailable
[2025-12-05T08:11:23.215+0000] {subprocess.py:97} INFO - Command exited with return code 1
[2025-12-05T08:11:23.426+0000] {taskinstance.py:2698} ERROR - Task failed with exception
Traceback (most recent call last):
  File "/home/airflow/.local/lib/python3.8/site-packages/airflow/models/taskinstance.py", line 428, in _execute_task
    result = execute_callable(context=context, **execute_callable_kwargs)
  File "/home/airflow/.local/lib/python3.8/site-packages/airflow/operators/bash.py", line 212, in execute
    raise AirflowException(
airflow.exceptions.AirflowException: Bash command failed. The command returned a non-zero exit code 1.
[2025-12-05T08:11:23.454+0000] {taskinstance.py:1138} INFO - Marking task as FAILED. dag_id=email_pipeline_dag, task_id=kafka_producer, execution_date=20251204T151857, start_date=20251205T081109, end_date=20251205T081123
[2025-12-05T08:11:23.597+0000] {standard_task_runner.py:107} ERROR - Failed to execute job 127 for task kafka_producer (Bash command failed. The command returned a non-zero exit code 1.; 190)
[2025-12-05T08:11:23.664+0000] {local_task_job_runner.py:234} INFO - Task exited with return code 1
[2025-12-05T08:11:23.889+0000] {taskinstance.py:3280} INFO - 0 downstream tasks scheduled from follow-on schedule check
