[2025-12-07T13:07:26.137+0000] {taskinstance.py:1956} INFO - Dependencies all met for dep_context=non-requeueable deps ti=<TaskInstance: email_intelligence_pipeline.gmail_extraction manual__2025-12-07T13:07:25.191288+00:00 [queued]>
[2025-12-07T13:07:26.145+0000] {taskinstance.py:1956} INFO - Dependencies all met for dep_context=requeueable deps ti=<TaskInstance: email_intelligence_pipeline.gmail_extraction manual__2025-12-07T13:07:25.191288+00:00 [queued]>
[2025-12-07T13:07:26.148+0000] {taskinstance.py:2170} INFO - Starting attempt 1 of 1
[2025-12-07T13:07:26.161+0000] {taskinstance.py:2191} INFO - Executing <Task(BashOperator): gmail_extraction> on 2025-12-07 13:07:25.191288+00:00
[2025-12-07T13:07:26.171+0000] {standard_task_runner.py:60} INFO - Started process 421 to run task
[2025-12-07T13:07:26.174+0000] {standard_task_runner.py:87} INFO - Running: ['***', 'tasks', 'run', 'email_intelligence_pipeline', 'gmail_extraction', 'manual__2025-12-07T13:07:25.191288+00:00', '--job-id', '48', '--raw', '--subdir', 'DAGS_FOLDER/email_pipeline_dag.py', '--cfg-path', '/tmp/tmpyqbrh8c9']
[2025-12-07T13:07:26.177+0000] {standard_task_runner.py:88} INFO - Job 48: Subtask gmail_extraction
[2025-12-07T13:07:26.274+0000] {task_command.py:423} INFO - Running <TaskInstance: email_intelligence_pipeline.gmail_extraction manual__2025-12-07T13:07:25.191288+00:00 [running]> on host e61fdba10dc3
[2025-12-07T13:07:26.357+0000] {taskinstance.py:2480} INFO - Exporting env vars: AIRFLOW_CTX_DAG_OWNER='data_team' AIRFLOW_CTX_DAG_ID='email_intelligence_pipeline' AIRFLOW_CTX_TASK_ID='gmail_extraction' AIRFLOW_CTX_EXECUTION_DATE='2025-12-07T13:07:25.191288+00:00' AIRFLOW_CTX_TRY_NUMBER='1' AIRFLOW_CTX_DAG_RUN_ID='manual__2025-12-07T13:07:25.191288+00:00'
[2025-12-07T13:07:26.359+0000] {subprocess.py:63} INFO - Tmp dir root location: /tmp
[2025-12-07T13:07:26.360+0000] {subprocess.py:75} INFO - Running command: ['/usr/bin/bash', '-c', 'python /opt/***/kafka/Producer/email_producer.py']
[2025-12-07T13:07:26.370+0000] {subprocess.py:86} INFO - Output:
[2025-12-07T13:07:27.120+0000] {subprocess.py:93} INFO - 2025-12-07 13:07:27,120 - __main__ - INFO - 🚀 Starting Producer + Consumer...
[2025-12-07T13:07:27.121+0000] {subprocess.py:93} INFO - 2025-12-07 13:07:27,120 - __main__ - INFO - 🔐 Authenticating with Gmail API...
[2025-12-07T13:07:27.160+0000] {subprocess.py:93} INFO - 2025-12-07 13:07:27,160 - googleapiclient.discovery_cache - INFO - file_cache is only supported with oauth2client<4.0.0
[2025-12-07T13:07:27.163+0000] {subprocess.py:93} INFO - 2025-12-07 13:07:27,162 - __main__ - INFO - 📨 Connecting to Kafka...
[2025-12-07T13:07:31.175+0000] {subprocess.py:93} INFO - 2025-12-07 13:07:31,173 - kafka.conn - WARNING - DNS lookup failed for kafka:29092, exception was [Errno -5] No address associated with hostname. Is your advertised.listeners (called advertised.host.name before Kafka 9) correct and resolvable?
[2025-12-07T13:07:31.177+0000] {subprocess.py:93} INFO - 2025-12-07 13:07:31,174 - kafka.conn - ERROR - <BrokerConnection client_id=kafka-python-producer-1, node_id=bootstrap-0 host=kafka:29092 <connecting> [unspecified None]>: DNS lookup failed for kafka:29092 (AddressFamily.AF_UNSPEC)
[2025-12-07T13:07:31.178+0000] {subprocess.py:93} INFO - 2025-12-07 13:07:31,175 - kafka.conn - ERROR - <BrokerConnection client_id=kafka-python-producer-1, node_id=bootstrap-0 host=kafka:29092 <connecting> [unspecified None]>: Closing connection. KafkaConnectionError: DNS failure
[2025-12-07T13:07:31.188+0000] {subprocess.py:93} INFO - 2025-12-07 13:07:31,176 - __main__ - ERROR - ❌ Error: NoBrokersAvailable
[2025-12-07T13:07:31.189+0000] {subprocess.py:93} INFO - Traceback (most recent call last):
[2025-12-07T13:07:31.189+0000] {subprocess.py:93} INFO -   File "/opt/***/kafka/Producer/email_producer.py", line 235, in main
[2025-12-07T13:07:31.190+0000] {subprocess.py:93} INFO -     producer = KafkaProducer(
[2025-12-07T13:07:31.190+0000] {subprocess.py:93} INFO -   File "/home/***/.local/lib/python3.8/site-packages/kafka/producer/kafka.py", line 485, in __init__
[2025-12-07T13:07:31.191+0000] {subprocess.py:93} INFO -     client = self.config['kafka_client'](
[2025-12-07T13:07:31.191+0000] {subprocess.py:93} INFO -   File "/home/***/.local/lib/python3.8/site-packages/kafka/client_async.py", line 262, in __init__
[2025-12-07T13:07:31.191+0000] {subprocess.py:93} INFO -     self.config['api_version'] = self.check_version()
[2025-12-07T13:07:31.192+0000] {subprocess.py:93} INFO -   File "/home/***/.local/lib/python3.8/site-packages/kafka/client_async.py", line 1076, in check_version
[2025-12-07T13:07:31.192+0000] {subprocess.py:93} INFO -     raise Errors.NoBrokersAvailable()
[2025-12-07T13:07:31.193+0000] {subprocess.py:93} INFO - kafka.errors.NoBrokersAvailable: NoBrokersAvailable
[2025-12-07T13:07:31.196+0000] {subprocess.py:93} INFO - Traceback (most recent call last):
[2025-12-07T13:07:31.197+0000] {subprocess.py:93} INFO -   File "/opt/***/kafka/Producer/email_producer.py", line 273, in <module>
[2025-12-07T13:07:31.197+0000] {subprocess.py:93} INFO -     main()
[2025-12-07T13:07:31.198+0000] {subprocess.py:93} INFO -   File "/opt/***/kafka/Producer/email_producer.py", line 235, in main
[2025-12-07T13:07:31.198+0000] {subprocess.py:93} INFO -     producer = KafkaProducer(
[2025-12-07T13:07:31.199+0000] {subprocess.py:93} INFO -   File "/home/***/.local/lib/python3.8/site-packages/kafka/producer/kafka.py", line 485, in __init__
[2025-12-07T13:07:31.200+0000] {subprocess.py:93} INFO -     client = self.config['kafka_client'](
[2025-12-07T13:07:31.200+0000] {subprocess.py:93} INFO -   File "/home/***/.local/lib/python3.8/site-packages/kafka/client_async.py", line 262, in __init__
[2025-12-07T13:07:31.201+0000] {subprocess.py:93} INFO -     self.config['api_version'] = self.check_version()
[2025-12-07T13:07:31.202+0000] {subprocess.py:93} INFO -   File "/home/***/.local/lib/python3.8/site-packages/kafka/client_async.py", line 1076, in check_version
[2025-12-07T13:07:31.204+0000] {subprocess.py:93} INFO -     raise Errors.NoBrokersAvailable()
[2025-12-07T13:07:31.204+0000] {subprocess.py:93} INFO - kafka.errors.NoBrokersAvailable: NoBrokersAvailable
[2025-12-07T13:07:31.262+0000] {subprocess.py:97} INFO - Command exited with return code 1
[2025-12-07T13:07:31.275+0000] {taskinstance.py:2698} ERROR - Task failed with exception
Traceback (most recent call last):
  File "/home/airflow/.local/lib/python3.8/site-packages/airflow/models/taskinstance.py", line 428, in _execute_task
    result = execute_callable(context=context, **execute_callable_kwargs)
  File "/home/airflow/.local/lib/python3.8/site-packages/airflow/operators/bash.py", line 212, in execute
    raise AirflowException(
airflow.exceptions.AirflowException: Bash command failed. The command returned a non-zero exit code 1.
[2025-12-07T13:07:31.277+0000] {taskinstance.py:1138} INFO - Marking task as FAILED. dag_id=email_intelligence_pipeline, task_id=gmail_extraction, execution_date=20251207T130725, start_date=20251207T130726, end_date=20251207T130731
[2025-12-07T13:07:31.290+0000] {standard_task_runner.py:107} ERROR - Failed to execute job 48 for task gmail_extraction (Bash command failed. The command returned a non-zero exit code 1.; 421)
[2025-12-07T13:07:31.314+0000] {local_task_job_runner.py:234} INFO - Task exited with return code 1
[2025-12-07T13:07:31.343+0000] {taskinstance.py:3280} INFO - 1 downstream tasks scheduled from follow-on schedule check
