[2025-12-04T15:32:41.153+0000] {taskinstance.py:1956} INFO - Dependencies all met for dep_context=non-requeueable deps ti=<TaskInstance: email_pipeline_dag.kafka_producer manual__2025-12-04T15:19:48.743793+00:00 [queued]>
[2025-12-04T15:32:41.203+0000] {taskinstance.py:1956} INFO - Dependencies all met for dep_context=requeueable deps ti=<TaskInstance: email_pipeline_dag.kafka_producer manual__2025-12-04T15:19:48.743793+00:00 [queued]>
[2025-12-04T15:32:41.204+0000] {taskinstance.py:2170} INFO - Starting attempt 2 of 2
[2025-12-04T15:32:41.251+0000] {taskinstance.py:2191} INFO - Executing <Task(BashOperator): kafka_producer> on 2025-12-04 15:19:48.743793+00:00
[2025-12-04T15:32:41.278+0000] {standard_task_runner.py:60} INFO - Started process 416 to run task
[2025-12-04T15:32:41.336+0000] {standard_task_runner.py:87} INFO - Running: ['***', 'tasks', 'run', 'email_pipeline_dag', 'kafka_producer', 'manual__2025-12-04T15:19:48.743793+00:00', '--job-id', '83', '--raw', '--subdir', 'DAGS_FOLDER/email_pipeline_dag.py', '--cfg-path', '/tmp/tmp27uecnkb']
[2025-12-04T15:32:41.387+0000] {standard_task_runner.py:88} INFO - Job 83: Subtask kafka_producer
[2025-12-04T15:32:41.994+0000] {task_command.py:423} INFO - Running <TaskInstance: email_pipeline_dag.kafka_producer manual__2025-12-04T15:19:48.743793+00:00 [running]> on host 17d26709f247
[2025-12-04T15:32:42.970+0000] {taskinstance.py:2480} INFO - Exporting env vars: AIRFLOW_CTX_DAG_OWNER='***' AIRFLOW_CTX_DAG_ID='email_pipeline_dag' AIRFLOW_CTX_TASK_ID='kafka_producer' AIRFLOW_CTX_EXECUTION_DATE='2025-12-04T15:19:48.743793+00:00' AIRFLOW_CTX_TRY_NUMBER='2' AIRFLOW_CTX_DAG_RUN_ID='manual__2025-12-04T15:19:48.743793+00:00'
[2025-12-04T15:32:42.976+0000] {subprocess.py:63} INFO - Tmp dir root location: /tmp
[2025-12-04T15:32:42.980+0000] {subprocess.py:75} INFO - Running command: ['/usr/bin/bash', '-c', 'python /opt/***/kafka/Producer/email_producer.py']
[2025-12-04T15:32:43.017+0000] {subprocess.py:86} INFO - Output:
[2025-12-04T15:32:46.931+0000] {subprocess.py:93} INFO - 2025-12-04 15:32:46,927 - __main__ - INFO - 🚀 Starting Producer + Consumer...
[2025-12-04T15:32:46.943+0000] {subprocess.py:93} INFO - 2025-12-04 15:32:46,929 - __main__ - INFO - 🔐 Authenticating with Gmail API...
[2025-12-04T15:32:47.046+0000] {subprocess.py:93} INFO - 2025-12-04 15:32:47,045 - googleapiclient.discovery_cache - INFO - file_cache is only supported with oauth2client<4.0.0
[2025-12-04T15:32:47.099+0000] {subprocess.py:93} INFO - 2025-12-04 15:32:47,090 - __main__ - INFO - 📨 Connecting to Kafka...
[2025-12-04T15:32:47.139+0000] {subprocess.py:93} INFO - 2025-12-04 15:32:47,136 - kafka.conn - INFO - <BrokerConnection client_id=kafka-python-producer-1, node_id=bootstrap-0 host=kafka:29092 <connecting> [IPv4 ('172.20.0.4', 29092)]>: connecting to kafka:29092 [('172.20.0.4', 29092) IPv4]
[2025-12-04T15:32:47.175+0000] {subprocess.py:93} INFO - 2025-12-04 15:32:47,174 - kafka.conn - INFO - <BrokerConnection client_id=kafka-python-producer-1, node_id=bootstrap-0 host=kafka:29092 <checking_api_versions_recv> [IPv4 ('172.20.0.4', 29092)]>: Broker version identified as 2.6
[2025-12-04T15:32:47.181+0000] {subprocess.py:93} INFO - 2025-12-04 15:32:47,175 - kafka.conn - INFO - <BrokerConnection client_id=kafka-python-producer-1, node_id=bootstrap-0 host=kafka:29092 <connected> [IPv4 ('172.20.0.4', 29092)]>: Connection complete.
[2025-12-04T15:32:47.185+0000] {subprocess.py:93} INFO - 2025-12-04 15:32:47,184 - __main__ - INFO - 🎬 Démarrage du visualiseur temps réel...
[2025-12-04T15:32:47.198+0000] {subprocess.py:93} INFO - 2025-12-04 15:32:47,194 - __main__ - INFO - ✓ Consumer thread started
[2025-12-04T15:32:47.216+0000] {subprocess.py:93} INFO - 2025-12-04 15:32:47,203 - __main__ - INFO - 📧 Fetching recent emails...
[2025-12-04T15:32:47.229+0000] {subprocess.py:93} INFO - 2025-12-04 15:32:47,196 - kafka.conn - INFO - <BrokerConnection client_id=kafka-python-2.3.0, node_id=bootstrap-0 host=kafka:29092 <connecting> [IPv4 ('172.20.0.4', 29092)]>: connecting to kafka:29092 [('172.20.0.4', 29092) IPv4]
[2025-12-04T15:32:47.249+0000] {subprocess.py:93} INFO - 2025-12-04 15:32:47,247 - kafka.conn - INFO - <BrokerConnection client_id=kafka-python-2.3.0, node_id=bootstrap-0 host=kafka:29092 <checking_api_versions_recv> [IPv4 ('172.20.0.4', 29092)]>: Broker version identified as 2.6
[2025-12-04T15:32:47.257+0000] {subprocess.py:93} INFO - 2025-12-04 15:32:47,247 - kafka.conn - INFO - <BrokerConnection client_id=kafka-python-2.3.0, node_id=bootstrap-0 host=kafka:29092 <connected> [IPv4 ('172.20.0.4', 29092)]>: Connection complete.
[2025-12-04T15:32:47.260+0000] {subprocess.py:93} INFO - 2025-12-04 15:32:47,254 - kafka.consumer.subscription_state - INFO - Updating subscribed topics to: ('emails-topic',)
[2025-12-04T15:32:47.342+0000] {subprocess.py:93} INFO - 2025-12-04 15:32:47,341 - kafka.conn - INFO - <BrokerConnection client_id=kafka-python-2.3.0, node_id=1 host=kafka:29092 <connecting> [IPv4 ('172.20.0.4', 29092)]>: connecting to kafka:29092 [('172.20.0.4', 29092) IPv4]
[2025-12-04T15:32:47.344+0000] {subprocess.py:93} INFO - 2025-12-04 15:32:47,342 - kafka.conn - INFO - <BrokerConnection client_id=kafka-python-2.3.0, node_id=1 host=kafka:29092 <connected> [IPv4 ('172.20.0.4', 29092)]>: Connection complete.
[2025-12-04T15:32:47.348+0000] {subprocess.py:93} INFO - 2025-12-04 15:32:47,342 - kafka.conn - INFO - <BrokerConnection client_id=kafka-python-2.3.0, node_id=bootstrap-0 host=kafka:29092 <connected> [IPv4 ('172.20.0.4', 29092)]>: Closing connection.
[2025-12-04T15:32:47.448+0000] {subprocess.py:93} INFO - 2025-12-04 15:32:47,448 - kafka.cluster - INFO - Coordinator for group/unified-viewer is BrokerMetadata(nodeId='coordinator-1', host='kafka', port=29092, rack=None)
[2025-12-04T15:32:47.449+0000] {subprocess.py:93} INFO - 2025-12-04 15:32:47,448 - kafka.coordinator - INFO - Discovered coordinator coordinator-1 for group unified-viewer
[2025-12-04T15:32:47.450+0000] {subprocess.py:93} INFO - 2025-12-04 15:32:47,448 - kafka.coordinator.heartbeat - INFO - Starting new heartbeat thread
[2025-12-04T15:32:47.451+0000] {subprocess.py:93} INFO - 2025-12-04 15:32:47,450 - kafka.coordinator.consumer - INFO - Revoking previously assigned partitions set() for group unified-viewer
[2025-12-04T15:32:47.452+0000] {subprocess.py:93} INFO - 2025-12-04 15:32:47,450 - kafka.coordinator - INFO - Failed to join group unified-viewer: NodeNotReadyError: coordinator-1
[2025-12-04T15:32:47.455+0000] {subprocess.py:93} INFO - 2025-12-04 15:32:47,454 - kafka.conn - INFO - <BrokerConnection client_id=kafka-python-2.3.0, node_id=coordinator-1 host=kafka:29092 <connecting> [IPv4 ('172.20.0.4', 29092)]>: connecting to kafka:29092 [('172.20.0.4', 29092) IPv4]
[2025-12-04T15:32:47.456+0000] {subprocess.py:93} INFO - 2025-12-04 15:32:47,455 - kafka.conn - INFO - <BrokerConnection client_id=kafka-python-2.3.0, node_id=coordinator-1 host=kafka:29092 <connected> [IPv4 ('172.20.0.4', 29092)]>: Connection complete.
[2025-12-04T15:32:47.557+0000] {subprocess.py:93} INFO - 2025-12-04 15:32:47,556 - kafka.coordinator - INFO - (Re-)joining group unified-viewer
[2025-12-04T15:32:47.564+0000] {subprocess.py:93} INFO - 2025-12-04 15:32:47,564 - kafka.coordinator - INFO - Received member id kafka-python-2.3.0-d6ec8d25-8015-4737-99bd-2b9aed987d33 for group unified-viewer; will retry join-group
[2025-12-04T15:32:47.566+0000] {subprocess.py:93} INFO - 2025-12-04 15:32:47,564 - kafka.coordinator - INFO - Failed to join group unified-viewer: [Error 79] MemberIdRequiredError
[2025-12-04T15:32:47.568+0000] {subprocess.py:93} INFO - 2025-12-04 15:32:47,564 - kafka.coordinator - INFO - (Re-)joining group unified-viewer
[2025-12-04T15:32:48.578+0000] {subprocess.py:93} INFO - 2025-12-04 15:32:48,577 - __main__ - INFO - Found 10 emails in last 24 hours
[2025-12-04T15:32:49.384+0000] {subprocess.py:93} INFO - 2025-12-04 15:32:49,383 - kafka.coordinator - INFO - Successfully joined group unified-viewer <Generation 5 (member_id: kafka-python-2.3.0-d6ec8d25-8015-4737-99bd-2b9aed987d33, protocol: range)>
[2025-12-04T15:32:49.391+0000] {subprocess.py:93} INFO - 2025-12-04 15:32:49,390 - kafka.consumer.subscription_state - INFO - Updated partition assignment: []
[2025-12-04T15:32:49.392+0000] {subprocess.py:93} INFO - 2025-12-04 15:32:49,391 - kafka.coordinator.consumer - INFO - Setting newly assigned partitions set() for group unified-viewer
[2025-12-04T15:32:51.166+0000] {subprocess.py:93} INFO - 2025-12-04 15:32:51,165 - kafka.conn - INFO - <BrokerConnection client_id=kafka-python-producer-1, node_id=1 host=kafka:29092 <connecting> [IPv4 ('172.20.0.4', 29092)]>: connecting to kafka:29092 [('172.20.0.4', 29092) IPv4]
[2025-12-04T15:32:51.170+0000] {subprocess.py:93} INFO - 2025-12-04 15:32:51,166 - kafka.conn - INFO - <BrokerConnection client_id=kafka-python-producer-1, node_id=1 host=kafka:29092 <connected> [IPv4 ('172.20.0.4', 29092)]>: Connection complete.
[2025-12-04T15:32:51.175+0000] {subprocess.py:93} INFO - 2025-12-04 15:32:51,166 - kafka.conn - INFO - <BrokerConnection client_id=kafka-python-producer-1, node_id=bootstrap-0 host=kafka:29092 <connected> [IPv4 ('172.20.0.4', 29092)]>: Closing connection.
[2025-12-04T15:32:51.200+0000] {subprocess.py:93} INFO - 2025-12-04 15:32:51,200 - __main__ - INFO - ✓ Email sent to Kafka - Offset: 60
[2025-12-04T15:32:51.215+0000] {subprocess.py:93} INFO - 2025-12-04 15:32:51,214 - __main__ - INFO - ✓ Email sent to Kafka - Offset: 62
[2025-12-04T15:32:51.239+0000] {subprocess.py:93} INFO - 2025-12-04 15:32:51,237 - __main__ - INFO - ✓ Email sent to Kafka - Offset: 67
[2025-12-04T15:32:51.267+0000] {subprocess.py:93} INFO - 2025-12-04 15:32:51,266 - __main__ - INFO - ✓ Email sent to Kafka - Offset: 78
[2025-12-04T15:32:51.278+0000] {subprocess.py:93} INFO - 2025-12-04 15:32:51,277 - __main__ - INFO - ✓ Email sent to Kafka - Offset: 82
[2025-12-04T15:32:51.297+0000] {subprocess.py:93} INFO - 2025-12-04 15:32:51,296 - __main__ - INFO - ✓ Email sent to Kafka - Offset: 87
[2025-12-04T15:32:51.315+0000] {subprocess.py:93} INFO - 2025-12-04 15:32:51,314 - __main__ - INFO - ✓ Email sent to Kafka - Offset: 97
[2025-12-04T15:32:51.329+0000] {subprocess.py:93} INFO - 2025-12-04 15:32:51,328 - __main__ - INFO - ✓ Email sent to Kafka - Offset: 100
[2025-12-04T15:32:51.337+0000] {subprocess.py:93} INFO - 2025-12-04 15:32:51,336 - __main__ - INFO - ✓ Email sent to Kafka - Offset: 102
[2025-12-04T15:32:51.349+0000] {subprocess.py:93} INFO - 2025-12-04 15:32:51,348 - __main__ - INFO - ✓ Email sent to Kafka - Offset: 105
[2025-12-04T15:32:51.352+0000] {subprocess.py:93} INFO - 2025-12-04 15:32:51,349 - __main__ - INFO - ✅ Successfully sent 10 emails to Kafka
[2025-12-04T15:34:25.603+0000] {subprocess.py:93} INFO - 2025-12-04 15:34:25,603 - kafka.coordinator.heartbeat - WARNING - Heartbeat failed for group unified-viewer because it is rebalancing
[2025-12-04T15:34:25.605+0000] {subprocess.py:93} INFO - 2025-12-04 15:34:25,603 - kafka.coordinator.consumer - INFO - Revoking previously assigned partitions set() for group unified-viewer
[2025-12-04T15:34:25.606+0000] {subprocess.py:93} INFO - 2025-12-04 15:34:25,603 - kafka.coordinator - INFO - (Re-)joining group unified-viewer
[2025-12-04T15:34:25.746+0000] {subprocess.py:93} INFO - 2025-12-04 15:34:25,744 - kafka.coordinator - INFO - Successfully joined group unified-viewer <Generation 6 (member_id: kafka-python-2.3.0-d6ec8d25-8015-4737-99bd-2b9aed987d33, protocol: range)>
[2025-12-04T15:34:25.760+0000] {subprocess.py:93} INFO - 2025-12-04 15:34:25,759 - kafka.consumer.subscription_state - INFO - Updated partition assignment: []
[2025-12-04T15:34:25.766+0000] {subprocess.py:93} INFO - 2025-12-04 15:34:25,759 - kafka.coordinator.consumer - INFO - Setting newly assigned partitions set() for group unified-viewer
[2025-12-04T15:36:38.190+0000] {subprocess.py:93} INFO - 2025-12-04 15:36:38,178 - kafka.coordinator.heartbeat - WARNING - Heartbeat failed for group unified-viewer because it is rebalancing
[2025-12-04T15:36:38.214+0000] {subprocess.py:93} INFO - 2025-12-04 15:36:38,184 - kafka.coordinator.consumer - INFO - Revoking previously assigned partitions set() for group unified-viewer
[2025-12-04T15:36:38.214+0000] {subprocess.py:93} INFO - 2025-12-04 15:36:38,185 - kafka.coordinator - INFO - (Re-)joining group unified-viewer
[2025-12-04T15:36:38.419+0000] {subprocess.py:93} INFO - 2025-12-04 15:36:38,419 - kafka.coordinator - INFO - Successfully joined group unified-viewer <Generation 7 (member_id: kafka-python-2.3.0-d6ec8d25-8015-4737-99bd-2b9aed987d33, protocol: range)>
[2025-12-04T15:36:38.447+0000] {subprocess.py:93} INFO - 2025-12-04 15:36:38,447 - kafka.consumer.subscription_state - INFO - Updated partition assignment: []
[2025-12-04T15:36:38.451+0000] {subprocess.py:93} INFO - 2025-12-04 15:36:38,447 - kafka.coordinator.consumer - INFO - Setting newly assigned partitions set() for group unified-viewer
[2025-12-04T15:38:06.101+0000] {subprocess.py:93} INFO - 2025-12-04 15:38:06,100 - kafka.coordinator.heartbeat - WARNING - Heartbeat failed for group unified-viewer because it is rebalancing
[2025-12-04T15:38:06.104+0000] {subprocess.py:93} INFO - 2025-12-04 15:38:06,101 - kafka.coordinator.consumer - INFO - Revoking previously assigned partitions set() for group unified-viewer
[2025-12-04T15:38:06.116+0000] {subprocess.py:93} INFO - 2025-12-04 15:38:06,101 - kafka.coordinator - INFO - (Re-)joining group unified-viewer
[2025-12-04T15:38:08.969+0000] {subprocess.py:93} INFO - 2025-12-04 15:38:08,967 - kafka.coordinator - INFO - Successfully joined group unified-viewer <Generation 8 (member_id: kafka-python-2.3.0-d6ec8d25-8015-4737-99bd-2b9aed987d33, protocol: range)>
[2025-12-04T15:38:08.989+0000] {subprocess.py:93} INFO - 2025-12-04 15:38:08,988 - kafka.consumer.subscription_state - INFO - Updated partition assignment: []
[2025-12-04T15:38:08.993+0000] {subprocess.py:93} INFO - 2025-12-04 15:38:08,988 - kafka.coordinator.consumer - INFO - Setting newly assigned partitions set() for group unified-viewer
[2025-12-04T15:46:40.456+0000] {subprocess.py:93} INFO - 2025-12-04 15:46:40,402 - kafka.coordinator.heartbeat - WARNING - Heartbeat session expired, marking coordinator dead
[2025-12-04T15:46:40.523+0000] {subprocess.py:93} INFO - 2025-12-04 15:46:40,416 - kafka.coordinator - WARNING - Marking the coordinator dead (node coordinator-1) for group unified-viewer: Heartbeat session expired.
[2025-12-04T15:46:40.526+0000] {subprocess.py:93} INFO - 2025-12-04 15:46:40,440 - kafka.cluster - INFO - Coordinator for group/unified-viewer is BrokerMetadata(nodeId='coordinator-1', host='kafka', port=29092, rack=None)
[2025-12-04T15:46:40.527+0000] {subprocess.py:93} INFO - 2025-12-04 15:46:40,442 - kafka.coordinator - INFO - Discovered coordinator coordinator-1 for group unified-viewer
[2025-12-04T15:46:55.469+0000] {subprocess.py:93} INFO - 2025-12-04 15:46:55,468 - kafka.coordinator.heartbeat - WARNING - Heartbeat failed for group unified-viewer because it is rebalancing
[2025-12-04T15:46:55.471+0000] {subprocess.py:93} INFO - 2025-12-04 15:46:55,469 - kafka.coordinator.consumer - INFO - Revoking previously assigned partitions set() for group unified-viewer
[2025-12-04T15:46:55.472+0000] {subprocess.py:93} INFO - 2025-12-04 15:46:55,470 - kafka.coordinator - INFO - (Re-)joining group unified-viewer
[2025-12-04T15:46:58.507+0000] {subprocess.py:93} INFO - 2025-12-04 15:46:58,504 - kafka.coordinator - INFO - Successfully joined group unified-viewer <Generation 9 (member_id: kafka-python-2.3.0-d6ec8d25-8015-4737-99bd-2b9aed987d33, protocol: range)>
[2025-12-04T15:46:58.552+0000] {subprocess.py:93} INFO - 2025-12-04 15:46:58,550 - kafka.consumer.subscription_state - INFO - Updated partition assignment: []
[2025-12-04T15:46:58.556+0000] {subprocess.py:93} INFO - 2025-12-04 15:46:58,552 - kafka.coordinator.consumer - INFO - Setting newly assigned partitions set() for group unified-viewer
[2025-12-04T15:49:10.719+0000] {subprocess.py:93} INFO - 2025-12-04 15:49:10,719 - kafka.coordinator.heartbeat - WARNING - Heartbeat failed for group unified-viewer because it is rebalancing
[2025-12-04T15:49:10.721+0000] {subprocess.py:93} INFO - 2025-12-04 15:49:10,719 - kafka.coordinator.consumer - INFO - Revoking previously assigned partitions set() for group unified-viewer
[2025-12-04T15:49:10.722+0000] {subprocess.py:93} INFO - 2025-12-04 15:49:10,719 - kafka.coordinator - INFO - (Re-)joining group unified-viewer
[2025-12-04T15:49:11.060+0000] {subprocess.py:93} INFO - 2025-12-04 15:49:11,059 - kafka.coordinator - INFO - Successfully joined group unified-viewer <Generation 10 (member_id: kafka-python-2.3.0-d6ec8d25-8015-4737-99bd-2b9aed987d33, protocol: range)>
[2025-12-04T15:49:11.075+0000] {subprocess.py:93} INFO - 2025-12-04 15:49:11,074 - kafka.consumer.subscription_state - INFO - Updated partition assignment: []
[2025-12-04T15:49:11.078+0000] {subprocess.py:93} INFO - 2025-12-04 15:49:11,076 - kafka.coordinator.consumer - INFO - Setting newly assigned partitions set() for group unified-viewer
[2025-12-04T15:50:38.612+0000] {subprocess.py:93} INFO - 2025-12-04 15:50:38,611 - kafka.coordinator.heartbeat - WARNING - Heartbeat failed for group unified-viewer because it is rebalancing
[2025-12-04T15:50:38.616+0000] {subprocess.py:93} INFO - 2025-12-04 15:50:38,612 - kafka.coordinator.consumer - INFO - Revoking previously assigned partitions set() for group unified-viewer
[2025-12-04T15:50:38.618+0000] {subprocess.py:93} INFO - 2025-12-04 15:50:38,612 - kafka.coordinator - INFO - (Re-)joining group unified-viewer
[2025-12-04T15:50:38.624+0000] {subprocess.py:93} INFO - 2025-12-04 15:50:38,620 - kafka.coordinator - INFO - Successfully joined group unified-viewer <Generation 11 (member_id: kafka-python-2.3.0-d6ec8d25-8015-4737-99bd-2b9aed987d33, protocol: range)>
[2025-12-04T15:50:38.635+0000] {subprocess.py:93} INFO - 2025-12-04 15:50:38,634 - kafka.consumer.subscription_state - INFO - Updated partition assignment: []
[2025-12-04T15:50:38.642+0000] {subprocess.py:93} INFO - 2025-12-04 15:50:38,634 - kafka.coordinator.consumer - INFO - Setting newly assigned partitions set() for group unified-viewer
