[2025-12-07T08:11:19.018+0000] {taskinstance.py:1956} INFO - Dependencies all met for dep_context=non-requeueable deps ti=<TaskInstance: email_pipeline_dag.kafka_producer scheduled__2025-12-06T02:00:00+00:00 [queued]>
[2025-12-07T08:11:19.037+0000] {taskinstance.py:1956} INFO - Dependencies all met for dep_context=requeueable deps ti=<TaskInstance: email_pipeline_dag.kafka_producer scheduled__2025-12-06T02:00:00+00:00 [queued]>
[2025-12-07T08:11:19.038+0000] {taskinstance.py:2170} INFO - Starting attempt 1 of 1
[2025-12-07T08:11:19.066+0000] {taskinstance.py:2191} INFO - Executing <Task(BashOperator): kafka_producer> on 2025-12-06 02:00:00+00:00
[2025-12-07T08:11:19.077+0000] {standard_task_runner.py:60} INFO - Started process 196 to run task
[2025-12-07T08:11:19.087+0000] {standard_task_runner.py:87} INFO - Running: ['***', 'tasks', 'run', 'email_pipeline_dag', 'kafka_producer', 'scheduled__2025-12-06T02:00:00+00:00', '--job-id', '104', '--raw', '--subdir', 'DAGS_FOLDER/email_pipeline_dag.py', '--cfg-path', '/tmp/tmpb89ullxy']
[2025-12-07T08:11:19.093+0000] {standard_task_runner.py:88} INFO - Job 104: Subtask kafka_producer
[2025-12-07T08:11:19.280+0000] {task_command.py:423} INFO - Running <TaskInstance: email_pipeline_dag.kafka_producer scheduled__2025-12-06T02:00:00+00:00 [running]> on host c5b1bafd0890
[2025-12-07T08:11:19.457+0000] {taskinstance.py:2480} INFO - Exporting env vars: AIRFLOW_CTX_DAG_OWNER='***' AIRFLOW_CTX_DAG_ID='email_pipeline_dag' AIRFLOW_CTX_TASK_ID='kafka_producer' AIRFLOW_CTX_EXECUTION_DATE='2025-12-06T02:00:00+00:00' AIRFLOW_CTX_TRY_NUMBER='1' AIRFLOW_CTX_DAG_RUN_ID='scheduled__2025-12-06T02:00:00+00:00'
[2025-12-07T08:11:19.461+0000] {subprocess.py:63} INFO - Tmp dir root location: /tmp
[2025-12-07T08:11:19.465+0000] {subprocess.py:75} INFO - Running command: ['/usr/bin/bash', '-c', 'python /opt/***/kafka/Producer/email_producer.py']
[2025-12-07T08:11:19.494+0000] {subprocess.py:86} INFO - Output:
[2025-12-07T08:11:20.871+0000] {subprocess.py:93} INFO - 2025-12-07 08:11:20,869 - __main__ - INFO - 🚀 Starting Producer + Consumer...
[2025-12-07T08:11:20.877+0000] {subprocess.py:93} INFO - 2025-12-07 08:11:20,870 - __main__ - INFO - 🔐 Authenticating with Gmail API...
[2025-12-07T08:11:21.530+0000] {subprocess.py:93} INFO - 2025-12-07 08:11:21,529 - googleapiclient.discovery_cache - INFO - file_cache is only supported with oauth2client<4.0.0
[2025-12-07T08:11:21.562+0000] {subprocess.py:93} INFO - 2025-12-07 08:11:21,561 - __main__ - INFO - 📨 Connecting to Kafka...
[2025-12-07T08:11:25.470+0000] {subprocess.py:93} INFO - 2025-12-07 08:11:25,469 - kafka.conn - WARNING - DNS lookup failed for kafka:29092, exception was [Errno -2] Name or service not known. Is your advertised.listeners (called advertised.host.name before Kafka 9) correct and resolvable?
[2025-12-07T08:11:25.471+0000] {subprocess.py:93} INFO - 2025-12-07 08:11:25,470 - kafka.conn - ERROR - <BrokerConnection client_id=kafka-python-producer-1, node_id=bootstrap-0 host=kafka:29092 <connecting> [unspecified None]>: DNS lookup failed for kafka:29092 (AddressFamily.AF_UNSPEC)
[2025-12-07T08:11:25.472+0000] {subprocess.py:93} INFO - 2025-12-07 08:11:25,471 - kafka.conn - ERROR - <BrokerConnection client_id=kafka-python-producer-1, node_id=bootstrap-0 host=kafka:29092 <connecting> [unspecified None]>: Closing connection. KafkaConnectionError: DNS failure
[2025-12-07T08:11:25.485+0000] {subprocess.py:93} INFO - 2025-12-07 08:11:25,473 - __main__ - ERROR - ❌ Error: NoBrokersAvailable
[2025-12-07T08:11:25.486+0000] {subprocess.py:93} INFO - Traceback (most recent call last):
[2025-12-07T08:11:25.487+0000] {subprocess.py:93} INFO -   File "/opt/***/kafka/Producer/email_producer.py", line 235, in main
[2025-12-07T08:11:25.488+0000] {subprocess.py:93} INFO -     producer = KafkaProducer(
[2025-12-07T08:11:25.488+0000] {subprocess.py:93} INFO -   File "/home/***/.local/lib/python3.8/site-packages/kafka/producer/kafka.py", line 485, in __init__
[2025-12-07T08:11:25.489+0000] {subprocess.py:93} INFO -     client = self.config['kafka_client'](
[2025-12-07T08:11:25.489+0000] {subprocess.py:93} INFO -   File "/home/***/.local/lib/python3.8/site-packages/kafka/client_async.py", line 262, in __init__
[2025-12-07T08:11:25.490+0000] {subprocess.py:93} INFO -     self.config['api_version'] = self.check_version()
[2025-12-07T08:11:25.490+0000] {subprocess.py:93} INFO -   File "/home/***/.local/lib/python3.8/site-packages/kafka/client_async.py", line 1076, in check_version
[2025-12-07T08:11:25.492+0000] {subprocess.py:93} INFO -     raise Errors.NoBrokersAvailable()
[2025-12-07T08:11:25.493+0000] {subprocess.py:93} INFO - kafka.errors.NoBrokersAvailable: NoBrokersAvailable
[2025-12-07T08:11:25.503+0000] {subprocess.py:93} INFO - Traceback (most recent call last):
[2025-12-07T08:11:25.504+0000] {subprocess.py:93} INFO -   File "/opt/***/kafka/Producer/email_producer.py", line 273, in <module>
[2025-12-07T08:11:25.505+0000] {subprocess.py:93} INFO -     main()
[2025-12-07T08:11:25.509+0000] {subprocess.py:93} INFO -   File "/opt/***/kafka/Producer/email_producer.py", line 235, in main
[2025-12-07T08:11:25.511+0000] {subprocess.py:93} INFO -     producer = KafkaProducer(
[2025-12-07T08:11:25.512+0000] {subprocess.py:93} INFO -   File "/home/***/.local/lib/python3.8/site-packages/kafka/producer/kafka.py", line 485, in __init__
[2025-12-07T08:11:25.515+0000] {subprocess.py:93} INFO -     client = self.config['kafka_client'](
[2025-12-07T08:11:25.517+0000] {subprocess.py:93} INFO -   File "/home/***/.local/lib/python3.8/site-packages/kafka/client_async.py", line 262, in __init__
[2025-12-07T08:11:25.517+0000] {subprocess.py:93} INFO -     self.config['api_version'] = self.check_version()
[2025-12-07T08:11:25.519+0000] {subprocess.py:93} INFO -   File "/home/***/.local/lib/python3.8/site-packages/kafka/client_async.py", line 1076, in check_version
[2025-12-07T08:11:25.524+0000] {subprocess.py:93} INFO -     raise Errors.NoBrokersAvailable()
[2025-12-07T08:11:25.527+0000] {subprocess.py:93} INFO - kafka.errors.NoBrokersAvailable: NoBrokersAvailable
[2025-12-07T08:11:25.605+0000] {subprocess.py:97} INFO - Command exited with return code 1
[2025-12-07T08:11:25.638+0000] {taskinstance.py:2698} ERROR - Task failed with exception
Traceback (most recent call last):
  File "/home/airflow/.local/lib/python3.8/site-packages/airflow/models/taskinstance.py", line 428, in _execute_task
    result = execute_callable(context=context, **execute_callable_kwargs)
  File "/home/airflow/.local/lib/python3.8/site-packages/airflow/operators/bash.py", line 212, in execute
    raise AirflowException(
airflow.exceptions.AirflowException: Bash command failed. The command returned a non-zero exit code 1.
[2025-12-07T08:11:25.643+0000] {taskinstance.py:1138} INFO - Marking task as FAILED. dag_id=email_pipeline_dag, task_id=kafka_producer, execution_date=20251206T020000, start_date=20251207T081119, end_date=20251207T081125
[2025-12-07T08:11:25.670+0000] {standard_task_runner.py:107} ERROR - Failed to execute job 104 for task kafka_producer (Bash command failed. The command returned a non-zero exit code 1.; 196)
[2025-12-07T08:11:25.708+0000] {local_task_job_runner.py:234} INFO - Task exited with return code 1
[2025-12-07T08:11:25.765+0000] {taskinstance.py:3280} INFO - 1 downstream tasks scheduled from follow-on schedule check
