[2025-12-07T15:22:25.531+0000] {taskinstance.py:1956} INFO - Dependencies all met for dep_context=non-requeueable deps ti=<TaskInstance: email_intelligence_pipeline.export_to_postgres manual__2025-12-07T15:21:06.109058+00:00 [queued]>
[2025-12-07T15:22:25.541+0000] {taskinstance.py:1956} INFO - Dependencies all met for dep_context=requeueable deps ti=<TaskInstance: email_intelligence_pipeline.export_to_postgres manual__2025-12-07T15:21:06.109058+00:00 [queued]>
[2025-12-07T15:22:25.542+0000] {taskinstance.py:2170} INFO - Starting attempt 1 of 1
[2025-12-07T15:22:25.560+0000] {taskinstance.py:2191} INFO - Executing <Task(BashOperator): export_to_postgres> on 2025-12-07 15:21:06.109058+00:00
[2025-12-07T15:22:25.566+0000] {standard_task_runner.py:60} INFO - Started process 3907 to run task
[2025-12-07T15:22:25.571+0000] {standard_task_runner.py:87} INFO - Running: ['***', 'tasks', 'run', 'email_intelligence_pipeline', 'export_to_postgres', 'manual__2025-12-07T15:21:06.109058+00:00', '--job-id', '114', '--raw', '--subdir', 'DAGS_FOLDER/email_pipeline_dag.py', '--cfg-path', '/tmp/tmpi73k5lpx']
[2025-12-07T15:22:25.575+0000] {standard_task_runner.py:88} INFO - Job 114: Subtask export_to_postgres
[2025-12-07T15:22:25.677+0000] {task_command.py:423} INFO - Running <TaskInstance: email_intelligence_pipeline.export_to_postgres manual__2025-12-07T15:21:06.109058+00:00 [running]> on host 3db08845f297
[2025-12-07T15:22:25.808+0000] {taskinstance.py:2480} INFO - Exporting env vars: AIRFLOW_CTX_DAG_OWNER='data_team' AIRFLOW_CTX_DAG_ID='email_intelligence_pipeline' AIRFLOW_CTX_TASK_ID='export_to_postgres' AIRFLOW_CTX_EXECUTION_DATE='2025-12-07T15:21:06.109058+00:00' AIRFLOW_CTX_TRY_NUMBER='1' AIRFLOW_CTX_DAG_RUN_ID='manual__2025-12-07T15:21:06.109058+00:00'
[2025-12-07T15:22:25.810+0000] {subprocess.py:63} INFO - Tmp dir root location: /tmp
[2025-12-07T15:22:25.811+0000] {subprocess.py:75} INFO - Running command: ['/usr/bin/bash', '-c', '/opt/spark/bin/spark-submit --master local[2] --packages org.apache.hadoop:hadoop-aws:3.3.4,org.postgresql:postgresql:42.7.1 --name GoldToPostgres /opt/spark/jobs/gold_to_postgres.py']
[2025-12-07T15:22:25.825+0000] {subprocess.py:86} INFO - Output:
[2025-12-07T15:22:25.841+0000] {subprocess.py:93} INFO - /opt/spark/bin/load-spark-env.sh: line 68: ps: command not found
[2025-12-07T15:22:27.576+0000] {subprocess.py:93} INFO - :: loading settings :: url = jar:file:/opt/spark/jars/ivy-2.5.1.jar!/org/apache/ivy/core/settings/ivysettings.xml
[2025-12-07T15:22:27.652+0000] {subprocess.py:93} INFO - Ivy Default Cache set to: /home/***/.ivy2/cache
[2025-12-07T15:22:27.653+0000] {subprocess.py:93} INFO - The jars for the packages stored in: /home/***/.ivy2/jars
[2025-12-07T15:22:27.656+0000] {subprocess.py:93} INFO - org.apache.hadoop#hadoop-aws added as a dependency
[2025-12-07T15:22:27.657+0000] {subprocess.py:93} INFO - org.postgresql#postgresql added as a dependency
[2025-12-07T15:22:27.658+0000] {subprocess.py:93} INFO - :: resolving dependencies :: org.apache.spark#spark-submit-parent-86fdb36f-e55e-487a-9a5a-9b9dd99249a3;1.0
[2025-12-07T15:22:27.659+0000] {subprocess.py:93} INFO - 	confs: [default]
[2025-12-07T15:22:27.883+0000] {subprocess.py:93} INFO - 	found org.apache.hadoop#hadoop-aws;3.3.4 in central
[2025-12-07T15:22:27.912+0000] {subprocess.py:93} INFO - 	found com.amazonaws#aws-java-sdk-bundle;1.12.262 in central
[2025-12-07T15:22:27.943+0000] {subprocess.py:93} INFO - 	found org.wildfly.openssl#wildfly-openssl;1.0.7.Final in central
[2025-12-07T15:22:27.967+0000] {subprocess.py:93} INFO - 	found org.postgresql#postgresql;42.7.1 in central
[2025-12-07T15:22:27.987+0000] {subprocess.py:93} INFO - 	found org.checkerframework#checker-qual;3.41.0 in central
[2025-12-07T15:22:28.014+0000] {subprocess.py:93} INFO - :: resolution report :: resolve 347ms :: artifacts dl 10ms
[2025-12-07T15:22:28.016+0000] {subprocess.py:93} INFO - 	:: modules in use:
[2025-12-07T15:22:28.016+0000] {subprocess.py:93} INFO - 	com.amazonaws#aws-java-sdk-bundle;1.12.262 from central in [default]
[2025-12-07T15:22:28.017+0000] {subprocess.py:93} INFO - 	org.apache.hadoop#hadoop-aws;3.3.4 from central in [default]
[2025-12-07T15:22:28.018+0000] {subprocess.py:93} INFO - 	org.checkerframework#checker-qual;3.41.0 from central in [default]
[2025-12-07T15:22:28.018+0000] {subprocess.py:93} INFO - 	org.postgresql#postgresql;42.7.1 from central in [default]
[2025-12-07T15:22:28.019+0000] {subprocess.py:93} INFO - 	org.wildfly.openssl#wildfly-openssl;1.0.7.Final from central in [default]
[2025-12-07T15:22:28.020+0000] {subprocess.py:93} INFO - 	---------------------------------------------------------------------
[2025-12-07T15:22:28.020+0000] {subprocess.py:93} INFO - 	|                  |            modules            ||   artifacts   |
[2025-12-07T15:22:28.021+0000] {subprocess.py:93} INFO - 	|       conf       | number| search|dwnlded|evicted|| number|dwnlded|
[2025-12-07T15:22:28.022+0000] {subprocess.py:93} INFO - 	---------------------------------------------------------------------
[2025-12-07T15:22:28.022+0000] {subprocess.py:93} INFO - 	|      default     |   5   |   0   |   0   |   0   ||   5   |   0   |
[2025-12-07T15:22:28.022+0000] {subprocess.py:93} INFO - 	---------------------------------------------------------------------
[2025-12-07T15:22:28.023+0000] {subprocess.py:93} INFO - :: retrieving :: org.apache.spark#spark-submit-parent-86fdb36f-e55e-487a-9a5a-9b9dd99249a3
[2025-12-07T15:22:28.023+0000] {subprocess.py:93} INFO - 	confs: [default]
[2025-12-07T15:22:28.027+0000] {subprocess.py:93} INFO - 	0 artifacts copied, 5 already retrieved (0kB/6ms)
[2025-12-07T15:22:28.215+0000] {subprocess.py:93} INFO - 25/12/07 15:22:28 WARN NativeCodeLoader: Unable to load native-hadoop library for your platform... using builtin-java classes where applicable
[2025-12-07T15:22:29.248+0000] {subprocess.py:93} INFO - 
[2025-12-07T15:22:29.249+0000] {subprocess.py:93} INFO - ============================================================
[2025-12-07T15:22:29.249+0000] {subprocess.py:93} INFO - 🚀 GOLD TO POSTGRESQL EXPORT JOB STARTED
[2025-12-07T15:22:29.249+0000] {subprocess.py:93} INFO -    Timestamp: 2025-12-07 15:22:29.248146
[2025-12-07T15:22:29.250+0000] {subprocess.py:93} INFO - ============================================================
[2025-12-07T15:22:29.436+0000] {subprocess.py:93} INFO - 25/12/07 15:22:29 INFO SparkContext: Running Spark version 3.5.0
[2025-12-07T15:22:29.437+0000] {subprocess.py:93} INFO - 25/12/07 15:22:29 INFO SparkContext: OS info Linux, 6.6.87.2-microsoft-standard-WSL2, amd64
[2025-12-07T15:22:29.438+0000] {subprocess.py:93} INFO - 25/12/07 15:22:29 INFO SparkContext: Java version 17.0.17
[2025-12-07T15:22:29.460+0000] {subprocess.py:93} INFO - 25/12/07 15:22:29 INFO ResourceUtils: ==============================================================
[2025-12-07T15:22:29.461+0000] {subprocess.py:93} INFO - 25/12/07 15:22:29 INFO ResourceUtils: No custom resources configured for spark.driver.
[2025-12-07T15:22:29.462+0000] {subprocess.py:93} INFO - 25/12/07 15:22:29 INFO ResourceUtils: ==============================================================
[2025-12-07T15:22:29.463+0000] {subprocess.py:93} INFO - 25/12/07 15:22:29 INFO SparkContext: Submitted application: GoldToPostgres
[2025-12-07T15:22:29.483+0000] {subprocess.py:93} INFO - 25/12/07 15:22:29 INFO ResourceProfile: Default ResourceProfile created, executor resources: Map(cores -> name: cores, amount: 1, script: , vendor: , memory -> name: memory, amount: 1024, script: , vendor: , offHeap -> name: offHeap, amount: 0, script: , vendor: ), task resources: Map(cpus -> name: cpus, amount: 1.0)
[2025-12-07T15:22:29.490+0000] {subprocess.py:93} INFO - 25/12/07 15:22:29 INFO ResourceProfile: Limiting resource is cpu
[2025-12-07T15:22:29.491+0000] {subprocess.py:93} INFO - 25/12/07 15:22:29 INFO ResourceProfileManager: Added ResourceProfile id: 0
[2025-12-07T15:22:29.545+0000] {subprocess.py:93} INFO - 25/12/07 15:22:29 INFO SecurityManager: Changing view acls to: ***
[2025-12-07T15:22:29.546+0000] {subprocess.py:93} INFO - 25/12/07 15:22:29 INFO SecurityManager: Changing modify acls to: ***
[2025-12-07T15:22:29.551+0000] {subprocess.py:93} INFO - 25/12/07 15:22:29 INFO SecurityManager: Changing view acls groups to:
[2025-12-07T15:22:29.552+0000] {subprocess.py:93} INFO - 25/12/07 15:22:29 INFO SecurityManager: Changing modify acls groups to:
[2025-12-07T15:22:29.553+0000] {subprocess.py:93} INFO - 25/12/07 15:22:29 INFO SecurityManager: SecurityManager: authentication disabled; ui acls disabled; users with view permissions: ***; groups with view permissions: EMPTY; users with modify permissions: ***; groups with modify permissions: EMPTY
[2025-12-07T15:22:29.722+0000] {subprocess.py:93} INFO - 25/12/07 15:22:29 INFO Utils: Successfully started service 'sparkDriver' on port 38305.
[2025-12-07T15:22:29.762+0000] {subprocess.py:93} INFO - 25/12/07 15:22:29 INFO SparkEnv: Registering MapOutputTracker
[2025-12-07T15:22:29.841+0000] {subprocess.py:93} INFO - 25/12/07 15:22:29 INFO SparkEnv: Registering BlockManagerMaster
[2025-12-07T15:22:29.862+0000] {subprocess.py:93} INFO - 25/12/07 15:22:29 INFO BlockManagerMasterEndpoint: Using org.apache.spark.storage.DefaultTopologyMapper for getting topology information
[2025-12-07T15:22:29.863+0000] {subprocess.py:93} INFO - 25/12/07 15:22:29 INFO BlockManagerMasterEndpoint: BlockManagerMasterEndpoint up
[2025-12-07T15:22:29.870+0000] {subprocess.py:93} INFO - 25/12/07 15:22:29 INFO SparkEnv: Registering BlockManagerMasterHeartbeat
[2025-12-07T15:22:29.897+0000] {subprocess.py:93} INFO - 25/12/07 15:22:29 INFO DiskBlockManager: Created local directory at /tmp/blockmgr-b2707c5d-e5fb-4733-8af9-31f1f5f02e54
[2025-12-07T15:22:29.919+0000] {subprocess.py:93} INFO - 25/12/07 15:22:29 INFO MemoryStore: MemoryStore started with capacity 434.4 MiB
[2025-12-07T15:22:29.933+0000] {subprocess.py:93} INFO - 25/12/07 15:22:29 INFO SparkEnv: Registering OutputCommitCoordinator
[2025-12-07T15:22:30.031+0000] {subprocess.py:93} INFO - 25/12/07 15:22:30 INFO JettyUtils: Start Jetty 0.0.0.0:4040 for SparkUI
[2025-12-07T15:22:30.102+0000] {subprocess.py:93} INFO - 25/12/07 15:22:30 INFO Utils: Successfully started service 'SparkUI' on port 4040.
[2025-12-07T15:22:30.138+0000] {subprocess.py:93} INFO - 25/12/07 15:22:30 INFO SparkContext: Added JAR file:///home/***/.ivy2/jars/org.apache.hadoop_hadoop-aws-3.3.4.jar at spark://3db08845f297:38305/jars/org.apache.hadoop_hadoop-aws-3.3.4.jar with timestamp 1765120949431
[2025-12-07T15:22:30.140+0000] {subprocess.py:93} INFO - 25/12/07 15:22:30 INFO SparkContext: Added JAR file:///home/***/.ivy2/jars/org.postgresql_postgresql-42.7.1.jar at spark://3db08845f297:38305/jars/org.postgresql_postgresql-42.7.1.jar with timestamp 1765120949431
[2025-12-07T15:22:30.141+0000] {subprocess.py:93} INFO - 25/12/07 15:22:30 INFO SparkContext: Added JAR file:///home/***/.ivy2/jars/com.amazonaws_aws-java-sdk-bundle-1.12.262.jar at spark://3db08845f297:38305/jars/com.amazonaws_aws-java-sdk-bundle-1.12.262.jar with timestamp 1765120949431
[2025-12-07T15:22:30.142+0000] {subprocess.py:93} INFO - 25/12/07 15:22:30 INFO SparkContext: Added JAR file:///home/***/.ivy2/jars/org.wildfly.openssl_wildfly-openssl-1.0.7.Final.jar at spark://3db08845f297:38305/jars/org.wildfly.openssl_wildfly-openssl-1.0.7.Final.jar with timestamp 1765120949431
[2025-12-07T15:22:30.143+0000] {subprocess.py:93} INFO - 25/12/07 15:22:30 INFO SparkContext: Added JAR file:///home/***/.ivy2/jars/org.checkerframework_checker-qual-3.41.0.jar at spark://3db08845f297:38305/jars/org.checkerframework_checker-qual-3.41.0.jar with timestamp 1765120949431
[2025-12-07T15:22:30.144+0000] {subprocess.py:93} INFO - 25/12/07 15:22:30 INFO SparkContext: Added file file:///home/***/.ivy2/jars/org.apache.hadoop_hadoop-aws-3.3.4.jar at file:///home/***/.ivy2/jars/org.apache.hadoop_hadoop-aws-3.3.4.jar with timestamp 1765120949431
[2025-12-07T15:22:30.145+0000] {subprocess.py:93} INFO - 25/12/07 15:22:30 INFO Utils: Copying /home/***/.ivy2/jars/org.apache.hadoop_hadoop-aws-3.3.4.jar to /tmp/spark-cd072168-e45f-49e9-92b0-3451d748c90e/userFiles-51123d11-b087-407d-93e8-536cb9d9abae/org.apache.hadoop_hadoop-aws-3.3.4.jar
[2025-12-07T15:22:30.204+0000] {subprocess.py:93} INFO - 25/12/07 15:22:30 INFO SparkContext: Added file file:///home/***/.ivy2/jars/org.postgresql_postgresql-42.7.1.jar at file:///home/***/.ivy2/jars/org.postgresql_postgresql-42.7.1.jar with timestamp 1765120949431
[2025-12-07T15:22:30.205+0000] {subprocess.py:93} INFO - 25/12/07 15:22:30 INFO Utils: Copying /home/***/.ivy2/jars/org.postgresql_postgresql-42.7.1.jar to /tmp/spark-cd072168-e45f-49e9-92b0-3451d748c90e/userFiles-51123d11-b087-407d-93e8-536cb9d9abae/org.postgresql_postgresql-42.7.1.jar
[2025-12-07T15:22:30.215+0000] {subprocess.py:93} INFO - 25/12/07 15:22:30 INFO SparkContext: Added file file:///home/***/.ivy2/jars/com.amazonaws_aws-java-sdk-bundle-1.12.262.jar at file:///home/***/.ivy2/jars/com.amazonaws_aws-java-sdk-bundle-1.12.262.jar with timestamp 1765120949431
[2025-12-07T15:22:30.216+0000] {subprocess.py:93} INFO - 25/12/07 15:22:30 INFO Utils: Copying /home/***/.ivy2/jars/com.amazonaws_aws-java-sdk-bundle-1.12.262.jar to /tmp/spark-cd072168-e45f-49e9-92b0-3451d748c90e/userFiles-51123d11-b087-407d-93e8-536cb9d9abae/com.amazonaws_aws-java-sdk-bundle-1.12.262.jar
[2025-12-07T15:22:30.742+0000] {subprocess.py:93} INFO - 25/12/07 15:22:30 INFO SparkContext: Added file file:///home/***/.ivy2/jars/org.wildfly.openssl_wildfly-openssl-1.0.7.Final.jar at file:///home/***/.ivy2/jars/org.wildfly.openssl_wildfly-openssl-1.0.7.Final.jar with timestamp 1765120949431
[2025-12-07T15:22:30.744+0000] {subprocess.py:93} INFO - 25/12/07 15:22:30 INFO Utils: Copying /home/***/.ivy2/jars/org.wildfly.openssl_wildfly-openssl-1.0.7.Final.jar to /tmp/spark-cd072168-e45f-49e9-92b0-3451d748c90e/userFiles-51123d11-b087-407d-93e8-536cb9d9abae/org.wildfly.openssl_wildfly-openssl-1.0.7.Final.jar
[2025-12-07T15:22:30.753+0000] {subprocess.py:93} INFO - 25/12/07 15:22:30 INFO SparkContext: Added file file:///home/***/.ivy2/jars/org.checkerframework_checker-qual-3.41.0.jar at file:///home/***/.ivy2/jars/org.checkerframework_checker-qual-3.41.0.jar with timestamp 1765120949431
[2025-12-07T15:22:30.755+0000] {subprocess.py:93} INFO - 25/12/07 15:22:30 INFO Utils: Copying /home/***/.ivy2/jars/org.checkerframework_checker-qual-3.41.0.jar to /tmp/spark-cd072168-e45f-49e9-92b0-3451d748c90e/userFiles-51123d11-b087-407d-93e8-536cb9d9abae/org.checkerframework_checker-qual-3.41.0.jar
[2025-12-07T15:22:30.848+0000] {subprocess.py:93} INFO - 25/12/07 15:22:30 INFO Executor: Starting executor ID driver on host 3db08845f297
[2025-12-07T15:22:30.849+0000] {subprocess.py:93} INFO - 25/12/07 15:22:30 INFO Executor: OS info Linux, 6.6.87.2-microsoft-standard-WSL2, amd64
[2025-12-07T15:22:30.850+0000] {subprocess.py:93} INFO - 25/12/07 15:22:30 INFO Executor: Java version 17.0.17
[2025-12-07T15:22:30.856+0000] {subprocess.py:93} INFO - 25/12/07 15:22:30 INFO Executor: Starting executor with user classpath (userClassPathFirst = false): ''
[2025-12-07T15:22:30.858+0000] {subprocess.py:93} INFO - 25/12/07 15:22:30 INFO Executor: Created or updated repl class loader org.apache.spark.util.MutableURLClassLoader@6d126482 for default.
[2025-12-07T15:22:30.872+0000] {subprocess.py:93} INFO - 25/12/07 15:22:30 INFO Executor: Fetching file:///home/***/.ivy2/jars/org.apache.hadoop_hadoop-aws-3.3.4.jar with timestamp 1765120949431
[2025-12-07T15:22:30.897+0000] {subprocess.py:93} INFO - 25/12/07 15:22:30 INFO Utils: /home/***/.ivy2/jars/org.apache.hadoop_hadoop-aws-3.3.4.jar has been previously copied to /tmp/spark-cd072168-e45f-49e9-92b0-3451d748c90e/userFiles-51123d11-b087-407d-93e8-536cb9d9abae/org.apache.hadoop_hadoop-aws-3.3.4.jar
[2025-12-07T15:22:30.903+0000] {subprocess.py:93} INFO - 25/12/07 15:22:30 INFO Executor: Fetching file:///home/***/.ivy2/jars/org.checkerframework_checker-qual-3.41.0.jar with timestamp 1765120949431
[2025-12-07T15:22:30.904+0000] {subprocess.py:93} INFO - 25/12/07 15:22:30 INFO Utils: /home/***/.ivy2/jars/org.checkerframework_checker-qual-3.41.0.jar has been previously copied to /tmp/spark-cd072168-e45f-49e9-92b0-3451d748c90e/userFiles-51123d11-b087-407d-93e8-536cb9d9abae/org.checkerframework_checker-qual-3.41.0.jar
[2025-12-07T15:22:30.910+0000] {subprocess.py:93} INFO - 25/12/07 15:22:30 INFO Executor: Fetching file:///home/***/.ivy2/jars/org.wildfly.openssl_wildfly-openssl-1.0.7.Final.jar with timestamp 1765120949431
[2025-12-07T15:22:30.910+0000] {subprocess.py:93} INFO - 25/12/07 15:22:30 INFO Utils: /home/***/.ivy2/jars/org.wildfly.openssl_wildfly-openssl-1.0.7.Final.jar has been previously copied to /tmp/spark-cd072168-e45f-49e9-92b0-3451d748c90e/userFiles-51123d11-b087-407d-93e8-536cb9d9abae/org.wildfly.openssl_wildfly-openssl-1.0.7.Final.jar
[2025-12-07T15:22:30.915+0000] {subprocess.py:93} INFO - 25/12/07 15:22:30 INFO Executor: Fetching file:///home/***/.ivy2/jars/org.postgresql_postgresql-42.7.1.jar with timestamp 1765120949431
[2025-12-07T15:22:30.916+0000] {subprocess.py:93} INFO - 25/12/07 15:22:30 INFO Utils: /home/***/.ivy2/jars/org.postgresql_postgresql-42.7.1.jar has been previously copied to /tmp/spark-cd072168-e45f-49e9-92b0-3451d748c90e/userFiles-51123d11-b087-407d-93e8-536cb9d9abae/org.postgresql_postgresql-42.7.1.jar
[2025-12-07T15:22:30.921+0000] {subprocess.py:93} INFO - 25/12/07 15:22:30 INFO Executor: Fetching file:///home/***/.ivy2/jars/com.amazonaws_aws-java-sdk-bundle-1.12.262.jar with timestamp 1765120949431
[2025-12-07T15:22:31.150+0000] {subprocess.py:93} INFO - 25/12/07 15:22:31 INFO Utils: /home/***/.ivy2/jars/com.amazonaws_aws-java-sdk-bundle-1.12.262.jar has been previously copied to /tmp/spark-cd072168-e45f-49e9-92b0-3451d748c90e/userFiles-51123d11-b087-407d-93e8-536cb9d9abae/com.amazonaws_aws-java-sdk-bundle-1.12.262.jar
[2025-12-07T15:22:31.159+0000] {subprocess.py:93} INFO - 25/12/07 15:22:31 INFO Executor: Fetching spark://3db08845f297:38305/jars/com.amazonaws_aws-java-sdk-bundle-1.12.262.jar with timestamp 1765120949431
[2025-12-07T15:22:31.202+0000] {subprocess.py:93} INFO - 25/12/07 15:22:31 INFO TransportClientFactory: Successfully created connection to 3db08845f297/172.20.0.8:38305 after 34 ms (0 ms spent in bootstraps)
[2025-12-07T15:22:31.216+0000] {subprocess.py:93} INFO - 25/12/07 15:22:31 INFO Utils: Fetching spark://3db08845f297:38305/jars/com.amazonaws_aws-java-sdk-bundle-1.12.262.jar to /tmp/spark-cd072168-e45f-49e9-92b0-3451d748c90e/userFiles-51123d11-b087-407d-93e8-536cb9d9abae/fetchFileTemp12856651762049516404.tmp
[2025-12-07T15:22:32.221+0000] {subprocess.py:93} INFO - 25/12/07 15:22:32 INFO Utils: /tmp/spark-cd072168-e45f-49e9-92b0-3451d748c90e/userFiles-51123d11-b087-407d-93e8-536cb9d9abae/fetchFileTemp12856651762049516404.tmp has been previously copied to /tmp/spark-cd072168-e45f-49e9-92b0-3451d748c90e/userFiles-51123d11-b087-407d-93e8-536cb9d9abae/com.amazonaws_aws-java-sdk-bundle-1.12.262.jar
[2025-12-07T15:22:32.268+0000] {subprocess.py:93} INFO - 25/12/07 15:22:32 INFO Executor: Adding file:/tmp/spark-cd072168-e45f-49e9-92b0-3451d748c90e/userFiles-51123d11-b087-407d-93e8-536cb9d9abae/com.amazonaws_aws-java-sdk-bundle-1.12.262.jar to class loader default
[2025-12-07T15:22:32.270+0000] {subprocess.py:93} INFO - 25/12/07 15:22:32 INFO Executor: Fetching spark://3db08845f297:38305/jars/org.wildfly.openssl_wildfly-openssl-1.0.7.Final.jar with timestamp 1765120949431
[2025-12-07T15:22:32.271+0000] {subprocess.py:93} INFO - 25/12/07 15:22:32 INFO Utils: Fetching spark://3db08845f297:38305/jars/org.wildfly.openssl_wildfly-openssl-1.0.7.Final.jar to /tmp/spark-cd072168-e45f-49e9-92b0-3451d748c90e/userFiles-51123d11-b087-407d-93e8-536cb9d9abae/fetchFileTemp9811060448953094728.tmp
[2025-12-07T15:22:32.275+0000] {subprocess.py:93} INFO - 25/12/07 15:22:32 INFO Utils: /tmp/spark-cd072168-e45f-49e9-92b0-3451d748c90e/userFiles-51123d11-b087-407d-93e8-536cb9d9abae/fetchFileTemp9811060448953094728.tmp has been previously copied to /tmp/spark-cd072168-e45f-49e9-92b0-3451d748c90e/userFiles-51123d11-b087-407d-93e8-536cb9d9abae/org.wildfly.openssl_wildfly-openssl-1.0.7.Final.jar
[2025-12-07T15:22:32.284+0000] {subprocess.py:93} INFO - 25/12/07 15:22:32 INFO Executor: Adding file:/tmp/spark-cd072168-e45f-49e9-92b0-3451d748c90e/userFiles-51123d11-b087-407d-93e8-536cb9d9abae/org.wildfly.openssl_wildfly-openssl-1.0.7.Final.jar to class loader default
[2025-12-07T15:22:32.285+0000] {subprocess.py:93} INFO - 25/12/07 15:22:32 INFO Executor: Fetching spark://3db08845f297:38305/jars/org.postgresql_postgresql-42.7.1.jar with timestamp 1765120949431
[2025-12-07T15:22:32.285+0000] {subprocess.py:93} INFO - 25/12/07 15:22:32 INFO Utils: Fetching spark://3db08845f297:38305/jars/org.postgresql_postgresql-42.7.1.jar to /tmp/spark-cd072168-e45f-49e9-92b0-3451d748c90e/userFiles-51123d11-b087-407d-93e8-536cb9d9abae/fetchFileTemp1749719498962646797.tmp
[2025-12-07T15:22:32.292+0000] {subprocess.py:93} INFO - 25/12/07 15:22:32 INFO Utils: /tmp/spark-cd072168-e45f-49e9-92b0-3451d748c90e/userFiles-51123d11-b087-407d-93e8-536cb9d9abae/fetchFileTemp1749719498962646797.tmp has been previously copied to /tmp/spark-cd072168-e45f-49e9-92b0-3451d748c90e/userFiles-51123d11-b087-407d-93e8-536cb9d9abae/org.postgresql_postgresql-42.7.1.jar
[2025-12-07T15:22:32.298+0000] {subprocess.py:93} INFO - 25/12/07 15:22:32 INFO Executor: Adding file:/tmp/spark-cd072168-e45f-49e9-92b0-3451d748c90e/userFiles-51123d11-b087-407d-93e8-536cb9d9abae/org.postgresql_postgresql-42.7.1.jar to class loader default
[2025-12-07T15:22:32.299+0000] {subprocess.py:93} INFO - 25/12/07 15:22:32 INFO Executor: Fetching spark://3db08845f297:38305/jars/org.apache.hadoop_hadoop-aws-3.3.4.jar with timestamp 1765120949431
[2025-12-07T15:22:32.300+0000] {subprocess.py:93} INFO - 25/12/07 15:22:32 INFO Utils: Fetching spark://3db08845f297:38305/jars/org.apache.hadoop_hadoop-aws-3.3.4.jar to /tmp/spark-cd072168-e45f-49e9-92b0-3451d748c90e/userFiles-51123d11-b087-407d-93e8-536cb9d9abae/fetchFileTemp10083258100705630142.tmp
[2025-12-07T15:22:32.304+0000] {subprocess.py:93} INFO - 25/12/07 15:22:32 INFO Utils: /tmp/spark-cd072168-e45f-49e9-92b0-3451d748c90e/userFiles-51123d11-b087-407d-93e8-536cb9d9abae/fetchFileTemp10083258100705630142.tmp has been previously copied to /tmp/spark-cd072168-e45f-49e9-92b0-3451d748c90e/userFiles-51123d11-b087-407d-93e8-536cb9d9abae/org.apache.hadoop_hadoop-aws-3.3.4.jar
[2025-12-07T15:22:32.308+0000] {subprocess.py:93} INFO - 25/12/07 15:22:32 INFO Executor: Adding file:/tmp/spark-cd072168-e45f-49e9-92b0-3451d748c90e/userFiles-51123d11-b087-407d-93e8-536cb9d9abae/org.apache.hadoop_hadoop-aws-3.3.4.jar to class loader default
[2025-12-07T15:22:32.309+0000] {subprocess.py:93} INFO - 25/12/07 15:22:32 INFO Executor: Fetching spark://3db08845f297:38305/jars/org.checkerframework_checker-qual-3.41.0.jar with timestamp 1765120949431
[2025-12-07T15:22:32.310+0000] {subprocess.py:93} INFO - 25/12/07 15:22:32 INFO Utils: Fetching spark://3db08845f297:38305/jars/org.checkerframework_checker-qual-3.41.0.jar to /tmp/spark-cd072168-e45f-49e9-92b0-3451d748c90e/userFiles-51123d11-b087-407d-93e8-536cb9d9abae/fetchFileTemp12845227556541108618.tmp
[2025-12-07T15:22:32.311+0000] {subprocess.py:93} INFO - 25/12/07 15:22:32 INFO Utils: /tmp/spark-cd072168-e45f-49e9-92b0-3451d748c90e/userFiles-51123d11-b087-407d-93e8-536cb9d9abae/fetchFileTemp12845227556541108618.tmp has been previously copied to /tmp/spark-cd072168-e45f-49e9-92b0-3451d748c90e/userFiles-51123d11-b087-407d-93e8-536cb9d9abae/org.checkerframework_checker-qual-3.41.0.jar
[2025-12-07T15:22:32.317+0000] {subprocess.py:93} INFO - 25/12/07 15:22:32 INFO Executor: Adding file:/tmp/spark-cd072168-e45f-49e9-92b0-3451d748c90e/userFiles-51123d11-b087-407d-93e8-536cb9d9abae/org.checkerframework_checker-qual-3.41.0.jar to class loader default
[2025-12-07T15:22:32.326+0000] {subprocess.py:93} INFO - 25/12/07 15:22:32 INFO Utils: Successfully started service 'org.apache.spark.network.netty.NettyBlockTransferService' on port 38517.
[2025-12-07T15:22:32.327+0000] {subprocess.py:93} INFO - 25/12/07 15:22:32 INFO NettyBlockTransferService: Server created on 3db08845f297:38517
[2025-12-07T15:22:32.329+0000] {subprocess.py:93} INFO - 25/12/07 15:22:32 INFO BlockManager: Using org.apache.spark.storage.RandomBlockReplicationPolicy for block replication policy
[2025-12-07T15:22:32.340+0000] {subprocess.py:93} INFO - 25/12/07 15:22:32 INFO BlockManagerMaster: Registering BlockManager BlockManagerId(driver, 3db08845f297, 38517, None)
[2025-12-07T15:22:32.345+0000] {subprocess.py:93} INFO - 25/12/07 15:22:32 INFO BlockManagerMasterEndpoint: Registering block manager 3db08845f297:38517 with 434.4 MiB RAM, BlockManagerId(driver, 3db08845f297, 38517, None)
[2025-12-07T15:22:32.348+0000] {subprocess.py:93} INFO - 25/12/07 15:22:32 INFO BlockManagerMaster: Registered BlockManager BlockManagerId(driver, 3db08845f297, 38517, None)
[2025-12-07T15:22:32.351+0000] {subprocess.py:93} INFO - 25/12/07 15:22:32 INFO BlockManager: Initialized BlockManager: BlockManagerId(driver, 3db08845f297, 38517, None)
[2025-12-07T15:22:32.791+0000] {subprocess.py:93} INFO - 📌 Step 1: Reading Gold layer from MinIO...
[2025-12-07T15:22:32.798+0000] {subprocess.py:93} INFO - 25/12/07 15:22:32 INFO SharedState: Setting hive.metastore.warehouse.dir ('null') to the value of spark.sql.warehouse.dir.
[2025-12-07T15:22:32.800+0000] {subprocess.py:93} INFO - 25/12/07 15:22:32 INFO SharedState: Warehouse path is 'file:/tmp/***tmp_9zm8ire/spark-warehouse'.
[2025-12-07T15:22:33.664+0000] {subprocess.py:93} INFO - 25/12/07 15:22:33 WARN MetricsConfig: Cannot locate configuration: tried hadoop-metrics2-s3a-file-system.properties,hadoop-metrics2.properties
[2025-12-07T15:22:33.676+0000] {subprocess.py:93} INFO - 25/12/07 15:22:33 INFO MetricsSystemImpl: Scheduled Metric snapshot period at 10 second(s).
[2025-12-07T15:22:33.677+0000] {subprocess.py:93} INFO - 25/12/07 15:22:33 INFO MetricsSystemImpl: s3a-file-system metrics system started
[2025-12-07T15:22:35.075+0000] {subprocess.py:93} INFO - 25/12/07 15:22:35 INFO InMemoryFileIndex: It took 74 ms to list leaf files for 1 paths.
[2025-12-07T15:22:35.479+0000] {subprocess.py:93} INFO - 25/12/07 15:22:35 INFO SparkContext: Starting job: parquet at NativeMethodAccessorImpl.java:0
[2025-12-07T15:22:35.505+0000] {subprocess.py:93} INFO - 25/12/07 15:22:35 INFO DAGScheduler: Got job 0 (parquet at NativeMethodAccessorImpl.java:0) with 1 output partitions
[2025-12-07T15:22:35.506+0000] {subprocess.py:93} INFO - 25/12/07 15:22:35 INFO DAGScheduler: Final stage: ResultStage 0 (parquet at NativeMethodAccessorImpl.java:0)
[2025-12-07T15:22:35.508+0000] {subprocess.py:93} INFO - 25/12/07 15:22:35 INFO DAGScheduler: Parents of final stage: List()
[2025-12-07T15:22:35.511+0000] {subprocess.py:93} INFO - 25/12/07 15:22:35 INFO DAGScheduler: Missing parents: List()
[2025-12-07T15:22:35.513+0000] {subprocess.py:93} INFO - 25/12/07 15:22:35 INFO DAGScheduler: Submitting ResultStage 0 (MapPartitionsRDD[1] at parquet at NativeMethodAccessorImpl.java:0), which has no missing parents
[2025-12-07T15:22:35.609+0000] {subprocess.py:93} INFO - 25/12/07 15:22:35 INFO MemoryStore: Block broadcast_0 stored as values in memory (estimated size 106.5 KiB, free 434.3 MiB)
[2025-12-07T15:22:35.672+0000] {subprocess.py:93} INFO - 25/12/07 15:22:35 INFO MemoryStore: Block broadcast_0_piece0 stored as bytes in memory (estimated size 38.5 KiB, free 434.3 MiB)
[2025-12-07T15:22:35.679+0000] {subprocess.py:93} INFO - 25/12/07 15:22:35 INFO BlockManagerInfo: Added broadcast_0_piece0 in memory on 3db08845f297:38517 (size: 38.5 KiB, free: 434.4 MiB)
[2025-12-07T15:22:35.687+0000] {subprocess.py:93} INFO - 25/12/07 15:22:35 INFO SparkContext: Created broadcast 0 from broadcast at DAGScheduler.scala:1580
[2025-12-07T15:22:35.720+0000] {subprocess.py:93} INFO - 25/12/07 15:22:35 INFO DAGScheduler: Submitting 1 missing tasks from ResultStage 0 (MapPartitionsRDD[1] at parquet at NativeMethodAccessorImpl.java:0) (first 15 tasks are for partitions Vector(0))
[2025-12-07T15:22:35.722+0000] {subprocess.py:93} INFO - 25/12/07 15:22:35 INFO TaskSchedulerImpl: Adding task set 0.0 with 1 tasks resource profile 0
[2025-12-07T15:22:35.788+0000] {subprocess.py:93} INFO - 25/12/07 15:22:35 INFO TaskSetManager: Starting task 0.0 in stage 0.0 (TID 0) (3db08845f297, executor driver, partition 0, PROCESS_LOCAL, 8811 bytes)
[2025-12-07T15:22:35.803+0000] {subprocess.py:93} INFO - 25/12/07 15:22:35 INFO Executor: Running task 0.0 in stage 0.0 (TID 0)
[2025-12-07T15:22:36.061+0000] {subprocess.py:93} INFO - 25/12/07 15:22:36 INFO S3AInputStream: Switching to Random IO seek policy
[2025-12-07T15:22:36.435+0000] {subprocess.py:93} INFO - 25/12/07 15:22:36 INFO Executor: Finished task 0.0 in stage 0.0 (TID 0). 2033 bytes result sent to driver
[2025-12-07T15:22:36.462+0000] {subprocess.py:93} INFO - 25/12/07 15:22:36 INFO TaskSetManager: Finished task 0.0 in stage 0.0 (TID 0) in 706 ms on 3db08845f297 (executor driver) (1/1)
[2025-12-07T15:22:36.463+0000] {subprocess.py:93} INFO - 25/12/07 15:22:36 INFO TaskSchedulerImpl: Removed TaskSet 0.0, whose tasks have all completed, from pool
[2025-12-07T15:22:36.468+0000] {subprocess.py:93} INFO - 25/12/07 15:22:36 INFO DAGScheduler: ResultStage 0 (parquet at NativeMethodAccessorImpl.java:0) finished in 0.934 s
[2025-12-07T15:22:36.472+0000] {subprocess.py:93} INFO - 25/12/07 15:22:36 INFO DAGScheduler: Job 0 is finished. Cancelling potential speculative or zombie tasks for this job
[2025-12-07T15:22:36.474+0000] {subprocess.py:93} INFO - 25/12/07 15:22:36 INFO TaskSchedulerImpl: Killing all running tasks in stage 0: Stage finished
[2025-12-07T15:22:36.476+0000] {subprocess.py:93} INFO - 25/12/07 15:22:36 INFO DAGScheduler: Job 0 finished: parquet at NativeMethodAccessorImpl.java:0, took 0.996083 s
[2025-12-07T15:22:36.928+0000] {subprocess.py:93} INFO - 25/12/07 15:22:36 INFO BlockManagerInfo: Removed broadcast_0_piece0 on 3db08845f297:38517 in memory (size: 38.5 KiB, free: 434.4 MiB)
[2025-12-07T15:22:37.697+0000] {subprocess.py:93} INFO - 25/12/07 15:22:37 INFO FileSourceStrategy: Pushed Filters:
[2025-12-07T15:22:37.699+0000] {subprocess.py:93} INFO - 25/12/07 15:22:37 INFO FileSourceStrategy: Post-Scan Filters:
[2025-12-07T15:22:38.124+0000] {subprocess.py:93} INFO - 25/12/07 15:22:38 INFO CodeGenerator: Code generated in 199.915642 ms
[2025-12-07T15:22:38.150+0000] {subprocess.py:93} INFO - 25/12/07 15:22:38 INFO MemoryStore: Block broadcast_1 stored as values in memory (estimated size 205.5 KiB, free 434.2 MiB)
[2025-12-07T15:22:38.172+0000] {subprocess.py:93} INFO - 25/12/07 15:22:38 INFO MemoryStore: Block broadcast_1_piece0 stored as bytes in memory (estimated size 36.1 KiB, free 434.2 MiB)
[2025-12-07T15:22:38.174+0000] {subprocess.py:93} INFO - 25/12/07 15:22:38 INFO BlockManagerInfo: Added broadcast_1_piece0 in memory on 3db08845f297:38517 (size: 36.1 KiB, free: 434.4 MiB)
[2025-12-07T15:22:38.178+0000] {subprocess.py:93} INFO - 25/12/07 15:22:38 INFO SparkContext: Created broadcast 1 from count at NativeMethodAccessorImpl.java:0
[2025-12-07T15:22:38.207+0000] {subprocess.py:93} INFO - 25/12/07 15:22:38 INFO FileSourceScanExec: Planning scan with bin packing, max size: 10491762 bytes, open cost is considered as scanning 4194304 bytes.
[2025-12-07T15:22:38.272+0000] {subprocess.py:93} INFO - 25/12/07 15:22:38 INFO DAGScheduler: Registering RDD 5 (count at NativeMethodAccessorImpl.java:0) as input to shuffle 0
[2025-12-07T15:22:38.278+0000] {subprocess.py:93} INFO - 25/12/07 15:22:38 INFO DAGScheduler: Got map stage job 1 (count at NativeMethodAccessorImpl.java:0) with 2 output partitions
[2025-12-07T15:22:38.279+0000] {subprocess.py:93} INFO - 25/12/07 15:22:38 INFO DAGScheduler: Final stage: ShuffleMapStage 1 (count at NativeMethodAccessorImpl.java:0)
[2025-12-07T15:22:38.280+0000] {subprocess.py:93} INFO - 25/12/07 15:22:38 INFO DAGScheduler: Parents of final stage: List()
[2025-12-07T15:22:38.281+0000] {subprocess.py:93} INFO - 25/12/07 15:22:38 INFO DAGScheduler: Missing parents: List()
[2025-12-07T15:22:38.282+0000] {subprocess.py:93} INFO - 25/12/07 15:22:38 INFO DAGScheduler: Submitting ShuffleMapStage 1 (MapPartitionsRDD[5] at count at NativeMethodAccessorImpl.java:0), which has no missing parents
[2025-12-07T15:22:38.318+0000] {subprocess.py:93} INFO - 25/12/07 15:22:38 INFO MemoryStore: Block broadcast_2 stored as values in memory (estimated size 16.8 KiB, free 434.1 MiB)
[2025-12-07T15:22:38.330+0000] {subprocess.py:93} INFO - 25/12/07 15:22:38 INFO MemoryStore: Block broadcast_2_piece0 stored as bytes in memory (estimated size 7.7 KiB, free 434.1 MiB)
[2025-12-07T15:22:38.333+0000] {subprocess.py:93} INFO - 25/12/07 15:22:38 INFO BlockManagerInfo: Added broadcast_2_piece0 in memory on 3db08845f297:38517 (size: 7.7 KiB, free: 434.4 MiB)
[2025-12-07T15:22:38.334+0000] {subprocess.py:93} INFO - 25/12/07 15:22:38 INFO SparkContext: Created broadcast 2 from broadcast at DAGScheduler.scala:1580
[2025-12-07T15:22:38.337+0000] {subprocess.py:93} INFO - 25/12/07 15:22:38 INFO DAGScheduler: Submitting 2 missing tasks from ShuffleMapStage 1 (MapPartitionsRDD[5] at count at NativeMethodAccessorImpl.java:0) (first 15 tasks are for partitions Vector(0, 1))
[2025-12-07T15:22:38.339+0000] {subprocess.py:93} INFO - 25/12/07 15:22:38 INFO TaskSchedulerImpl: Adding task set 1.0 with 2 tasks resource profile 0
[2025-12-07T15:22:38.349+0000] {subprocess.py:93} INFO - 25/12/07 15:22:38 INFO TaskSetManager: Starting task 0.0 in stage 1.0 (TID 1) (3db08845f297, executor driver, partition 0, PROCESS_LOCAL, 9621 bytes)
[2025-12-07T15:22:38.351+0000] {subprocess.py:93} INFO - 25/12/07 15:22:38 INFO TaskSetManager: Starting task 1.0 in stage 1.0 (TID 2) (3db08845f297, executor driver, partition 1, PROCESS_LOCAL, 9463 bytes)
[2025-12-07T15:22:38.352+0000] {subprocess.py:93} INFO - 25/12/07 15:22:38 INFO Executor: Running task 0.0 in stage 1.0 (TID 1)
[2025-12-07T15:22:38.354+0000] {subprocess.py:93} INFO - 25/12/07 15:22:38 INFO Executor: Running task 1.0 in stage 1.0 (TID 2)
[2025-12-07T15:22:38.435+0000] {subprocess.py:93} INFO - 25/12/07 15:22:38 INFO CodeGenerator: Code generated in 14.450971 ms
[2025-12-07T15:22:38.447+0000] {subprocess.py:93} INFO - 25/12/07 15:22:38 INFO FileScanRDD: Reading File path: s3a://datalake/gold/daily_summary/part-00000-256bcf41-5037-42a4-b7fb-085f536dc06b-c000.snappy.parquet, range: 0-2401, partition values: [empty row]
[2025-12-07T15:22:38.448+0000] {subprocess.py:93} INFO - 25/12/07 15:22:38 INFO FileScanRDD: Reading File path: s3a://datalake/gold/daily_summary/part-00000-9af84648-87bb-45de-bdf4-948aa35c31ee-c000.snappy.parquet, range: 0-2401, partition values: [empty row]
[2025-12-07T15:22:38.467+0000] {subprocess.py:93} INFO - 25/12/07 15:22:38 INFO S3AInputStream: Switching to Random IO seek policy
[2025-12-07T15:22:38.469+0000] {subprocess.py:93} INFO - 25/12/07 15:22:38 INFO S3AInputStream: Switching to Random IO seek policy
[2025-12-07T15:22:38.573+0000] {subprocess.py:93} INFO - 25/12/07 15:22:38 INFO FileScanRDD: Reading File path: s3a://datalake/gold/daily_summary/part-00000-bf3a7951-d7ed-4aa8-87fe-f58fff658b97-c000.snappy.parquet, range: 0-2401, partition values: [empty row]
[2025-12-07T15:22:38.575+0000] {subprocess.py:93} INFO - 25/12/07 15:22:38 INFO FileScanRDD: Reading File path: s3a://datalake/gold/daily_summary/part-00000-407f95c6-7ad7-4635-9bad-c1cdfaed0244-c000.snappy.parquet, range: 0-2401, partition values: [empty row]
[2025-12-07T15:22:38.589+0000] {subprocess.py:93} INFO - 25/12/07 15:22:38 INFO S3AInputStream: Switching to Random IO seek policy
[2025-12-07T15:22:38.590+0000] {subprocess.py:93} INFO - 25/12/07 15:22:38 INFO S3AInputStream: Switching to Random IO seek policy
[2025-12-07T15:22:38.611+0000] {subprocess.py:93} INFO - 25/12/07 15:22:38 INFO FileScanRDD: Reading File path: s3a://datalake/gold/daily_summary/part-00000-56b47053-2824-41c0-9734-d8e0d4f3fd36-c000.snappy.parquet, range: 0-2401, partition values: [empty row]
[2025-12-07T15:22:38.630+0000] {subprocess.py:93} INFO - 25/12/07 15:22:38 INFO S3AInputStream: Switching to Random IO seek policy
[2025-12-07T15:22:38.675+0000] {subprocess.py:93} INFO - 25/12/07 15:22:38 INFO Executor: Finished task 1.0 in stage 1.0 (TID 2). 2222 bytes result sent to driver
[2025-12-07T15:22:38.678+0000] {subprocess.py:93} INFO - 25/12/07 15:22:38 INFO Executor: Finished task 0.0 in stage 1.0 (TID 1). 2222 bytes result sent to driver
[2025-12-07T15:22:38.682+0000] {subprocess.py:93} INFO - 25/12/07 15:22:38 INFO TaskSetManager: Finished task 1.0 in stage 1.0 (TID 2) in 332 ms on 3db08845f297 (executor driver) (1/2)
[2025-12-07T15:22:38.684+0000] {subprocess.py:93} INFO - 25/12/07 15:22:38 INFO TaskSetManager: Finished task 0.0 in stage 1.0 (TID 1) in 343 ms on 3db08845f297 (executor driver) (2/2)
[2025-12-07T15:22:38.686+0000] {subprocess.py:93} INFO - 25/12/07 15:22:38 INFO TaskSchedulerImpl: Removed TaskSet 1.0, whose tasks have all completed, from pool
[2025-12-07T15:22:38.690+0000] {subprocess.py:93} INFO - 25/12/07 15:22:38 INFO DAGScheduler: ShuffleMapStage 1 (count at NativeMethodAccessorImpl.java:0) finished in 0.402 s
[2025-12-07T15:22:38.692+0000] {subprocess.py:93} INFO - 25/12/07 15:22:38 INFO DAGScheduler: looking for newly runnable stages
[2025-12-07T15:22:38.694+0000] {subprocess.py:93} INFO - 25/12/07 15:22:38 INFO DAGScheduler: running: Set()
[2025-12-07T15:22:38.699+0000] {subprocess.py:93} INFO - 25/12/07 15:22:38 INFO DAGScheduler: waiting: Set()
[2025-12-07T15:22:38.700+0000] {subprocess.py:93} INFO - 25/12/07 15:22:38 INFO DAGScheduler: failed: Set()
[2025-12-07T15:22:38.750+0000] {subprocess.py:93} INFO - 25/12/07 15:22:38 INFO CodeGenerator: Code generated in 12.064385 ms
[2025-12-07T15:22:38.773+0000] {subprocess.py:93} INFO - 25/12/07 15:22:38 INFO SparkContext: Starting job: count at NativeMethodAccessorImpl.java:0
[2025-12-07T15:22:38.778+0000] {subprocess.py:93} INFO - 25/12/07 15:22:38 INFO DAGScheduler: Got job 2 (count at NativeMethodAccessorImpl.java:0) with 1 output partitions
[2025-12-07T15:22:38.779+0000] {subprocess.py:93} INFO - 25/12/07 15:22:38 INFO DAGScheduler: Final stage: ResultStage 3 (count at NativeMethodAccessorImpl.java:0)
[2025-12-07T15:22:38.780+0000] {subprocess.py:93} INFO - 25/12/07 15:22:38 INFO DAGScheduler: Parents of final stage: List(ShuffleMapStage 2)
[2025-12-07T15:22:38.781+0000] {subprocess.py:93} INFO - 25/12/07 15:22:38 INFO DAGScheduler: Missing parents: List()
[2025-12-07T15:22:38.782+0000] {subprocess.py:93} INFO - 25/12/07 15:22:38 INFO DAGScheduler: Submitting ResultStage 3 (MapPartitionsRDD[8] at count at NativeMethodAccessorImpl.java:0), which has no missing parents
[2025-12-07T15:22:38.789+0000] {subprocess.py:93} INFO - 25/12/07 15:22:38 INFO MemoryStore: Block broadcast_3 stored as values in memory (estimated size 12.5 KiB, free 434.1 MiB)
[2025-12-07T15:22:38.805+0000] {subprocess.py:93} INFO - 25/12/07 15:22:38 INFO MemoryStore: Block broadcast_3_piece0 stored as bytes in memory (estimated size 5.9 KiB, free 434.1 MiB)
[2025-12-07T15:22:38.808+0000] {subprocess.py:93} INFO - 25/12/07 15:22:38 INFO BlockManagerInfo: Added broadcast_3_piece0 in memory on 3db08845f297:38517 (size: 5.9 KiB, free: 434.4 MiB)
[2025-12-07T15:22:38.810+0000] {subprocess.py:93} INFO - 25/12/07 15:22:38 INFO BlockManagerInfo: Removed broadcast_2_piece0 on 3db08845f297:38517 in memory (size: 7.7 KiB, free: 434.4 MiB)
[2025-12-07T15:22:38.813+0000] {subprocess.py:93} INFO - 25/12/07 15:22:38 INFO SparkContext: Created broadcast 3 from broadcast at DAGScheduler.scala:1580
[2025-12-07T15:22:38.814+0000] {subprocess.py:93} INFO - 25/12/07 15:22:38 INFO DAGScheduler: Submitting 1 missing tasks from ResultStage 3 (MapPartitionsRDD[8] at count at NativeMethodAccessorImpl.java:0) (first 15 tasks are for partitions Vector(0))
[2025-12-07T15:22:38.816+0000] {subprocess.py:93} INFO - 25/12/07 15:22:38 INFO TaskSchedulerImpl: Adding task set 3.0 with 1 tasks resource profile 0
[2025-12-07T15:22:38.830+0000] {subprocess.py:93} INFO - 25/12/07 15:22:38 INFO TaskSetManager: Starting task 0.0 in stage 3.0 (TID 3) (3db08845f297, executor driver, partition 0, NODE_LOCAL, 8652 bytes)
[2025-12-07T15:22:38.834+0000] {subprocess.py:93} INFO - 25/12/07 15:22:38 INFO Executor: Running task 0.0 in stage 3.0 (TID 3)
[2025-12-07T15:22:38.900+0000] {subprocess.py:93} INFO - 25/12/07 15:22:38 INFO ShuffleBlockFetcherIterator: Getting 2 (120.0 B) non-empty blocks including 2 (120.0 B) local and 0 (0.0 B) host-local and 0 (0.0 B) push-merged-local and 0 (0.0 B) remote blocks
[2025-12-07T15:22:38.904+0000] {subprocess.py:93} INFO - 25/12/07 15:22:38 INFO ShuffleBlockFetcherIterator: Started 0 remote fetches in 12 ms
[2025-12-07T15:22:38.914+0000] {subprocess.py:93} INFO - 25/12/07 15:22:38 INFO CodeGenerator: Code generated in 7.536673 ms
[2025-12-07T15:22:38.941+0000] {subprocess.py:93} INFO - 25/12/07 15:22:38 INFO Executor: Finished task 0.0 in stage 3.0 (TID 3). 4081 bytes result sent to driver
[2025-12-07T15:22:38.947+0000] {subprocess.py:93} INFO - 25/12/07 15:22:38 INFO TaskSetManager: Finished task 0.0 in stage 3.0 (TID 3) in 122 ms on 3db08845f297 (executor driver) (1/1)
[2025-12-07T15:22:38.952+0000] {subprocess.py:93} INFO - 25/12/07 15:22:38 INFO TaskSchedulerImpl: Removed TaskSet 3.0, whose tasks have all completed, from pool
[2025-12-07T15:22:38.954+0000] {subprocess.py:93} INFO - 25/12/07 15:22:38 INFO DAGScheduler: ResultStage 3 (count at NativeMethodAccessorImpl.java:0) finished in 0.162 s
[2025-12-07T15:22:38.955+0000] {subprocess.py:93} INFO - 25/12/07 15:22:38 INFO DAGScheduler: Job 2 is finished. Cancelling potential speculative or zombie tasks for this job
[2025-12-07T15:22:38.957+0000] {subprocess.py:93} INFO - 25/12/07 15:22:38 INFO TaskSchedulerImpl: Killing all running tasks in stage 3: Stage finished
[2025-12-07T15:22:38.959+0000] {subprocess.py:93} INFO - 25/12/07 15:22:38 INFO DAGScheduler: Job 2 finished: count at NativeMethodAccessorImpl.java:0, took 0.178247 s
[2025-12-07T15:22:38.973+0000] {subprocess.py:93} INFO - ✅ Gold layer loaded: 5 records
[2025-12-07T15:22:38.976+0000] {subprocess.py:93} INFO - 
[2025-12-07T15:22:38.978+0000] {subprocess.py:93} INFO - 📌 Step 2: Exporting to PostgreSQL table 'email_daily_summary'...
[2025-12-07T15:22:39.379+0000] {subprocess.py:93} INFO - 25/12/07 15:22:39 INFO FileSourceStrategy: Pushed Filters:
[2025-12-07T15:22:39.380+0000] {subprocess.py:93} INFO - 25/12/07 15:22:39 INFO FileSourceStrategy: Post-Scan Filters:
[2025-12-07T15:22:39.414+0000] {subprocess.py:93} INFO - 25/12/07 15:22:39 INFO CodeGenerator: Code generated in 23.425585 ms
[2025-12-07T15:22:39.422+0000] {subprocess.py:93} INFO - 25/12/07 15:22:39 INFO MemoryStore: Block broadcast_4 stored as values in memory (estimated size 206.2 KiB, free 433.9 MiB)
[2025-12-07T15:22:39.442+0000] {subprocess.py:93} INFO - 25/12/07 15:22:39 INFO BlockManagerInfo: Removed broadcast_3_piece0 on 3db08845f297:38517 in memory (size: 5.9 KiB, free: 434.4 MiB)
[2025-12-07T15:22:39.451+0000] {subprocess.py:93} INFO - 25/12/07 15:22:39 INFO MemoryStore: Block broadcast_4_piece0 stored as bytes in memory (estimated size 36.5 KiB, free 433.9 MiB)
[2025-12-07T15:22:39.454+0000] {subprocess.py:93} INFO - 25/12/07 15:22:39 INFO BlockManagerInfo: Added broadcast_4_piece0 in memory on 3db08845f297:38517 (size: 36.5 KiB, free: 434.3 MiB)
[2025-12-07T15:22:39.455+0000] {subprocess.py:93} INFO - 25/12/07 15:22:39 INFO SparkContext: Created broadcast 4 from jdbc at NativeMethodAccessorImpl.java:0
[2025-12-07T15:22:39.458+0000] {subprocess.py:93} INFO - 25/12/07 15:22:39 INFO FileSourceScanExec: Planning scan with bin packing, max size: 10491762 bytes, open cost is considered as scanning 4194304 bytes.
[2025-12-07T15:22:39.525+0000] {subprocess.py:93} INFO - 25/12/07 15:22:39 INFO SparkContext: Starting job: jdbc at NativeMethodAccessorImpl.java:0
[2025-12-07T15:22:39.528+0000] {subprocess.py:93} INFO - 25/12/07 15:22:39 INFO DAGScheduler: Got job 3 (jdbc at NativeMethodAccessorImpl.java:0) with 2 output partitions
[2025-12-07T15:22:39.529+0000] {subprocess.py:93} INFO - 25/12/07 15:22:39 INFO DAGScheduler: Final stage: ResultStage 4 (jdbc at NativeMethodAccessorImpl.java:0)
[2025-12-07T15:22:39.533+0000] {subprocess.py:93} INFO - 25/12/07 15:22:39 INFO DAGScheduler: Parents of final stage: List()
[2025-12-07T15:22:39.534+0000] {subprocess.py:93} INFO - 25/12/07 15:22:39 INFO DAGScheduler: Missing parents: List()
[2025-12-07T15:22:39.535+0000] {subprocess.py:93} INFO - 25/12/07 15:22:39 INFO DAGScheduler: Submitting ResultStage 4 (MapPartitionsRDD[14] at jdbc at NativeMethodAccessorImpl.java:0), which has no missing parents
[2025-12-07T15:22:39.549+0000] {subprocess.py:93} INFO - 25/12/07 15:22:39 INFO MemoryStore: Block broadcast_5 stored as values in memory (estimated size 36.8 KiB, free 433.9 MiB)
[2025-12-07T15:22:39.564+0000] {subprocess.py:93} INFO - 25/12/07 15:22:39 INFO MemoryStore: Block broadcast_5_piece0 stored as bytes in memory (estimated size 16.0 KiB, free 433.9 MiB)
[2025-12-07T15:22:39.566+0000] {subprocess.py:93} INFO - 25/12/07 15:22:39 INFO BlockManagerInfo: Added broadcast_5_piece0 in memory on 3db08845f297:38517 (size: 16.0 KiB, free: 434.3 MiB)
[2025-12-07T15:22:39.567+0000] {subprocess.py:93} INFO - 25/12/07 15:22:39 INFO SparkContext: Created broadcast 5 from broadcast at DAGScheduler.scala:1580
[2025-12-07T15:22:39.569+0000] {subprocess.py:93} INFO - 25/12/07 15:22:39 INFO DAGScheduler: Submitting 2 missing tasks from ResultStage 4 (MapPartitionsRDD[14] at jdbc at NativeMethodAccessorImpl.java:0) (first 15 tasks are for partitions Vector(0, 1))
[2025-12-07T15:22:39.570+0000] {subprocess.py:93} INFO - 25/12/07 15:22:39 INFO TaskSchedulerImpl: Adding task set 4.0 with 2 tasks resource profile 0
[2025-12-07T15:22:39.572+0000] {subprocess.py:93} INFO - 25/12/07 15:22:39 INFO TaskSetManager: Starting task 0.0 in stage 4.0 (TID 4) (3db08845f297, executor driver, partition 0, PROCESS_LOCAL, 9632 bytes)
[2025-12-07T15:22:39.573+0000] {subprocess.py:93} INFO - 25/12/07 15:22:39 INFO TaskSetManager: Starting task 1.0 in stage 4.0 (TID 5) (3db08845f297, executor driver, partition 1, PROCESS_LOCAL, 9474 bytes)
[2025-12-07T15:22:39.574+0000] {subprocess.py:93} INFO - 25/12/07 15:22:39 INFO Executor: Running task 1.0 in stage 4.0 (TID 5)
[2025-12-07T15:22:39.575+0000] {subprocess.py:93} INFO - 25/12/07 15:22:39 INFO Executor: Running task 0.0 in stage 4.0 (TID 4)
[2025-12-07T15:22:39.643+0000] {subprocess.py:93} INFO - 25/12/07 15:22:39 INFO CodeGenerator: Code generated in 13.805684 ms
[2025-12-07T15:22:40.594+0000] {subprocess.py:93} INFO - 25/12/07 15:22:40 INFO CodeGenerator: Code generated in 24.515878 ms
[2025-12-07T15:22:40.599+0000] {subprocess.py:93} INFO - 25/12/07 15:22:40 INFO FileScanRDD: Reading File path: s3a://datalake/gold/daily_summary/part-00000-256bcf41-5037-42a4-b7fb-085f536dc06b-c000.snappy.parquet, range: 0-2401, partition values: [empty row]
[2025-12-07T15:22:40.600+0000] {subprocess.py:93} INFO - 25/12/07 15:22:40 INFO FileScanRDD: Reading File path: s3a://datalake/gold/daily_summary/part-00000-9af84648-87bb-45de-bdf4-948aa35c31ee-c000.snappy.parquet, range: 0-2401, partition values: [empty row]
[2025-12-07T15:22:40.620+0000] {subprocess.py:93} INFO - 25/12/07 15:22:40 INFO S3AInputStream: Switching to Random IO seek policy
[2025-12-07T15:22:40.625+0000] {subprocess.py:93} INFO - 25/12/07 15:22:40 INFO S3AInputStream: Switching to Random IO seek policy
[2025-12-07T15:22:40.706+0000] {subprocess.py:93} INFO - 25/12/07 15:22:40 INFO CodecPool: Got brand-new decompressor [.snappy]
[2025-12-07T15:22:40.707+0000] {subprocess.py:93} INFO - 25/12/07 15:22:40 INFO CodecPool: Got brand-new decompressor [.snappy]
[2025-12-07T15:22:40.969+0000] {subprocess.py:93} INFO - 25/12/07 15:22:40 INFO FileScanRDD: Reading File path: s3a://datalake/gold/daily_summary/part-00000-407f95c6-7ad7-4635-9bad-c1cdfaed0244-c000.snappy.parquet, range: 0-2401, partition values: [empty row]
[2025-12-07T15:22:40.970+0000] {subprocess.py:93} INFO - 25/12/07 15:22:40 INFO FileScanRDD: Reading File path: s3a://datalake/gold/daily_summary/part-00000-bf3a7951-d7ed-4aa8-87fe-f58fff658b97-c000.snappy.parquet, range: 0-2401, partition values: [empty row]
[2025-12-07T15:22:40.983+0000] {subprocess.py:93} INFO - 25/12/07 15:22:40 INFO S3AInputStream: Switching to Random IO seek policy
[2025-12-07T15:22:40.985+0000] {subprocess.py:93} INFO - 25/12/07 15:22:40 INFO S3AInputStream: Switching to Random IO seek policy
[2025-12-07T15:22:41.010+0000] {subprocess.py:93} INFO - 25/12/07 15:22:41 INFO FileScanRDD: Reading File path: s3a://datalake/gold/daily_summary/part-00000-56b47053-2824-41c0-9734-d8e0d4f3fd36-c000.snappy.parquet, range: 0-2401, partition values: [empty row]
[2025-12-07T15:22:41.024+0000] {subprocess.py:93} INFO - 25/12/07 15:22:41 INFO S3AInputStream: Switching to Random IO seek policy
[2025-12-07T15:22:41.042+0000] {subprocess.py:93} INFO - 25/12/07 15:22:41 INFO Executor: Finished task 1.0 in stage 4.0 (TID 5). 1843 bytes result sent to driver
[2025-12-07T15:22:41.046+0000] {subprocess.py:93} INFO - 25/12/07 15:22:41 INFO TaskSetManager: Finished task 1.0 in stage 4.0 (TID 5) in 1472 ms on 3db08845f297 (executor driver) (1/2)
[2025-12-07T15:22:41.088+0000] {subprocess.py:93} INFO - 25/12/07 15:22:41 INFO Executor: Finished task 0.0 in stage 4.0 (TID 4). 1843 bytes result sent to driver
[2025-12-07T15:22:41.091+0000] {subprocess.py:93} INFO - 25/12/07 15:22:41 INFO TaskSetManager: Finished task 0.0 in stage 4.0 (TID 4) in 1520 ms on 3db08845f297 (executor driver) (2/2)
[2025-12-07T15:22:41.093+0000] {subprocess.py:93} INFO - 25/12/07 15:22:41 INFO TaskSchedulerImpl: Removed TaskSet 4.0, whose tasks have all completed, from pool
[2025-12-07T15:22:41.094+0000] {subprocess.py:93} INFO - 25/12/07 15:22:41 INFO DAGScheduler: ResultStage 4 (jdbc at NativeMethodAccessorImpl.java:0) finished in 1.562 s
[2025-12-07T15:22:41.095+0000] {subprocess.py:93} INFO - 25/12/07 15:22:41 INFO DAGScheduler: Job 3 is finished. Cancelling potential speculative or zombie tasks for this job
[2025-12-07T15:22:41.096+0000] {subprocess.py:93} INFO - 25/12/07 15:22:41 INFO TaskSchedulerImpl: Killing all running tasks in stage 4: Stage finished
[2025-12-07T15:22:41.097+0000] {subprocess.py:93} INFO - 25/12/07 15:22:41 INFO DAGScheduler: Job 3 finished: jdbc at NativeMethodAccessorImpl.java:0, took 1.569145 s
[2025-12-07T15:22:41.135+0000] {subprocess.py:93} INFO - ✅ Successfully exported to PostgreSQL table: email_daily_summary
[2025-12-07T15:22:41.136+0000] {subprocess.py:93} INFO - 
[2025-12-07T15:22:41.137+0000] {subprocess.py:93} INFO - ============================================================
[2025-12-07T15:22:41.139+0000] {subprocess.py:93} INFO - 📊 EXPORT SUMMARY REPORT
[2025-12-07T15:22:41.140+0000] {subprocess.py:93} INFO - ============================================================
[2025-12-07T15:22:41.141+0000] {subprocess.py:93} INFO - Timestamp: 2025-12-07 15:22:41.134620
[2025-12-07T15:22:41.157+0000] {subprocess.py:93} INFO - 25/12/07 15:22:41 INFO FileSourceStrategy: Pushed Filters:
[2025-12-07T15:22:41.158+0000] {subprocess.py:93} INFO - 25/12/07 15:22:41 INFO FileSourceStrategy: Post-Scan Filters:
[2025-12-07T15:22:41.178+0000] {subprocess.py:93} INFO - 25/12/07 15:22:41 INFO MemoryStore: Block broadcast_6 stored as values in memory (estimated size 205.5 KiB, free 433.7 MiB)
[2025-12-07T15:22:41.193+0000] {subprocess.py:93} INFO - 25/12/07 15:22:41 INFO MemoryStore: Block broadcast_6_piece0 stored as bytes in memory (estimated size 36.1 KiB, free 433.6 MiB)
[2025-12-07T15:22:41.196+0000] {subprocess.py:93} INFO - 25/12/07 15:22:41 INFO BlockManagerInfo: Added broadcast_6_piece0 in memory on 3db08845f297:38517 (size: 36.1 KiB, free: 434.3 MiB)
[2025-12-07T15:22:41.198+0000] {subprocess.py:93} INFO - 25/12/07 15:22:41 INFO SparkContext: Created broadcast 6 from count at NativeMethodAccessorImpl.java:0
[2025-12-07T15:22:41.200+0000] {subprocess.py:93} INFO - 25/12/07 15:22:41 INFO FileSourceScanExec: Planning scan with bin packing, max size: 10491762 bytes, open cost is considered as scanning 4194304 bytes.
[2025-12-07T15:22:41.210+0000] {subprocess.py:93} INFO - 25/12/07 15:22:41 INFO DAGScheduler: Registering RDD 18 (count at NativeMethodAccessorImpl.java:0) as input to shuffle 1
[2025-12-07T15:22:41.211+0000] {subprocess.py:93} INFO - 25/12/07 15:22:41 INFO DAGScheduler: Got map stage job 4 (count at NativeMethodAccessorImpl.java:0) with 2 output partitions
[2025-12-07T15:22:41.212+0000] {subprocess.py:93} INFO - 25/12/07 15:22:41 INFO DAGScheduler: Final stage: ShuffleMapStage 5 (count at NativeMethodAccessorImpl.java:0)
[2025-12-07T15:22:41.213+0000] {subprocess.py:93} INFO - 25/12/07 15:22:41 INFO DAGScheduler: Parents of final stage: List()
[2025-12-07T15:22:41.214+0000] {subprocess.py:93} INFO - 25/12/07 15:22:41 INFO DAGScheduler: Missing parents: List()
[2025-12-07T15:22:41.215+0000] {subprocess.py:93} INFO - 25/12/07 15:22:41 INFO DAGScheduler: Submitting ShuffleMapStage 5 (MapPartitionsRDD[18] at count at NativeMethodAccessorImpl.java:0), which has no missing parents
[2025-12-07T15:22:41.236+0000] {subprocess.py:93} INFO - 25/12/07 15:22:41 INFO MemoryStore: Block broadcast_7 stored as values in memory (estimated size 16.8 KiB, free 433.6 MiB)
[2025-12-07T15:22:41.243+0000] {subprocess.py:93} INFO - 25/12/07 15:22:41 INFO MemoryStore: Block broadcast_7_piece0 stored as bytes in memory (estimated size 7.7 KiB, free 433.6 MiB)
[2025-12-07T15:22:41.246+0000] {subprocess.py:93} INFO - 25/12/07 15:22:41 INFO BlockManagerInfo: Added broadcast_7_piece0 in memory on 3db08845f297:38517 (size: 7.7 KiB, free: 434.3 MiB)
[2025-12-07T15:22:41.248+0000] {subprocess.py:93} INFO - 25/12/07 15:22:41 INFO SparkContext: Created broadcast 7 from broadcast at DAGScheduler.scala:1580
[2025-12-07T15:22:41.251+0000] {subprocess.py:93} INFO - 25/12/07 15:22:41 INFO DAGScheduler: Submitting 2 missing tasks from ShuffleMapStage 5 (MapPartitionsRDD[18] at count at NativeMethodAccessorImpl.java:0) (first 15 tasks are for partitions Vector(0, 1))
[2025-12-07T15:22:41.255+0000] {subprocess.py:93} INFO - 25/12/07 15:22:41 INFO TaskSchedulerImpl: Adding task set 5.0 with 2 tasks resource profile 0
[2025-12-07T15:22:41.258+0000] {subprocess.py:93} INFO - 25/12/07 15:22:41 INFO BlockManagerInfo: Removed broadcast_4_piece0 on 3db08845f297:38517 in memory (size: 36.5 KiB, free: 434.3 MiB)
[2025-12-07T15:22:41.259+0000] {subprocess.py:93} INFO - 25/12/07 15:22:41 INFO TaskSetManager: Starting task 0.0 in stage 5.0 (TID 6) (3db08845f297, executor driver, partition 0, PROCESS_LOCAL, 9621 bytes)
[2025-12-07T15:22:41.260+0000] {subprocess.py:93} INFO - 25/12/07 15:22:41 INFO TaskSetManager: Starting task 1.0 in stage 5.0 (TID 7) (3db08845f297, executor driver, partition 1, PROCESS_LOCAL, 9463 bytes)
[2025-12-07T15:22:41.268+0000] {subprocess.py:93} INFO - 25/12/07 15:22:41 INFO Executor: Running task 0.0 in stage 5.0 (TID 6)
[2025-12-07T15:22:41.273+0000] {subprocess.py:93} INFO - 25/12/07 15:22:41 INFO Executor: Running task 1.0 in stage 5.0 (TID 7)
[2025-12-07T15:22:41.279+0000] {subprocess.py:93} INFO - 25/12/07 15:22:41 INFO BlockManagerInfo: Removed broadcast_1_piece0 on 3db08845f297:38517 in memory (size: 36.1 KiB, free: 434.3 MiB)
[2025-12-07T15:22:41.285+0000] {subprocess.py:93} INFO - 25/12/07 15:22:41 INFO FileScanRDD: Reading File path: s3a://datalake/gold/daily_summary/part-00000-9af84648-87bb-45de-bdf4-948aa35c31ee-c000.snappy.parquet, range: 0-2401, partition values: [empty row]
[2025-12-07T15:22:41.295+0000] {subprocess.py:93} INFO - 25/12/07 15:22:41 INFO FileScanRDD: Reading File path: s3a://datalake/gold/daily_summary/part-00000-256bcf41-5037-42a4-b7fb-085f536dc06b-c000.snappy.parquet, range: 0-2401, partition values: [empty row]
[2025-12-07T15:22:41.298+0000] {subprocess.py:93} INFO - 25/12/07 15:22:41 INFO BlockManagerInfo: Removed broadcast_5_piece0 on 3db08845f297:38517 in memory (size: 16.0 KiB, free: 434.4 MiB)
[2025-12-07T15:22:41.317+0000] {subprocess.py:93} INFO - 25/12/07 15:22:41 INFO S3AInputStream: Switching to Random IO seek policy
[2025-12-07T15:22:41.335+0000] {subprocess.py:93} INFO - 25/12/07 15:22:41 INFO S3AInputStream: Switching to Random IO seek policy
[2025-12-07T15:22:41.363+0000] {subprocess.py:93} INFO - 25/12/07 15:22:41 INFO FileScanRDD: Reading File path: s3a://datalake/gold/daily_summary/part-00000-bf3a7951-d7ed-4aa8-87fe-f58fff658b97-c000.snappy.parquet, range: 0-2401, partition values: [empty row]
[2025-12-07T15:22:41.371+0000] {subprocess.py:93} INFO - 25/12/07 15:22:41 INFO FileScanRDD: Reading File path: s3a://datalake/gold/daily_summary/part-00000-407f95c6-7ad7-4635-9bad-c1cdfaed0244-c000.snappy.parquet, range: 0-2401, partition values: [empty row]
[2025-12-07T15:22:41.379+0000] {subprocess.py:93} INFO - 25/12/07 15:22:41 INFO S3AInputStream: Switching to Random IO seek policy
[2025-12-07T15:22:41.385+0000] {subprocess.py:93} INFO - 25/12/07 15:22:41 INFO S3AInputStream: Switching to Random IO seek policy
[2025-12-07T15:22:41.419+0000] {subprocess.py:93} INFO - 25/12/07 15:22:41 INFO FileScanRDD: Reading File path: s3a://datalake/gold/daily_summary/part-00000-56b47053-2824-41c0-9734-d8e0d4f3fd36-c000.snappy.parquet, range: 0-2401, partition values: [empty row]
[2025-12-07T15:22:41.423+0000] {subprocess.py:93} INFO - 25/12/07 15:22:41 INFO Executor: Finished task 1.0 in stage 5.0 (TID 7). 2222 bytes result sent to driver
[2025-12-07T15:22:41.429+0000] {subprocess.py:93} INFO - 25/12/07 15:22:41 INFO TaskSetManager: Finished task 1.0 in stage 5.0 (TID 7) in 172 ms on 3db08845f297 (executor driver) (1/2)
[2025-12-07T15:22:41.501+0000] {subprocess.py:93} INFO - 25/12/07 15:22:41 INFO S3AInputStream: Switching to Random IO seek policy
[2025-12-07T15:22:41.530+0000] {subprocess.py:93} INFO - 25/12/07 15:22:41 INFO Executor: Finished task 0.0 in stage 5.0 (TID 6). 2179 bytes result sent to driver
[2025-12-07T15:22:41.532+0000] {subprocess.py:93} INFO - 25/12/07 15:22:41 INFO TaskSetManager: Finished task 0.0 in stage 5.0 (TID 6) in 278 ms on 3db08845f297 (executor driver) (2/2)
[2025-12-07T15:22:41.533+0000] {subprocess.py:93} INFO - 25/12/07 15:22:41 INFO TaskSchedulerImpl: Removed TaskSet 5.0, whose tasks have all completed, from pool
[2025-12-07T15:22:41.534+0000] {subprocess.py:93} INFO - 25/12/07 15:22:41 INFO DAGScheduler: ShuffleMapStage 5 (count at NativeMethodAccessorImpl.java:0) finished in 0.302 s
[2025-12-07T15:22:41.535+0000] {subprocess.py:93} INFO - 25/12/07 15:22:41 INFO DAGScheduler: looking for newly runnable stages
[2025-12-07T15:22:41.536+0000] {subprocess.py:93} INFO - 25/12/07 15:22:41 INFO DAGScheduler: running: Set()
[2025-12-07T15:22:41.537+0000] {subprocess.py:93} INFO - 25/12/07 15:22:41 INFO DAGScheduler: waiting: Set()
[2025-12-07T15:22:41.538+0000] {subprocess.py:93} INFO - 25/12/07 15:22:41 INFO DAGScheduler: failed: Set()
[2025-12-07T15:22:41.553+0000] {subprocess.py:93} INFO - 25/12/07 15:22:41 INFO SparkContext: Starting job: count at NativeMethodAccessorImpl.java:0
[2025-12-07T15:22:41.555+0000] {subprocess.py:93} INFO - 25/12/07 15:22:41 INFO DAGScheduler: Got job 5 (count at NativeMethodAccessorImpl.java:0) with 1 output partitions
[2025-12-07T15:22:41.558+0000] {subprocess.py:93} INFO - 25/12/07 15:22:41 INFO DAGScheduler: Final stage: ResultStage 7 (count at NativeMethodAccessorImpl.java:0)
[2025-12-07T15:22:41.560+0000] {subprocess.py:93} INFO - 25/12/07 15:22:41 INFO DAGScheduler: Parents of final stage: List(ShuffleMapStage 6)
[2025-12-07T15:22:41.560+0000] {subprocess.py:93} INFO - 25/12/07 15:22:41 INFO DAGScheduler: Missing parents: List()
[2025-12-07T15:22:41.561+0000] {subprocess.py:93} INFO - 25/12/07 15:22:41 INFO DAGScheduler: Submitting ResultStage 7 (MapPartitionsRDD[21] at count at NativeMethodAccessorImpl.java:0), which has no missing parents
[2025-12-07T15:22:41.562+0000] {subprocess.py:93} INFO - 25/12/07 15:22:41 INFO MemoryStore: Block broadcast_8 stored as values in memory (estimated size 12.5 KiB, free 434.1 MiB)
[2025-12-07T15:22:41.563+0000] {subprocess.py:93} INFO - 25/12/07 15:22:41 INFO MemoryStore: Block broadcast_8_piece0 stored as bytes in memory (estimated size 5.9 KiB, free 434.1 MiB)
[2025-12-07T15:22:41.565+0000] {subprocess.py:93} INFO - 25/12/07 15:22:41 INFO BlockManagerInfo: Added broadcast_8_piece0 in memory on 3db08845f297:38517 (size: 5.9 KiB, free: 434.4 MiB)
[2025-12-07T15:22:41.566+0000] {subprocess.py:93} INFO - 25/12/07 15:22:41 INFO SparkContext: Created broadcast 8 from broadcast at DAGScheduler.scala:1580
[2025-12-07T15:22:41.567+0000] {subprocess.py:93} INFO - 25/12/07 15:22:41 INFO DAGScheduler: Submitting 1 missing tasks from ResultStage 7 (MapPartitionsRDD[21] at count at NativeMethodAccessorImpl.java:0) (first 15 tasks are for partitions Vector(0))
[2025-12-07T15:22:41.567+0000] {subprocess.py:93} INFO - 25/12/07 15:22:41 INFO TaskSchedulerImpl: Adding task set 7.0 with 1 tasks resource profile 0
[2025-12-07T15:22:41.569+0000] {subprocess.py:93} INFO - 25/12/07 15:22:41 INFO TaskSetManager: Starting task 0.0 in stage 7.0 (TID 8) (3db08845f297, executor driver, partition 0, NODE_LOCAL, 8652 bytes)
[2025-12-07T15:22:41.570+0000] {subprocess.py:93} INFO - 25/12/07 15:22:41 INFO Executor: Running task 0.0 in stage 7.0 (TID 8)
[2025-12-07T15:22:41.573+0000] {subprocess.py:93} INFO - 25/12/07 15:22:41 INFO ShuffleBlockFetcherIterator: Getting 2 (120.0 B) non-empty blocks including 2 (120.0 B) local and 0 (0.0 B) host-local and 0 (0.0 B) push-merged-local and 0 (0.0 B) remote blocks
[2025-12-07T15:22:41.575+0000] {subprocess.py:93} INFO - 25/12/07 15:22:41 INFO ShuffleBlockFetcherIterator: Started 0 remote fetches in 1 ms
[2025-12-07T15:22:41.578+0000] {subprocess.py:93} INFO - 25/12/07 15:22:41 INFO Executor: Finished task 0.0 in stage 7.0 (TID 8). 3995 bytes result sent to driver
[2025-12-07T15:22:41.579+0000] {subprocess.py:93} INFO - 25/12/07 15:22:41 INFO TaskSetManager: Finished task 0.0 in stage 7.0 (TID 8) in 11 ms on 3db08845f297 (executor driver) (1/1)
[2025-12-07T15:22:41.580+0000] {subprocess.py:93} INFO - 25/12/07 15:22:41 INFO TaskSchedulerImpl: Removed TaskSet 7.0, whose tasks have all completed, from pool
[2025-12-07T15:22:41.581+0000] {subprocess.py:93} INFO - 25/12/07 15:22:41 INFO DAGScheduler: ResultStage 7 (count at NativeMethodAccessorImpl.java:0) finished in 0.022 s
[2025-12-07T15:22:41.581+0000] {subprocess.py:93} INFO - 25/12/07 15:22:41 INFO DAGScheduler: Job 5 is finished. Cancelling potential speculative or zombie tasks for this job
[2025-12-07T15:22:41.582+0000] {subprocess.py:93} INFO - 25/12/07 15:22:41 INFO TaskSchedulerImpl: Killing all running tasks in stage 7: Stage finished
[2025-12-07T15:22:41.583+0000] {subprocess.py:93} INFO - 25/12/07 15:22:41 INFO DAGScheduler: Job 5 finished: count at NativeMethodAccessorImpl.java:0, took 0.028811 s
[2025-12-07T15:22:41.584+0000] {subprocess.py:93} INFO - 
[2025-12-07T15:22:41.585+0000] {subprocess.py:93} INFO - 📈 Records exported: 5
[2025-12-07T15:22:41.586+0000] {subprocess.py:93} INFO - 
[2025-12-07T15:22:41.586+0000] {subprocess.py:93} INFO - 📄 Sample data:
[2025-12-07T15:22:41.638+0000] {subprocess.py:93} INFO - 25/12/07 15:22:41 INFO FileSourceStrategy: Pushed Filters:
[2025-12-07T15:22:41.640+0000] {subprocess.py:93} INFO - 25/12/07 15:22:41 INFO FileSourceStrategy: Post-Scan Filters:
[2025-12-07T15:22:41.742+0000] {subprocess.py:93} INFO - 25/12/07 15:22:41 INFO CodeGenerator: Code generated in 28.194765 ms
[2025-12-07T15:22:41.747+0000] {subprocess.py:93} INFO - 25/12/07 15:22:41 INFO MemoryStore: Block broadcast_9 stored as values in memory (estimated size 206.2 KiB, free 433.9 MiB)
[2025-12-07T15:22:41.758+0000] {subprocess.py:93} INFO - 25/12/07 15:22:41 INFO MemoryStore: Block broadcast_9_piece0 stored as bytes in memory (estimated size 36.5 KiB, free 433.9 MiB)
[2025-12-07T15:22:41.760+0000] {subprocess.py:93} INFO - 25/12/07 15:22:41 INFO BlockManagerInfo: Added broadcast_9_piece0 in memory on 3db08845f297:38517 (size: 36.5 KiB, free: 434.3 MiB)
[2025-12-07T15:22:41.762+0000] {subprocess.py:93} INFO - 25/12/07 15:22:41 INFO SparkContext: Created broadcast 9 from showString at NativeMethodAccessorImpl.java:0
[2025-12-07T15:22:41.763+0000] {subprocess.py:93} INFO - 25/12/07 15:22:41 INFO FileSourceScanExec: Planning scan with bin packing, max size: 10491762 bytes, open cost is considered as scanning 4194304 bytes.
[2025-12-07T15:22:41.777+0000] {subprocess.py:93} INFO - 25/12/07 15:22:41 INFO SparkContext: Starting job: showString at NativeMethodAccessorImpl.java:0
[2025-12-07T15:22:41.779+0000] {subprocess.py:93} INFO - 25/12/07 15:22:41 INFO DAGScheduler: Got job 6 (showString at NativeMethodAccessorImpl.java:0) with 1 output partitions
[2025-12-07T15:22:41.781+0000] {subprocess.py:93} INFO - 25/12/07 15:22:41 INFO DAGScheduler: Final stage: ResultStage 8 (showString at NativeMethodAccessorImpl.java:0)
[2025-12-07T15:22:41.782+0000] {subprocess.py:93} INFO - 25/12/07 15:22:41 INFO DAGScheduler: Parents of final stage: List()
[2025-12-07T15:22:41.784+0000] {subprocess.py:93} INFO - 25/12/07 15:22:41 INFO DAGScheduler: Missing parents: List()
[2025-12-07T15:22:41.785+0000] {subprocess.py:93} INFO - 25/12/07 15:22:41 INFO DAGScheduler: Submitting ResultStage 8 (MapPartitionsRDD[25] at showString at NativeMethodAccessorImpl.java:0), which has no missing parents
[2025-12-07T15:22:41.787+0000] {subprocess.py:93} INFO - 25/12/07 15:22:41 INFO MemoryStore: Block broadcast_10 stored as values in memory (estimated size 17.7 KiB, free 433.9 MiB)
[2025-12-07T15:22:41.791+0000] {subprocess.py:93} INFO - 25/12/07 15:22:41 INFO MemoryStore: Block broadcast_10_piece0 stored as bytes in memory (estimated size 7.2 KiB, free 433.9 MiB)
[2025-12-07T15:22:41.793+0000] {subprocess.py:93} INFO - 25/12/07 15:22:41 INFO BlockManagerInfo: Added broadcast_10_piece0 in memory on 3db08845f297:38517 (size: 7.2 KiB, free: 434.3 MiB)
[2025-12-07T15:22:41.794+0000] {subprocess.py:93} INFO - 25/12/07 15:22:41 INFO SparkContext: Created broadcast 10 from broadcast at DAGScheduler.scala:1580
[2025-12-07T15:22:41.795+0000] {subprocess.py:93} INFO - 25/12/07 15:22:41 INFO DAGScheduler: Submitting 1 missing tasks from ResultStage 8 (MapPartitionsRDD[25] at showString at NativeMethodAccessorImpl.java:0) (first 15 tasks are for partitions Vector(0))
[2025-12-07T15:22:41.796+0000] {subprocess.py:93} INFO - 25/12/07 15:22:41 INFO TaskSchedulerImpl: Adding task set 8.0 with 1 tasks resource profile 0
[2025-12-07T15:22:41.796+0000] {subprocess.py:93} INFO - 25/12/07 15:22:41 INFO TaskSetManager: Starting task 0.0 in stage 8.0 (TID 9) (3db08845f297, executor driver, partition 0, PROCESS_LOCAL, 9632 bytes)
[2025-12-07T15:22:41.797+0000] {subprocess.py:93} INFO - 25/12/07 15:22:41 INFO Executor: Running task 0.0 in stage 8.0 (TID 9)
[2025-12-07T15:22:41.822+0000] {subprocess.py:93} INFO - 25/12/07 15:22:41 INFO CodeGenerator: Code generated in 20.151752 ms
[2025-12-07T15:22:41.824+0000] {subprocess.py:93} INFO - 25/12/07 15:22:41 INFO FileScanRDD: Reading File path: s3a://datalake/gold/daily_summary/part-00000-256bcf41-5037-42a4-b7fb-085f536dc06b-c000.snappy.parquet, range: 0-2401, partition values: [empty row]
[2025-12-07T15:22:41.838+0000] {subprocess.py:93} INFO - 25/12/07 15:22:41 INFO S3AInputStream: Switching to Random IO seek policy
[2025-12-07T15:22:41.862+0000] {subprocess.py:93} INFO - 25/12/07 15:22:41 INFO FileScanRDD: Reading File path: s3a://datalake/gold/daily_summary/part-00000-407f95c6-7ad7-4635-9bad-c1cdfaed0244-c000.snappy.parquet, range: 0-2401, partition values: [empty row]
[2025-12-07T15:22:41.876+0000] {subprocess.py:93} INFO - 25/12/07 15:22:41 INFO S3AInputStream: Switching to Random IO seek policy
[2025-12-07T15:22:41.900+0000] {subprocess.py:93} INFO - 25/12/07 15:22:41 INFO FileScanRDD: Reading File path: s3a://datalake/gold/daily_summary/part-00000-56b47053-2824-41c0-9734-d8e0d4f3fd36-c000.snappy.parquet, range: 0-2401, partition values: [empty row]
[2025-12-07T15:22:41.914+0000] {subprocess.py:93} INFO - 25/12/07 15:22:41 INFO S3AInputStream: Switching to Random IO seek policy
[2025-12-07T15:22:41.937+0000] {subprocess.py:93} INFO - 25/12/07 15:22:41 INFO Executor: Finished task 0.0 in stage 8.0 (TID 9). 1927 bytes result sent to driver
[2025-12-07T15:22:41.939+0000] {subprocess.py:93} INFO - 25/12/07 15:22:41 INFO TaskSetManager: Finished task 0.0 in stage 8.0 (TID 9) in 143 ms on 3db08845f297 (executor driver) (1/1)
[2025-12-07T15:22:41.940+0000] {subprocess.py:93} INFO - 25/12/07 15:22:41 INFO TaskSchedulerImpl: Removed TaskSet 8.0, whose tasks have all completed, from pool
[2025-12-07T15:22:41.941+0000] {subprocess.py:93} INFO - 25/12/07 15:22:41 INFO DAGScheduler: ResultStage 8 (showString at NativeMethodAccessorImpl.java:0) finished in 0.157 s
[2025-12-07T15:22:41.941+0000] {subprocess.py:93} INFO - 25/12/07 15:22:41 INFO DAGScheduler: Job 6 is finished. Cancelling potential speculative or zombie tasks for this job
[2025-12-07T15:22:41.942+0000] {subprocess.py:93} INFO - 25/12/07 15:22:41 INFO TaskSchedulerImpl: Killing all running tasks in stage 8: Stage finished
[2025-12-07T15:22:41.942+0000] {subprocess.py:93} INFO - 25/12/07 15:22:41 INFO DAGScheduler: Job 6 finished: showString at NativeMethodAccessorImpl.java:0, took 0.163007 s
[2025-12-07T15:22:41.948+0000] {subprocess.py:93} INFO - 25/12/07 15:22:41 INFO SparkContext: Starting job: showString at NativeMethodAccessorImpl.java:0
[2025-12-07T15:22:41.950+0000] {subprocess.py:93} INFO - 25/12/07 15:22:41 INFO DAGScheduler: Got job 7 (showString at NativeMethodAccessorImpl.java:0) with 1 output partitions
[2025-12-07T15:22:41.952+0000] {subprocess.py:93} INFO - 25/12/07 15:22:41 INFO DAGScheduler: Final stage: ResultStage 9 (showString at NativeMethodAccessorImpl.java:0)
[2025-12-07T15:22:41.953+0000] {subprocess.py:93} INFO - 25/12/07 15:22:41 INFO DAGScheduler: Parents of final stage: List()
[2025-12-07T15:22:41.954+0000] {subprocess.py:93} INFO - 25/12/07 15:22:41 INFO DAGScheduler: Missing parents: List()
[2025-12-07T15:22:41.954+0000] {subprocess.py:93} INFO - 25/12/07 15:22:41 INFO DAGScheduler: Submitting ResultStage 9 (MapPartitionsRDD[25] at showString at NativeMethodAccessorImpl.java:0), which has no missing parents
[2025-12-07T15:22:41.955+0000] {subprocess.py:93} INFO - 25/12/07 15:22:41 INFO MemoryStore: Block broadcast_11 stored as values in memory (estimated size 17.7 KiB, free 433.8 MiB)
[2025-12-07T15:22:41.956+0000] {subprocess.py:93} INFO - 25/12/07 15:22:41 INFO MemoryStore: Block broadcast_11_piece0 stored as bytes in memory (estimated size 7.3 KiB, free 433.8 MiB)
[2025-12-07T15:22:41.957+0000] {subprocess.py:93} INFO - 25/12/07 15:22:41 INFO BlockManagerInfo: Added broadcast_11_piece0 in memory on 3db08845f297:38517 (size: 7.3 KiB, free: 434.3 MiB)
[2025-12-07T15:22:41.959+0000] {subprocess.py:93} INFO - 25/12/07 15:22:41 INFO SparkContext: Created broadcast 11 from broadcast at DAGScheduler.scala:1580
[2025-12-07T15:22:41.960+0000] {subprocess.py:93} INFO - 25/12/07 15:22:41 INFO DAGScheduler: Submitting 1 missing tasks from ResultStage 9 (MapPartitionsRDD[25] at showString at NativeMethodAccessorImpl.java:0) (first 15 tasks are for partitions Vector(1))
[2025-12-07T15:22:41.960+0000] {subprocess.py:93} INFO - 25/12/07 15:22:41 INFO TaskSchedulerImpl: Adding task set 9.0 with 1 tasks resource profile 0
[2025-12-07T15:22:41.963+0000] {subprocess.py:93} INFO - 25/12/07 15:22:41 INFO TaskSetManager: Starting task 0.0 in stage 9.0 (TID 10) (3db08845f297, executor driver, partition 1, PROCESS_LOCAL, 9474 bytes)
[2025-12-07T15:22:41.965+0000] {subprocess.py:93} INFO - 25/12/07 15:22:41 INFO Executor: Running task 0.0 in stage 9.0 (TID 10)
[2025-12-07T15:22:41.969+0000] {subprocess.py:93} INFO - 25/12/07 15:22:41 INFO FileScanRDD: Reading File path: s3a://datalake/gold/daily_summary/part-00000-9af84648-87bb-45de-bdf4-948aa35c31ee-c000.snappy.parquet, range: 0-2401, partition values: [empty row]
[2025-12-07T15:22:41.981+0000] {subprocess.py:93} INFO - 25/12/07 15:22:41 INFO S3AInputStream: Switching to Random IO seek policy
[2025-12-07T15:22:42.007+0000] {subprocess.py:93} INFO - 25/12/07 15:22:42 INFO FileScanRDD: Reading File path: s3a://datalake/gold/daily_summary/part-00000-bf3a7951-d7ed-4aa8-87fe-f58fff658b97-c000.snappy.parquet, range: 0-2401, partition values: [empty row]
[2025-12-07T15:22:42.018+0000] {subprocess.py:93} INFO - 25/12/07 15:22:42 INFO S3AInputStream: Switching to Random IO seek policy
[2025-12-07T15:22:42.043+0000] {subprocess.py:93} INFO - 25/12/07 15:22:42 INFO Executor: Finished task 0.0 in stage 9.0 (TID 10). 1926 bytes result sent to driver
[2025-12-07T15:22:42.045+0000] {subprocess.py:93} INFO - 25/12/07 15:22:42 INFO TaskSetManager: Finished task 0.0 in stage 9.0 (TID 10) in 83 ms on 3db08845f297 (executor driver) (1/1)
[2025-12-07T15:22:42.046+0000] {subprocess.py:93} INFO - 25/12/07 15:22:42 INFO TaskSchedulerImpl: Removed TaskSet 9.0, whose tasks have all completed, from pool
[2025-12-07T15:22:42.047+0000] {subprocess.py:93} INFO - 25/12/07 15:22:42 INFO DAGScheduler: ResultStage 9 (showString at NativeMethodAccessorImpl.java:0) finished in 0.094 s
[2025-12-07T15:22:42.048+0000] {subprocess.py:93} INFO - 25/12/07 15:22:42 INFO DAGScheduler: Job 7 is finished. Cancelling potential speculative or zombie tasks for this job
[2025-12-07T15:22:42.048+0000] {subprocess.py:93} INFO - 25/12/07 15:22:42 INFO TaskSchedulerImpl: Killing all running tasks in stage 9: Stage finished
[2025-12-07T15:22:42.049+0000] {subprocess.py:93} INFO - 25/12/07 15:22:42 INFO DAGScheduler: Job 7 finished: showString at NativeMethodAccessorImpl.java:0, took 0.099108 s
[2025-12-07T15:22:42.059+0000] {subprocess.py:93} INFO - 25/12/07 15:22:42 INFO CodeGenerator: Code generated in 6.620238 ms
[2025-12-07T15:22:42.066+0000] {subprocess.py:93} INFO - +----------+------------+------------------------------------------------------------------------------------------------------------------------------------------------------------+------------+------------------+
[2025-12-07T15:22:42.068+0000] {subprocess.py:93} INFO - |date      |total_emails|domain_counts                                                                                                                                               |busiest_hour|busiest_hour_count|
[2025-12-07T15:22:42.069+0000] {subprocess.py:93} INFO - +----------+------------+------------------------------------------------------------------------------------------------------------------------------------------------------------+------------+------------------+
[2025-12-07T15:22:42.069+0000] {subprocess.py:93} INFO - |2025-12-07|70          |linkedin.com>:17|indeed.com>:15|etu.uae.ac.ma>:12|commerce.temuemail.com>:12|datascientist.fr>:7|gmail.com>:5|mail.grammarly.com>:1|inspire.pinterest.com>:1|8           |17                |
[2025-12-07T15:22:42.070+0000] {subprocess.py:93} INFO - |2025-12-07|70          |linkedin.com>:17|indeed.com>:15|etu.uae.ac.ma>:12|commerce.temuemail.com>:12|datascientist.fr>:7|gmail.com>:5|mail.grammarly.com>:1|inspire.pinterest.com>:1|8           |17                |
[2025-12-07T15:22:42.071+0000] {subprocess.py:93} INFO - |2025-12-07|70          |linkedin.com>:17|indeed.com>:15|etu.uae.ac.ma>:12|commerce.temuemail.com>:12|datascientist.fr>:7|gmail.com>:5|mail.grammarly.com>:1|inspire.pinterest.com>:1|8           |17                |
[2025-12-07T15:22:42.071+0000] {subprocess.py:93} INFO - |2025-12-07|70          |linkedin.com>:17|indeed.com>:15|etu.uae.ac.ma>:12|commerce.temuemail.com>:12|datascientist.fr>:7|gmail.com>:5|mail.grammarly.com>:1|inspire.pinterest.com>:1|8           |17                |
[2025-12-07T15:22:42.072+0000] {subprocess.py:93} INFO - |2025-12-07|70          |linkedin.com>:17|indeed.com>:15|etu.uae.ac.ma>:12|commerce.temuemail.com>:12|datascientist.fr>:7|gmail.com>:5|mail.grammarly.com>:1|inspire.pinterest.com>:1|8           |17                |
[2025-12-07T15:22:42.073+0000] {subprocess.py:93} INFO - +----------+------------+------------------------------------------------------------------------------------------------------------------------------------------------------------+------------+------------------+
[2025-12-07T15:22:42.073+0000] {subprocess.py:93} INFO - 
[2025-12-07T15:22:42.074+0000] {subprocess.py:93} INFO - ============================================================
[2025-12-07T15:22:42.074+0000] {subprocess.py:93} INFO - 
[2025-12-07T15:22:42.075+0000] {subprocess.py:93} INFO - ✅ EXPORT COMPLETED SUCCESSFULLY
[2025-12-07T15:22:42.075+0000] {subprocess.py:93} INFO - 25/12/07 15:22:42 INFO SparkContext: SparkContext is stopping with exitCode 0.
[2025-12-07T15:22:42.082+0000] {subprocess.py:93} INFO - 25/12/07 15:22:42 INFO SparkUI: Stopped Spark web UI at http://3db08845f297:4040
[2025-12-07T15:22:42.098+0000] {subprocess.py:93} INFO - 25/12/07 15:22:42 INFO MapOutputTrackerMasterEndpoint: MapOutputTrackerMasterEndpoint stopped!
[2025-12-07T15:22:42.116+0000] {subprocess.py:93} INFO - 25/12/07 15:22:42 INFO MemoryStore: MemoryStore cleared
[2025-12-07T15:22:42.117+0000] {subprocess.py:93} INFO - 25/12/07 15:22:42 INFO BlockManager: BlockManager stopped
[2025-12-07T15:22:42.123+0000] {subprocess.py:93} INFO - 25/12/07 15:22:42 INFO BlockManagerMaster: BlockManagerMaster stopped
[2025-12-07T15:22:42.126+0000] {subprocess.py:93} INFO - 25/12/07 15:22:42 INFO OutputCommitCoordinator$OutputCommitCoordinatorEndpoint: OutputCommitCoordinator stopped!
[2025-12-07T15:22:42.135+0000] {subprocess.py:93} INFO - 25/12/07 15:22:42 INFO SparkContext: Successfully stopped SparkContext
[2025-12-07T15:22:41.108+0000] {subprocess.py:93} INFO - 25/12/07 15:22:41 INFO ShutdownHookManager: Shutdown hook called
[2025-12-07T15:22:41.109+0000] {subprocess.py:93} INFO - 25/12/07 15:22:41 INFO ShutdownHookManager: Deleting directory /tmp/spark-cd072168-e45f-49e9-92b0-3451d748c90e
[2025-12-07T15:22:41.116+0000] {subprocess.py:93} INFO - 25/12/07 15:22:41 INFO ShutdownHookManager: Deleting directory /tmp/spark-cd072168-e45f-49e9-92b0-3451d748c90e/pyspark-f82ab3c2-62c9-41d8-afaf-fbf3f957132f
[2025-12-07T15:22:41.125+0000] {subprocess.py:93} INFO - 25/12/07 15:22:41 INFO ShutdownHookManager: Deleting directory /tmp/spark-4a48622d-9c5c-496b-8ba1-fcc98a3d1cba
[2025-12-07T15:22:41.135+0000] {subprocess.py:93} INFO - 25/12/07 15:22:41 INFO MetricsSystemImpl: Stopping s3a-file-system metrics system...
[2025-12-07T15:22:41.137+0000] {subprocess.py:93} INFO - 25/12/07 15:22:41 INFO MetricsSystemImpl: s3a-file-system metrics system stopped.
[2025-12-07T15:22:41.140+0000] {subprocess.py:93} INFO - 25/12/07 15:22:41 INFO MetricsSystemImpl: s3a-file-system metrics system shutdown complete.
[2025-12-07T15:22:41.228+0000] {subprocess.py:97} INFO - Command exited with return code 0
[2025-12-07T15:22:41.261+0000] {taskinstance.py:1138} INFO - Marking task as SUCCESS. dag_id=email_intelligence_pipeline, task_id=export_to_postgres, execution_date=20251207T152106, start_date=20251207T152225, end_date=20251207T152241
[2025-12-07T15:22:41.309+0000] {local_task_job_runner.py:234} INFO - Task exited with return code 0
[2025-12-07T15:22:41.333+0000] {taskinstance.py:3280} INFO - 0 downstream tasks scheduled from follow-on schedule check
