[2025-12-05T08:21:40.272+0000] {taskinstance.py:1956} INFO - Dependencies all met for dep_context=non-requeueable deps ti=<TaskInstance: email_pipeline_dag.kafka_producer manual__2025-12-05T08:21:38.784705+00:00 [queued]>
[2025-12-05T08:21:40.287+0000] {taskinstance.py:1956} INFO - Dependencies all met for dep_context=requeueable deps ti=<TaskInstance: email_pipeline_dag.kafka_producer manual__2025-12-05T08:21:38.784705+00:00 [queued]>
[2025-12-05T08:21:40.288+0000] {taskinstance.py:2170} INFO - Starting attempt 1 of 1
[2025-12-05T08:21:40.317+0000] {taskinstance.py:2191} INFO - Executing <Task(BashOperator): kafka_producer> on 2025-12-05 08:21:38.784705+00:00
[2025-12-05T08:21:40.326+0000] {standard_task_runner.py:60} INFO - Started process 183 to run task
[2025-12-05T08:21:40.333+0000] {standard_task_runner.py:87} INFO - Running: ['***', 'tasks', 'run', 'email_pipeline_dag', 'kafka_producer', 'manual__2025-12-05T08:21:38.784705+00:00', '--job-id', '2', '--raw', '--subdir', 'DAGS_FOLDER/email_pipeline_dag.py', '--cfg-path', '/tmp/tmplxzjg3lm']
[2025-12-05T08:21:40.341+0000] {standard_task_runner.py:88} INFO - Job 2: Subtask kafka_producer
[2025-12-05T08:21:40.549+0000] {task_command.py:423} INFO - Running <TaskInstance: email_pipeline_dag.kafka_producer manual__2025-12-05T08:21:38.784705+00:00 [running]> on host 2f37ffd1c359
[2025-12-05T08:21:40.762+0000] {taskinstance.py:2480} INFO - Exporting env vars: AIRFLOW_CTX_DAG_OWNER='***' AIRFLOW_CTX_DAG_ID='email_pipeline_dag' AIRFLOW_CTX_TASK_ID='kafka_producer' AIRFLOW_CTX_EXECUTION_DATE='2025-12-05T08:21:38.784705+00:00' AIRFLOW_CTX_TRY_NUMBER='1' AIRFLOW_CTX_DAG_RUN_ID='manual__2025-12-05T08:21:38.784705+00:00'
[2025-12-05T08:21:40.768+0000] {subprocess.py:63} INFO - Tmp dir root location: /tmp
[2025-12-05T08:21:40.770+0000] {subprocess.py:75} INFO - Running command: ['/usr/bin/bash', '-c', 'python /opt/***/kafka/Producer/email_producer.py']
[2025-12-05T08:21:40.797+0000] {subprocess.py:86} INFO - Output:
[2025-12-05T08:21:41.858+0000] {subprocess.py:93} INFO - Traceback (most recent call last):
[2025-12-05T08:21:41.859+0000] {subprocess.py:93} INFO -   File "/opt/***/kafka/Producer/email_producer.py", line 17, in <module>
[2025-12-05T08:21:41.860+0000] {subprocess.py:93} INFO -     from kafka import KafkaProducer, KafkaConsumer
[2025-12-05T08:21:41.861+0000] {subprocess.py:93} INFO - ModuleNotFoundError: No module named 'kafka'
[2025-12-05T08:21:41.932+0000] {subprocess.py:97} INFO - Command exited with return code 1
[2025-12-05T08:21:41.950+0000] {taskinstance.py:2698} ERROR - Task failed with exception
Traceback (most recent call last):
  File "/home/airflow/.local/lib/python3.8/site-packages/airflow/models/taskinstance.py", line 428, in _execute_task
    result = execute_callable(context=context, **execute_callable_kwargs)
  File "/home/airflow/.local/lib/python3.8/site-packages/airflow/operators/bash.py", line 212, in execute
    raise AirflowException(
airflow.exceptions.AirflowException: Bash command failed. The command returned a non-zero exit code 1.
[2025-12-05T08:21:41.955+0000] {taskinstance.py:1138} INFO - Marking task as FAILED. dag_id=email_pipeline_dag, task_id=kafka_producer, execution_date=20251205T082138, start_date=20251205T082140, end_date=20251205T082141
[2025-12-05T08:21:41.979+0000] {standard_task_runner.py:107} ERROR - Failed to execute job 2 for task kafka_producer (Bash command failed. The command returned a non-zero exit code 1.; 183)
[2025-12-05T08:21:42.010+0000] {local_task_job_runner.py:234} INFO - Task exited with return code 1
[2025-12-05T08:21:42.042+0000] {taskinstance.py:3280} INFO - 1 downstream tasks scheduled from follow-on schedule check
