[2025-12-04T14:38:16.599+0000] {taskinstance.py:1956} INFO - Dependencies all met for dep_context=non-requeueable deps ti=<TaskInstance: email_pipeline_dag.kafka_producer manual__2025-12-04T14:38:15.074225+00:00 [queued]>
[2025-12-04T14:38:16.606+0000] {taskinstance.py:1956} INFO - Dependencies all met for dep_context=requeueable deps ti=<TaskInstance: email_pipeline_dag.kafka_producer manual__2025-12-04T14:38:15.074225+00:00 [queued]>
[2025-12-04T14:38:16.607+0000] {taskinstance.py:2170} INFO - Starting attempt 1 of 2
[2025-12-04T14:38:16.621+0000] {taskinstance.py:2191} INFO - Executing <Task(BashOperator): kafka_producer> on 2025-12-04 14:38:15.074225+00:00
[2025-12-04T14:38:16.629+0000] {standard_task_runner.py:60} INFO - Started process 244 to run task
[2025-12-04T14:38:16.634+0000] {standard_task_runner.py:87} INFO - Running: ['***', 'tasks', 'run', 'email_pipeline_dag', 'kafka_producer', 'manual__2025-12-04T14:38:15.074225+00:00', '--job-id', '9', '--raw', '--subdir', 'DAGS_FOLDER/email_pipeline_dag.py', '--cfg-path', '/tmp/tmpviw1xpqf']
[2025-12-04T14:38:16.636+0000] {standard_task_runner.py:88} INFO - Job 9: Subtask kafka_producer
[2025-12-04T14:38:16.713+0000] {task_command.py:423} INFO - Running <TaskInstance: email_pipeline_dag.kafka_producer manual__2025-12-04T14:38:15.074225+00:00 [running]> on host 6e7292567bd4
[2025-12-04T14:38:16.795+0000] {taskinstance.py:2480} INFO - Exporting env vars: AIRFLOW_CTX_DAG_OWNER='***' AIRFLOW_CTX_DAG_ID='email_pipeline_dag' AIRFLOW_CTX_TASK_ID='kafka_producer' AIRFLOW_CTX_EXECUTION_DATE='2025-12-04T14:38:15.074225+00:00' AIRFLOW_CTX_TRY_NUMBER='1' AIRFLOW_CTX_DAG_RUN_ID='manual__2025-12-04T14:38:15.074225+00:00'
[2025-12-04T14:38:16.797+0000] {subprocess.py:63} INFO - Tmp dir root location: /tmp
[2025-12-04T14:38:16.798+0000] {subprocess.py:75} INFO - Running command: ['/usr/bin/bash', '-c', 'python /opt/***/kafka/Producer/email_producer.py']
[2025-12-04T14:38:16.807+0000] {subprocess.py:86} INFO - Output:
[2025-12-04T14:38:17.316+0000] {subprocess.py:93} INFO - Traceback (most recent call last):
[2025-12-04T14:38:17.317+0000] {subprocess.py:93} INFO -   File "/opt/***/kafka/Producer/email_producer.py", line 17, in <module>
[2025-12-04T14:38:17.318+0000] {subprocess.py:93} INFO -     from kafka import KafkaProducer, KafkaConsumer
[2025-12-04T14:38:17.319+0000] {subprocess.py:93} INFO - ModuleNotFoundError: No module named 'kafka'
[2025-12-04T14:38:17.343+0000] {subprocess.py:97} INFO - Command exited with return code 1
[2025-12-04T14:38:17.354+0000] {taskinstance.py:2698} ERROR - Task failed with exception
Traceback (most recent call last):
  File "/home/airflow/.local/lib/python3.8/site-packages/airflow/models/taskinstance.py", line 433, in _execute_task
    result = execute_callable(context=context, **execute_callable_kwargs)
  File "/home/airflow/.local/lib/python3.8/site-packages/airflow/operators/bash.py", line 212, in execute
    raise AirflowException(
airflow.exceptions.AirflowException: Bash command failed. The command returned a non-zero exit code 1.
[2025-12-04T14:38:17.357+0000] {taskinstance.py:1138} INFO - Marking task as UP_FOR_RETRY. dag_id=email_pipeline_dag, task_id=kafka_producer, execution_date=20251204T143815, start_date=20251204T143816, end_date=20251204T143817
[2025-12-04T14:38:17.369+0000] {standard_task_runner.py:107} ERROR - Failed to execute job 9 for task kafka_producer (Bash command failed. The command returned a non-zero exit code 1.; 244)
[2025-12-04T14:38:17.408+0000] {local_task_job_runner.py:234} INFO - Task exited with return code 1
[2025-12-04T14:38:17.441+0000] {taskinstance.py:3280} INFO - 0 downstream tasks scheduled from follow-on schedule check
