[2025-12-10T15:12:12.765+0000] {taskinstance.py:1956} INFO - Dependencies all met for dep_context=non-requeueable deps ti=<TaskInstance: email_intelligence_pipeline.gmail_extraction manual__2025-12-10T15:12:11.008523+00:00 [queued]>
[2025-12-10T15:12:12.777+0000] {taskinstance.py:1956} INFO - Dependencies all met for dep_context=requeueable deps ti=<TaskInstance: email_intelligence_pipeline.gmail_extraction manual__2025-12-10T15:12:11.008523+00:00 [queued]>
[2025-12-10T15:12:12.778+0000] {taskinstance.py:2170} INFO - Starting attempt 1 of 1
[2025-12-10T15:12:12.800+0000] {taskinstance.py:2191} INFO - Executing <Task(BashOperator): gmail_extraction> on 2025-12-10 15:12:11.008523+00:00
[2025-12-10T15:12:12.813+0000] {standard_task_runner.py:60} INFO - Started process 1332 to run task
[2025-12-10T15:12:12.817+0000] {standard_task_runner.py:87} INFO - Running: ['***', 'tasks', 'run', 'email_intelligence_pipeline', 'gmail_extraction', 'manual__2025-12-10T15:12:11.008523+00:00', '--job-id', '50', '--raw', '--subdir', 'DAGS_FOLDER/email_pipeline_dag.py', '--cfg-path', '/tmp/tmphp_bdewc']
[2025-12-10T15:12:12.822+0000] {standard_task_runner.py:88} INFO - Job 50: Subtask gmail_extraction
[2025-12-10T15:12:12.945+0000] {task_command.py:423} INFO - Running <TaskInstance: email_intelligence_pipeline.gmail_extraction manual__2025-12-10T15:12:11.008523+00:00 [running]> on host 2be59bfabb7a
[2025-12-10T15:12:13.111+0000] {taskinstance.py:2480} INFO - Exporting env vars: AIRFLOW_CTX_DAG_OWNER='data_team' AIRFLOW_CTX_DAG_ID='email_intelligence_pipeline' AIRFLOW_CTX_TASK_ID='gmail_extraction' AIRFLOW_CTX_EXECUTION_DATE='2025-12-10T15:12:11.008523+00:00' AIRFLOW_CTX_TRY_NUMBER='1' AIRFLOW_CTX_DAG_RUN_ID='manual__2025-12-10T15:12:11.008523+00:00'
[2025-12-10T15:12:13.116+0000] {subprocess.py:63} INFO - Tmp dir root location: /tmp
[2025-12-10T15:12:13.119+0000] {subprocess.py:75} INFO - Running command: ['/usr/bin/bash', '-c', 'python /opt/***/kafka/Producer/email_producer.py']
[2025-12-10T15:12:13.142+0000] {subprocess.py:86} INFO - Output:
[2025-12-10T15:12:15.285+0000] {subprocess.py:93} INFO - 2025-12-10 15:12:15,284 - __main__ - INFO - 🚀 Starting Producer + Consumer...
[2025-12-10T15:12:15.285+0000] {subprocess.py:93} INFO - 2025-12-10 15:12:15,285 - __main__ - INFO - 🔐 Authenticating with Gmail API...
[2025-12-10T15:12:15.640+0000] {subprocess.py:93} INFO - 2025-12-10 15:12:15,640 - googleapiclient.discovery_cache - INFO - file_cache is only supported with oauth2client<4.0.0
[2025-12-10T15:12:15.643+0000] {subprocess.py:93} INFO - 2025-12-10 15:12:15,643 - __main__ - INFO - 📨 Connecting to Kafka...
[2025-12-10T15:12:15.644+0000] {subprocess.py:93} INFO - 2025-12-10 15:12:15,644 - kafka.conn - INFO - <BrokerConnection client_id=kafka-python-producer-1, node_id=bootstrap-0 host=kafka:29092 <connecting> [IPv4 ('172.19.0.6', 29092)]>: connecting to kafka:29092 [('172.19.0.6', 29092) IPv4]
[2025-12-10T15:12:16.079+0000] {subprocess.py:93} INFO - 2025-12-10 15:12:16,079 - kafka.conn - INFO - <BrokerConnection client_id=kafka-python-producer-1, node_id=bootstrap-0 host=kafka:29092 <checking_api_versions_recv> [IPv4 ('172.19.0.6', 29092)]>: Broker version identified as 2.6
[2025-12-10T15:12:16.080+0000] {subprocess.py:93} INFO - 2025-12-10 15:12:16,079 - kafka.conn - INFO - <BrokerConnection client_id=kafka-python-producer-1, node_id=bootstrap-0 host=kafka:29092 <connected> [IPv4 ('172.19.0.6', 29092)]>: Connection complete.
[2025-12-10T15:12:16.082+0000] {subprocess.py:93} INFO - 2025-12-10 15:12:16,081 - __main__ - INFO - 📧 Fetching recent emails...
[2025-12-10T15:12:16.523+0000] {subprocess.py:93} INFO - 2025-12-10 15:12:16,523 - __main__ - INFO - Found 10 emails in last 24 hours
[2025-12-10T15:12:19.229+0000] {subprocess.py:93} INFO - 2025-12-10 15:12:19,229 - kafka.conn - INFO - <BrokerConnection client_id=kafka-python-producer-1, node_id=1 host=kafka:29092 <connecting> [IPv4 ('172.19.0.6', 29092)]>: connecting to kafka:29092 [('172.19.0.6', 29092) IPv4]
[2025-12-10T15:12:19.230+0000] {subprocess.py:93} INFO - 2025-12-10 15:12:19,230 - kafka.conn - INFO - <BrokerConnection client_id=kafka-python-producer-1, node_id=1 host=kafka:29092 <connected> [IPv4 ('172.19.0.6', 29092)]>: Connection complete.
[2025-12-10T15:12:19.231+0000] {subprocess.py:93} INFO - 2025-12-10 15:12:19,230 - kafka.conn - INFO - <BrokerConnection client_id=kafka-python-producer-1, node_id=bootstrap-0 host=kafka:29092 <connected> [IPv4 ('172.19.0.6', 29092)]>: Closing connection.
[2025-12-10T15:12:19.553+0000] {subprocess.py:93} INFO - 2025-12-10 15:12:19,553 - kafka.cluster - WARNING - Topic emails-topic is not available during auto-create initialization
[2025-12-10T15:12:19.667+0000] {subprocess.py:93} INFO - 2025-12-10 15:12:19,667 - kafka.cluster - WARNING - Topic emails-topic is not available during auto-create initialization
[2025-12-10T15:12:19.778+0000] {subprocess.py:93} INFO - 2025-12-10 15:12:19,778 - kafka.cluster - WARNING - Topic emails-topic is not available during auto-create initialization
[2025-12-10T15:12:19.884+0000] {subprocess.py:93} INFO - 2025-12-10 15:12:19,884 - kafka.cluster - WARNING - Topic emails-topic is not available during auto-create initialization
[2025-12-10T15:12:19.991+0000] {subprocess.py:93} INFO - 2025-12-10 15:12:19,991 - kafka.cluster - WARNING - Topic emails-topic is not available during auto-create initialization
[2025-12-10T15:12:20.185+0000] {subprocess.py:93} INFO - 2025-12-10 15:12:20,185 - __main__ - INFO - ✓ Email sent to Kafka - Offset: 0
[2025-12-10T15:12:20.191+0000] {subprocess.py:93} INFO - 2025-12-10 15:12:20,191 - __main__ - INFO - ✓ Email sent to Kafka - Offset: 1
[2025-12-10T15:12:20.199+0000] {subprocess.py:93} INFO - 2025-12-10 15:12:20,199 - __main__ - INFO - ✓ Email sent to Kafka - Offset: 2
[2025-12-10T15:12:20.203+0000] {subprocess.py:93} INFO - 2025-12-10 15:12:20,203 - __main__ - INFO - ✓ Email sent to Kafka - Offset: 3
[2025-12-10T15:12:20.213+0000] {subprocess.py:93} INFO - 2025-12-10 15:12:20,213 - __main__ - INFO - ✓ Email sent to Kafka - Offset: 4
[2025-12-10T15:12:20.219+0000] {subprocess.py:93} INFO - 2025-12-10 15:12:20,218 - __main__ - INFO - ✓ Email sent to Kafka - Offset: 5
[2025-12-10T15:12:20.224+0000] {subprocess.py:93} INFO - 2025-12-10 15:12:20,223 - __main__ - INFO - ✓ Email sent to Kafka - Offset: 6
[2025-12-10T15:12:20.229+0000] {subprocess.py:93} INFO - 2025-12-10 15:12:20,229 - __main__ - INFO - ✓ Email sent to Kafka - Offset: 7
[2025-12-10T15:12:20.234+0000] {subprocess.py:93} INFO - 2025-12-10 15:12:20,234 - __main__ - INFO - ✓ Email sent to Kafka - Offset: 8
[2025-12-10T15:12:20.237+0000] {subprocess.py:93} INFO - 2025-12-10 15:12:20,237 - __main__ - INFO - ✓ Email sent to Kafka - Offset: 9
[2025-12-10T15:12:20.237+0000] {subprocess.py:93} INFO - 2025-12-10 15:12:20,237 - __main__ - INFO - ✅ Successfully sent 10 emails to Kafka
[2025-12-10T15:12:20.238+0000] {subprocess.py:93} INFO - 2025-12-10 15:12:20,237 - kafka.producer.kafka - INFO - <KafkaProducer client_id=kafka-python-producer-1 transactional_id=None>: Closing the Kafka producer with 9223372036.0 secs timeout.
[2025-12-10T15:12:20.239+0000] {subprocess.py:93} INFO - 2025-12-10 15:12:20,237 - kafka.conn - INFO - <BrokerConnection client_id=kafka-python-producer-1, node_id=1 host=kafka:29092 <connected> [IPv4 ('172.19.0.6', 29092)]>: Closing connection.
[2025-12-10T15:12:20.295+0000] {subprocess.py:97} INFO - Command exited with return code 0
[2025-12-10T15:12:20.328+0000] {taskinstance.py:1138} INFO - Marking task as SUCCESS. dag_id=email_intelligence_pipeline, task_id=gmail_extraction, execution_date=20251210T151211, start_date=20251210T151212, end_date=20251210T151220
[2025-12-10T15:12:20.379+0000] {local_task_job_runner.py:234} INFO - Task exited with return code 0
[2025-12-10T15:12:20.417+0000] {taskinstance.py:3280} INFO - 1 downstream tasks scheduled from follow-on schedule check
