[2025-12-05T15:04:56.394+0000] {taskinstance.py:1956} INFO - Dependencies all met for dep_context=non-requeueable deps ti=<TaskInstance: email_pipeline_dag.kafka_producer manual__2025-12-05T15:04:55.325848+00:00 [queued]>
[2025-12-05T15:04:56.405+0000] {taskinstance.py:1956} INFO - Dependencies all met for dep_context=requeueable deps ti=<TaskInstance: email_pipeline_dag.kafka_producer manual__2025-12-05T15:04:55.325848+00:00 [queued]>
[2025-12-05T15:04:56.406+0000] {taskinstance.py:2170} INFO - Starting attempt 1 of 1
[2025-12-05T15:04:56.425+0000] {taskinstance.py:2191} INFO - Executing <Task(BashOperator): kafka_producer> on 2025-12-05 15:04:55.325848+00:00
[2025-12-05T15:04:56.431+0000] {standard_task_runner.py:60} INFO - Started process 479 to run task
[2025-12-05T15:04:56.436+0000] {standard_task_runner.py:87} INFO - Running: ['***', 'tasks', 'run', 'email_pipeline_dag', 'kafka_producer', 'manual__2025-12-05T15:04:55.325848+00:00', '--job-id', '11', '--raw', '--subdir', 'DAGS_FOLDER/email_pipeline_dag.py', '--cfg-path', '/tmp/tmpfg46wtdv']
[2025-12-05T15:04:56.440+0000] {standard_task_runner.py:88} INFO - Job 11: Subtask kafka_producer
[2025-12-05T15:04:56.540+0000] {task_command.py:423} INFO - Running <TaskInstance: email_pipeline_dag.kafka_producer manual__2025-12-05T15:04:55.325848+00:00 [running]> on host cff5fd011f9e
[2025-12-05T15:04:56.626+0000] {taskinstance.py:2480} INFO - Exporting env vars: AIRFLOW_CTX_DAG_OWNER='***' AIRFLOW_CTX_DAG_ID='email_pipeline_dag' AIRFLOW_CTX_TASK_ID='kafka_producer' AIRFLOW_CTX_EXECUTION_DATE='2025-12-05T15:04:55.325848+00:00' AIRFLOW_CTX_TRY_NUMBER='1' AIRFLOW_CTX_DAG_RUN_ID='manual__2025-12-05T15:04:55.325848+00:00'
[2025-12-05T15:04:56.628+0000] {subprocess.py:63} INFO - Tmp dir root location: /tmp
[2025-12-05T15:04:56.630+0000] {subprocess.py:75} INFO - Running command: ['/usr/bin/bash', '-c', 'python /opt/***/kafka/Producer/email_producer.py']
[2025-12-05T15:04:56.645+0000] {subprocess.py:86} INFO - Output:
[2025-12-05T15:04:57.431+0000] {subprocess.py:93} INFO - 2025-12-05 15:04:57,430 - __main__ - INFO - 🚀 Starting Producer + Consumer...
[2025-12-05T15:04:57.431+0000] {subprocess.py:93} INFO - 2025-12-05 15:04:57,430 - __main__ - INFO - 🔐 Authenticating with Gmail API...
[2025-12-05T15:04:57.463+0000] {subprocess.py:93} INFO - 2025-12-05 15:04:57,463 - googleapiclient.discovery_cache - INFO - file_cache is only supported with oauth2client<4.0.0
[2025-12-05T15:04:57.466+0000] {subprocess.py:93} INFO - 2025-12-05 15:04:57,464 - __main__ - INFO - 📨 Connecting to Kafka...
[2025-12-05T15:05:01.206+0000] {subprocess.py:93} INFO - 2025-12-05 15:05:01,205 - kafka.conn - WARNING - DNS lookup failed for kafka:9092, exception was [Errno -2] Name or service not known. Is your advertised.listeners (called advertised.host.name before Kafka 9) correct and resolvable?
[2025-12-05T15:05:01.208+0000] {subprocess.py:93} INFO - 2025-12-05 15:05:01,206 - kafka.conn - ERROR - <BrokerConnection client_id=kafka-python-producer-1, node_id=bootstrap-0 host=kafka:9092 <connecting> [unspecified None]>: DNS lookup failed for kafka:9092 (AddressFamily.AF_UNSPEC)
[2025-12-05T15:05:01.209+0000] {subprocess.py:93} INFO - 2025-12-05 15:05:01,206 - kafka.conn - ERROR - <BrokerConnection client_id=kafka-python-producer-1, node_id=bootstrap-0 host=kafka:9092 <connecting> [unspecified None]>: Closing connection. KafkaConnectionError: DNS failure
[2025-12-05T15:05:01.217+0000] {subprocess.py:93} INFO - 2025-12-05 15:05:01,208 - __main__ - ERROR - ❌ Error: NoBrokersAvailable
[2025-12-05T15:05:01.218+0000] {subprocess.py:93} INFO - Traceback (most recent call last):
[2025-12-05T15:05:01.219+0000] {subprocess.py:93} INFO -   File "/opt/***/kafka/Producer/email_producer.py", line 235, in main
[2025-12-05T15:05:01.220+0000] {subprocess.py:93} INFO -     producer = KafkaProducer(
[2025-12-05T15:05:01.221+0000] {subprocess.py:93} INFO -   File "/home/***/.local/lib/python3.8/site-packages/kafka/producer/kafka.py", line 485, in __init__
[2025-12-05T15:05:01.222+0000] {subprocess.py:93} INFO -     client = self.config['kafka_client'](
[2025-12-05T15:05:01.223+0000] {subprocess.py:93} INFO -   File "/home/***/.local/lib/python3.8/site-packages/kafka/client_async.py", line 262, in __init__
[2025-12-05T15:05:01.224+0000] {subprocess.py:93} INFO -     self.config['api_version'] = self.check_version()
[2025-12-05T15:05:01.225+0000] {subprocess.py:93} INFO -   File "/home/***/.local/lib/python3.8/site-packages/kafka/client_async.py", line 1076, in check_version
[2025-12-05T15:05:01.226+0000] {subprocess.py:93} INFO -     raise Errors.NoBrokersAvailable()
[2025-12-05T15:05:01.227+0000] {subprocess.py:93} INFO - kafka.errors.NoBrokersAvailable: NoBrokersAvailable
[2025-12-05T15:05:01.235+0000] {subprocess.py:93} INFO - Traceback (most recent call last):
[2025-12-05T15:05:01.236+0000] {subprocess.py:93} INFO -   File "/opt/***/kafka/Producer/email_producer.py", line 273, in <module>
[2025-12-05T15:05:01.236+0000] {subprocess.py:93} INFO -     main()
[2025-12-05T15:05:01.237+0000] {subprocess.py:93} INFO -   File "/opt/***/kafka/Producer/email_producer.py", line 235, in main
[2025-12-05T15:05:01.238+0000] {subprocess.py:93} INFO -     producer = KafkaProducer(
[2025-12-05T15:05:01.238+0000] {subprocess.py:93} INFO -   File "/home/***/.local/lib/python3.8/site-packages/kafka/producer/kafka.py", line 485, in __init__
[2025-12-05T15:05:01.239+0000] {subprocess.py:93} INFO -     client = self.config['kafka_client'](
[2025-12-05T15:05:01.240+0000] {subprocess.py:93} INFO -   File "/home/***/.local/lib/python3.8/site-packages/kafka/client_async.py", line 262, in __init__
[2025-12-05T15:05:01.241+0000] {subprocess.py:93} INFO -     self.config['api_version'] = self.check_version()
[2025-12-05T15:05:01.241+0000] {subprocess.py:93} INFO -   File "/home/***/.local/lib/python3.8/site-packages/kafka/client_async.py", line 1076, in check_version
[2025-12-05T15:05:01.242+0000] {subprocess.py:93} INFO -     raise Errors.NoBrokersAvailable()
[2025-12-05T15:05:01.243+0000] {subprocess.py:93} INFO - kafka.errors.NoBrokersAvailable: NoBrokersAvailable
[2025-12-05T15:05:01.296+0000] {subprocess.py:97} INFO - Command exited with return code 1
[2025-12-05T15:05:01.314+0000] {taskinstance.py:2698} ERROR - Task failed with exception
Traceback (most recent call last):
  File "/home/airflow/.local/lib/python3.8/site-packages/airflow/models/taskinstance.py", line 428, in _execute_task
    result = execute_callable(context=context, **execute_callable_kwargs)
  File "/home/airflow/.local/lib/python3.8/site-packages/airflow/operators/bash.py", line 212, in execute
    raise AirflowException(
airflow.exceptions.AirflowException: Bash command failed. The command returned a non-zero exit code 1.
[2025-12-05T15:05:01.321+0000] {taskinstance.py:1138} INFO - Marking task as FAILED. dag_id=email_pipeline_dag, task_id=kafka_producer, execution_date=20251205T150455, start_date=20251205T150456, end_date=20251205T150501
[2025-12-05T15:05:01.336+0000] {standard_task_runner.py:107} ERROR - Failed to execute job 11 for task kafka_producer (Bash command failed. The command returned a non-zero exit code 1.; 479)
[2025-12-05T15:05:01.381+0000] {local_task_job_runner.py:234} INFO - Task exited with return code 1
[2025-12-05T15:05:01.408+0000] {taskinstance.py:3280} INFO - 1 downstream tasks scheduled from follow-on schedule check
