[2025-12-04T15:18:31.397+0000] {taskinstance.py:1956} INFO - Dependencies all met for dep_context=non-requeueable deps ti=<TaskInstance: email_pipeline_dag.kafka_producer manual__2025-12-04T15:18:15+00:00 [queued]>
[2025-12-04T15:18:31.432+0000] {taskinstance.py:1956} INFO - Dependencies all met for dep_context=requeueable deps ti=<TaskInstance: email_pipeline_dag.kafka_producer manual__2025-12-04T15:18:15+00:00 [queued]>
[2025-12-04T15:18:31.434+0000] {taskinstance.py:2170} INFO - Starting attempt 1 of 2
[2025-12-04T15:18:31.652+0000] {taskinstance.py:2191} INFO - Executing <Task(BashOperator): kafka_producer> on 2025-12-04 15:18:15+00:00
[2025-12-04T15:18:31.663+0000] {standard_task_runner.py:60} INFO - Started process 619 to run task
[2025-12-04T15:18:31.672+0000] {standard_task_runner.py:87} INFO - Running: ['***', 'tasks', 'run', 'email_pipeline_dag', 'kafka_producer', 'manual__2025-12-04T15:18:15+00:00', '--job-id', '45', '--raw', '--subdir', 'DAGS_FOLDER/email_pipeline_dag.py', '--cfg-path', '/tmp/tmpaqvpp_a5']
[2025-12-04T15:18:31.681+0000] {standard_task_runner.py:88} INFO - Job 45: Subtask kafka_producer
[2025-12-04T15:18:31.943+0000] {task_command.py:423} INFO - Running <TaskInstance: email_pipeline_dag.kafka_producer manual__2025-12-04T15:18:15+00:00 [running]> on host 9661cc5961a1
[2025-12-04T15:18:32.119+0000] {taskinstance.py:2480} INFO - Exporting env vars: AIRFLOW_CTX_DAG_OWNER='***' AIRFLOW_CTX_DAG_ID='email_pipeline_dag' AIRFLOW_CTX_TASK_ID='kafka_producer' AIRFLOW_CTX_EXECUTION_DATE='2025-12-04T15:18:15+00:00' AIRFLOW_CTX_TRY_NUMBER='1' AIRFLOW_CTX_DAG_RUN_ID='manual__2025-12-04T15:18:15+00:00'
[2025-12-04T15:18:32.142+0000] {subprocess.py:63} INFO - Tmp dir root location: /tmp
[2025-12-04T15:18:32.145+0000] {subprocess.py:75} INFO - Running command: ['/usr/bin/bash', '-c', 'python /opt/***/kafka/Producer/email_producer.py']
[2025-12-04T15:18:32.170+0000] {subprocess.py:86} INFO - Output:
[2025-12-04T15:18:34.026+0000] {subprocess.py:93} INFO - 2025-12-04 15:18:34,025 - __main__ - INFO - 🚀 Starting Producer + Consumer...
[2025-12-04T15:18:34.029+0000] {subprocess.py:93} INFO - 2025-12-04 15:18:34,026 - __main__ - INFO - 🔐 Authenticating with Gmail API...
[2025-12-04T15:18:34.082+0000] {subprocess.py:93} INFO - 2025-12-04 15:18:34,082 - googleapiclient.discovery_cache - INFO - file_cache is only supported with oauth2client<4.0.0
[2025-12-04T15:18:34.095+0000] {subprocess.py:93} INFO - 2025-12-04 15:18:34,094 - __main__ - INFO - 📨 Connecting to Kafka...
[2025-12-04T15:18:35.972+0000] {subprocess.py:93} INFO - 2025-12-04 15:18:35,971 - kafka.conn - WARNING - DNS lookup failed for kafka:29092, exception was [Errno -2] Name or service not known. Is your advertised.listeners (called advertised.host.name before Kafka 9) correct and resolvable?
[2025-12-04T15:18:35.973+0000] {subprocess.py:93} INFO - 2025-12-04 15:18:35,971 - kafka.conn - ERROR - <BrokerConnection client_id=kafka-python-producer-1, node_id=bootstrap-0 host=kafka:29092 <connecting> [unspecified None]>: DNS lookup failed for kafka:29092 (AddressFamily.AF_UNSPEC)
[2025-12-04T15:18:35.976+0000] {subprocess.py:93} INFO - 2025-12-04 15:18:35,972 - kafka.conn - ERROR - <BrokerConnection client_id=kafka-python-producer-1, node_id=bootstrap-0 host=kafka:29092 <connecting> [unspecified None]>: Closing connection. KafkaConnectionError: DNS failure
[2025-12-04T15:18:39.706+0000] {subprocess.py:93} INFO - 2025-12-04 15:18:39,705 - kafka.conn - WARNING - DNS lookup failed for kafka:29092, exception was [Errno -2] Name or service not known. Is your advertised.listeners (called advertised.host.name before Kafka 9) correct and resolvable?
[2025-12-04T15:18:39.710+0000] {subprocess.py:93} INFO - 2025-12-04 15:18:39,706 - kafka.conn - ERROR - <BrokerConnection client_id=kafka-python-producer-1, node_id=bootstrap-0 host=kafka:29092 <connecting> [unspecified None]>: DNS lookup failed for kafka:29092 (AddressFamily.AF_UNSPEC)
[2025-12-04T15:18:39.714+0000] {subprocess.py:93} INFO - 2025-12-04 15:18:39,706 - kafka.conn - ERROR - <BrokerConnection client_id=kafka-python-producer-1, node_id=bootstrap-0 host=kafka:29092 <connecting> [unspecified None]>: Closing connection. KafkaConnectionError: DNS failure
[2025-12-04T15:18:39.742+0000] {subprocess.py:93} INFO - 2025-12-04 15:18:39,707 - __main__ - ERROR - ❌ Error: NoBrokersAvailable
[2025-12-04T15:18:39.751+0000] {subprocess.py:93} INFO - Traceback (most recent call last):
[2025-12-04T15:18:39.754+0000] {subprocess.py:93} INFO -   File "/opt/***/kafka/Producer/email_producer.py", line 235, in main
[2025-12-04T15:18:39.758+0000] {subprocess.py:93} INFO -     producer = KafkaProducer(
[2025-12-04T15:18:39.763+0000] {subprocess.py:93} INFO -   File "/home/***/.local/lib/python3.8/site-packages/kafka/producer/kafka.py", line 485, in __init__
[2025-12-04T15:18:39.767+0000] {subprocess.py:93} INFO -     client = self.config['kafka_client'](
[2025-12-04T15:18:39.768+0000] {subprocess.py:93} INFO -   File "/home/***/.local/lib/python3.8/site-packages/kafka/client_async.py", line 262, in __init__
[2025-12-04T15:18:39.769+0000] {subprocess.py:93} INFO -     self.config['api_version'] = self.check_version()
[2025-12-04T15:18:39.770+0000] {subprocess.py:93} INFO -   File "/home/***/.local/lib/python3.8/site-packages/kafka/client_async.py", line 1076, in check_version
[2025-12-04T15:18:39.771+0000] {subprocess.py:93} INFO -     raise Errors.NoBrokersAvailable()
[2025-12-04T15:18:39.772+0000] {subprocess.py:93} INFO - kafka.errors.NoBrokersAvailable: NoBrokersAvailable
[2025-12-04T15:18:39.775+0000] {subprocess.py:93} INFO - Traceback (most recent call last):
[2025-12-04T15:18:39.779+0000] {subprocess.py:93} INFO -   File "/opt/***/kafka/Producer/email_producer.py", line 269, in <module>
[2025-12-04T15:18:39.783+0000] {subprocess.py:93} INFO -     main()
[2025-12-04T15:18:39.787+0000] {subprocess.py:93} INFO -   File "/opt/***/kafka/Producer/email_producer.py", line 235, in main
[2025-12-04T15:18:39.791+0000] {subprocess.py:93} INFO -     producer = KafkaProducer(
[2025-12-04T15:18:39.796+0000] {subprocess.py:93} INFO -   File "/home/***/.local/lib/python3.8/site-packages/kafka/producer/kafka.py", line 485, in __init__
[2025-12-04T15:18:39.799+0000] {subprocess.py:93} INFO -     client = self.config['kafka_client'](
[2025-12-04T15:18:39.807+0000] {subprocess.py:93} INFO -   File "/home/***/.local/lib/python3.8/site-packages/kafka/client_async.py", line 262, in __init__
[2025-12-04T15:18:39.812+0000] {subprocess.py:93} INFO -     self.config['api_version'] = self.check_version()
[2025-12-04T15:18:39.815+0000] {subprocess.py:93} INFO -   File "/home/***/.local/lib/python3.8/site-packages/kafka/client_async.py", line 1076, in check_version
[2025-12-04T15:18:39.818+0000] {subprocess.py:93} INFO -     raise Errors.NoBrokersAvailable()
[2025-12-04T15:18:39.822+0000] {subprocess.py:93} INFO - kafka.errors.NoBrokersAvailable: NoBrokersAvailable
[2025-12-04T15:18:39.994+0000] {subprocess.py:97} INFO - Command exited with return code 1
[2025-12-04T15:18:40.052+0000] {taskinstance.py:2698} ERROR - Task failed with exception
Traceback (most recent call last):
  File "/home/airflow/.local/lib/python3.8/site-packages/airflow/models/taskinstance.py", line 433, in _execute_task
    result = execute_callable(context=context, **execute_callable_kwargs)
  File "/home/airflow/.local/lib/python3.8/site-packages/airflow/operators/bash.py", line 212, in execute
    raise AirflowException(
airflow.exceptions.AirflowException: Bash command failed. The command returned a non-zero exit code 1.
[2025-12-04T15:18:40.072+0000] {taskinstance.py:1138} INFO - Marking task as UP_FOR_RETRY. dag_id=email_pipeline_dag, task_id=kafka_producer, execution_date=20251204T151815, start_date=20251204T151831, end_date=20251204T151840
[2025-12-04T15:18:40.109+0000] {standard_task_runner.py:107} ERROR - Failed to execute job 45 for task kafka_producer (Bash command failed. The command returned a non-zero exit code 1.; 619)
[2025-12-04T15:18:40.200+0000] {local_task_job_runner.py:234} INFO - Task exited with return code 1
[2025-12-04T15:18:40.352+0000] {taskinstance.py:3280} INFO - 0 downstream tasks scheduled from follow-on schedule check
