[2025-12-08T08:12:24.701+0000] {taskinstance.py:1956} INFO - Dependencies all met for dep_context=non-requeueable deps ti=<TaskInstance: email_intelligence_pipeline.export_to_postgres manual__2025-12-07T15:53:46.547280+00:00 [queued]>
[2025-12-08T08:12:24.739+0000] {taskinstance.py:1956} INFO - Dependencies all met for dep_context=requeueable deps ti=<TaskInstance: email_intelligence_pipeline.export_to_postgres manual__2025-12-07T15:53:46.547280+00:00 [queued]>
[2025-12-08T08:12:24.741+0000] {taskinstance.py:2170} INFO - Starting attempt 1 of 1
[2025-12-08T08:12:24.802+0000] {taskinstance.py:2191} INFO - Executing <Task(BashOperator): export_to_postgres> on 2025-12-07 15:53:46.547280+00:00
[2025-12-08T08:12:24.816+0000] {standard_task_runner.py:60} INFO - Started process 995 to run task
[2025-12-08T08:12:24.822+0000] {standard_task_runner.py:87} INFO - Running: ['***', 'tasks', 'run', 'email_intelligence_pipeline', 'export_to_postgres', 'manual__2025-12-07T15:53:46.547280+00:00', '--job-id', '179', '--raw', '--subdir', 'DAGS_FOLDER/email_pipeline_dag.py', '--cfg-path', '/tmp/tmpvfwz7_o_']
[2025-12-08T08:12:24.829+0000] {standard_task_runner.py:88} INFO - Job 179: Subtask export_to_postgres
[2025-12-08T08:12:25.082+0000] {task_command.py:423} INFO - Running <TaskInstance: email_intelligence_pipeline.export_to_postgres manual__2025-12-07T15:53:46.547280+00:00 [running]> on host 3db08845f297
[2025-12-08T08:12:25.335+0000] {taskinstance.py:2480} INFO - Exporting env vars: AIRFLOW_CTX_DAG_OWNER='data_team' AIRFLOW_CTX_DAG_ID='email_intelligence_pipeline' AIRFLOW_CTX_TASK_ID='export_to_postgres' AIRFLOW_CTX_EXECUTION_DATE='2025-12-07T15:53:46.547280+00:00' AIRFLOW_CTX_TRY_NUMBER='1' AIRFLOW_CTX_DAG_RUN_ID='manual__2025-12-07T15:53:46.547280+00:00'
[2025-12-08T08:12:25.405+0000] {subprocess.py:63} INFO - Tmp dir root location: /tmp
[2025-12-08T08:12:25.415+0000] {subprocess.py:75} INFO - Running command: ['/usr/bin/bash', '-c', '/opt/spark/bin/spark-submit --master local[2] --packages org.apache.hadoop:hadoop-aws:3.3.4,org.postgresql:postgresql:42.7.1 --name GoldToPostgres /opt/spark/jobs/gold_to_postgres.py']
[2025-12-08T08:12:25.447+0000] {subprocess.py:86} INFO - Output:
[2025-12-08T08:12:25.471+0000] {subprocess.py:93} INFO - /opt/spark/bin/load-spark-env.sh: line 68: ps: command not found
[2025-12-08T08:12:29.664+0000] {subprocess.py:93} INFO - :: loading settings :: url = jar:file:/opt/spark/jars/ivy-2.5.1.jar!/org/apache/ivy/core/settings/ivysettings.xml
[2025-12-08T08:12:29.828+0000] {subprocess.py:93} INFO - Ivy Default Cache set to: /home/***/.ivy2/cache
[2025-12-08T08:12:29.831+0000] {subprocess.py:93} INFO - The jars for the packages stored in: /home/***/.ivy2/jars
[2025-12-08T08:12:29.837+0000] {subprocess.py:93} INFO - org.apache.hadoop#hadoop-aws added as a dependency
[2025-12-08T08:12:29.838+0000] {subprocess.py:93} INFO - org.postgresql#postgresql added as a dependency
[2025-12-08T08:12:29.840+0000] {subprocess.py:93} INFO - :: resolving dependencies :: org.apache.spark#spark-submit-parent-87f5e061-a66f-4e2c-9905-d8d2781c5fff;1.0
[2025-12-08T08:12:29.841+0000] {subprocess.py:93} INFO - 	confs: [default]
[2025-12-08T08:12:30.174+0000] {subprocess.py:93} INFO - 	found org.apache.hadoop#hadoop-aws;3.3.4 in central
[2025-12-08T08:12:30.229+0000] {subprocess.py:93} INFO - 	found com.amazonaws#aws-java-sdk-bundle;1.12.262 in central
[2025-12-08T08:12:30.295+0000] {subprocess.py:93} INFO - 	found org.wildfly.openssl#wildfly-openssl;1.0.7.Final in central
[2025-12-08T08:12:30.348+0000] {subprocess.py:93} INFO - 	found org.postgresql#postgresql;42.7.1 in central
[2025-12-08T08:12:30.387+0000] {subprocess.py:93} INFO - 	found org.checkerframework#checker-qual;3.41.0 in central
[2025-12-08T08:12:30.447+0000] {subprocess.py:93} INFO - :: resolution report :: resolve 577ms :: artifacts dl 30ms
[2025-12-08T08:12:30.450+0000] {subprocess.py:93} INFO - 	:: modules in use:
[2025-12-08T08:12:30.455+0000] {subprocess.py:93} INFO - 	com.amazonaws#aws-java-sdk-bundle;1.12.262 from central in [default]
[2025-12-08T08:12:30.457+0000] {subprocess.py:93} INFO - 	org.apache.hadoop#hadoop-aws;3.3.4 from central in [default]
[2025-12-08T08:12:30.460+0000] {subprocess.py:93} INFO - 	org.checkerframework#checker-qual;3.41.0 from central in [default]
[2025-12-08T08:12:30.468+0000] {subprocess.py:93} INFO - 	org.postgresql#postgresql;42.7.1 from central in [default]
[2025-12-08T08:12:30.470+0000] {subprocess.py:93} INFO - 	org.wildfly.openssl#wildfly-openssl;1.0.7.Final from central in [default]
[2025-12-08T08:12:30.472+0000] {subprocess.py:93} INFO - 	---------------------------------------------------------------------
[2025-12-08T08:12:30.474+0000] {subprocess.py:93} INFO - 	|                  |            modules            ||   artifacts   |
[2025-12-08T08:12:30.475+0000] {subprocess.py:93} INFO - 	|       conf       | number| search|dwnlded|evicted|| number|dwnlded|
[2025-12-08T08:12:30.477+0000] {subprocess.py:93} INFO - 	---------------------------------------------------------------------
[2025-12-08T08:12:30.478+0000] {subprocess.py:93} INFO - 	|      default     |   5   |   0   |   0   |   0   ||   5   |   0   |
[2025-12-08T08:12:30.479+0000] {subprocess.py:93} INFO - 	---------------------------------------------------------------------
[2025-12-08T08:12:30.480+0000] {subprocess.py:93} INFO - :: retrieving :: org.apache.spark#spark-submit-parent-87f5e061-a66f-4e2c-9905-d8d2781c5fff
[2025-12-08T08:12:30.481+0000] {subprocess.py:93} INFO - 	confs: [default]
[2025-12-08T08:12:30.492+0000] {subprocess.py:93} INFO - 	0 artifacts copied, 5 already retrieved (0kB/21ms)
[2025-12-08T08:12:30.987+0000] {subprocess.py:93} INFO - 25/12/08 08:12:30 WARN NativeCodeLoader: Unable to load native-hadoop library for your platform... using builtin-java classes where applicable
[2025-12-08T08:12:32.603+0000] {subprocess.py:93} INFO - 
[2025-12-08T08:12:32.605+0000] {subprocess.py:93} INFO - ============================================================
[2025-12-08T08:12:32.607+0000] {subprocess.py:93} INFO - 🚀 GOLD TO POSTGRESQL EXPORT JOB STARTED
[2025-12-08T08:12:32.609+0000] {subprocess.py:93} INFO -    Timestamp: 2025-12-08 08:12:32.602663
[2025-12-08T08:12:32.611+0000] {subprocess.py:93} INFO - ============================================================
[2025-12-08T08:12:32.940+0000] {subprocess.py:93} INFO - 25/12/08 08:12:32 INFO SparkContext: Running Spark version 3.5.0
[2025-12-08T08:12:32.942+0000] {subprocess.py:93} INFO - 25/12/08 08:12:32 INFO SparkContext: OS info Linux, 6.6.87.2-microsoft-standard-WSL2, amd64
[2025-12-08T08:12:32.948+0000] {subprocess.py:93} INFO - 25/12/08 08:12:32 INFO SparkContext: Java version 17.0.17
[2025-12-08T08:12:33.000+0000] {subprocess.py:93} INFO - 25/12/08 08:12:33 INFO ResourceUtils: ==============================================================
[2025-12-08T08:12:33.002+0000] {subprocess.py:93} INFO - 25/12/08 08:12:33 INFO ResourceUtils: No custom resources configured for spark.driver.
[2025-12-08T08:12:33.004+0000] {subprocess.py:93} INFO - 25/12/08 08:12:33 INFO ResourceUtils: ==============================================================
[2025-12-08T08:12:33.005+0000] {subprocess.py:93} INFO - 25/12/08 08:12:33 INFO SparkContext: Submitted application: GoldToPostgres
[2025-12-08T08:12:33.048+0000] {subprocess.py:93} INFO - 25/12/08 08:12:33 INFO ResourceProfile: Default ResourceProfile created, executor resources: Map(cores -> name: cores, amount: 1, script: , vendor: , memory -> name: memory, amount: 1024, script: , vendor: , offHeap -> name: offHeap, amount: 0, script: , vendor: ), task resources: Map(cpus -> name: cpus, amount: 1.0)
[2025-12-08T08:12:33.064+0000] {subprocess.py:93} INFO - 25/12/08 08:12:33 INFO ResourceProfile: Limiting resource is cpu
[2025-12-08T08:12:33.066+0000] {subprocess.py:93} INFO - 25/12/08 08:12:33 INFO ResourceProfileManager: Added ResourceProfile id: 0
[2025-12-08T08:12:33.219+0000] {subprocess.py:93} INFO - 25/12/08 08:12:33 INFO SecurityManager: Changing view acls to: ***
[2025-12-08T08:12:33.221+0000] {subprocess.py:93} INFO - 25/12/08 08:12:33 INFO SecurityManager: Changing modify acls to: ***
[2025-12-08T08:12:33.222+0000] {subprocess.py:93} INFO - 25/12/08 08:12:33 INFO SecurityManager: Changing view acls groups to:
[2025-12-08T08:12:33.223+0000] {subprocess.py:93} INFO - 25/12/08 08:12:33 INFO SecurityManager: Changing modify acls groups to:
[2025-12-08T08:12:33.224+0000] {subprocess.py:93} INFO - 25/12/08 08:12:33 INFO SecurityManager: SecurityManager: authentication disabled; ui acls disabled; users with view permissions: ***; groups with view permissions: EMPTY; users with modify permissions: ***; groups with modify permissions: EMPTY
[2025-12-08T08:12:33.860+0000] {subprocess.py:93} INFO - 25/12/08 08:12:33 INFO Utils: Successfully started service 'sparkDriver' on port 38395.
[2025-12-08T08:12:33.942+0000] {subprocess.py:93} INFO - 25/12/08 08:12:33 INFO SparkEnv: Registering MapOutputTracker
[2025-12-08T08:12:34.010+0000] {subprocess.py:93} INFO - 25/12/08 08:12:34 INFO SparkEnv: Registering BlockManagerMaster
[2025-12-08T08:12:34.050+0000] {subprocess.py:93} INFO - 25/12/08 08:12:34 INFO BlockManagerMasterEndpoint: Using org.apache.spark.storage.DefaultTopologyMapper for getting topology information
[2025-12-08T08:12:34.051+0000] {subprocess.py:93} INFO - 25/12/08 08:12:34 INFO BlockManagerMasterEndpoint: BlockManagerMasterEndpoint up
[2025-12-08T08:12:34.061+0000] {subprocess.py:93} INFO - 25/12/08 08:12:34 INFO SparkEnv: Registering BlockManagerMasterHeartbeat
[2025-12-08T08:12:34.110+0000] {subprocess.py:93} INFO - 25/12/08 08:12:34 INFO DiskBlockManager: Created local directory at /tmp/blockmgr-e43ae90d-f62a-4e23-bb7d-6a44ba8053af
[2025-12-08T08:12:34.132+0000] {subprocess.py:93} INFO - 25/12/08 08:12:34 INFO MemoryStore: MemoryStore started with capacity 434.4 MiB
[2025-12-08T08:12:34.175+0000] {subprocess.py:93} INFO - 25/12/08 08:12:34 INFO SparkEnv: Registering OutputCommitCoordinator
[2025-12-08T08:12:34.436+0000] {subprocess.py:93} INFO - 25/12/08 08:12:34 INFO JettyUtils: Start Jetty 0.0.0.0:4040 for SparkUI
[2025-12-08T08:12:34.559+0000] {subprocess.py:93} INFO - 25/12/08 08:12:34 INFO Utils: Successfully started service 'SparkUI' on port 4040.
[2025-12-08T08:12:34.656+0000] {subprocess.py:93} INFO - 25/12/08 08:12:34 INFO SparkContext: Added JAR file:///home/***/.ivy2/jars/org.apache.hadoop_hadoop-aws-3.3.4.jar at spark://3db08845f297:38395/jars/org.apache.hadoop_hadoop-aws-3.3.4.jar with timestamp 1765181552923
[2025-12-08T08:12:34.658+0000] {subprocess.py:93} INFO - 25/12/08 08:12:34 INFO SparkContext: Added JAR file:///home/***/.ivy2/jars/org.postgresql_postgresql-42.7.1.jar at spark://3db08845f297:38395/jars/org.postgresql_postgresql-42.7.1.jar with timestamp 1765181552923
[2025-12-08T08:12:34.659+0000] {subprocess.py:93} INFO - 25/12/08 08:12:34 INFO SparkContext: Added JAR file:///home/***/.ivy2/jars/com.amazonaws_aws-java-sdk-bundle-1.12.262.jar at spark://3db08845f297:38395/jars/com.amazonaws_aws-java-sdk-bundle-1.12.262.jar with timestamp 1765181552923
[2025-12-08T08:12:34.661+0000] {subprocess.py:93} INFO - 25/12/08 08:12:34 INFO SparkContext: Added JAR file:///home/***/.ivy2/jars/org.wildfly.openssl_wildfly-openssl-1.0.7.Final.jar at spark://3db08845f297:38395/jars/org.wildfly.openssl_wildfly-openssl-1.0.7.Final.jar with timestamp 1765181552923
[2025-12-08T08:12:34.662+0000] {subprocess.py:93} INFO - 25/12/08 08:12:34 INFO SparkContext: Added JAR file:///home/***/.ivy2/jars/org.checkerframework_checker-qual-3.41.0.jar at spark://3db08845f297:38395/jars/org.checkerframework_checker-qual-3.41.0.jar with timestamp 1765181552923
[2025-12-08T08:12:34.668+0000] {subprocess.py:93} INFO - 25/12/08 08:12:34 INFO SparkContext: Added file file:///home/***/.ivy2/jars/org.apache.hadoop_hadoop-aws-3.3.4.jar at file:///home/***/.ivy2/jars/org.apache.hadoop_hadoop-aws-3.3.4.jar with timestamp 1765181552923
[2025-12-08T08:12:34.673+0000] {subprocess.py:93} INFO - 25/12/08 08:12:34 INFO Utils: Copying /home/***/.ivy2/jars/org.apache.hadoop_hadoop-aws-3.3.4.jar to /tmp/spark-49e15dfc-a779-4cd2-962c-ccb52d461b3d/userFiles-3e9b8571-8ab4-490a-ab51-7105c0e5c80f/org.apache.hadoop_hadoop-aws-3.3.4.jar
[2025-12-08T08:12:34.698+0000] {subprocess.py:93} INFO - 25/12/08 08:12:34 INFO SparkContext: Added file file:///home/***/.ivy2/jars/org.postgresql_postgresql-42.7.1.jar at file:///home/***/.ivy2/jars/org.postgresql_postgresql-42.7.1.jar with timestamp 1765181552923
[2025-12-08T08:12:34.700+0000] {subprocess.py:93} INFO - 25/12/08 08:12:34 INFO Utils: Copying /home/***/.ivy2/jars/org.postgresql_postgresql-42.7.1.jar to /tmp/spark-49e15dfc-a779-4cd2-962c-ccb52d461b3d/userFiles-3e9b8571-8ab4-490a-ab51-7105c0e5c80f/org.postgresql_postgresql-42.7.1.jar
[2025-12-08T08:12:34.711+0000] {subprocess.py:93} INFO - 25/12/08 08:12:34 INFO SparkContext: Added file file:///home/***/.ivy2/jars/com.amazonaws_aws-java-sdk-bundle-1.12.262.jar at file:///home/***/.ivy2/jars/com.amazonaws_aws-java-sdk-bundle-1.12.262.jar with timestamp 1765181552923
[2025-12-08T08:12:34.713+0000] {subprocess.py:93} INFO - 25/12/08 08:12:34 INFO Utils: Copying /home/***/.ivy2/jars/com.amazonaws_aws-java-sdk-bundle-1.12.262.jar to /tmp/spark-49e15dfc-a779-4cd2-962c-ccb52d461b3d/userFiles-3e9b8571-8ab4-490a-ab51-7105c0e5c80f/com.amazonaws_aws-java-sdk-bundle-1.12.262.jar
[2025-12-08T08:12:35.886+0000] {subprocess.py:93} INFO - 25/12/08 08:12:35 INFO SparkContext: Added file file:///home/***/.ivy2/jars/org.wildfly.openssl_wildfly-openssl-1.0.7.Final.jar at file:///home/***/.ivy2/jars/org.wildfly.openssl_wildfly-openssl-1.0.7.Final.jar with timestamp 1765181552923
[2025-12-08T08:12:35.888+0000] {subprocess.py:93} INFO - 25/12/08 08:12:35 INFO Utils: Copying /home/***/.ivy2/jars/org.wildfly.openssl_wildfly-openssl-1.0.7.Final.jar to /tmp/spark-49e15dfc-a779-4cd2-962c-ccb52d461b3d/userFiles-3e9b8571-8ab4-490a-ab51-7105c0e5c80f/org.wildfly.openssl_wildfly-openssl-1.0.7.Final.jar
[2025-12-08T08:12:35.910+0000] {subprocess.py:93} INFO - 25/12/08 08:12:35 INFO SparkContext: Added file file:///home/***/.ivy2/jars/org.checkerframework_checker-qual-3.41.0.jar at file:///home/***/.ivy2/jars/org.checkerframework_checker-qual-3.41.0.jar with timestamp 1765181552923
[2025-12-08T08:12:35.912+0000] {subprocess.py:93} INFO - 25/12/08 08:12:35 INFO Utils: Copying /home/***/.ivy2/jars/org.checkerframework_checker-qual-3.41.0.jar to /tmp/spark-49e15dfc-a779-4cd2-962c-ccb52d461b3d/userFiles-3e9b8571-8ab4-490a-ab51-7105c0e5c80f/org.checkerframework_checker-qual-3.41.0.jar
[2025-12-08T08:12:36.031+0000] {subprocess.py:93} INFO - 25/12/08 08:12:36 INFO Executor: Starting executor ID driver on host 3db08845f297
[2025-12-08T08:12:36.033+0000] {subprocess.py:93} INFO - 25/12/08 08:12:36 INFO Executor: OS info Linux, 6.6.87.2-microsoft-standard-WSL2, amd64
[2025-12-08T08:12:36.034+0000] {subprocess.py:93} INFO - 25/12/08 08:12:36 INFO Executor: Java version 17.0.17
[2025-12-08T08:12:36.044+0000] {subprocess.py:93} INFO - 25/12/08 08:12:36 INFO Executor: Starting executor with user classpath (userClassPathFirst = false): ''
[2025-12-08T08:12:36.045+0000] {subprocess.py:93} INFO - 25/12/08 08:12:36 INFO Executor: Created or updated repl class loader org.apache.spark.util.MutableURLClassLoader@104a047f for default.
[2025-12-08T08:12:36.061+0000] {subprocess.py:93} INFO - 25/12/08 08:12:36 INFO Executor: Fetching file:///home/***/.ivy2/jars/org.apache.hadoop_hadoop-aws-3.3.4.jar with timestamp 1765181552923
[2025-12-08T08:12:36.108+0000] {subprocess.py:93} INFO - 25/12/08 08:12:36 INFO Utils: /home/***/.ivy2/jars/org.apache.hadoop_hadoop-aws-3.3.4.jar has been previously copied to /tmp/spark-49e15dfc-a779-4cd2-962c-ccb52d461b3d/userFiles-3e9b8571-8ab4-490a-ab51-7105c0e5c80f/org.apache.hadoop_hadoop-aws-3.3.4.jar
[2025-12-08T08:12:36.116+0000] {subprocess.py:93} INFO - 25/12/08 08:12:36 INFO Executor: Fetching file:///home/***/.ivy2/jars/org.checkerframework_checker-qual-3.41.0.jar with timestamp 1765181552923
[2025-12-08T08:12:36.117+0000] {subprocess.py:93} INFO - 25/12/08 08:12:36 INFO Utils: /home/***/.ivy2/jars/org.checkerframework_checker-qual-3.41.0.jar has been previously copied to /tmp/spark-49e15dfc-a779-4cd2-962c-ccb52d461b3d/userFiles-3e9b8571-8ab4-490a-ab51-7105c0e5c80f/org.checkerframework_checker-qual-3.41.0.jar
[2025-12-08T08:12:36.124+0000] {subprocess.py:93} INFO - 25/12/08 08:12:36 INFO Executor: Fetching file:///home/***/.ivy2/jars/org.wildfly.openssl_wildfly-openssl-1.0.7.Final.jar with timestamp 1765181552923
[2025-12-08T08:12:36.126+0000] {subprocess.py:93} INFO - 25/12/08 08:12:36 INFO Utils: /home/***/.ivy2/jars/org.wildfly.openssl_wildfly-openssl-1.0.7.Final.jar has been previously copied to /tmp/spark-49e15dfc-a779-4cd2-962c-ccb52d461b3d/userFiles-3e9b8571-8ab4-490a-ab51-7105c0e5c80f/org.wildfly.openssl_wildfly-openssl-1.0.7.Final.jar
[2025-12-08T08:12:36.135+0000] {subprocess.py:93} INFO - 25/12/08 08:12:36 INFO Executor: Fetching file:///home/***/.ivy2/jars/org.postgresql_postgresql-42.7.1.jar with timestamp 1765181552923
[2025-12-08T08:12:36.147+0000] {subprocess.py:93} INFO - 25/12/08 08:12:36 INFO Utils: /home/***/.ivy2/jars/org.postgresql_postgresql-42.7.1.jar has been previously copied to /tmp/spark-49e15dfc-a779-4cd2-962c-ccb52d461b3d/userFiles-3e9b8571-8ab4-490a-ab51-7105c0e5c80f/org.postgresql_postgresql-42.7.1.jar
[2025-12-08T08:12:36.156+0000] {subprocess.py:93} INFO - 25/12/08 08:12:36 INFO Executor: Fetching file:///home/***/.ivy2/jars/com.amazonaws_aws-java-sdk-bundle-1.12.262.jar with timestamp 1765181552923
[2025-12-08T08:12:38.728+0000] {subprocess.py:93} INFO - 25/12/08 08:12:38 INFO Utils: /home/***/.ivy2/jars/com.amazonaws_aws-java-sdk-bundle-1.12.262.jar has been previously copied to /tmp/spark-49e15dfc-a779-4cd2-962c-ccb52d461b3d/userFiles-3e9b8571-8ab4-490a-ab51-7105c0e5c80f/com.amazonaws_aws-java-sdk-bundle-1.12.262.jar
[2025-12-08T08:12:38.743+0000] {subprocess.py:93} INFO - 25/12/08 08:12:38 INFO Executor: Fetching spark://3db08845f297:38395/jars/org.checkerframework_checker-qual-3.41.0.jar with timestamp 1765181552923
[2025-12-08T08:12:39.205+0000] {subprocess.py:93} INFO - 25/12/08 08:12:39 INFO TransportClientFactory: Successfully created connection to 3db08845f297/172.20.0.9:38395 after 120 ms (0 ms spent in bootstraps)
[2025-12-08T08:12:39.234+0000] {subprocess.py:93} INFO - 25/12/08 08:12:39 INFO Utils: Fetching spark://3db08845f297:38395/jars/org.checkerframework_checker-qual-3.41.0.jar to /tmp/spark-49e15dfc-a779-4cd2-962c-ccb52d461b3d/userFiles-3e9b8571-8ab4-490a-ab51-7105c0e5c80f/fetchFileTemp10112996595835314549.tmp
[2025-12-08T08:12:39.331+0000] {subprocess.py:93} INFO - 25/12/08 08:12:39 INFO Utils: /tmp/spark-49e15dfc-a779-4cd2-962c-ccb52d461b3d/userFiles-3e9b8571-8ab4-490a-ab51-7105c0e5c80f/fetchFileTemp10112996595835314549.tmp has been previously copied to /tmp/spark-49e15dfc-a779-4cd2-962c-ccb52d461b3d/userFiles-3e9b8571-8ab4-490a-ab51-7105c0e5c80f/org.checkerframework_checker-qual-3.41.0.jar
[2025-12-08T08:12:39.348+0000] {subprocess.py:93} INFO - 25/12/08 08:12:39 INFO Executor: Adding file:/tmp/spark-49e15dfc-a779-4cd2-962c-ccb52d461b3d/userFiles-3e9b8571-8ab4-490a-ab51-7105c0e5c80f/org.checkerframework_checker-qual-3.41.0.jar to class loader default
[2025-12-08T08:12:39.350+0000] {subprocess.py:93} INFO - 25/12/08 08:12:39 INFO Executor: Fetching spark://3db08845f297:38395/jars/com.amazonaws_aws-java-sdk-bundle-1.12.262.jar with timestamp 1765181552923
[2025-12-08T08:12:39.357+0000] {subprocess.py:93} INFO - 25/12/08 08:12:39 INFO Utils: Fetching spark://3db08845f297:38395/jars/com.amazonaws_aws-java-sdk-bundle-1.12.262.jar to /tmp/spark-49e15dfc-a779-4cd2-962c-ccb52d461b3d/userFiles-3e9b8571-8ab4-490a-ab51-7105c0e5c80f/fetchFileTemp15814587919140074603.tmp
[2025-12-08T08:12:41.794+0000] {subprocess.py:93} INFO - 25/12/08 08:12:41 INFO Utils: /tmp/spark-49e15dfc-a779-4cd2-962c-ccb52d461b3d/userFiles-3e9b8571-8ab4-490a-ab51-7105c0e5c80f/fetchFileTemp15814587919140074603.tmp has been previously copied to /tmp/spark-49e15dfc-a779-4cd2-962c-ccb52d461b3d/userFiles-3e9b8571-8ab4-490a-ab51-7105c0e5c80f/com.amazonaws_aws-java-sdk-bundle-1.12.262.jar
[2025-12-08T08:12:41.851+0000] {subprocess.py:93} INFO - 25/12/08 08:12:41 INFO Executor: Adding file:/tmp/spark-49e15dfc-a779-4cd2-962c-ccb52d461b3d/userFiles-3e9b8571-8ab4-490a-ab51-7105c0e5c80f/com.amazonaws_aws-java-sdk-bundle-1.12.262.jar to class loader default
[2025-12-08T08:12:41.853+0000] {subprocess.py:93} INFO - 25/12/08 08:12:41 INFO Executor: Fetching spark://3db08845f297:38395/jars/org.wildfly.openssl_wildfly-openssl-1.0.7.Final.jar with timestamp 1765181552923
[2025-12-08T08:12:41.854+0000] {subprocess.py:93} INFO - 25/12/08 08:12:41 INFO Utils: Fetching spark://3db08845f297:38395/jars/org.wildfly.openssl_wildfly-openssl-1.0.7.Final.jar to /tmp/spark-49e15dfc-a779-4cd2-962c-ccb52d461b3d/userFiles-3e9b8571-8ab4-490a-ab51-7105c0e5c80f/fetchFileTemp894236526114087782.tmp
[2025-12-08T08:12:41.861+0000] {subprocess.py:93} INFO - 25/12/08 08:12:41 INFO Utils: /tmp/spark-49e15dfc-a779-4cd2-962c-ccb52d461b3d/userFiles-3e9b8571-8ab4-490a-ab51-7105c0e5c80f/fetchFileTemp894236526114087782.tmp has been previously copied to /tmp/spark-49e15dfc-a779-4cd2-962c-ccb52d461b3d/userFiles-3e9b8571-8ab4-490a-ab51-7105c0e5c80f/org.wildfly.openssl_wildfly-openssl-1.0.7.Final.jar
[2025-12-08T08:12:41.868+0000] {subprocess.py:93} INFO - 25/12/08 08:12:41 INFO Executor: Adding file:/tmp/spark-49e15dfc-a779-4cd2-962c-ccb52d461b3d/userFiles-3e9b8571-8ab4-490a-ab51-7105c0e5c80f/org.wildfly.openssl_wildfly-openssl-1.0.7.Final.jar to class loader default
[2025-12-08T08:12:41.869+0000] {subprocess.py:93} INFO - 25/12/08 08:12:41 INFO Executor: Fetching spark://3db08845f297:38395/jars/org.apache.hadoop_hadoop-aws-3.3.4.jar with timestamp 1765181552923
[2025-12-08T08:12:41.871+0000] {subprocess.py:93} INFO - 25/12/08 08:12:41 INFO Utils: Fetching spark://3db08845f297:38395/jars/org.apache.hadoop_hadoop-aws-3.3.4.jar to /tmp/spark-49e15dfc-a779-4cd2-962c-ccb52d461b3d/userFiles-3e9b8571-8ab4-490a-ab51-7105c0e5c80f/fetchFileTemp15603985298668677247.tmp
[2025-12-08T08:12:41.898+0000] {subprocess.py:93} INFO - 25/12/08 08:12:41 INFO Utils: /tmp/spark-49e15dfc-a779-4cd2-962c-ccb52d461b3d/userFiles-3e9b8571-8ab4-490a-ab51-7105c0e5c80f/fetchFileTemp15603985298668677247.tmp has been previously copied to /tmp/spark-49e15dfc-a779-4cd2-962c-ccb52d461b3d/userFiles-3e9b8571-8ab4-490a-ab51-7105c0e5c80f/org.apache.hadoop_hadoop-aws-3.3.4.jar
[2025-12-08T08:12:41.908+0000] {subprocess.py:93} INFO - 25/12/08 08:12:41 INFO Executor: Adding file:/tmp/spark-49e15dfc-a779-4cd2-962c-ccb52d461b3d/userFiles-3e9b8571-8ab4-490a-ab51-7105c0e5c80f/org.apache.hadoop_hadoop-aws-3.3.4.jar to class loader default
[2025-12-08T08:12:41.912+0000] {subprocess.py:93} INFO - 25/12/08 08:12:41 INFO Executor: Fetching spark://3db08845f297:38395/jars/org.postgresql_postgresql-42.7.1.jar with timestamp 1765181552923
[2025-12-08T08:12:41.913+0000] {subprocess.py:93} INFO - 25/12/08 08:12:41 INFO Utils: Fetching spark://3db08845f297:38395/jars/org.postgresql_postgresql-42.7.1.jar to /tmp/spark-49e15dfc-a779-4cd2-962c-ccb52d461b3d/userFiles-3e9b8571-8ab4-490a-ab51-7105c0e5c80f/fetchFileTemp7585515682600839770.tmp
[2025-12-08T08:12:41.926+0000] {subprocess.py:93} INFO - 25/12/08 08:12:41 INFO Utils: /tmp/spark-49e15dfc-a779-4cd2-962c-ccb52d461b3d/userFiles-3e9b8571-8ab4-490a-ab51-7105c0e5c80f/fetchFileTemp7585515682600839770.tmp has been previously copied to /tmp/spark-49e15dfc-a779-4cd2-962c-ccb52d461b3d/userFiles-3e9b8571-8ab4-490a-ab51-7105c0e5c80f/org.postgresql_postgresql-42.7.1.jar
[2025-12-08T08:12:41.941+0000] {subprocess.py:93} INFO - 25/12/08 08:12:41 INFO Executor: Adding file:/tmp/spark-49e15dfc-a779-4cd2-962c-ccb52d461b3d/userFiles-3e9b8571-8ab4-490a-ab51-7105c0e5c80f/org.postgresql_postgresql-42.7.1.jar to class loader default
[2025-12-08T08:12:41.978+0000] {subprocess.py:93} INFO - 25/12/08 08:12:41 INFO Utils: Successfully started service 'org.apache.spark.network.netty.NettyBlockTransferService' on port 45355.
[2025-12-08T08:12:41.981+0000] {subprocess.py:93} INFO - 25/12/08 08:12:41 INFO NettyBlockTransferService: Server created on 3db08845f297:45355
[2025-12-08T08:12:41.988+0000] {subprocess.py:93} INFO - 25/12/08 08:12:41 INFO BlockManager: Using org.apache.spark.storage.RandomBlockReplicationPolicy for block replication policy
[2025-12-08T08:12:42.024+0000] {subprocess.py:93} INFO - 25/12/08 08:12:42 INFO BlockManagerMaster: Registering BlockManager BlockManagerId(driver, 3db08845f297, 45355, None)
[2025-12-08T08:12:42.038+0000] {subprocess.py:93} INFO - 25/12/08 08:12:42 INFO BlockManagerMasterEndpoint: Registering block manager 3db08845f297:45355 with 434.4 MiB RAM, BlockManagerId(driver, 3db08845f297, 45355, None)
[2025-12-08T08:12:42.049+0000] {subprocess.py:93} INFO - 25/12/08 08:12:42 INFO BlockManagerMaster: Registered BlockManager BlockManagerId(driver, 3db08845f297, 45355, None)
[2025-12-08T08:12:42.057+0000] {subprocess.py:93} INFO - 25/12/08 08:12:42 INFO BlockManager: Initialized BlockManager: BlockManagerId(driver, 3db08845f297, 45355, None)
[2025-12-08T08:12:43.311+0000] {subprocess.py:93} INFO - 📌 Step 1: Reading Gold layer from MinIO...
[2025-12-08T08:12:43.330+0000] {subprocess.py:93} INFO - 25/12/08 08:12:43 INFO SharedState: Setting hive.metastore.warehouse.dir ('null') to the value of spark.sql.warehouse.dir.
[2025-12-08T08:12:43.337+0000] {subprocess.py:93} INFO - 25/12/08 08:12:43 INFO SharedState: Warehouse path is 'file:/tmp/***tmpep2nuxkz/spark-warehouse'.
[2025-12-08T08:12:46.323+0000] {subprocess.py:93} INFO - 25/12/08 08:12:46 WARN MetricsConfig: Cannot locate configuration: tried hadoop-metrics2-s3a-file-system.properties,hadoop-metrics2.properties
[2025-12-08T08:12:46.380+0000] {subprocess.py:93} INFO - 25/12/08 08:12:46 INFO MetricsSystemImpl: Scheduled Metric snapshot period at 10 second(s).
[2025-12-08T08:12:46.382+0000] {subprocess.py:93} INFO - 25/12/08 08:12:46 INFO MetricsSystemImpl: s3a-file-system metrics system started
[2025-12-08T08:12:49.704+0000] {subprocess.py:93} INFO - 25/12/08 08:12:49 INFO InMemoryFileIndex: It took 191 ms to list leaf files for 1 paths.
[2025-12-08T08:12:48.837+0000] {subprocess.py:93} INFO - 25/12/08 08:12:48 INFO SparkContext: Starting job: parquet at NativeMethodAccessorImpl.java:0
[2025-12-08T08:12:48.900+0000] {subprocess.py:93} INFO - 25/12/08 08:12:48 INFO DAGScheduler: Got job 0 (parquet at NativeMethodAccessorImpl.java:0) with 1 output partitions
[2025-12-08T08:12:48.902+0000] {subprocess.py:93} INFO - 25/12/08 08:12:48 INFO DAGScheduler: Final stage: ResultStage 0 (parquet at NativeMethodAccessorImpl.java:0)
[2025-12-08T08:12:48.903+0000] {subprocess.py:93} INFO - 25/12/08 08:12:48 INFO DAGScheduler: Parents of final stage: List()
[2025-12-08T08:12:48.905+0000] {subprocess.py:93} INFO - 25/12/08 08:12:48 INFO DAGScheduler: Missing parents: List()
[2025-12-08T08:12:48.919+0000] {subprocess.py:93} INFO - 25/12/08 08:12:48 INFO DAGScheduler: Submitting ResultStage 0 (MapPartitionsRDD[1] at parquet at NativeMethodAccessorImpl.java:0), which has no missing parents
[2025-12-08T08:12:49.154+0000] {subprocess.py:93} INFO - 25/12/08 08:12:49 INFO MemoryStore: Block broadcast_0 stored as values in memory (estimated size 106.5 KiB, free 434.3 MiB)
[2025-12-08T08:12:49.264+0000] {subprocess.py:93} INFO - 25/12/08 08:12:49 INFO MemoryStore: Block broadcast_0_piece0 stored as bytes in memory (estimated size 38.5 KiB, free 434.3 MiB)
[2025-12-08T08:12:49.277+0000] {subprocess.py:93} INFO - 25/12/08 08:12:49 INFO BlockManagerInfo: Added broadcast_0_piece0 in memory on 3db08845f297:45355 (size: 38.5 KiB, free: 434.4 MiB)
[2025-12-08T08:12:49.292+0000] {subprocess.py:93} INFO - 25/12/08 08:12:49 INFO SparkContext: Created broadcast 0 from broadcast at DAGScheduler.scala:1580
[2025-12-08T08:12:49.345+0000] {subprocess.py:93} INFO - 25/12/08 08:12:49 INFO DAGScheduler: Submitting 1 missing tasks from ResultStage 0 (MapPartitionsRDD[1] at parquet at NativeMethodAccessorImpl.java:0) (first 15 tasks are for partitions Vector(0))
[2025-12-08T08:12:49.348+0000] {subprocess.py:93} INFO - 25/12/08 08:12:49 INFO TaskSchedulerImpl: Adding task set 0.0 with 1 tasks resource profile 0
[2025-12-08T08:12:49.549+0000] {subprocess.py:93} INFO - 25/12/08 08:12:49 INFO TaskSetManager: Starting task 0.0 in stage 0.0 (TID 0) (3db08845f297, executor driver, partition 0, PROCESS_LOCAL, 8811 bytes)
[2025-12-08T08:12:49.595+0000] {subprocess.py:93} INFO - 25/12/08 08:12:49 INFO Executor: Running task 0.0 in stage 0.0 (TID 0)
[2025-12-08T08:12:50.383+0000] {subprocess.py:93} INFO - 25/12/08 08:12:50 INFO S3AInputStream: Switching to Random IO seek policy
[2025-12-08T08:12:51.704+0000] {subprocess.py:93} INFO - 25/12/08 08:12:51 INFO Executor: Finished task 0.0 in stage 0.0 (TID 0). 2033 bytes result sent to driver
[2025-12-08T08:12:51.743+0000] {subprocess.py:93} INFO - 25/12/08 08:12:51 INFO TaskSetManager: Finished task 0.0 in stage 0.0 (TID 0) in 2281 ms on 3db08845f297 (executor driver) (1/1)
[2025-12-08T08:12:51.751+0000] {subprocess.py:93} INFO - 25/12/08 08:12:51 INFO TaskSchedulerImpl: Removed TaskSet 0.0, whose tasks have all completed, from pool
[2025-12-08T08:12:51.763+0000] {subprocess.py:93} INFO - 25/12/08 08:12:51 INFO DAGScheduler: ResultStage 0 (parquet at NativeMethodAccessorImpl.java:0) finished in 2.763 s
[2025-12-08T08:12:51.773+0000] {subprocess.py:93} INFO - 25/12/08 08:12:51 INFO DAGScheduler: Job 0 is finished. Cancelling potential speculative or zombie tasks for this job
[2025-12-08T08:12:51.776+0000] {subprocess.py:93} INFO - 25/12/08 08:12:51 INFO TaskSchedulerImpl: Killing all running tasks in stage 0: Stage finished
[2025-12-08T08:12:51.786+0000] {subprocess.py:93} INFO - 25/12/08 08:12:51 INFO DAGScheduler: Job 0 finished: parquet at NativeMethodAccessorImpl.java:0, took 2.944625 s
[2025-12-08T08:12:55.438+0000] {subprocess.py:93} INFO - 25/12/08 08:12:55 INFO FileSourceStrategy: Pushed Filters:
[2025-12-08T08:12:55.446+0000] {subprocess.py:93} INFO - 25/12/08 08:12:55 INFO FileSourceStrategy: Post-Scan Filters:
[2025-12-08T08:12:57.074+0000] {subprocess.py:93} INFO - 25/12/08 08:12:57 INFO BlockManagerInfo: Removed broadcast_0_piece0 on 3db08845f297:45355 in memory (size: 38.5 KiB, free: 434.4 MiB)
[2025-12-08T08:12:57.225+0000] {subprocess.py:93} INFO - 25/12/08 08:12:57 INFO CodeGenerator: Code generated in 725.957349 ms
[2025-12-08T08:12:57.275+0000] {subprocess.py:93} INFO - 25/12/08 08:12:57 INFO MemoryStore: Block broadcast_1 stored as values in memory (estimated size 205.5 KiB, free 434.2 MiB)
[2025-12-08T08:12:57.311+0000] {subprocess.py:93} INFO - 25/12/08 08:12:57 INFO MemoryStore: Block broadcast_1_piece0 stored as bytes in memory (estimated size 36.1 KiB, free 434.2 MiB)
[2025-12-08T08:12:57.315+0000] {subprocess.py:93} INFO - 25/12/08 08:12:57 INFO BlockManagerInfo: Added broadcast_1_piece0 in memory on 3db08845f297:45355 (size: 36.1 KiB, free: 434.4 MiB)
[2025-12-08T08:12:57.320+0000] {subprocess.py:93} INFO - 25/12/08 08:12:57 INFO SparkContext: Created broadcast 1 from count at NativeMethodAccessorImpl.java:0
[2025-12-08T08:12:57.378+0000] {subprocess.py:93} INFO - 25/12/08 08:12:57 INFO FileSourceScanExec: Planning scan with bin packing, max size: 6295057 bytes, open cost is considered as scanning 4194304 bytes.
[2025-12-08T08:12:57.557+0000] {subprocess.py:93} INFO - 25/12/08 08:12:57 INFO DAGScheduler: Registering RDD 5 (count at NativeMethodAccessorImpl.java:0) as input to shuffle 0
[2025-12-08T08:12:57.575+0000] {subprocess.py:93} INFO - 25/12/08 08:12:57 INFO DAGScheduler: Got map stage job 1 (count at NativeMethodAccessorImpl.java:0) with 2 output partitions
[2025-12-08T08:12:57.577+0000] {subprocess.py:93} INFO - 25/12/08 08:12:57 INFO DAGScheduler: Final stage: ShuffleMapStage 1 (count at NativeMethodAccessorImpl.java:0)
[2025-12-08T08:12:57.578+0000] {subprocess.py:93} INFO - 25/12/08 08:12:57 INFO DAGScheduler: Parents of final stage: List()
[2025-12-08T08:12:57.582+0000] {subprocess.py:93} INFO - 25/12/08 08:12:57 INFO DAGScheduler: Missing parents: List()
[2025-12-08T08:12:57.588+0000] {subprocess.py:93} INFO - 25/12/08 08:12:57 INFO DAGScheduler: Submitting ShuffleMapStage 1 (MapPartitionsRDD[5] at count at NativeMethodAccessorImpl.java:0), which has no missing parents
[2025-12-08T08:12:57.660+0000] {subprocess.py:93} INFO - 25/12/08 08:12:57 INFO MemoryStore: Block broadcast_2 stored as values in memory (estimated size 16.8 KiB, free 434.1 MiB)
[2025-12-08T08:12:57.666+0000] {subprocess.py:93} INFO - 25/12/08 08:12:57 INFO MemoryStore: Block broadcast_2_piece0 stored as bytes in memory (estimated size 7.7 KiB, free 434.1 MiB)
[2025-12-08T08:12:57.668+0000] {subprocess.py:93} INFO - 25/12/08 08:12:57 INFO BlockManagerInfo: Added broadcast_2_piece0 in memory on 3db08845f297:45355 (size: 7.7 KiB, free: 434.4 MiB)
[2025-12-08T08:12:57.674+0000] {subprocess.py:93} INFO - 25/12/08 08:12:57 INFO SparkContext: Created broadcast 2 from broadcast at DAGScheduler.scala:1580
[2025-12-08T08:12:57.676+0000] {subprocess.py:93} INFO - 25/12/08 08:12:57 INFO DAGScheduler: Submitting 2 missing tasks from ShuffleMapStage 1 (MapPartitionsRDD[5] at count at NativeMethodAccessorImpl.java:0) (first 15 tasks are for partitions Vector(0, 1))
[2025-12-08T08:12:57.677+0000] {subprocess.py:93} INFO - 25/12/08 08:12:57 INFO TaskSchedulerImpl: Adding task set 1.0 with 2 tasks resource profile 0
[2025-12-08T08:12:57.684+0000] {subprocess.py:93} INFO - 25/12/08 08:12:57 INFO TaskSetManager: Starting task 0.0 in stage 1.0 (TID 1) (3db08845f297, executor driver, partition 0, PROCESS_LOCAL, 9463 bytes)
[2025-12-08T08:12:57.687+0000] {subprocess.py:93} INFO - 25/12/08 08:12:57 INFO TaskSetManager: Starting task 1.0 in stage 1.0 (TID 2) (3db08845f297, executor driver, partition 1, PROCESS_LOCAL, 9305 bytes)
[2025-12-08T08:12:57.690+0000] {subprocess.py:93} INFO - 25/12/08 08:12:57 INFO Executor: Running task 0.0 in stage 1.0 (TID 1)
[2025-12-08T08:12:57.692+0000] {subprocess.py:93} INFO - 25/12/08 08:12:57 INFO Executor: Running task 1.0 in stage 1.0 (TID 2)
[2025-12-08T08:12:57.836+0000] {subprocess.py:93} INFO - 25/12/08 08:12:57 INFO CodeGenerator: Code generated in 30.034434 ms
[2025-12-08T08:12:57.873+0000] {subprocess.py:93} INFO - 25/12/08 08:12:57 INFO FileScanRDD: Reading File path: s3a://datalake/gold/daily_summary/part-00000-4e68d1c9-eb7d-4e71-9939-37fd54233646-c000.snappy.parquet, range: 0-2401, partition values: [empty row]
[2025-12-08T08:12:57.876+0000] {subprocess.py:93} INFO - 25/12/08 08:12:57 INFO FileScanRDD: Reading File path: s3a://datalake/gold/daily_summary/part-00000-757d6238-a3bc-4ebc-817e-f29a4715f6df-c000.snappy.parquet, range: 0-2401, partition values: [empty row]
[2025-12-08T08:12:58.079+0000] {subprocess.py:93} INFO - 25/12/08 08:12:58 INFO S3AInputStream: Switching to Random IO seek policy
[2025-12-08T08:12:58.083+0000] {subprocess.py:93} INFO - 25/12/08 08:12:58 INFO S3AInputStream: Switching to Random IO seek policy
[2025-12-08T08:12:58.494+0000] {subprocess.py:93} INFO - 25/12/08 08:12:58 INFO FileScanRDD: Reading File path: s3a://datalake/gold/daily_summary/part-00000-5d27c966-381d-4ea1-86c7-c829d3723a05-c000.snappy.parquet, range: 0-2401, partition values: [empty row]
[2025-12-08T08:12:58.538+0000] {subprocess.py:93} INFO - 25/12/08 08:12:58 INFO S3AInputStream: Switching to Random IO seek policy
[2025-12-08T08:12:58.621+0000] {subprocess.py:93} INFO - 25/12/08 08:12:58 INFO Executor: Finished task 1.0 in stage 1.0 (TID 2). 2179 bytes result sent to driver
[2025-12-08T08:12:58.625+0000] {subprocess.py:93} INFO - 25/12/08 08:12:58 INFO Executor: Finished task 0.0 in stage 1.0 (TID 1). 2179 bytes result sent to driver
[2025-12-08T08:12:58.635+0000] {subprocess.py:93} INFO - 25/12/08 08:12:58 INFO TaskSetManager: Finished task 1.0 in stage 1.0 (TID 2) in 950 ms on 3db08845f297 (executor driver) (1/2)
[2025-12-08T08:12:58.637+0000] {subprocess.py:93} INFO - 25/12/08 08:12:58 INFO TaskSetManager: Finished task 0.0 in stage 1.0 (TID 1) in 959 ms on 3db08845f297 (executor driver) (2/2)
[2025-12-08T08:12:58.639+0000] {subprocess.py:93} INFO - 25/12/08 08:12:58 INFO TaskSchedulerImpl: Removed TaskSet 1.0, whose tasks have all completed, from pool
[2025-12-08T08:12:58.649+0000] {subprocess.py:93} INFO - 25/12/08 08:12:58 INFO DAGScheduler: ShuffleMapStage 1 (count at NativeMethodAccessorImpl.java:0) finished in 1.049 s
[2025-12-08T08:12:58.655+0000] {subprocess.py:93} INFO - 25/12/08 08:12:58 INFO DAGScheduler: looking for newly runnable stages
[2025-12-08T08:12:58.657+0000] {subprocess.py:93} INFO - 25/12/08 08:12:58 INFO DAGScheduler: running: Set()
[2025-12-08T08:12:58.660+0000] {subprocess.py:93} INFO - 25/12/08 08:12:58 INFO DAGScheduler: waiting: Set()
[2025-12-08T08:12:58.662+0000] {subprocess.py:93} INFO - 25/12/08 08:12:58 INFO DAGScheduler: failed: Set()
[2025-12-08T08:12:58.800+0000] {subprocess.py:93} INFO - 25/12/08 08:12:58 INFO CodeGenerator: Code generated in 29.999832 ms
[2025-12-08T08:12:58.867+0000] {subprocess.py:93} INFO - 25/12/08 08:12:58 INFO SparkContext: Starting job: count at NativeMethodAccessorImpl.java:0
[2025-12-08T08:12:58.877+0000] {subprocess.py:93} INFO - 25/12/08 08:12:58 INFO DAGScheduler: Got job 2 (count at NativeMethodAccessorImpl.java:0) with 1 output partitions
[2025-12-08T08:12:58.880+0000] {subprocess.py:93} INFO - 25/12/08 08:12:58 INFO DAGScheduler: Final stage: ResultStage 3 (count at NativeMethodAccessorImpl.java:0)
[2025-12-08T08:12:58.881+0000] {subprocess.py:93} INFO - 25/12/08 08:12:58 INFO DAGScheduler: Parents of final stage: List(ShuffleMapStage 2)
[2025-12-08T08:12:58.883+0000] {subprocess.py:93} INFO - 25/12/08 08:12:58 INFO DAGScheduler: Missing parents: List()
[2025-12-08T08:12:58.885+0000] {subprocess.py:93} INFO - 25/12/08 08:12:58 INFO DAGScheduler: Submitting ResultStage 3 (MapPartitionsRDD[8] at count at NativeMethodAccessorImpl.java:0), which has no missing parents
[2025-12-08T08:12:58.901+0000] {subprocess.py:93} INFO - 25/12/08 08:12:58 INFO MemoryStore: Block broadcast_3 stored as values in memory (estimated size 12.5 KiB, free 434.1 MiB)
[2025-12-08T08:12:58.907+0000] {subprocess.py:93} INFO - 25/12/08 08:12:58 INFO MemoryStore: Block broadcast_3_piece0 stored as bytes in memory (estimated size 5.9 KiB, free 434.1 MiB)
[2025-12-08T08:12:58.909+0000] {subprocess.py:93} INFO - 25/12/08 08:12:58 INFO BlockManagerInfo: Added broadcast_3_piece0 in memory on 3db08845f297:45355 (size: 5.9 KiB, free: 434.4 MiB)
[2025-12-08T08:12:58.911+0000] {subprocess.py:93} INFO - 25/12/08 08:12:58 INFO SparkContext: Created broadcast 3 from broadcast at DAGScheduler.scala:1580
[2025-12-08T08:12:58.913+0000] {subprocess.py:93} INFO - 25/12/08 08:12:58 INFO DAGScheduler: Submitting 1 missing tasks from ResultStage 3 (MapPartitionsRDD[8] at count at NativeMethodAccessorImpl.java:0) (first 15 tasks are for partitions Vector(0))
[2025-12-08T08:12:58.915+0000] {subprocess.py:93} INFO - 25/12/08 08:12:58 INFO TaskSchedulerImpl: Adding task set 3.0 with 1 tasks resource profile 0
[2025-12-08T08:12:58.932+0000] {subprocess.py:93} INFO - 25/12/08 08:12:58 INFO TaskSetManager: Starting task 0.0 in stage 3.0 (TID 3) (3db08845f297, executor driver, partition 0, NODE_LOCAL, 8652 bytes)
[2025-12-08T08:12:58.934+0000] {subprocess.py:93} INFO - 25/12/08 08:12:58 INFO Executor: Running task 0.0 in stage 3.0 (TID 3)
[2025-12-08T08:12:59.055+0000] {subprocess.py:93} INFO - 25/12/08 08:12:59 INFO ShuffleBlockFetcherIterator: Getting 2 (120.0 B) non-empty blocks including 2 (120.0 B) local and 0 (0.0 B) host-local and 0 (0.0 B) push-merged-local and 0 (0.0 B) remote blocks
[2025-12-08T08:12:59.059+0000] {subprocess.py:93} INFO - 25/12/08 08:12:59 INFO ShuffleBlockFetcherIterator: Started 0 remote fetches in 41 ms
[2025-12-08T08:12:59.095+0000] {subprocess.py:93} INFO - 25/12/08 08:12:59 INFO CodeGenerator: Code generated in 27.484524 ms
[2025-12-08T08:12:59.122+0000] {subprocess.py:93} INFO - 25/12/08 08:12:59 INFO Executor: Finished task 0.0 in stage 3.0 (TID 3). 4038 bytes result sent to driver
[2025-12-08T08:12:59.129+0000] {subprocess.py:93} INFO - 25/12/08 08:12:59 INFO TaskSetManager: Finished task 0.0 in stage 3.0 (TID 3) in 201 ms on 3db08845f297 (executor driver) (1/1)
[2025-12-08T08:12:59.134+0000] {subprocess.py:93} INFO - 25/12/08 08:12:59 INFO TaskSchedulerImpl: Removed TaskSet 3.0, whose tasks have all completed, from pool
[2025-12-08T08:12:59.137+0000] {subprocess.py:93} INFO - 25/12/08 08:12:59 INFO DAGScheduler: ResultStage 3 (count at NativeMethodAccessorImpl.java:0) finished in 0.234 s
[2025-12-08T08:12:59.140+0000] {subprocess.py:93} INFO - 25/12/08 08:12:59 INFO DAGScheduler: Job 2 is finished. Cancelling potential speculative or zombie tasks for this job
[2025-12-08T08:12:59.141+0000] {subprocess.py:93} INFO - 25/12/08 08:12:59 INFO TaskSchedulerImpl: Killing all running tasks in stage 3: Stage finished
[2025-12-08T08:12:59.143+0000] {subprocess.py:93} INFO - 25/12/08 08:12:59 INFO DAGScheduler: Job 2 finished: count at NativeMethodAccessorImpl.java:0, took 0.265761 s
[2025-12-08T08:12:59.150+0000] {subprocess.py:93} INFO - ✅ Gold layer loaded: 3 records
[2025-12-08T08:12:59.151+0000] {subprocess.py:93} INFO - 
[2025-12-08T08:12:59.153+0000] {subprocess.py:93} INFO - 📌 Step 2: Exporting to PostgreSQL table 'email_daily_summary'...
[2025-12-08T08:12:59.516+0000] {subprocess.py:93} INFO - 25/12/08 08:12:59 INFO BlockManagerInfo: Removed broadcast_3_piece0 on 3db08845f297:45355 in memory (size: 5.9 KiB, free: 434.4 MiB)
[2025-12-08T08:12:59.529+0000] {subprocess.py:93} INFO - 25/12/08 08:12:59 INFO BlockManagerInfo: Removed broadcast_2_piece0 on 3db08845f297:45355 in memory (size: 7.7 KiB, free: 434.4 MiB)
[2025-12-08T08:13:00.089+0000] {subprocess.py:93} INFO - 25/12/08 08:13:00 INFO FileSourceStrategy: Pushed Filters:
[2025-12-08T08:13:00.090+0000] {subprocess.py:93} INFO - 25/12/08 08:13:00 INFO FileSourceStrategy: Post-Scan Filters:
[2025-12-08T08:13:00.185+0000] {subprocess.py:93} INFO - 25/12/08 08:13:00 INFO CodeGenerator: Code generated in 62.432916 ms
[2025-12-08T08:13:00.205+0000] {subprocess.py:93} INFO - 25/12/08 08:13:00 INFO MemoryStore: Block broadcast_4 stored as values in memory (estimated size 206.2 KiB, free 434.0 MiB)
[2025-12-08T08:13:00.233+0000] {subprocess.py:93} INFO - 25/12/08 08:13:00 INFO MemoryStore: Block broadcast_4_piece0 stored as bytes in memory (estimated size 36.4 KiB, free 433.9 MiB)
[2025-12-08T08:13:00.235+0000] {subprocess.py:93} INFO - 25/12/08 08:13:00 INFO BlockManagerInfo: Added broadcast_4_piece0 in memory on 3db08845f297:45355 (size: 36.4 KiB, free: 434.3 MiB)
[2025-12-08T08:13:00.238+0000] {subprocess.py:93} INFO - 25/12/08 08:13:00 INFO SparkContext: Created broadcast 4 from jdbc at NativeMethodAccessorImpl.java:0
[2025-12-08T08:13:00.245+0000] {subprocess.py:93} INFO - 25/12/08 08:13:00 INFO FileSourceScanExec: Planning scan with bin packing, max size: 6295057 bytes, open cost is considered as scanning 4194304 bytes.
[2025-12-08T08:13:00.331+0000] {subprocess.py:93} INFO - 25/12/08 08:13:00 INFO BlockManagerInfo: Removed broadcast_1_piece0 on 3db08845f297:45355 in memory (size: 36.1 KiB, free: 434.4 MiB)
[2025-12-08T08:13:00.481+0000] {subprocess.py:93} INFO - 25/12/08 08:13:00 INFO SparkContext: Starting job: jdbc at NativeMethodAccessorImpl.java:0
[2025-12-08T08:13:00.487+0000] {subprocess.py:93} INFO - 25/12/08 08:13:00 INFO DAGScheduler: Got job 3 (jdbc at NativeMethodAccessorImpl.java:0) with 2 output partitions
[2025-12-08T08:13:00.489+0000] {subprocess.py:93} INFO - 25/12/08 08:13:00 INFO DAGScheduler: Final stage: ResultStage 4 (jdbc at NativeMethodAccessorImpl.java:0)
[2025-12-08T08:13:00.491+0000] {subprocess.py:93} INFO - 25/12/08 08:13:00 INFO DAGScheduler: Parents of final stage: List()
[2025-12-08T08:13:00.496+0000] {subprocess.py:93} INFO - 25/12/08 08:13:00 INFO DAGScheduler: Missing parents: List()
[2025-12-08T08:13:00.499+0000] {subprocess.py:93} INFO - 25/12/08 08:13:00 INFO DAGScheduler: Submitting ResultStage 4 (MapPartitionsRDD[14] at jdbc at NativeMethodAccessorImpl.java:0), which has no missing parents
[2025-12-08T08:13:00.569+0000] {subprocess.py:93} INFO - 25/12/08 08:13:00 INFO MemoryStore: Block broadcast_5 stored as values in memory (estimated size 36.8 KiB, free 434.1 MiB)
[2025-12-08T08:13:00.578+0000] {subprocess.py:93} INFO - 25/12/08 08:13:00 INFO MemoryStore: Block broadcast_5_piece0 stored as bytes in memory (estimated size 16.0 KiB, free 434.1 MiB)
[2025-12-08T08:13:00.580+0000] {subprocess.py:93} INFO - 25/12/08 08:13:00 INFO BlockManagerInfo: Added broadcast_5_piece0 in memory on 3db08845f297:45355 (size: 16.0 KiB, free: 434.3 MiB)
[2025-12-08T08:13:00.583+0000] {subprocess.py:93} INFO - 25/12/08 08:13:00 INFO SparkContext: Created broadcast 5 from broadcast at DAGScheduler.scala:1580
[2025-12-08T08:13:00.587+0000] {subprocess.py:93} INFO - 25/12/08 08:13:00 INFO DAGScheduler: Submitting 2 missing tasks from ResultStage 4 (MapPartitionsRDD[14] at jdbc at NativeMethodAccessorImpl.java:0) (first 15 tasks are for partitions Vector(0, 1))
[2025-12-08T08:13:00.589+0000] {subprocess.py:93} INFO - 25/12/08 08:13:00 INFO TaskSchedulerImpl: Adding task set 4.0 with 2 tasks resource profile 0
[2025-12-08T08:13:00.593+0000] {subprocess.py:93} INFO - 25/12/08 08:13:00 INFO TaskSetManager: Starting task 0.0 in stage 4.0 (TID 4) (3db08845f297, executor driver, partition 0, PROCESS_LOCAL, 9474 bytes)
[2025-12-08T08:13:00.597+0000] {subprocess.py:93} INFO - 25/12/08 08:13:00 INFO TaskSetManager: Starting task 1.0 in stage 4.0 (TID 5) (3db08845f297, executor driver, partition 1, PROCESS_LOCAL, 9316 bytes)
[2025-12-08T08:13:00.601+0000] {subprocess.py:93} INFO - 25/12/08 08:13:00 INFO Executor: Running task 0.0 in stage 4.0 (TID 4)
[2025-12-08T08:13:00.605+0000] {subprocess.py:93} INFO - 25/12/08 08:13:00 INFO Executor: Running task 1.0 in stage 4.0 (TID 5)
[2025-12-08T08:13:00.729+0000] {subprocess.py:93} INFO - 25/12/08 08:13:00 INFO CodeGenerator: Code generated in 52.135073 ms
[2025-12-08T08:13:04.144+0000] {subprocess.py:93} INFO - 25/12/08 08:13:04 INFO CodeGenerator: Code generated in 153.555378 ms
[2025-12-08T08:13:04.174+0000] {subprocess.py:93} INFO - 25/12/08 08:13:04 INFO FileScanRDD: Reading File path: s3a://datalake/gold/daily_summary/part-00000-4e68d1c9-eb7d-4e71-9939-37fd54233646-c000.snappy.parquet, range: 0-2401, partition values: [empty row]
[2025-12-08T08:13:04.177+0000] {subprocess.py:93} INFO - 25/12/08 08:13:04 INFO FileScanRDD: Reading File path: s3a://datalake/gold/daily_summary/part-00000-757d6238-a3bc-4ebc-817e-f29a4715f6df-c000.snappy.parquet, range: 0-2401, partition values: [empty row]
[2025-12-08T08:13:04.408+0000] {subprocess.py:93} INFO - 25/12/08 08:13:04 INFO S3AInputStream: Switching to Random IO seek policy
[2025-12-08T08:13:04.411+0000] {subprocess.py:93} INFO - 25/12/08 08:13:04 INFO S3AInputStream: Switching to Random IO seek policy
[2025-12-08T08:13:04.640+0000] {subprocess.py:93} INFO - 25/12/08 08:13:04 INFO CodecPool: Got brand-new decompressor [.snappy]
[2025-12-08T08:13:04.644+0000] {subprocess.py:93} INFO - 25/12/08 08:13:04 INFO CodecPool: Got brand-new decompressor [.snappy]
[2025-12-08T08:13:05.481+0000] {subprocess.py:93} INFO - 25/12/08 08:13:05 INFO FileScanRDD: Reading File path: s3a://datalake/gold/daily_summary/part-00000-5d27c966-381d-4ea1-86c7-c829d3723a05-c000.snappy.parquet, range: 0-2401, partition values: [empty row]
[2025-12-08T08:13:05.599+0000] {subprocess.py:93} INFO - 25/12/08 08:13:05 INFO Executor: Finished task 1.0 in stage 4.0 (TID 5). 1843 bytes result sent to driver
[2025-12-08T08:13:05.606+0000] {subprocess.py:93} INFO - 25/12/08 08:13:05 INFO TaskSetManager: Finished task 1.0 in stage 4.0 (TID 5) in 5010 ms on 3db08845f297 (executor driver) (1/2)
[2025-12-08T08:13:05.926+0000] {subprocess.py:93} INFO - 25/12/08 08:13:05 INFO S3AInputStream: Switching to Random IO seek policy
[2025-12-08T08:13:06.076+0000] {subprocess.py:93} INFO - 25/12/08 08:13:06 INFO Executor: Finished task 0.0 in stage 4.0 (TID 4). 1843 bytes result sent to driver
[2025-12-08T08:13:06.080+0000] {subprocess.py:93} INFO - 25/12/08 08:13:06 INFO TaskSetManager: Finished task 0.0 in stage 4.0 (TID 4) in 5488 ms on 3db08845f297 (executor driver) (2/2)
[2025-12-08T08:13:06.086+0000] {subprocess.py:93} INFO - 25/12/08 08:13:06 INFO TaskSchedulerImpl: Removed TaskSet 4.0, whose tasks have all completed, from pool
[2025-12-08T08:13:06.087+0000] {subprocess.py:93} INFO - 25/12/08 08:13:06 INFO DAGScheduler: ResultStage 4 (jdbc at NativeMethodAccessorImpl.java:0) finished in 5.586 s
[2025-12-08T08:13:06.089+0000] {subprocess.py:93} INFO - 25/12/08 08:13:06 INFO DAGScheduler: Job 3 is finished. Cancelling potential speculative or zombie tasks for this job
[2025-12-08T08:13:06.094+0000] {subprocess.py:93} INFO - 25/12/08 08:13:06 INFO TaskSchedulerImpl: Killing all running tasks in stage 4: Stage finished
[2025-12-08T08:13:06.096+0000] {subprocess.py:93} INFO - 25/12/08 08:13:06 INFO DAGScheduler: Job 3 finished: jdbc at NativeMethodAccessorImpl.java:0, took 5.603986 s
[2025-12-08T08:13:06.258+0000] {subprocess.py:93} INFO - ✅ Successfully exported to PostgreSQL table: email_daily_summary
[2025-12-08T08:13:06.260+0000] {subprocess.py:93} INFO - 
[2025-12-08T08:13:06.263+0000] {subprocess.py:93} INFO - ============================================================
[2025-12-08T08:13:06.266+0000] {subprocess.py:93} INFO - 📊 EXPORT SUMMARY REPORT
[2025-12-08T08:13:06.269+0000] {subprocess.py:93} INFO - ============================================================
[2025-12-08T08:13:06.271+0000] {subprocess.py:93} INFO - Timestamp: 2025-12-08 08:13:06.258993
[2025-12-08T08:13:06.351+0000] {subprocess.py:93} INFO - 25/12/08 08:13:06 INFO FileSourceStrategy: Pushed Filters:
[2025-12-08T08:13:06.354+0000] {subprocess.py:93} INFO - 25/12/08 08:13:06 INFO FileSourceStrategy: Post-Scan Filters:
[2025-12-08T08:13:06.425+0000] {subprocess.py:93} INFO - 25/12/08 08:13:06 INFO MemoryStore: Block broadcast_6 stored as values in memory (estimated size 205.5 KiB, free 433.9 MiB)
[2025-12-08T08:13:06.439+0000] {subprocess.py:93} INFO - 25/12/08 08:13:06 INFO MemoryStore: Block broadcast_6_piece0 stored as bytes in memory (estimated size 36.1 KiB, free 433.9 MiB)
[2025-12-08T08:13:06.442+0000] {subprocess.py:93} INFO - 25/12/08 08:13:06 INFO BlockManagerInfo: Added broadcast_6_piece0 in memory on 3db08845f297:45355 (size: 36.1 KiB, free: 434.3 MiB)
[2025-12-08T08:13:06.446+0000] {subprocess.py:93} INFO - 25/12/08 08:13:06 INFO SparkContext: Created broadcast 6 from count at NativeMethodAccessorImpl.java:0
[2025-12-08T08:13:06.448+0000] {subprocess.py:93} INFO - 25/12/08 08:13:06 INFO FileSourceScanExec: Planning scan with bin packing, max size: 6295057 bytes, open cost is considered as scanning 4194304 bytes.
[2025-12-08T08:13:06.474+0000] {subprocess.py:93} INFO - 25/12/08 08:13:06 INFO DAGScheduler: Registering RDD 18 (count at NativeMethodAccessorImpl.java:0) as input to shuffle 1
[2025-12-08T08:13:06.476+0000] {subprocess.py:93} INFO - 25/12/08 08:13:06 INFO DAGScheduler: Got map stage job 4 (count at NativeMethodAccessorImpl.java:0) with 2 output partitions
[2025-12-08T08:13:06.477+0000] {subprocess.py:93} INFO - 25/12/08 08:13:06 INFO DAGScheduler: Final stage: ShuffleMapStage 5 (count at NativeMethodAccessorImpl.java:0)
[2025-12-08T08:13:06.482+0000] {subprocess.py:93} INFO - 25/12/08 08:13:06 INFO DAGScheduler: Parents of final stage: List()
[2025-12-08T08:13:06.484+0000] {subprocess.py:93} INFO - 25/12/08 08:13:06 INFO DAGScheduler: Missing parents: List()
[2025-12-08T08:13:06.485+0000] {subprocess.py:93} INFO - 25/12/08 08:13:06 INFO DAGScheduler: Submitting ShuffleMapStage 5 (MapPartitionsRDD[18] at count at NativeMethodAccessorImpl.java:0), which has no missing parents
[2025-12-08T08:13:06.487+0000] {subprocess.py:93} INFO - 25/12/08 08:13:06 INFO MemoryStore: Block broadcast_7 stored as values in memory (estimated size 16.8 KiB, free 433.9 MiB)
[2025-12-08T08:13:06.493+0000] {subprocess.py:93} INFO - 25/12/08 08:13:06 INFO MemoryStore: Block broadcast_7_piece0 stored as bytes in memory (estimated size 7.7 KiB, free 433.9 MiB)
[2025-12-08T08:13:06.496+0000] {subprocess.py:93} INFO - 25/12/08 08:13:06 INFO BlockManagerInfo: Added broadcast_7_piece0 in memory on 3db08845f297:45355 (size: 7.7 KiB, free: 434.3 MiB)
[2025-12-08T08:13:06.500+0000] {subprocess.py:93} INFO - 25/12/08 08:13:06 INFO SparkContext: Created broadcast 7 from broadcast at DAGScheduler.scala:1580
[2025-12-08T08:13:06.503+0000] {subprocess.py:93} INFO - 25/12/08 08:13:06 INFO DAGScheduler: Submitting 2 missing tasks from ShuffleMapStage 5 (MapPartitionsRDD[18] at count at NativeMethodAccessorImpl.java:0) (first 15 tasks are for partitions Vector(0, 1))
[2025-12-08T08:13:06.506+0000] {subprocess.py:93} INFO - 25/12/08 08:13:06 INFO TaskSchedulerImpl: Adding task set 5.0 with 2 tasks resource profile 0
[2025-12-08T08:13:06.511+0000] {subprocess.py:93} INFO - 25/12/08 08:13:06 INFO TaskSetManager: Starting task 0.0 in stage 5.0 (TID 6) (3db08845f297, executor driver, partition 0, PROCESS_LOCAL, 9463 bytes)
[2025-12-08T08:13:06.513+0000] {subprocess.py:93} INFO - 25/12/08 08:13:06 INFO TaskSetManager: Starting task 1.0 in stage 5.0 (TID 7) (3db08845f297, executor driver, partition 1, PROCESS_LOCAL, 9305 bytes)
[2025-12-08T08:13:06.517+0000] {subprocess.py:93} INFO - 25/12/08 08:13:06 INFO Executor: Running task 0.0 in stage 5.0 (TID 6)
[2025-12-08T08:13:06.519+0000] {subprocess.py:93} INFO - 25/12/08 08:13:06 INFO Executor: Running task 1.0 in stage 5.0 (TID 7)
[2025-12-08T08:13:06.533+0000] {subprocess.py:93} INFO - 25/12/08 08:13:06 INFO FileScanRDD: Reading File path: s3a://datalake/gold/daily_summary/part-00000-4e68d1c9-eb7d-4e71-9939-37fd54233646-c000.snappy.parquet, range: 0-2401, partition values: [empty row]
[2025-12-08T08:13:06.536+0000] {subprocess.py:93} INFO - 25/12/08 08:13:06 INFO FileScanRDD: Reading File path: s3a://datalake/gold/daily_summary/part-00000-757d6238-a3bc-4ebc-817e-f29a4715f6df-c000.snappy.parquet, range: 0-2401, partition values: [empty row]
[2025-12-08T08:13:06.609+0000] {subprocess.py:93} INFO - 25/12/08 08:13:06 INFO S3AInputStream: Switching to Random IO seek policy
[2025-12-08T08:13:06.610+0000] {subprocess.py:93} INFO - 25/12/08 08:13:06 INFO S3AInputStream: Switching to Random IO seek policy
[2025-12-08T08:13:06.657+0000] {subprocess.py:93} INFO - 25/12/08 08:13:06 INFO FileScanRDD: Reading File path: s3a://datalake/gold/daily_summary/part-00000-5d27c966-381d-4ea1-86c7-c829d3723a05-c000.snappy.parquet, range: 0-2401, partition values: [empty row]
[2025-12-08T08:13:06.673+0000] {subprocess.py:93} INFO - 25/12/08 08:13:06 INFO Executor: Finished task 1.0 in stage 5.0 (TID 7). 2179 bytes result sent to driver
[2025-12-08T08:13:06.678+0000] {subprocess.py:93} INFO - 25/12/08 08:13:06 INFO TaskSetManager: Finished task 1.0 in stage 5.0 (TID 7) in 165 ms on 3db08845f297 (executor driver) (1/2)
[2025-12-08T08:13:06.706+0000] {subprocess.py:93} INFO - 25/12/08 08:13:06 INFO S3AInputStream: Switching to Random IO seek policy
[2025-12-08T08:13:06.777+0000] {subprocess.py:93} INFO - 25/12/08 08:13:06 INFO Executor: Finished task 0.0 in stage 5.0 (TID 6). 2179 bytes result sent to driver
[2025-12-08T08:13:06.781+0000] {subprocess.py:93} INFO - 25/12/08 08:13:06 INFO TaskSetManager: Finished task 0.0 in stage 5.0 (TID 6) in 271 ms on 3db08845f297 (executor driver) (2/2)
[2025-12-08T08:13:06.784+0000] {subprocess.py:93} INFO - 25/12/08 08:13:06 INFO TaskSchedulerImpl: Removed TaskSet 5.0, whose tasks have all completed, from pool
[2025-12-08T08:13:06.786+0000] {subprocess.py:93} INFO - 25/12/08 08:13:06 INFO DAGScheduler: ShuffleMapStage 5 (count at NativeMethodAccessorImpl.java:0) finished in 0.302 s
[2025-12-08T08:13:06.789+0000] {subprocess.py:93} INFO - 25/12/08 08:13:06 INFO DAGScheduler: looking for newly runnable stages
[2025-12-08T08:13:06.793+0000] {subprocess.py:93} INFO - 25/12/08 08:13:06 INFO DAGScheduler: running: Set()
[2025-12-08T08:13:06.795+0000] {subprocess.py:93} INFO - 25/12/08 08:13:06 INFO DAGScheduler: waiting: Set()
[2025-12-08T08:13:06.797+0000] {subprocess.py:93} INFO - 25/12/08 08:13:06 INFO DAGScheduler: failed: Set()
[2025-12-08T08:13:06.884+0000] {subprocess.py:93} INFO - 25/12/08 08:13:06 INFO SparkContext: Starting job: count at NativeMethodAccessorImpl.java:0
[2025-12-08T08:13:06.889+0000] {subprocess.py:93} INFO - 25/12/08 08:13:06 INFO DAGScheduler: Got job 5 (count at NativeMethodAccessorImpl.java:0) with 1 output partitions
[2025-12-08T08:13:06.891+0000] {subprocess.py:93} INFO - 25/12/08 08:13:06 INFO DAGScheduler: Final stage: ResultStage 7 (count at NativeMethodAccessorImpl.java:0)
[2025-12-08T08:13:06.893+0000] {subprocess.py:93} INFO - 25/12/08 08:13:06 INFO DAGScheduler: Parents of final stage: List(ShuffleMapStage 6)
[2025-12-08T08:13:06.897+0000] {subprocess.py:93} INFO - 25/12/08 08:13:06 INFO DAGScheduler: Missing parents: List()
[2025-12-08T08:13:06.899+0000] {subprocess.py:93} INFO - 25/12/08 08:13:06 INFO DAGScheduler: Submitting ResultStage 7 (MapPartitionsRDD[21] at count at NativeMethodAccessorImpl.java:0), which has no missing parents
[2025-12-08T08:13:06.902+0000] {subprocess.py:93} INFO - 25/12/08 08:13:06 INFO MemoryStore: Block broadcast_8 stored as values in memory (estimated size 12.5 KiB, free 433.8 MiB)
[2025-12-08T08:13:06.914+0000] {subprocess.py:93} INFO - 25/12/08 08:13:06 INFO MemoryStore: Block broadcast_8_piece0 stored as bytes in memory (estimated size 5.9 KiB, free 433.8 MiB)
[2025-12-08T08:13:06.920+0000] {subprocess.py:93} INFO - 25/12/08 08:13:06 INFO BlockManagerInfo: Added broadcast_8_piece0 in memory on 3db08845f297:45355 (size: 5.9 KiB, free: 434.3 MiB)
[2025-12-08T08:13:06.923+0000] {subprocess.py:93} INFO - 25/12/08 08:13:06 INFO SparkContext: Created broadcast 8 from broadcast at DAGScheduler.scala:1580
[2025-12-08T08:13:06.926+0000] {subprocess.py:93} INFO - 25/12/08 08:13:06 INFO DAGScheduler: Submitting 1 missing tasks from ResultStage 7 (MapPartitionsRDD[21] at count at NativeMethodAccessorImpl.java:0) (first 15 tasks are for partitions Vector(0))
[2025-12-08T08:13:06.928+0000] {subprocess.py:93} INFO - 25/12/08 08:13:06 INFO TaskSchedulerImpl: Adding task set 7.0 with 1 tasks resource profile 0
[2025-12-08T08:13:06.933+0000] {subprocess.py:93} INFO - 25/12/08 08:13:06 INFO TaskSetManager: Starting task 0.0 in stage 7.0 (TID 8) (3db08845f297, executor driver, partition 0, NODE_LOCAL, 8652 bytes)
[2025-12-08T08:13:06.937+0000] {subprocess.py:93} INFO - 25/12/08 08:13:06 INFO Executor: Running task 0.0 in stage 7.0 (TID 8)
[2025-12-08T08:13:06.952+0000] {subprocess.py:93} INFO - 25/12/08 08:13:06 INFO ShuffleBlockFetcherIterator: Getting 2 (120.0 B) non-empty blocks including 2 (120.0 B) local and 0 (0.0 B) host-local and 0 (0.0 B) push-merged-local and 0 (0.0 B) remote blocks
[2025-12-08T08:13:06.954+0000] {subprocess.py:93} INFO - 25/12/08 08:13:06 INFO ShuffleBlockFetcherIterator: Started 0 remote fetches in 4 ms
[2025-12-08T08:13:06.965+0000] {subprocess.py:93} INFO - 25/12/08 08:13:06 INFO Executor: Finished task 0.0 in stage 7.0 (TID 8). 3995 bytes result sent to driver
[2025-12-08T08:13:06.970+0000] {subprocess.py:93} INFO - 25/12/08 08:13:06 INFO TaskSetManager: Finished task 0.0 in stage 7.0 (TID 8) in 38 ms on 3db08845f297 (executor driver) (1/1)
[2025-12-08T08:13:06.975+0000] {subprocess.py:93} INFO - 25/12/08 08:13:06 INFO TaskSchedulerImpl: Removed TaskSet 7.0, whose tasks have all completed, from pool
[2025-12-08T08:13:06.979+0000] {subprocess.py:93} INFO - 25/12/08 08:13:06 INFO DAGScheduler: ResultStage 7 (count at NativeMethodAccessorImpl.java:0) finished in 0.077 s
[2025-12-08T08:13:06.980+0000] {subprocess.py:93} INFO - 25/12/08 08:13:06 INFO DAGScheduler: Job 5 is finished. Cancelling potential speculative or zombie tasks for this job
[2025-12-08T08:13:06.982+0000] {subprocess.py:93} INFO - 25/12/08 08:13:06 INFO TaskSchedulerImpl: Killing all running tasks in stage 7: Stage finished
[2025-12-08T08:13:06.984+0000] {subprocess.py:93} INFO - 25/12/08 08:13:06 INFO DAGScheduler: Job 5 finished: count at NativeMethodAccessorImpl.java:0, took 0.094711 s
[2025-12-08T08:13:06.986+0000] {subprocess.py:93} INFO - 
[2025-12-08T08:13:06.989+0000] {subprocess.py:93} INFO - 📈 Records exported: 3
[2025-12-08T08:13:06.990+0000] {subprocess.py:93} INFO - 
[2025-12-08T08:13:06.994+0000] {subprocess.py:93} INFO - 📄 Sample data:
[2025-12-08T08:13:07.251+0000] {subprocess.py:93} INFO - 25/12/08 08:13:07 INFO FileSourceStrategy: Pushed Filters:
[2025-12-08T08:13:07.254+0000] {subprocess.py:93} INFO - 25/12/08 08:13:07 INFO FileSourceStrategy: Post-Scan Filters:
[2025-12-08T08:13:07.485+0000] {subprocess.py:93} INFO - 25/12/08 08:13:07 INFO CodeGenerator: Code generated in 83.620945 ms
[2025-12-08T08:13:07.508+0000] {subprocess.py:93} INFO - 25/12/08 08:13:07 INFO MemoryStore: Block broadcast_9 stored as values in memory (estimated size 206.2 KiB, free 433.6 MiB)
[2025-12-08T08:13:07.544+0000] {subprocess.py:93} INFO - 25/12/08 08:13:07 INFO MemoryStore: Block broadcast_9_piece0 stored as bytes in memory (estimated size 36.4 KiB, free 433.6 MiB)
[2025-12-08T08:13:07.582+0000] {subprocess.py:93} INFO - 25/12/08 08:13:07 INFO BlockManagerInfo: Added broadcast_9_piece0 in memory on 3db08845f297:45355 (size: 36.4 KiB, free: 434.3 MiB)
[2025-12-08T08:13:07.584+0000] {subprocess.py:93} INFO - 25/12/08 08:13:07 INFO SparkContext: Created broadcast 9 from showString at NativeMethodAccessorImpl.java:0
[2025-12-08T08:13:07.585+0000] {subprocess.py:93} INFO - 25/12/08 08:13:07 INFO FileSourceScanExec: Planning scan with bin packing, max size: 6295057 bytes, open cost is considered as scanning 4194304 bytes.
[2025-12-08T08:13:07.650+0000] {subprocess.py:93} INFO - 25/12/08 08:13:07 INFO SparkContext: Starting job: showString at NativeMethodAccessorImpl.java:0
[2025-12-08T08:13:07.661+0000] {subprocess.py:93} INFO - 25/12/08 08:13:07 INFO DAGScheduler: Got job 6 (showString at NativeMethodAccessorImpl.java:0) with 1 output partitions
[2025-12-08T08:13:07.663+0000] {subprocess.py:93} INFO - 25/12/08 08:13:07 INFO DAGScheduler: Final stage: ResultStage 8 (showString at NativeMethodAccessorImpl.java:0)
[2025-12-08T08:13:07.670+0000] {subprocess.py:93} INFO - 25/12/08 08:13:07 INFO DAGScheduler: Parents of final stage: List()
[2025-12-08T08:13:07.674+0000] {subprocess.py:93} INFO - 25/12/08 08:13:07 INFO DAGScheduler: Missing parents: List()
[2025-12-08T08:13:07.683+0000] {subprocess.py:93} INFO - 25/12/08 08:13:07 INFO DAGScheduler: Submitting ResultStage 8 (MapPartitionsRDD[25] at showString at NativeMethodAccessorImpl.java:0), which has no missing parents
[2025-12-08T08:13:07.688+0000] {subprocess.py:93} INFO - 25/12/08 08:13:07 INFO MemoryStore: Block broadcast_10 stored as values in memory (estimated size 17.7 KiB, free 433.6 MiB)
[2025-12-08T08:13:07.693+0000] {subprocess.py:93} INFO - 25/12/08 08:13:07 INFO MemoryStore: Block broadcast_10_piece0 stored as bytes in memory (estimated size 7.2 KiB, free 433.6 MiB)
[2025-12-08T08:13:07.696+0000] {subprocess.py:93} INFO - 25/12/08 08:13:07 INFO BlockManagerInfo: Added broadcast_10_piece0 in memory on 3db08845f297:45355 (size: 7.2 KiB, free: 434.3 MiB)
[2025-12-08T08:13:07.698+0000] {subprocess.py:93} INFO - 25/12/08 08:13:07 INFO SparkContext: Created broadcast 10 from broadcast at DAGScheduler.scala:1580
[2025-12-08T08:13:07.700+0000] {subprocess.py:93} INFO - 25/12/08 08:13:07 INFO DAGScheduler: Submitting 1 missing tasks from ResultStage 8 (MapPartitionsRDD[25] at showString at NativeMethodAccessorImpl.java:0) (first 15 tasks are for partitions Vector(0))
[2025-12-08T08:13:07.702+0000] {subprocess.py:93} INFO - 25/12/08 08:13:07 INFO TaskSchedulerImpl: Adding task set 8.0 with 1 tasks resource profile 0
[2025-12-08T08:13:07.704+0000] {subprocess.py:93} INFO - 25/12/08 08:13:07 INFO TaskSetManager: Starting task 0.0 in stage 8.0 (TID 9) (3db08845f297, executor driver, partition 0, PROCESS_LOCAL, 9474 bytes)
[2025-12-08T08:13:07.708+0000] {subprocess.py:93} INFO - 25/12/08 08:13:07 INFO Executor: Running task 0.0 in stage 8.0 (TID 9)
[2025-12-08T08:13:07.804+0000] {subprocess.py:93} INFO - 25/12/08 08:13:07 INFO CodeGenerator: Code generated in 67.984359 ms
[2025-12-08T08:13:07.814+0000] {subprocess.py:93} INFO - 25/12/08 08:13:07 INFO FileScanRDD: Reading File path: s3a://datalake/gold/daily_summary/part-00000-4e68d1c9-eb7d-4e71-9939-37fd54233646-c000.snappy.parquet, range: 0-2401, partition values: [empty row]
[2025-12-08T08:13:08.206+0000] {subprocess.py:93} INFO - 25/12/08 08:13:08 INFO S3AInputStream: Switching to Random IO seek policy
[2025-12-08T08:13:08.306+0000] {subprocess.py:93} INFO - 25/12/08 08:13:08 INFO FileScanRDD: Reading File path: s3a://datalake/gold/daily_summary/part-00000-5d27c966-381d-4ea1-86c7-c829d3723a05-c000.snappy.parquet, range: 0-2401, partition values: [empty row]
[2025-12-08T08:13:08.352+0000] {subprocess.py:93} INFO - 25/12/08 08:13:08 INFO S3AInputStream: Switching to Random IO seek policy
[2025-12-08T08:13:08.488+0000] {subprocess.py:93} INFO - 25/12/08 08:13:08 INFO Executor: Finished task 0.0 in stage 8.0 (TID 9). 1969 bytes result sent to driver
[2025-12-08T08:13:08.499+0000] {subprocess.py:93} INFO - 25/12/08 08:13:08 INFO TaskSetManager: Finished task 0.0 in stage 8.0 (TID 9) in 796 ms on 3db08845f297 (executor driver) (1/1)
[2025-12-08T08:13:08.503+0000] {subprocess.py:93} INFO - 25/12/08 08:13:08 INFO TaskSchedulerImpl: Removed TaskSet 8.0, whose tasks have all completed, from pool
[2025-12-08T08:13:08.507+0000] {subprocess.py:93} INFO - 25/12/08 08:13:08 INFO DAGScheduler: ResultStage 8 (showString at NativeMethodAccessorImpl.java:0) finished in 0.838 s
[2025-12-08T08:13:08.510+0000] {subprocess.py:93} INFO - 25/12/08 08:13:08 INFO DAGScheduler: Job 6 is finished. Cancelling potential speculative or zombie tasks for this job
[2025-12-08T08:13:08.512+0000] {subprocess.py:93} INFO - 25/12/08 08:13:08 INFO TaskSchedulerImpl: Killing all running tasks in stage 8: Stage finished
[2025-12-08T08:13:08.515+0000] {subprocess.py:93} INFO - 25/12/08 08:13:08 INFO DAGScheduler: Job 6 finished: showString at NativeMethodAccessorImpl.java:0, took 0.860014 s
[2025-12-08T08:13:08.540+0000] {subprocess.py:93} INFO - 25/12/08 08:13:08 INFO SparkContext: Starting job: showString at NativeMethodAccessorImpl.java:0
[2025-12-08T08:13:08.545+0000] {subprocess.py:93} INFO - 25/12/08 08:13:08 INFO DAGScheduler: Got job 7 (showString at NativeMethodAccessorImpl.java:0) with 1 output partitions
[2025-12-08T08:13:08.549+0000] {subprocess.py:93} INFO - 25/12/08 08:13:08 INFO DAGScheduler: Final stage: ResultStage 9 (showString at NativeMethodAccessorImpl.java:0)
[2025-12-08T08:13:08.551+0000] {subprocess.py:93} INFO - 25/12/08 08:13:08 INFO DAGScheduler: Parents of final stage: List()
[2025-12-08T08:13:08.553+0000] {subprocess.py:93} INFO - 25/12/08 08:13:08 INFO DAGScheduler: Missing parents: List()
[2025-12-08T08:13:08.555+0000] {subprocess.py:93} INFO - 25/12/08 08:13:08 INFO DAGScheduler: Submitting ResultStage 9 (MapPartitionsRDD[25] at showString at NativeMethodAccessorImpl.java:0), which has no missing parents
[2025-12-08T08:13:08.558+0000] {subprocess.py:93} INFO - 25/12/08 08:13:08 INFO MemoryStore: Block broadcast_11 stored as values in memory (estimated size 17.7 KiB, free 433.6 MiB)
[2025-12-08T08:13:08.568+0000] {subprocess.py:93} INFO - 25/12/08 08:13:08 INFO MemoryStore: Block broadcast_11_piece0 stored as bytes in memory (estimated size 7.3 KiB, free 433.5 MiB)
[2025-12-08T08:13:08.571+0000] {subprocess.py:93} INFO - 25/12/08 08:13:08 INFO BlockManagerInfo: Added broadcast_11_piece0 in memory on 3db08845f297:45355 (size: 7.3 KiB, free: 434.3 MiB)
[2025-12-08T08:13:08.572+0000] {subprocess.py:93} INFO - 25/12/08 08:13:08 INFO SparkContext: Created broadcast 11 from broadcast at DAGScheduler.scala:1580
[2025-12-08T08:13:08.575+0000] {subprocess.py:93} INFO - 25/12/08 08:13:08 INFO DAGScheduler: Submitting 1 missing tasks from ResultStage 9 (MapPartitionsRDD[25] at showString at NativeMethodAccessorImpl.java:0) (first 15 tasks are for partitions Vector(1))
[2025-12-08T08:13:08.578+0000] {subprocess.py:93} INFO - 25/12/08 08:13:08 INFO TaskSchedulerImpl: Adding task set 9.0 with 1 tasks resource profile 0
[2025-12-08T08:13:08.596+0000] {subprocess.py:93} INFO - 25/12/08 08:13:08 INFO TaskSetManager: Starting task 0.0 in stage 9.0 (TID 10) (3db08845f297, executor driver, partition 1, PROCESS_LOCAL, 9316 bytes)
[2025-12-08T08:13:08.600+0000] {subprocess.py:93} INFO - 25/12/08 08:13:08 INFO Executor: Running task 0.0 in stage 9.0 (TID 10)
[2025-12-08T08:13:08.621+0000] {subprocess.py:93} INFO - 25/12/08 08:13:08 INFO FileScanRDD: Reading File path: s3a://datalake/gold/daily_summary/part-00000-757d6238-a3bc-4ebc-817e-f29a4715f6df-c000.snappy.parquet, range: 0-2401, partition values: [empty row]
[2025-12-08T08:13:08.677+0000] {subprocess.py:93} INFO - 25/12/08 08:13:08 INFO S3AInputStream: Switching to Random IO seek policy
[2025-12-08T08:13:08.803+0000] {subprocess.py:93} INFO - 25/12/08 08:13:08 INFO Executor: Finished task 0.0 in stage 9.0 (TID 10). 1969 bytes result sent to driver
[2025-12-08T08:13:08.810+0000] {subprocess.py:93} INFO - 25/12/08 08:13:08 INFO TaskSetManager: Finished task 0.0 in stage 9.0 (TID 10) in 216 ms on 3db08845f297 (executor driver) (1/1)
[2025-12-08T08:13:08.813+0000] {subprocess.py:93} INFO - 25/12/08 08:13:08 INFO TaskSchedulerImpl: Removed TaskSet 9.0, whose tasks have all completed, from pool
[2025-12-08T08:13:08.815+0000] {subprocess.py:93} INFO - 25/12/08 08:13:08 INFO DAGScheduler: ResultStage 9 (showString at NativeMethodAccessorImpl.java:0) finished in 0.257 s
[2025-12-08T08:13:08.818+0000] {subprocess.py:93} INFO - 25/12/08 08:13:08 INFO DAGScheduler: Job 7 is finished. Cancelling potential speculative or zombie tasks for this job
[2025-12-08T08:13:08.820+0000] {subprocess.py:93} INFO - 25/12/08 08:13:08 INFO TaskSchedulerImpl: Killing all running tasks in stage 9: Stage finished
[2025-12-08T08:13:08.822+0000] {subprocess.py:93} INFO - 25/12/08 08:13:08 INFO DAGScheduler: Job 7 finished: showString at NativeMethodAccessorImpl.java:0, took 0.275221 s
[2025-12-08T08:13:08.939+0000] {subprocess.py:93} INFO - 25/12/08 08:13:08 INFO CodeGenerator: Code generated in 74.225991 ms
[2025-12-08T08:13:09.003+0000] {subprocess.py:93} INFO - +----------+------------+------------------------------------------------------------------------------------------------------------------------------------------------------------+------------+------------------+
[2025-12-08T08:13:09.005+0000] {subprocess.py:93} INFO - |date      |total_emails|domain_counts                                                                                                                                               |busiest_hour|busiest_hour_count|
[2025-12-08T08:13:09.011+0000] {subprocess.py:93} INFO - +----------+------------+------------------------------------------------------------------------------------------------------------------------------------------------------------+------------+------------------+
[2025-12-08T08:13:09.016+0000] {subprocess.py:93} INFO - |2025-12-07|70          |linkedin.com>:17|indeed.com>:15|etu.uae.ac.ma>:12|commerce.temuemail.com>:12|datascientist.fr>:7|gmail.com>:5|mail.grammarly.com>:1|inspire.pinterest.com>:1|8           |17                |
[2025-12-08T08:13:09.020+0000] {subprocess.py:93} INFO - |2025-12-07|70          |linkedin.com>:17|indeed.com>:15|etu.uae.ac.ma>:12|commerce.temuemail.com>:12|datascientist.fr>:7|gmail.com>:5|mail.grammarly.com>:1|inspire.pinterest.com>:1|8           |17                |
[2025-12-08T08:13:09.023+0000] {subprocess.py:93} INFO - |2025-12-07|70          |linkedin.com>:17|indeed.com>:15|etu.uae.ac.ma>:12|commerce.temuemail.com>:12|datascientist.fr>:7|gmail.com>:5|mail.grammarly.com>:1|inspire.pinterest.com>:1|8           |17                |
[2025-12-08T08:13:09.025+0000] {subprocess.py:93} INFO - +----------+------------+------------------------------------------------------------------------------------------------------------------------------------------------------------+------------+------------------+
[2025-12-08T08:13:09.027+0000] {subprocess.py:93} INFO - 
[2025-12-08T08:13:09.029+0000] {subprocess.py:93} INFO - ============================================================
[2025-12-08T08:13:09.031+0000] {subprocess.py:93} INFO - 
[2025-12-08T08:13:09.033+0000] {subprocess.py:93} INFO - ✅ EXPORT COMPLETED SUCCESSFULLY
[2025-12-08T08:13:09.035+0000] {subprocess.py:93} INFO - 25/12/08 08:13:09 INFO SparkContext: SparkContext is stopping with exitCode 0.
[2025-12-08T08:13:09.118+0000] {subprocess.py:93} INFO - 25/12/08 08:13:09 INFO SparkUI: Stopped Spark web UI at http://3db08845f297:4040
[2025-12-08T08:13:09.176+0000] {subprocess.py:93} INFO - 25/12/08 08:13:09 INFO MapOutputTrackerMasterEndpoint: MapOutputTrackerMasterEndpoint stopped!
[2025-12-08T08:13:09.412+0000] {subprocess.py:93} INFO - 25/12/08 08:13:09 INFO MemoryStore: MemoryStore cleared
[2025-12-08T08:13:09.416+0000] {subprocess.py:93} INFO - 25/12/08 08:13:09 INFO BlockManager: BlockManager stopped
[2025-12-08T08:13:09.429+0000] {subprocess.py:93} INFO - 25/12/08 08:13:09 INFO BlockManagerMaster: BlockManagerMaster stopped
[2025-12-08T08:13:09.448+0000] {subprocess.py:93} INFO - 25/12/08 08:13:09 INFO OutputCommitCoordinator$OutputCommitCoordinatorEndpoint: OutputCommitCoordinator stopped!
[2025-12-08T08:13:09.476+0000] {subprocess.py:93} INFO - 25/12/08 08:13:09 INFO SparkContext: Successfully stopped SparkContext
[2025-12-08T08:13:09.932+0000] {subprocess.py:93} INFO - 25/12/08 08:13:09 INFO ShutdownHookManager: Shutdown hook called
[2025-12-08T08:13:09.936+0000] {subprocess.py:93} INFO - 25/12/08 08:13:09 INFO ShutdownHookManager: Deleting directory /tmp/spark-49e15dfc-a779-4cd2-962c-ccb52d461b3d
[2025-12-08T08:13:09.986+0000] {subprocess.py:93} INFO - 25/12/08 08:13:09 INFO ShutdownHookManager: Deleting directory /tmp/spark-7fee7043-de00-4d56-849f-933a3f1d1c8a
[2025-12-08T08:13:10.002+0000] {subprocess.py:93} INFO - 25/12/08 08:13:10 INFO ShutdownHookManager: Deleting directory /tmp/spark-49e15dfc-a779-4cd2-962c-ccb52d461b3d/pyspark-d19ba024-ec41-4f89-b880-7f123191d2cb
[2025-12-08T08:13:10.027+0000] {subprocess.py:93} INFO - 25/12/08 08:13:10 INFO MetricsSystemImpl: Stopping s3a-file-system metrics system...
[2025-12-08T08:13:10.030+0000] {subprocess.py:93} INFO - 25/12/08 08:13:10 INFO MetricsSystemImpl: s3a-file-system metrics system stopped.
[2025-12-08T08:13:10.033+0000] {subprocess.py:93} INFO - 25/12/08 08:13:10 INFO MetricsSystemImpl: s3a-file-system metrics system shutdown complete.
[2025-12-08T08:13:10.218+0000] {subprocess.py:97} INFO - Command exited with return code 0
[2025-12-08T08:13:11.655+0000] {taskinstance.py:1138} INFO - Marking task as SUCCESS. dag_id=email_intelligence_pipeline, task_id=export_to_postgres, execution_date=20251207T155346, start_date=20251208T081224, end_date=20251208T081311
[2025-12-08T08:13:11.944+0000] {local_task_job_runner.py:234} INFO - Task exited with return code 0
[2025-12-08T08:13:12.321+0000] {taskinstance.py:3280} INFO - 0 downstream tasks scheduled from follow-on schedule check
