[2025-12-04T14:44:46.612+0000] {taskinstance.py:1956} INFO - Dependencies all met for dep_context=non-requeueable deps ti=<TaskInstance: email_pipeline_dag.kafka_producer manual__2025-12-04T14:44:44.998357+00:00 [queued]>
[2025-12-04T14:44:46.636+0000] {taskinstance.py:1956} INFO - Dependencies all met for dep_context=requeueable deps ti=<TaskInstance: email_pipeline_dag.kafka_producer manual__2025-12-04T14:44:44.998357+00:00 [queued]>
[2025-12-04T14:44:46.637+0000] {taskinstance.py:2170} INFO - Starting attempt 1 of 2
[2025-12-04T14:44:46.659+0000] {taskinstance.py:2191} INFO - Executing <Task(BashOperator): kafka_producer> on 2025-12-04 14:44:44.998357+00:00
[2025-12-04T14:44:46.676+0000] {standard_task_runner.py:60} INFO - Started process 413 to run task
[2025-12-04T14:44:46.709+0000] {standard_task_runner.py:87} INFO - Running: ['***', 'tasks', 'run', 'email_pipeline_dag', 'kafka_producer', 'manual__2025-12-04T14:44:44.998357+00:00', '--job-id', '14', '--raw', '--subdir', 'DAGS_FOLDER/email_pipeline_dag.py', '--cfg-path', '/tmp/tmppjx0sgfg']
[2025-12-04T14:44:46.722+0000] {standard_task_runner.py:88} INFO - Job 14: Subtask kafka_producer
[2025-12-04T14:44:46.914+0000] {task_command.py:423} INFO - Running <TaskInstance: email_pipeline_dag.kafka_producer manual__2025-12-04T14:44:44.998357+00:00 [running]> on host 6e7292567bd4
[2025-12-04T14:44:47.072+0000] {taskinstance.py:2480} INFO - Exporting env vars: AIRFLOW_CTX_DAG_OWNER='***' AIRFLOW_CTX_DAG_ID='email_pipeline_dag' AIRFLOW_CTX_TASK_ID='kafka_producer' AIRFLOW_CTX_EXECUTION_DATE='2025-12-04T14:44:44.998357+00:00' AIRFLOW_CTX_TRY_NUMBER='1' AIRFLOW_CTX_DAG_RUN_ID='manual__2025-12-04T14:44:44.998357+00:00'
[2025-12-04T14:44:47.074+0000] {subprocess.py:63} INFO - Tmp dir root location: /tmp
[2025-12-04T14:44:47.079+0000] {subprocess.py:75} INFO - Running command: ['/usr/bin/bash', '-c', 'python /opt/***/kafka/Producer/email_producer.py']
[2025-12-04T14:44:47.096+0000] {subprocess.py:86} INFO - Output:
[2025-12-04T14:44:48.193+0000] {subprocess.py:93} INFO - 2025-12-04 14:44:48,193 - __main__ - INFO - 🚀 Starting Producer + Consumer...
[2025-12-04T14:44:48.193+0000] {subprocess.py:93} INFO - 2025-12-04 14:44:48,193 - __main__ - INFO - 🔐 Authenticating with Gmail API...
[2025-12-04T14:44:48.199+0000] {subprocess.py:93} INFO - 2025-12-04 14:44:48,193 - __main__ - ERROR - ❌ Error: [Errno 2] No such file or directory: 'credentials.json'
[2025-12-04T14:44:48.200+0000] {subprocess.py:93} INFO - Traceback (most recent call last):
[2025-12-04T14:44:48.201+0000] {subprocess.py:93} INFO -   File "/opt/***/kafka/Producer/email_producer.py", line 226, in main
[2025-12-04T14:44:48.201+0000] {subprocess.py:93} INFO -     service = authenticate_gmail()
[2025-12-04T14:44:48.202+0000] {subprocess.py:93} INFO -   File "/opt/***/kafka/Producer/email_producer.py", line 48, in authenticate_gmail
[2025-12-04T14:44:48.203+0000] {subprocess.py:93} INFO -     flow = InstalledAppFlow.from_client_secrets_file(
[2025-12-04T14:44:48.203+0000] {subprocess.py:93} INFO -   File "/home/***/.local/lib/python3.8/site-packages/google_auth_oauthlib/flow.py", line 198, in from_client_secrets_file
[2025-12-04T14:44:48.203+0000] {subprocess.py:93} INFO -     with open(client_secrets_file, "r") as json_file:
[2025-12-04T14:44:48.204+0000] {subprocess.py:93} INFO - FileNotFoundError: [Errno 2] No such file or directory: 'credentials.json'
[2025-12-04T14:44:48.209+0000] {subprocess.py:93} INFO - Traceback (most recent call last):
[2025-12-04T14:44:48.209+0000] {subprocess.py:93} INFO -   File "/opt/***/kafka/Producer/email_producer.py", line 264, in <module>
[2025-12-04T14:44:48.210+0000] {subprocess.py:93} INFO -     main()
[2025-12-04T14:44:48.210+0000] {subprocess.py:93} INFO -   File "/opt/***/kafka/Producer/email_producer.py", line 226, in main
[2025-12-04T14:44:48.211+0000] {subprocess.py:93} INFO -     service = authenticate_gmail()
[2025-12-04T14:44:48.211+0000] {subprocess.py:93} INFO -   File "/opt/***/kafka/Producer/email_producer.py", line 48, in authenticate_gmail
[2025-12-04T14:44:48.212+0000] {subprocess.py:93} INFO -     flow = InstalledAppFlow.from_client_secrets_file(
[2025-12-04T14:44:48.212+0000] {subprocess.py:93} INFO -   File "/home/***/.local/lib/python3.8/site-packages/google_auth_oauthlib/flow.py", line 198, in from_client_secrets_file
[2025-12-04T14:44:48.213+0000] {subprocess.py:93} INFO -     with open(client_secrets_file, "r") as json_file:
[2025-12-04T14:44:48.213+0000] {subprocess.py:93} INFO - FileNotFoundError: [Errno 2] No such file or directory: 'credentials.json'
[2025-12-04T14:44:48.298+0000] {subprocess.py:97} INFO - Command exited with return code 1
[2025-12-04T14:44:48.308+0000] {taskinstance.py:2698} ERROR - Task failed with exception
Traceback (most recent call last):
  File "/home/airflow/.local/lib/python3.8/site-packages/airflow/models/taskinstance.py", line 433, in _execute_task
    result = execute_callable(context=context, **execute_callable_kwargs)
  File "/home/airflow/.local/lib/python3.8/site-packages/airflow/operators/bash.py", line 212, in execute
    raise AirflowException(
airflow.exceptions.AirflowException: Bash command failed. The command returned a non-zero exit code 1.
[2025-12-04T14:44:48.311+0000] {taskinstance.py:1138} INFO - Marking task as UP_FOR_RETRY. dag_id=email_pipeline_dag, task_id=kafka_producer, execution_date=20251204T144444, start_date=20251204T144446, end_date=20251204T144448
[2025-12-04T14:44:48.321+0000] {standard_task_runner.py:107} ERROR - Failed to execute job 14 for task kafka_producer (Bash command failed. The command returned a non-zero exit code 1.; 413)
[2025-12-04T14:44:48.368+0000] {local_task_job_runner.py:234} INFO - Task exited with return code 1
[2025-12-04T14:44:48.400+0000] {taskinstance.py:3280} INFO - 0 downstream tasks scheduled from follow-on schedule check
