[2025-12-04T14:59:05.512+0000] {taskinstance.py:1956} INFO - Dependencies all met for dep_context=non-requeueable deps ti=<TaskInstance: email_pipeline_dag.kafka_producer manual__2025-12-04T14:59:04.645724+00:00 [queued]>
[2025-12-04T14:59:05.519+0000] {taskinstance.py:1956} INFO - Dependencies all met for dep_context=requeueable deps ti=<TaskInstance: email_pipeline_dag.kafka_producer manual__2025-12-04T14:59:04.645724+00:00 [queued]>
[2025-12-04T14:59:05.520+0000] {taskinstance.py:2170} INFO - Starting attempt 1 of 2
[2025-12-04T14:59:05.565+0000] {taskinstance.py:2191} INFO - Executing <Task(BashOperator): kafka_producer> on 2025-12-04 14:59:04.645724+00:00
[2025-12-04T14:59:05.570+0000] {standard_task_runner.py:60} INFO - Started process 306 to run task
[2025-12-04T14:59:05.576+0000] {standard_task_runner.py:87} INFO - Running: ['***', 'tasks', 'run', 'email_pipeline_dag', 'kafka_producer', 'manual__2025-12-04T14:59:04.645724+00:00', '--job-id', '33', '--raw', '--subdir', 'DAGS_FOLDER/email_pipeline_dag.py', '--cfg-path', '/tmp/tmpelqx6_zv']
[2025-12-04T14:59:05.579+0000] {standard_task_runner.py:88} INFO - Job 33: Subtask kafka_producer
[2025-12-04T14:59:05.666+0000] {task_command.py:423} INFO - Running <TaskInstance: email_pipeline_dag.kafka_producer manual__2025-12-04T14:59:04.645724+00:00 [running]> on host 9661cc5961a1
[2025-12-04T14:59:05.737+0000] {taskinstance.py:2480} INFO - Exporting env vars: AIRFLOW_CTX_DAG_OWNER='***' AIRFLOW_CTX_DAG_ID='email_pipeline_dag' AIRFLOW_CTX_TASK_ID='kafka_producer' AIRFLOW_CTX_EXECUTION_DATE='2025-12-04T14:59:04.645724+00:00' AIRFLOW_CTX_TRY_NUMBER='1' AIRFLOW_CTX_DAG_RUN_ID='manual__2025-12-04T14:59:04.645724+00:00'
[2025-12-04T14:59:05.738+0000] {subprocess.py:63} INFO - Tmp dir root location: /tmp
[2025-12-04T14:59:05.739+0000] {subprocess.py:75} INFO - Running command: ['/usr/bin/bash', '-c', 'python /opt/***/kafka/Producer/email_producer.py']
[2025-12-04T14:59:05.749+0000] {subprocess.py:86} INFO - Output:
[2025-12-04T14:59:06.390+0000] {subprocess.py:93} INFO - 2025-12-04 14:59:06,389 - __main__ - INFO - 🚀 Starting Producer + Consumer...
[2025-12-04T14:59:06.391+0000] {subprocess.py:93} INFO - 2025-12-04 14:59:06,389 - __main__ - INFO - 🔐 Authenticating with Gmail API...
[2025-12-04T14:59:06.401+0000] {subprocess.py:93} INFO - 2025-12-04 14:59:06,400 - googleapiclient.discovery_cache - INFO - file_cache is only supported with oauth2client<4.0.0
[2025-12-04T14:59:06.402+0000] {subprocess.py:93} INFO - 2025-12-04 14:59:06,402 - __main__ - INFO - 📨 Connecting to Kafka...
[2025-12-04T14:59:06.403+0000] {subprocess.py:93} INFO - 2025-12-04 14:59:06,403 - kafka.conn - INFO - <BrokerConnection client_id=kafka-python-producer-1, node_id=bootstrap-0 host=kafka:29092 <connecting> [IPv4 ('172.20.0.4', 29092)]>: connecting to kafka:29092 [('172.20.0.4', 29092) IPv4]
[2025-12-04T14:59:06.406+0000] {subprocess.py:93} INFO - 2025-12-04 14:59:06,406 - kafka.conn - INFO - <BrokerConnection client_id=kafka-python-producer-1, node_id=bootstrap-0 host=kafka:29092 <checking_api_versions_recv> [IPv4 ('172.20.0.4', 29092)]>: Broker version identified as 2.6
[2025-12-04T14:59:06.407+0000] {subprocess.py:93} INFO - 2025-12-04 14:59:06,406 - kafka.conn - INFO - <BrokerConnection client_id=kafka-python-producer-1, node_id=bootstrap-0 host=kafka:29092 <connected> [IPv4 ('172.20.0.4', 29092)]>: Connection complete.
[2025-12-04T14:59:06.408+0000] {subprocess.py:93} INFO - 2025-12-04 14:59:06,407 - __main__ - INFO - 🎬 Démarrage du visualiseur temps réel...
[2025-12-04T14:59:06.409+0000] {subprocess.py:93} INFO - 2025-12-04 14:59:06,408 - __main__ - INFO - ✓ Consumer thread started
[2025-12-04T14:59:06.410+0000] {subprocess.py:93} INFO - 2025-12-04 14:59:06,408 - __main__ - INFO - 📧 Fetching recent emails...
[2025-12-04T14:59:06.411+0000] {subprocess.py:93} INFO - 2025-12-04 14:59:06,411 - kafka.conn - INFO - <BrokerConnection client_id=kafka-python-2.3.0, node_id=bootstrap-0 host=kafka:29092 <connecting> [IPv4 ('172.20.0.4', 29092)]>: connecting to kafka:29092 [('172.20.0.4', 29092) IPv4]
[2025-12-04T14:59:06.416+0000] {subprocess.py:93} INFO - 2025-12-04 14:59:06,416 - kafka.conn - INFO - <BrokerConnection client_id=kafka-python-2.3.0, node_id=bootstrap-0 host=kafka:29092 <checking_api_versions_recv> [IPv4 ('172.20.0.4', 29092)]>: Broker version identified as 2.6
[2025-12-04T14:59:06.417+0000] {subprocess.py:93} INFO - 2025-12-04 14:59:06,416 - kafka.conn - INFO - <BrokerConnection client_id=kafka-python-2.3.0, node_id=bootstrap-0 host=kafka:29092 <connected> [IPv4 ('172.20.0.4', 29092)]>: Connection complete.
[2025-12-04T14:59:06.417+0000] {subprocess.py:93} INFO - 2025-12-04 14:59:06,416 - kafka.consumer.subscription_state - INFO - Updating subscribed topics to: ('emails-topic',)
[2025-12-04T14:59:06.420+0000] {subprocess.py:93} INFO - 2025-12-04 14:59:06,420 - kafka.conn - INFO - <BrokerConnection client_id=kafka-python-2.3.0, node_id=1 host=kafka:29092 <connecting> [IPv4 ('172.20.0.4', 29092)]>: connecting to kafka:29092 [('172.20.0.4', 29092) IPv4]
[2025-12-04T14:59:06.421+0000] {subprocess.py:93} INFO - 2025-12-04 14:59:06,421 - kafka.conn - INFO - <BrokerConnection client_id=kafka-python-2.3.0, node_id=1 host=kafka:29092 <connected> [IPv4 ('172.20.0.4', 29092)]>: Connection complete.
[2025-12-04T14:59:06.422+0000] {subprocess.py:93} INFO - 2025-12-04 14:59:06,421 - kafka.conn - INFO - <BrokerConnection client_id=kafka-python-2.3.0, node_id=bootstrap-0 host=kafka:29092 <connected> [IPv4 ('172.20.0.4', 29092)]>: Closing connection.
[2025-12-04T14:59:06.527+0000] {subprocess.py:93} INFO - 2025-12-04 14:59:06,526 - kafka.cluster - INFO - Coordinator for group/unified-viewer is BrokerMetadata(nodeId='coordinator-1', host='kafka', port=29092, rack=None)
[2025-12-04T14:59:06.528+0000] {subprocess.py:93} INFO - 2025-12-04 14:59:06,526 - kafka.coordinator - INFO - Discovered coordinator coordinator-1 for group unified-viewer
[2025-12-04T14:59:06.530+0000] {subprocess.py:93} INFO - 2025-12-04 14:59:06,526 - kafka.coordinator.heartbeat - INFO - Starting new heartbeat thread
[2025-12-04T14:59:06.531+0000] {subprocess.py:93} INFO - 2025-12-04 14:59:06,528 - kafka.coordinator.consumer - INFO - Revoking previously assigned partitions set() for group unified-viewer
[2025-12-04T14:59:06.532+0000] {subprocess.py:93} INFO - 2025-12-04 14:59:06,528 - kafka.coordinator - INFO - Failed to join group unified-viewer: NodeNotReadyError: coordinator-1
[2025-12-04T14:59:06.533+0000] {subprocess.py:93} INFO - 2025-12-04 14:59:06,529 - kafka.conn - INFO - <BrokerConnection client_id=kafka-python-2.3.0, node_id=coordinator-1 host=kafka:29092 <connecting> [IPv4 ('172.20.0.4', 29092)]>: connecting to kafka:29092 [('172.20.0.4', 29092) IPv4]
[2025-12-04T14:59:06.534+0000] {subprocess.py:93} INFO - 2025-12-04 14:59:06,530 - kafka.conn - INFO - <BrokerConnection client_id=kafka-python-2.3.0, node_id=coordinator-1 host=kafka:29092 <connected> [IPv4 ('172.20.0.4', 29092)]>: Connection complete.
[2025-12-04T14:59:06.631+0000] {subprocess.py:93} INFO - 2025-12-04 14:59:06,630 - kafka.coordinator - INFO - (Re-)joining group unified-viewer
[2025-12-04T14:59:06.636+0000] {subprocess.py:93} INFO - 2025-12-04 14:59:06,636 - kafka.coordinator - INFO - Received member id kafka-python-2.3.0-27411eff-2eab-4635-a3c1-e7f68fa12c56 for group unified-viewer; will retry join-group
[2025-12-04T14:59:06.639+0000] {subprocess.py:93} INFO - 2025-12-04 14:59:06,636 - kafka.coordinator - INFO - Failed to join group unified-viewer: [Error 79] MemberIdRequiredError
[2025-12-04T14:59:06.645+0000] {subprocess.py:93} INFO - 2025-12-04 14:59:06,636 - kafka.coordinator - INFO - (Re-)joining group unified-viewer
[2025-12-04T14:59:06.805+0000] {subprocess.py:93} INFO - 2025-12-04 14:59:06,804 - __main__ - INFO - Found 10 emails in last 24 hours
[2025-12-04T14:59:07.296+0000] {subprocess.py:93} INFO - 2025-12-04 14:59:07,296 - kafka.coordinator - INFO - Successfully joined group unified-viewer <Generation 7 (member_id: kafka-python-2.3.0-27411eff-2eab-4635-a3c1-e7f68fa12c56, protocol: range)>
[2025-12-04T14:59:07.307+0000] {subprocess.py:93} INFO - 2025-12-04 14:59:07,305 - kafka.consumer.subscription_state - INFO - Updated partition assignment: []
[2025-12-04T14:59:07.308+0000] {subprocess.py:93} INFO - 2025-12-04 14:59:07,307 - kafka.coordinator.consumer - INFO - Setting newly assigned partitions set() for group unified-viewer
[2025-12-04T14:59:09.507+0000] {subprocess.py:93} INFO - 2025-12-04 14:59:09,507 - kafka.conn - INFO - <BrokerConnection client_id=kafka-python-producer-1, node_id=1 host=kafka:29092 <connecting> [IPv4 ('172.20.0.4', 29092)]>: connecting to kafka:29092 [('172.20.0.4', 29092) IPv4]
[2025-12-04T14:59:09.509+0000] {subprocess.py:93} INFO - 2025-12-04 14:59:09,508 - kafka.conn - INFO - <BrokerConnection client_id=kafka-python-producer-1, node_id=1 host=kafka:29092 <connected> [IPv4 ('172.20.0.4', 29092)]>: Connection complete.
[2025-12-04T14:59:09.510+0000] {subprocess.py:93} INFO - 2025-12-04 14:59:09,508 - kafka.conn - INFO - <BrokerConnection client_id=kafka-python-producer-1, node_id=bootstrap-0 host=kafka:29092 <connected> [IPv4 ('172.20.0.4', 29092)]>: Closing connection.
[2025-12-04T14:59:09.518+0000] {subprocess.py:93} INFO - 2025-12-04 14:59:09,518 - __main__ - INFO - ✓ Email sent to Kafka - Offset: 40
[2025-12-04T14:59:09.522+0000] {subprocess.py:93} INFO - 2025-12-04 14:59:09,522 - __main__ - INFO - ✓ Email sent to Kafka - Offset: 41
[2025-12-04T14:59:09.536+0000] {subprocess.py:93} INFO - 2025-12-04 14:59:09,536 - __main__ - INFO - ✓ Email sent to Kafka - Offset: 42
[2025-12-04T14:59:09.542+0000] {subprocess.py:93} INFO - 2025-12-04 14:59:09,541 - __main__ - INFO - ✓ Email sent to Kafka - Offset: 43
[2025-12-04T14:59:09.550+0000] {subprocess.py:93} INFO - 2025-12-04 14:59:09,550 - __main__ - INFO - ✓ Email sent to Kafka - Offset: 44
[2025-12-04T14:59:09.556+0000] {subprocess.py:93} INFO - 2025-12-04 14:59:09,556 - __main__ - INFO - ✓ Email sent to Kafka - Offset: 45
[2025-12-04T14:59:09.561+0000] {subprocess.py:93} INFO - 2025-12-04 14:59:09,561 - __main__ - INFO - ✓ Email sent to Kafka - Offset: 46
[2025-12-04T14:59:09.566+0000] {subprocess.py:93} INFO - 2025-12-04 14:59:09,565 - __main__ - INFO - ✓ Email sent to Kafka - Offset: 47
[2025-12-04T14:59:09.569+0000] {subprocess.py:93} INFO - 2025-12-04 14:59:09,568 - __main__ - INFO - ✓ Email sent to Kafka - Offset: 48
[2025-12-04T14:59:09.576+0000] {subprocess.py:93} INFO - 2025-12-04 14:59:09,576 - __main__ - INFO - ✓ Email sent to Kafka - Offset: 49
[2025-12-04T14:59:09.577+0000] {subprocess.py:93} INFO - 2025-12-04 14:59:09,576 - __main__ - INFO - ✅ Successfully sent 10 emails to Kafka
[2025-12-04T14:59:43.465+0000] {subprocess.py:93} INFO - 2025-12-04 14:59:43,465 - kafka.coordinator.heartbeat - WARNING - Heartbeat failed for group unified-viewer because it is rebalancing
[2025-12-04T14:59:43.467+0000] {subprocess.py:93} INFO - 2025-12-04 14:59:43,465 - kafka.coordinator.consumer - INFO - Revoking previously assigned partitions set() for group unified-viewer
[2025-12-04T14:59:43.468+0000] {subprocess.py:93} INFO - 2025-12-04 14:59:43,465 - kafka.coordinator - INFO - (Re-)joining group unified-viewer
[2025-12-04T14:59:43.473+0000] {subprocess.py:93} INFO - 2025-12-04 14:59:43,472 - kafka.coordinator - INFO - Successfully joined group unified-viewer <Generation 8 (member_id: kafka-python-2.3.0-27411eff-2eab-4635-a3c1-e7f68fa12c56, protocol: range)>
[2025-12-04T14:59:43.484+0000] {subprocess.py:93} INFO - 2025-12-04 14:59:43,484 - kafka.consumer.subscription_state - INFO - Updated partition assignment: []
[2025-12-04T14:59:43.485+0000] {subprocess.py:93} INFO - 2025-12-04 14:59:43,484 - kafka.coordinator.consumer - INFO - Setting newly assigned partitions set() for group unified-viewer
[2025-12-04T14:59:49.509+0000] {subprocess.py:93} INFO - 2025-12-04 14:59:49,506 - kafka.coordinator.heartbeat - WARNING - Heartbeat failed for group unified-viewer because it is rebalancing
[2025-12-04T14:59:49.517+0000] {subprocess.py:93} INFO - 2025-12-04 14:59:49,508 - kafka.coordinator.consumer - INFO - Revoking previously assigned partitions set() for group unified-viewer
[2025-12-04T14:59:49.519+0000] {subprocess.py:93} INFO - 2025-12-04 14:59:49,508 - kafka.coordinator - INFO - (Re-)joining group unified-viewer
[2025-12-04T14:59:49.530+0000] {subprocess.py:93} INFO - 2025-12-04 14:59:49,530 - kafka.coordinator - INFO - Successfully joined group unified-viewer <Generation 9 (member_id: kafka-python-2.3.0-27411eff-2eab-4635-a3c1-e7f68fa12c56, protocol: range)>
[2025-12-04T14:59:49.541+0000] {subprocess.py:93} INFO - 2025-12-04 14:59:49,541 - kafka.consumer.subscription_state - INFO - Updated partition assignment: []
[2025-12-04T14:59:49.544+0000] {subprocess.py:93} INFO - 2025-12-04 14:59:49,541 - kafka.coordinator.consumer - INFO - Setting newly assigned partitions set() for group unified-viewer
[2025-12-04T15:01:25.897+0000] {subprocess.py:93} INFO - 2025-12-04 15:01:25,896 - kafka.coordinator.heartbeat - WARNING - Heartbeat failed for group unified-viewer because it is rebalancing
[2025-12-04T15:01:25.898+0000] {subprocess.py:93} INFO - 2025-12-04 15:01:25,897 - kafka.coordinator.consumer - INFO - Revoking previously assigned partitions set() for group unified-viewer
[2025-12-04T15:01:25.899+0000] {subprocess.py:93} INFO - 2025-12-04 15:01:25,897 - kafka.coordinator - INFO - (Re-)joining group unified-viewer
[2025-12-04T15:01:25.967+0000] {subprocess.py:93} INFO - 2025-12-04 15:01:25,967 - kafka.coordinator - INFO - Successfully joined group unified-viewer <Generation 10 (member_id: kafka-python-2.3.0-27411eff-2eab-4635-a3c1-e7f68fa12c56, protocol: range)>
[2025-12-04T15:01:25.980+0000] {subprocess.py:93} INFO - 2025-12-04 15:01:25,979 - kafka.consumer.subscription_state - INFO - Updated partition assignment: []
[2025-12-04T15:01:25.983+0000] {subprocess.py:93} INFO - 2025-12-04 15:01:25,980 - kafka.coordinator.consumer - INFO - Setting newly assigned partitions set() for group unified-viewer
[2025-12-04T15:01:59.073+0000] {subprocess.py:93} INFO - 2025-12-04 15:01:59,073 - kafka.coordinator.heartbeat - WARNING - Heartbeat failed for group unified-viewer because it is rebalancing
[2025-12-04T15:01:59.075+0000] {subprocess.py:93} INFO - 2025-12-04 15:01:59,073 - kafka.coordinator.consumer - INFO - Revoking previously assigned partitions set() for group unified-viewer
[2025-12-04T15:01:59.076+0000] {subprocess.py:93} INFO - 2025-12-04 15:01:59,073 - kafka.coordinator - INFO - (Re-)joining group unified-viewer
[2025-12-04T15:01:59.126+0000] {subprocess.py:93} INFO - 2025-12-04 15:01:59,125 - kafka.coordinator - INFO - Successfully joined group unified-viewer <Generation 11 (member_id: kafka-python-2.3.0-27411eff-2eab-4635-a3c1-e7f68fa12c56, protocol: range)>
[2025-12-04T15:01:59.133+0000] {subprocess.py:93} INFO - 2025-12-04 15:01:59,133 - kafka.consumer.subscription_state - INFO - Updated partition assignment: []
[2025-12-04T15:01:59.135+0000] {subprocess.py:93} INFO - 2025-12-04 15:01:59,133 - kafka.coordinator.consumer - INFO - Setting newly assigned partitions set() for group unified-viewer
[2025-12-04T15:02:20.256+0000] {subprocess.py:93} INFO - 2025-12-04 15:02:20,256 - kafka.coordinator.heartbeat - WARNING - Heartbeat failed for group unified-viewer because it is rebalancing
[2025-12-04T15:02:20.258+0000] {subprocess.py:93} INFO - 2025-12-04 15:02:20,256 - kafka.coordinator.consumer - INFO - Revoking previously assigned partitions set() for group unified-viewer
[2025-12-04T15:02:20.259+0000] {subprocess.py:93} INFO - 2025-12-04 15:02:20,256 - kafka.coordinator - INFO - (Re-)joining group unified-viewer
[2025-12-04T15:02:20.268+0000] {subprocess.py:93} INFO - 2025-12-04 15:02:20,268 - kafka.coordinator - INFO - Successfully joined group unified-viewer <Generation 12 (member_id: kafka-python-2.3.0-27411eff-2eab-4635-a3c1-e7f68fa12c56, protocol: range)>
[2025-12-04T15:02:20.277+0000] {subprocess.py:93} INFO - 2025-12-04 15:02:20,276 - kafka.consumer.subscription_state - INFO - Updated partition assignment: []
[2025-12-04T15:02:20.280+0000] {subprocess.py:93} INFO - 2025-12-04 15:02:20,277 - kafka.coordinator.consumer - INFO - Setting newly assigned partitions set() for group unified-viewer
[2025-12-04T15:02:32.299+0000] {subprocess.py:93} INFO - 2025-12-04 15:02:32,298 - kafka.coordinator.heartbeat - WARNING - Heartbeat failed for group unified-viewer because it is rebalancing
[2025-12-04T15:02:32.301+0000] {subprocess.py:93} INFO - 2025-12-04 15:02:32,299 - kafka.coordinator.consumer - INFO - Revoking previously assigned partitions set() for group unified-viewer
[2025-12-04T15:02:32.304+0000] {subprocess.py:93} INFO - 2025-12-04 15:02:32,299 - kafka.coordinator - INFO - (Re-)joining group unified-viewer
[2025-12-04T15:02:32.355+0000] {subprocess.py:93} INFO - 2025-12-04 15:02:32,355 - kafka.coordinator - INFO - Successfully joined group unified-viewer <Generation 13 (member_id: kafka-python-2.3.0-27411eff-2eab-4635-a3c1-e7f68fa12c56, protocol: range)>
[2025-12-04T15:02:32.372+0000] {subprocess.py:93} INFO - 2025-12-04 15:02:32,371 - kafka.consumer.subscription_state - INFO - Updated partition assignment: []
[2025-12-04T15:02:32.377+0000] {subprocess.py:93} INFO - 2025-12-04 15:02:32,373 - kafka.coordinator.consumer - INFO - Setting newly assigned partitions set() for group unified-viewer
[2025-12-04T15:05:37.373+0000] {subprocess.py:93} INFO - 2025-12-04 15:05:37,365 - kafka.coordinator.heartbeat - WARNING - Heartbeat failed for group unified-viewer because it is rebalancing
[2025-12-04T15:05:37.384+0000] {subprocess.py:93} INFO - 2025-12-04 15:05:37,370 - kafka.coordinator.consumer - INFO - Revoking previously assigned partitions set() for group unified-viewer
[2025-12-04T15:05:37.385+0000] {subprocess.py:93} INFO - 2025-12-04 15:05:37,370 - kafka.coordinator - INFO - (Re-)joining group unified-viewer
[2025-12-04T15:05:37.393+0000] {subprocess.py:93} INFO - 2025-12-04 15:05:37,389 - kafka.coordinator - INFO - Successfully joined group unified-viewer <Generation 14 (member_id: kafka-python-2.3.0-27411eff-2eab-4635-a3c1-e7f68fa12c56, protocol: range)>
[2025-12-04T15:05:37.405+0000] {subprocess.py:93} INFO - 2025-12-04 15:05:37,404 - kafka.consumer.subscription_state - INFO - Updated partition assignment: []
[2025-12-04T15:05:37.408+0000] {subprocess.py:93} INFO - 2025-12-04 15:05:37,405 - kafka.coordinator.consumer - INFO - Setting newly assigned partitions set() for group unified-viewer
[2025-12-04T15:06:19.603+0000] {subprocess.py:93} INFO - 2025-12-04 15:06:19,602 - kafka.coordinator.heartbeat - WARNING - Heartbeat failed for group unified-viewer because it is rebalancing
[2025-12-04T15:06:19.605+0000] {subprocess.py:93} INFO - 2025-12-04 15:06:19,603 - kafka.coordinator.consumer - INFO - Revoking previously assigned partitions set() for group unified-viewer
[2025-12-04T15:06:19.607+0000] {subprocess.py:93} INFO - 2025-12-04 15:06:19,603 - kafka.coordinator - INFO - (Re-)joining group unified-viewer
[2025-12-04T15:06:19.651+0000] {subprocess.py:93} INFO - 2025-12-04 15:06:19,649 - kafka.coordinator - INFO - Successfully joined group unified-viewer <Generation 15 (member_id: kafka-python-2.3.0-27411eff-2eab-4635-a3c1-e7f68fa12c56, protocol: range)>
[2025-12-04T15:06:19.669+0000] {subprocess.py:93} INFO - 2025-12-04 15:06:19,669 - kafka.consumer.subscription_state - INFO - Updated partition assignment: []
[2025-12-04T15:06:19.672+0000] {subprocess.py:93} INFO - 2025-12-04 15:06:19,670 - kafka.coordinator.consumer - INFO - Setting newly assigned partitions set() for group unified-viewer
[2025-12-04T15:17:21.800+0000] {job.py:213} ERROR - Job heartbeat got an exception
Traceback (most recent call last):
  File "/home/airflow/.local/lib/python3.8/site-packages/sqlalchemy/engine/base.py", line 3371, in _wrap_pool_connect
    return fn()
  File "/home/airflow/.local/lib/python3.8/site-packages/sqlalchemy/pool/base.py", line 327, in connect
    return _ConnectionFairy._checkout(self)
  File "/home/airflow/.local/lib/python3.8/site-packages/sqlalchemy/pool/base.py", line 894, in _checkout
    fairy = _ConnectionRecord.checkout(pool)
  File "/home/airflow/.local/lib/python3.8/site-packages/sqlalchemy/pool/base.py", line 493, in checkout
    rec = pool._do_get()
  File "/home/airflow/.local/lib/python3.8/site-packages/sqlalchemy/pool/impl.py", line 256, in _do_get
    return self._create_connection()
  File "/home/airflow/.local/lib/python3.8/site-packages/sqlalchemy/pool/base.py", line 273, in _create_connection
    return _ConnectionRecord(self)
  File "/home/airflow/.local/lib/python3.8/site-packages/sqlalchemy/pool/base.py", line 388, in __init__
    self.__connect()
  File "/home/airflow/.local/lib/python3.8/site-packages/sqlalchemy/pool/base.py", line 691, in __connect
    pool.logger.debug("Error on connect(): %s", e)
  File "/home/airflow/.local/lib/python3.8/site-packages/sqlalchemy/util/langhelpers.py", line 70, in __exit__
    compat.raise_(
  File "/home/airflow/.local/lib/python3.8/site-packages/sqlalchemy/util/compat.py", line 211, in raise_
    raise exception
  File "/home/airflow/.local/lib/python3.8/site-packages/sqlalchemy/pool/base.py", line 686, in __connect
    self.dbapi_connection = connection = pool._invoke_creator(self)
  File "/home/airflow/.local/lib/python3.8/site-packages/sqlalchemy/engine/create.py", line 574, in connect
    return dialect.connect(*cargs, **cparams)
  File "/home/airflow/.local/lib/python3.8/site-packages/sqlalchemy/engine/default.py", line 598, in connect
    return self.dbapi.connect(*cargs, **cparams)
  File "/home/airflow/.local/lib/python3.8/site-packages/psycopg2/__init__.py", line 122, in connect
    conn = _connect(dsn, connection_factory=connection_factory, **kwasync)
psycopg2.OperationalError: could not translate host name "postgres" to address: Temporary failure in name resolution


The above exception was the direct cause of the following exception:

Traceback (most recent call last):
  File "/home/airflow/.local/lib/python3.8/site-packages/airflow/jobs/job.py", line 187, in heartbeat
    self._merge_from(Job._fetch_from_db(self, session))
  File "/home/airflow/.local/lib/python3.8/site-packages/airflow/api_internal/internal_api_call.py", line 114, in wrapper
    return func(*args, **kwargs)
  File "/home/airflow/.local/lib/python3.8/site-packages/airflow/utils/session.py", line 76, in wrapper
    return func(*args, **kwargs)
  File "/home/airflow/.local/lib/python3.8/site-packages/airflow/jobs/job.py", line 308, in _fetch_from_db
    session.merge(job)
  File "/home/airflow/.local/lib/python3.8/site-packages/sqlalchemy/orm/session.py", line 3056, in merge
    return self._merge(
  File "/home/airflow/.local/lib/python3.8/site-packages/sqlalchemy/orm/session.py", line 3136, in _merge
    merged = self.get(
  File "/home/airflow/.local/lib/python3.8/site-packages/sqlalchemy/orm/session.py", line 2853, in get
    return self._get_impl(
  File "/home/airflow/.local/lib/python3.8/site-packages/sqlalchemy/orm/session.py", line 2975, in _get_impl
    return db_load_fn(
  File "/home/airflow/.local/lib/python3.8/site-packages/sqlalchemy/orm/loading.py", line 530, in load_on_pk_identity
    session.execute(
  File "/home/airflow/.local/lib/python3.8/site-packages/sqlalchemy/orm/session.py", line 1716, in execute
    conn = self._connection_for_bind(bind)
  File "/home/airflow/.local/lib/python3.8/site-packages/sqlalchemy/orm/session.py", line 1555, in _connection_for_bind
    return self._transaction._connection_for_bind(
  File "/home/airflow/.local/lib/python3.8/site-packages/sqlalchemy/orm/session.py", line 750, in _connection_for_bind
    conn = bind.connect()
  File "/home/airflow/.local/lib/python3.8/site-packages/sqlalchemy/future/engine.py", line 412, in connect
    return super(Engine, self).connect()
  File "/home/airflow/.local/lib/python3.8/site-packages/sqlalchemy/engine/base.py", line 3325, in connect
    return self._connection_cls(self, close_with_result=close_with_result)
  File "/home/airflow/.local/lib/python3.8/site-packages/sqlalchemy/engine/base.py", line 96, in __init__
    else engine.raw_connection()
  File "/home/airflow/.local/lib/python3.8/site-packages/sqlalchemy/engine/base.py", line 3404, in raw_connection
    return self._wrap_pool_connect(self.pool.connect, _connection)
  File "/home/airflow/.local/lib/python3.8/site-packages/sqlalchemy/engine/base.py", line 3374, in _wrap_pool_connect
    Connection._handle_dbapi_exception_noconnection(
  File "/home/airflow/.local/lib/python3.8/site-packages/sqlalchemy/engine/base.py", line 2208, in _handle_dbapi_exception_noconnection
    util.raise_(
  File "/home/airflow/.local/lib/python3.8/site-packages/sqlalchemy/util/compat.py", line 211, in raise_
    raise exception
  File "/home/airflow/.local/lib/python3.8/site-packages/sqlalchemy/engine/base.py", line 3371, in _wrap_pool_connect
    return fn()
  File "/home/airflow/.local/lib/python3.8/site-packages/sqlalchemy/pool/base.py", line 327, in connect
    return _ConnectionFairy._checkout(self)
  File "/home/airflow/.local/lib/python3.8/site-packages/sqlalchemy/pool/base.py", line 894, in _checkout
    fairy = _ConnectionRecord.checkout(pool)
  File "/home/airflow/.local/lib/python3.8/site-packages/sqlalchemy/pool/base.py", line 493, in checkout
    rec = pool._do_get()
  File "/home/airflow/.local/lib/python3.8/site-packages/sqlalchemy/pool/impl.py", line 256, in _do_get
    return self._create_connection()
  File "/home/airflow/.local/lib/python3.8/site-packages/sqlalchemy/pool/base.py", line 273, in _create_connection
    return _ConnectionRecord(self)
  File "/home/airflow/.local/lib/python3.8/site-packages/sqlalchemy/pool/base.py", line 388, in __init__
    self.__connect()
  File "/home/airflow/.local/lib/python3.8/site-packages/sqlalchemy/pool/base.py", line 691, in __connect
    pool.logger.debug("Error on connect(): %s", e)
  File "/home/airflow/.local/lib/python3.8/site-packages/sqlalchemy/util/langhelpers.py", line 70, in __exit__
    compat.raise_(
  File "/home/airflow/.local/lib/python3.8/site-packages/sqlalchemy/util/compat.py", line 211, in raise_
    raise exception
  File "/home/airflow/.local/lib/python3.8/site-packages/sqlalchemy/pool/base.py", line 686, in __connect
    self.dbapi_connection = connection = pool._invoke_creator(self)
  File "/home/airflow/.local/lib/python3.8/site-packages/sqlalchemy/engine/create.py", line 574, in connect
    return dialect.connect(*cargs, **cparams)
  File "/home/airflow/.local/lib/python3.8/site-packages/sqlalchemy/engine/default.py", line 598, in connect
    return self.dbapi.connect(*cargs, **cparams)
  File "/home/airflow/.local/lib/python3.8/site-packages/psycopg2/__init__.py", line 122, in connect
    conn = _connect(dsn, connection_factory=connection_factory, **kwasync)
sqlalchemy.exc.OperationalError: (psycopg2.OperationalError) could not translate host name "postgres" to address: Temporary failure in name resolution

(Background on this error at: https://sqlalche.me/e/14/e3q8)
[2025-12-04T15:17:22.209+0000] {job.py:221} ERROR - Job heartbeat failed with error. Scheduler is in unhealthy state
[2025-12-04T15:17:37.612+0000] {job.py:221} ERROR - Job heartbeat failed with error. Scheduler is in unhealthy state
[2025-12-04T15:17:47.217+0000] {subprocess.py:93} INFO - 2025-12-04 15:17:47,025 - kafka.coordinator.heartbeat - WARNING - Heartbeat session expired, marking coordinator dead
[2025-12-04T15:17:47.372+0000] {subprocess.py:93} INFO - 2025-12-04 15:17:47,129 - kafka.coordinator - WARNING - Marking the coordinator dead (node coordinator-1) for group unified-viewer: Heartbeat session expired.
[2025-12-04T15:17:55.532+0000] {subprocess.py:93} INFO - 2025-12-04 15:17:54,322 - kafka.cluster - INFO - Coordinator for group/unified-viewer is BrokerMetadata(nodeId='coordinator-1', host='kafka', port=29092, rack=None)
[2025-12-04T15:18:07.163+0000] {job.py:221} ERROR - Job heartbeat failed with error. Scheduler is in unhealthy state
[2025-12-04T15:18:10.234+0000] {subprocess.py:93} INFO - 2025-12-04 15:17:55,371 - kafka.coordinator - INFO - Discovered coordinator coordinator-1 for group unified-viewer
[2025-12-04T15:18:12.978+0000] {subprocess.py:93} INFO - 2025-12-04 15:18:12,969 - kafka.coordinator.heartbeat - WARNING - Heartbeat failed for group unified-viewer because it is rebalancing
[2025-12-04T15:18:12.995+0000] {subprocess.py:93} INFO - 2025-12-04 15:18:12,979 - kafka.coordinator.consumer - INFO - Revoking previously assigned partitions set() for group unified-viewer
[2025-12-04T15:18:12.996+0000] {subprocess.py:93} INFO - 2025-12-04 15:18:12,983 - kafka.coordinator - INFO - (Re-)joining group unified-viewer
[2025-12-04T15:18:14.285+0000] {subprocess.py:93} INFO - 2025-12-04 15:18:14,283 - kafka.coordinator - INFO - Successfully joined group unified-viewer <Generation 16 (member_id: kafka-python-2.3.0-27411eff-2eab-4635-a3c1-e7f68fa12c56, protocol: range)>
[2025-12-04T15:18:14.393+0000] {subprocess.py:93} INFO - 2025-12-04 15:18:14,387 - kafka.coordinator - INFO - SyncGroup for group unified-viewer failed due to coordinator rebalance
[2025-12-04T15:18:14.420+0000] {subprocess.py:93} INFO - 2025-12-04 15:18:14,392 - kafka.coordinator - INFO - Failed to join group unified-viewer: [Error 27] RebalanceInProgressError: unified-viewer
[2025-12-04T15:18:14.430+0000] {subprocess.py:93} INFO - 2025-12-04 15:18:14,396 - kafka.coordinator - INFO - (Re-)joining group unified-viewer
[2025-12-04T15:18:14.500+0000] {subprocess.py:93} INFO - 2025-12-04 15:18:14,496 - kafka.coordinator - INFO - Successfully joined group unified-viewer <Generation 17 (member_id: kafka-python-2.3.0-27411eff-2eab-4635-a3c1-e7f68fa12c56, protocol: range)>
[2025-12-04T15:18:14.539+0000] {subprocess.py:93} INFO - 2025-12-04 15:18:14,539 - kafka.consumer.subscription_state - INFO - Updated partition assignment: []
[2025-12-04T15:18:14.543+0000] {subprocess.py:93} INFO - 2025-12-04 15:18:14,540 - kafka.coordinator.consumer - INFO - Setting newly assigned partitions set() for group unified-viewer
[2025-12-04T15:18:25.840+0000] {subprocess.py:93} INFO - 2025-12-04 15:18:25,828 - kafka.conn - ERROR - <BrokerConnection client_id=kafka-python-producer-1, node_id=1 host=kafka:29092 <connected> [IPv4 ('172.20.0.4', 29092)]>: Closing connection. KafkaConnectionError: Socket EVENT_READ without in-flight-requests
[2025-12-04T15:18:26.000+0000] {subprocess.py:93} INFO - 2025-12-04 15:18:25,836 - kafka.coordinator.heartbeat - WARNING - Heartbeat session expired, marking coordinator dead
[2025-12-04T15:18:26.004+0000] {subprocess.py:93} INFO - 2025-12-04 15:18:25,846 - kafka.coordinator - WARNING - Marking the coordinator dead (node coordinator-1) for group unified-viewer: Heartbeat session expired.
[2025-12-04T15:18:26.010+0000] {subprocess.py:93} INFO - 2025-12-04 15:18:25,848 - kafka.conn - ERROR - <BrokerConnection client_id=kafka-python-2.3.0, node_id=coordinator-1 host=kafka:29092 <connected> [IPv4 ('172.20.0.4', 29092)]>: socket disconnected
[2025-12-04T15:18:26.015+0000] {subprocess.py:93} INFO - 2025-12-04 15:18:25,848 - kafka.conn - ERROR - <BrokerConnection client_id=kafka-python-2.3.0, node_id=coordinator-1 host=kafka:29092 <connected> [IPv4 ('172.20.0.4', 29092)]>: Closing connection. KafkaConnectionError: socket disconnected
[2025-12-04T15:18:26.023+0000] {subprocess.py:93} INFO - 2025-12-04 15:18:25,882 - kafka.client - WARNING - Node coordinator-1 connection failed -- refreshing metadata
[2025-12-04T15:18:26.025+0000] {subprocess.py:93} INFO - 2025-12-04 15:18:25,900 - kafka.coordinator - ERROR - Error sending HeartbeatRequest_v3 to node coordinator-1 [KafkaConnectionError: socket disconnected]
[2025-12-04T15:18:26.027+0000] {subprocess.py:93} INFO - 2025-12-04 15:18:25,901 - kafka.conn - ERROR - <BrokerConnection client_id=kafka-python-2.3.0, node_id=1 host=kafka:29092 <connected> [IPv4 ('172.20.0.4', 29092)]>: Closing connection. KafkaConnectionError: Socket EVENT_READ without in-flight-requests
[2025-12-04T15:18:26.029+0000] {subprocess.py:93} INFO - 2025-12-04 15:18:25,902 - kafka.client - WARNING - Node 1 connection failed -- refreshing metadata
[2025-12-04T15:18:26.036+0000] {subprocess.py:93} INFO - 2025-12-04 15:18:25,855 - kafka.client - WARNING - Node 1 connection failed -- refreshing metadata
[2025-12-04T15:18:26.061+0000] {job.py:221} ERROR - Job heartbeat failed with error. Scheduler is in unhealthy state
[2025-12-04T15:18:26.628+0000] {subprocess.py:93} INFO - 2025-12-04 15:18:26,624 - kafka.conn - INFO - <BrokerConnection client_id=kafka-python-2.3.0, node_id=1 host=kafka:29092 <connecting> [IPv4 ('172.20.0.4', 29092)]>: connecting to kafka:29092 [('172.20.0.4', 29092) IPv4]
[2025-12-04T15:18:26.630+0000] {subprocess.py:93} INFO - 2025-12-04 15:18:26,626 - kafka.conn - ERROR - <BrokerConnection client_id=kafka-python-2.3.0, node_id=1 host=kafka:29092 <connecting> [IPv4 ('172.20.0.4', 29092)]>: Connect attempt returned error 111. Disconnecting.
[2025-12-04T15:18:26.633+0000] {subprocess.py:93} INFO - 2025-12-04 15:18:26,627 - kafka.conn - ERROR - <BrokerConnection client_id=kafka-python-2.3.0, node_id=1 host=kafka:29092 <connecting> [IPv4 ('172.20.0.4', 29092)]>: Closing connection. KafkaConnectionError: 111 ECONNREFUSED
[2025-12-04T15:18:26.636+0000] {subprocess.py:93} INFO - 2025-12-04 15:18:26,627 - kafka.client - WARNING - Node 1 connection failed -- refreshing metadata
[2025-12-04T15:18:26.643+0000] {subprocess.py:93} INFO - 2025-12-04 15:18:26,636 - kafka.conn - INFO - <BrokerConnection client_id=kafka-python-producer-1, node_id=1 host=kafka:29092 <connecting> [IPv4 ('172.20.0.4', 29092)]>: connecting to kafka:29092 [('172.20.0.4', 29092) IPv4]
[2025-12-04T15:18:26.648+0000] {subprocess.py:93} INFO - 2025-12-04 15:18:26,641 - kafka.conn - ERROR - <BrokerConnection client_id=kafka-python-producer-1, node_id=1 host=kafka:29092 <connecting> [IPv4 ('172.20.0.4', 29092)]>: Connect attempt returned error 111. Disconnecting.
[2025-12-04T15:18:26.657+0000] {subprocess.py:93} INFO - 2025-12-04 15:18:26,641 - kafka.conn - ERROR - <BrokerConnection client_id=kafka-python-producer-1, node_id=1 host=kafka:29092 <connecting> [IPv4 ('172.20.0.4', 29092)]>: Closing connection. KafkaConnectionError: 111 ECONNREFUSED
[2025-12-04T15:18:26.658+0000] {subprocess.py:93} INFO - 2025-12-04 15:18:26,642 - kafka.client - WARNING - Node 1 connection failed -- refreshing metadata
[2025-12-04T15:18:26.660+0000] {subprocess.py:93} INFO - 2025-12-04 15:18:26,644 - kafka.conn - INFO - <BrokerConnection client_id=kafka-python-producer-1, node_id=1 host=kafka:29092 <connecting> [IPv4 ('172.20.0.4', 29092)]>: connecting to kafka:29092 [('172.20.0.4', 29092) IPv4]
[2025-12-04T15:18:26.663+0000] {subprocess.py:93} INFO - 2025-12-04 15:18:26,645 - kafka.conn - ERROR - <BrokerConnection client_id=kafka-python-producer-1, node_id=1 host=kafka:29092 <connecting> [IPv4 ('172.20.0.4', 29092)]>: Connect attempt returned error 111. Disconnecting.
[2025-12-04T15:18:26.664+0000] {subprocess.py:93} INFO - 2025-12-04 15:18:26,645 - kafka.conn - ERROR - <BrokerConnection client_id=kafka-python-producer-1, node_id=1 host=kafka:29092 <connecting> [IPv4 ('172.20.0.4', 29092)]>: Closing connection. KafkaConnectionError: 111 ECONNREFUSED
[2025-12-04T15:18:26.666+0000] {subprocess.py:93} INFO - 2025-12-04 15:18:26,645 - kafka.client - WARNING - Node 1 connection failed -- refreshing metadata
[2025-12-04T15:18:26.738+0000] {subprocess.py:93} INFO - 2025-12-04 15:18:26,737 - kafka.conn - INFO - <BrokerConnection client_id=kafka-python-2.3.0, node_id=1 host=kafka:29092 <connecting> [IPv4 ('172.20.0.4', 29092)]>: connecting to kafka:29092 [('172.20.0.4', 29092) IPv4]
[2025-12-04T15:18:26.741+0000] {subprocess.py:93} INFO - 2025-12-04 15:18:26,739 - kafka.conn - ERROR - <BrokerConnection client_id=kafka-python-2.3.0, node_id=1 host=kafka:29092 <connecting> [IPv4 ('172.20.0.4', 29092)]>: Connect attempt returned error 111. Disconnecting.
[2025-12-04T15:18:26.744+0000] {subprocess.py:93} INFO - 2025-12-04 15:18:26,740 - kafka.conn - ERROR - <BrokerConnection client_id=kafka-python-2.3.0, node_id=1 host=kafka:29092 <connecting> [IPv4 ('172.20.0.4', 29092)]>: Closing connection. KafkaConnectionError: 111 ECONNREFUSED
[2025-12-04T15:18:26.746+0000] {subprocess.py:93} INFO - 2025-12-04 15:18:26,741 - kafka.client - WARNING - Node 1 connection failed -- refreshing metadata
[2025-12-04T15:18:26.887+0000] {subprocess.py:93} INFO - 2025-12-04 15:18:26,886 - kafka.conn - INFO - <BrokerConnection client_id=kafka-python-producer-1, node_id=1 host=kafka:29092 <connecting> [IPv4 ('172.20.0.4', 29092)]>: connecting to kafka:29092 [('172.20.0.4', 29092) IPv4]
[2025-12-04T15:18:26.890+0000] {subprocess.py:93} INFO - 2025-12-04 15:18:26,887 - kafka.conn - ERROR - <BrokerConnection client_id=kafka-python-producer-1, node_id=1 host=kafka:29092 <connecting> [IPv4 ('172.20.0.4', 29092)]>: Connect attempt returned error 111. Disconnecting.
[2025-12-04T15:18:26.891+0000] {subprocess.py:93} INFO - 2025-12-04 15:18:26,887 - kafka.conn - ERROR - <BrokerConnection client_id=kafka-python-producer-1, node_id=1 host=kafka:29092 <connecting> [IPv4 ('172.20.0.4', 29092)]>: Closing connection. KafkaConnectionError: 111 ECONNREFUSED
[2025-12-04T15:18:26.893+0000] {subprocess.py:93} INFO - 2025-12-04 15:18:26,887 - kafka.client - WARNING - Node 1 connection failed -- refreshing metadata
[2025-12-04T15:18:26.968+0000] {subprocess.py:93} INFO - 2025-12-04 15:18:26,968 - kafka.conn - INFO - <BrokerConnection client_id=kafka-python-2.3.0, node_id=1 host=kafka:29092 <connecting> [IPv4 ('172.20.0.4', 29092)]>: connecting to kafka:29092 [('172.20.0.4', 29092) IPv4]
[2025-12-04T15:18:26.971+0000] {subprocess.py:93} INFO - 2025-12-04 15:18:26,969 - kafka.conn - ERROR - <BrokerConnection client_id=kafka-python-2.3.0, node_id=1 host=kafka:29092 <connecting> [IPv4 ('172.20.0.4', 29092)]>: Connect attempt returned error 111. Disconnecting.
[2025-12-04T15:18:26.973+0000] {subprocess.py:93} INFO - 2025-12-04 15:18:26,969 - kafka.conn - ERROR - <BrokerConnection client_id=kafka-python-2.3.0, node_id=1 host=kafka:29092 <connecting> [IPv4 ('172.20.0.4', 29092)]>: Closing connection. KafkaConnectionError: 111 ECONNREFUSED
[2025-12-04T15:18:26.977+0000] {subprocess.py:93} INFO - 2025-12-04 15:18:26,969 - kafka.client - WARNING - Node 1 connection failed -- refreshing metadata
[2025-12-04T15:18:27.353+0000] {subprocess.py:93} INFO - 2025-12-04 15:18:27,353 - kafka.conn - INFO - <BrokerConnection client_id=kafka-python-producer-1, node_id=1 host=kafka:29092 <connecting> [IPv4 ('172.20.0.4', 29092)]>: connecting to kafka:29092 [('172.20.0.4', 29092) IPv4]
[2025-12-04T15:18:27.355+0000] {subprocess.py:93} INFO - 2025-12-04 15:18:27,353 - kafka.conn - ERROR - <BrokerConnection client_id=kafka-python-producer-1, node_id=1 host=kafka:29092 <connecting> [IPv4 ('172.20.0.4', 29092)]>: Connect attempt returned error 111. Disconnecting.
[2025-12-04T15:18:27.356+0000] {subprocess.py:93} INFO - 2025-12-04 15:18:27,354 - kafka.conn - ERROR - <BrokerConnection client_id=kafka-python-producer-1, node_id=1 host=kafka:29092 <connecting> [IPv4 ('172.20.0.4', 29092)]>: Closing connection. KafkaConnectionError: 111 ECONNREFUSED
[2025-12-04T15:18:27.359+0000] {subprocess.py:93} INFO - 2025-12-04 15:18:27,354 - kafka.client - WARNING - Node 1 connection failed -- refreshing metadata
[2025-12-04T15:18:27.389+0000] {subprocess.py:93} INFO - 2025-12-04 15:18:27,389 - kafka.conn - INFO - <BrokerConnection client_id=kafka-python-2.3.0, node_id=1 host=kafka:29092 <connecting> [IPv4 ('172.20.0.4', 29092)]>: connecting to kafka:29092 [('172.20.0.4', 29092) IPv4]
[2025-12-04T15:18:27.391+0000] {subprocess.py:93} INFO - 2025-12-04 15:18:27,389 - kafka.conn - ERROR - <BrokerConnection client_id=kafka-python-2.3.0, node_id=1 host=kafka:29092 <connecting> [IPv4 ('172.20.0.4', 29092)]>: Connect attempt returned error 111. Disconnecting.
[2025-12-04T15:18:27.391+0000] {subprocess.py:93} INFO - 2025-12-04 15:18:27,389 - kafka.conn - ERROR - <BrokerConnection client_id=kafka-python-2.3.0, node_id=1 host=kafka:29092 <connecting> [IPv4 ('172.20.0.4', 29092)]>: Closing connection. KafkaConnectionError: 111 ECONNREFUSED
[2025-12-04T15:18:27.392+0000] {subprocess.py:93} INFO - 2025-12-04 15:18:27,390 - kafka.client - WARNING - Node 1 connection failed -- refreshing metadata
[2025-12-04T15:18:28.082+0000] {subprocess.py:93} INFO - 2025-12-04 15:18:28,080 - kafka.conn - INFO - <BrokerConnection client_id=kafka-python-producer-1, node_id=1 host=kafka:29092 <connecting> [IPv4 ('172.20.0.4', 29092)]>: connecting to kafka:29092 [('172.20.0.4', 29092) IPv4]
[2025-12-04T15:18:28.101+0000] {subprocess.py:93} INFO - 2025-12-04 15:18:28,083 - kafka.conn - ERROR - <BrokerConnection client_id=kafka-python-producer-1, node_id=1 host=kafka:29092 <connecting> [IPv4 ('172.20.0.4', 29092)]>: Connect attempt returned error 111. Disconnecting.
[2025-12-04T15:18:28.107+0000] {subprocess.py:93} INFO - 2025-12-04 15:18:28,083 - kafka.conn - ERROR - <BrokerConnection client_id=kafka-python-producer-1, node_id=1 host=kafka:29092 <connecting> [IPv4 ('172.20.0.4', 29092)]>: Closing connection. KafkaConnectionError: 111 ECONNREFUSED
[2025-12-04T15:18:28.115+0000] {subprocess.py:93} INFO - 2025-12-04 15:18:28,084 - kafka.client - WARNING - Node 1 connection failed -- refreshing metadata
[2025-12-04T15:18:28.119+0000] {subprocess.py:93} INFO - 2025-12-04 15:18:28,108 - kafka.conn - INFO - <BrokerConnection client_id=kafka-python-2.3.0, node_id=1 host=kafka:29092 <connecting> [IPv4 ('172.20.0.4', 29092)]>: connecting to kafka:29092 [('172.20.0.4', 29092) IPv4]
[2025-12-04T15:18:28.123+0000] {subprocess.py:93} INFO - 2025-12-04 15:18:28,109 - kafka.conn - ERROR - <BrokerConnection client_id=kafka-python-2.3.0, node_id=1 host=kafka:29092 <connecting> [IPv4 ('172.20.0.4', 29092)]>: Connect attempt returned error 111. Disconnecting.
[2025-12-04T15:18:28.125+0000] {subprocess.py:93} INFO - 2025-12-04 15:18:28,110 - kafka.conn - ERROR - <BrokerConnection client_id=kafka-python-2.3.0, node_id=1 host=kafka:29092 <connecting> [IPv4 ('172.20.0.4', 29092)]>: Closing connection. KafkaConnectionError: 111 ECONNREFUSED
[2025-12-04T15:18:28.127+0000] {subprocess.py:93} INFO - 2025-12-04 15:18:28,111 - kafka.client - WARNING - Node 1 connection failed -- refreshing metadata
[2025-12-04T15:18:31.620+0000] {subprocess.py:93} INFO - 2025-12-04 15:18:31,619 - kafka.conn - WARNING - DNS lookup failed for kafka:29092, exception was [Errno -2] Name or service not known. Is your advertised.listeners (called advertised.host.name before Kafka 9) correct and resolvable?
[2025-12-04T15:18:31.622+0000] {subprocess.py:93} INFO - 2025-12-04 15:18:31,620 - kafka.conn - ERROR - <BrokerConnection client_id=kafka-python-2.3.0, node_id=1 host=kafka:29092 <connecting> [IPv4 ('172.20.0.4', 29092)]>: DNS lookup failed for kafka:29092 (AddressFamily.AF_UNSPEC)
[2025-12-04T15:18:31.624+0000] {subprocess.py:93} INFO - 2025-12-04 15:18:31,620 - kafka.conn - ERROR - <BrokerConnection client_id=kafka-python-2.3.0, node_id=1 host=kafka:29092 <connecting> [IPv4 ('172.20.0.4', 29092)]>: Closing connection. KafkaConnectionError: DNS failure
[2025-12-04T15:18:31.625+0000] {subprocess.py:93} INFO - 2025-12-04 15:18:31,622 - kafka.client - WARNING - Node 1 connection failed -- refreshing metadata
[2025-12-04T15:18:33.174+0000] {subprocess.py:93} INFO - 2025-12-04 15:18:33,173 - kafka.conn - WARNING - DNS lookup failed for kafka:29092, exception was [Errno -2] Name or service not known. Is your advertised.listeners (called advertised.host.name before Kafka 9) correct and resolvable?
[2025-12-04T15:18:33.175+0000] {subprocess.py:93} INFO - 2025-12-04 15:18:33,174 - kafka.conn - ERROR - <BrokerConnection client_id=kafka-python-producer-1, node_id=1 host=kafka:29092 <connecting> [IPv4 ('172.20.0.4', 29092)]>: DNS lookup failed for kafka:29092 (AddressFamily.AF_UNSPEC)
[2025-12-04T15:18:33.176+0000] {subprocess.py:93} INFO - 2025-12-04 15:18:33,174 - kafka.conn - ERROR - <BrokerConnection client_id=kafka-python-producer-1, node_id=1 host=kafka:29092 <connecting> [IPv4 ('172.20.0.4', 29092)]>: Closing connection. KafkaConnectionError: DNS failure
[2025-12-04T15:18:33.177+0000] {subprocess.py:93} INFO - 2025-12-04 15:18:33,174 - kafka.client - WARNING - Node 1 connection failed -- refreshing metadata
[2025-12-04T15:18:36.548+0000] {subprocess.py:93} INFO - 2025-12-04 15:18:36,548 - kafka.conn - WARNING - DNS lookup failed for kafka:29092, exception was [Errno -2] Name or service not known. Is your advertised.listeners (called advertised.host.name before Kafka 9) correct and resolvable?
[2025-12-04T15:18:36.550+0000] {subprocess.py:93} INFO - 2025-12-04 15:18:36,548 - kafka.conn - ERROR - <BrokerConnection client_id=kafka-python-2.3.0, node_id=1 host=kafka:29092 <connecting> [IPv4 ('172.20.0.4', 29092)]>: DNS lookup failed for kafka:29092 (AddressFamily.AF_UNSPEC)
[2025-12-04T15:18:36.551+0000] {subprocess.py:93} INFO - 2025-12-04 15:18:36,548 - kafka.conn - ERROR - <BrokerConnection client_id=kafka-python-2.3.0, node_id=1 host=kafka:29092 <connecting> [IPv4 ('172.20.0.4', 29092)]>: Closing connection. KafkaConnectionError: DNS failure
[2025-12-04T15:18:36.553+0000] {subprocess.py:93} INFO - 2025-12-04 15:18:36,548 - kafka.client - WARNING - Node 1 connection failed -- refreshing metadata
[2025-12-04T15:18:36.952+0000] {subprocess.py:93} INFO - 2025-12-04 15:18:36,951 - kafka.conn - WARNING - DNS lookup failed for kafka:29092, exception was [Errno -2] Name or service not known. Is your advertised.listeners (called advertised.host.name before Kafka 9) correct and resolvable?
[2025-12-04T15:18:36.954+0000] {subprocess.py:93} INFO - 2025-12-04 15:18:36,952 - kafka.conn - ERROR - <BrokerConnection client_id=kafka-python-producer-1, node_id=1 host=kafka:29092 <connecting> [IPv4 ('172.20.0.4', 29092)]>: DNS lookup failed for kafka:29092 (AddressFamily.AF_UNSPEC)
[2025-12-04T15:18:36.956+0000] {subprocess.py:93} INFO - 2025-12-04 15:18:36,952 - kafka.conn - ERROR - <BrokerConnection client_id=kafka-python-producer-1, node_id=1 host=kafka:29092 <connecting> [IPv4 ('172.20.0.4', 29092)]>: Closing connection. KafkaConnectionError: DNS failure
[2025-12-04T15:18:36.957+0000] {subprocess.py:93} INFO - 2025-12-04 15:18:36,952 - kafka.client - WARNING - Node 1 connection failed -- refreshing metadata
[2025-12-04T15:18:41.207+0000] {subprocess.py:93} INFO - 2025-12-04 15:18:41,206 - kafka.conn - WARNING - DNS lookup failed for kafka:29092, exception was [Errno -2] Name or service not known. Is your advertised.listeners (called advertised.host.name before Kafka 9) correct and resolvable?
[2025-12-04T15:18:41.210+0000] {subprocess.py:93} INFO - 2025-12-04 15:18:41,206 - kafka.conn - ERROR - <BrokerConnection client_id=kafka-python-2.3.0, node_id=1 host=kafka:29092 <connecting> [IPv4 ('172.20.0.4', 29092)]>: DNS lookup failed for kafka:29092 (AddressFamily.AF_UNSPEC)
[2025-12-04T15:18:41.213+0000] {subprocess.py:93} INFO - 2025-12-04 15:18:41,207 - kafka.conn - ERROR - <BrokerConnection client_id=kafka-python-2.3.0, node_id=1 host=kafka:29092 <connecting> [IPv4 ('172.20.0.4', 29092)]>: Closing connection. KafkaConnectionError: DNS failure
[2025-12-04T15:18:41.218+0000] {subprocess.py:93} INFO - 2025-12-04 15:18:41,207 - kafka.client - WARNING - Node 1 connection failed -- refreshing metadata
[2025-12-04T15:18:42.696+0000] {subprocess.py:93} INFO - 2025-12-04 15:18:42,695 - kafka.conn - WARNING - DNS lookup failed for kafka:29092, exception was [Errno -2] Name or service not known. Is your advertised.listeners (called advertised.host.name before Kafka 9) correct and resolvable?
[2025-12-04T15:18:42.699+0000] {subprocess.py:93} INFO - 2025-12-04 15:18:42,696 - kafka.conn - ERROR - <BrokerConnection client_id=kafka-python-producer-1, node_id=1 host=kafka:29092 <connecting> [IPv4 ('172.20.0.4', 29092)]>: DNS lookup failed for kafka:29092 (AddressFamily.AF_UNSPEC)
[2025-12-04T15:18:42.701+0000] {subprocess.py:93} INFO - 2025-12-04 15:18:42,696 - kafka.conn - ERROR - <BrokerConnection client_id=kafka-python-producer-1, node_id=1 host=kafka:29092 <connecting> [IPv4 ('172.20.0.4', 29092)]>: Closing connection. KafkaConnectionError: DNS failure
[2025-12-04T15:18:42.704+0000] {subprocess.py:93} INFO - 2025-12-04 15:18:42,697 - kafka.client - WARNING - Node 1 connection failed -- refreshing metadata
[2025-12-04T15:18:53.316+0000] {subprocess.py:93} INFO - 2025-12-04 15:18:53,315 - kafka.conn - WARNING - DNS lookup failed for kafka:29092, exception was [Errno -2] Name or service not known. Is your advertised.listeners (called advertised.host.name before Kafka 9) correct and resolvable?
[2025-12-04T15:18:53.318+0000] {subprocess.py:93} INFO - 2025-12-04 15:18:53,315 - kafka.conn - ERROR - <BrokerConnection client_id=kafka-python-producer-1, node_id=1 host=kafka:29092 <connecting> [IPv4 ('172.20.0.4', 29092)]>: DNS lookup failed for kafka:29092 (AddressFamily.AF_UNSPEC)
[2025-12-04T15:18:53.320+0000] {subprocess.py:93} INFO - 2025-12-04 15:18:53,315 - kafka.conn - ERROR - <BrokerConnection client_id=kafka-python-producer-1, node_id=1 host=kafka:29092 <connecting> [IPv4 ('172.20.0.4', 29092)]>: Closing connection. KafkaConnectionError: DNS failure
[2025-12-04T15:18:53.323+0000] {subprocess.py:93} INFO - 2025-12-04 15:18:53,315 - kafka.client - WARNING - Node 1 connection failed -- refreshing metadata
[2025-12-04T15:18:54.426+0000] {subprocess.py:93} INFO - 2025-12-04 15:18:54,424 - kafka.conn - WARNING - DNS lookup failed for kafka:29092, exception was [Errno -2] Name or service not known. Is your advertised.listeners (called advertised.host.name before Kafka 9) correct and resolvable?
[2025-12-04T15:18:54.429+0000] {subprocess.py:93} INFO - 2025-12-04 15:18:54,426 - kafka.conn - ERROR - <BrokerConnection client_id=kafka-python-2.3.0, node_id=1 host=kafka:29092 <connecting> [IPv4 ('172.20.0.4', 29092)]>: DNS lookup failed for kafka:29092 (AddressFamily.AF_UNSPEC)
[2025-12-04T15:18:54.431+0000] {subprocess.py:93} INFO - 2025-12-04 15:18:54,427 - kafka.conn - ERROR - <BrokerConnection client_id=kafka-python-2.3.0, node_id=1 host=kafka:29092 <connecting> [IPv4 ('172.20.0.4', 29092)]>: Closing connection. KafkaConnectionError: DNS failure
[2025-12-04T15:18:54.433+0000] {subprocess.py:93} INFO - 2025-12-04 15:18:54,428 - kafka.client - WARNING - Node 1 connection failed -- refreshing metadata
[2025-12-04T15:19:22.359+0000] {subprocess.py:93} INFO - 2025-12-04 15:19:22,357 - kafka.conn - WARNING - DNS lookup failed for kafka:29092, exception was [Errno -2] Name or service not known. Is your advertised.listeners (called advertised.host.name before Kafka 9) correct and resolvable?
[2025-12-04T15:19:22.361+0000] {subprocess.py:93} INFO - 2025-12-04 15:19:22,357 - kafka.conn - ERROR - <BrokerConnection client_id=kafka-python-2.3.0, node_id=1 host=kafka:29092 <connecting> [IPv4 ('172.20.0.4', 29092)]>: DNS lookup failed for kafka:29092 (AddressFamily.AF_UNSPEC)
[2025-12-04T15:19:22.362+0000] {subprocess.py:93} INFO - 2025-12-04 15:19:22,357 - kafka.conn - ERROR - <BrokerConnection client_id=kafka-python-2.3.0, node_id=1 host=kafka:29092 <connecting> [IPv4 ('172.20.0.4', 29092)]>: Closing connection. KafkaConnectionError: DNS failure
[2025-12-04T15:19:22.362+0000] {subprocess.py:93} INFO - 2025-12-04 15:19:22,357 - kafka.client - WARNING - Node 1 connection failed -- refreshing metadata
[2025-12-04T15:19:24.744+0000] {subprocess.py:93} INFO - 2025-12-04 15:19:24,743 - kafka.conn - WARNING - DNS lookup failed for kafka:29092, exception was [Errno -2] Name or service not known. Is your advertised.listeners (called advertised.host.name before Kafka 9) correct and resolvable?
[2025-12-04T15:19:24.747+0000] {subprocess.py:93} INFO - 2025-12-04 15:19:24,743 - kafka.conn - ERROR - <BrokerConnection client_id=kafka-python-producer-1, node_id=1 host=kafka:29092 <connecting> [IPv4 ('172.20.0.4', 29092)]>: DNS lookup failed for kafka:29092 (AddressFamily.AF_UNSPEC)
[2025-12-04T15:19:24.750+0000] {subprocess.py:93} INFO - 2025-12-04 15:19:24,744 - kafka.conn - ERROR - <BrokerConnection client_id=kafka-python-producer-1, node_id=1 host=kafka:29092 <connecting> [IPv4 ('172.20.0.4', 29092)]>: Closing connection. KafkaConnectionError: DNS failure
[2025-12-04T15:19:24.751+0000] {subprocess.py:93} INFO - 2025-12-04 15:19:24,745 - kafka.client - WARNING - Node 1 connection failed -- refreshing metadata
[2025-12-04T15:19:51.360+0000] {subprocess.py:93} INFO - 2025-12-04 15:19:51,359 - kafka.conn - WARNING - DNS lookup failed for kafka:29092, exception was [Errno -2] Name or service not known. Is your advertised.listeners (called advertised.host.name before Kafka 9) correct and resolvable?
[2025-12-04T15:19:51.366+0000] {subprocess.py:93} INFO - 2025-12-04 15:19:51,360 - kafka.conn - ERROR - <BrokerConnection client_id=kafka-python-2.3.0, node_id=1 host=kafka:29092 <connecting> [IPv4 ('172.20.0.4', 29092)]>: DNS lookup failed for kafka:29092 (AddressFamily.AF_UNSPEC)
[2025-12-04T15:19:51.368+0000] {subprocess.py:93} INFO - 2025-12-04 15:19:51,360 - kafka.conn - ERROR - <BrokerConnection client_id=kafka-python-2.3.0, node_id=1 host=kafka:29092 <connecting> [IPv4 ('172.20.0.4', 29092)]>: Closing connection. KafkaConnectionError: DNS failure
[2025-12-04T15:19:51.370+0000] {subprocess.py:93} INFO - 2025-12-04 15:19:51,360 - kafka.client - WARNING - Node 1 connection failed -- refreshing metadata
[2025-12-04T15:19:59.330+0000] {subprocess.py:93} INFO - 2025-12-04 15:19:59,329 - kafka.conn - WARNING - DNS lookup failed for kafka:29092, exception was [Errno -2] Name or service not known. Is your advertised.listeners (called advertised.host.name before Kafka 9) correct and resolvable?
[2025-12-04T15:19:59.332+0000] {subprocess.py:93} INFO - 2025-12-04 15:19:59,330 - kafka.conn - ERROR - <BrokerConnection client_id=kafka-python-producer-1, node_id=1 host=kafka:29092 <connecting> [IPv4 ('172.20.0.4', 29092)]>: DNS lookup failed for kafka:29092 (AddressFamily.AF_UNSPEC)
[2025-12-04T15:19:59.333+0000] {subprocess.py:93} INFO - 2025-12-04 15:19:59,330 - kafka.conn - ERROR - <BrokerConnection client_id=kafka-python-producer-1, node_id=1 host=kafka:29092 <connecting> [IPv4 ('172.20.0.4', 29092)]>: Closing connection. KafkaConnectionError: DNS failure
[2025-12-04T15:19:59.334+0000] {subprocess.py:93} INFO - 2025-12-04 15:19:59,330 - kafka.client - WARNING - Node 1 connection failed -- refreshing metadata
[2025-12-04T15:20:19.318+0000] {subprocess.py:93} INFO - 2025-12-04 15:20:19,317 - kafka.conn - WARNING - DNS lookup failed for kafka:29092, exception was [Errno -2] Name or service not known. Is your advertised.listeners (called advertised.host.name before Kafka 9) correct and resolvable?
[2025-12-04T15:20:19.320+0000] {subprocess.py:93} INFO - 2025-12-04 15:20:19,318 - kafka.conn - ERROR - <BrokerConnection client_id=kafka-python-2.3.0, node_id=1 host=kafka:29092 <connecting> [IPv4 ('172.20.0.4', 29092)]>: DNS lookup failed for kafka:29092 (AddressFamily.AF_UNSPEC)
[2025-12-04T15:20:19.321+0000] {subprocess.py:93} INFO - 2025-12-04 15:20:19,318 - kafka.conn - ERROR - <BrokerConnection client_id=kafka-python-2.3.0, node_id=1 host=kafka:29092 <connecting> [IPv4 ('172.20.0.4', 29092)]>: Closing connection. KafkaConnectionError: DNS failure
[2025-12-04T15:20:19.321+0000] {subprocess.py:93} INFO - 2025-12-04 15:20:19,318 - kafka.client - WARNING - Node 1 connection failed -- refreshing metadata
[2025-12-04T15:20:27.227+0000] {subprocess.py:93} INFO - 2025-12-04 15:20:27,226 - kafka.conn - WARNING - DNS lookup failed for kafka:29092, exception was [Errno -2] Name or service not known. Is your advertised.listeners (called advertised.host.name before Kafka 9) correct and resolvable?
[2025-12-04T15:20:27.229+0000] {subprocess.py:93} INFO - 2025-12-04 15:20:27,227 - kafka.conn - ERROR - <BrokerConnection client_id=kafka-python-producer-1, node_id=1 host=kafka:29092 <connecting> [IPv4 ('172.20.0.4', 29092)]>: DNS lookup failed for kafka:29092 (AddressFamily.AF_UNSPEC)
[2025-12-04T15:20:27.231+0000] {subprocess.py:93} INFO - 2025-12-04 15:20:27,227 - kafka.conn - ERROR - <BrokerConnection client_id=kafka-python-producer-1, node_id=1 host=kafka:29092 <connecting> [IPv4 ('172.20.0.4', 29092)]>: Closing connection. KafkaConnectionError: DNS failure
[2025-12-04T15:20:27.232+0000] {subprocess.py:93} INFO - 2025-12-04 15:20:27,227 - kafka.client - WARNING - Node 1 connection failed -- refreshing metadata
[2025-12-04T15:20:50.662+0000] {subprocess.py:93} INFO - 2025-12-04 15:20:50,661 - kafka.conn - WARNING - DNS lookup failed for kafka:29092, exception was [Errno -2] Name or service not known. Is your advertised.listeners (called advertised.host.name before Kafka 9) correct and resolvable?
[2025-12-04T15:20:50.665+0000] {subprocess.py:93} INFO - 2025-12-04 15:20:50,661 - kafka.conn - ERROR - <BrokerConnection client_id=kafka-python-2.3.0, node_id=1 host=kafka:29092 <connecting> [IPv4 ('172.20.0.4', 29092)]>: DNS lookup failed for kafka:29092 (AddressFamily.AF_UNSPEC)
[2025-12-04T15:20:50.666+0000] {subprocess.py:93} INFO - 2025-12-04 15:20:50,662 - kafka.conn - ERROR - <BrokerConnection client_id=kafka-python-2.3.0, node_id=1 host=kafka:29092 <connecting> [IPv4 ('172.20.0.4', 29092)]>: Closing connection. KafkaConnectionError: DNS failure
[2025-12-04T15:20:50.667+0000] {subprocess.py:93} INFO - 2025-12-04 15:20:50,662 - kafka.client - WARNING - Node 1 connection failed -- refreshing metadata
[2025-12-04T15:21:00.899+0000] {subprocess.py:93} INFO - 2025-12-04 15:21:00,899 - kafka.conn - WARNING - DNS lookup failed for kafka:29092, exception was [Errno -2] Name or service not known. Is your advertised.listeners (called advertised.host.name before Kafka 9) correct and resolvable?
[2025-12-04T15:21:00.901+0000] {subprocess.py:93} INFO - 2025-12-04 15:21:00,899 - kafka.conn - ERROR - <BrokerConnection client_id=kafka-python-producer-1, node_id=1 host=kafka:29092 <connecting> [IPv4 ('172.20.0.4', 29092)]>: DNS lookup failed for kafka:29092 (AddressFamily.AF_UNSPEC)
[2025-12-04T15:21:00.903+0000] {subprocess.py:93} INFO - 2025-12-04 15:21:00,899 - kafka.conn - ERROR - <BrokerConnection client_id=kafka-python-producer-1, node_id=1 host=kafka:29092 <connecting> [IPv4 ('172.20.0.4', 29092)]>: Closing connection. KafkaConnectionError: DNS failure
[2025-12-04T15:21:00.905+0000] {subprocess.py:93} INFO - 2025-12-04 15:21:00,899 - kafka.client - WARNING - Node 1 connection failed -- refreshing metadata
[2025-12-04T15:21:25.215+0000] {subprocess.py:93} INFO - 2025-12-04 15:21:25,215 - kafka.conn - WARNING - DNS lookup failed for kafka:29092, exception was [Errno -2] Name or service not known. Is your advertised.listeners (called advertised.host.name before Kafka 9) correct and resolvable?
[2025-12-04T15:21:25.217+0000] {subprocess.py:93} INFO - 2025-12-04 15:21:25,215 - kafka.conn - ERROR - <BrokerConnection client_id=kafka-python-2.3.0, node_id=1 host=kafka:29092 <connecting> [IPv4 ('172.20.0.4', 29092)]>: DNS lookup failed for kafka:29092 (AddressFamily.AF_UNSPEC)
[2025-12-04T15:21:25.218+0000] {subprocess.py:93} INFO - 2025-12-04 15:21:25,215 - kafka.conn - ERROR - <BrokerConnection client_id=kafka-python-2.3.0, node_id=1 host=kafka:29092 <connecting> [IPv4 ('172.20.0.4', 29092)]>: Closing connection. KafkaConnectionError: DNS failure
[2025-12-04T15:21:25.219+0000] {subprocess.py:93} INFO - 2025-12-04 15:21:25,216 - kafka.client - WARNING - Node 1 connection failed -- refreshing metadata
[2025-12-04T15:21:31.948+0000] {subprocess.py:93} INFO - 2025-12-04 15:21:31,948 - kafka.conn - WARNING - DNS lookup failed for kafka:29092, exception was [Errno -2] Name or service not known. Is your advertised.listeners (called advertised.host.name before Kafka 9) correct and resolvable?
[2025-12-04T15:21:31.950+0000] {subprocess.py:93} INFO - 2025-12-04 15:21:31,948 - kafka.conn - ERROR - <BrokerConnection client_id=kafka-python-producer-1, node_id=1 host=kafka:29092 <connecting> [IPv4 ('172.20.0.4', 29092)]>: DNS lookup failed for kafka:29092 (AddressFamily.AF_UNSPEC)
[2025-12-04T15:21:31.951+0000] {subprocess.py:93} INFO - 2025-12-04 15:21:31,948 - kafka.conn - ERROR - <BrokerConnection client_id=kafka-python-producer-1, node_id=1 host=kafka:29092 <connecting> [IPv4 ('172.20.0.4', 29092)]>: Closing connection. KafkaConnectionError: DNS failure
[2025-12-04T15:21:31.952+0000] {subprocess.py:93} INFO - 2025-12-04 15:21:31,948 - kafka.client - WARNING - Node 1 connection failed -- refreshing metadata
[2025-12-04T15:21:57.025+0000] {subprocess.py:93} INFO - 2025-12-04 15:21:57,025 - kafka.conn - WARNING - DNS lookup failed for kafka:29092, exception was [Errno -2] Name or service not known. Is your advertised.listeners (called advertised.host.name before Kafka 9) correct and resolvable?
[2025-12-04T15:21:57.027+0000] {subprocess.py:93} INFO - 2025-12-04 15:21:57,025 - kafka.conn - ERROR - <BrokerConnection client_id=kafka-python-2.3.0, node_id=1 host=kafka:29092 <connecting> [IPv4 ('172.20.0.4', 29092)]>: DNS lookup failed for kafka:29092 (AddressFamily.AF_UNSPEC)
[2025-12-04T15:21:57.028+0000] {subprocess.py:93} INFO - 2025-12-04 15:21:57,025 - kafka.conn - ERROR - <BrokerConnection client_id=kafka-python-2.3.0, node_id=1 host=kafka:29092 <connecting> [IPv4 ('172.20.0.4', 29092)]>: Closing connection. KafkaConnectionError: DNS failure
[2025-12-04T15:21:57.030+0000] {subprocess.py:93} INFO - 2025-12-04 15:21:57,026 - kafka.client - WARNING - Node 1 connection failed -- refreshing metadata
[2025-12-04T15:22:04.121+0000] {subprocess.py:93} INFO - 2025-12-04 15:22:04,121 - kafka.conn - WARNING - DNS lookup failed for kafka:29092, exception was [Errno -2] Name or service not known. Is your advertised.listeners (called advertised.host.name before Kafka 9) correct and resolvable?
[2025-12-04T15:22:04.122+0000] {subprocess.py:93} INFO - 2025-12-04 15:22:04,121 - kafka.conn - ERROR - <BrokerConnection client_id=kafka-python-producer-1, node_id=1 host=kafka:29092 <connecting> [IPv4 ('172.20.0.4', 29092)]>: DNS lookup failed for kafka:29092 (AddressFamily.AF_UNSPEC)
[2025-12-04T15:22:04.124+0000] {subprocess.py:93} INFO - 2025-12-04 15:22:04,121 - kafka.conn - ERROR - <BrokerConnection client_id=kafka-python-producer-1, node_id=1 host=kafka:29092 <connecting> [IPv4 ('172.20.0.4', 29092)]>: Closing connection. KafkaConnectionError: DNS failure
[2025-12-04T15:22:04.125+0000] {subprocess.py:93} INFO - 2025-12-04 15:22:04,121 - kafka.client - WARNING - Node 1 connection failed -- refreshing metadata
[2025-12-04T15:22:23.887+0000] {subprocess.py:93} INFO - 2025-12-04 15:22:23,886 - kafka.conn - WARNING - DNS lookup failed for kafka:29092, exception was [Errno -2] Name or service not known. Is your advertised.listeners (called advertised.host.name before Kafka 9) correct and resolvable?
[2025-12-04T15:22:23.889+0000] {subprocess.py:93} INFO - 2025-12-04 15:22:23,887 - kafka.conn - ERROR - <BrokerConnection client_id=kafka-python-2.3.0, node_id=1 host=kafka:29092 <connecting> [IPv4 ('172.20.0.4', 29092)]>: DNS lookup failed for kafka:29092 (AddressFamily.AF_UNSPEC)
[2025-12-04T15:22:23.890+0000] {subprocess.py:93} INFO - 2025-12-04 15:22:23,887 - kafka.conn - ERROR - <BrokerConnection client_id=kafka-python-2.3.0, node_id=1 host=kafka:29092 <connecting> [IPv4 ('172.20.0.4', 29092)]>: Closing connection. KafkaConnectionError: DNS failure
[2025-12-04T15:22:23.892+0000] {subprocess.py:93} INFO - 2025-12-04 15:22:23,887 - kafka.client - WARNING - Node 1 connection failed -- refreshing metadata
[2025-12-04T15:22:36.654+0000] {subprocess.py:93} INFO - 2025-12-04 15:22:36,654 - kafka.conn - WARNING - DNS lookup failed for kafka:29092, exception was [Errno -2] Name or service not known. Is your advertised.listeners (called advertised.host.name before Kafka 9) correct and resolvable?
[2025-12-04T15:22:36.656+0000] {subprocess.py:93} INFO - 2025-12-04 15:22:36,654 - kafka.conn - ERROR - <BrokerConnection client_id=kafka-python-producer-1, node_id=1 host=kafka:29092 <connecting> [IPv4 ('172.20.0.4', 29092)]>: DNS lookup failed for kafka:29092 (AddressFamily.AF_UNSPEC)
[2025-12-04T15:22:36.657+0000] {subprocess.py:93} INFO - 2025-12-04 15:22:36,654 - kafka.conn - ERROR - <BrokerConnection client_id=kafka-python-producer-1, node_id=1 host=kafka:29092 <connecting> [IPv4 ('172.20.0.4', 29092)]>: Closing connection. KafkaConnectionError: DNS failure
[2025-12-04T15:22:36.658+0000] {subprocess.py:93} INFO - 2025-12-04 15:22:36,655 - kafka.client - WARNING - Node 1 connection failed -- refreshing metadata
[2025-12-04T15:22:49.446+0000] {subprocess.py:93} INFO - 2025-12-04 15:22:49,445 - kafka.conn - WARNING - DNS lookup failed for kafka:29092, exception was [Errno -2] Name or service not known. Is your advertised.listeners (called advertised.host.name before Kafka 9) correct and resolvable?
[2025-12-04T15:22:49.449+0000] {subprocess.py:93} INFO - 2025-12-04 15:22:49,446 - kafka.conn - ERROR - <BrokerConnection client_id=kafka-python-2.3.0, node_id=1 host=kafka:29092 <connecting> [IPv4 ('172.20.0.4', 29092)]>: DNS lookup failed for kafka:29092 (AddressFamily.AF_UNSPEC)
[2025-12-04T15:22:49.450+0000] {subprocess.py:93} INFO - 2025-12-04 15:22:49,446 - kafka.conn - ERROR - <BrokerConnection client_id=kafka-python-2.3.0, node_id=1 host=kafka:29092 <connecting> [IPv4 ('172.20.0.4', 29092)]>: Closing connection. KafkaConnectionError: DNS failure
[2025-12-04T15:22:49.451+0000] {subprocess.py:93} INFO - 2025-12-04 15:22:49,446 - kafka.client - WARNING - Node 1 connection failed -- refreshing metadata
[2025-12-04T15:23:07.939+0000] {subprocess.py:93} INFO - 2025-12-04 15:23:07,938 - kafka.conn - WARNING - DNS lookup failed for kafka:29092, exception was [Errno -2] Name or service not known. Is your advertised.listeners (called advertised.host.name before Kafka 9) correct and resolvable?
[2025-12-04T15:23:07.940+0000] {subprocess.py:93} INFO - 2025-12-04 15:23:07,939 - kafka.conn - ERROR - <BrokerConnection client_id=kafka-python-producer-1, node_id=1 host=kafka:29092 <connecting> [IPv4 ('172.20.0.4', 29092)]>: DNS lookup failed for kafka:29092 (AddressFamily.AF_UNSPEC)
[2025-12-04T15:23:07.940+0000] {subprocess.py:93} INFO - 2025-12-04 15:23:07,939 - kafka.conn - ERROR - <BrokerConnection client_id=kafka-python-producer-1, node_id=1 host=kafka:29092 <connecting> [IPv4 ('172.20.0.4', 29092)]>: Closing connection. KafkaConnectionError: DNS failure
[2025-12-04T15:23:07.941+0000] {subprocess.py:93} INFO - 2025-12-04 15:23:07,939 - kafka.client - WARNING - Node 1 connection failed -- refreshing metadata
[2025-12-04T15:23:32.276+0000] {subprocess.py:93} INFO - 2025-12-04 15:23:32,275 - kafka.conn - WARNING - DNS lookup failed for kafka:29092, exception was [Errno -2] Name or service not known. Is your advertised.listeners (called advertised.host.name before Kafka 9) correct and resolvable?
[2025-12-04T15:23:32.280+0000] {subprocess.py:93} INFO - 2025-12-04 15:23:32,276 - kafka.conn - ERROR - <BrokerConnection client_id=kafka-python-2.3.0, node_id=1 host=kafka:29092 <connecting> [IPv4 ('172.20.0.4', 29092)]>: DNS lookup failed for kafka:29092 (AddressFamily.AF_UNSPEC)
[2025-12-04T15:23:32.283+0000] {subprocess.py:93} INFO - 2025-12-04 15:23:32,276 - kafka.conn - ERROR - <BrokerConnection client_id=kafka-python-2.3.0, node_id=1 host=kafka:29092 <connecting> [IPv4 ('172.20.0.4', 29092)]>: Closing connection. KafkaConnectionError: DNS failure
[2025-12-04T15:23:32.286+0000] {subprocess.py:93} INFO - 2025-12-04 15:23:32,277 - kafka.client - WARNING - Node 1 connection failed -- refreshing metadata
[2025-12-04T15:23:47.061+0000] {subprocess.py:93} INFO - 2025-12-04 15:23:47,060 - kafka.conn - WARNING - DNS lookup failed for kafka:29092, exception was [Errno -2] Name or service not known. Is your advertised.listeners (called advertised.host.name before Kafka 9) correct and resolvable?
[2025-12-04T15:23:47.064+0000] {subprocess.py:93} INFO - 2025-12-04 15:23:47,061 - kafka.conn - ERROR - <BrokerConnection client_id=kafka-python-producer-1, node_id=1 host=kafka:29092 <connecting> [IPv4 ('172.20.0.4', 29092)]>: DNS lookup failed for kafka:29092 (AddressFamily.AF_UNSPEC)
[2025-12-04T15:23:47.064+0000] {subprocess.py:93} INFO - 2025-12-04 15:23:47,061 - kafka.conn - ERROR - <BrokerConnection client_id=kafka-python-producer-1, node_id=1 host=kafka:29092 <connecting> [IPv4 ('172.20.0.4', 29092)]>: Closing connection. KafkaConnectionError: DNS failure
[2025-12-04T15:23:47.065+0000] {subprocess.py:93} INFO - 2025-12-04 15:23:47,062 - kafka.client - WARNING - Node 1 connection failed -- refreshing metadata
[2025-12-04T15:23:59.819+0000] {subprocess.py:93} INFO - 2025-12-04 15:23:59,819 - kafka.conn - WARNING - DNS lookup failed for kafka:29092, exception was [Errno -2] Name or service not known. Is your advertised.listeners (called advertised.host.name before Kafka 9) correct and resolvable?
[2025-12-04T15:23:59.821+0000] {subprocess.py:93} INFO - 2025-12-04 15:23:59,819 - kafka.conn - ERROR - <BrokerConnection client_id=kafka-python-2.3.0, node_id=1 host=kafka:29092 <connecting> [IPv4 ('172.20.0.4', 29092)]>: DNS lookup failed for kafka:29092 (AddressFamily.AF_UNSPEC)
[2025-12-04T15:23:59.822+0000] {subprocess.py:93} INFO - 2025-12-04 15:23:59,819 - kafka.conn - ERROR - <BrokerConnection client_id=kafka-python-2.3.0, node_id=1 host=kafka:29092 <connecting> [IPv4 ('172.20.0.4', 29092)]>: Closing connection. KafkaConnectionError: DNS failure
[2025-12-04T15:23:59.822+0000] {subprocess.py:93} INFO - 2025-12-04 15:23:59,819 - kafka.client - WARNING - Node 1 connection failed -- refreshing metadata
[2025-12-04T15:24:17.331+0000] {subprocess.py:93} INFO - 2025-12-04 15:24:17,330 - kafka.conn - WARNING - DNS lookup failed for kafka:29092, exception was [Errno -2] Name or service not known. Is your advertised.listeners (called advertised.host.name before Kafka 9) correct and resolvable?
[2025-12-04T15:24:17.333+0000] {subprocess.py:93} INFO - 2025-12-04 15:24:17,331 - kafka.conn - ERROR - <BrokerConnection client_id=kafka-python-producer-1, node_id=1 host=kafka:29092 <connecting> [IPv4 ('172.20.0.4', 29092)]>: DNS lookup failed for kafka:29092 (AddressFamily.AF_UNSPEC)
[2025-12-04T15:24:17.334+0000] {subprocess.py:93} INFO - 2025-12-04 15:24:17,331 - kafka.conn - ERROR - <BrokerConnection client_id=kafka-python-producer-1, node_id=1 host=kafka:29092 <connecting> [IPv4 ('172.20.0.4', 29092)]>: Closing connection. KafkaConnectionError: DNS failure
[2025-12-04T15:24:17.335+0000] {subprocess.py:93} INFO - 2025-12-04 15:24:17,331 - kafka.client - WARNING - Node 1 connection failed -- refreshing metadata
[2025-12-04T15:24:30.199+0000] {subprocess.py:93} INFO - 2025-12-04 15:24:30,199 - kafka.conn - WARNING - DNS lookup failed for kafka:29092, exception was [Errno -2] Name or service not known. Is your advertised.listeners (called advertised.host.name before Kafka 9) correct and resolvable?
[2025-12-04T15:24:30.200+0000] {subprocess.py:93} INFO - 2025-12-04 15:24:30,199 - kafka.conn - ERROR - <BrokerConnection client_id=kafka-python-2.3.0, node_id=1 host=kafka:29092 <connecting> [IPv4 ('172.20.0.4', 29092)]>: DNS lookup failed for kafka:29092 (AddressFamily.AF_UNSPEC)
[2025-12-04T15:24:30.201+0000] {subprocess.py:93} INFO - 2025-12-04 15:24:30,199 - kafka.conn - ERROR - <BrokerConnection client_id=kafka-python-2.3.0, node_id=1 host=kafka:29092 <connecting> [IPv4 ('172.20.0.4', 29092)]>: Closing connection. KafkaConnectionError: DNS failure
[2025-12-04T15:24:30.202+0000] {subprocess.py:93} INFO - 2025-12-04 15:24:30,199 - kafka.client - WARNING - Node 1 connection failed -- refreshing metadata
[2025-12-04T15:24:44.044+0000] {subprocess.py:93} INFO - 2025-12-04 15:24:44,043 - kafka.conn - WARNING - DNS lookup failed for kafka:29092, exception was [Errno -2] Name or service not known. Is your advertised.listeners (called advertised.host.name before Kafka 9) correct and resolvable?
[2025-12-04T15:24:44.047+0000] {subprocess.py:93} INFO - 2025-12-04 15:24:44,044 - kafka.conn - ERROR - <BrokerConnection client_id=kafka-python-producer-1, node_id=1 host=kafka:29092 <connecting> [IPv4 ('172.20.0.4', 29092)]>: DNS lookup failed for kafka:29092 (AddressFamily.AF_UNSPEC)
[2025-12-04T15:24:44.048+0000] {subprocess.py:93} INFO - 2025-12-04 15:24:44,044 - kafka.conn - ERROR - <BrokerConnection client_id=kafka-python-producer-1, node_id=1 host=kafka:29092 <connecting> [IPv4 ('172.20.0.4', 29092)]>: Closing connection. KafkaConnectionError: DNS failure
[2025-12-04T15:24:44.049+0000] {subprocess.py:93} INFO - 2025-12-04 15:24:44,044 - kafka.client - WARNING - Node 1 connection failed -- refreshing metadata
[2025-12-04T15:24:54.952+0000] {subprocess.py:93} INFO - 2025-12-04 15:24:54,951 - kafka.conn - WARNING - DNS lookup failed for kafka:29092, exception was [Errno -2] Name or service not known. Is your advertised.listeners (called advertised.host.name before Kafka 9) correct and resolvable?
[2025-12-04T15:24:54.954+0000] {subprocess.py:93} INFO - 2025-12-04 15:24:54,951 - kafka.conn - ERROR - <BrokerConnection client_id=kafka-python-2.3.0, node_id=1 host=kafka:29092 <connecting> [IPv4 ('172.20.0.4', 29092)]>: DNS lookup failed for kafka:29092 (AddressFamily.AF_UNSPEC)
[2025-12-04T15:24:54.957+0000] {subprocess.py:93} INFO - 2025-12-04 15:24:54,951 - kafka.conn - ERROR - <BrokerConnection client_id=kafka-python-2.3.0, node_id=1 host=kafka:29092 <connecting> [IPv4 ('172.20.0.4', 29092)]>: Closing connection. KafkaConnectionError: DNS failure
[2025-12-04T15:24:54.958+0000] {subprocess.py:93} INFO - 2025-12-04 15:24:54,952 - kafka.client - WARNING - Node 1 connection failed -- refreshing metadata
[2025-12-04T15:25:11.267+0000] {subprocess.py:93} INFO - 2025-12-04 15:25:11,267 - kafka.conn - WARNING - DNS lookup failed for kafka:29092, exception was [Errno -2] Name or service not known. Is your advertised.listeners (called advertised.host.name before Kafka 9) correct and resolvable?
[2025-12-04T15:25:11.270+0000] {subprocess.py:93} INFO - 2025-12-04 15:25:11,267 - kafka.conn - ERROR - <BrokerConnection client_id=kafka-python-producer-1, node_id=1 host=kafka:29092 <connecting> [IPv4 ('172.20.0.4', 29092)]>: DNS lookup failed for kafka:29092 (AddressFamily.AF_UNSPEC)
[2025-12-04T15:25:11.274+0000] {subprocess.py:93} INFO - 2025-12-04 15:25:11,267 - kafka.conn - ERROR - <BrokerConnection client_id=kafka-python-producer-1, node_id=1 host=kafka:29092 <connecting> [IPv4 ('172.20.0.4', 29092)]>: Closing connection. KafkaConnectionError: DNS failure
[2025-12-04T15:25:11.276+0000] {subprocess.py:93} INFO - 2025-12-04 15:25:11,267 - kafka.client - WARNING - Node 1 connection failed -- refreshing metadata
[2025-12-04T15:25:23.750+0000] {subprocess.py:93} INFO - 2025-12-04 15:25:23,749 - kafka.conn - WARNING - DNS lookup failed for kafka:29092, exception was [Errno -2] Name or service not known. Is your advertised.listeners (called advertised.host.name before Kafka 9) correct and resolvable?
[2025-12-04T15:25:23.753+0000] {subprocess.py:93} INFO - 2025-12-04 15:25:23,750 - kafka.conn - ERROR - <BrokerConnection client_id=kafka-python-2.3.0, node_id=1 host=kafka:29092 <connecting> [IPv4 ('172.20.0.4', 29092)]>: DNS lookup failed for kafka:29092 (AddressFamily.AF_UNSPEC)
[2025-12-04T15:25:23.754+0000] {subprocess.py:93} INFO - 2025-12-04 15:25:23,750 - kafka.conn - ERROR - <BrokerConnection client_id=kafka-python-2.3.0, node_id=1 host=kafka:29092 <connecting> [IPv4 ('172.20.0.4', 29092)]>: Closing connection. KafkaConnectionError: DNS failure
[2025-12-04T15:25:23.756+0000] {subprocess.py:93} INFO - 2025-12-04 15:25:23,751 - kafka.client - WARNING - Node 1 connection failed -- refreshing metadata
[2025-12-04T15:25:42.425+0000] {subprocess.py:93} INFO - 2025-12-04 15:25:42,425 - kafka.conn - WARNING - DNS lookup failed for kafka:29092, exception was [Errno -2] Name or service not known. Is your advertised.listeners (called advertised.host.name before Kafka 9) correct and resolvable?
[2025-12-04T15:25:42.426+0000] {subprocess.py:93} INFO - 2025-12-04 15:25:42,425 - kafka.conn - ERROR - <BrokerConnection client_id=kafka-python-producer-1, node_id=1 host=kafka:29092 <connecting> [IPv4 ('172.20.0.4', 29092)]>: DNS lookup failed for kafka:29092 (AddressFamily.AF_UNSPEC)
[2025-12-04T15:25:42.426+0000] {subprocess.py:93} INFO - 2025-12-04 15:25:42,425 - kafka.conn - ERROR - <BrokerConnection client_id=kafka-python-producer-1, node_id=1 host=kafka:29092 <connecting> [IPv4 ('172.20.0.4', 29092)]>: Closing connection. KafkaConnectionError: DNS failure
[2025-12-04T15:25:42.427+0000] {subprocess.py:93} INFO - 2025-12-04 15:25:42,425 - kafka.client - WARNING - Node 1 connection failed -- refreshing metadata
[2025-12-04T15:25:54.301+0000] {subprocess.py:93} INFO - 2025-12-04 15:25:54,300 - kafka.conn - WARNING - DNS lookup failed for kafka:29092, exception was [Errno -2] Name or service not known. Is your advertised.listeners (called advertised.host.name before Kafka 9) correct and resolvable?
[2025-12-04T15:25:54.303+0000] {subprocess.py:93} INFO - 2025-12-04 15:25:54,301 - kafka.conn - ERROR - <BrokerConnection client_id=kafka-python-2.3.0, node_id=1 host=kafka:29092 <connecting> [IPv4 ('172.20.0.4', 29092)]>: DNS lookup failed for kafka:29092 (AddressFamily.AF_UNSPEC)
[2025-12-04T15:25:54.304+0000] {subprocess.py:93} INFO - 2025-12-04 15:25:54,301 - kafka.conn - ERROR - <BrokerConnection client_id=kafka-python-2.3.0, node_id=1 host=kafka:29092 <connecting> [IPv4 ('172.20.0.4', 29092)]>: Closing connection. KafkaConnectionError: DNS failure
[2025-12-04T15:25:54.305+0000] {subprocess.py:93} INFO - 2025-12-04 15:25:54,301 - kafka.client - WARNING - Node 1 connection failed -- refreshing metadata
[2025-12-04T15:26:08.412+0000] {subprocess.py:93} INFO - 2025-12-04 15:26:08,410 - kafka.conn - WARNING - DNS lookup failed for kafka:29092, exception was [Errno -2] Name or service not known. Is your advertised.listeners (called advertised.host.name before Kafka 9) correct and resolvable?
[2025-12-04T15:26:08.414+0000] {subprocess.py:93} INFO - 2025-12-04 15:26:08,411 - kafka.conn - ERROR - <BrokerConnection client_id=kafka-python-producer-1, node_id=1 host=kafka:29092 <connecting> [IPv4 ('172.20.0.4', 29092)]>: DNS lookup failed for kafka:29092 (AddressFamily.AF_UNSPEC)
[2025-12-04T15:26:08.416+0000] {subprocess.py:93} INFO - 2025-12-04 15:26:08,411 - kafka.conn - ERROR - <BrokerConnection client_id=kafka-python-producer-1, node_id=1 host=kafka:29092 <connecting> [IPv4 ('172.20.0.4', 29092)]>: Closing connection. KafkaConnectionError: DNS failure
[2025-12-04T15:26:08.417+0000] {subprocess.py:93} INFO - 2025-12-04 15:26:08,412 - kafka.client - WARNING - Node 1 connection failed -- refreshing metadata
[2025-12-04T15:26:23.033+0000] {subprocess.py:93} INFO - 2025-12-04 15:26:23,032 - kafka.conn - WARNING - DNS lookup failed for kafka:29092, exception was [Errno -2] Name or service not known. Is your advertised.listeners (called advertised.host.name before Kafka 9) correct and resolvable?
[2025-12-04T15:26:23.035+0000] {subprocess.py:93} INFO - 2025-12-04 15:26:23,033 - kafka.conn - ERROR - <BrokerConnection client_id=kafka-python-2.3.0, node_id=1 host=kafka:29092 <connecting> [IPv4 ('172.20.0.4', 29092)]>: DNS lookup failed for kafka:29092 (AddressFamily.AF_UNSPEC)
[2025-12-04T15:26:23.036+0000] {subprocess.py:93} INFO - 2025-12-04 15:26:23,033 - kafka.conn - ERROR - <BrokerConnection client_id=kafka-python-2.3.0, node_id=1 host=kafka:29092 <connecting> [IPv4 ('172.20.0.4', 29092)]>: Closing connection. KafkaConnectionError: DNS failure
[2025-12-04T15:26:23.038+0000] {subprocess.py:93} INFO - 2025-12-04 15:26:23,033 - kafka.client - WARNING - Node 1 connection failed -- refreshing metadata
[2025-12-04T15:26:36.734+0000] {subprocess.py:93} INFO - 2025-12-04 15:26:36,733 - kafka.conn - WARNING - DNS lookup failed for kafka:29092, exception was [Errno -2] Name or service not known. Is your advertised.listeners (called advertised.host.name before Kafka 9) correct and resolvable?
[2025-12-04T15:26:36.737+0000] {subprocess.py:93} INFO - 2025-12-04 15:26:36,734 - kafka.conn - ERROR - <BrokerConnection client_id=kafka-python-producer-1, node_id=1 host=kafka:29092 <connecting> [IPv4 ('172.20.0.4', 29092)]>: DNS lookup failed for kafka:29092 (AddressFamily.AF_UNSPEC)
[2025-12-04T15:26:36.740+0000] {subprocess.py:93} INFO - 2025-12-04 15:26:36,734 - kafka.conn - ERROR - <BrokerConnection client_id=kafka-python-producer-1, node_id=1 host=kafka:29092 <connecting> [IPv4 ('172.20.0.4', 29092)]>: Closing connection. KafkaConnectionError: DNS failure
[2025-12-04T15:26:36.741+0000] {subprocess.py:93} INFO - 2025-12-04 15:26:36,735 - kafka.client - WARNING - Node 1 connection failed -- refreshing metadata
[2025-12-04T15:26:37.758+0000] {local_task_job_runner.py:121} ERROR - Received SIGTERM. Terminating subprocesses
[2025-12-04T15:26:37.917+0000] {process_utils.py:131} INFO - Sending 15 to group 306. PIDs of all processes in the group: [307, 306]
[2025-12-04T15:26:37.943+0000] {process_utils.py:86} INFO - Sending the signal 15 to group 306
[2025-12-04T15:26:38.096+0000] {taskinstance.py:2450} ERROR - Received SIGTERM. Terminating subprocesses.
[2025-12-04T15:26:38.120+0000] {subprocess.py:104} INFO - Sending SIGTERM signal to process group
