[2025-12-05T08:22:32.406+0000] {taskinstance.py:1956} INFO - Dependencies all met for dep_context=non-requeueable deps ti=<TaskInstance: email_pipeline_dag.kafka_producer manual__2025-12-05T08:22:31.649042+00:00 [queued]>
[2025-12-05T08:22:32.416+0000] {taskinstance.py:1956} INFO - Dependencies all met for dep_context=requeueable deps ti=<TaskInstance: email_pipeline_dag.kafka_producer manual__2025-12-05T08:22:31.649042+00:00 [queued]>
[2025-12-05T08:22:32.417+0000] {taskinstance.py:2170} INFO - Starting attempt 1 of 1
[2025-12-05T08:22:32.434+0000] {taskinstance.py:2191} INFO - Executing <Task(BashOperator): kafka_producer> on 2025-12-05 08:22:31.649042+00:00
[2025-12-05T08:22:32.439+0000] {standard_task_runner.py:60} INFO - Started process 221 to run task
[2025-12-05T08:22:32.445+0000] {standard_task_runner.py:87} INFO - Running: ['***', 'tasks', 'run', 'email_pipeline_dag', 'kafka_producer', 'manual__2025-12-05T08:22:31.649042+00:00', '--job-id', '11', '--raw', '--subdir', 'DAGS_FOLDER/email_pipeline_dag.py', '--cfg-path', '/tmp/tmpbdaj7iiq']
[2025-12-05T08:22:32.449+0000] {standard_task_runner.py:88} INFO - Job 11: Subtask kafka_producer
[2025-12-05T08:22:32.553+0000] {task_command.py:423} INFO - Running <TaskInstance: email_pipeline_dag.kafka_producer manual__2025-12-05T08:22:31.649042+00:00 [running]> on host 2f37ffd1c359
[2025-12-05T08:22:32.633+0000] {taskinstance.py:2480} INFO - Exporting env vars: AIRFLOW_CTX_DAG_OWNER='***' AIRFLOW_CTX_DAG_ID='email_pipeline_dag' AIRFLOW_CTX_TASK_ID='kafka_producer' AIRFLOW_CTX_EXECUTION_DATE='2025-12-05T08:22:31.649042+00:00' AIRFLOW_CTX_TRY_NUMBER='1' AIRFLOW_CTX_DAG_RUN_ID='manual__2025-12-05T08:22:31.649042+00:00'
[2025-12-05T08:22:32.635+0000] {subprocess.py:63} INFO - Tmp dir root location: /tmp
[2025-12-05T08:22:32.638+0000] {subprocess.py:75} INFO - Running command: ['/usr/bin/bash', '-c', 'python /opt/***/kafka/Producer/email_producer.py']
[2025-12-05T08:22:32.647+0000] {subprocess.py:86} INFO - Output:
[2025-12-05T08:22:33.072+0000] {subprocess.py:93} INFO - Traceback (most recent call last):
[2025-12-05T08:22:33.073+0000] {subprocess.py:93} INFO -   File "/opt/***/kafka/Producer/email_producer.py", line 17, in <module>
[2025-12-05T08:22:33.074+0000] {subprocess.py:93} INFO -     from kafka import KafkaProducer, KafkaConsumer
[2025-12-05T08:22:33.074+0000] {subprocess.py:93} INFO - ModuleNotFoundError: No module named 'kafka'
[2025-12-05T08:22:33.115+0000] {subprocess.py:97} INFO - Command exited with return code 1
[2025-12-05T08:22:33.125+0000] {taskinstance.py:2698} ERROR - Task failed with exception
Traceback (most recent call last):
  File "/home/airflow/.local/lib/python3.8/site-packages/airflow/models/taskinstance.py", line 428, in _execute_task
    result = execute_callable(context=context, **execute_callable_kwargs)
  File "/home/airflow/.local/lib/python3.8/site-packages/airflow/operators/bash.py", line 212, in execute
    raise AirflowException(
airflow.exceptions.AirflowException: Bash command failed. The command returned a non-zero exit code 1.
[2025-12-05T08:22:33.131+0000] {taskinstance.py:1138} INFO - Marking task as FAILED. dag_id=email_pipeline_dag, task_id=kafka_producer, execution_date=20251205T082231, start_date=20251205T082232, end_date=20251205T082233
[2025-12-05T08:22:33.144+0000] {standard_task_runner.py:107} ERROR - Failed to execute job 11 for task kafka_producer (Bash command failed. The command returned a non-zero exit code 1.; 221)
[2025-12-05T08:22:33.182+0000] {local_task_job_runner.py:234} INFO - Task exited with return code 1
[2025-12-05T08:22:33.202+0000] {taskinstance.py:3280} INFO - 1 downstream tasks scheduled from follow-on schedule check
