[2025-12-06T21:15:32.088+0000] {taskinstance.py:1956} INFO - Dependencies all met for dep_context=non-requeueable deps ti=<TaskInstance: email_pipeline_dag.kafka_producer manual__2025-12-06T21:15:30.421220+00:00 [queued]>
[2025-12-06T21:15:32.116+0000] {taskinstance.py:1956} INFO - Dependencies all met for dep_context=requeueable deps ti=<TaskInstance: email_pipeline_dag.kafka_producer manual__2025-12-06T21:15:30.421220+00:00 [queued]>
[2025-12-06T21:15:32.118+0000] {taskinstance.py:2170} INFO - Starting attempt 1 of 1
[2025-12-06T21:15:32.167+0000] {taskinstance.py:2191} INFO - Executing <Task(BashOperator): kafka_producer> on 2025-12-06 21:15:30.421220+00:00
[2025-12-06T21:15:32.181+0000] {standard_task_runner.py:60} INFO - Started process 249 to run task
[2025-12-06T21:15:32.192+0000] {standard_task_runner.py:87} INFO - Running: ['***', 'tasks', 'run', 'email_pipeline_dag', 'kafka_producer', 'manual__2025-12-06T21:15:30.421220+00:00', '--job-id', '49', '--raw', '--subdir', 'DAGS_FOLDER/email_pipeline_dag.py', '--cfg-path', '/tmp/tmp7x9pb_l7']
[2025-12-06T21:15:32.199+0000] {standard_task_runner.py:88} INFO - Job 49: Subtask kafka_producer
[2025-12-06T21:15:32.353+0000] {task_command.py:423} INFO - Running <TaskInstance: email_pipeline_dag.kafka_producer manual__2025-12-06T21:15:30.421220+00:00 [running]> on host c5b1bafd0890
[2025-12-06T21:15:32.564+0000] {taskinstance.py:2480} INFO - Exporting env vars: AIRFLOW_CTX_DAG_OWNER='***' AIRFLOW_CTX_DAG_ID='email_pipeline_dag' AIRFLOW_CTX_TASK_ID='kafka_producer' AIRFLOW_CTX_EXECUTION_DATE='2025-12-06T21:15:30.421220+00:00' AIRFLOW_CTX_TRY_NUMBER='1' AIRFLOW_CTX_DAG_RUN_ID='manual__2025-12-06T21:15:30.421220+00:00'
[2025-12-06T21:15:32.569+0000] {subprocess.py:63} INFO - Tmp dir root location: /tmp
[2025-12-06T21:15:32.577+0000] {subprocess.py:75} INFO - Running command: ['/usr/bin/bash', '-c', 'python /opt/***/kafka/Producer/email_producer.py']
[2025-12-06T21:15:32.616+0000] {subprocess.py:86} INFO - Output:
[2025-12-06T21:15:34.366+0000] {subprocess.py:93} INFO - 2025-12-06 21:15:34,366 - __main__ - INFO - 🚀 Starting Producer + Consumer...
[2025-12-06T21:15:34.367+0000] {subprocess.py:93} INFO - 2025-12-06 21:15:34,366 - __main__ - INFO - 🔐 Authenticating with Gmail API...
[2025-12-06T21:15:34.776+0000] {subprocess.py:93} INFO - 2025-12-06 21:15:34,776 - googleapiclient.discovery_cache - INFO - file_cache is only supported with oauth2client<4.0.0
[2025-12-06T21:15:34.784+0000] {subprocess.py:93} INFO - 2025-12-06 21:15:34,784 - __main__ - INFO - 📨 Connecting to Kafka...
[2025-12-06T21:15:38.512+0000] {subprocess.py:93} INFO - 2025-12-06 21:15:38,511 - kafka.conn - WARNING - DNS lookup failed for kafka:29092, exception was [Errno -2] Name or service not known. Is your advertised.listeners (called advertised.host.name before Kafka 9) correct and resolvable?
[2025-12-06T21:15:38.514+0000] {subprocess.py:93} INFO - 2025-12-06 21:15:38,511 - kafka.conn - ERROR - <BrokerConnection client_id=kafka-python-producer-1, node_id=bootstrap-0 host=kafka:29092 <connecting> [unspecified None]>: DNS lookup failed for kafka:29092 (AddressFamily.AF_UNSPEC)
[2025-12-06T21:15:38.515+0000] {subprocess.py:93} INFO - 2025-12-06 21:15:38,512 - kafka.conn - ERROR - <BrokerConnection client_id=kafka-python-producer-1, node_id=bootstrap-0 host=kafka:29092 <connecting> [unspecified None]>: Closing connection. KafkaConnectionError: DNS failure
[2025-12-06T21:15:38.532+0000] {subprocess.py:93} INFO - 2025-12-06 21:15:38,513 - __main__ - ERROR - ❌ Error: NoBrokersAvailable
[2025-12-06T21:15:38.533+0000] {subprocess.py:93} INFO - Traceback (most recent call last):
[2025-12-06T21:15:38.534+0000] {subprocess.py:93} INFO -   File "/opt/***/kafka/Producer/email_producer.py", line 235, in main
[2025-12-06T21:15:38.536+0000] {subprocess.py:93} INFO -     producer = KafkaProducer(
[2025-12-06T21:15:38.537+0000] {subprocess.py:93} INFO -   File "/home/***/.local/lib/python3.8/site-packages/kafka/producer/kafka.py", line 485, in __init__
[2025-12-06T21:15:38.538+0000] {subprocess.py:93} INFO -     client = self.config['kafka_client'](
[2025-12-06T21:15:38.539+0000] {subprocess.py:93} INFO -   File "/home/***/.local/lib/python3.8/site-packages/kafka/client_async.py", line 262, in __init__
[2025-12-06T21:15:38.541+0000] {subprocess.py:93} INFO -     self.config['api_version'] = self.check_version()
[2025-12-06T21:15:38.542+0000] {subprocess.py:93} INFO -   File "/home/***/.local/lib/python3.8/site-packages/kafka/client_async.py", line 1076, in check_version
[2025-12-06T21:15:38.543+0000] {subprocess.py:93} INFO -     raise Errors.NoBrokersAvailable()
[2025-12-06T21:15:38.545+0000] {subprocess.py:93} INFO - kafka.errors.NoBrokersAvailable: NoBrokersAvailable
[2025-12-06T21:15:38.553+0000] {subprocess.py:93} INFO - Traceback (most recent call last):
[2025-12-06T21:15:38.554+0000] {subprocess.py:93} INFO -   File "/opt/***/kafka/Producer/email_producer.py", line 273, in <module>
[2025-12-06T21:15:38.556+0000] {subprocess.py:93} INFO -     main()
[2025-12-06T21:15:38.557+0000] {subprocess.py:93} INFO -   File "/opt/***/kafka/Producer/email_producer.py", line 235, in main
[2025-12-06T21:15:38.558+0000] {subprocess.py:93} INFO -     producer = KafkaProducer(
[2025-12-06T21:15:38.560+0000] {subprocess.py:93} INFO -   File "/home/***/.local/lib/python3.8/site-packages/kafka/producer/kafka.py", line 485, in __init__
[2025-12-06T21:15:38.561+0000] {subprocess.py:93} INFO -     client = self.config['kafka_client'](
[2025-12-06T21:15:38.563+0000] {subprocess.py:93} INFO -   File "/home/***/.local/lib/python3.8/site-packages/kafka/client_async.py", line 262, in __init__
[2025-12-06T21:15:38.564+0000] {subprocess.py:93} INFO -     self.config['api_version'] = self.check_version()
[2025-12-06T21:15:38.565+0000] {subprocess.py:93} INFO -   File "/home/***/.local/lib/python3.8/site-packages/kafka/client_async.py", line 1076, in check_version
[2025-12-06T21:15:38.566+0000] {subprocess.py:93} INFO -     raise Errors.NoBrokersAvailable()
[2025-12-06T21:15:38.568+0000] {subprocess.py:93} INFO - kafka.errors.NoBrokersAvailable: NoBrokersAvailable
[2025-12-06T21:15:38.659+0000] {subprocess.py:97} INFO - Command exited with return code 1
[2025-12-06T21:15:38.677+0000] {taskinstance.py:2698} ERROR - Task failed with exception
Traceback (most recent call last):
  File "/home/airflow/.local/lib/python3.8/site-packages/airflow/models/taskinstance.py", line 428, in _execute_task
    result = execute_callable(context=context, **execute_callable_kwargs)
  File "/home/airflow/.local/lib/python3.8/site-packages/airflow/operators/bash.py", line 212, in execute
    raise AirflowException(
airflow.exceptions.AirflowException: Bash command failed. The command returned a non-zero exit code 1.
[2025-12-06T21:15:38.683+0000] {taskinstance.py:1138} INFO - Marking task as FAILED. dag_id=email_pipeline_dag, task_id=kafka_producer, execution_date=20251206T211530, start_date=20251206T211532, end_date=20251206T211538
[2025-12-06T21:15:38.707+0000] {standard_task_runner.py:107} ERROR - Failed to execute job 49 for task kafka_producer (Bash command failed. The command returned a non-zero exit code 1.; 249)
[2025-12-06T21:15:38.736+0000] {local_task_job_runner.py:234} INFO - Task exited with return code 1
[2025-12-06T21:15:38.779+0000] {taskinstance.py:3280} INFO - 1 downstream tasks scheduled from follow-on schedule check
