[2025-12-04T15:27:27.342+0000] {taskinstance.py:1956} INFO - Dependencies all met for dep_context=non-requeueable deps ti=<TaskInstance: email_pipeline_dag.kafka_producer manual__2025-12-04T15:05:30.172775+00:00 [queued]>
[2025-12-04T15:27:27.472+0000] {taskinstance.py:1956} INFO - Dependencies all met for dep_context=requeueable deps ti=<TaskInstance: email_pipeline_dag.kafka_producer manual__2025-12-04T15:05:30.172775+00:00 [queued]>
[2025-12-04T15:27:27.481+0000] {taskinstance.py:2170} INFO - Starting attempt 2 of 2
[2025-12-04T15:27:27.634+0000] {taskinstance.py:2191} INFO - Executing <Task(BashOperator): kafka_producer> on 2025-12-04 15:05:30.172775+00:00
[2025-12-04T15:27:27.714+0000] {standard_task_runner.py:60} INFO - Started process 191 to run task
[2025-12-04T15:27:27.810+0000] {standard_task_runner.py:87} INFO - Running: ['***', 'tasks', 'run', 'email_pipeline_dag', 'kafka_producer', 'manual__2025-12-04T15:05:30.172775+00:00', '--job-id', '51', '--raw', '--subdir', 'DAGS_FOLDER/email_pipeline_dag.py', '--cfg-path', '/tmp/tmph48npxnd']
[2025-12-04T15:27:27.855+0000] {standard_task_runner.py:88} INFO - Job 51: Subtask kafka_producer
[2025-12-04T15:27:28.206+0000] {task_command.py:423} INFO - Running <TaskInstance: email_pipeline_dag.kafka_producer manual__2025-12-04T15:05:30.172775+00:00 [running]> on host 17d26709f247
[2025-12-04T15:27:28.711+0000] {taskinstance.py:2480} INFO - Exporting env vars: AIRFLOW_CTX_DAG_OWNER='***' AIRFLOW_CTX_DAG_ID='email_pipeline_dag' AIRFLOW_CTX_TASK_ID='kafka_producer' AIRFLOW_CTX_EXECUTION_DATE='2025-12-04T15:05:30.172775+00:00' AIRFLOW_CTX_TRY_NUMBER='2' AIRFLOW_CTX_DAG_RUN_ID='manual__2025-12-04T15:05:30.172775+00:00'
[2025-12-04T15:27:28.750+0000] {subprocess.py:63} INFO - Tmp dir root location: /tmp
[2025-12-04T15:27:28.772+0000] {subprocess.py:75} INFO - Running command: ['/usr/bin/bash', '-c', 'python /opt/***/kafka/Producer/email_producer.py']
[2025-12-04T15:27:28.986+0000] {subprocess.py:86} INFO - Output:
[2025-12-04T15:27:33.293+0000] {subprocess.py:93} INFO - Traceback (most recent call last):
[2025-12-04T15:27:33.299+0000] {subprocess.py:93} INFO -   File "/opt/***/kafka/Producer/email_producer.py", line 17, in <module>
[2025-12-04T15:27:33.303+0000] {subprocess.py:93} INFO -     from kafka import KafkaProducer, KafkaConsumer
[2025-12-04T15:27:33.321+0000] {subprocess.py:93} INFO - ModuleNotFoundError: No module named 'kafka'
[2025-12-04T15:27:33.634+0000] {subprocess.py:97} INFO - Command exited with return code 1
[2025-12-04T15:27:33.694+0000] {taskinstance.py:2698} ERROR - Task failed with exception
Traceback (most recent call last):
  File "/home/airflow/.local/lib/python3.8/site-packages/airflow/models/taskinstance.py", line 433, in _execute_task
    result = execute_callable(context=context, **execute_callable_kwargs)
  File "/home/airflow/.local/lib/python3.8/site-packages/airflow/operators/bash.py", line 212, in execute
    raise AirflowException(
airflow.exceptions.AirflowException: Bash command failed. The command returned a non-zero exit code 1.
[2025-12-04T15:27:33.723+0000] {taskinstance.py:1138} INFO - Marking task as FAILED. dag_id=email_pipeline_dag, task_id=kafka_producer, execution_date=20251204T150530, start_date=20251204T152727, end_date=20251204T152733
[2025-12-04T15:27:34.200+0000] {standard_task_runner.py:107} ERROR - Failed to execute job 51 for task kafka_producer (Bash command failed. The command returned a non-zero exit code 1.; 191)
[2025-12-04T15:27:34.338+0000] {local_task_job_runner.py:234} INFO - Task exited with return code 1
[2025-12-04T15:27:34.456+0000] {taskinstance.py:3280} INFO - 0 downstream tasks scheduled from follow-on schedule check
