[2025-12-05T15:35:05.660+0000] {taskinstance.py:1956} INFO - Dependencies all met for dep_context=non-requeueable deps ti=<TaskInstance: email_pipeline_dag.kafka_producer manual__2025-12-05T15:35:04.602233+00:00 [queued]>
[2025-12-05T15:35:05.667+0000] {taskinstance.py:1956} INFO - Dependencies all met for dep_context=requeueable deps ti=<TaskInstance: email_pipeline_dag.kafka_producer manual__2025-12-05T15:35:04.602233+00:00 [queued]>
[2025-12-05T15:35:05.668+0000] {taskinstance.py:2170} INFO - Starting attempt 1 of 1
[2025-12-05T15:35:05.681+0000] {taskinstance.py:2191} INFO - Executing <Task(BashOperator): kafka_producer> on 2025-12-05 15:35:04.602233+00:00
[2025-12-05T15:35:05.686+0000] {standard_task_runner.py:60} INFO - Started process 199 to run task
[2025-12-05T15:35:05.692+0000] {standard_task_runner.py:87} INFO - Running: ['***', 'tasks', 'run', 'email_pipeline_dag', 'kafka_producer', 'manual__2025-12-05T15:35:04.602233+00:00', '--job-id', '33', '--raw', '--subdir', 'DAGS_FOLDER/email_pipeline_dag.py', '--cfg-path', '/tmp/tmpcupa9_8d']
[2025-12-05T15:35:05.695+0000] {standard_task_runner.py:88} INFO - Job 33: Subtask kafka_producer
[2025-12-05T15:35:05.760+0000] {task_command.py:423} INFO - Running <TaskInstance: email_pipeline_dag.kafka_producer manual__2025-12-05T15:35:04.602233+00:00 [running]> on host cff5fd011f9e
[2025-12-05T15:35:05.833+0000] {taskinstance.py:2480} INFO - Exporting env vars: AIRFLOW_CTX_DAG_OWNER='***' AIRFLOW_CTX_DAG_ID='email_pipeline_dag' AIRFLOW_CTX_TASK_ID='kafka_producer' AIRFLOW_CTX_EXECUTION_DATE='2025-12-05T15:35:04.602233+00:00' AIRFLOW_CTX_TRY_NUMBER='1' AIRFLOW_CTX_DAG_RUN_ID='manual__2025-12-05T15:35:04.602233+00:00'
[2025-12-05T15:35:05.835+0000] {subprocess.py:63} INFO - Tmp dir root location: /tmp
[2025-12-05T15:35:05.836+0000] {subprocess.py:75} INFO - Running command: ['/usr/bin/bash', '-c', 'python /opt/***/kafka/Producer/email_producer.py']
[2025-12-05T15:35:05.845+0000] {subprocess.py:86} INFO - Output:
[2025-12-05T15:35:06.355+0000] {subprocess.py:93} INFO - 2025-12-05 15:35:06,355 - __main__ - INFO - 🚀 Starting Producer + Consumer...
[2025-12-05T15:35:06.356+0000] {subprocess.py:93} INFO - 2025-12-05 15:35:06,355 - __main__ - INFO - 🔐 Authenticating with Gmail API...
[2025-12-05T15:35:06.378+0000] {subprocess.py:93} INFO - 2025-12-05 15:35:06,377 - googleapiclient.discovery_cache - INFO - file_cache is only supported with oauth2client<4.0.0
[2025-12-05T15:35:06.380+0000] {subprocess.py:93} INFO - 2025-12-05 15:35:06,380 - __main__ - INFO - 📨 Connecting to Kafka...
[2025-12-05T15:35:10.108+0000] {subprocess.py:93} INFO - 2025-12-05 15:35:10,107 - kafka.conn - WARNING - DNS lookup failed for kafka:29092, exception was [Errno -2] Name or service not known. Is your advertised.listeners (called advertised.host.name before Kafka 9) correct and resolvable?
[2025-12-05T15:35:10.110+0000] {subprocess.py:93} INFO - 2025-12-05 15:35:10,108 - kafka.conn - ERROR - <BrokerConnection client_id=kafka-python-producer-1, node_id=bootstrap-0 host=kafka:29092 <connecting> [unspecified None]>: DNS lookup failed for kafka:29092 (AddressFamily.AF_UNSPEC)
[2025-12-05T15:35:10.111+0000] {subprocess.py:93} INFO - 2025-12-05 15:35:10,108 - kafka.conn - ERROR - <BrokerConnection client_id=kafka-python-producer-1, node_id=bootstrap-0 host=kafka:29092 <connecting> [unspecified None]>: Closing connection. KafkaConnectionError: DNS failure
[2025-12-05T15:35:10.127+0000] {subprocess.py:93} INFO - 2025-12-05 15:35:10,109 - __main__ - ERROR - ❌ Error: NoBrokersAvailable
[2025-12-05T15:35:10.127+0000] {subprocess.py:93} INFO - Traceback (most recent call last):
[2025-12-05T15:35:10.128+0000] {subprocess.py:93} INFO -   File "/opt/***/kafka/Producer/email_producer.py", line 235, in main
[2025-12-05T15:35:10.129+0000] {subprocess.py:93} INFO -     producer = KafkaProducer(
[2025-12-05T15:35:10.130+0000] {subprocess.py:93} INFO -   File "/home/***/.local/lib/python3.8/site-packages/kafka/producer/kafka.py", line 485, in __init__
[2025-12-05T15:35:10.130+0000] {subprocess.py:93} INFO -     client = self.config['kafka_client'](
[2025-12-05T15:35:10.131+0000] {subprocess.py:93} INFO -   File "/home/***/.local/lib/python3.8/site-packages/kafka/client_async.py", line 262, in __init__
[2025-12-05T15:35:10.131+0000] {subprocess.py:93} INFO -     self.config['api_version'] = self.check_version()
[2025-12-05T15:35:10.132+0000] {subprocess.py:93} INFO -   File "/home/***/.local/lib/python3.8/site-packages/kafka/client_async.py", line 1076, in check_version
[2025-12-05T15:35:10.132+0000] {subprocess.py:93} INFO -     raise Errors.NoBrokersAvailable()
[2025-12-05T15:35:10.132+0000] {subprocess.py:93} INFO - kafka.errors.NoBrokersAvailable: NoBrokersAvailable
[2025-12-05T15:35:10.136+0000] {subprocess.py:93} INFO - Traceback (most recent call last):
[2025-12-05T15:35:10.137+0000] {subprocess.py:93} INFO -   File "/opt/***/kafka/Producer/email_producer.py", line 273, in <module>
[2025-12-05T15:35:10.137+0000] {subprocess.py:93} INFO -     main()
[2025-12-05T15:35:10.137+0000] {subprocess.py:93} INFO -   File "/opt/***/kafka/Producer/email_producer.py", line 235, in main
[2025-12-05T15:35:10.138+0000] {subprocess.py:93} INFO -     producer = KafkaProducer(
[2025-12-05T15:35:10.138+0000] {subprocess.py:93} INFO -   File "/home/***/.local/lib/python3.8/site-packages/kafka/producer/kafka.py", line 485, in __init__
[2025-12-05T15:35:10.139+0000] {subprocess.py:93} INFO -     client = self.config['kafka_client'](
[2025-12-05T15:35:10.139+0000] {subprocess.py:93} INFO -   File "/home/***/.local/lib/python3.8/site-packages/kafka/client_async.py", line 262, in __init__
[2025-12-05T15:35:10.139+0000] {subprocess.py:93} INFO -     self.config['api_version'] = self.check_version()
[2025-12-05T15:35:10.139+0000] {subprocess.py:93} INFO -   File "/home/***/.local/lib/python3.8/site-packages/kafka/client_async.py", line 1076, in check_version
[2025-12-05T15:35:10.140+0000] {subprocess.py:93} INFO -     raise Errors.NoBrokersAvailable()
[2025-12-05T15:35:10.140+0000] {subprocess.py:93} INFO - kafka.errors.NoBrokersAvailable: NoBrokersAvailable
[2025-12-05T15:35:10.184+0000] {subprocess.py:97} INFO - Command exited with return code 1
[2025-12-05T15:35:10.198+0000] {taskinstance.py:2698} ERROR - Task failed with exception
Traceback (most recent call last):
  File "/home/airflow/.local/lib/python3.8/site-packages/airflow/models/taskinstance.py", line 428, in _execute_task
    result = execute_callable(context=context, **execute_callable_kwargs)
  File "/home/airflow/.local/lib/python3.8/site-packages/airflow/operators/bash.py", line 212, in execute
    raise AirflowException(
airflow.exceptions.AirflowException: Bash command failed. The command returned a non-zero exit code 1.
[2025-12-05T15:35:10.201+0000] {taskinstance.py:1138} INFO - Marking task as FAILED. dag_id=email_pipeline_dag, task_id=kafka_producer, execution_date=20251205T153504, start_date=20251205T153505, end_date=20251205T153510
[2025-12-05T15:35:10.268+0000] {standard_task_runner.py:107} ERROR - Failed to execute job 33 for task kafka_producer (Bash command failed. The command returned a non-zero exit code 1.; 199)
[2025-12-05T15:35:10.311+0000] {local_task_job_runner.py:234} INFO - Task exited with return code 1
[2025-12-05T15:35:10.343+0000] {taskinstance.py:3280} INFO - 1 downstream tasks scheduled from follow-on schedule check
