[2025-12-10T19:55:45.443+0000] {taskinstance.py:1956} INFO - Dependencies all met for dep_context=non-requeueable deps ti=<TaskInstance: email_intelligence_pipeline.daily_insights_aggregation manual__2025-12-10T19:54:29.587001+00:00 [queued]>
[2025-12-10T19:55:45.489+0000] {taskinstance.py:1956} INFO - Dependencies all met for dep_context=requeueable deps ti=<TaskInstance: email_intelligence_pipeline.daily_insights_aggregation manual__2025-12-10T19:54:29.587001+00:00 [queued]>
[2025-12-10T19:55:45.491+0000] {taskinstance.py:2170} INFO - Starting attempt 1 of 1
[2025-12-10T19:55:45.527+0000] {taskinstance.py:2191} INFO - Executing <Task(BashOperator): daily_insights_aggregation> on 2025-12-10 19:54:29.587001+00:00
[2025-12-10T19:55:45.553+0000] {standard_task_runner.py:60} INFO - Started process 597 to run task
[2025-12-10T19:55:45.578+0000] {standard_task_runner.py:87} INFO - Running: ['***', 'tasks', 'run', 'email_intelligence_pipeline', 'daily_insights_aggregation', 'manual__2025-12-10T19:54:29.587001+00:00', '--job-id', '441', '--raw', '--subdir', 'DAGS_FOLDER/email_pipeline_dag.py', '--cfg-path', '/tmp/tmpz2omsqu6']
[2025-12-10T19:55:45.617+0000] {standard_task_runner.py:88} INFO - Job 441: Subtask daily_insights_aggregation
[2025-12-10T19:55:45.825+0000] {task_command.py:423} INFO - Running <TaskInstance: email_intelligence_pipeline.daily_insights_aggregation manual__2025-12-10T19:54:29.587001+00:00 [running]> on host e428b2e16328
[2025-12-10T19:55:46.136+0000] {taskinstance.py:2480} INFO - Exporting env vars: AIRFLOW_CTX_DAG_OWNER='data_team' AIRFLOW_CTX_DAG_ID='email_intelligence_pipeline' AIRFLOW_CTX_TASK_ID='daily_insights_aggregation' AIRFLOW_CTX_EXECUTION_DATE='2025-12-10T19:54:29.587001+00:00' AIRFLOW_CTX_TRY_NUMBER='1' AIRFLOW_CTX_DAG_RUN_ID='manual__2025-12-10T19:54:29.587001+00:00'
[2025-12-10T19:55:46.143+0000] {subprocess.py:63} INFO - Tmp dir root location: /tmp
[2025-12-10T19:55:46.145+0000] {subprocess.py:75} INFO - Running command: ['/usr/bin/bash', '-c', '\n        # Vérifier si quality check a vraiment passé\n        QUALITY_REPORT="/opt/***/logs/quality_report.json"\n        \n        if [ ! -f "$QUALITY_REPORT" ]; then\n            echo "❌ Quality report not found at $QUALITY_REPORT!"\n            echo "⛔ Skipping aggregation"\n            exit 0\n        fi\n        \n        # Extraire le score du rapport JSON\n        QUALITY_SCORE=$(grep -o \'"overall_score": [0-9.]*\' "$QUALITY_REPORT" | grep -o \'[0-9.]*\' | head -1)\n        THRESHOLD=95\n        \n        if [ -z "$QUALITY_SCORE" ]; then\n            echo "❌ Could not extract quality score from report"\n            exit 0\n        fi\n        \n        if (( $(echo "$QUALITY_SCORE < $THRESHOLD" | bc -l) )); then\n            echo "❌ Quality score ($QUALITY_SCORE%) is below threshold ($THRESHOLD%)"\n            echo "⛔ Skipping daily aggregation"\n            exit 0\n        fi\n        \n        echo "✅ Quality score ($QUALITY_SCORE%) is above threshold - Running aggregation"\n        /opt/spark/bin/spark-submit --master local[2] --packages org.apache.hadoop:hadoop-aws:3.3.4             --name DailyInsightsAggregation /opt/spark/jobs/daily_aggregation.py\n        ']
[2025-12-10T19:55:46.183+0000] {subprocess.py:86} INFO - Output:
[2025-12-10T19:55:46.257+0000] {subprocess.py:93} INFO - /usr/bin/bash: line 20: bc: command not found
[2025-12-10T19:55:46.261+0000] {subprocess.py:93} INFO - ✅ Quality score (0%) is above threshold - Running aggregation
[2025-12-10T19:55:46.292+0000] {subprocess.py:93} INFO - /opt/spark/bin/load-spark-env.sh: line 68: ps: command not found
[2025-12-10T19:55:51.739+0000] {subprocess.py:93} INFO - :: loading settings :: url = jar:file:/opt/spark/jars/ivy-2.5.1.jar!/org/apache/ivy/core/settings/ivysettings.xml
[2025-12-10T19:55:51.888+0000] {subprocess.py:93} INFO - Ivy Default Cache set to: /home/***/.ivy2/cache
[2025-12-10T19:55:51.890+0000] {subprocess.py:93} INFO - The jars for the packages stored in: /home/***/.ivy2/jars
[2025-12-10T19:55:51.910+0000] {subprocess.py:93} INFO - org.apache.hadoop#hadoop-aws added as a dependency
[2025-12-10T19:55:51.917+0000] {subprocess.py:93} INFO - :: resolving dependencies :: org.apache.spark#spark-submit-parent-bdd21016-cb39-4eff-9c87-e7a145542e72;1.0
[2025-12-10T19:55:51.921+0000] {subprocess.py:93} INFO - 	confs: [default]
[2025-12-10T19:55:52.351+0000] {subprocess.py:93} INFO - 	found org.apache.hadoop#hadoop-aws;3.3.4 in central
[2025-12-10T19:55:52.406+0000] {subprocess.py:93} INFO - 	found com.amazonaws#aws-java-sdk-bundle;1.12.262 in central
[2025-12-10T19:55:52.436+0000] {subprocess.py:93} INFO - 	found org.wildfly.openssl#wildfly-openssl;1.0.7.Final in central
[2025-12-10T19:55:52.490+0000] {subprocess.py:93} INFO - :: resolution report :: resolve 545ms :: artifacts dl 30ms
[2025-12-10T19:55:52.492+0000] {subprocess.py:93} INFO - 	:: modules in use:
[2025-12-10T19:55:52.493+0000] {subprocess.py:93} INFO - 	com.amazonaws#aws-java-sdk-bundle;1.12.262 from central in [default]
[2025-12-10T19:55:52.496+0000] {subprocess.py:93} INFO - 	org.apache.hadoop#hadoop-aws;3.3.4 from central in [default]
[2025-12-10T19:55:52.498+0000] {subprocess.py:93} INFO - 	org.wildfly.openssl#wildfly-openssl;1.0.7.Final from central in [default]
[2025-12-10T19:55:52.499+0000] {subprocess.py:93} INFO - 	---------------------------------------------------------------------
[2025-12-10T19:55:52.500+0000] {subprocess.py:93} INFO - 	|                  |            modules            ||   artifacts   |
[2025-12-10T19:55:52.502+0000] {subprocess.py:93} INFO - 	|       conf       | number| search|dwnlded|evicted|| number|dwnlded|
[2025-12-10T19:55:52.503+0000] {subprocess.py:93} INFO - 	---------------------------------------------------------------------
[2025-12-10T19:55:52.504+0000] {subprocess.py:93} INFO - 	|      default     |   3   |   0   |   0   |   0   ||   3   |   0   |
[2025-12-10T19:55:52.505+0000] {subprocess.py:93} INFO - 	---------------------------------------------------------------------
[2025-12-10T19:55:52.506+0000] {subprocess.py:93} INFO - :: retrieving :: org.apache.spark#spark-submit-parent-bdd21016-cb39-4eff-9c87-e7a145542e72
[2025-12-10T19:55:52.507+0000] {subprocess.py:93} INFO - 	confs: [default]
[2025-12-10T19:55:52.508+0000] {subprocess.py:93} INFO - 	0 artifacts copied, 3 already retrieved (0kB/8ms)
[2025-12-10T19:55:53.060+0000] {subprocess.py:93} INFO - 25/12/10 19:55:53 WARN NativeCodeLoader: Unable to load native-hadoop library for your platform... using builtin-java classes where applicable
[2025-12-10T19:55:54.756+0000] {subprocess.py:93} INFO - ============================================================
[2025-12-10T19:55:54.757+0000] {subprocess.py:93} INFO - 🚀 DAILY AGGREGATION JOB STARTED
[2025-12-10T19:55:54.758+0000] {subprocess.py:93} INFO -    Timestamp: 2025-12-10 19:55:54.755685
[2025-12-10T19:55:54.760+0000] {subprocess.py:93} INFO - ============================================================
[2025-12-10T19:55:55.067+0000] {subprocess.py:93} INFO - 25/12/10 19:55:55 INFO SparkContext: Running Spark version 3.5.0
[2025-12-10T19:55:55.070+0000] {subprocess.py:93} INFO - 25/12/10 19:55:55 INFO SparkContext: OS info Linux, 6.6.87.2-microsoft-standard-WSL2, amd64
[2025-12-10T19:55:55.072+0000] {subprocess.py:93} INFO - 25/12/10 19:55:55 INFO SparkContext: Java version 17.0.17
[2025-12-10T19:55:55.147+0000] {subprocess.py:93} INFO - 25/12/10 19:55:55 INFO ResourceUtils: ==============================================================
[2025-12-10T19:55:55.149+0000] {subprocess.py:93} INFO - 25/12/10 19:55:55 INFO ResourceUtils: No custom resources configured for spark.driver.
[2025-12-10T19:55:55.150+0000] {subprocess.py:93} INFO - 25/12/10 19:55:55 INFO ResourceUtils: ==============================================================
[2025-12-10T19:55:55.150+0000] {subprocess.py:93} INFO - 25/12/10 19:55:55 INFO SparkContext: Submitted application: DailyAggregation
[2025-12-10T19:55:55.201+0000] {subprocess.py:93} INFO - 25/12/10 19:55:55 INFO ResourceProfile: Default ResourceProfile created, executor resources: Map(cores -> name: cores, amount: 1, script: , vendor: , memory -> name: memory, amount: 1024, script: , vendor: , offHeap -> name: offHeap, amount: 0, script: , vendor: ), task resources: Map(cpus -> name: cpus, amount: 1.0)
[2025-12-10T19:55:55.219+0000] {subprocess.py:93} INFO - 25/12/10 19:55:55 INFO ResourceProfile: Limiting resource is cpu
[2025-12-10T19:55:55.224+0000] {subprocess.py:93} INFO - 25/12/10 19:55:55 INFO ResourceProfileManager: Added ResourceProfile id: 0
[2025-12-10T19:55:55.348+0000] {subprocess.py:93} INFO - 25/12/10 19:55:55 INFO SecurityManager: Changing view acls to: ***
[2025-12-10T19:55:55.349+0000] {subprocess.py:93} INFO - 25/12/10 19:55:55 INFO SecurityManager: Changing modify acls to: ***
[2025-12-10T19:55:55.350+0000] {subprocess.py:93} INFO - 25/12/10 19:55:55 INFO SecurityManager: Changing view acls groups to:
[2025-12-10T19:55:55.351+0000] {subprocess.py:93} INFO - 25/12/10 19:55:55 INFO SecurityManager: Changing modify acls groups to:
[2025-12-10T19:55:55.352+0000] {subprocess.py:93} INFO - 25/12/10 19:55:55 INFO SecurityManager: SecurityManager: authentication disabled; ui acls disabled; users with view permissions: ***; groups with view permissions: EMPTY; users with modify permissions: ***; groups with modify permissions: EMPTY
[2025-12-10T19:55:55.762+0000] {subprocess.py:93} INFO - 25/12/10 19:55:55 INFO Utils: Successfully started service 'sparkDriver' on port 40249.
[2025-12-10T19:55:55.886+0000] {subprocess.py:93} INFO - 25/12/10 19:55:55 INFO SparkEnv: Registering MapOutputTracker
[2025-12-10T19:55:55.999+0000] {subprocess.py:93} INFO - 25/12/10 19:55:55 INFO SparkEnv: Registering BlockManagerMaster
[2025-12-10T19:55:56.078+0000] {subprocess.py:93} INFO - 25/12/10 19:55:56 INFO BlockManagerMasterEndpoint: Using org.apache.spark.storage.DefaultTopologyMapper for getting topology information
[2025-12-10T19:55:56.081+0000] {subprocess.py:93} INFO - 25/12/10 19:55:56 INFO BlockManagerMasterEndpoint: BlockManagerMasterEndpoint up
[2025-12-10T19:55:56.093+0000] {subprocess.py:93} INFO - 25/12/10 19:55:56 INFO SparkEnv: Registering BlockManagerMasterHeartbeat
[2025-12-10T19:55:56.208+0000] {subprocess.py:93} INFO - 25/12/10 19:55:56 INFO DiskBlockManager: Created local directory at /tmp/blockmgr-26b7fac7-193f-456f-9ffe-eacf4ef9adf2
[2025-12-10T19:55:56.296+0000] {subprocess.py:93} INFO - 25/12/10 19:55:56 INFO MemoryStore: MemoryStore started with capacity 434.4 MiB
[2025-12-10T19:55:56.342+0000] {subprocess.py:93} INFO - 25/12/10 19:55:56 INFO SparkEnv: Registering OutputCommitCoordinator
[2025-12-10T19:55:56.756+0000] {subprocess.py:93} INFO - 25/12/10 19:55:56 INFO JettyUtils: Start Jetty 0.0.0.0:4040 for SparkUI
[2025-12-10T19:55:56.901+0000] {subprocess.py:93} INFO - 25/12/10 19:55:56 WARN Utils: Service 'SparkUI' could not bind on port 4040. Attempting port 4041.
[2025-12-10T19:55:56.932+0000] {subprocess.py:93} INFO - 25/12/10 19:55:56 INFO Utils: Successfully started service 'SparkUI' on port 4041.
[2025-12-10T19:55:57.030+0000] {subprocess.py:93} INFO - 25/12/10 19:55:57 INFO SparkContext: Added JAR file:///home/***/.ivy2/jars/org.apache.hadoop_hadoop-aws-3.3.4.jar at spark://e428b2e16328:40249/jars/org.apache.hadoop_hadoop-aws-3.3.4.jar with timestamp 1765396555044
[2025-12-10T19:55:57.033+0000] {subprocess.py:93} INFO - 25/12/10 19:55:57 INFO SparkContext: Added JAR file:///home/***/.ivy2/jars/com.amazonaws_aws-java-sdk-bundle-1.12.262.jar at spark://e428b2e16328:40249/jars/com.amazonaws_aws-java-sdk-bundle-1.12.262.jar with timestamp 1765396555044
[2025-12-10T19:55:57.036+0000] {subprocess.py:93} INFO - 25/12/10 19:55:57 INFO SparkContext: Added JAR file:///home/***/.ivy2/jars/org.wildfly.openssl_wildfly-openssl-1.0.7.Final.jar at spark://e428b2e16328:40249/jars/org.wildfly.openssl_wildfly-openssl-1.0.7.Final.jar with timestamp 1765396555044
[2025-12-10T19:55:57.040+0000] {subprocess.py:93} INFO - 25/12/10 19:55:57 INFO SparkContext: Added file file:///home/***/.ivy2/jars/org.apache.hadoop_hadoop-aws-3.3.4.jar at file:///home/***/.ivy2/jars/org.apache.hadoop_hadoop-aws-3.3.4.jar with timestamp 1765396555044
[2025-12-10T19:55:57.042+0000] {subprocess.py:93} INFO - 25/12/10 19:55:57 INFO Utils: Copying /home/***/.ivy2/jars/org.apache.hadoop_hadoop-aws-3.3.4.jar to /tmp/spark-f15dbb82-5dc4-4b20-b1bb-b88e40636033/userFiles-ab4ea95e-0928-4f84-8f21-d388a0a17348/org.apache.hadoop_hadoop-aws-3.3.4.jar
[2025-12-10T19:55:57.061+0000] {subprocess.py:93} INFO - 25/12/10 19:55:57 INFO SparkContext: Added file file:///home/***/.ivy2/jars/com.amazonaws_aws-java-sdk-bundle-1.12.262.jar at file:///home/***/.ivy2/jars/com.amazonaws_aws-java-sdk-bundle-1.12.262.jar with timestamp 1765396555044
[2025-12-10T19:55:57.062+0000] {subprocess.py:93} INFO - 25/12/10 19:55:57 INFO Utils: Copying /home/***/.ivy2/jars/com.amazonaws_aws-java-sdk-bundle-1.12.262.jar to /tmp/spark-f15dbb82-5dc4-4b20-b1bb-b88e40636033/userFiles-ab4ea95e-0928-4f84-8f21-d388a0a17348/com.amazonaws_aws-java-sdk-bundle-1.12.262.jar
[2025-12-10T19:55:58.420+0000] {subprocess.py:93} INFO - 25/12/10 19:55:58 INFO SparkContext: Added file file:///home/***/.ivy2/jars/org.wildfly.openssl_wildfly-openssl-1.0.7.Final.jar at file:///home/***/.ivy2/jars/org.wildfly.openssl_wildfly-openssl-1.0.7.Final.jar with timestamp 1765396555044
[2025-12-10T19:55:58.421+0000] {subprocess.py:93} INFO - 25/12/10 19:55:58 INFO Utils: Copying /home/***/.ivy2/jars/org.wildfly.openssl_wildfly-openssl-1.0.7.Final.jar to /tmp/spark-f15dbb82-5dc4-4b20-b1bb-b88e40636033/userFiles-ab4ea95e-0928-4f84-8f21-d388a0a17348/org.wildfly.openssl_wildfly-openssl-1.0.7.Final.jar
[2025-12-10T19:55:58.626+0000] {subprocess.py:93} INFO - 25/12/10 19:55:58 INFO Executor: Starting executor ID driver on host e428b2e16328
[2025-12-10T19:55:58.628+0000] {subprocess.py:93} INFO - 25/12/10 19:55:58 INFO Executor: OS info Linux, 6.6.87.2-microsoft-standard-WSL2, amd64
[2025-12-10T19:55:58.629+0000] {subprocess.py:93} INFO - 25/12/10 19:55:58 INFO Executor: Java version 17.0.17
[2025-12-10T19:55:58.634+0000] {subprocess.py:93} INFO - 25/12/10 19:55:58 INFO Executor: Starting executor with user classpath (userClassPathFirst = false): ''
[2025-12-10T19:55:58.636+0000] {subprocess.py:93} INFO - 25/12/10 19:55:58 INFO Executor: Created or updated repl class loader org.apache.spark.util.MutableURLClassLoader@a2d7d1c for default.
[2025-12-10T19:55:58.675+0000] {subprocess.py:93} INFO - 25/12/10 19:55:58 INFO Executor: Fetching file:///home/***/.ivy2/jars/com.amazonaws_aws-java-sdk-bundle-1.12.262.jar with timestamp 1765396555044
[2025-12-10T19:55:58.012+0000] {subprocess.py:93} INFO - 25/12/10 19:55:58 INFO Utils: /home/***/.ivy2/jars/com.amazonaws_aws-java-sdk-bundle-1.12.262.jar has been previously copied to /tmp/spark-f15dbb82-5dc4-4b20-b1bb-b88e40636033/userFiles-ab4ea95e-0928-4f84-8f21-d388a0a17348/com.amazonaws_aws-java-sdk-bundle-1.12.262.jar
[2025-12-10T19:55:58.022+0000] {subprocess.py:93} INFO - 25/12/10 19:55:58 INFO Executor: Fetching file:///home/***/.ivy2/jars/org.wildfly.openssl_wildfly-openssl-1.0.7.Final.jar with timestamp 1765396555044
[2025-12-10T19:55:58.026+0000] {subprocess.py:93} INFO - 25/12/10 19:55:58 INFO Utils: /home/***/.ivy2/jars/org.wildfly.openssl_wildfly-openssl-1.0.7.Final.jar has been previously copied to /tmp/spark-f15dbb82-5dc4-4b20-b1bb-b88e40636033/userFiles-ab4ea95e-0928-4f84-8f21-d388a0a17348/org.wildfly.openssl_wildfly-openssl-1.0.7.Final.jar
[2025-12-10T19:55:58.033+0000] {subprocess.py:93} INFO - 25/12/10 19:55:58 INFO Executor: Fetching file:///home/***/.ivy2/jars/org.apache.hadoop_hadoop-aws-3.3.4.jar with timestamp 1765396555044
[2025-12-10T19:55:58.048+0000] {subprocess.py:93} INFO - 25/12/10 19:55:58 INFO Utils: /home/***/.ivy2/jars/org.apache.hadoop_hadoop-aws-3.3.4.jar has been previously copied to /tmp/spark-f15dbb82-5dc4-4b20-b1bb-b88e40636033/userFiles-ab4ea95e-0928-4f84-8f21-d388a0a17348/org.apache.hadoop_hadoop-aws-3.3.4.jar
[2025-12-10T19:55:58.063+0000] {subprocess.py:93} INFO - 25/12/10 19:55:58 INFO Executor: Fetching spark://e428b2e16328:40249/jars/com.amazonaws_aws-java-sdk-bundle-1.12.262.jar with timestamp 1765396555044
[2025-12-10T19:55:58.230+0000] {subprocess.py:93} INFO - 25/12/10 19:55:58 INFO TransportClientFactory: Successfully created connection to e428b2e16328/172.20.0.9:40249 after 96 ms (0 ms spent in bootstraps)
[2025-12-10T19:55:58.284+0000] {subprocess.py:93} INFO - 25/12/10 19:55:58 INFO Utils: Fetching spark://e428b2e16328:40249/jars/com.amazonaws_aws-java-sdk-bundle-1.12.262.jar to /tmp/spark-f15dbb82-5dc4-4b20-b1bb-b88e40636033/userFiles-ab4ea95e-0928-4f84-8f21-d388a0a17348/fetchFileTemp9501975392180889845.tmp
[2025-12-10T19:56:01.513+0000] {subprocess.py:93} INFO - 25/12/10 19:56:01 INFO Utils: /tmp/spark-f15dbb82-5dc4-4b20-b1bb-b88e40636033/userFiles-ab4ea95e-0928-4f84-8f21-d388a0a17348/fetchFileTemp9501975392180889845.tmp has been previously copied to /tmp/spark-f15dbb82-5dc4-4b20-b1bb-b88e40636033/userFiles-ab4ea95e-0928-4f84-8f21-d388a0a17348/com.amazonaws_aws-java-sdk-bundle-1.12.262.jar
[2025-12-10T19:56:01.581+0000] {subprocess.py:93} INFO - 25/12/10 19:56:01 INFO Executor: Adding file:/tmp/spark-f15dbb82-5dc4-4b20-b1bb-b88e40636033/userFiles-ab4ea95e-0928-4f84-8f21-d388a0a17348/com.amazonaws_aws-java-sdk-bundle-1.12.262.jar to class loader default
[2025-12-10T19:56:01.583+0000] {subprocess.py:93} INFO - 25/12/10 19:56:01 INFO Executor: Fetching spark://e428b2e16328:40249/jars/org.apache.hadoop_hadoop-aws-3.3.4.jar with timestamp 1765396555044
[2025-12-10T19:56:01.584+0000] {subprocess.py:93} INFO - 25/12/10 19:56:01 INFO Utils: Fetching spark://e428b2e16328:40249/jars/org.apache.hadoop_hadoop-aws-3.3.4.jar to /tmp/spark-f15dbb82-5dc4-4b20-b1bb-b88e40636033/userFiles-ab4ea95e-0928-4f84-8f21-d388a0a17348/fetchFileTemp3514504033425784136.tmp
[2025-12-10T19:56:01.596+0000] {subprocess.py:93} INFO - 25/12/10 19:56:01 INFO Utils: /tmp/spark-f15dbb82-5dc4-4b20-b1bb-b88e40636033/userFiles-ab4ea95e-0928-4f84-8f21-d388a0a17348/fetchFileTemp3514504033425784136.tmp has been previously copied to /tmp/spark-f15dbb82-5dc4-4b20-b1bb-b88e40636033/userFiles-ab4ea95e-0928-4f84-8f21-d388a0a17348/org.apache.hadoop_hadoop-aws-3.3.4.jar
[2025-12-10T19:56:01.600+0000] {subprocess.py:93} INFO - 25/12/10 19:56:01 INFO Executor: Adding file:/tmp/spark-f15dbb82-5dc4-4b20-b1bb-b88e40636033/userFiles-ab4ea95e-0928-4f84-8f21-d388a0a17348/org.apache.hadoop_hadoop-aws-3.3.4.jar to class loader default
[2025-12-10T19:56:01.601+0000] {subprocess.py:93} INFO - 25/12/10 19:56:01 INFO Executor: Fetching spark://e428b2e16328:40249/jars/org.wildfly.openssl_wildfly-openssl-1.0.7.Final.jar with timestamp 1765396555044
[2025-12-10T19:56:01.602+0000] {subprocess.py:93} INFO - 25/12/10 19:56:01 INFO Utils: Fetching spark://e428b2e16328:40249/jars/org.wildfly.openssl_wildfly-openssl-1.0.7.Final.jar to /tmp/spark-f15dbb82-5dc4-4b20-b1bb-b88e40636033/userFiles-ab4ea95e-0928-4f84-8f21-d388a0a17348/fetchFileTemp16311628451744844889.tmp
[2025-12-10T19:56:01.607+0000] {subprocess.py:93} INFO - 25/12/10 19:56:01 INFO Utils: /tmp/spark-f15dbb82-5dc4-4b20-b1bb-b88e40636033/userFiles-ab4ea95e-0928-4f84-8f21-d388a0a17348/fetchFileTemp16311628451744844889.tmp has been previously copied to /tmp/spark-f15dbb82-5dc4-4b20-b1bb-b88e40636033/userFiles-ab4ea95e-0928-4f84-8f21-d388a0a17348/org.wildfly.openssl_wildfly-openssl-1.0.7.Final.jar
[2025-12-10T19:56:01.611+0000] {subprocess.py:93} INFO - 25/12/10 19:56:01 INFO Executor: Adding file:/tmp/spark-f15dbb82-5dc4-4b20-b1bb-b88e40636033/userFiles-ab4ea95e-0928-4f84-8f21-d388a0a17348/org.wildfly.openssl_wildfly-openssl-1.0.7.Final.jar to class loader default
[2025-12-10T19:56:01.626+0000] {subprocess.py:93} INFO - 25/12/10 19:56:01 INFO Utils: Successfully started service 'org.apache.spark.network.netty.NettyBlockTransferService' on port 36751.
[2025-12-10T19:56:01.627+0000] {subprocess.py:93} INFO - 25/12/10 19:56:01 INFO NettyBlockTransferService: Server created on e428b2e16328:36751
[2025-12-10T19:56:01.630+0000] {subprocess.py:93} INFO - 25/12/10 19:56:01 INFO BlockManager: Using org.apache.spark.storage.RandomBlockReplicationPolicy for block replication policy
[2025-12-10T19:56:01.646+0000] {subprocess.py:93} INFO - 25/12/10 19:56:01 INFO BlockManagerMaster: Registering BlockManager BlockManagerId(driver, e428b2e16328, 36751, None)
[2025-12-10T19:56:01.659+0000] {subprocess.py:93} INFO - 25/12/10 19:56:01 INFO BlockManagerMasterEndpoint: Registering block manager e428b2e16328:36751 with 434.4 MiB RAM, BlockManagerId(driver, e428b2e16328, 36751, None)
[2025-12-10T19:56:01.663+0000] {subprocess.py:93} INFO - 25/12/10 19:56:01 INFO BlockManagerMaster: Registered BlockManager BlockManagerId(driver, e428b2e16328, 36751, None)
[2025-12-10T19:56:01.665+0000] {subprocess.py:93} INFO - 25/12/10 19:56:01 INFO BlockManager: Initialized BlockManager: BlockManagerId(driver, e428b2e16328, 36751, None)
[2025-12-10T19:56:02.397+0000] {subprocess.py:93} INFO - 📌 Step 1: Reading Bronze layer from MinIO...
[2025-12-10T19:56:02.411+0000] {subprocess.py:93} INFO - 25/12/10 19:56:02 INFO SharedState: Setting hive.metastore.warehouse.dir ('null') to the value of spark.sql.warehouse.dir.
[2025-12-10T19:56:02.413+0000] {subprocess.py:93} INFO - 25/12/10 19:56:02 INFO SharedState: Warehouse path is 'file:/tmp/***tmpriat_yiw/spark-warehouse'.
[2025-12-10T19:56:04.940+0000] {subprocess.py:93} INFO - 25/12/10 19:56:04 WARN MetricsConfig: Cannot locate configuration: tried hadoop-metrics2-s3a-file-system.properties,hadoop-metrics2.properties
[2025-12-10T19:56:04.981+0000] {subprocess.py:93} INFO - 25/12/10 19:56:04 INFO MetricsSystemImpl: Scheduled Metric snapshot period at 10 second(s).
[2025-12-10T19:56:04.983+0000] {subprocess.py:93} INFO - 25/12/10 19:56:04 INFO MetricsSystemImpl: s3a-file-system metrics system started
[2025-12-10T19:56:07.584+0000] {subprocess.py:93} INFO - 25/12/10 19:56:07 INFO MetadataLogFileIndex: Reading streaming file log from s3a://datalake/bronze/emails/_spark_metadata
[2025-12-10T19:56:07.728+0000] {subprocess.py:93} INFO - 25/12/10 19:56:07 INFO FileStreamSinkLog: BatchIds found from listing: 0, 1, 2, 3, 4, 5, 6, 7, 8, 9, 10, 11
[2025-12-10T19:56:07.791+0000] {subprocess.py:93} INFO - 25/12/10 19:56:07 INFO FileStreamSinkLog: Set the compact interval to 10 [defaultCompactInterval: 10]
[2025-12-10T19:56:07.806+0000] {subprocess.py:93} INFO - 25/12/10 19:56:07 INFO deprecation: org.apache.hadoop.shaded.io.bytes.per.checksum is deprecated. Instead, use dfs.bytes-per-checksum
[2025-12-10T19:56:10.168+0000] {subprocess.py:93} INFO - 25/12/10 19:56:10 INFO SparkContext: Starting job: parquet at NativeMethodAccessorImpl.java:0
[2025-12-10T19:56:10.245+0000] {subprocess.py:93} INFO - 25/12/10 19:56:10 INFO DAGScheduler: Got job 0 (parquet at NativeMethodAccessorImpl.java:0) with 1 output partitions
[2025-12-10T19:56:10.250+0000] {subprocess.py:93} INFO - 25/12/10 19:56:10 INFO DAGScheduler: Final stage: ResultStage 0 (parquet at NativeMethodAccessorImpl.java:0)
[2025-12-10T19:56:10.256+0000] {subprocess.py:93} INFO - 25/12/10 19:56:10 INFO DAGScheduler: Parents of final stage: List()
[2025-12-10T19:56:10.265+0000] {subprocess.py:93} INFO - 25/12/10 19:56:10 INFO DAGScheduler: Missing parents: List()
[2025-12-10T19:56:10.285+0000] {subprocess.py:93} INFO - 25/12/10 19:56:10 INFO DAGScheduler: Submitting ResultStage 0 (MapPartitionsRDD[1] at parquet at NativeMethodAccessorImpl.java:0), which has no missing parents
[2025-12-10T19:56:10.728+0000] {subprocess.py:93} INFO - 25/12/10 19:56:10 INFO MemoryStore: Block broadcast_0 stored as values in memory (estimated size 105.5 KiB, free 434.3 MiB)
[2025-12-10T19:56:10.941+0000] {subprocess.py:93} INFO - 25/12/10 19:56:10 INFO MemoryStore: Block broadcast_0_piece0 stored as bytes in memory (estimated size 38.2 KiB, free 434.3 MiB)
[2025-12-10T19:56:10.949+0000] {subprocess.py:93} INFO - 25/12/10 19:56:10 INFO BlockManagerInfo: Added broadcast_0_piece0 in memory on e428b2e16328:36751 (size: 38.2 KiB, free: 434.4 MiB)
[2025-12-10T19:56:11.008+0000] {subprocess.py:93} INFO - 25/12/10 19:56:11 INFO SparkContext: Created broadcast 0 from broadcast at DAGScheduler.scala:1580
[2025-12-10T19:56:11.168+0000] {subprocess.py:93} INFO - 25/12/10 19:56:11 INFO DAGScheduler: Submitting 1 missing tasks from ResultStage 0 (MapPartitionsRDD[1] at parquet at NativeMethodAccessorImpl.java:0) (first 15 tasks are for partitions Vector(0))
[2025-12-10T19:56:11.182+0000] {subprocess.py:93} INFO - 25/12/10 19:56:11 INFO TaskSchedulerImpl: Adding task set 0.0 with 1 tasks resource profile 0
[2025-12-10T19:56:11.359+0000] {subprocess.py:93} INFO - 25/12/10 19:56:11 INFO TaskSetManager: Starting task 0.0 in stage 0.0 (TID 0) (e428b2e16328, executor driver, partition 0, PROCESS_LOCAL, 8496 bytes)
[2025-12-10T19:56:11.388+0000] {subprocess.py:93} INFO - 25/12/10 19:56:11 INFO Executor: Running task 0.0 in stage 0.0 (TID 0)
[2025-12-10T19:56:12.189+0000] {subprocess.py:93} INFO - 25/12/10 19:56:12 ERROR Executor: Exception in task 0.0 in stage 0.0 (TID 0)
[2025-12-10T19:56:12.195+0000] {subprocess.py:93} INFO - org.apache.spark.SparkException: Exception thrown in awaitResult:
[2025-12-10T19:56:12.197+0000] {subprocess.py:93} INFO - 	at org.apache.spark.util.SparkThreadUtils$.awaitResult(SparkThreadUtils.scala:56)
[2025-12-10T19:56:12.217+0000] {subprocess.py:93} INFO - 	at org.apache.spark.util.ThreadUtils$.awaitResult(ThreadUtils.scala:310)
[2025-12-10T19:56:12.221+0000] {subprocess.py:93} INFO - 	at org.apache.spark.util.ThreadUtils$.parmap(ThreadUtils.scala:383)
[2025-12-10T19:56:12.223+0000] {subprocess.py:93} INFO - 	at org.apache.spark.sql.execution.datasources.parquet.ParquetFileFormat$.readParquetFootersInParallel(ParquetFileFormat.scala:443)
[2025-12-10T19:56:12.227+0000] {subprocess.py:93} INFO - 	at org.apache.spark.sql.execution.datasources.parquet.ParquetFileFormat$.$anonfun$mergeSchemasInParallel$1(ParquetFileFormat.scala:493)
[2025-12-10T19:56:12.245+0000] {subprocess.py:93} INFO - 	at org.apache.spark.sql.execution.datasources.parquet.ParquetFileFormat$.$anonfun$mergeSchemasInParallel$1$adapted(ParquetFileFormat.scala:485)
[2025-12-10T19:56:12.248+0000] {subprocess.py:93} INFO - 	at org.apache.spark.sql.execution.datasources.SchemaMergeUtils$.$anonfun$mergeSchemasInParallel$2(SchemaMergeUtils.scala:79)
[2025-12-10T19:56:12.256+0000] {subprocess.py:93} INFO - 	at org.apache.spark.rdd.RDD.$anonfun$mapPartitions$2(RDD.scala:855)
[2025-12-10T19:56:12.266+0000] {subprocess.py:93} INFO - 	at org.apache.spark.rdd.RDD.$anonfun$mapPartitions$2$adapted(RDD.scala:855)
[2025-12-10T19:56:12.271+0000] {subprocess.py:93} INFO - 	at org.apache.spark.rdd.MapPartitionsRDD.compute(MapPartitionsRDD.scala:52)
[2025-12-10T19:56:12.273+0000] {subprocess.py:93} INFO - 	at org.apache.spark.rdd.RDD.computeOrReadCheckpoint(RDD.scala:364)
[2025-12-10T19:56:12.275+0000] {subprocess.py:93} INFO - 	at org.apache.spark.rdd.RDD.iterator(RDD.scala:328)
[2025-12-10T19:56:12.277+0000] {subprocess.py:93} INFO - 	at org.apache.spark.scheduler.ResultTask.runTask(ResultTask.scala:93)
[2025-12-10T19:56:12.279+0000] {subprocess.py:93} INFO - 	at org.apache.spark.TaskContext.runTaskWithListeners(TaskContext.scala:161)
[2025-12-10T19:56:12.281+0000] {subprocess.py:93} INFO - 	at org.apache.spark.scheduler.Task.run(Task.scala:141)
[2025-12-10T19:56:12.283+0000] {subprocess.py:93} INFO - 	at org.apache.spark.executor.Executor$TaskRunner.$anonfun$run$4(Executor.scala:620)
[2025-12-10T19:56:12.289+0000] {subprocess.py:93} INFO - 	at org.apache.spark.util.SparkErrorUtils.tryWithSafeFinally(SparkErrorUtils.scala:64)
[2025-12-10T19:56:12.292+0000] {subprocess.py:93} INFO - 	at org.apache.spark.util.SparkErrorUtils.tryWithSafeFinally$(SparkErrorUtils.scala:61)
[2025-12-10T19:56:12.295+0000] {subprocess.py:93} INFO - 	at org.apache.spark.util.Utils$.tryWithSafeFinally(Utils.scala:94)
[2025-12-10T19:56:12.298+0000] {subprocess.py:93} INFO - 	at org.apache.spark.executor.Executor$TaskRunner.run(Executor.scala:623)
[2025-12-10T19:56:12.313+0000] {subprocess.py:93} INFO - 	at java.base/java.util.concurrent.ThreadPoolExecutor.runWorker(ThreadPoolExecutor.java:1136)
[2025-12-10T19:56:12.316+0000] {subprocess.py:93} INFO - 	at java.base/java.util.concurrent.ThreadPoolExecutor$Worker.run(ThreadPoolExecutor.java:635)
[2025-12-10T19:56:12.319+0000] {subprocess.py:93} INFO - 	at java.base/java.lang.Thread.run(Thread.java:840)
[2025-12-10T19:56:12.321+0000] {subprocess.py:93} INFO - Caused by: java.io.FileNotFoundException: No such file or directory: s3a://datalake/bronze/emails/part-00000-1c68fb81-6134-41dd-8365-c442546d28c7-c000.snappy.parquet
[2025-12-10T19:56:12.326+0000] {subprocess.py:93} INFO - 	at org.apache.hadoop.fs.s3a.S3AFileSystem.s3GetFileStatus(S3AFileSystem.java:3866)
[2025-12-10T19:56:12.328+0000] {subprocess.py:93} INFO - 	at org.apache.hadoop.fs.s3a.S3AFileSystem.innerGetFileStatus(S3AFileSystem.java:3688)
[2025-12-10T19:56:12.336+0000] {subprocess.py:93} INFO - 	at org.apache.hadoop.fs.s3a.S3AFileSystem.extractOrFetchSimpleFileStatus(S3AFileSystem.java:5401)
[2025-12-10T19:56:12.341+0000] {subprocess.py:93} INFO - 	at org.apache.hadoop.fs.s3a.S3AFileSystem.open(S3AFileSystem.java:1465)
[2025-12-10T19:56:12.345+0000] {subprocess.py:93} INFO - 	at org.apache.hadoop.fs.s3a.S3AFileSystem.open(S3AFileSystem.java:1441)
[2025-12-10T19:56:12.346+0000] {subprocess.py:93} INFO - 	at org.apache.hadoop.fs.FileSystem.open(FileSystem.java:976)
[2025-12-10T19:56:12.369+0000] {subprocess.py:93} INFO - 	at org.apache.parquet.hadoop.util.HadoopInputFile.newStream(HadoopInputFile.java:69)
[2025-12-10T19:56:12.374+0000] {subprocess.py:93} INFO - 	at org.apache.parquet.hadoop.ParquetFileReader.<init>(ParquetFileReader.java:796)
[2025-12-10T19:56:12.384+0000] {subprocess.py:93} INFO - 	at org.apache.parquet.hadoop.ParquetFileReader.open(ParquetFileReader.java:666)
[2025-12-10T19:56:12.387+0000] {subprocess.py:93} INFO - 	at org.apache.spark.sql.execution.datasources.parquet.ParquetFooterReader.readFooter(ParquetFooterReader.java:85)
[2025-12-10T19:56:12.389+0000] {subprocess.py:93} INFO - 	at org.apache.spark.sql.execution.datasources.parquet.ParquetFooterReader.readFooter(ParquetFooterReader.java:76)
[2025-12-10T19:56:12.390+0000] {subprocess.py:93} INFO - 	at org.apache.spark.sql.execution.datasources.parquet.ParquetFileFormat$.$anonfun$readParquetFootersInParallel$1(ParquetFileFormat.scala:450)
[2025-12-10T19:56:12.391+0000] {subprocess.py:93} INFO - 	at org.apache.spark.util.ThreadUtils$.$anonfun$parmap$2(ThreadUtils.scala:380)
[2025-12-10T19:56:12.393+0000] {subprocess.py:93} INFO - 	at scala.concurrent.Future$.$anonfun$apply$1(Future.scala:659)
[2025-12-10T19:56:12.394+0000] {subprocess.py:93} INFO - 	at scala.util.Success.$anonfun$map$1(Try.scala:255)
[2025-12-10T19:56:12.398+0000] {subprocess.py:93} INFO - 	at scala.util.Success.map(Try.scala:213)
[2025-12-10T19:56:12.399+0000] {subprocess.py:93} INFO - 	at scala.concurrent.Future.$anonfun$map$1(Future.scala:292)
[2025-12-10T19:56:12.401+0000] {subprocess.py:93} INFO - 	at scala.concurrent.impl.Promise.liftedTree1$1(Promise.scala:33)
[2025-12-10T19:56:12.403+0000] {subprocess.py:93} INFO - 	at scala.concurrent.impl.Promise.$anonfun$transform$1(Promise.scala:33)
[2025-12-10T19:56:12.404+0000] {subprocess.py:93} INFO - 	at scala.concurrent.impl.CallbackRunnable.run(Promise.scala:64)
[2025-12-10T19:56:12.405+0000] {subprocess.py:93} INFO - 	at java.base/java.util.concurrent.ForkJoinTask$RunnableExecuteAction.exec(ForkJoinTask.java:1395)
[2025-12-10T19:56:12.406+0000] {subprocess.py:93} INFO - 	at java.base/java.util.concurrent.ForkJoinTask.doExec(ForkJoinTask.java:373)
[2025-12-10T19:56:12.407+0000] {subprocess.py:93} INFO - 	at java.base/java.util.concurrent.ForkJoinPool$WorkQueue.topLevelExec(ForkJoinPool.java:1182)
[2025-12-10T19:56:12.408+0000] {subprocess.py:93} INFO - 	at java.base/java.util.concurrent.ForkJoinPool.scan(ForkJoinPool.java:1655)
[2025-12-10T19:56:12.409+0000] {subprocess.py:93} INFO - 	at java.base/java.util.concurrent.ForkJoinPool.runWorker(ForkJoinPool.java:1622)
[2025-12-10T19:56:12.409+0000] {subprocess.py:93} INFO - 	at java.base/java.util.concurrent.ForkJoinWorkerThread.run(ForkJoinWorkerThread.java:165)
[2025-12-10T19:56:12.426+0000] {subprocess.py:93} INFO - 25/12/10 19:56:12 WARN TaskSetManager: Lost task 0.0 in stage 0.0 (TID 0) (e428b2e16328 executor driver): org.apache.spark.SparkException: Exception thrown in awaitResult:
[2025-12-10T19:56:12.432+0000] {subprocess.py:93} INFO - 	at org.apache.spark.util.SparkThreadUtils$.awaitResult(SparkThreadUtils.scala:56)
[2025-12-10T19:56:12.434+0000] {subprocess.py:93} INFO - 	at org.apache.spark.util.ThreadUtils$.awaitResult(ThreadUtils.scala:310)
[2025-12-10T19:56:12.436+0000] {subprocess.py:93} INFO - 	at org.apache.spark.util.ThreadUtils$.parmap(ThreadUtils.scala:383)
[2025-12-10T19:56:12.438+0000] {subprocess.py:93} INFO - 	at org.apache.spark.sql.execution.datasources.parquet.ParquetFileFormat$.readParquetFootersInParallel(ParquetFileFormat.scala:443)
[2025-12-10T19:56:12.441+0000] {subprocess.py:93} INFO - 	at org.apache.spark.sql.execution.datasources.parquet.ParquetFileFormat$.$anonfun$mergeSchemasInParallel$1(ParquetFileFormat.scala:493)
[2025-12-10T19:56:12.443+0000] {subprocess.py:93} INFO - 	at org.apache.spark.sql.execution.datasources.parquet.ParquetFileFormat$.$anonfun$mergeSchemasInParallel$1$adapted(ParquetFileFormat.scala:485)
[2025-12-10T19:56:12.444+0000] {subprocess.py:93} INFO - 	at org.apache.spark.sql.execution.datasources.SchemaMergeUtils$.$anonfun$mergeSchemasInParallel$2(SchemaMergeUtils.scala:79)
[2025-12-10T19:56:12.445+0000] {subprocess.py:93} INFO - 	at org.apache.spark.rdd.RDD.$anonfun$mapPartitions$2(RDD.scala:855)
[2025-12-10T19:56:12.446+0000] {subprocess.py:93} INFO - 	at org.apache.spark.rdd.RDD.$anonfun$mapPartitions$2$adapted(RDD.scala:855)
[2025-12-10T19:56:12.447+0000] {subprocess.py:93} INFO - 	at org.apache.spark.rdd.MapPartitionsRDD.compute(MapPartitionsRDD.scala:52)
[2025-12-10T19:56:12.451+0000] {subprocess.py:93} INFO - 	at org.apache.spark.rdd.RDD.computeOrReadCheckpoint(RDD.scala:364)
[2025-12-10T19:56:12.452+0000] {subprocess.py:93} INFO - 	at org.apache.spark.rdd.RDD.iterator(RDD.scala:328)
[2025-12-10T19:56:12.456+0000] {subprocess.py:93} INFO - 	at org.apache.spark.scheduler.ResultTask.runTask(ResultTask.scala:93)
[2025-12-10T19:56:12.458+0000] {subprocess.py:93} INFO - 	at org.apache.spark.TaskContext.runTaskWithListeners(TaskContext.scala:161)
[2025-12-10T19:56:12.460+0000] {subprocess.py:93} INFO - 	at org.apache.spark.scheduler.Task.run(Task.scala:141)
[2025-12-10T19:56:12.461+0000] {subprocess.py:93} INFO - 	at org.apache.spark.executor.Executor$TaskRunner.$anonfun$run$4(Executor.scala:620)
[2025-12-10T19:56:12.463+0000] {subprocess.py:93} INFO - 	at org.apache.spark.util.SparkErrorUtils.tryWithSafeFinally(SparkErrorUtils.scala:64)
[2025-12-10T19:56:12.465+0000] {subprocess.py:93} INFO - 	at org.apache.spark.util.SparkErrorUtils.tryWithSafeFinally$(SparkErrorUtils.scala:61)
[2025-12-10T19:56:12.469+0000] {subprocess.py:93} INFO - 	at org.apache.spark.util.Utils$.tryWithSafeFinally(Utils.scala:94)
[2025-12-10T19:56:12.472+0000] {subprocess.py:93} INFO - 	at org.apache.spark.executor.Executor$TaskRunner.run(Executor.scala:623)
[2025-12-10T19:56:12.474+0000] {subprocess.py:93} INFO - 	at java.base/java.util.concurrent.ThreadPoolExecutor.runWorker(ThreadPoolExecutor.java:1136)
[2025-12-10T19:56:12.476+0000] {subprocess.py:93} INFO - 	at java.base/java.util.concurrent.ThreadPoolExecutor$Worker.run(ThreadPoolExecutor.java:635)
[2025-12-10T19:56:12.480+0000] {subprocess.py:93} INFO - 	at java.base/java.lang.Thread.run(Thread.java:840)
[2025-12-10T19:56:12.489+0000] {subprocess.py:93} INFO - Caused by: java.io.FileNotFoundException: No such file or directory: s3a://datalake/bronze/emails/part-00000-1c68fb81-6134-41dd-8365-c442546d28c7-c000.snappy.parquet
[2025-12-10T19:56:12.492+0000] {subprocess.py:93} INFO - 	at org.apache.hadoop.fs.s3a.S3AFileSystem.s3GetFileStatus(S3AFileSystem.java:3866)
[2025-12-10T19:56:12.493+0000] {subprocess.py:93} INFO - 	at org.apache.hadoop.fs.s3a.S3AFileSystem.innerGetFileStatus(S3AFileSystem.java:3688)
[2025-12-10T19:56:12.496+0000] {subprocess.py:93} INFO - 	at org.apache.hadoop.fs.s3a.S3AFileSystem.extractOrFetchSimpleFileStatus(S3AFileSystem.java:5401)
[2025-12-10T19:56:12.501+0000] {subprocess.py:93} INFO - 	at org.apache.hadoop.fs.s3a.S3AFileSystem.open(S3AFileSystem.java:1465)
[2025-12-10T19:56:12.508+0000] {subprocess.py:93} INFO - 	at org.apache.hadoop.fs.s3a.S3AFileSystem.open(S3AFileSystem.java:1441)
[2025-12-10T19:56:12.510+0000] {subprocess.py:93} INFO - 	at org.apache.hadoop.fs.FileSystem.open(FileSystem.java:976)
[2025-12-10T19:56:12.511+0000] {subprocess.py:93} INFO - 	at org.apache.parquet.hadoop.util.HadoopInputFile.newStream(HadoopInputFile.java:69)
[2025-12-10T19:56:12.513+0000] {subprocess.py:93} INFO - 	at org.apache.parquet.hadoop.ParquetFileReader.<init>(ParquetFileReader.java:796)
[2025-12-10T19:56:12.514+0000] {subprocess.py:93} INFO - 	at org.apache.parquet.hadoop.ParquetFileReader.open(ParquetFileReader.java:666)
[2025-12-10T19:56:12.515+0000] {subprocess.py:93} INFO - 	at org.apache.spark.sql.execution.datasources.parquet.ParquetFooterReader.readFooter(ParquetFooterReader.java:85)
[2025-12-10T19:56:12.516+0000] {subprocess.py:93} INFO - 	at org.apache.spark.sql.execution.datasources.parquet.ParquetFooterReader.readFooter(ParquetFooterReader.java:76)
[2025-12-10T19:56:12.517+0000] {subprocess.py:93} INFO - 	at org.apache.spark.sql.execution.datasources.parquet.ParquetFileFormat$.$anonfun$readParquetFootersInParallel$1(ParquetFileFormat.scala:450)
[2025-12-10T19:56:12.518+0000] {subprocess.py:93} INFO - 	at org.apache.spark.util.ThreadUtils$.$anonfun$parmap$2(ThreadUtils.scala:380)
[2025-12-10T19:56:12.519+0000] {subprocess.py:93} INFO - 	at scala.concurrent.Future$.$anonfun$apply$1(Future.scala:659)
[2025-12-10T19:56:12.520+0000] {subprocess.py:93} INFO - 	at scala.util.Success.$anonfun$map$1(Try.scala:255)
[2025-12-10T19:56:12.520+0000] {subprocess.py:93} INFO - 	at scala.util.Success.map(Try.scala:213)
[2025-12-10T19:56:12.522+0000] {subprocess.py:93} INFO - 	at scala.concurrent.Future.$anonfun$map$1(Future.scala:292)
[2025-12-10T19:56:12.523+0000] {subprocess.py:93} INFO - 	at scala.concurrent.impl.Promise.liftedTree1$1(Promise.scala:33)
[2025-12-10T19:56:12.523+0000] {subprocess.py:93} INFO - 	at scala.concurrent.impl.Promise.$anonfun$transform$1(Promise.scala:33)
[2025-12-10T19:56:12.524+0000] {subprocess.py:93} INFO - 	at scala.concurrent.impl.CallbackRunnable.run(Promise.scala:64)
[2025-12-10T19:56:12.525+0000] {subprocess.py:93} INFO - 	at java.base/java.util.concurrent.ForkJoinTask$RunnableExecuteAction.exec(ForkJoinTask.java:1395)
[2025-12-10T19:56:12.526+0000] {subprocess.py:93} INFO - 	at java.base/java.util.concurrent.ForkJoinTask.doExec(ForkJoinTask.java:373)
[2025-12-10T19:56:12.527+0000] {subprocess.py:93} INFO - 	at java.base/java.util.concurrent.ForkJoinPool$WorkQueue.topLevelExec(ForkJoinPool.java:1182)
[2025-12-10T19:56:12.528+0000] {subprocess.py:93} INFO - 	at java.base/java.util.concurrent.ForkJoinPool.scan(ForkJoinPool.java:1655)
[2025-12-10T19:56:12.528+0000] {subprocess.py:93} INFO - 	at java.base/java.util.concurrent.ForkJoinPool.runWorker(ForkJoinPool.java:1622)
[2025-12-10T19:56:12.529+0000] {subprocess.py:93} INFO - 	at java.base/java.util.concurrent.ForkJoinWorkerThread.run(ForkJoinWorkerThread.java:165)
[2025-12-10T19:56:12.529+0000] {subprocess.py:93} INFO - 
[2025-12-10T19:56:12.530+0000] {subprocess.py:93} INFO - 25/12/10 19:56:12 ERROR TaskSetManager: Task 0 in stage 0.0 failed 1 times; aborting job
[2025-12-10T19:56:12.530+0000] {subprocess.py:93} INFO - 25/12/10 19:56:12 INFO TaskSchedulerImpl: Removed TaskSet 0.0, whose tasks have all completed, from pool
[2025-12-10T19:56:12.531+0000] {subprocess.py:93} INFO - 25/12/10 19:56:12 INFO TaskSchedulerImpl: Cancelling stage 0
[2025-12-10T19:56:12.532+0000] {subprocess.py:93} INFO - 25/12/10 19:56:12 INFO TaskSchedulerImpl: Killing all running tasks in stage 0: Stage cancelled: Job aborted due to stage failure: Task 0 in stage 0.0 failed 1 times, most recent failure: Lost task 0.0 in stage 0.0 (TID 0) (e428b2e16328 executor driver): org.apache.spark.SparkException: Exception thrown in awaitResult:
[2025-12-10T19:56:12.532+0000] {subprocess.py:93} INFO - 	at org.apache.spark.util.SparkThreadUtils$.awaitResult(SparkThreadUtils.scala:56)
[2025-12-10T19:56:12.533+0000] {subprocess.py:93} INFO - 	at org.apache.spark.util.ThreadUtils$.awaitResult(ThreadUtils.scala:310)
[2025-12-10T19:56:12.534+0000] {subprocess.py:93} INFO - 	at org.apache.spark.util.ThreadUtils$.parmap(ThreadUtils.scala:383)
[2025-12-10T19:56:12.534+0000] {subprocess.py:93} INFO - 	at org.apache.spark.sql.execution.datasources.parquet.ParquetFileFormat$.readParquetFootersInParallel(ParquetFileFormat.scala:443)
[2025-12-10T19:56:12.535+0000] {subprocess.py:93} INFO - 	at org.apache.spark.sql.execution.datasources.parquet.ParquetFileFormat$.$anonfun$mergeSchemasInParallel$1(ParquetFileFormat.scala:493)
[2025-12-10T19:56:12.535+0000] {subprocess.py:93} INFO - 	at org.apache.spark.sql.execution.datasources.parquet.ParquetFileFormat$.$anonfun$mergeSchemasInParallel$1$adapted(ParquetFileFormat.scala:485)
[2025-12-10T19:56:12.536+0000] {subprocess.py:93} INFO - 	at org.apache.spark.sql.execution.datasources.SchemaMergeUtils$.$anonfun$mergeSchemasInParallel$2(SchemaMergeUtils.scala:79)
[2025-12-10T19:56:12.537+0000] {subprocess.py:93} INFO - 	at org.apache.spark.rdd.RDD.$anonfun$mapPartitions$2(RDD.scala:855)
[2025-12-10T19:56:12.539+0000] {subprocess.py:93} INFO - 	at org.apache.spark.rdd.RDD.$anonfun$mapPartitions$2$adapted(RDD.scala:855)
[2025-12-10T19:56:12.540+0000] {subprocess.py:93} INFO - 	at org.apache.spark.rdd.MapPartitionsRDD.compute(MapPartitionsRDD.scala:52)
[2025-12-10T19:56:12.541+0000] {subprocess.py:93} INFO - 	at org.apache.spark.rdd.RDD.computeOrReadCheckpoint(RDD.scala:364)
[2025-12-10T19:56:12.542+0000] {subprocess.py:93} INFO - 	at org.apache.spark.rdd.RDD.iterator(RDD.scala:328)
[2025-12-10T19:56:12.543+0000] {subprocess.py:93} INFO - 	at org.apache.spark.scheduler.ResultTask.runTask(ResultTask.scala:93)
[2025-12-10T19:56:12.544+0000] {subprocess.py:93} INFO - 	at org.apache.spark.TaskContext.runTaskWithListeners(TaskContext.scala:161)
[2025-12-10T19:56:12.545+0000] {subprocess.py:93} INFO - 	at org.apache.spark.scheduler.Task.run(Task.scala:141)
[2025-12-10T19:56:12.545+0000] {subprocess.py:93} INFO - 	at org.apache.spark.executor.Executor$TaskRunner.$anonfun$run$4(Executor.scala:620)
[2025-12-10T19:56:12.546+0000] {subprocess.py:93} INFO - 	at org.apache.spark.util.SparkErrorUtils.tryWithSafeFinally(SparkErrorUtils.scala:64)
[2025-12-10T19:56:12.546+0000] {subprocess.py:93} INFO - 	at org.apache.spark.util.SparkErrorUtils.tryWithSafeFinally$(SparkErrorUtils.scala:61)
[2025-12-10T19:56:12.547+0000] {subprocess.py:93} INFO - 	at org.apache.spark.util.Utils$.tryWithSafeFinally(Utils.scala:94)
[2025-12-10T19:56:12.548+0000] {subprocess.py:93} INFO - 	at org.apache.spark.executor.Executor$TaskRunner.run(Executor.scala:623)
[2025-12-10T19:56:12.549+0000] {subprocess.py:93} INFO - 	at java.base/java.util.concurrent.ThreadPoolExecutor.runWorker(ThreadPoolExecutor.java:1136)
[2025-12-10T19:56:12.549+0000] {subprocess.py:93} INFO - 	at java.base/java.util.concurrent.ThreadPoolExecutor$Worker.run(ThreadPoolExecutor.java:635)
[2025-12-10T19:56:12.550+0000] {subprocess.py:93} INFO - 	at java.base/java.lang.Thread.run(Thread.java:840)
[2025-12-10T19:56:12.550+0000] {subprocess.py:93} INFO - Caused by: java.io.FileNotFoundException: No such file or directory: s3a://datalake/bronze/emails/part-00000-1c68fb81-6134-41dd-8365-c442546d28c7-c000.snappy.parquet
[2025-12-10T19:56:12.551+0000] {subprocess.py:93} INFO - 	at org.apache.hadoop.fs.s3a.S3AFileSystem.s3GetFileStatus(S3AFileSystem.java:3866)
[2025-12-10T19:56:12.552+0000] {subprocess.py:93} INFO - 	at org.apache.hadoop.fs.s3a.S3AFileSystem.innerGetFileStatus(S3AFileSystem.java:3688)
[2025-12-10T19:56:12.552+0000] {subprocess.py:93} INFO - 	at org.apache.hadoop.fs.s3a.S3AFileSystem.extractOrFetchSimpleFileStatus(S3AFileSystem.java:5401)
[2025-12-10T19:56:12.554+0000] {subprocess.py:93} INFO - 	at org.apache.hadoop.fs.s3a.S3AFileSystem.open(S3AFileSystem.java:1465)
[2025-12-10T19:56:12.556+0000] {subprocess.py:93} INFO - 	at org.apache.hadoop.fs.s3a.S3AFileSystem.open(S3AFileSystem.java:1441)
[2025-12-10T19:56:12.558+0000] {subprocess.py:93} INFO - 	at org.apache.hadoop.fs.FileSystem.open(FileSystem.java:976)
[2025-12-10T19:56:12.560+0000] {subprocess.py:93} INFO - 	at org.apache.parquet.hadoop.util.HadoopInputFile.newStream(HadoopInputFile.java:69)
[2025-12-10T19:56:12.562+0000] {subprocess.py:93} INFO - 	at org.apache.parquet.hadoop.ParquetFileReader.<init>(ParquetFileReader.java:796)
[2025-12-10T19:56:12.568+0000] {subprocess.py:93} INFO - 	at org.apache.parquet.hadoop.ParquetFileReader.open(ParquetFileReader.java:666)
[2025-12-10T19:56:12.572+0000] {subprocess.py:93} INFO - 	at org.apache.spark.sql.execution.datasources.parquet.ParquetFooterReader.readFooter(ParquetFooterReader.java:85)
[2025-12-10T19:56:12.573+0000] {subprocess.py:93} INFO - 	at org.apache.spark.sql.execution.datasources.parquet.ParquetFooterReader.readFooter(ParquetFooterReader.java:76)
[2025-12-10T19:56:12.575+0000] {subprocess.py:93} INFO - 	at org.apache.spark.sql.execution.datasources.parquet.ParquetFileFormat$.$anonfun$readParquetFootersInParallel$1(ParquetFileFormat.scala:450)
[2025-12-10T19:56:12.577+0000] {subprocess.py:93} INFO - 	at org.apache.spark.util.ThreadUtils$.$anonfun$parmap$2(ThreadUtils.scala:380)
[2025-12-10T19:56:12.578+0000] {subprocess.py:93} INFO - 	at scala.concurrent.Future$.$anonfun$apply$1(Future.scala:659)
[2025-12-10T19:56:12.579+0000] {subprocess.py:93} INFO - 	at scala.util.Success.$anonfun$map$1(Try.scala:255)
[2025-12-10T19:56:12.580+0000] {subprocess.py:93} INFO - 	at scala.util.Success.map(Try.scala:213)
[2025-12-10T19:56:12.583+0000] {subprocess.py:93} INFO - 	at scala.concurrent.Future.$anonfun$map$1(Future.scala:292)
[2025-12-10T19:56:12.589+0000] {subprocess.py:93} INFO - 	at scala.concurrent.impl.Promise.liftedTree1$1(Promise.scala:33)
[2025-12-10T19:56:12.591+0000] {subprocess.py:93} INFO - 	at scala.concurrent.impl.Promise.$anonfun$transform$1(Promise.scala:33)
[2025-12-10T19:56:12.592+0000] {subprocess.py:93} INFO - 	at scala.concurrent.impl.CallbackRunnable.run(Promise.scala:64)
[2025-12-10T19:56:12.594+0000] {subprocess.py:93} INFO - 	at java.base/java.util.concurrent.ForkJoinTask$RunnableExecuteAction.exec(ForkJoinTask.java:1395)
[2025-12-10T19:56:12.596+0000] {subprocess.py:93} INFO - 	at java.base/java.util.concurrent.ForkJoinTask.doExec(ForkJoinTask.java:373)
[2025-12-10T19:56:12.597+0000] {subprocess.py:93} INFO - 	at java.base/java.util.concurrent.ForkJoinPool$WorkQueue.topLevelExec(ForkJoinPool.java:1182)
[2025-12-10T19:56:12.598+0000] {subprocess.py:93} INFO - 	at java.base/java.util.concurrent.ForkJoinPool.scan(ForkJoinPool.java:1655)
[2025-12-10T19:56:12.599+0000] {subprocess.py:93} INFO - 	at java.base/java.util.concurrent.ForkJoinPool.runWorker(ForkJoinPool.java:1622)
[2025-12-10T19:56:12.600+0000] {subprocess.py:93} INFO - 	at java.base/java.util.concurrent.ForkJoinWorkerThread.run(ForkJoinWorkerThread.java:165)
[2025-12-10T19:56:12.600+0000] {subprocess.py:93} INFO - 
[2025-12-10T19:56:12.601+0000] {subprocess.py:93} INFO - Driver stacktrace:
[2025-12-10T19:56:12.602+0000] {subprocess.py:93} INFO - 25/12/10 19:56:12 INFO DAGScheduler: ResultStage 0 (parquet at NativeMethodAccessorImpl.java:0) failed in 2.126 s due to Job aborted due to stage failure: Task 0 in stage 0.0 failed 1 times, most recent failure: Lost task 0.0 in stage 0.0 (TID 0) (e428b2e16328 executor driver): org.apache.spark.SparkException: Exception thrown in awaitResult:
[2025-12-10T19:56:12.602+0000] {subprocess.py:93} INFO - 	at org.apache.spark.util.SparkThreadUtils$.awaitResult(SparkThreadUtils.scala:56)
[2025-12-10T19:56:12.603+0000] {subprocess.py:93} INFO - 	at org.apache.spark.util.ThreadUtils$.awaitResult(ThreadUtils.scala:310)
[2025-12-10T19:56:12.603+0000] {subprocess.py:93} INFO - 	at org.apache.spark.util.ThreadUtils$.parmap(ThreadUtils.scala:383)
[2025-12-10T19:56:12.604+0000] {subprocess.py:93} INFO - 	at org.apache.spark.sql.execution.datasources.parquet.ParquetFileFormat$.readParquetFootersInParallel(ParquetFileFormat.scala:443)
[2025-12-10T19:56:12.605+0000] {subprocess.py:93} INFO - 	at org.apache.spark.sql.execution.datasources.parquet.ParquetFileFormat$.$anonfun$mergeSchemasInParallel$1(ParquetFileFormat.scala:493)
[2025-12-10T19:56:12.605+0000] {subprocess.py:93} INFO - 	at org.apache.spark.sql.execution.datasources.parquet.ParquetFileFormat$.$anonfun$mergeSchemasInParallel$1$adapted(ParquetFileFormat.scala:485)
[2025-12-10T19:56:12.606+0000] {subprocess.py:93} INFO - 	at org.apache.spark.sql.execution.datasources.SchemaMergeUtils$.$anonfun$mergeSchemasInParallel$2(SchemaMergeUtils.scala:79)
[2025-12-10T19:56:12.608+0000] {subprocess.py:93} INFO - 	at org.apache.spark.rdd.RDD.$anonfun$mapPartitions$2(RDD.scala:855)
[2025-12-10T19:56:12.609+0000] {subprocess.py:93} INFO - 	at org.apache.spark.rdd.RDD.$anonfun$mapPartitions$2$adapted(RDD.scala:855)
[2025-12-10T19:56:12.611+0000] {subprocess.py:93} INFO - 	at org.apache.spark.rdd.MapPartitionsRDD.compute(MapPartitionsRDD.scala:52)
[2025-12-10T19:56:12.613+0000] {subprocess.py:93} INFO - 	at org.apache.spark.rdd.RDD.computeOrReadCheckpoint(RDD.scala:364)
[2025-12-10T19:56:12.614+0000] {subprocess.py:93} INFO - 	at org.apache.spark.rdd.RDD.iterator(RDD.scala:328)
[2025-12-10T19:56:12.615+0000] {subprocess.py:93} INFO - 	at org.apache.spark.scheduler.ResultTask.runTask(ResultTask.scala:93)
[2025-12-10T19:56:12.616+0000] {subprocess.py:93} INFO - 	at org.apache.spark.TaskContext.runTaskWithListeners(TaskContext.scala:161)
[2025-12-10T19:56:12.617+0000] {subprocess.py:93} INFO - 	at org.apache.spark.scheduler.Task.run(Task.scala:141)
[2025-12-10T19:56:12.618+0000] {subprocess.py:93} INFO - 	at org.apache.spark.executor.Executor$TaskRunner.$anonfun$run$4(Executor.scala:620)
[2025-12-10T19:56:12.618+0000] {subprocess.py:93} INFO - 	at org.apache.spark.util.SparkErrorUtils.tryWithSafeFinally(SparkErrorUtils.scala:64)
[2025-12-10T19:56:12.619+0000] {subprocess.py:93} INFO - 	at org.apache.spark.util.SparkErrorUtils.tryWithSafeFinally$(SparkErrorUtils.scala:61)
[2025-12-10T19:56:12.620+0000] {subprocess.py:93} INFO - 	at org.apache.spark.util.Utils$.tryWithSafeFinally(Utils.scala:94)
[2025-12-10T19:56:12.621+0000] {subprocess.py:93} INFO - 	at org.apache.spark.executor.Executor$TaskRunner.run(Executor.scala:623)
[2025-12-10T19:56:12.622+0000] {subprocess.py:93} INFO - 	at java.base/java.util.concurrent.ThreadPoolExecutor.runWorker(ThreadPoolExecutor.java:1136)
[2025-12-10T19:56:12.623+0000] {subprocess.py:93} INFO - 	at java.base/java.util.concurrent.ThreadPoolExecutor$Worker.run(ThreadPoolExecutor.java:635)
[2025-12-10T19:56:12.625+0000] {subprocess.py:93} INFO - 	at java.base/java.lang.Thread.run(Thread.java:840)
[2025-12-10T19:56:12.626+0000] {subprocess.py:93} INFO - Caused by: java.io.FileNotFoundException: No such file or directory: s3a://datalake/bronze/emails/part-00000-1c68fb81-6134-41dd-8365-c442546d28c7-c000.snappy.parquet
[2025-12-10T19:56:12.627+0000] {subprocess.py:93} INFO - 	at org.apache.hadoop.fs.s3a.S3AFileSystem.s3GetFileStatus(S3AFileSystem.java:3866)
[2025-12-10T19:56:12.628+0000] {subprocess.py:93} INFO - 	at org.apache.hadoop.fs.s3a.S3AFileSystem.innerGetFileStatus(S3AFileSystem.java:3688)
[2025-12-10T19:56:12.630+0000] {subprocess.py:93} INFO - 	at org.apache.hadoop.fs.s3a.S3AFileSystem.extractOrFetchSimpleFileStatus(S3AFileSystem.java:5401)
[2025-12-10T19:56:12.631+0000] {subprocess.py:93} INFO - 	at org.apache.hadoop.fs.s3a.S3AFileSystem.open(S3AFileSystem.java:1465)
[2025-12-10T19:56:12.632+0000] {subprocess.py:93} INFO - 	at org.apache.hadoop.fs.s3a.S3AFileSystem.open(S3AFileSystem.java:1441)
[2025-12-10T19:56:12.633+0000] {subprocess.py:93} INFO - 	at org.apache.hadoop.fs.FileSystem.open(FileSystem.java:976)
[2025-12-10T19:56:12.639+0000] {subprocess.py:93} INFO - 	at org.apache.parquet.hadoop.util.HadoopInputFile.newStream(HadoopInputFile.java:69)
[2025-12-10T19:56:12.643+0000] {subprocess.py:93} INFO - 	at org.apache.parquet.hadoop.ParquetFileReader.<init>(ParquetFileReader.java:796)
[2025-12-10T19:56:12.645+0000] {subprocess.py:93} INFO - 	at org.apache.parquet.hadoop.ParquetFileReader.open(ParquetFileReader.java:666)
[2025-12-10T19:56:12.646+0000] {subprocess.py:93} INFO - 	at org.apache.spark.sql.execution.datasources.parquet.ParquetFooterReader.readFooter(ParquetFooterReader.java:85)
[2025-12-10T19:56:12.649+0000] {subprocess.py:93} INFO - 	at org.apache.spark.sql.execution.datasources.parquet.ParquetFooterReader.readFooter(ParquetFooterReader.java:76)
[2025-12-10T19:56:12.650+0000] {subprocess.py:93} INFO - 	at org.apache.spark.sql.execution.datasources.parquet.ParquetFileFormat$.$anonfun$readParquetFootersInParallel$1(ParquetFileFormat.scala:450)
[2025-12-10T19:56:12.651+0000] {subprocess.py:93} INFO - 	at org.apache.spark.util.ThreadUtils$.$anonfun$parmap$2(ThreadUtils.scala:380)
[2025-12-10T19:56:12.652+0000] {subprocess.py:93} INFO - 	at scala.concurrent.Future$.$anonfun$apply$1(Future.scala:659)
[2025-12-10T19:56:12.653+0000] {subprocess.py:93} INFO - 	at scala.util.Success.$anonfun$map$1(Try.scala:255)
[2025-12-10T19:56:12.654+0000] {subprocess.py:93} INFO - 	at scala.util.Success.map(Try.scala:213)
[2025-12-10T19:56:12.655+0000] {subprocess.py:93} INFO - 	at scala.concurrent.Future.$anonfun$map$1(Future.scala:292)
[2025-12-10T19:56:12.657+0000] {subprocess.py:93} INFO - 	at scala.concurrent.impl.Promise.liftedTree1$1(Promise.scala:33)
[2025-12-10T19:56:12.658+0000] {subprocess.py:93} INFO - 	at scala.concurrent.impl.Promise.$anonfun$transform$1(Promise.scala:33)
[2025-12-10T19:56:12.660+0000] {subprocess.py:93} INFO - 	at scala.concurrent.impl.CallbackRunnable.run(Promise.scala:64)
[2025-12-10T19:56:12.662+0000] {subprocess.py:93} INFO - 	at java.base/java.util.concurrent.ForkJoinTask$RunnableExecuteAction.exec(ForkJoinTask.java:1395)
[2025-12-10T19:56:12.663+0000] {subprocess.py:93} INFO - 	at java.base/java.util.concurrent.ForkJoinTask.doExec(ForkJoinTask.java:373)
[2025-12-10T19:56:12.665+0000] {subprocess.py:93} INFO - 	at java.base/java.util.concurrent.ForkJoinPool$WorkQueue.topLevelExec(ForkJoinPool.java:1182)
[2025-12-10T19:56:12.666+0000] {subprocess.py:93} INFO - 	at java.base/java.util.concurrent.ForkJoinPool.scan(ForkJoinPool.java:1655)
[2025-12-10T19:56:12.668+0000] {subprocess.py:93} INFO - 	at java.base/java.util.concurrent.ForkJoinPool.runWorker(ForkJoinPool.java:1622)
[2025-12-10T19:56:12.669+0000] {subprocess.py:93} INFO - 	at java.base/java.util.concurrent.ForkJoinWorkerThread.run(ForkJoinWorkerThread.java:165)
[2025-12-10T19:56:12.670+0000] {subprocess.py:93} INFO - 
[2025-12-10T19:56:12.671+0000] {subprocess.py:93} INFO - Driver stacktrace:
[2025-12-10T19:56:12.672+0000] {subprocess.py:93} INFO - 25/12/10 19:56:12 INFO DAGScheduler: Job 0 failed: parquet at NativeMethodAccessorImpl.java:0, took 2.328455 s
[2025-12-10T19:56:12.927+0000] {subprocess.py:93} INFO - ❌ Error reading Bronze layer: An error occurred while calling o39.parquet.
[2025-12-10T19:56:12.934+0000] {subprocess.py:93} INFO - : org.apache.spark.SparkException: Job aborted due to stage failure: Task 0 in stage 0.0 failed 1 times, most recent failure: Lost task 0.0 in stage 0.0 (TID 0) (e428b2e16328 executor driver): org.apache.spark.SparkException: Exception thrown in awaitResult:
[2025-12-10T19:56:12.939+0000] {subprocess.py:93} INFO - 	at org.apache.spark.util.SparkThreadUtils$.awaitResult(SparkThreadUtils.scala:56)
[2025-12-10T19:56:12.945+0000] {subprocess.py:93} INFO - 	at org.apache.spark.util.ThreadUtils$.awaitResult(ThreadUtils.scala:310)
[2025-12-10T19:56:12.947+0000] {subprocess.py:93} INFO - 	at org.apache.spark.util.ThreadUtils$.parmap(ThreadUtils.scala:383)
[2025-12-10T19:56:12.948+0000] {subprocess.py:93} INFO - 	at org.apache.spark.sql.execution.datasources.parquet.ParquetFileFormat$.readParquetFootersInParallel(ParquetFileFormat.scala:443)
[2025-12-10T19:56:12.950+0000] {subprocess.py:93} INFO - 	at org.apache.spark.sql.execution.datasources.parquet.ParquetFileFormat$.$anonfun$mergeSchemasInParallel$1(ParquetFileFormat.scala:493)
[2025-12-10T19:56:12.951+0000] {subprocess.py:93} INFO - 	at org.apache.spark.sql.execution.datasources.parquet.ParquetFileFormat$.$anonfun$mergeSchemasInParallel$1$adapted(ParquetFileFormat.scala:485)
[2025-12-10T19:56:12.952+0000] {subprocess.py:93} INFO - 	at org.apache.spark.sql.execution.datasources.SchemaMergeUtils$.$anonfun$mergeSchemasInParallel$2(SchemaMergeUtils.scala:79)
[2025-12-10T19:56:12.956+0000] {subprocess.py:93} INFO - 	at org.apache.spark.rdd.RDD.$anonfun$mapPartitions$2(RDD.scala:855)
[2025-12-10T19:56:12.959+0000] {subprocess.py:93} INFO - 	at org.apache.spark.rdd.RDD.$anonfun$mapPartitions$2$adapted(RDD.scala:855)
[2025-12-10T19:56:12.961+0000] {subprocess.py:93} INFO - 	at org.apache.spark.rdd.MapPartitionsRDD.compute(MapPartitionsRDD.scala:52)
[2025-12-10T19:56:12.962+0000] {subprocess.py:93} INFO - 	at org.apache.spark.rdd.RDD.computeOrReadCheckpoint(RDD.scala:364)
[2025-12-10T19:56:12.963+0000] {subprocess.py:93} INFO - 	at org.apache.spark.rdd.RDD.iterator(RDD.scala:328)
[2025-12-10T19:56:12.964+0000] {subprocess.py:93} INFO - 	at org.apache.spark.scheduler.ResultTask.runTask(ResultTask.scala:93)
[2025-12-10T19:56:12.964+0000] {subprocess.py:93} INFO - 	at org.apache.spark.TaskContext.runTaskWithListeners(TaskContext.scala:161)
[2025-12-10T19:56:12.965+0000] {subprocess.py:93} INFO - 	at org.apache.spark.scheduler.Task.run(Task.scala:141)
[2025-12-10T19:56:12.966+0000] {subprocess.py:93} INFO - 	at org.apache.spark.executor.Executor$TaskRunner.$anonfun$run$4(Executor.scala:620)
[2025-12-10T19:56:12.967+0000] {subprocess.py:93} INFO - 	at org.apache.spark.util.SparkErrorUtils.tryWithSafeFinally(SparkErrorUtils.scala:64)
[2025-12-10T19:56:12.968+0000] {subprocess.py:93} INFO - 	at org.apache.spark.util.SparkErrorUtils.tryWithSafeFinally$(SparkErrorUtils.scala:61)
[2025-12-10T19:56:12.969+0000] {subprocess.py:93} INFO - 	at org.apache.spark.util.Utils$.tryWithSafeFinally(Utils.scala:94)
[2025-12-10T19:56:12.970+0000] {subprocess.py:93} INFO - 	at org.apache.spark.executor.Executor$TaskRunner.run(Executor.scala:623)
[2025-12-10T19:56:12.970+0000] {subprocess.py:93} INFO - 	at java.base/java.util.concurrent.ThreadPoolExecutor.runWorker(ThreadPoolExecutor.java:1136)
[2025-12-10T19:56:12.971+0000] {subprocess.py:93} INFO - 	at java.base/java.util.concurrent.ThreadPoolExecutor$Worker.run(ThreadPoolExecutor.java:635)
[2025-12-10T19:56:12.973+0000] {subprocess.py:93} INFO - 	at java.base/java.lang.Thread.run(Thread.java:840)
[2025-12-10T19:56:12.976+0000] {subprocess.py:93} INFO - Caused by: java.io.FileNotFoundException: No such file or directory: s3a://datalake/bronze/emails/part-00000-1c68fb81-6134-41dd-8365-c442546d28c7-c000.snappy.parquet
[2025-12-10T19:56:12.978+0000] {subprocess.py:93} INFO - 	at org.apache.hadoop.fs.s3a.S3AFileSystem.s3GetFileStatus(S3AFileSystem.java:3866)
[2025-12-10T19:56:12.981+0000] {subprocess.py:93} INFO - 	at org.apache.hadoop.fs.s3a.S3AFileSystem.innerGetFileStatus(S3AFileSystem.java:3688)
[2025-12-10T19:56:12.982+0000] {subprocess.py:93} INFO - 	at org.apache.hadoop.fs.s3a.S3AFileSystem.extractOrFetchSimpleFileStatus(S3AFileSystem.java:5401)
[2025-12-10T19:56:12.983+0000] {subprocess.py:93} INFO - 	at org.apache.hadoop.fs.s3a.S3AFileSystem.open(S3AFileSystem.java:1465)
[2025-12-10T19:56:12.984+0000] {subprocess.py:93} INFO - 	at org.apache.hadoop.fs.s3a.S3AFileSystem.open(S3AFileSystem.java:1441)
[2025-12-10T19:56:12.985+0000] {subprocess.py:93} INFO - 	at org.apache.hadoop.fs.FileSystem.open(FileSystem.java:976)
[2025-12-10T19:56:12.986+0000] {subprocess.py:93} INFO - 	at org.apache.parquet.hadoop.util.HadoopInputFile.newStream(HadoopInputFile.java:69)
[2025-12-10T19:56:12.987+0000] {subprocess.py:93} INFO - 	at org.apache.parquet.hadoop.ParquetFileReader.<init>(ParquetFileReader.java:796)
[2025-12-10T19:56:12.988+0000] {subprocess.py:93} INFO - 	at org.apache.parquet.hadoop.ParquetFileReader.open(ParquetFileReader.java:666)
[2025-12-10T19:56:12.990+0000] {subprocess.py:93} INFO - 	at org.apache.spark.sql.execution.datasources.parquet.ParquetFooterReader.readFooter(ParquetFooterReader.java:85)
[2025-12-10T19:56:12.992+0000] {subprocess.py:93} INFO - 	at org.apache.spark.sql.execution.datasources.parquet.ParquetFooterReader.readFooter(ParquetFooterReader.java:76)
[2025-12-10T19:56:12.994+0000] {subprocess.py:93} INFO - 	at org.apache.spark.sql.execution.datasources.parquet.ParquetFileFormat$.$anonfun$readParquetFootersInParallel$1(ParquetFileFormat.scala:450)
[2025-12-10T19:56:12.996+0000] {subprocess.py:93} INFO - 	at org.apache.spark.util.ThreadUtils$.$anonfun$parmap$2(ThreadUtils.scala:380)
[2025-12-10T19:56:13.001+0000] {subprocess.py:93} INFO - 	at scala.concurrent.Future$.$anonfun$apply$1(Future.scala:659)
[2025-12-10T19:56:13.008+0000] {subprocess.py:93} INFO - 	at scala.util.Success.$anonfun$map$1(Try.scala:255)
[2025-12-10T19:56:13.011+0000] {subprocess.py:93} INFO - 	at scala.util.Success.map(Try.scala:213)
[2025-12-10T19:56:13.013+0000] {subprocess.py:93} INFO - 	at scala.concurrent.Future.$anonfun$map$1(Future.scala:292)
[2025-12-10T19:56:13.014+0000] {subprocess.py:93} INFO - 	at scala.concurrent.impl.Promise.liftedTree1$1(Promise.scala:33)
[2025-12-10T19:56:13.016+0000] {subprocess.py:93} INFO - 	at scala.concurrent.impl.Promise.$anonfun$transform$1(Promise.scala:33)
[2025-12-10T19:56:13.017+0000] {subprocess.py:93} INFO - 	at scala.concurrent.impl.CallbackRunnable.run(Promise.scala:64)
[2025-12-10T19:56:13.019+0000] {subprocess.py:93} INFO - 	at java.base/java.util.concurrent.ForkJoinTask$RunnableExecuteAction.exec(ForkJoinTask.java:1395)
[2025-12-10T19:56:13.020+0000] {subprocess.py:93} INFO - 	at java.base/java.util.concurrent.ForkJoinTask.doExec(ForkJoinTask.java:373)
[2025-12-10T19:56:13.021+0000] {subprocess.py:93} INFO - 	at java.base/java.util.concurrent.ForkJoinPool$WorkQueue.topLevelExec(ForkJoinPool.java:1182)
[2025-12-10T19:56:13.022+0000] {subprocess.py:93} INFO - 	at java.base/java.util.concurrent.ForkJoinPool.scan(ForkJoinPool.java:1655)
[2025-12-10T19:56:13.023+0000] {subprocess.py:93} INFO - 	at java.base/java.util.concurrent.ForkJoinPool.runWorker(ForkJoinPool.java:1622)
[2025-12-10T19:56:13.026+0000] {subprocess.py:93} INFO - 	at java.base/java.util.concurrent.ForkJoinWorkerThread.run(ForkJoinWorkerThread.java:165)
[2025-12-10T19:56:13.028+0000] {subprocess.py:93} INFO - 
[2025-12-10T19:56:13.030+0000] {subprocess.py:93} INFO - Driver stacktrace:
[2025-12-10T19:56:13.033+0000] {subprocess.py:93} INFO - 	at org.apache.spark.scheduler.DAGScheduler.failJobAndIndependentStages(DAGScheduler.scala:2844)
[2025-12-10T19:56:13.041+0000] {subprocess.py:93} INFO - 	at org.apache.spark.scheduler.DAGScheduler.$anonfun$abortStage$2(DAGScheduler.scala:2780)
[2025-12-10T19:56:13.048+0000] {subprocess.py:93} INFO - 	at org.apache.spark.scheduler.DAGScheduler.$anonfun$abortStage$2$adapted(DAGScheduler.scala:2779)
[2025-12-10T19:56:13.049+0000] {subprocess.py:93} INFO - 	at scala.collection.mutable.ResizableArray.foreach(ResizableArray.scala:62)
[2025-12-10T19:56:13.051+0000] {subprocess.py:93} INFO - 	at scala.collection.mutable.ResizableArray.foreach$(ResizableArray.scala:55)
[2025-12-10T19:56:13.052+0000] {subprocess.py:93} INFO - 	at scala.collection.mutable.ArrayBuffer.foreach(ArrayBuffer.scala:49)
[2025-12-10T19:56:13.053+0000] {subprocess.py:93} INFO - 	at org.apache.spark.scheduler.DAGScheduler.abortStage(DAGScheduler.scala:2779)
[2025-12-10T19:56:13.055+0000] {subprocess.py:93} INFO - 	at org.apache.spark.scheduler.DAGScheduler.$anonfun$handleTaskSetFailed$1(DAGScheduler.scala:1242)
[2025-12-10T19:56:13.057+0000] {subprocess.py:93} INFO - 	at org.apache.spark.scheduler.DAGScheduler.$anonfun$handleTaskSetFailed$1$adapted(DAGScheduler.scala:1242)
[2025-12-10T19:56:13.058+0000] {subprocess.py:93} INFO - 	at scala.Option.foreach(Option.scala:407)
[2025-12-10T19:56:13.059+0000] {subprocess.py:93} INFO - 	at org.apache.spark.scheduler.DAGScheduler.handleTaskSetFailed(DAGScheduler.scala:1242)
[2025-12-10T19:56:13.059+0000] {subprocess.py:93} INFO - 	at org.apache.spark.scheduler.DAGSchedulerEventProcessLoop.doOnReceive(DAGScheduler.scala:3048)
[2025-12-10T19:56:13.060+0000] {subprocess.py:93} INFO - 	at org.apache.spark.scheduler.DAGSchedulerEventProcessLoop.onReceive(DAGScheduler.scala:2982)
[2025-12-10T19:56:13.060+0000] {subprocess.py:93} INFO - 	at org.apache.spark.scheduler.DAGSchedulerEventProcessLoop.onReceive(DAGScheduler.scala:2971)
[2025-12-10T19:56:13.061+0000] {subprocess.py:93} INFO - 	at org.apache.spark.util.EventLoop$$anon$1.run(EventLoop.scala:49)
[2025-12-10T19:56:13.063+0000] {subprocess.py:93} INFO - 	at org.apache.spark.scheduler.DAGScheduler.runJob(DAGScheduler.scala:984)
[2025-12-10T19:56:13.066+0000] {subprocess.py:93} INFO - 	at org.apache.spark.SparkContext.runJob(SparkContext.scala:2398)
[2025-12-10T19:56:13.067+0000] {subprocess.py:93} INFO - 	at org.apache.spark.SparkContext.runJob(SparkContext.scala:2419)
[2025-12-10T19:56:13.070+0000] {subprocess.py:93} INFO - 	at org.apache.spark.SparkContext.runJob(SparkContext.scala:2438)
[2025-12-10T19:56:13.077+0000] {subprocess.py:93} INFO - 	at org.apache.spark.SparkContext.runJob(SparkContext.scala:2463)
[2025-12-10T19:56:13.082+0000] {subprocess.py:93} INFO - 	at org.apache.spark.rdd.RDD.$anonfun$collect$1(RDD.scala:1046)
[2025-12-10T19:56:13.084+0000] {subprocess.py:93} INFO - 	at org.apache.spark.rdd.RDDOperationScope$.withScope(RDDOperationScope.scala:151)
[2025-12-10T19:56:13.085+0000] {subprocess.py:93} INFO - 	at org.apache.spark.rdd.RDDOperationScope$.withScope(RDDOperationScope.scala:112)
[2025-12-10T19:56:13.086+0000] {subprocess.py:93} INFO - 	at org.apache.spark.rdd.RDD.withScope(RDD.scala:407)
[2025-12-10T19:56:13.088+0000] {subprocess.py:93} INFO - 	at org.apache.spark.rdd.RDD.collect(RDD.scala:1045)
[2025-12-10T19:56:13.091+0000] {subprocess.py:93} INFO - 	at org.apache.spark.sql.execution.datasources.SchemaMergeUtils$.mergeSchemasInParallel(SchemaMergeUtils.scala:73)
[2025-12-10T19:56:13.092+0000] {subprocess.py:93} INFO - 	at org.apache.spark.sql.execution.datasources.parquet.ParquetFileFormat$.mergeSchemasInParallel(ParquetFileFormat.scala:497)
[2025-12-10T19:56:13.095+0000] {subprocess.py:93} INFO - 	at org.apache.spark.sql.execution.datasources.parquet.ParquetUtils$.inferSchema(ParquetUtils.scala:132)
[2025-12-10T19:56:13.097+0000] {subprocess.py:93} INFO - 	at org.apache.spark.sql.execution.datasources.parquet.ParquetFileFormat.inferSchema(ParquetFileFormat.scala:79)
[2025-12-10T19:56:13.100+0000] {subprocess.py:93} INFO - 	at org.apache.spark.sql.execution.datasources.DataSource.$anonfun$resolveRelation$1(DataSource.scala:376)
[2025-12-10T19:56:13.101+0000] {subprocess.py:93} INFO - 	at scala.Option.orElse(Option.scala:447)
[2025-12-10T19:56:13.102+0000] {subprocess.py:93} INFO - 	at org.apache.spark.sql.execution.datasources.DataSource.resolveRelation(DataSource.scala:373)
[2025-12-10T19:56:13.103+0000] {subprocess.py:93} INFO - 	at org.apache.spark.sql.DataFrameReader.loadV1Source(DataFrameReader.scala:229)
[2025-12-10T19:56:13.105+0000] {subprocess.py:93} INFO - 	at org.apache.spark.sql.DataFrameReader.$anonfun$load$2(DataFrameReader.scala:211)
[2025-12-10T19:56:13.106+0000] {subprocess.py:93} INFO - 	at scala.Option.getOrElse(Option.scala:189)
[2025-12-10T19:56:13.107+0000] {subprocess.py:93} INFO - 	at org.apache.spark.sql.DataFrameReader.load(DataFrameReader.scala:211)
[2025-12-10T19:56:13.108+0000] {subprocess.py:93} INFO - 	at org.apache.spark.sql.DataFrameReader.parquet(DataFrameReader.scala:563)
[2025-12-10T19:56:13.109+0000] {subprocess.py:93} INFO - 	at java.base/jdk.internal.reflect.NativeMethodAccessorImpl.invoke0(Native Method)
[2025-12-10T19:56:13.110+0000] {subprocess.py:93} INFO - 	at java.base/jdk.internal.reflect.NativeMethodAccessorImpl.invoke(NativeMethodAccessorImpl.java:77)
[2025-12-10T19:56:13.110+0000] {subprocess.py:93} INFO - 	at java.base/jdk.internal.reflect.DelegatingMethodAccessorImpl.invoke(DelegatingMethodAccessorImpl.java:43)
[2025-12-10T19:56:13.112+0000] {subprocess.py:93} INFO - 	at java.base/java.lang.reflect.Method.invoke(Method.java:569)
[2025-12-10T19:56:13.113+0000] {subprocess.py:93} INFO - 	at py4j.reflection.MethodInvoker.invoke(MethodInvoker.java:244)
[2025-12-10T19:56:13.114+0000] {subprocess.py:93} INFO - 	at py4j.reflection.ReflectionEngine.invoke(ReflectionEngine.java:374)
[2025-12-10T19:56:13.115+0000] {subprocess.py:93} INFO - 	at py4j.Gateway.invoke(Gateway.java:282)
[2025-12-10T19:56:13.121+0000] {subprocess.py:93} INFO - 	at py4j.commands.AbstractCommand.invokeMethod(AbstractCommand.java:132)
[2025-12-10T19:56:13.123+0000] {subprocess.py:93} INFO - 	at py4j.commands.CallCommand.execute(CallCommand.java:79)
[2025-12-10T19:56:13.125+0000] {subprocess.py:93} INFO - 	at py4j.ClientServerConnection.waitForCommands(ClientServerConnection.java:182)
[2025-12-10T19:56:13.132+0000] {subprocess.py:93} INFO - 	at py4j.ClientServerConnection.run(ClientServerConnection.java:106)
[2025-12-10T19:56:13.133+0000] {subprocess.py:93} INFO - 	at java.base/java.lang.Thread.run(Thread.java:840)
[2025-12-10T19:56:13.134+0000] {subprocess.py:93} INFO - Caused by: org.apache.spark.SparkException: Exception thrown in awaitResult:
[2025-12-10T19:56:13.136+0000] {subprocess.py:93} INFO - 	at org.apache.spark.util.SparkThreadUtils$.awaitResult(SparkThreadUtils.scala:56)
[2025-12-10T19:56:13.138+0000] {subprocess.py:93} INFO - 	at org.apache.spark.util.ThreadUtils$.awaitResult(ThreadUtils.scala:310)
[2025-12-10T19:56:13.140+0000] {subprocess.py:93} INFO - 	at org.apache.spark.util.ThreadUtils$.parmap(ThreadUtils.scala:383)
[2025-12-10T19:56:13.141+0000] {subprocess.py:93} INFO - 	at org.apache.spark.sql.execution.datasources.parquet.ParquetFileFormat$.readParquetFootersInParallel(ParquetFileFormat.scala:443)
[2025-12-10T19:56:13.142+0000] {subprocess.py:93} INFO - 	at org.apache.spark.sql.execution.datasources.parquet.ParquetFileFormat$.$anonfun$mergeSchemasInParallel$1(ParquetFileFormat.scala:493)
[2025-12-10T19:56:13.146+0000] {subprocess.py:93} INFO - 	at org.apache.spark.sql.execution.datasources.parquet.ParquetFileFormat$.$anonfun$mergeSchemasInParallel$1$adapted(ParquetFileFormat.scala:485)
[2025-12-10T19:56:13.149+0000] {subprocess.py:93} INFO - 	at org.apache.spark.sql.execution.datasources.SchemaMergeUtils$.$anonfun$mergeSchemasInParallel$2(SchemaMergeUtils.scala:79)
[2025-12-10T19:56:13.149+0000] {subprocess.py:93} INFO - 	at org.apache.spark.rdd.RDD.$anonfun$mapPartitions$2(RDD.scala:855)
[2025-12-10T19:56:13.150+0000] {subprocess.py:93} INFO - 	at org.apache.spark.rdd.RDD.$anonfun$mapPartitions$2$adapted(RDD.scala:855)
[2025-12-10T19:56:13.151+0000] {subprocess.py:93} INFO - 	at org.apache.spark.rdd.MapPartitionsRDD.compute(MapPartitionsRDD.scala:52)
[2025-12-10T19:56:13.151+0000] {subprocess.py:93} INFO - 	at org.apache.spark.rdd.RDD.computeOrReadCheckpoint(RDD.scala:364)
[2025-12-10T19:56:13.152+0000] {subprocess.py:93} INFO - 	at org.apache.spark.rdd.RDD.iterator(RDD.scala:328)
[2025-12-10T19:56:13.153+0000] {subprocess.py:93} INFO - 	at org.apache.spark.scheduler.ResultTask.runTask(ResultTask.scala:93)
[2025-12-10T19:56:13.154+0000] {subprocess.py:93} INFO - 	at org.apache.spark.TaskContext.runTaskWithListeners(TaskContext.scala:161)
[2025-12-10T19:56:13.155+0000] {subprocess.py:93} INFO - 	at org.apache.spark.scheduler.Task.run(Task.scala:141)
[2025-12-10T19:56:13.156+0000] {subprocess.py:93} INFO - 	at org.apache.spark.executor.Executor$TaskRunner.$anonfun$run$4(Executor.scala:620)
[2025-12-10T19:56:13.157+0000] {subprocess.py:93} INFO - 	at org.apache.spark.util.SparkErrorUtils.tryWithSafeFinally(SparkErrorUtils.scala:64)
[2025-12-10T19:56:13.157+0000] {subprocess.py:93} INFO - 	at org.apache.spark.util.SparkErrorUtils.tryWithSafeFinally$(SparkErrorUtils.scala:61)
[2025-12-10T19:56:13.158+0000] {subprocess.py:93} INFO - 	at org.apache.spark.util.Utils$.tryWithSafeFinally(Utils.scala:94)
[2025-12-10T19:56:13.158+0000] {subprocess.py:93} INFO - 	at org.apache.spark.executor.Executor$TaskRunner.run(Executor.scala:623)
[2025-12-10T19:56:13.159+0000] {subprocess.py:93} INFO - 	at java.base/java.util.concurrent.ThreadPoolExecutor.runWorker(ThreadPoolExecutor.java:1136)
[2025-12-10T19:56:13.160+0000] {subprocess.py:93} INFO - 	at java.base/java.util.concurrent.ThreadPoolExecutor$Worker.run(ThreadPoolExecutor.java:635)
[2025-12-10T19:56:13.161+0000] {subprocess.py:93} INFO - 	... 1 more
[2025-12-10T19:56:13.161+0000] {subprocess.py:93} INFO - Caused by: java.io.FileNotFoundException: No such file or directory: s3a://datalake/bronze/emails/part-00000-1c68fb81-6134-41dd-8365-c442546d28c7-c000.snappy.parquet
[2025-12-10T19:56:13.162+0000] {subprocess.py:93} INFO - 	at org.apache.hadoop.fs.s3a.S3AFileSystem.s3GetFileStatus(S3AFileSystem.java:3866)
[2025-12-10T19:56:13.162+0000] {subprocess.py:93} INFO - 	at org.apache.hadoop.fs.s3a.S3AFileSystem.innerGetFileStatus(S3AFileSystem.java:3688)
[2025-12-10T19:56:13.163+0000] {subprocess.py:93} INFO - 	at org.apache.hadoop.fs.s3a.S3AFileSystem.extractOrFetchSimpleFileStatus(S3AFileSystem.java:5401)
[2025-12-10T19:56:13.163+0000] {subprocess.py:93} INFO - 	at org.apache.hadoop.fs.s3a.S3AFileSystem.open(S3AFileSystem.java:1465)
[2025-12-10T19:56:13.164+0000] {subprocess.py:93} INFO - 	at org.apache.hadoop.fs.s3a.S3AFileSystem.open(S3AFileSystem.java:1441)
[2025-12-10T19:56:13.164+0000] {subprocess.py:93} INFO - 	at org.apache.hadoop.fs.FileSystem.open(FileSystem.java:976)
[2025-12-10T19:56:13.165+0000] {subprocess.py:93} INFO - 	at org.apache.parquet.hadoop.util.HadoopInputFile.newStream(HadoopInputFile.java:69)
[2025-12-10T19:56:13.165+0000] {subprocess.py:93} INFO - 	at org.apache.parquet.hadoop.ParquetFileReader.<init>(ParquetFileReader.java:796)
[2025-12-10T19:56:13.166+0000] {subprocess.py:93} INFO - 	at org.apache.parquet.hadoop.ParquetFileReader.open(ParquetFileReader.java:666)
[2025-12-10T19:56:13.167+0000] {subprocess.py:93} INFO - 	at org.apache.spark.sql.execution.datasources.parquet.ParquetFooterReader.readFooter(ParquetFooterReader.java:85)
[2025-12-10T19:56:13.168+0000] {subprocess.py:93} INFO - 	at org.apache.spark.sql.execution.datasources.parquet.ParquetFooterReader.readFooter(ParquetFooterReader.java:76)
[2025-12-10T19:56:13.169+0000] {subprocess.py:93} INFO - 	at org.apache.spark.sql.execution.datasources.parquet.ParquetFileFormat$.$anonfun$readParquetFootersInParallel$1(ParquetFileFormat.scala:450)
[2025-12-10T19:56:13.170+0000] {subprocess.py:93} INFO - 	at org.apache.spark.util.ThreadUtils$.$anonfun$parmap$2(ThreadUtils.scala:380)
[2025-12-10T19:56:13.170+0000] {subprocess.py:93} INFO - 	at scala.concurrent.Future$.$anonfun$apply$1(Future.scala:659)
[2025-12-10T19:56:13.171+0000] {subprocess.py:93} INFO - 	at scala.util.Success.$anonfun$map$1(Try.scala:255)
[2025-12-10T19:56:13.172+0000] {subprocess.py:93} INFO - 	at scala.util.Success.map(Try.scala:213)
[2025-12-10T19:56:13.172+0000] {subprocess.py:93} INFO - 	at scala.concurrent.Future.$anonfun$map$1(Future.scala:292)
[2025-12-10T19:56:13.173+0000] {subprocess.py:93} INFO - 	at scala.concurrent.impl.Promise.liftedTree1$1(Promise.scala:33)
[2025-12-10T19:56:13.173+0000] {subprocess.py:93} INFO - 	at scala.concurrent.impl.Promise.$anonfun$transform$1(Promise.scala:33)
[2025-12-10T19:56:13.174+0000] {subprocess.py:93} INFO - 	at scala.concurrent.impl.CallbackRunnable.run(Promise.scala:64)
[2025-12-10T19:56:13.174+0000] {subprocess.py:93} INFO - 	at java.base/java.util.concurrent.ForkJoinTask$RunnableExecuteAction.exec(ForkJoinTask.java:1395)
[2025-12-10T19:56:13.175+0000] {subprocess.py:93} INFO - 	at java.base/java.util.concurrent.ForkJoinTask.doExec(ForkJoinTask.java:373)
[2025-12-10T19:56:13.175+0000] {subprocess.py:93} INFO - 	at java.base/java.util.concurrent.ForkJoinPool$WorkQueue.topLevelExec(ForkJoinPool.java:1182)
[2025-12-10T19:56:13.176+0000] {subprocess.py:93} INFO - 	at java.base/java.util.concurrent.ForkJoinPool.scan(ForkJoinPool.java:1655)
[2025-12-10T19:56:13.176+0000] {subprocess.py:93} INFO - 	at java.base/java.util.concurrent.ForkJoinPool.runWorker(ForkJoinPool.java:1622)
[2025-12-10T19:56:13.177+0000] {subprocess.py:93} INFO - 	at java.base/java.util.concurrent.ForkJoinWorkerThread.run(ForkJoinWorkerThread.java:165)
[2025-12-10T19:56:13.178+0000] {subprocess.py:93} INFO - 
[2025-12-10T19:56:13.178+0000] {subprocess.py:93} INFO - ❌ Failed to read Bronze layer. Exiting.
[2025-12-10T19:56:13.179+0000] {subprocess.py:93} INFO - 25/12/10 19:56:12 INFO SparkContext: SparkContext is stopping with exitCode 0.
[2025-12-10T19:56:13.179+0000] {subprocess.py:93} INFO - 25/12/10 19:56:12 INFO SparkUI: Stopped Spark web UI at http://e428b2e16328:4041
[2025-12-10T19:56:13.180+0000] {subprocess.py:93} INFO - 25/12/10 19:56:13 INFO MapOutputTrackerMasterEndpoint: MapOutputTrackerMasterEndpoint stopped!
[2025-12-10T19:56:13.180+0000] {subprocess.py:93} INFO - 25/12/10 19:56:13 INFO MemoryStore: MemoryStore cleared
[2025-12-10T19:56:13.181+0000] {subprocess.py:93} INFO - 25/12/10 19:56:13 INFO BlockManager: BlockManager stopped
[2025-12-10T19:56:13.182+0000] {subprocess.py:93} INFO - 25/12/10 19:56:13 INFO BlockManagerMaster: BlockManagerMaster stopped
[2025-12-10T19:56:13.182+0000] {subprocess.py:93} INFO - 25/12/10 19:56:13 INFO OutputCommitCoordinator$OutputCommitCoordinatorEndpoint: OutputCommitCoordinator stopped!
[2025-12-10T19:56:13.183+0000] {subprocess.py:93} INFO - 25/12/10 19:56:13 INFO SparkContext: Successfully stopped SparkContext
[2025-12-10T19:56:13.913+0000] {subprocess.py:93} INFO - 25/12/10 19:56:13 INFO ShutdownHookManager: Shutdown hook called
[2025-12-10T19:56:13.914+0000] {subprocess.py:93} INFO - 25/12/10 19:56:13 INFO ShutdownHookManager: Deleting directory /tmp/spark-f15dbb82-5dc4-4b20-b1bb-b88e40636033/pyspark-9968d7c7-d794-4c1a-af4c-02e9c1ee8919
[2025-12-10T19:56:13.922+0000] {subprocess.py:93} INFO - 25/12/10 19:56:13 INFO ShutdownHookManager: Deleting directory /tmp/spark-439e22e3-3036-4ec8-af19-289dd5836a3f
[2025-12-10T19:56:13.929+0000] {subprocess.py:93} INFO - 25/12/10 19:56:13 INFO ShutdownHookManager: Deleting directory /tmp/spark-f15dbb82-5dc4-4b20-b1bb-b88e40636033
[2025-12-10T19:56:14.007+0000] {subprocess.py:97} INFO - Command exited with return code 1
[2025-12-10T19:56:14.022+0000] {taskinstance.py:2698} ERROR - Task failed with exception
Traceback (most recent call last):
  File "/home/airflow/.local/lib/python3.8/site-packages/airflow/models/taskinstance.py", line 428, in _execute_task
    result = execute_callable(context=context, **execute_callable_kwargs)
  File "/home/airflow/.local/lib/python3.8/site-packages/airflow/operators/bash.py", line 212, in execute
    raise AirflowException(
airflow.exceptions.AirflowException: Bash command failed. The command returned a non-zero exit code 1.
[2025-12-10T19:56:14.040+0000] {taskinstance.py:1138} INFO - Marking task as FAILED. dag_id=email_intelligence_pipeline, task_id=daily_insights_aggregation, execution_date=20251210T195429, start_date=20251210T195545, end_date=20251210T195614
[2025-12-10T19:56:14.065+0000] {standard_task_runner.py:107} ERROR - Failed to execute job 441 for task daily_insights_aggregation (Bash command failed. The command returned a non-zero exit code 1.; 597)
[2025-12-10T19:56:14.111+0000] {local_task_job_runner.py:234} INFO - Task exited with return code 1
[2025-12-10T19:56:14.150+0000] {taskinstance.py:3280} INFO - 0 downstream tasks scheduled from follow-on schedule check
