[2025-12-05T08:11:10.555+0000] {taskinstance.py:1956} INFO - Dependencies all met for dep_context=non-requeueable deps ti=<TaskInstance: email_pipeline_dag.kafka_producer manual__2025-12-04T15:24:42.293400+00:00 [queued]>
[2025-12-05T08:11:10.646+0000] {taskinstance.py:1956} INFO - Dependencies all met for dep_context=requeueable deps ti=<TaskInstance: email_pipeline_dag.kafka_producer manual__2025-12-04T15:24:42.293400+00:00 [queued]>
[2025-12-05T08:11:10.696+0000] {taskinstance.py:2170} INFO - Starting attempt 3 of 2
[2025-12-05T08:11:10.834+0000] {taskinstance.py:2191} INFO - Executing <Task(BashOperator): kafka_producer> on 2025-12-04 15:24:42.293400+00:00
[2025-12-05T08:11:10.899+0000] {standard_task_runner.py:60} INFO - Started process 201 to run task
[2025-12-05T08:11:10.968+0000] {standard_task_runner.py:87} INFO - Running: ['***', 'tasks', 'run', 'email_pipeline_dag', 'kafka_producer', 'manual__2025-12-04T15:24:42.293400+00:00', '--job-id', '136', '--raw', '--subdir', 'DAGS_FOLDER/email_pipeline_dag.py', '--cfg-path', '/tmp/tmp3aggn77b']
[2025-12-05T08:11:10.995+0000] {standard_task_runner.py:88} INFO - Job 136: Subtask kafka_producer
[2025-12-05T08:11:11.812+0000] {task_command.py:423} INFO - Running <TaskInstance: email_pipeline_dag.kafka_producer manual__2025-12-04T15:24:42.293400+00:00 [running]> on host 17d26709f247
[2025-12-05T08:11:12.711+0000] {taskinstance.py:2480} INFO - Exporting env vars: AIRFLOW_CTX_DAG_OWNER='***' AIRFLOW_CTX_DAG_ID='email_pipeline_dag' AIRFLOW_CTX_TASK_ID='kafka_producer' AIRFLOW_CTX_EXECUTION_DATE='2025-12-04T15:24:42.293400+00:00' AIRFLOW_CTX_TRY_NUMBER='3' AIRFLOW_CTX_DAG_RUN_ID='manual__2025-12-04T15:24:42.293400+00:00'
[2025-12-05T08:11:12.800+0000] {subprocess.py:63} INFO - Tmp dir root location: /tmp
[2025-12-05T08:11:12.825+0000] {subprocess.py:75} INFO - Running command: ['/usr/bin/bash', '-c', 'python /opt/***/kafka/Producer/email_producer.py']
[2025-12-05T08:11:12.915+0000] {subprocess.py:86} INFO - Output:
[2025-12-05T08:11:18.259+0000] {subprocess.py:93} INFO - 2025-12-05 08:11:18,218 - __main__ - INFO - 🚀 Starting Producer + Consumer...
[2025-12-05T08:11:18.297+0000] {subprocess.py:93} INFO - 2025-12-05 08:11:18,232 - __main__ - INFO - 🔐 Authenticating with Gmail API...
[2025-12-05T08:11:18.983+0000] {subprocess.py:93} INFO - 2025-12-05 08:11:18,982 - googleapiclient.discovery_cache - INFO - file_cache is only supported with oauth2client<4.0.0
[2025-12-05T08:11:18.988+0000] {subprocess.py:93} INFO - 2025-12-05 08:11:18,987 - __main__ - INFO - 📨 Connecting to Kafka...
[2025-12-05T08:11:22.727+0000] {subprocess.py:93} INFO - 2025-12-05 08:11:22,726 - kafka.conn - WARNING - DNS lookup failed for kafka:29092, exception was [Errno -2] Name or service not known. Is your advertised.listeners (called advertised.host.name before Kafka 9) correct and resolvable?
[2025-12-05T08:11:22.730+0000] {subprocess.py:93} INFO - 2025-12-05 08:11:22,726 - kafka.conn - ERROR - <BrokerConnection client_id=kafka-python-producer-1, node_id=bootstrap-0 host=kafka:29092 <connecting> [unspecified None]>: DNS lookup failed for kafka:29092 (AddressFamily.AF_UNSPEC)
[2025-12-05T08:11:22.731+0000] {subprocess.py:93} INFO - 2025-12-05 08:11:22,727 - kafka.conn - ERROR - <BrokerConnection client_id=kafka-python-producer-1, node_id=bootstrap-0 host=kafka:29092 <connecting> [unspecified None]>: Closing connection. KafkaConnectionError: DNS failure
[2025-12-05T08:11:22.736+0000] {subprocess.py:93} INFO - 2025-12-05 08:11:22,727 - __main__ - ERROR - ❌ Error: NoBrokersAvailable
[2025-12-05T08:11:22.737+0000] {subprocess.py:93} INFO - Traceback (most recent call last):
[2025-12-05T08:11:22.739+0000] {subprocess.py:93} INFO -   File "/opt/***/kafka/Producer/email_producer.py", line 235, in main
[2025-12-05T08:11:22.744+0000] {subprocess.py:93} INFO -     producer = KafkaProducer(
[2025-12-05T08:11:22.747+0000] {subprocess.py:93} INFO -   File "/home/***/.local/lib/python3.8/site-packages/kafka/producer/kafka.py", line 485, in __init__
[2025-12-05T08:11:22.749+0000] {subprocess.py:93} INFO -     client = self.config['kafka_client'](
[2025-12-05T08:11:22.751+0000] {subprocess.py:93} INFO -   File "/home/***/.local/lib/python3.8/site-packages/kafka/client_async.py", line 262, in __init__
[2025-12-05T08:11:22.753+0000] {subprocess.py:93} INFO -     self.config['api_version'] = self.check_version()
[2025-12-05T08:11:22.755+0000] {subprocess.py:93} INFO -   File "/home/***/.local/lib/python3.8/site-packages/kafka/client_async.py", line 1076, in check_version
[2025-12-05T08:11:22.756+0000] {subprocess.py:93} INFO -     raise Errors.NoBrokersAvailable()
[2025-12-05T08:11:22.758+0000] {subprocess.py:93} INFO - kafka.errors.NoBrokersAvailable: NoBrokersAvailable
[2025-12-05T08:11:22.760+0000] {subprocess.py:93} INFO - Traceback (most recent call last):
[2025-12-05T08:11:22.761+0000] {subprocess.py:93} INFO -   File "/opt/***/kafka/Producer/email_producer.py", line 273, in <module>
[2025-12-05T08:11:22.764+0000] {subprocess.py:93} INFO -     main()
[2025-12-05T08:11:22.767+0000] {subprocess.py:93} INFO -   File "/opt/***/kafka/Producer/email_producer.py", line 235, in main
[2025-12-05T08:11:22.776+0000] {subprocess.py:93} INFO -     producer = KafkaProducer(
[2025-12-05T08:11:22.778+0000] {subprocess.py:93} INFO -   File "/home/***/.local/lib/python3.8/site-packages/kafka/producer/kafka.py", line 485, in __init__
[2025-12-05T08:11:22.779+0000] {subprocess.py:93} INFO -     client = self.config['kafka_client'](
[2025-12-05T08:11:22.782+0000] {subprocess.py:93} INFO -   File "/home/***/.local/lib/python3.8/site-packages/kafka/client_async.py", line 262, in __init__
[2025-12-05T08:11:22.784+0000] {subprocess.py:93} INFO -     self.config['api_version'] = self.check_version()
[2025-12-05T08:11:22.786+0000] {subprocess.py:93} INFO -   File "/home/***/.local/lib/python3.8/site-packages/kafka/client_async.py", line 1076, in check_version
[2025-12-05T08:11:22.788+0000] {subprocess.py:93} INFO -     raise Errors.NoBrokersAvailable()
[2025-12-05T08:11:22.790+0000] {subprocess.py:93} INFO - kafka.errors.NoBrokersAvailable: NoBrokersAvailable
[2025-12-05T08:11:23.205+0000] {subprocess.py:97} INFO - Command exited with return code 1
[2025-12-05T08:11:23.403+0000] {taskinstance.py:2698} ERROR - Task failed with exception
Traceback (most recent call last):
  File "/home/airflow/.local/lib/python3.8/site-packages/airflow/models/taskinstance.py", line 428, in _execute_task
    result = execute_callable(context=context, **execute_callable_kwargs)
  File "/home/airflow/.local/lib/python3.8/site-packages/airflow/operators/bash.py", line 212, in execute
    raise AirflowException(
airflow.exceptions.AirflowException: Bash command failed. The command returned a non-zero exit code 1.
[2025-12-05T08:11:23.434+0000] {taskinstance.py:1138} INFO - Marking task as FAILED. dag_id=email_pipeline_dag, task_id=kafka_producer, execution_date=20251204T152442, start_date=20251205T081110, end_date=20251205T081123
[2025-12-05T08:11:23.581+0000] {standard_task_runner.py:107} ERROR - Failed to execute job 136 for task kafka_producer (Bash command failed. The command returned a non-zero exit code 1.; 201)
[2025-12-05T08:11:23.652+0000] {local_task_job_runner.py:234} INFO - Task exited with return code 1
[2025-12-05T08:11:23.876+0000] {taskinstance.py:3280} INFO - 0 downstream tasks scheduled from follow-on schedule check
