[2025-12-04T15:23:50.054+0000] {taskinstance.py:1956} INFO - Dependencies all met for dep_context=non-requeueable deps ti=<TaskInstance: email_pipeline_dag.kafka_producer manual__2025-12-04T15:18:52.570139+00:00 [queued]>
[2025-12-04T15:23:50.064+0000] {taskinstance.py:1956} INFO - Dependencies all met for dep_context=requeueable deps ti=<TaskInstance: email_pipeline_dag.kafka_producer manual__2025-12-04T15:18:52.570139+00:00 [queued]>
[2025-12-04T15:23:50.065+0000] {taskinstance.py:2170} INFO - Starting attempt 1 of 2
[2025-12-04T15:23:50.084+0000] {taskinstance.py:2191} INFO - Executing <Task(BashOperator): kafka_producer> on 2025-12-04 15:18:52.570139+00:00
[2025-12-04T15:23:50.090+0000] {standard_task_runner.py:60} INFO - Started process 695 to run task
[2025-12-04T15:23:50.098+0000] {standard_task_runner.py:87} INFO - Running: ['***', 'tasks', 'run', 'email_pipeline_dag', 'kafka_producer', 'manual__2025-12-04T15:18:52.570139+00:00', '--job-id', '47', '--raw', '--subdir', 'DAGS_FOLDER/email_pipeline_dag.py', '--cfg-path', '/tmp/tmpuihebe98']
[2025-12-04T15:23:50.101+0000] {standard_task_runner.py:88} INFO - Job 47: Subtask kafka_producer
[2025-12-04T15:23:50.190+0000] {task_command.py:423} INFO - Running <TaskInstance: email_pipeline_dag.kafka_producer manual__2025-12-04T15:18:52.570139+00:00 [running]> on host 9661cc5961a1
[2025-12-04T15:23:50.282+0000] {taskinstance.py:2480} INFO - Exporting env vars: AIRFLOW_CTX_DAG_OWNER='***' AIRFLOW_CTX_DAG_ID='email_pipeline_dag' AIRFLOW_CTX_TASK_ID='kafka_producer' AIRFLOW_CTX_EXECUTION_DATE='2025-12-04T15:18:52.570139+00:00' AIRFLOW_CTX_TRY_NUMBER='1' AIRFLOW_CTX_DAG_RUN_ID='manual__2025-12-04T15:18:52.570139+00:00'
[2025-12-04T15:23:50.284+0000] {subprocess.py:63} INFO - Tmp dir root location: /tmp
[2025-12-04T15:23:50.286+0000] {subprocess.py:75} INFO - Running command: ['/usr/bin/bash', '-c', 'python /opt/***/kafka/Producer/email_producer.py']
[2025-12-04T15:23:50.297+0000] {subprocess.py:86} INFO - Output:
[2025-12-04T15:23:50.911+0000] {subprocess.py:93} INFO - 2025-12-04 15:23:50,911 - __main__ - INFO - 🚀 Starting Producer + Consumer...
[2025-12-04T15:23:50.912+0000] {subprocess.py:93} INFO - 2025-12-04 15:23:50,911 - __main__ - INFO - 🔐 Authenticating with Gmail API...
[2025-12-04T15:23:50.922+0000] {subprocess.py:93} INFO - 2025-12-04 15:23:50,922 - googleapiclient.discovery_cache - INFO - file_cache is only supported with oauth2client<4.0.0
[2025-12-04T15:23:50.923+0000] {subprocess.py:93} INFO - 2025-12-04 15:23:50,923 - __main__ - INFO - 📨 Connecting to Kafka...
[2025-12-04T15:23:54.656+0000] {subprocess.py:93} INFO - 2025-12-04 15:23:54,656 - kafka.conn - WARNING - DNS lookup failed for kafka:29092, exception was [Errno -2] Name or service not known. Is your advertised.listeners (called advertised.host.name before Kafka 9) correct and resolvable?
[2025-12-04T15:23:54.658+0000] {subprocess.py:93} INFO - 2025-12-04 15:23:54,656 - kafka.conn - ERROR - <BrokerConnection client_id=kafka-python-producer-1, node_id=bootstrap-0 host=kafka:29092 <connecting> [unspecified None]>: DNS lookup failed for kafka:29092 (AddressFamily.AF_UNSPEC)
[2025-12-04T15:23:54.699+0000] {subprocess.py:93} INFO - 2025-12-04 15:23:54,656 - kafka.conn - ERROR - <BrokerConnection client_id=kafka-python-producer-1, node_id=bootstrap-0 host=kafka:29092 <connecting> [unspecified None]>: Closing connection. KafkaConnectionError: DNS failure
[2025-12-04T15:23:54.715+0000] {subprocess.py:93} INFO - 2025-12-04 15:23:54,657 - __main__ - ERROR - ❌ Error: NoBrokersAvailable
[2025-12-04T15:23:54.717+0000] {subprocess.py:93} INFO - Traceback (most recent call last):
[2025-12-04T15:23:54.717+0000] {subprocess.py:93} INFO -   File "/opt/***/kafka/Producer/email_producer.py", line 235, in main
[2025-12-04T15:23:54.718+0000] {subprocess.py:93} INFO -     producer = KafkaProducer(
[2025-12-04T15:23:54.720+0000] {subprocess.py:93} INFO -   File "/home/***/.local/lib/python3.8/site-packages/kafka/producer/kafka.py", line 485, in __init__
[2025-12-04T15:23:54.721+0000] {subprocess.py:93} INFO -     client = self.config['kafka_client'](
[2025-12-04T15:23:54.722+0000] {subprocess.py:93} INFO -   File "/home/***/.local/lib/python3.8/site-packages/kafka/client_async.py", line 262, in __init__
[2025-12-04T15:23:54.723+0000] {subprocess.py:93} INFO -     self.config['api_version'] = self.check_version()
[2025-12-04T15:23:54.724+0000] {subprocess.py:93} INFO -   File "/home/***/.local/lib/python3.8/site-packages/kafka/client_async.py", line 1076, in check_version
[2025-12-04T15:23:54.724+0000] {subprocess.py:93} INFO -     raise Errors.NoBrokersAvailable()
[2025-12-04T15:23:54.725+0000] {subprocess.py:93} INFO - kafka.errors.NoBrokersAvailable: NoBrokersAvailable
[2025-12-04T15:23:54.732+0000] {subprocess.py:93} INFO - Traceback (most recent call last):
[2025-12-04T15:23:54.732+0000] {subprocess.py:93} INFO -   File "/opt/***/kafka/Producer/email_producer.py", line 269, in <module>
[2025-12-04T15:23:54.733+0000] {subprocess.py:93} INFO -     main()
[2025-12-04T15:23:54.734+0000] {subprocess.py:93} INFO -   File "/opt/***/kafka/Producer/email_producer.py", line 235, in main
[2025-12-04T15:23:54.735+0000] {subprocess.py:93} INFO -     producer = KafkaProducer(
[2025-12-04T15:23:54.736+0000] {subprocess.py:93} INFO -   File "/home/***/.local/lib/python3.8/site-packages/kafka/producer/kafka.py", line 485, in __init__
[2025-12-04T15:23:54.736+0000] {subprocess.py:93} INFO -     client = self.config['kafka_client'](
[2025-12-04T15:23:54.737+0000] {subprocess.py:93} INFO -   File "/home/***/.local/lib/python3.8/site-packages/kafka/client_async.py", line 262, in __init__
[2025-12-04T15:23:54.738+0000] {subprocess.py:93} INFO -     self.config['api_version'] = self.check_version()
[2025-12-04T15:23:54.738+0000] {subprocess.py:93} INFO -   File "/home/***/.local/lib/python3.8/site-packages/kafka/client_async.py", line 1076, in check_version
[2025-12-04T15:23:54.739+0000] {subprocess.py:93} INFO -     raise Errors.NoBrokersAvailable()
[2025-12-04T15:23:54.739+0000] {subprocess.py:93} INFO - kafka.errors.NoBrokersAvailable: NoBrokersAvailable
[2025-12-04T15:23:54.810+0000] {subprocess.py:97} INFO - Command exited with return code 1
[2025-12-04T15:23:54.834+0000] {taskinstance.py:2698} ERROR - Task failed with exception
Traceback (most recent call last):
  File "/home/airflow/.local/lib/python3.8/site-packages/airflow/models/taskinstance.py", line 433, in _execute_task
    result = execute_callable(context=context, **execute_callable_kwargs)
  File "/home/airflow/.local/lib/python3.8/site-packages/airflow/operators/bash.py", line 212, in execute
    raise AirflowException(
airflow.exceptions.AirflowException: Bash command failed. The command returned a non-zero exit code 1.
[2025-12-04T15:23:54.865+0000] {taskinstance.py:1138} INFO - Marking task as UP_FOR_RETRY. dag_id=email_pipeline_dag, task_id=kafka_producer, execution_date=20251204T151852, start_date=20251204T152350, end_date=20251204T152354
[2025-12-04T15:23:54.895+0000] {standard_task_runner.py:107} ERROR - Failed to execute job 47 for task kafka_producer (Bash command failed. The command returned a non-zero exit code 1.; 695)
[2025-12-04T15:23:54.906+0000] {local_task_job_runner.py:234} INFO - Task exited with return code 1
[2025-12-04T15:23:54.946+0000] {taskinstance.py:3280} INFO - 0 downstream tasks scheduled from follow-on schedule check
