[2025-12-05T08:11:09.998+0000] {taskinstance.py:1956} INFO - Dependencies all met for dep_context=non-requeueable deps ti=<TaskInstance: email_pipeline_dag.kafka_producer manual__2025-12-04T15:18:52.570139+00:00 [queued]>
[2025-12-05T08:11:10.159+0000] {taskinstance.py:1956} INFO - Dependencies all met for dep_context=requeueable deps ti=<TaskInstance: email_pipeline_dag.kafka_producer manual__2025-12-04T15:18:52.570139+00:00 [queued]>
[2025-12-05T08:11:10.163+0000] {taskinstance.py:2170} INFO - Starting attempt 3 of 2
[2025-12-05T08:11:10.867+0000] {taskinstance.py:2191} INFO - Executing <Task(BashOperator): kafka_producer> on 2025-12-04 15:18:52.570139+00:00
[2025-12-05T08:11:10.974+0000] {standard_task_runner.py:60} INFO - Started process 202 to run task
[2025-12-05T08:11:11.063+0000] {standard_task_runner.py:87} INFO - Running: ['***', 'tasks', 'run', 'email_pipeline_dag', 'kafka_producer', 'manual__2025-12-04T15:18:52.570139+00:00', '--job-id', '126', '--raw', '--subdir', 'DAGS_FOLDER/email_pipeline_dag.py', '--cfg-path', '/tmp/tmprtlyj0mj']
[2025-12-05T08:11:11.084+0000] {standard_task_runner.py:88} INFO - Job 126: Subtask kafka_producer
[2025-12-05T08:11:11.897+0000] {task_command.py:423} INFO - Running <TaskInstance: email_pipeline_dag.kafka_producer manual__2025-12-04T15:18:52.570139+00:00 [running]> on host 17d26709f247
[2025-12-05T08:11:12.918+0000] {taskinstance.py:2480} INFO - Exporting env vars: AIRFLOW_CTX_DAG_OWNER='***' AIRFLOW_CTX_DAG_ID='email_pipeline_dag' AIRFLOW_CTX_TASK_ID='kafka_producer' AIRFLOW_CTX_EXECUTION_DATE='2025-12-04T15:18:52.570139+00:00' AIRFLOW_CTX_TRY_NUMBER='3' AIRFLOW_CTX_DAG_RUN_ID='manual__2025-12-04T15:18:52.570139+00:00'
[2025-12-05T08:11:12.944+0000] {subprocess.py:63} INFO - Tmp dir root location: /tmp
[2025-12-05T08:11:12.964+0000] {subprocess.py:75} INFO - Running command: ['/usr/bin/bash', '-c', 'python /opt/***/kafka/Producer/email_producer.py']
[2025-12-05T08:11:13.062+0000] {subprocess.py:86} INFO - Output:
[2025-12-05T08:11:18.348+0000] {subprocess.py:93} INFO - 2025-12-05 08:11:18,333 - __main__ - INFO - 🚀 Starting Producer + Consumer...
[2025-12-05T08:11:18.399+0000] {subprocess.py:93} INFO - 2025-12-05 08:11:18,334 - __main__ - INFO - 🔐 Authenticating with Gmail API...
[2025-12-05T08:11:18.992+0000] {subprocess.py:93} INFO - 2025-12-05 08:11:18,987 - googleapiclient.discovery_cache - INFO - file_cache is only supported with oauth2client<4.0.0
[2025-12-05T08:11:19.019+0000] {subprocess.py:93} INFO - 2025-12-05 08:11:19,018 - __main__ - INFO - 📨 Connecting to Kafka...
[2025-12-05T08:11:22.792+0000] {subprocess.py:93} INFO - 2025-12-05 08:11:22,791 - kafka.conn - WARNING - DNS lookup failed for kafka:29092, exception was [Errno -2] Name or service not known. Is your advertised.listeners (called advertised.host.name before Kafka 9) correct and resolvable?
[2025-12-05T08:11:22.793+0000] {subprocess.py:93} INFO - 2025-12-05 08:11:22,792 - kafka.conn - ERROR - <BrokerConnection client_id=kafka-python-producer-1, node_id=bootstrap-0 host=kafka:29092 <connecting> [unspecified None]>: DNS lookup failed for kafka:29092 (AddressFamily.AF_UNSPEC)
[2025-12-05T08:11:22.796+0000] {subprocess.py:93} INFO - 2025-12-05 08:11:22,792 - kafka.conn - ERROR - <BrokerConnection client_id=kafka-python-producer-1, node_id=bootstrap-0 host=kafka:29092 <connecting> [unspecified None]>: Closing connection. KafkaConnectionError: DNS failure
[2025-12-05T08:11:22.805+0000] {subprocess.py:93} INFO - 2025-12-05 08:11:22,793 - __main__ - ERROR - ❌ Error: NoBrokersAvailable
[2025-12-05T08:11:22.809+0000] {subprocess.py:93} INFO - Traceback (most recent call last):
[2025-12-05T08:11:22.813+0000] {subprocess.py:93} INFO -   File "/opt/***/kafka/Producer/email_producer.py", line 235, in main
[2025-12-05T08:11:22.815+0000] {subprocess.py:93} INFO -     producer = KafkaProducer(
[2025-12-05T08:11:22.819+0000] {subprocess.py:93} INFO -   File "/home/***/.local/lib/python3.8/site-packages/kafka/producer/kafka.py", line 485, in __init__
[2025-12-05T08:11:22.822+0000] {subprocess.py:93} INFO -     client = self.config['kafka_client'](
[2025-12-05T08:11:22.828+0000] {subprocess.py:93} INFO -   File "/home/***/.local/lib/python3.8/site-packages/kafka/client_async.py", line 262, in __init__
[2025-12-05T08:11:22.833+0000] {subprocess.py:93} INFO -     self.config['api_version'] = self.check_version()
[2025-12-05T08:11:22.841+0000] {subprocess.py:93} INFO -   File "/home/***/.local/lib/python3.8/site-packages/kafka/client_async.py", line 1076, in check_version
[2025-12-05T08:11:22.844+0000] {subprocess.py:93} INFO -     raise Errors.NoBrokersAvailable()
[2025-12-05T08:11:22.858+0000] {subprocess.py:93} INFO - kafka.errors.NoBrokersAvailable: NoBrokersAvailable
[2025-12-05T08:11:22.859+0000] {subprocess.py:93} INFO - Traceback (most recent call last):
[2025-12-05T08:11:22.866+0000] {subprocess.py:93} INFO -   File "/opt/***/kafka/Producer/email_producer.py", line 273, in <module>
[2025-12-05T08:11:22.876+0000] {subprocess.py:93} INFO -     main()
[2025-12-05T08:11:22.896+0000] {subprocess.py:93} INFO -   File "/opt/***/kafka/Producer/email_producer.py", line 235, in main
[2025-12-05T08:11:22.902+0000] {subprocess.py:93} INFO -     producer = KafkaProducer(
[2025-12-05T08:11:22.906+0000] {subprocess.py:93} INFO -   File "/home/***/.local/lib/python3.8/site-packages/kafka/producer/kafka.py", line 485, in __init__
[2025-12-05T08:11:22.909+0000] {subprocess.py:93} INFO -     client = self.config['kafka_client'](
[2025-12-05T08:11:22.915+0000] {subprocess.py:93} INFO -   File "/home/***/.local/lib/python3.8/site-packages/kafka/client_async.py", line 262, in __init__
[2025-12-05T08:11:22.916+0000] {subprocess.py:93} INFO -     self.config['api_version'] = self.check_version()
[2025-12-05T08:11:22.920+0000] {subprocess.py:93} INFO -   File "/home/***/.local/lib/python3.8/site-packages/kafka/client_async.py", line 1076, in check_version
[2025-12-05T08:11:22.921+0000] {subprocess.py:93} INFO -     raise Errors.NoBrokersAvailable()
[2025-12-05T08:11:22.923+0000] {subprocess.py:93} INFO - kafka.errors.NoBrokersAvailable: NoBrokersAvailable
[2025-12-05T08:11:23.375+0000] {subprocess.py:97} INFO - Command exited with return code 1
[2025-12-05T08:11:23.489+0000] {taskinstance.py:2698} ERROR - Task failed with exception
Traceback (most recent call last):
  File "/home/airflow/.local/lib/python3.8/site-packages/airflow/models/taskinstance.py", line 428, in _execute_task
    result = execute_callable(context=context, **execute_callable_kwargs)
  File "/home/airflow/.local/lib/python3.8/site-packages/airflow/operators/bash.py", line 212, in execute
    raise AirflowException(
airflow.exceptions.AirflowException: Bash command failed. The command returned a non-zero exit code 1.
[2025-12-05T08:11:23.515+0000] {taskinstance.py:1138} INFO - Marking task as FAILED. dag_id=email_pipeline_dag, task_id=kafka_producer, execution_date=20251204T151852, start_date=20251205T081110, end_date=20251205T081123
[2025-12-05T08:11:23.622+0000] {standard_task_runner.py:107} ERROR - Failed to execute job 126 for task kafka_producer (Bash command failed. The command returned a non-zero exit code 1.; 202)
[2025-12-05T08:11:23.701+0000] {local_task_job_runner.py:234} INFO - Task exited with return code 1
[2025-12-05T08:11:23.905+0000] {taskinstance.py:3280} INFO - 0 downstream tasks scheduled from follow-on schedule check
