[2025-12-10T18:53:58.767+0000] {taskinstance.py:1956} INFO - Dependencies all met for dep_context=non-requeueable deps ti=<TaskInstance: email_intelligence_pipeline.gmail_extraction manual__2025-12-10T18:53:56.945912+00:00 [queued]>
[2025-12-10T18:53:58.795+0000] {taskinstance.py:1956} INFO - Dependencies all met for dep_context=requeueable deps ti=<TaskInstance: email_intelligence_pipeline.gmail_extraction manual__2025-12-10T18:53:56.945912+00:00 [queued]>
[2025-12-10T18:53:58.796+0000] {taskinstance.py:2170} INFO - Starting attempt 1 of 1
[2025-12-10T18:53:58.831+0000] {taskinstance.py:2191} INFO - Executing <Task(BashOperator): gmail_extraction> on 2025-12-10 18:53:56.945912+00:00
[2025-12-10T18:53:58.845+0000] {standard_task_runner.py:60} INFO - Started process 182 to run task
[2025-12-10T18:53:58.856+0000] {standard_task_runner.py:87} INFO - Running: ['***', 'tasks', 'run', 'email_intelligence_pipeline', 'gmail_extraction', 'manual__2025-12-10T18:53:56.945912+00:00', '--job-id', '427', '--raw', '--subdir', 'DAGS_FOLDER/email_pipeline_dag.py', '--cfg-path', '/tmp/tmpkzs9_hq7']
[2025-12-10T18:53:58.861+0000] {standard_task_runner.py:88} INFO - Job 427: Subtask gmail_extraction
[2025-12-10T18:53:59.069+0000] {task_command.py:423} INFO - Running <TaskInstance: email_intelligence_pipeline.gmail_extraction manual__2025-12-10T18:53:56.945912+00:00 [running]> on host e428b2e16328
[2025-12-10T18:53:59.396+0000] {taskinstance.py:2480} INFO - Exporting env vars: AIRFLOW_CTX_DAG_OWNER='data_team' AIRFLOW_CTX_DAG_ID='email_intelligence_pipeline' AIRFLOW_CTX_TASK_ID='gmail_extraction' AIRFLOW_CTX_EXECUTION_DATE='2025-12-10T18:53:56.945912+00:00' AIRFLOW_CTX_TRY_NUMBER='1' AIRFLOW_CTX_DAG_RUN_ID='manual__2025-12-10T18:53:56.945912+00:00'
[2025-12-10T18:53:59.410+0000] {subprocess.py:63} INFO - Tmp dir root location: /tmp
[2025-12-10T18:53:59.421+0000] {subprocess.py:75} INFO - Running command: ['/usr/bin/bash', '-c', 'python /opt/***/kafka/Producer/email_producer.py']
[2025-12-10T18:53:59.444+0000] {subprocess.py:86} INFO - Output:
[2025-12-10T18:54:01.303+0000] {subprocess.py:93} INFO - 2025-12-10 18:54:01,302 - __main__ - INFO - 🚀 Starting Producer with JSON Checkpoint Deduplication...
[2025-12-10T18:54:01.305+0000] {subprocess.py:93} INFO - 2025-12-10 18:54:01,302 - __main__ - INFO - 📁 Checkpoint file: /opt/***/email_checkpoint.json
[2025-12-10T18:54:01.306+0000] {subprocess.py:93} INFO - 2025-12-10 18:54:01,302 - __main__ - INFO - 📂 Loading checkpoint...
[2025-12-10T18:54:01.307+0000] {subprocess.py:93} INFO - 2025-12-10 18:54:01,304 - __main__ - INFO - ✓ Checkpoint loaded: 34 messages tracked
[2025-12-10T18:54:01.308+0000] {subprocess.py:93} INFO - 2025-12-10 18:54:01,304 - __main__ - INFO - 🔐 Authenticating with Gmail API...
[2025-12-10T18:54:01.876+0000] {subprocess.py:93} INFO - 2025-12-10 18:54:01,876 - googleapiclient.discovery_cache - INFO - file_cache is only supported with oauth2client<4.0.0
[2025-12-10T18:54:01.890+0000] {subprocess.py:93} INFO - 2025-12-10 18:54:01,889 - __main__ - INFO - 📨 Connecting to Kafka...
[2025-12-10T18:54:01.894+0000] {subprocess.py:93} INFO - 2025-12-10 18:54:01,894 - kafka.conn - INFO - <BrokerConnection client_id=kafka-python-producer-1, node_id=bootstrap-0 host=kafka:29092 <connecting> [IPv4 ('172.20.0.7', 29092)]>: connecting to kafka:29092 [('172.20.0.7', 29092) IPv4]
[2025-12-10T18:54:02.090+0000] {subprocess.py:93} INFO - 2025-12-10 18:54:02,090 - kafka.conn - INFO - <BrokerConnection client_id=kafka-python-producer-1, node_id=bootstrap-0 host=kafka:29092 <checking_api_versions_recv> [IPv4 ('172.20.0.7', 29092)]>: Broker version identified as 2.6
[2025-12-10T18:54:02.091+0000] {subprocess.py:93} INFO - 2025-12-10 18:54:02,090 - kafka.conn - INFO - <BrokerConnection client_id=kafka-python-producer-1, node_id=bootstrap-0 host=kafka:29092 <connected> [IPv4 ('172.20.0.7', 29092)]>: Connection complete.
[2025-12-10T18:54:02.093+0000] {subprocess.py:93} INFO - 2025-12-10 18:54:02,092 - __main__ - INFO - 📧 Fetching recent emails with deduplication...
[2025-12-10T18:54:02.748+0000] {subprocess.py:93} INFO - 2025-12-10 18:54:02,747 - __main__ - INFO - Found 15 emails in last 24 hours
[2025-12-10T18:54:03.958+0000] {subprocess.py:93} INFO - 2025-12-10 18:54:03,957 - __main__ - INFO - ⏭️  Skipping duplicate message: 19b087a052f93e90
[2025-12-10T18:54:03.959+0000] {subprocess.py:93} INFO - 2025-12-10 18:54:03,958 - __main__ - INFO - ⏭️  Skipping duplicate message: 19b086eae3162aa3
[2025-12-10T18:54:03.959+0000] {subprocess.py:93} INFO - 2025-12-10 18:54:03,958 - __main__ - INFO - ⏭️  Skipping duplicate message: 19b085f65f3b7abf
[2025-12-10T18:54:03.960+0000] {subprocess.py:93} INFO - 2025-12-10 18:54:03,958 - __main__ - INFO - ⏭️  Skipping duplicate message: 19b0823a13f3fd6d
[2025-12-10T18:54:03.961+0000] {subprocess.py:93} INFO - 2025-12-10 18:54:03,958 - __main__ - INFO - ⏭️  Skipping duplicate message: 19b07fe6b30edc68
[2025-12-10T18:54:03.962+0000] {subprocess.py:93} INFO - 2025-12-10 18:54:03,958 - __main__ - INFO - ⏭️  Skipping duplicate message: 19b07f18b5acac29
[2025-12-10T18:54:03.962+0000] {subprocess.py:93} INFO - 2025-12-10 18:54:03,958 - __main__ - INFO - ⏭️  Skipping duplicate message: 19b0783cc3af75be
[2025-12-10T18:54:03.963+0000] {subprocess.py:93} INFO - 2025-12-10 18:54:03,958 - __main__ - INFO - ⏭️  Skipping duplicate message: 19b0714287a08c9b
[2025-12-10T18:54:03.963+0000] {subprocess.py:93} INFO - 2025-12-10 18:54:03,958 - __main__ - INFO - ⏭️  Skipping duplicate message: 19b053a300810103
[2025-12-10T18:54:03.964+0000] {subprocess.py:93} INFO - 2025-12-10 18:54:03,958 - __main__ - INFO - ⏭️  Skipping duplicate message: 19b0539d651efe1f
[2025-12-10T18:54:03.968+0000] {subprocess.py:93} INFO - 2025-12-10 18:54:03,958 - __main__ - INFO - ⏭️  Skipping duplicate message: 19b04f0ac24e9c99
[2025-12-10T18:54:03.968+0000] {subprocess.py:93} INFO - 2025-12-10 18:54:03,958 - __main__ - INFO - 📊 Deduplication: 11 duplicates skipped, 4 new emails
[2025-12-10T18:54:03.969+0000] {subprocess.py:93} INFO - 2025-12-10 18:54:03,959 - kafka.conn - INFO - <BrokerConnection client_id=kafka-python-producer-1, node_id=1 host=kafka:29092 <connecting> [IPv4 ('172.20.0.7', 29092)]>: connecting to kafka:29092 [('172.20.0.7', 29092) IPv4]
[2025-12-10T18:54:03.969+0000] {subprocess.py:93} INFO - 2025-12-10 18:54:03,960 - kafka.conn - INFO - <BrokerConnection client_id=kafka-python-producer-1, node_id=1 host=kafka:29092 <connected> [IPv4 ('172.20.0.7', 29092)]>: Connection complete.
[2025-12-10T18:54:03.970+0000] {subprocess.py:93} INFO - 2025-12-10 18:54:03,960 - kafka.conn - INFO - <BrokerConnection client_id=kafka-python-producer-1, node_id=bootstrap-0 host=kafka:29092 <connected> [IPv4 ('172.20.0.7', 29092)]>: Closing connection.
[2025-12-10T18:54:04.109+0000] {subprocess.py:93} INFO - 2025-12-10 18:54:04,109 - __main__ - INFO - ✓ Email sent to Kafka - Offset: 118 - Message: 19b09859d8fd98ff
[2025-12-10T18:54:04.117+0000] {subprocess.py:93} INFO - 2025-12-10 18:54:04,117 - __main__ - INFO - ✓ Email sent to Kafka - Offset: 119 - Message: 19b097ee29b2e12d
[2025-12-10T18:54:04.122+0000] {subprocess.py:93} INFO - 2025-12-10 18:54:04,122 - __main__ - INFO - ✓ Email sent to Kafka - Offset: 120 - Message: 19b097d6c4495ae3
[2025-12-10T18:54:04.126+0000] {subprocess.py:93} INFO - 2025-12-10 18:54:04,125 - __main__ - INFO - ✓ Email sent to Kafka - Offset: 121 - Message: 19b089e68a21a45a
[2025-12-10T18:54:04.127+0000] {subprocess.py:93} INFO - 2025-12-10 18:54:04,126 - __main__ - INFO - ✅ Successfully sent 4 NEW emails to Kafka
[2025-12-10T18:54:04.127+0000] {subprocess.py:93} INFO - 2025-12-10 18:54:04,126 - __main__ - INFO - 💾 Saving checkpoint...
[2025-12-10T18:54:04.128+0000] {subprocess.py:93} INFO - 2025-12-10 18:54:04,126 - __main__ - INFO - ✓ Checkpoint saved: 38 total messages processed
[2025-12-10T18:54:04.132+0000] {subprocess.py:93} INFO - 2025-12-10 18:54:04,126 - kafka.producer.kafka - INFO - <KafkaProducer client_id=kafka-python-producer-1 transactional_id=None>: Closing the Kafka producer with 9223372036.0 secs timeout.
[2025-12-10T18:54:04.133+0000] {subprocess.py:93} INFO - 2025-12-10 18:54:04,127 - kafka.conn - INFO - <BrokerConnection client_id=kafka-python-producer-1, node_id=1 host=kafka:29092 <connected> [IPv4 ('172.20.0.7', 29092)]>: Closing connection.
[2025-12-10T18:54:04.133+0000] {subprocess.py:93} INFO - 2025-12-10 18:54:04,127 - __main__ - INFO - 📤 Kafka producer closed
[2025-12-10T18:54:04.203+0000] {subprocess.py:97} INFO - Command exited with return code 0
[2025-12-10T18:54:04.317+0000] {taskinstance.py:1138} INFO - Marking task as SUCCESS. dag_id=email_intelligence_pipeline, task_id=gmail_extraction, execution_date=20251210T185356, start_date=20251210T185358, end_date=20251210T185404
[2025-12-10T18:54:04.385+0000] {local_task_job_runner.py:234} INFO - Task exited with return code 0
[2025-12-10T18:54:04.446+0000] {taskinstance.py:3280} INFO - 1 downstream tasks scheduled from follow-on schedule check
