[2025-12-05T15:30:05.547+0000] {taskinstance.py:1956} INFO - Dependencies all met for dep_context=non-requeueable deps ti=<TaskInstance: email_pipeline_dag.kafka_producer manual__2025-12-05T15:30:04.264996+00:00 [queued]>
[2025-12-05T15:30:05.557+0000] {taskinstance.py:1956} INFO - Dependencies all met for dep_context=requeueable deps ti=<TaskInstance: email_pipeline_dag.kafka_producer manual__2025-12-05T15:30:04.264996+00:00 [queued]>
[2025-12-05T15:30:05.558+0000] {taskinstance.py:2170} INFO - Starting attempt 1 of 1
[2025-12-05T15:30:05.576+0000] {taskinstance.py:2191} INFO - Executing <Task(BashOperator): kafka_producer> on 2025-12-05 15:30:04.264996+00:00
[2025-12-05T15:30:05.587+0000] {standard_task_runner.py:60} INFO - Started process 214 to run task
[2025-12-05T15:30:05.601+0000] {standard_task_runner.py:87} INFO - Running: ['***', 'tasks', 'run', 'email_pipeline_dag', 'kafka_producer', 'manual__2025-12-05T15:30:04.264996+00:00', '--job-id', '29', '--raw', '--subdir', 'DAGS_FOLDER/email_pipeline_dag.py', '--cfg-path', '/tmp/tmpxo0m34bx']
[2025-12-05T15:30:05.613+0000] {standard_task_runner.py:88} INFO - Job 29: Subtask kafka_producer
[2025-12-05T15:30:05.963+0000] {task_command.py:423} INFO - Running <TaskInstance: email_pipeline_dag.kafka_producer manual__2025-12-05T15:30:04.264996+00:00 [running]> on host cff5fd011f9e
[2025-12-05T15:30:06.122+0000] {taskinstance.py:2480} INFO - Exporting env vars: AIRFLOW_CTX_DAG_OWNER='***' AIRFLOW_CTX_DAG_ID='email_pipeline_dag' AIRFLOW_CTX_TASK_ID='kafka_producer' AIRFLOW_CTX_EXECUTION_DATE='2025-12-05T15:30:04.264996+00:00' AIRFLOW_CTX_TRY_NUMBER='1' AIRFLOW_CTX_DAG_RUN_ID='manual__2025-12-05T15:30:04.264996+00:00'
[2025-12-05T15:30:06.128+0000] {subprocess.py:63} INFO - Tmp dir root location: /tmp
[2025-12-05T15:30:06.132+0000] {subprocess.py:75} INFO - Running command: ['/usr/bin/bash', '-c', 'python /opt/***/kafka/Producer/email_producer.py']
[2025-12-05T15:30:06.151+0000] {subprocess.py:86} INFO - Output:
[2025-12-05T15:30:06.835+0000] {subprocess.py:93} INFO - 2025-12-05 15:30:06,835 - __main__ - INFO - 🚀 Starting Producer + Consumer...
[2025-12-05T15:30:06.836+0000] {subprocess.py:93} INFO - 2025-12-05 15:30:06,835 - __main__ - INFO - 🔐 Authenticating with Gmail API...
[2025-12-05T15:30:06.861+0000] {subprocess.py:93} INFO - 2025-12-05 15:30:06,861 - googleapiclient.discovery_cache - INFO - file_cache is only supported with oauth2client<4.0.0
[2025-12-05T15:30:06.862+0000] {subprocess.py:93} INFO - 2025-12-05 15:30:06,862 - __main__ - INFO - 📨 Connecting to Kafka...
[2025-12-05T15:30:10.607+0000] {subprocess.py:93} INFO - 2025-12-05 15:30:10,606 - kafka.conn - WARNING - DNS lookup failed for kafka:29092, exception was [Errno -2] Name or service not known. Is your advertised.listeners (called advertised.host.name before Kafka 9) correct and resolvable?
[2025-12-05T15:30:10.612+0000] {subprocess.py:93} INFO - 2025-12-05 15:30:10,607 - kafka.conn - ERROR - <BrokerConnection client_id=kafka-python-producer-1, node_id=bootstrap-0 host=kafka:29092 <connecting> [unspecified None]>: DNS lookup failed for kafka:29092 (AddressFamily.AF_UNSPEC)
[2025-12-05T15:30:10.613+0000] {subprocess.py:93} INFO - 2025-12-05 15:30:10,607 - kafka.conn - ERROR - <BrokerConnection client_id=kafka-python-producer-1, node_id=bootstrap-0 host=kafka:29092 <connecting> [unspecified None]>: Closing connection. KafkaConnectionError: DNS failure
[2025-12-05T15:30:10.619+0000] {subprocess.py:93} INFO - 2025-12-05 15:30:10,607 - __main__ - ERROR - ❌ Error: NoBrokersAvailable
[2025-12-05T15:30:10.620+0000] {subprocess.py:93} INFO - Traceback (most recent call last):
[2025-12-05T15:30:10.621+0000] {subprocess.py:93} INFO -   File "/opt/***/kafka/Producer/email_producer.py", line 235, in main
[2025-12-05T15:30:10.621+0000] {subprocess.py:93} INFO -     producer = KafkaProducer(
[2025-12-05T15:30:10.622+0000] {subprocess.py:93} INFO -   File "/home/***/.local/lib/python3.8/site-packages/kafka/producer/kafka.py", line 485, in __init__
[2025-12-05T15:30:10.622+0000] {subprocess.py:93} INFO -     client = self.config['kafka_client'](
[2025-12-05T15:30:10.623+0000] {subprocess.py:93} INFO -   File "/home/***/.local/lib/python3.8/site-packages/kafka/client_async.py", line 262, in __init__
[2025-12-05T15:30:10.623+0000] {subprocess.py:93} INFO -     self.config['api_version'] = self.check_version()
[2025-12-05T15:30:10.624+0000] {subprocess.py:93} INFO -   File "/home/***/.local/lib/python3.8/site-packages/kafka/client_async.py", line 1076, in check_version
[2025-12-05T15:30:10.624+0000] {subprocess.py:93} INFO -     raise Errors.NoBrokersAvailable()
[2025-12-05T15:30:10.624+0000] {subprocess.py:93} INFO - kafka.errors.NoBrokersAvailable: NoBrokersAvailable
[2025-12-05T15:30:10.627+0000] {subprocess.py:93} INFO - Traceback (most recent call last):
[2025-12-05T15:30:10.628+0000] {subprocess.py:93} INFO -   File "/opt/***/kafka/Producer/email_producer.py", line 273, in <module>
[2025-12-05T15:30:10.629+0000] {subprocess.py:93} INFO -     main()
[2025-12-05T15:30:10.629+0000] {subprocess.py:93} INFO -   File "/opt/***/kafka/Producer/email_producer.py", line 235, in main
[2025-12-05T15:30:10.630+0000] {subprocess.py:93} INFO -     producer = KafkaProducer(
[2025-12-05T15:30:10.631+0000] {subprocess.py:93} INFO -   File "/home/***/.local/lib/python3.8/site-packages/kafka/producer/kafka.py", line 485, in __init__
[2025-12-05T15:30:10.635+0000] {subprocess.py:93} INFO -     client = self.config['kafka_client'](
[2025-12-05T15:30:10.636+0000] {subprocess.py:93} INFO -   File "/home/***/.local/lib/python3.8/site-packages/kafka/client_async.py", line 262, in __init__
[2025-12-05T15:30:10.638+0000] {subprocess.py:93} INFO -     self.config['api_version'] = self.check_version()
[2025-12-05T15:30:10.639+0000] {subprocess.py:93} INFO -   File "/home/***/.local/lib/python3.8/site-packages/kafka/client_async.py", line 1076, in check_version
[2025-12-05T15:30:10.641+0000] {subprocess.py:93} INFO -     raise Errors.NoBrokersAvailable()
[2025-12-05T15:30:10.641+0000] {subprocess.py:93} INFO - kafka.errors.NoBrokersAvailable: NoBrokersAvailable
[2025-12-05T15:30:10.744+0000] {subprocess.py:97} INFO - Command exited with return code 1
[2025-12-05T15:30:10.760+0000] {taskinstance.py:2698} ERROR - Task failed with exception
Traceback (most recent call last):
  File "/home/airflow/.local/lib/python3.8/site-packages/airflow/models/taskinstance.py", line 428, in _execute_task
    result = execute_callable(context=context, **execute_callable_kwargs)
  File "/home/airflow/.local/lib/python3.8/site-packages/airflow/operators/bash.py", line 212, in execute
    raise AirflowException(
airflow.exceptions.AirflowException: Bash command failed. The command returned a non-zero exit code 1.
[2025-12-05T15:30:10.764+0000] {taskinstance.py:1138} INFO - Marking task as FAILED. dag_id=email_pipeline_dag, task_id=kafka_producer, execution_date=20251205T153004, start_date=20251205T153005, end_date=20251205T153010
[2025-12-05T15:30:10.791+0000] {standard_task_runner.py:107} ERROR - Failed to execute job 29 for task kafka_producer (Bash command failed. The command returned a non-zero exit code 1.; 214)
[2025-12-05T15:30:10.800+0000] {local_task_job_runner.py:234} INFO - Task exited with return code 1
[2025-12-05T15:30:10.828+0000] {taskinstance.py:3280} INFO - 1 downstream tasks scheduled from follow-on schedule check
