[2025-12-07T12:37:27.470+0000] {taskinstance.py:1956} INFO - Dependencies all met for dep_context=non-requeueable deps ti=<TaskInstance: email_intelligence_pipeline.real_time_enrichment manual__2025-12-07T12:37:12.480279+00:00 [queued]>
[2025-12-07T12:37:27.478+0000] {taskinstance.py:1956} INFO - Dependencies all met for dep_context=requeueable deps ti=<TaskInstance: email_intelligence_pipeline.real_time_enrichment manual__2025-12-07T12:37:12.480279+00:00 [queued]>
[2025-12-07T12:37:27.479+0000] {taskinstance.py:2170} INFO - Starting attempt 1 of 1
[2025-12-07T12:37:27.490+0000] {taskinstance.py:2191} INFO - Executing <Task(BashOperator): real_time_enrichment> on 2025-12-07 12:37:12.480279+00:00
[2025-12-07T12:37:27.494+0000] {standard_task_runner.py:60} INFO - Started process 981 to run task
[2025-12-07T12:37:27.497+0000] {standard_task_runner.py:87} INFO - Running: ['***', 'tasks', 'run', 'email_intelligence_pipeline', 'real_time_enrichment', 'manual__2025-12-07T12:37:12.480279+00:00', '--job-id', '149', '--raw', '--subdir', 'DAGS_FOLDER/email_pipeline_dag.py', '--cfg-path', '/tmp/tmplmzkmmpa']
[2025-12-07T12:37:27.499+0000] {standard_task_runner.py:88} INFO - Job 149: Subtask real_time_enrichment
[2025-12-07T12:37:27.554+0000] {task_command.py:423} INFO - Running <TaskInstance: email_intelligence_pipeline.real_time_enrichment manual__2025-12-07T12:37:12.480279+00:00 [running]> on host c5b1bafd0890
[2025-12-07T12:37:27.619+0000] {taskinstance.py:2480} INFO - Exporting env vars: AIRFLOW_CTX_DAG_OWNER='data_team' AIRFLOW_CTX_DAG_ID='email_intelligence_pipeline' AIRFLOW_CTX_TASK_ID='real_time_enrichment' AIRFLOW_CTX_EXECUTION_DATE='2025-12-07T12:37:12.480279+00:00' AIRFLOW_CTX_TRY_NUMBER='1' AIRFLOW_CTX_DAG_RUN_ID='manual__2025-12-07T12:37:12.480279+00:00'
[2025-12-07T12:37:27.621+0000] {subprocess.py:63} INFO - Tmp dir root location: /tmp
[2025-12-07T12:37:27.622+0000] {subprocess.py:75} INFO - Running command: ['/usr/bin/bash', '-c', '\n        /opt/spark/bin/spark-submit             --master spark://spark-master:7077             --deploy-mode client             --packages org.apache.hadoop:hadoop-aws:3.3.4             --name EmailEnrichmentStream             /opt/spark/jobs/email_processor.py\n        ']
[2025-12-07T12:37:27.629+0000] {subprocess.py:86} INFO - Output:
[2025-12-07T12:37:27.632+0000] {subprocess.py:93} INFO - /usr/bin/bash: line 2: /opt/spark/bin/spark-submit: No such file or directory
[2025-12-07T12:37:27.632+0000] {subprocess.py:97} INFO - Command exited with return code 127
[2025-12-07T12:37:27.642+0000] {taskinstance.py:2698} ERROR - Task failed with exception
Traceback (most recent call last):
  File "/home/airflow/.local/lib/python3.8/site-packages/airflow/models/taskinstance.py", line 428, in _execute_task
    result = execute_callable(context=context, **execute_callable_kwargs)
  File "/home/airflow/.local/lib/python3.8/site-packages/airflow/operators/bash.py", line 212, in execute
    raise AirflowException(
airflow.exceptions.AirflowException: Bash command failed. The command returned a non-zero exit code 127.
[2025-12-07T12:37:27.645+0000] {taskinstance.py:1138} INFO - Marking task as FAILED. dag_id=email_intelligence_pipeline, task_id=real_time_enrichment, execution_date=20251207T123712, start_date=20251207T123727, end_date=20251207T123727
[2025-12-07T12:37:27.656+0000] {standard_task_runner.py:107} ERROR - Failed to execute job 149 for task real_time_enrichment (Bash command failed. The command returned a non-zero exit code 127.; 981)
[2025-12-07T12:37:27.674+0000] {local_task_job_runner.py:234} INFO - Task exited with return code 1
[2025-12-07T12:37:27.694+0000] {taskinstance.py:3280} INFO - 0 downstream tasks scheduled from follow-on schedule check
