[2025-12-06T21:11:11.882+0000] {processor.py:161} INFO - Started process (PID=186) to work on /opt/airflow/dags/email_pipeline_dag.py
[2025-12-06T21:11:11.886+0000] {processor.py:830} INFO - Processing file /opt/airflow/dags/email_pipeline_dag.py for tasks to queue
[2025-12-06T21:11:11.888+0000] {logging_mixin.py:188} INFO - [2025-12-06T21:11:11.888+0000] {dagbag.py:538} INFO - Filling up the DagBag from /opt/airflow/dags/email_pipeline_dag.py
[2025-12-06T21:11:11.932+0000] {processor.py:840} INFO - DAG(s) 'email_pipeline_dag' retrieved from /opt/airflow/dags/email_pipeline_dag.py
[2025-12-06T21:11:11.974+0000] {logging_mixin.py:188} INFO - [2025-12-06T21:11:11.974+0000] {dag.py:3036} INFO - Sync 1 DAGs
[2025-12-06T21:11:12.002+0000] {logging_mixin.py:188} INFO - [2025-12-06T21:11:12.002+0000] {dag.py:3823} INFO - Setting next_dagrun for email_pipeline_dag to 2025-12-06 02:00:00+00:00, run_after=2025-12-07 02:00:00+00:00
[2025-12-06T21:11:12.028+0000] {processor.py:183} INFO - Processing /opt/airflow/dags/email_pipeline_dag.py took 0.151 seconds
[2025-12-06T21:11:42.448+0000] {processor.py:161} INFO - Started process (PID=200) to work on /opt/airflow/dags/email_pipeline_dag.py
[2025-12-06T21:11:42.451+0000] {processor.py:830} INFO - Processing file /opt/airflow/dags/email_pipeline_dag.py for tasks to queue
[2025-12-06T21:11:42.457+0000] {logging_mixin.py:188} INFO - [2025-12-06T21:11:42.455+0000] {dagbag.py:538} INFO - Filling up the DagBag from /opt/airflow/dags/email_pipeline_dag.py
[2025-12-06T21:11:42.630+0000] {processor.py:840} INFO - DAG(s) 'email_pipeline_dag' retrieved from /opt/airflow/dags/email_pipeline_dag.py
[2025-12-06T21:11:43.218+0000] {logging_mixin.py:188} INFO - [2025-12-06T21:11:43.217+0000] {dag.py:3036} INFO - Sync 1 DAGs
[2025-12-06T21:11:43.291+0000] {logging_mixin.py:188} INFO - [2025-12-06T21:11:43.291+0000] {dag.py:3823} INFO - Setting next_dagrun for email_pipeline_dag to 2025-12-06 02:00:00+00:00, run_after=2025-12-07 02:00:00+00:00
[2025-12-06T21:11:43.349+0000] {processor.py:183} INFO - Processing /opt/airflow/dags/email_pipeline_dag.py took 0.933 seconds
[2025-12-06T21:12:13.717+0000] {processor.py:161} INFO - Started process (PID=213) to work on /opt/airflow/dags/email_pipeline_dag.py
[2025-12-06T21:12:13.719+0000] {processor.py:830} INFO - Processing file /opt/airflow/dags/email_pipeline_dag.py for tasks to queue
[2025-12-06T21:12:13.721+0000] {logging_mixin.py:188} INFO - [2025-12-06T21:12:13.721+0000] {dagbag.py:538} INFO - Filling up the DagBag from /opt/airflow/dags/email_pipeline_dag.py
[2025-12-06T21:12:13.765+0000] {processor.py:840} INFO - DAG(s) 'email_pipeline_dag' retrieved from /opt/airflow/dags/email_pipeline_dag.py
[2025-12-06T21:12:13.787+0000] {logging_mixin.py:188} INFO - [2025-12-06T21:12:13.787+0000] {dag.py:3036} INFO - Sync 1 DAGs
[2025-12-06T21:12:13.807+0000] {logging_mixin.py:188} INFO - [2025-12-06T21:12:13.807+0000] {dag.py:3823} INFO - Setting next_dagrun for email_pipeline_dag to 2025-12-06 02:00:00+00:00, run_after=2025-12-07 02:00:00+00:00
[2025-12-06T21:12:13.824+0000] {processor.py:183} INFO - Processing /opt/airflow/dags/email_pipeline_dag.py took 0.110 seconds
[2025-12-06T21:12:44.058+0000] {processor.py:161} INFO - Started process (PID=218) to work on /opt/airflow/dags/email_pipeline_dag.py
[2025-12-06T21:12:44.059+0000] {processor.py:830} INFO - Processing file /opt/airflow/dags/email_pipeline_dag.py for tasks to queue
[2025-12-06T21:12:44.060+0000] {logging_mixin.py:188} INFO - [2025-12-06T21:12:44.060+0000] {dagbag.py:538} INFO - Filling up the DagBag from /opt/airflow/dags/email_pipeline_dag.py
[2025-12-06T21:12:44.128+0000] {processor.py:840} INFO - DAG(s) 'email_pipeline_dag' retrieved from /opt/airflow/dags/email_pipeline_dag.py
[2025-12-06T21:12:44.168+0000] {logging_mixin.py:188} INFO - [2025-12-06T21:12:44.168+0000] {dag.py:3036} INFO - Sync 1 DAGs
[2025-12-06T21:12:44.194+0000] {logging_mixin.py:188} INFO - [2025-12-06T21:12:44.194+0000] {dag.py:3823} INFO - Setting next_dagrun for email_pipeline_dag to 2025-12-06 02:00:00+00:00, run_after=2025-12-07 02:00:00+00:00
[2025-12-06T21:12:44.219+0000] {processor.py:183} INFO - Processing /opt/airflow/dags/email_pipeline_dag.py took 0.164 seconds
[2025-12-06T21:13:14.605+0000] {processor.py:161} INFO - Started process (PID=223) to work on /opt/airflow/dags/email_pipeline_dag.py
[2025-12-06T21:13:14.608+0000] {processor.py:830} INFO - Processing file /opt/airflow/dags/email_pipeline_dag.py for tasks to queue
[2025-12-06T21:13:14.611+0000] {logging_mixin.py:188} INFO - [2025-12-06T21:13:14.609+0000] {dagbag.py:538} INFO - Filling up the DagBag from /opt/airflow/dags/email_pipeline_dag.py
[2025-12-06T21:13:14.694+0000] {processor.py:840} INFO - DAG(s) 'email_pipeline_dag' retrieved from /opt/airflow/dags/email_pipeline_dag.py
[2025-12-06T21:13:14.832+0000] {logging_mixin.py:188} INFO - [2025-12-06T21:13:14.831+0000] {dag.py:3036} INFO - Sync 1 DAGs
[2025-12-06T21:13:14.976+0000] {logging_mixin.py:188} INFO - [2025-12-06T21:13:14.975+0000] {dag.py:3823} INFO - Setting next_dagrun for email_pipeline_dag to 2025-12-06 02:00:00+00:00, run_after=2025-12-07 02:00:00+00:00
[2025-12-06T21:13:15.154+0000] {processor.py:183} INFO - Processing /opt/airflow/dags/email_pipeline_dag.py took 0.556 seconds
[2025-12-06T21:13:45.634+0000] {processor.py:161} INFO - Started process (PID=228) to work on /opt/airflow/dags/email_pipeline_dag.py
[2025-12-06T21:13:45.637+0000] {processor.py:830} INFO - Processing file /opt/airflow/dags/email_pipeline_dag.py for tasks to queue
[2025-12-06T21:13:45.639+0000] {logging_mixin.py:188} INFO - [2025-12-06T21:13:45.638+0000] {dagbag.py:538} INFO - Filling up the DagBag from /opt/airflow/dags/email_pipeline_dag.py
[2025-12-06T21:13:45.690+0000] {processor.py:840} INFO - DAG(s) 'email_pipeline_dag' retrieved from /opt/airflow/dags/email_pipeline_dag.py
[2025-12-06T21:13:45.720+0000] {logging_mixin.py:188} INFO - [2025-12-06T21:13:45.720+0000] {dag.py:3036} INFO - Sync 1 DAGs
[2025-12-06T21:13:45.746+0000] {logging_mixin.py:188} INFO - [2025-12-06T21:13:45.746+0000] {dag.py:3823} INFO - Setting next_dagrun for email_pipeline_dag to 2025-12-06 02:00:00+00:00, run_after=2025-12-07 02:00:00+00:00
[2025-12-06T21:13:45.776+0000] {processor.py:183} INFO - Processing /opt/airflow/dags/email_pipeline_dag.py took 0.148 seconds
[2025-12-06T21:14:15.945+0000] {processor.py:161} INFO - Started process (PID=233) to work on /opt/airflow/dags/email_pipeline_dag.py
[2025-12-06T21:14:15.947+0000] {processor.py:830} INFO - Processing file /opt/airflow/dags/email_pipeline_dag.py for tasks to queue
[2025-12-06T21:14:15.948+0000] {logging_mixin.py:188} INFO - [2025-12-06T21:14:15.948+0000] {dagbag.py:538} INFO - Filling up the DagBag from /opt/airflow/dags/email_pipeline_dag.py
[2025-12-06T21:14:16.001+0000] {processor.py:840} INFO - DAG(s) 'email_pipeline_dag' retrieved from /opt/airflow/dags/email_pipeline_dag.py
[2025-12-06T21:14:16.039+0000] {logging_mixin.py:188} INFO - [2025-12-06T21:14:16.039+0000] {dag.py:3036} INFO - Sync 1 DAGs
[2025-12-06T21:14:16.071+0000] {logging_mixin.py:188} INFO - [2025-12-06T21:14:16.071+0000] {dag.py:3823} INFO - Setting next_dagrun for email_pipeline_dag to 2025-12-06 02:00:00+00:00, run_after=2025-12-07 02:00:00+00:00
[2025-12-06T21:14:16.100+0000] {processor.py:183} INFO - Processing /opt/airflow/dags/email_pipeline_dag.py took 0.162 seconds
[2025-12-06T21:14:46.453+0000] {processor.py:161} INFO - Started process (PID=238) to work on /opt/airflow/dags/email_pipeline_dag.py
[2025-12-06T21:14:46.455+0000] {processor.py:830} INFO - Processing file /opt/airflow/dags/email_pipeline_dag.py for tasks to queue
[2025-12-06T21:14:46.457+0000] {logging_mixin.py:188} INFO - [2025-12-06T21:14:46.456+0000] {dagbag.py:538} INFO - Filling up the DagBag from /opt/airflow/dags/email_pipeline_dag.py
[2025-12-06T21:14:46.513+0000] {processor.py:840} INFO - DAG(s) 'email_pipeline_dag' retrieved from /opt/airflow/dags/email_pipeline_dag.py
[2025-12-06T21:14:46.567+0000] {logging_mixin.py:188} INFO - [2025-12-06T21:14:46.566+0000] {dag.py:3036} INFO - Sync 1 DAGs
[2025-12-06T21:14:46.600+0000] {logging_mixin.py:188} INFO - [2025-12-06T21:14:46.599+0000] {dag.py:3823} INFO - Setting next_dagrun for email_pipeline_dag to 2025-12-06 02:00:00+00:00, run_after=2025-12-07 02:00:00+00:00
[2025-12-06T21:14:46.640+0000] {processor.py:183} INFO - Processing /opt/airflow/dags/email_pipeline_dag.py took 0.193 seconds
[2025-12-06T21:15:17.035+0000] {processor.py:161} INFO - Started process (PID=243) to work on /opt/airflow/dags/email_pipeline_dag.py
[2025-12-06T21:15:17.040+0000] {processor.py:830} INFO - Processing file /opt/airflow/dags/email_pipeline_dag.py for tasks to queue
[2025-12-06T21:15:17.043+0000] {logging_mixin.py:188} INFO - [2025-12-06T21:15:17.042+0000] {dagbag.py:538} INFO - Filling up the DagBag from /opt/airflow/dags/email_pipeline_dag.py
[2025-12-06T21:15:17.093+0000] {processor.py:840} INFO - DAG(s) 'email_pipeline_dag' retrieved from /opt/airflow/dags/email_pipeline_dag.py
[2025-12-06T21:15:17.188+0000] {logging_mixin.py:188} INFO - [2025-12-06T21:15:17.187+0000] {dag.py:3036} INFO - Sync 1 DAGs
[2025-12-06T21:15:17.223+0000] {logging_mixin.py:188} INFO - [2025-12-06T21:15:17.222+0000] {dag.py:3823} INFO - Setting next_dagrun for email_pipeline_dag to 2025-12-06 02:00:00+00:00, run_after=2025-12-07 02:00:00+00:00
[2025-12-06T21:15:17.266+0000] {processor.py:183} INFO - Processing /opt/airflow/dags/email_pipeline_dag.py took 0.241 seconds
[2025-12-06T21:15:47.990+0000] {processor.py:161} INFO - Started process (PID=256) to work on /opt/airflow/dags/email_pipeline_dag.py
[2025-12-06T21:15:47.992+0000] {processor.py:830} INFO - Processing file /opt/airflow/dags/email_pipeline_dag.py for tasks to queue
[2025-12-06T21:15:47.993+0000] {logging_mixin.py:188} INFO - [2025-12-06T21:15:47.993+0000] {dagbag.py:538} INFO - Filling up the DagBag from /opt/airflow/dags/email_pipeline_dag.py
[2025-12-06T21:15:48.046+0000] {processor.py:840} INFO - DAG(s) 'email_pipeline_dag' retrieved from /opt/airflow/dags/email_pipeline_dag.py
[2025-12-06T21:15:48.077+0000] {logging_mixin.py:188} INFO - [2025-12-06T21:15:48.077+0000] {dag.py:3036} INFO - Sync 1 DAGs
[2025-12-06T21:15:48.102+0000] {logging_mixin.py:188} INFO - [2025-12-06T21:15:48.102+0000] {dag.py:3823} INFO - Setting next_dagrun for email_pipeline_dag to 2025-12-06 02:00:00+00:00, run_after=2025-12-07 02:00:00+00:00
[2025-12-06T21:15:48.149+0000] {processor.py:183} INFO - Processing /opt/airflow/dags/email_pipeline_dag.py took 0.165 seconds
[2025-12-06T21:16:18.622+0000] {processor.py:161} INFO - Started process (PID=267) to work on /opt/airflow/dags/email_pipeline_dag.py
[2025-12-06T21:16:18.625+0000] {processor.py:830} INFO - Processing file /opt/airflow/dags/email_pipeline_dag.py for tasks to queue
[2025-12-06T21:16:18.628+0000] {logging_mixin.py:188} INFO - [2025-12-06T21:16:18.628+0000] {dagbag.py:538} INFO - Filling up the DagBag from /opt/airflow/dags/email_pipeline_dag.py
[2025-12-06T21:16:18.685+0000] {processor.py:840} INFO - DAG(s) 'email_pipeline_dag' retrieved from /opt/airflow/dags/email_pipeline_dag.py
[2025-12-06T21:16:18.754+0000] {logging_mixin.py:188} INFO - [2025-12-06T21:16:18.753+0000] {dag.py:3036} INFO - Sync 1 DAGs
[2025-12-06T21:16:18.860+0000] {logging_mixin.py:188} INFO - [2025-12-06T21:16:18.858+0000] {dag.py:3823} INFO - Setting next_dagrun for email_pipeline_dag to 2025-12-06 02:00:00+00:00, run_after=2025-12-07 02:00:00+00:00
[2025-12-06T21:16:18.918+0000] {processor.py:183} INFO - Processing /opt/airflow/dags/email_pipeline_dag.py took 0.301 seconds
[2025-12-06T21:16:49.606+0000] {processor.py:161} INFO - Started process (PID=278) to work on /opt/airflow/dags/email_pipeline_dag.py
[2025-12-06T21:16:49.608+0000] {processor.py:830} INFO - Processing file /opt/airflow/dags/email_pipeline_dag.py for tasks to queue
[2025-12-06T21:16:49.610+0000] {logging_mixin.py:188} INFO - [2025-12-06T21:16:49.609+0000] {dagbag.py:538} INFO - Filling up the DagBag from /opt/airflow/dags/email_pipeline_dag.py
[2025-12-06T21:16:49.679+0000] {processor.py:840} INFO - DAG(s) 'email_pipeline_dag' retrieved from /opt/airflow/dags/email_pipeline_dag.py
[2025-12-06T21:16:49.741+0000] {logging_mixin.py:188} INFO - [2025-12-06T21:16:49.740+0000] {dag.py:3036} INFO - Sync 1 DAGs
[2025-12-06T21:16:49.831+0000] {logging_mixin.py:188} INFO - [2025-12-06T21:16:49.831+0000] {dag.py:3823} INFO - Setting next_dagrun for email_pipeline_dag to 2025-12-06 02:00:00+00:00, run_after=2025-12-07 02:00:00+00:00
[2025-12-06T21:16:49.897+0000] {processor.py:183} INFO - Processing /opt/airflow/dags/email_pipeline_dag.py took 0.296 seconds
[2025-12-06T21:17:20.097+0000] {processor.py:161} INFO - Started process (PID=287) to work on /opt/airflow/dags/email_pipeline_dag.py
[2025-12-06T21:17:20.099+0000] {processor.py:830} INFO - Processing file /opt/airflow/dags/email_pipeline_dag.py for tasks to queue
[2025-12-06T21:17:20.100+0000] {logging_mixin.py:188} INFO - [2025-12-06T21:17:20.100+0000] {dagbag.py:538} INFO - Filling up the DagBag from /opt/airflow/dags/email_pipeline_dag.py
[2025-12-06T21:17:20.144+0000] {processor.py:840} INFO - DAG(s) 'email_pipeline_dag' retrieved from /opt/airflow/dags/email_pipeline_dag.py
[2025-12-06T21:17:20.170+0000] {logging_mixin.py:188} INFO - [2025-12-06T21:17:20.170+0000] {dag.py:3036} INFO - Sync 1 DAGs
[2025-12-06T21:17:20.200+0000] {logging_mixin.py:188} INFO - [2025-12-06T21:17:20.200+0000] {dag.py:3823} INFO - Setting next_dagrun for email_pipeline_dag to 2025-12-06 02:00:00+00:00, run_after=2025-12-07 02:00:00+00:00
[2025-12-06T21:17:20.234+0000] {processor.py:183} INFO - Processing /opt/airflow/dags/email_pipeline_dag.py took 0.140 seconds
[2025-12-06T21:17:50.768+0000] {processor.py:161} INFO - Started process (PID=292) to work on /opt/airflow/dags/email_pipeline_dag.py
[2025-12-06T21:17:50.769+0000] {processor.py:830} INFO - Processing file /opt/airflow/dags/email_pipeline_dag.py for tasks to queue
[2025-12-06T21:17:50.771+0000] {logging_mixin.py:188} INFO - [2025-12-06T21:17:50.771+0000] {dagbag.py:538} INFO - Filling up the DagBag from /opt/airflow/dags/email_pipeline_dag.py
[2025-12-06T21:17:50.817+0000] {processor.py:840} INFO - DAG(s) 'email_pipeline_dag' retrieved from /opt/airflow/dags/email_pipeline_dag.py
[2025-12-06T21:17:50.850+0000] {logging_mixin.py:188} INFO - [2025-12-06T21:17:50.850+0000] {dag.py:3036} INFO - Sync 1 DAGs
[2025-12-06T21:17:50.875+0000] {logging_mixin.py:188} INFO - [2025-12-06T21:17:50.875+0000] {dag.py:3823} INFO - Setting next_dagrun for email_pipeline_dag to 2025-12-06 02:00:00+00:00, run_after=2025-12-07 02:00:00+00:00
[2025-12-06T21:17:50.899+0000] {processor.py:183} INFO - Processing /opt/airflow/dags/email_pipeline_dag.py took 0.134 seconds
[2025-12-06T21:18:21.822+0000] {processor.py:161} INFO - Started process (PID=297) to work on /opt/airflow/dags/email_pipeline_dag.py
[2025-12-06T21:18:21.824+0000] {processor.py:830} INFO - Processing file /opt/airflow/dags/email_pipeline_dag.py for tasks to queue
[2025-12-06T21:18:21.826+0000] {logging_mixin.py:188} INFO - [2025-12-06T21:18:21.825+0000] {dagbag.py:538} INFO - Filling up the DagBag from /opt/airflow/dags/email_pipeline_dag.py
[2025-12-06T21:18:21.870+0000] {processor.py:840} INFO - DAG(s) 'email_pipeline_dag' retrieved from /opt/airflow/dags/email_pipeline_dag.py
[2025-12-06T21:18:21.923+0000] {logging_mixin.py:188} INFO - [2025-12-06T21:18:21.921+0000] {dag.py:3036} INFO - Sync 1 DAGs
[2025-12-06T21:18:22.000+0000] {logging_mixin.py:188} INFO - [2025-12-06T21:18:21.999+0000] {dag.py:3823} INFO - Setting next_dagrun for email_pipeline_dag to 2025-12-06 02:00:00+00:00, run_after=2025-12-07 02:00:00+00:00
[2025-12-06T21:18:22.050+0000] {processor.py:183} INFO - Processing /opt/airflow/dags/email_pipeline_dag.py took 0.232 seconds
[2025-12-06T21:18:52.779+0000] {processor.py:161} INFO - Started process (PID=302) to work on /opt/airflow/dags/email_pipeline_dag.py
[2025-12-06T21:18:52.781+0000] {processor.py:830} INFO - Processing file /opt/airflow/dags/email_pipeline_dag.py for tasks to queue
[2025-12-06T21:18:52.783+0000] {logging_mixin.py:188} INFO - [2025-12-06T21:18:52.783+0000] {dagbag.py:538} INFO - Filling up the DagBag from /opt/airflow/dags/email_pipeline_dag.py
[2025-12-06T21:18:52.831+0000] {processor.py:840} INFO - DAG(s) 'email_pipeline_dag' retrieved from /opt/airflow/dags/email_pipeline_dag.py
[2025-12-06T21:18:52.878+0000] {logging_mixin.py:188} INFO - [2025-12-06T21:18:52.877+0000] {dag.py:3036} INFO - Sync 1 DAGs
[2025-12-06T21:18:52.904+0000] {logging_mixin.py:188} INFO - [2025-12-06T21:18:52.904+0000] {dag.py:3823} INFO - Setting next_dagrun for email_pipeline_dag to 2025-12-06 02:00:00+00:00, run_after=2025-12-07 02:00:00+00:00
[2025-12-06T21:18:52.939+0000] {processor.py:183} INFO - Processing /opt/airflow/dags/email_pipeline_dag.py took 0.163 seconds
[2025-12-06T21:19:23.520+0000] {processor.py:161} INFO - Started process (PID=307) to work on /opt/airflow/dags/email_pipeline_dag.py
[2025-12-06T21:19:23.523+0000] {processor.py:830} INFO - Processing file /opt/airflow/dags/email_pipeline_dag.py for tasks to queue
[2025-12-06T21:19:23.525+0000] {logging_mixin.py:188} INFO - [2025-12-06T21:19:23.525+0000] {dagbag.py:538} INFO - Filling up the DagBag from /opt/airflow/dags/email_pipeline_dag.py
[2025-12-06T21:19:23.566+0000] {processor.py:840} INFO - DAG(s) 'email_pipeline_dag' retrieved from /opt/airflow/dags/email_pipeline_dag.py
[2025-12-06T21:19:23.614+0000] {logging_mixin.py:188} INFO - [2025-12-06T21:19:23.614+0000] {dag.py:3036} INFO - Sync 1 DAGs
[2025-12-06T21:19:23.635+0000] {logging_mixin.py:188} INFO - [2025-12-06T21:19:23.635+0000] {dag.py:3823} INFO - Setting next_dagrun for email_pipeline_dag to 2025-12-06 02:00:00+00:00, run_after=2025-12-07 02:00:00+00:00
[2025-12-06T21:19:23.660+0000] {processor.py:183} INFO - Processing /opt/airflow/dags/email_pipeline_dag.py took 0.148 seconds
[2025-12-06T21:19:54.364+0000] {processor.py:161} INFO - Started process (PID=312) to work on /opt/airflow/dags/email_pipeline_dag.py
[2025-12-06T21:19:54.366+0000] {processor.py:830} INFO - Processing file /opt/airflow/dags/email_pipeline_dag.py for tasks to queue
[2025-12-06T21:19:54.368+0000] {logging_mixin.py:188} INFO - [2025-12-06T21:19:54.367+0000] {dagbag.py:538} INFO - Filling up the DagBag from /opt/airflow/dags/email_pipeline_dag.py
[2025-12-06T21:19:54.419+0000] {processor.py:840} INFO - DAG(s) 'email_pipeline_dag' retrieved from /opt/airflow/dags/email_pipeline_dag.py
[2025-12-06T21:19:54.478+0000] {logging_mixin.py:188} INFO - [2025-12-06T21:19:54.477+0000] {dag.py:3036} INFO - Sync 1 DAGs
[2025-12-06T21:19:54.503+0000] {logging_mixin.py:188} INFO - [2025-12-06T21:19:54.503+0000] {dag.py:3823} INFO - Setting next_dagrun for email_pipeline_dag to 2025-12-06 02:00:00+00:00, run_after=2025-12-07 02:00:00+00:00
[2025-12-06T21:19:54.534+0000] {processor.py:183} INFO - Processing /opt/airflow/dags/email_pipeline_dag.py took 0.174 seconds
[2025-12-06T21:20:25.021+0000] {processor.py:161} INFO - Started process (PID=317) to work on /opt/airflow/dags/email_pipeline_dag.py
[2025-12-06T21:20:25.024+0000] {processor.py:830} INFO - Processing file /opt/airflow/dags/email_pipeline_dag.py for tasks to queue
[2025-12-06T21:20:25.027+0000] {logging_mixin.py:188} INFO - [2025-12-06T21:20:25.026+0000] {dagbag.py:538} INFO - Filling up the DagBag from /opt/airflow/dags/email_pipeline_dag.py
[2025-12-06T21:20:25.118+0000] {processor.py:840} INFO - DAG(s) 'email_pipeline_dag' retrieved from /opt/airflow/dags/email_pipeline_dag.py
[2025-12-06T21:20:25.184+0000] {logging_mixin.py:188} INFO - [2025-12-06T21:20:25.184+0000] {dag.py:3036} INFO - Sync 1 DAGs
[2025-12-06T21:20:25.212+0000] {logging_mixin.py:188} INFO - [2025-12-06T21:20:25.212+0000] {dag.py:3823} INFO - Setting next_dagrun for email_pipeline_dag to 2025-12-06 02:00:00+00:00, run_after=2025-12-07 02:00:00+00:00
[2025-12-06T21:20:25.259+0000] {processor.py:183} INFO - Processing /opt/airflow/dags/email_pipeline_dag.py took 0.245 seconds
[2025-12-06T21:20:55.591+0000] {processor.py:161} INFO - Started process (PID=326) to work on /opt/airflow/dags/email_pipeline_dag.py
[2025-12-06T21:20:55.592+0000] {processor.py:830} INFO - Processing file /opt/airflow/dags/email_pipeline_dag.py for tasks to queue
[2025-12-06T21:20:55.593+0000] {logging_mixin.py:188} INFO - [2025-12-06T21:20:55.592+0000] {dagbag.py:538} INFO - Filling up the DagBag from /opt/airflow/dags/email_pipeline_dag.py
[2025-12-06T21:20:55.667+0000] {processor.py:840} INFO - DAG(s) 'email_pipeline_dag' retrieved from /opt/airflow/dags/email_pipeline_dag.py
[2025-12-06T21:20:55.696+0000] {logging_mixin.py:188} INFO - [2025-12-06T21:20:55.696+0000] {dag.py:3036} INFO - Sync 1 DAGs
[2025-12-06T21:20:55.718+0000] {logging_mixin.py:188} INFO - [2025-12-06T21:20:55.718+0000] {dag.py:3823} INFO - Setting next_dagrun for email_pipeline_dag to 2025-12-06 02:00:00+00:00, run_after=2025-12-07 02:00:00+00:00
[2025-12-06T21:20:55.742+0000] {processor.py:183} INFO - Processing /opt/airflow/dags/email_pipeline_dag.py took 0.155 seconds
[2025-12-06T21:21:25.881+0000] {processor.py:161} INFO - Started process (PID=335) to work on /opt/airflow/dags/email_pipeline_dag.py
[2025-12-06T21:21:25.883+0000] {processor.py:830} INFO - Processing file /opt/airflow/dags/email_pipeline_dag.py for tasks to queue
[2025-12-06T21:21:25.886+0000] {logging_mixin.py:188} INFO - [2025-12-06T21:21:25.885+0000] {dagbag.py:538} INFO - Filling up the DagBag from /opt/airflow/dags/email_pipeline_dag.py
[2025-12-06T21:21:25.944+0000] {processor.py:840} INFO - DAG(s) 'email_pipeline_dag' retrieved from /opt/airflow/dags/email_pipeline_dag.py
[2025-12-06T21:21:25.974+0000] {logging_mixin.py:188} INFO - [2025-12-06T21:21:25.974+0000] {dag.py:3036} INFO - Sync 1 DAGs
[2025-12-06T21:21:25.998+0000] {logging_mixin.py:188} INFO - [2025-12-06T21:21:25.997+0000] {dag.py:3823} INFO - Setting next_dagrun for email_pipeline_dag to 2025-12-06 02:00:00+00:00, run_after=2025-12-07 02:00:00+00:00
[2025-12-06T21:21:26.083+0000] {processor.py:183} INFO - Processing /opt/airflow/dags/email_pipeline_dag.py took 0.211 seconds
[2025-12-06T21:21:56.869+0000] {processor.py:161} INFO - Started process (PID=340) to work on /opt/airflow/dags/email_pipeline_dag.py
[2025-12-06T21:21:56.874+0000] {processor.py:830} INFO - Processing file /opt/airflow/dags/email_pipeline_dag.py for tasks to queue
[2025-12-06T21:21:56.879+0000] {logging_mixin.py:188} INFO - [2025-12-06T21:21:56.878+0000] {dagbag.py:538} INFO - Filling up the DagBag from /opt/airflow/dags/email_pipeline_dag.py
[2025-12-06T21:21:57.174+0000] {processor.py:840} INFO - DAG(s) 'email_pipeline_dag' retrieved from /opt/airflow/dags/email_pipeline_dag.py
[2025-12-06T21:21:57.392+0000] {logging_mixin.py:188} INFO - [2025-12-06T21:21:57.392+0000] {dag.py:3036} INFO - Sync 1 DAGs
[2025-12-06T21:21:57.562+0000] {logging_mixin.py:188} INFO - [2025-12-06T21:21:57.558+0000] {dag.py:3823} INFO - Setting next_dagrun for email_pipeline_dag to 2025-12-06 02:00:00+00:00, run_after=2025-12-07 02:00:00+00:00
[2025-12-06T21:21:57.635+0000] {processor.py:183} INFO - Processing /opt/airflow/dags/email_pipeline_dag.py took 0.811 seconds
[2025-12-06T21:22:28.120+0000] {processor.py:161} INFO - Started process (PID=345) to work on /opt/airflow/dags/email_pipeline_dag.py
[2025-12-06T21:22:28.122+0000] {processor.py:830} INFO - Processing file /opt/airflow/dags/email_pipeline_dag.py for tasks to queue
[2025-12-06T21:22:28.125+0000] {logging_mixin.py:188} INFO - [2025-12-06T21:22:28.124+0000] {dagbag.py:538} INFO - Filling up the DagBag from /opt/airflow/dags/email_pipeline_dag.py
[2025-12-06T21:22:28.182+0000] {processor.py:840} INFO - DAG(s) 'email_pipeline_dag' retrieved from /opt/airflow/dags/email_pipeline_dag.py
[2025-12-06T21:22:28.310+0000] {logging_mixin.py:188} INFO - [2025-12-06T21:22:28.309+0000] {dag.py:3036} INFO - Sync 1 DAGs
[2025-12-06T21:22:28.529+0000] {logging_mixin.py:188} INFO - [2025-12-06T21:22:28.528+0000] {dag.py:3823} INFO - Setting next_dagrun for email_pipeline_dag to 2025-12-06 02:00:00+00:00, run_after=2025-12-07 02:00:00+00:00
[2025-12-06T21:22:28.632+0000] {processor.py:183} INFO - Processing /opt/airflow/dags/email_pipeline_dag.py took 0.517 seconds
[2025-12-06T21:22:59.152+0000] {processor.py:161} INFO - Started process (PID=361) to work on /opt/airflow/dags/email_pipeline_dag.py
[2025-12-06T21:22:59.155+0000] {processor.py:830} INFO - Processing file /opt/airflow/dags/email_pipeline_dag.py for tasks to queue
[2025-12-06T21:22:59.157+0000] {logging_mixin.py:188} INFO - [2025-12-06T21:22:59.157+0000] {dagbag.py:538} INFO - Filling up the DagBag from /opt/airflow/dags/email_pipeline_dag.py
[2025-12-06T21:22:59.220+0000] {processor.py:840} INFO - DAG(s) 'email_pipeline_dag' retrieved from /opt/airflow/dags/email_pipeline_dag.py
[2025-12-06T21:22:59.278+0000] {logging_mixin.py:188} INFO - [2025-12-06T21:22:59.277+0000] {dag.py:3036} INFO - Sync 1 DAGs
[2025-12-06T21:22:59.331+0000] {logging_mixin.py:188} INFO - [2025-12-06T21:22:59.330+0000] {dag.py:3823} INFO - Setting next_dagrun for email_pipeline_dag to 2025-12-06 02:00:00+00:00, run_after=2025-12-07 02:00:00+00:00
[2025-12-06T21:22:59.382+0000] {processor.py:183} INFO - Processing /opt/airflow/dags/email_pipeline_dag.py took 0.239 seconds
[2025-12-06T21:23:29.871+0000] {processor.py:161} INFO - Started process (PID=366) to work on /opt/airflow/dags/email_pipeline_dag.py
[2025-12-06T21:23:29.874+0000] {processor.py:830} INFO - Processing file /opt/airflow/dags/email_pipeline_dag.py for tasks to queue
[2025-12-06T21:23:29.876+0000] {logging_mixin.py:188} INFO - [2025-12-06T21:23:29.876+0000] {dagbag.py:538} INFO - Filling up the DagBag from /opt/airflow/dags/email_pipeline_dag.py
[2025-12-06T21:23:29.939+0000] {processor.py:840} INFO - DAG(s) 'email_pipeline_dag' retrieved from /opt/airflow/dags/email_pipeline_dag.py
[2025-12-06T21:23:29.979+0000] {logging_mixin.py:188} INFO - [2025-12-06T21:23:29.978+0000] {dag.py:3036} INFO - Sync 1 DAGs
[2025-12-06T21:23:30.010+0000] {logging_mixin.py:188} INFO - [2025-12-06T21:23:30.010+0000] {dag.py:3823} INFO - Setting next_dagrun for email_pipeline_dag to 2025-12-06 02:00:00+00:00, run_after=2025-12-07 02:00:00+00:00
[2025-12-06T21:23:30.045+0000] {processor.py:183} INFO - Processing /opt/airflow/dags/email_pipeline_dag.py took 0.179 seconds
[2025-12-06T21:24:00.586+0000] {processor.py:161} INFO - Started process (PID=371) to work on /opt/airflow/dags/email_pipeline_dag.py
[2025-12-06T21:24:00.588+0000] {processor.py:830} INFO - Processing file /opt/airflow/dags/email_pipeline_dag.py for tasks to queue
[2025-12-06T21:24:00.590+0000] {logging_mixin.py:188} INFO - [2025-12-06T21:24:00.589+0000] {dagbag.py:538} INFO - Filling up the DagBag from /opt/airflow/dags/email_pipeline_dag.py
[2025-12-06T21:24:00.679+0000] {processor.py:840} INFO - DAG(s) 'email_pipeline_dag' retrieved from /opt/airflow/dags/email_pipeline_dag.py
[2025-12-06T21:24:00.744+0000] {logging_mixin.py:188} INFO - [2025-12-06T21:24:00.743+0000] {dag.py:3036} INFO - Sync 1 DAGs
[2025-12-06T21:24:00.786+0000] {logging_mixin.py:188} INFO - [2025-12-06T21:24:00.785+0000] {dag.py:3823} INFO - Setting next_dagrun for email_pipeline_dag to 2025-12-06 02:00:00+00:00, run_after=2025-12-07 02:00:00+00:00
[2025-12-06T21:24:00.884+0000] {processor.py:183} INFO - Processing /opt/airflow/dags/email_pipeline_dag.py took 0.309 seconds
[2025-12-06T21:24:31.159+0000] {processor.py:161} INFO - Started process (PID=387) to work on /opt/airflow/dags/email_pipeline_dag.py
[2025-12-06T21:24:31.162+0000] {processor.py:830} INFO - Processing file /opt/airflow/dags/email_pipeline_dag.py for tasks to queue
[2025-12-06T21:24:31.164+0000] {logging_mixin.py:188} INFO - [2025-12-06T21:24:31.163+0000] {dagbag.py:538} INFO - Filling up the DagBag from /opt/airflow/dags/email_pipeline_dag.py
[2025-12-06T21:24:31.218+0000] {processor.py:840} INFO - DAG(s) 'email_pipeline_dag' retrieved from /opt/airflow/dags/email_pipeline_dag.py
[2025-12-06T21:24:31.373+0000] {logging_mixin.py:188} INFO - [2025-12-06T21:24:31.373+0000] {dag.py:3036} INFO - Sync 1 DAGs
[2025-12-06T21:24:31.459+0000] {logging_mixin.py:188} INFO - [2025-12-06T21:24:31.458+0000] {dag.py:3823} INFO - Setting next_dagrun for email_pipeline_dag to 2025-12-06 02:00:00+00:00, run_after=2025-12-07 02:00:00+00:00
[2025-12-06T21:24:31.520+0000] {processor.py:183} INFO - Processing /opt/airflow/dags/email_pipeline_dag.py took 0.367 seconds
[2025-12-06T21:25:02.092+0000] {processor.py:161} INFO - Started process (PID=392) to work on /opt/airflow/dags/email_pipeline_dag.py
[2025-12-06T21:25:02.094+0000] {processor.py:830} INFO - Processing file /opt/airflow/dags/email_pipeline_dag.py for tasks to queue
[2025-12-06T21:25:02.096+0000] {logging_mixin.py:188} INFO - [2025-12-06T21:25:02.095+0000] {dagbag.py:538} INFO - Filling up the DagBag from /opt/airflow/dags/email_pipeline_dag.py
[2025-12-06T21:25:02.140+0000] {processor.py:840} INFO - DAG(s) 'email_pipeline_dag' retrieved from /opt/airflow/dags/email_pipeline_dag.py
[2025-12-06T21:25:02.183+0000] {logging_mixin.py:188} INFO - [2025-12-06T21:25:02.183+0000] {dag.py:3036} INFO - Sync 1 DAGs
[2025-12-06T21:25:02.223+0000] {logging_mixin.py:188} INFO - [2025-12-06T21:25:02.223+0000] {dag.py:3823} INFO - Setting next_dagrun for email_pipeline_dag to 2025-12-06 02:00:00+00:00, run_after=2025-12-07 02:00:00+00:00
[2025-12-06T21:25:02.302+0000] {processor.py:183} INFO - Processing /opt/airflow/dags/email_pipeline_dag.py took 0.218 seconds
[2025-12-06T21:25:32.825+0000] {processor.py:161} INFO - Started process (PID=397) to work on /opt/airflow/dags/email_pipeline_dag.py
[2025-12-06T21:25:32.827+0000] {processor.py:830} INFO - Processing file /opt/airflow/dags/email_pipeline_dag.py for tasks to queue
[2025-12-06T21:25:32.828+0000] {logging_mixin.py:188} INFO - [2025-12-06T21:25:32.828+0000] {dagbag.py:538} INFO - Filling up the DagBag from /opt/airflow/dags/email_pipeline_dag.py
[2025-12-06T21:25:32.879+0000] {processor.py:840} INFO - DAG(s) 'email_pipeline_dag' retrieved from /opt/airflow/dags/email_pipeline_dag.py
[2025-12-06T21:25:32.921+0000] {logging_mixin.py:188} INFO - [2025-12-06T21:25:32.921+0000] {dag.py:3036} INFO - Sync 1 DAGs
[2025-12-06T21:25:32.947+0000] {logging_mixin.py:188} INFO - [2025-12-06T21:25:32.947+0000] {dag.py:3823} INFO - Setting next_dagrun for email_pipeline_dag to 2025-12-06 02:00:00+00:00, run_after=2025-12-07 02:00:00+00:00
[2025-12-06T21:25:32.977+0000] {processor.py:183} INFO - Processing /opt/airflow/dags/email_pipeline_dag.py took 0.156 seconds
[2025-12-06T21:26:03.311+0000] {processor.py:161} INFO - Started process (PID=402) to work on /opt/airflow/dags/email_pipeline_dag.py
[2025-12-06T21:26:03.313+0000] {processor.py:830} INFO - Processing file /opt/airflow/dags/email_pipeline_dag.py for tasks to queue
[2025-12-06T21:26:03.317+0000] {logging_mixin.py:188} INFO - [2025-12-06T21:26:03.316+0000] {dagbag.py:538} INFO - Filling up the DagBag from /opt/airflow/dags/email_pipeline_dag.py
[2025-12-06T21:26:03.375+0000] {processor.py:840} INFO - DAG(s) 'email_pipeline_dag' retrieved from /opt/airflow/dags/email_pipeline_dag.py
[2025-12-06T21:26:03.408+0000] {logging_mixin.py:188} INFO - [2025-12-06T21:26:03.408+0000] {dag.py:3036} INFO - Sync 1 DAGs
[2025-12-06T21:26:03.439+0000] {logging_mixin.py:188} INFO - [2025-12-06T21:26:03.439+0000] {dag.py:3823} INFO - Setting next_dagrun for email_pipeline_dag to 2025-12-06 02:00:00+00:00, run_after=2025-12-07 02:00:00+00:00
[2025-12-06T21:26:03.471+0000] {processor.py:183} INFO - Processing /opt/airflow/dags/email_pipeline_dag.py took 0.165 seconds
[2025-12-06T21:26:34.210+0000] {processor.py:161} INFO - Started process (PID=407) to work on /opt/airflow/dags/email_pipeline_dag.py
[2025-12-06T21:26:34.212+0000] {processor.py:830} INFO - Processing file /opt/airflow/dags/email_pipeline_dag.py for tasks to queue
[2025-12-06T21:26:34.215+0000] {logging_mixin.py:188} INFO - [2025-12-06T21:26:34.214+0000] {dagbag.py:538} INFO - Filling up the DagBag from /opt/airflow/dags/email_pipeline_dag.py
[2025-12-06T21:26:34.272+0000] {processor.py:840} INFO - DAG(s) 'email_pipeline_dag' retrieved from /opt/airflow/dags/email_pipeline_dag.py
[2025-12-06T21:26:34.303+0000] {logging_mixin.py:188} INFO - [2025-12-06T21:26:34.302+0000] {dag.py:3036} INFO - Sync 1 DAGs
[2025-12-06T21:26:34.322+0000] {logging_mixin.py:188} INFO - [2025-12-06T21:26:34.322+0000] {dag.py:3823} INFO - Setting next_dagrun for email_pipeline_dag to 2025-12-06 02:00:00+00:00, run_after=2025-12-07 02:00:00+00:00
[2025-12-06T21:26:34.399+0000] {processor.py:183} INFO - Processing /opt/airflow/dags/email_pipeline_dag.py took 0.193 seconds
[2025-12-06T21:27:04.537+0000] {processor.py:161} INFO - Started process (PID=412) to work on /opt/airflow/dags/email_pipeline_dag.py
[2025-12-06T21:27:04.540+0000] {processor.py:830} INFO - Processing file /opt/airflow/dags/email_pipeline_dag.py for tasks to queue
[2025-12-06T21:27:04.542+0000] {logging_mixin.py:188} INFO - [2025-12-06T21:27:04.541+0000] {dagbag.py:538} INFO - Filling up the DagBag from /opt/airflow/dags/email_pipeline_dag.py
[2025-12-06T21:27:04.607+0000] {processor.py:840} INFO - DAG(s) 'email_pipeline_dag' retrieved from /opt/airflow/dags/email_pipeline_dag.py
[2025-12-06T21:27:04.657+0000] {logging_mixin.py:188} INFO - [2025-12-06T21:27:04.656+0000] {dag.py:3036} INFO - Sync 1 DAGs
[2025-12-06T21:27:04.697+0000] {logging_mixin.py:188} INFO - [2025-12-06T21:27:04.697+0000] {dag.py:3823} INFO - Setting next_dagrun for email_pipeline_dag to 2025-12-06 02:00:00+00:00, run_after=2025-12-07 02:00:00+00:00
[2025-12-06T21:27:04.777+0000] {processor.py:183} INFO - Processing /opt/airflow/dags/email_pipeline_dag.py took 0.245 seconds
[2025-12-06T21:27:35.102+0000] {processor.py:161} INFO - Started process (PID=417) to work on /opt/airflow/dags/email_pipeline_dag.py
[2025-12-06T21:27:35.104+0000] {processor.py:830} INFO - Processing file /opt/airflow/dags/email_pipeline_dag.py for tasks to queue
[2025-12-06T21:27:35.105+0000] {logging_mixin.py:188} INFO - [2025-12-06T21:27:35.105+0000] {dagbag.py:538} INFO - Filling up the DagBag from /opt/airflow/dags/email_pipeline_dag.py
[2025-12-06T21:27:35.141+0000] {processor.py:840} INFO - DAG(s) 'email_pipeline_dag' retrieved from /opt/airflow/dags/email_pipeline_dag.py
[2025-12-06T21:27:35.238+0000] {logging_mixin.py:188} INFO - [2025-12-06T21:27:35.238+0000] {dag.py:3036} INFO - Sync 1 DAGs
[2025-12-06T21:27:35.271+0000] {logging_mixin.py:188} INFO - [2025-12-06T21:27:35.270+0000] {dag.py:3823} INFO - Setting next_dagrun for email_pipeline_dag to 2025-12-06 02:00:00+00:00, run_after=2025-12-07 02:00:00+00:00
[2025-12-06T21:27:35.307+0000] {processor.py:183} INFO - Processing /opt/airflow/dags/email_pipeline_dag.py took 0.209 seconds
[2025-12-06T21:28:05.454+0000] {processor.py:161} INFO - Started process (PID=422) to work on /opt/airflow/dags/email_pipeline_dag.py
[2025-12-06T21:28:05.457+0000] {processor.py:830} INFO - Processing file /opt/airflow/dags/email_pipeline_dag.py for tasks to queue
[2025-12-06T21:28:05.463+0000] {logging_mixin.py:188} INFO - [2025-12-06T21:28:05.462+0000] {dagbag.py:538} INFO - Filling up the DagBag from /opt/airflow/dags/email_pipeline_dag.py
[2025-12-06T21:28:03.950+0000] {processor.py:840} INFO - DAG(s) 'email_pipeline_dag' retrieved from /opt/airflow/dags/email_pipeline_dag.py
[2025-12-06T21:28:03.994+0000] {logging_mixin.py:188} INFO - [2025-12-06T21:28:03.994+0000] {dag.py:3036} INFO - Sync 1 DAGs
[2025-12-06T21:28:04.024+0000] {logging_mixin.py:188} INFO - [2025-12-06T21:28:04.024+0000] {dag.py:3823} INFO - Setting next_dagrun for email_pipeline_dag to 2025-12-06 02:00:00+00:00, run_after=2025-12-07 02:00:00+00:00
[2025-12-06T21:28:04.066+0000] {processor.py:183} INFO - Processing /opt/airflow/dags/email_pipeline_dag.py took 0.200 seconds
[2025-12-06T21:28:34.634+0000] {processor.py:161} INFO - Started process (PID=427) to work on /opt/airflow/dags/email_pipeline_dag.py
[2025-12-06T21:28:34.637+0000] {processor.py:830} INFO - Processing file /opt/airflow/dags/email_pipeline_dag.py for tasks to queue
[2025-12-06T21:28:34.639+0000] {logging_mixin.py:188} INFO - [2025-12-06T21:28:34.638+0000] {dagbag.py:538} INFO - Filling up the DagBag from /opt/airflow/dags/email_pipeline_dag.py
[2025-12-06T21:28:34.695+0000] {processor.py:840} INFO - DAG(s) 'email_pipeline_dag' retrieved from /opt/airflow/dags/email_pipeline_dag.py
[2025-12-06T21:28:34.777+0000] {logging_mixin.py:188} INFO - [2025-12-06T21:28:34.776+0000] {dag.py:3036} INFO - Sync 1 DAGs
[2025-12-06T21:28:34.812+0000] {logging_mixin.py:188} INFO - [2025-12-06T21:28:34.812+0000] {dag.py:3823} INFO - Setting next_dagrun for email_pipeline_dag to 2025-12-06 02:00:00+00:00, run_after=2025-12-07 02:00:00+00:00
[2025-12-06T21:28:34.852+0000] {processor.py:183} INFO - Processing /opt/airflow/dags/email_pipeline_dag.py took 0.227 seconds
[2025-12-06T21:29:05.282+0000] {processor.py:161} INFO - Started process (PID=432) to work on /opt/airflow/dags/email_pipeline_dag.py
[2025-12-06T21:29:05.285+0000] {processor.py:830} INFO - Processing file /opt/airflow/dags/email_pipeline_dag.py for tasks to queue
[2025-12-06T21:29:05.286+0000] {logging_mixin.py:188} INFO - [2025-12-06T21:29:05.286+0000] {dagbag.py:538} INFO - Filling up the DagBag from /opt/airflow/dags/email_pipeline_dag.py
[2025-12-06T21:29:05.389+0000] {processor.py:840} INFO - DAG(s) 'email_pipeline_dag' retrieved from /opt/airflow/dags/email_pipeline_dag.py
[2025-12-06T21:29:05.429+0000] {logging_mixin.py:188} INFO - [2025-12-06T21:29:05.429+0000] {dag.py:3036} INFO - Sync 1 DAGs
[2025-12-06T21:29:05.451+0000] {logging_mixin.py:188} INFO - [2025-12-06T21:29:05.451+0000] {dag.py:3823} INFO - Setting next_dagrun for email_pipeline_dag to 2025-12-06 02:00:00+00:00, run_after=2025-12-07 02:00:00+00:00
[2025-12-06T21:29:05.488+0000] {processor.py:183} INFO - Processing /opt/airflow/dags/email_pipeline_dag.py took 0.210 seconds
[2025-12-06T21:29:35.931+0000] {processor.py:161} INFO - Started process (PID=437) to work on /opt/airflow/dags/email_pipeline_dag.py
[2025-12-06T21:29:35.932+0000] {processor.py:830} INFO - Processing file /opt/airflow/dags/email_pipeline_dag.py for tasks to queue
[2025-12-06T21:29:35.933+0000] {logging_mixin.py:188} INFO - [2025-12-06T21:29:35.933+0000] {dagbag.py:538} INFO - Filling up the DagBag from /opt/airflow/dags/email_pipeline_dag.py
[2025-12-06T21:29:35.970+0000] {processor.py:840} INFO - DAG(s) 'email_pipeline_dag' retrieved from /opt/airflow/dags/email_pipeline_dag.py
[2025-12-06T21:29:35.997+0000] {logging_mixin.py:188} INFO - [2025-12-06T21:29:35.997+0000] {dag.py:3036} INFO - Sync 1 DAGs
[2025-12-06T21:29:36.016+0000] {logging_mixin.py:188} INFO - [2025-12-06T21:29:36.016+0000] {dag.py:3823} INFO - Setting next_dagrun for email_pipeline_dag to 2025-12-06 02:00:00+00:00, run_after=2025-12-07 02:00:00+00:00
[2025-12-06T21:29:36.040+0000] {processor.py:183} INFO - Processing /opt/airflow/dags/email_pipeline_dag.py took 0.113 seconds
[2025-12-06T21:30:06.401+0000] {processor.py:161} INFO - Started process (PID=442) to work on /opt/airflow/dags/email_pipeline_dag.py
[2025-12-06T21:30:06.410+0000] {processor.py:830} INFO - Processing file /opt/airflow/dags/email_pipeline_dag.py for tasks to queue
[2025-12-06T21:30:06.421+0000] {logging_mixin.py:188} INFO - [2025-12-06T21:30:06.417+0000] {dagbag.py:538} INFO - Filling up the DagBag from /opt/airflow/dags/email_pipeline_dag.py
[2025-12-06T21:30:06.533+0000] {processor.py:840} INFO - DAG(s) 'email_pipeline_dag' retrieved from /opt/airflow/dags/email_pipeline_dag.py
[2025-12-06T21:30:06.780+0000] {logging_mixin.py:188} INFO - [2025-12-06T21:30:06.779+0000] {dag.py:3036} INFO - Sync 1 DAGs
[2025-12-06T21:30:06.858+0000] {logging_mixin.py:188} INFO - [2025-12-06T21:30:06.858+0000] {dag.py:3823} INFO - Setting next_dagrun for email_pipeline_dag to 2025-12-06 02:00:00+00:00, run_after=2025-12-07 02:00:00+00:00
[2025-12-06T21:30:06.935+0000] {processor.py:183} INFO - Processing /opt/airflow/dags/email_pipeline_dag.py took 0.553 seconds
[2025-12-06T21:30:37.579+0000] {processor.py:161} INFO - Started process (PID=447) to work on /opt/airflow/dags/email_pipeline_dag.py
[2025-12-06T21:30:37.585+0000] {processor.py:830} INFO - Processing file /opt/airflow/dags/email_pipeline_dag.py for tasks to queue
[2025-12-06T21:30:37.600+0000] {logging_mixin.py:188} INFO - [2025-12-06T21:30:37.592+0000] {dagbag.py:538} INFO - Filling up the DagBag from /opt/airflow/dags/email_pipeline_dag.py
[2025-12-06T21:30:37.824+0000] {processor.py:840} INFO - DAG(s) 'email_pipeline_dag' retrieved from /opt/airflow/dags/email_pipeline_dag.py
[2025-12-06T21:30:38.033+0000] {logging_mixin.py:188} INFO - [2025-12-06T21:30:38.033+0000] {dag.py:3036} INFO - Sync 1 DAGs
[2025-12-06T21:30:38.142+0000] {logging_mixin.py:188} INFO - [2025-12-06T21:30:38.141+0000] {dag.py:3823} INFO - Setting next_dagrun for email_pipeline_dag to 2025-12-06 02:00:00+00:00, run_after=2025-12-07 02:00:00+00:00
[2025-12-06T21:30:38.201+0000] {processor.py:183} INFO - Processing /opt/airflow/dags/email_pipeline_dag.py took 0.668 seconds
[2025-12-06T21:31:08.494+0000] {processor.py:161} INFO - Started process (PID=452) to work on /opt/airflow/dags/email_pipeline_dag.py
[2025-12-06T21:31:08.496+0000] {processor.py:830} INFO - Processing file /opt/airflow/dags/email_pipeline_dag.py for tasks to queue
[2025-12-06T21:31:08.498+0000] {logging_mixin.py:188} INFO - [2025-12-06T21:31:08.498+0000] {dagbag.py:538} INFO - Filling up the DagBag from /opt/airflow/dags/email_pipeline_dag.py
[2025-12-06T21:31:08.556+0000] {processor.py:840} INFO - DAG(s) 'email_pipeline_dag' retrieved from /opt/airflow/dags/email_pipeline_dag.py
[2025-12-06T21:31:08.607+0000] {logging_mixin.py:188} INFO - [2025-12-06T21:31:08.606+0000] {dag.py:3036} INFO - Sync 1 DAGs
[2025-12-06T21:31:08.641+0000] {logging_mixin.py:188} INFO - [2025-12-06T21:31:08.641+0000] {dag.py:3823} INFO - Setting next_dagrun for email_pipeline_dag to 2025-12-06 02:00:00+00:00, run_after=2025-12-07 02:00:00+00:00
[2025-12-06T21:31:08.673+0000] {processor.py:183} INFO - Processing /opt/airflow/dags/email_pipeline_dag.py took 0.191 seconds
[2025-12-06T21:31:39.364+0000] {processor.py:161} INFO - Started process (PID=457) to work on /opt/airflow/dags/email_pipeline_dag.py
[2025-12-06T21:31:39.366+0000] {processor.py:830} INFO - Processing file /opt/airflow/dags/email_pipeline_dag.py for tasks to queue
[2025-12-06T21:31:39.369+0000] {logging_mixin.py:188} INFO - [2025-12-06T21:31:39.368+0000] {dagbag.py:538} INFO - Filling up the DagBag from /opt/airflow/dags/email_pipeline_dag.py
[2025-12-06T21:31:39.411+0000] {processor.py:840} INFO - DAG(s) 'email_pipeline_dag' retrieved from /opt/airflow/dags/email_pipeline_dag.py
[2025-12-06T21:31:39.456+0000] {logging_mixin.py:188} INFO - [2025-12-06T21:31:39.456+0000] {dag.py:3036} INFO - Sync 1 DAGs
[2025-12-06T21:31:39.486+0000] {logging_mixin.py:188} INFO - [2025-12-06T21:31:39.486+0000] {dag.py:3823} INFO - Setting next_dagrun for email_pipeline_dag to 2025-12-06 02:00:00+00:00, run_after=2025-12-07 02:00:00+00:00
[2025-12-06T21:31:39.508+0000] {processor.py:183} INFO - Processing /opt/airflow/dags/email_pipeline_dag.py took 0.150 seconds
[2025-12-06T21:32:09.852+0000] {processor.py:161} INFO - Started process (PID=462) to work on /opt/airflow/dags/email_pipeline_dag.py
[2025-12-06T21:32:09.856+0000] {processor.py:830} INFO - Processing file /opt/airflow/dags/email_pipeline_dag.py for tasks to queue
[2025-12-06T21:32:09.858+0000] {logging_mixin.py:188} INFO - [2025-12-06T21:32:09.858+0000] {dagbag.py:538} INFO - Filling up the DagBag from /opt/airflow/dags/email_pipeline_dag.py
[2025-12-06T21:32:09.913+0000] {processor.py:840} INFO - DAG(s) 'email_pipeline_dag' retrieved from /opt/airflow/dags/email_pipeline_dag.py
[2025-12-06T21:32:09.947+0000] {logging_mixin.py:188} INFO - [2025-12-06T21:32:09.947+0000] {dag.py:3036} INFO - Sync 1 DAGs
[2025-12-06T21:32:09.970+0000] {logging_mixin.py:188} INFO - [2025-12-06T21:32:09.970+0000] {dag.py:3823} INFO - Setting next_dagrun for email_pipeline_dag to 2025-12-06 02:00:00+00:00, run_after=2025-12-07 02:00:00+00:00
[2025-12-06T21:32:09.993+0000] {processor.py:183} INFO - Processing /opt/airflow/dags/email_pipeline_dag.py took 0.150 seconds
[2025-12-06T21:32:40.435+0000] {processor.py:161} INFO - Started process (PID=467) to work on /opt/airflow/dags/email_pipeline_dag.py
[2025-12-06T21:32:40.439+0000] {processor.py:830} INFO - Processing file /opt/airflow/dags/email_pipeline_dag.py for tasks to queue
[2025-12-06T21:32:40.442+0000] {logging_mixin.py:188} INFO - [2025-12-06T21:32:40.441+0000] {dagbag.py:538} INFO - Filling up the DagBag from /opt/airflow/dags/email_pipeline_dag.py
[2025-12-06T21:32:40.501+0000] {processor.py:840} INFO - DAG(s) 'email_pipeline_dag' retrieved from /opt/airflow/dags/email_pipeline_dag.py
[2025-12-06T21:32:40.541+0000] {logging_mixin.py:188} INFO - [2025-12-06T21:32:40.540+0000] {dag.py:3036} INFO - Sync 1 DAGs
[2025-12-06T21:32:40.571+0000] {logging_mixin.py:188} INFO - [2025-12-06T21:32:40.571+0000] {dag.py:3823} INFO - Setting next_dagrun for email_pipeline_dag to 2025-12-06 02:00:00+00:00, run_after=2025-12-07 02:00:00+00:00
[2025-12-06T21:32:40.604+0000] {processor.py:183} INFO - Processing /opt/airflow/dags/email_pipeline_dag.py took 0.174 seconds
[2025-12-06T21:33:11.087+0000] {processor.py:161} INFO - Started process (PID=472) to work on /opt/airflow/dags/email_pipeline_dag.py
[2025-12-06T21:33:11.089+0000] {processor.py:830} INFO - Processing file /opt/airflow/dags/email_pipeline_dag.py for tasks to queue
[2025-12-06T21:33:11.091+0000] {logging_mixin.py:188} INFO - [2025-12-06T21:33:11.091+0000] {dagbag.py:538} INFO - Filling up the DagBag from /opt/airflow/dags/email_pipeline_dag.py
[2025-12-06T21:33:11.133+0000] {processor.py:840} INFO - DAG(s) 'email_pipeline_dag' retrieved from /opt/airflow/dags/email_pipeline_dag.py
[2025-12-06T21:33:11.173+0000] {logging_mixin.py:188} INFO - [2025-12-06T21:33:11.173+0000] {dag.py:3036} INFO - Sync 1 DAGs
[2025-12-06T21:33:11.199+0000] {logging_mixin.py:188} INFO - [2025-12-06T21:33:11.199+0000] {dag.py:3823} INFO - Setting next_dagrun for email_pipeline_dag to 2025-12-06 02:00:00+00:00, run_after=2025-12-07 02:00:00+00:00
[2025-12-06T21:33:11.225+0000] {processor.py:183} INFO - Processing /opt/airflow/dags/email_pipeline_dag.py took 0.142 seconds
[2025-12-06T21:33:41.703+0000] {processor.py:161} INFO - Started process (PID=477) to work on /opt/airflow/dags/email_pipeline_dag.py
[2025-12-06T21:33:41.706+0000] {processor.py:830} INFO - Processing file /opt/airflow/dags/email_pipeline_dag.py for tasks to queue
[2025-12-06T21:33:41.708+0000] {logging_mixin.py:188} INFO - [2025-12-06T21:33:41.708+0000] {dagbag.py:538} INFO - Filling up the DagBag from /opt/airflow/dags/email_pipeline_dag.py
[2025-12-06T21:33:41.771+0000] {processor.py:840} INFO - DAG(s) 'email_pipeline_dag' retrieved from /opt/airflow/dags/email_pipeline_dag.py
[2025-12-06T21:33:41.868+0000] {logging_mixin.py:188} INFO - [2025-12-06T21:33:41.868+0000] {dag.py:3036} INFO - Sync 1 DAGs
[2025-12-06T21:33:41.894+0000] {logging_mixin.py:188} INFO - [2025-12-06T21:33:41.893+0000] {dag.py:3823} INFO - Setting next_dagrun for email_pipeline_dag to 2025-12-06 02:00:00+00:00, run_after=2025-12-07 02:00:00+00:00
[2025-12-06T21:33:41.919+0000] {processor.py:183} INFO - Processing /opt/airflow/dags/email_pipeline_dag.py took 0.222 seconds
[2025-12-06T21:34:12.082+0000] {processor.py:161} INFO - Started process (PID=482) to work on /opt/airflow/dags/email_pipeline_dag.py
[2025-12-06T21:34:12.085+0000] {processor.py:830} INFO - Processing file /opt/airflow/dags/email_pipeline_dag.py for tasks to queue
[2025-12-06T21:34:12.088+0000] {logging_mixin.py:188} INFO - [2025-12-06T21:34:12.087+0000] {dagbag.py:538} INFO - Filling up the DagBag from /opt/airflow/dags/email_pipeline_dag.py
[2025-12-06T21:34:12.187+0000] {processor.py:840} INFO - DAG(s) 'email_pipeline_dag' retrieved from /opt/airflow/dags/email_pipeline_dag.py
[2025-12-06T21:34:12.415+0000] {logging_mixin.py:188} INFO - [2025-12-06T21:34:12.415+0000] {dag.py:3036} INFO - Sync 1 DAGs
[2025-12-06T21:34:12.442+0000] {logging_mixin.py:188} INFO - [2025-12-06T21:34:12.442+0000] {dag.py:3823} INFO - Setting next_dagrun for email_pipeline_dag to 2025-12-06 02:00:00+00:00, run_after=2025-12-07 02:00:00+00:00
[2025-12-06T21:34:12.469+0000] {processor.py:183} INFO - Processing /opt/airflow/dags/email_pipeline_dag.py took 0.397 seconds
[2025-12-06T21:34:42.965+0000] {processor.py:161} INFO - Started process (PID=487) to work on /opt/airflow/dags/email_pipeline_dag.py
[2025-12-06T21:34:42.968+0000] {processor.py:830} INFO - Processing file /opt/airflow/dags/email_pipeline_dag.py for tasks to queue
[2025-12-06T21:34:42.970+0000] {logging_mixin.py:188} INFO - [2025-12-06T21:34:42.970+0000] {dagbag.py:538} INFO - Filling up the DagBag from /opt/airflow/dags/email_pipeline_dag.py
[2025-12-06T21:34:43.011+0000] {processor.py:840} INFO - DAG(s) 'email_pipeline_dag' retrieved from /opt/airflow/dags/email_pipeline_dag.py
[2025-12-06T21:34:43.042+0000] {logging_mixin.py:188} INFO - [2025-12-06T21:34:43.041+0000] {dag.py:3036} INFO - Sync 1 DAGs
[2025-12-06T21:34:43.063+0000] {logging_mixin.py:188} INFO - [2025-12-06T21:34:43.063+0000] {dag.py:3823} INFO - Setting next_dagrun for email_pipeline_dag to 2025-12-06 02:00:00+00:00, run_after=2025-12-07 02:00:00+00:00
[2025-12-06T21:34:43.090+0000] {processor.py:183} INFO - Processing /opt/airflow/dags/email_pipeline_dag.py took 0.128 seconds
[2025-12-06T21:35:13.374+0000] {processor.py:161} INFO - Started process (PID=492) to work on /opt/airflow/dags/email_pipeline_dag.py
[2025-12-06T21:35:13.377+0000] {processor.py:830} INFO - Processing file /opt/airflow/dags/email_pipeline_dag.py for tasks to queue
[2025-12-06T21:35:13.381+0000] {logging_mixin.py:188} INFO - [2025-12-06T21:35:13.378+0000] {dagbag.py:538} INFO - Filling up the DagBag from /opt/airflow/dags/email_pipeline_dag.py
[2025-12-06T21:35:13.466+0000] {processor.py:840} INFO - DAG(s) 'email_pipeline_dag' retrieved from /opt/airflow/dags/email_pipeline_dag.py
[2025-12-06T21:35:13.689+0000] {logging_mixin.py:188} INFO - [2025-12-06T21:35:13.688+0000] {dag.py:3036} INFO - Sync 1 DAGs
[2025-12-06T21:35:13.736+0000] {logging_mixin.py:188} INFO - [2025-12-06T21:35:13.736+0000] {dag.py:3823} INFO - Setting next_dagrun for email_pipeline_dag to 2025-12-06 02:00:00+00:00, run_after=2025-12-07 02:00:00+00:00
[2025-12-06T21:35:13.805+0000] {processor.py:183} INFO - Processing /opt/airflow/dags/email_pipeline_dag.py took 0.449 seconds
[2025-12-06T21:35:44.088+0000] {processor.py:161} INFO - Started process (PID=508) to work on /opt/airflow/dags/email_pipeline_dag.py
[2025-12-06T21:35:44.092+0000] {processor.py:830} INFO - Processing file /opt/airflow/dags/email_pipeline_dag.py for tasks to queue
[2025-12-06T21:35:44.095+0000] {logging_mixin.py:188} INFO - [2025-12-06T21:35:44.094+0000] {dagbag.py:538} INFO - Filling up the DagBag from /opt/airflow/dags/email_pipeline_dag.py
[2025-12-06T21:35:44.155+0000] {processor.py:840} INFO - DAG(s) 'email_pipeline_dag' retrieved from /opt/airflow/dags/email_pipeline_dag.py
[2025-12-06T21:35:44.233+0000] {logging_mixin.py:188} INFO - [2025-12-06T21:35:44.232+0000] {dag.py:3036} INFO - Sync 1 DAGs
[2025-12-06T21:35:44.285+0000] {logging_mixin.py:188} INFO - [2025-12-06T21:35:44.285+0000] {dag.py:3823} INFO - Setting next_dagrun for email_pipeline_dag to 2025-12-06 02:00:00+00:00, run_after=2025-12-07 02:00:00+00:00
[2025-12-06T21:35:44.331+0000] {processor.py:183} INFO - Processing /opt/airflow/dags/email_pipeline_dag.py took 0.262 seconds
[2025-12-06T21:36:14.916+0000] {processor.py:161} INFO - Started process (PID=513) to work on /opt/airflow/dags/email_pipeline_dag.py
[2025-12-06T21:36:14.918+0000] {processor.py:830} INFO - Processing file /opt/airflow/dags/email_pipeline_dag.py for tasks to queue
[2025-12-06T21:36:14.920+0000] {logging_mixin.py:188} INFO - [2025-12-06T21:36:14.920+0000] {dagbag.py:538} INFO - Filling up the DagBag from /opt/airflow/dags/email_pipeline_dag.py
[2025-12-06T21:36:14.966+0000] {processor.py:840} INFO - DAG(s) 'email_pipeline_dag' retrieved from /opt/airflow/dags/email_pipeline_dag.py
[2025-12-06T21:36:15.001+0000] {logging_mixin.py:188} INFO - [2025-12-06T21:36:15.000+0000] {dag.py:3036} INFO - Sync 1 DAGs
[2025-12-06T21:36:15.024+0000] {logging_mixin.py:188} INFO - [2025-12-06T21:36:15.024+0000] {dag.py:3823} INFO - Setting next_dagrun for email_pipeline_dag to 2025-12-06 02:00:00+00:00, run_after=2025-12-07 02:00:00+00:00
[2025-12-06T21:36:15.052+0000] {processor.py:183} INFO - Processing /opt/airflow/dags/email_pipeline_dag.py took 0.140 seconds
[2025-12-06T21:36:33.229+0000] {processor.py:161} INFO - Started process (PID=518) to work on /opt/airflow/dags/email_pipeline_dag.py
[2025-12-06T21:36:33.234+0000] {processor.py:830} INFO - Processing file /opt/airflow/dags/email_pipeline_dag.py for tasks to queue
[2025-12-06T21:36:33.236+0000] {logging_mixin.py:188} INFO - [2025-12-06T21:36:33.236+0000] {dagbag.py:538} INFO - Filling up the DagBag from /opt/airflow/dags/email_pipeline_dag.py
[2025-12-06T21:36:33.389+0000] {processor.py:840} INFO - DAG(s) 'email_pipeline_dag' retrieved from /opt/airflow/dags/email_pipeline_dag.py
[2025-12-06T21:36:33.437+0000] {logging_mixin.py:188} INFO - [2025-12-06T21:36:33.436+0000] {dag.py:3036} INFO - Sync 1 DAGs
[2025-12-06T21:36:33.475+0000] {logging_mixin.py:188} INFO - [2025-12-06T21:36:33.474+0000] {dag.py:3823} INFO - Setting next_dagrun for email_pipeline_dag to 2025-12-06 02:00:00+00:00, run_after=2025-12-07 02:00:00+00:00
[2025-12-06T21:36:33.531+0000] {processor.py:183} INFO - Processing /opt/airflow/dags/email_pipeline_dag.py took 0.311 seconds
[2025-12-06T21:36:33.673+0000] {processor.py:161} INFO - Started process (PID=523) to work on /opt/airflow/dags/email_pipeline_dag.py
[2025-12-06T21:36:33.678+0000] {processor.py:830} INFO - Processing file /opt/airflow/dags/email_pipeline_dag.py for tasks to queue
[2025-12-06T21:36:33.684+0000] {logging_mixin.py:188} INFO - [2025-12-06T21:36:33.682+0000] {dagbag.py:538} INFO - Filling up the DagBag from /opt/airflow/dags/email_pipeline_dag.py
[2025-12-06T21:36:33.802+0000] {processor.py:840} INFO - DAG(s) 'email_pipeline_dag' retrieved from /opt/airflow/dags/email_pipeline_dag.py
[2025-12-06T21:36:33.870+0000] {logging_mixin.py:188} INFO - [2025-12-06T21:36:33.870+0000] {dag.py:3036} INFO - Sync 1 DAGs
[2025-12-06T21:36:33.903+0000] {logging_mixin.py:188} INFO - [2025-12-06T21:36:33.903+0000] {dag.py:3823} INFO - Setting next_dagrun for email_pipeline_dag to 2025-12-06 02:00:00+00:00, run_after=2025-12-07 02:00:00+00:00
[2025-12-06T21:36:33.942+0000] {processor.py:183} INFO - Processing /opt/airflow/dags/email_pipeline_dag.py took 0.277 seconds
[2025-12-06T21:36:34.018+0000] {processor.py:161} INFO - Started process (PID=528) to work on /opt/airflow/dags/email_pipeline_dag.py
[2025-12-06T21:36:34.019+0000] {processor.py:830} INFO - Processing file /opt/airflow/dags/email_pipeline_dag.py for tasks to queue
[2025-12-06T21:36:34.021+0000] {logging_mixin.py:188} INFO - [2025-12-06T21:36:34.020+0000] {dagbag.py:538} INFO - Filling up the DagBag from /opt/airflow/dags/email_pipeline_dag.py
[2025-12-06T21:36:34.071+0000] {processor.py:840} INFO - DAG(s) 'email_pipeline_dag' retrieved from /opt/airflow/dags/email_pipeline_dag.py
[2025-12-06T21:36:34.110+0000] {logging_mixin.py:188} INFO - [2025-12-06T21:36:34.109+0000] {dag.py:3036} INFO - Sync 1 DAGs
[2025-12-06T21:36:34.138+0000] {logging_mixin.py:188} INFO - [2025-12-06T21:36:34.138+0000] {dag.py:3823} INFO - Setting next_dagrun for email_pipeline_dag to 2025-12-06 02:00:00+00:00, run_after=2025-12-07 02:00:00+00:00
[2025-12-06T21:36:34.220+0000] {processor.py:183} INFO - Processing /opt/airflow/dags/email_pipeline_dag.py took 0.207 seconds
[2025-12-06T21:37:04.425+0000] {processor.py:161} INFO - Started process (PID=533) to work on /opt/airflow/dags/email_pipeline_dag.py
[2025-12-06T21:37:04.429+0000] {processor.py:830} INFO - Processing file /opt/airflow/dags/email_pipeline_dag.py for tasks to queue
[2025-12-06T21:37:04.431+0000] {logging_mixin.py:188} INFO - [2025-12-06T21:37:04.430+0000] {dagbag.py:538} INFO - Filling up the DagBag from /opt/airflow/dags/email_pipeline_dag.py
[2025-12-06T21:37:04.486+0000] {processor.py:840} INFO - DAG(s) 'email_pipeline_dag' retrieved from /opt/airflow/dags/email_pipeline_dag.py
[2025-12-06T21:37:04.579+0000] {logging_mixin.py:188} INFO - [2025-12-06T21:37:04.578+0000] {dag.py:3036} INFO - Sync 1 DAGs
[2025-12-06T21:37:04.612+0000] {logging_mixin.py:188} INFO - [2025-12-06T21:37:04.612+0000] {dag.py:3823} INFO - Setting next_dagrun for email_pipeline_dag to 2025-12-06 02:00:00+00:00, run_after=2025-12-07 02:00:00+00:00
[2025-12-06T21:37:04.656+0000] {processor.py:183} INFO - Processing /opt/airflow/dags/email_pipeline_dag.py took 0.244 seconds
[2025-12-06T21:37:34.920+0000] {processor.py:161} INFO - Started process (PID=538) to work on /opt/airflow/dags/email_pipeline_dag.py
[2025-12-06T21:37:34.924+0000] {processor.py:830} INFO - Processing file /opt/airflow/dags/email_pipeline_dag.py for tasks to queue
[2025-12-06T21:37:34.926+0000] {logging_mixin.py:188} INFO - [2025-12-06T21:37:34.925+0000] {dagbag.py:538} INFO - Filling up the DagBag from /opt/airflow/dags/email_pipeline_dag.py
[2025-12-06T21:37:34.975+0000] {processor.py:840} INFO - DAG(s) 'email_pipeline_dag' retrieved from /opt/airflow/dags/email_pipeline_dag.py
[2025-12-06T21:37:35.017+0000] {logging_mixin.py:188} INFO - [2025-12-06T21:37:35.016+0000] {dag.py:3036} INFO - Sync 1 DAGs
[2025-12-06T21:37:35.049+0000] {logging_mixin.py:188} INFO - [2025-12-06T21:37:35.049+0000] {dag.py:3823} INFO - Setting next_dagrun for email_pipeline_dag to 2025-12-06 02:00:00+00:00, run_after=2025-12-07 02:00:00+00:00
[2025-12-06T21:37:35.074+0000] {processor.py:183} INFO - Processing /opt/airflow/dags/email_pipeline_dag.py took 0.160 seconds
[2025-12-06T21:38:05.419+0000] {processor.py:161} INFO - Started process (PID=543) to work on /opt/airflow/dags/email_pipeline_dag.py
[2025-12-06T21:38:05.421+0000] {processor.py:830} INFO - Processing file /opt/airflow/dags/email_pipeline_dag.py for tasks to queue
[2025-12-06T21:38:05.424+0000] {logging_mixin.py:188} INFO - [2025-12-06T21:38:05.423+0000] {dagbag.py:538} INFO - Filling up the DagBag from /opt/airflow/dags/email_pipeline_dag.py
[2025-12-06T21:38:05.469+0000] {processor.py:840} INFO - DAG(s) 'email_pipeline_dag' retrieved from /opt/airflow/dags/email_pipeline_dag.py
[2025-12-06T21:38:05.500+0000] {logging_mixin.py:188} INFO - [2025-12-06T21:38:05.500+0000] {dag.py:3036} INFO - Sync 1 DAGs
[2025-12-06T21:38:05.528+0000] {logging_mixin.py:188} INFO - [2025-12-06T21:38:05.528+0000] {dag.py:3823} INFO - Setting next_dagrun for email_pipeline_dag to 2025-12-06 02:00:00+00:00, run_after=2025-12-07 02:00:00+00:00
[2025-12-06T21:38:05.557+0000] {processor.py:183} INFO - Processing /opt/airflow/dags/email_pipeline_dag.py took 0.142 seconds
[2025-12-06T21:38:35.746+0000] {processor.py:161} INFO - Started process (PID=548) to work on /opt/airflow/dags/email_pipeline_dag.py
[2025-12-06T21:38:35.748+0000] {processor.py:830} INFO - Processing file /opt/airflow/dags/email_pipeline_dag.py for tasks to queue
[2025-12-06T21:38:35.750+0000] {logging_mixin.py:188} INFO - [2025-12-06T21:38:35.749+0000] {dagbag.py:538} INFO - Filling up the DagBag from /opt/airflow/dags/email_pipeline_dag.py
[2025-12-06T21:38:35.795+0000] {processor.py:840} INFO - DAG(s) 'email_pipeline_dag' retrieved from /opt/airflow/dags/email_pipeline_dag.py
[2025-12-06T21:38:35.839+0000] {logging_mixin.py:188} INFO - [2025-12-06T21:38:35.838+0000] {dag.py:3036} INFO - Sync 1 DAGs
[2025-12-06T21:38:35.866+0000] {logging_mixin.py:188} INFO - [2025-12-06T21:38:35.866+0000] {dag.py:3823} INFO - Setting next_dagrun for email_pipeline_dag to 2025-12-06 02:00:00+00:00, run_after=2025-12-07 02:00:00+00:00
[2025-12-06T21:38:35.962+0000] {processor.py:183} INFO - Processing /opt/airflow/dags/email_pipeline_dag.py took 0.220 seconds
[2025-12-06T21:39:06.160+0000] {processor.py:161} INFO - Started process (PID=553) to work on /opt/airflow/dags/email_pipeline_dag.py
[2025-12-06T21:39:06.162+0000] {processor.py:830} INFO - Processing file /opt/airflow/dags/email_pipeline_dag.py for tasks to queue
[2025-12-06T21:39:06.164+0000] {logging_mixin.py:188} INFO - [2025-12-06T21:39:06.164+0000] {dagbag.py:538} INFO - Filling up the DagBag from /opt/airflow/dags/email_pipeline_dag.py
[2025-12-06T21:39:06.207+0000] {processor.py:840} INFO - DAG(s) 'email_pipeline_dag' retrieved from /opt/airflow/dags/email_pipeline_dag.py
[2025-12-06T21:39:06.240+0000] {logging_mixin.py:188} INFO - [2025-12-06T21:39:06.240+0000] {dag.py:3036} INFO - Sync 1 DAGs
[2025-12-06T21:39:06.264+0000] {logging_mixin.py:188} INFO - [2025-12-06T21:39:06.264+0000] {dag.py:3823} INFO - Setting next_dagrun for email_pipeline_dag to 2025-12-06 02:00:00+00:00, run_after=2025-12-07 02:00:00+00:00
[2025-12-06T21:39:06.304+0000] {processor.py:183} INFO - Processing /opt/airflow/dags/email_pipeline_dag.py took 0.148 seconds
[2025-12-06T21:39:36.445+0000] {processor.py:161} INFO - Started process (PID=558) to work on /opt/airflow/dags/email_pipeline_dag.py
[2025-12-06T21:39:36.447+0000] {processor.py:830} INFO - Processing file /opt/airflow/dags/email_pipeline_dag.py for tasks to queue
[2025-12-06T21:39:36.449+0000] {logging_mixin.py:188} INFO - [2025-12-06T21:39:36.449+0000] {dagbag.py:538} INFO - Filling up the DagBag from /opt/airflow/dags/email_pipeline_dag.py
[2025-12-06T21:39:36.494+0000] {processor.py:840} INFO - DAG(s) 'email_pipeline_dag' retrieved from /opt/airflow/dags/email_pipeline_dag.py
[2025-12-06T21:39:36.526+0000] {logging_mixin.py:188} INFO - [2025-12-06T21:39:36.526+0000] {dag.py:3036} INFO - Sync 1 DAGs
[2025-12-06T21:39:36.553+0000] {logging_mixin.py:188} INFO - [2025-12-06T21:39:36.553+0000] {dag.py:3823} INFO - Setting next_dagrun for email_pipeline_dag to 2025-12-06 02:00:00+00:00, run_after=2025-12-07 02:00:00+00:00
[2025-12-06T21:39:36.638+0000] {processor.py:183} INFO - Processing /opt/airflow/dags/email_pipeline_dag.py took 0.199 seconds
[2025-12-06T21:40:06.886+0000] {processor.py:161} INFO - Started process (PID=563) to work on /opt/airflow/dags/email_pipeline_dag.py
[2025-12-06T21:40:06.890+0000] {processor.py:830} INFO - Processing file /opt/airflow/dags/email_pipeline_dag.py for tasks to queue
[2025-12-06T21:40:06.894+0000] {logging_mixin.py:188} INFO - [2025-12-06T21:40:06.893+0000] {dagbag.py:538} INFO - Filling up the DagBag from /opt/airflow/dags/email_pipeline_dag.py
[2025-12-06T21:40:06.949+0000] {processor.py:840} INFO - DAG(s) 'email_pipeline_dag' retrieved from /opt/airflow/dags/email_pipeline_dag.py
[2025-12-06T21:40:07.057+0000] {logging_mixin.py:188} INFO - [2025-12-06T21:40:07.056+0000] {dag.py:3036} INFO - Sync 1 DAGs
[2025-12-06T21:40:07.138+0000] {logging_mixin.py:188} INFO - [2025-12-06T21:40:07.137+0000] {dag.py:3823} INFO - Setting next_dagrun for email_pipeline_dag to 2025-12-06 02:00:00+00:00, run_after=2025-12-07 02:00:00+00:00
[2025-12-06T21:40:07.183+0000] {processor.py:183} INFO - Processing /opt/airflow/dags/email_pipeline_dag.py took 0.308 seconds
[2025-12-06T21:40:37.434+0000] {processor.py:161} INFO - Started process (PID=568) to work on /opt/airflow/dags/email_pipeline_dag.py
[2025-12-06T21:40:37.437+0000] {processor.py:830} INFO - Processing file /opt/airflow/dags/email_pipeline_dag.py for tasks to queue
[2025-12-06T21:40:37.441+0000] {logging_mixin.py:188} INFO - [2025-12-06T21:40:37.438+0000] {dagbag.py:538} INFO - Filling up the DagBag from /opt/airflow/dags/email_pipeline_dag.py
[2025-12-06T21:40:37.490+0000] {processor.py:840} INFO - DAG(s) 'email_pipeline_dag' retrieved from /opt/airflow/dags/email_pipeline_dag.py
[2025-12-06T21:40:37.584+0000] {logging_mixin.py:188} INFO - [2025-12-06T21:40:37.583+0000] {dag.py:3036} INFO - Sync 1 DAGs
[2025-12-06T21:40:37.609+0000] {logging_mixin.py:188} INFO - [2025-12-06T21:40:37.608+0000] {dag.py:3823} INFO - Setting next_dagrun for email_pipeline_dag to 2025-12-06 02:00:00+00:00, run_after=2025-12-07 02:00:00+00:00
[2025-12-06T21:40:37.647+0000] {processor.py:183} INFO - Processing /opt/airflow/dags/email_pipeline_dag.py took 0.222 seconds
[2025-12-06T21:41:07.907+0000] {processor.py:161} INFO - Started process (PID=573) to work on /opt/airflow/dags/email_pipeline_dag.py
[2025-12-06T21:41:07.911+0000] {processor.py:830} INFO - Processing file /opt/airflow/dags/email_pipeline_dag.py for tasks to queue
[2025-12-06T21:41:07.917+0000] {logging_mixin.py:188} INFO - [2025-12-06T21:41:07.916+0000] {dagbag.py:538} INFO - Filling up the DagBag from /opt/airflow/dags/email_pipeline_dag.py
[2025-12-06T21:41:08.014+0000] {processor.py:840} INFO - DAG(s) 'email_pipeline_dag' retrieved from /opt/airflow/dags/email_pipeline_dag.py
[2025-12-06T21:41:08.088+0000] {logging_mixin.py:188} INFO - [2025-12-06T21:41:08.088+0000] {dag.py:3036} INFO - Sync 1 DAGs
[2025-12-06T21:41:08.148+0000] {logging_mixin.py:188} INFO - [2025-12-06T21:41:08.148+0000] {dag.py:3823} INFO - Setting next_dagrun for email_pipeline_dag to 2025-12-06 02:00:00+00:00, run_after=2025-12-07 02:00:00+00:00
[2025-12-06T21:41:08.189+0000] {processor.py:183} INFO - Processing /opt/airflow/dags/email_pipeline_dag.py took 0.291 seconds
[2025-12-06T21:41:38.361+0000] {processor.py:161} INFO - Started process (PID=578) to work on /opt/airflow/dags/email_pipeline_dag.py
[2025-12-06T21:41:38.363+0000] {processor.py:830} INFO - Processing file /opt/airflow/dags/email_pipeline_dag.py for tasks to queue
[2025-12-06T21:41:38.366+0000] {logging_mixin.py:188} INFO - [2025-12-06T21:41:38.365+0000] {dagbag.py:538} INFO - Filling up the DagBag from /opt/airflow/dags/email_pipeline_dag.py
[2025-12-06T21:41:38.410+0000] {processor.py:840} INFO - DAG(s) 'email_pipeline_dag' retrieved from /opt/airflow/dags/email_pipeline_dag.py
[2025-12-06T21:41:38.444+0000] {logging_mixin.py:188} INFO - [2025-12-06T21:41:38.444+0000] {dag.py:3036} INFO - Sync 1 DAGs
[2025-12-06T21:41:38.473+0000] {logging_mixin.py:188} INFO - [2025-12-06T21:41:38.473+0000] {dag.py:3823} INFO - Setting next_dagrun for email_pipeline_dag to 2025-12-06 02:00:00+00:00, run_after=2025-12-07 02:00:00+00:00
[2025-12-06T21:41:38.501+0000] {processor.py:183} INFO - Processing /opt/airflow/dags/email_pipeline_dag.py took 0.148 seconds
[2025-12-06T21:42:08.617+0000] {processor.py:161} INFO - Started process (PID=583) to work on /opt/airflow/dags/email_pipeline_dag.py
[2025-12-06T21:42:08.619+0000] {processor.py:830} INFO - Processing file /opt/airflow/dags/email_pipeline_dag.py for tasks to queue
[2025-12-06T21:42:08.621+0000] {logging_mixin.py:188} INFO - [2025-12-06T21:42:08.621+0000] {dagbag.py:538} INFO - Filling up the DagBag from /opt/airflow/dags/email_pipeline_dag.py
[2025-12-06T21:42:08.670+0000] {processor.py:840} INFO - DAG(s) 'email_pipeline_dag' retrieved from /opt/airflow/dags/email_pipeline_dag.py
[2025-12-06T21:42:08.702+0000] {logging_mixin.py:188} INFO - [2025-12-06T21:42:08.702+0000] {dag.py:3036} INFO - Sync 1 DAGs
[2025-12-06T21:42:08.735+0000] {logging_mixin.py:188} INFO - [2025-12-06T21:42:08.735+0000] {dag.py:3823} INFO - Setting next_dagrun for email_pipeline_dag to 2025-12-06 02:00:00+00:00, run_after=2025-12-07 02:00:00+00:00
[2025-12-06T21:42:08.760+0000] {processor.py:183} INFO - Processing /opt/airflow/dags/email_pipeline_dag.py took 0.147 seconds
[2025-12-06T21:42:38.943+0000] {processor.py:161} INFO - Started process (PID=588) to work on /opt/airflow/dags/email_pipeline_dag.py
[2025-12-06T21:42:38.945+0000] {processor.py:830} INFO - Processing file /opt/airflow/dags/email_pipeline_dag.py for tasks to queue
[2025-12-06T21:42:38.946+0000] {logging_mixin.py:188} INFO - [2025-12-06T21:42:38.946+0000] {dagbag.py:538} INFO - Filling up the DagBag from /opt/airflow/dags/email_pipeline_dag.py
[2025-12-06T21:42:38.986+0000] {processor.py:840} INFO - DAG(s) 'email_pipeline_dag' retrieved from /opt/airflow/dags/email_pipeline_dag.py
[2025-12-06T21:42:39.024+0000] {logging_mixin.py:188} INFO - [2025-12-06T21:42:39.024+0000] {dag.py:3036} INFO - Sync 1 DAGs
[2025-12-06T21:42:39.052+0000] {logging_mixin.py:188} INFO - [2025-12-06T21:42:39.052+0000] {dag.py:3823} INFO - Setting next_dagrun for email_pipeline_dag to 2025-12-06 02:00:00+00:00, run_after=2025-12-07 02:00:00+00:00
[2025-12-06T21:42:39.078+0000] {processor.py:183} INFO - Processing /opt/airflow/dags/email_pipeline_dag.py took 0.138 seconds
[2025-12-06T21:43:09.246+0000] {processor.py:161} INFO - Started process (PID=593) to work on /opt/airflow/dags/email_pipeline_dag.py
[2025-12-06T21:43:09.248+0000] {processor.py:830} INFO - Processing file /opt/airflow/dags/email_pipeline_dag.py for tasks to queue
[2025-12-06T21:43:09.249+0000] {logging_mixin.py:188} INFO - [2025-12-06T21:43:09.249+0000] {dagbag.py:538} INFO - Filling up the DagBag from /opt/airflow/dags/email_pipeline_dag.py
[2025-12-06T21:43:09.296+0000] {processor.py:840} INFO - DAG(s) 'email_pipeline_dag' retrieved from /opt/airflow/dags/email_pipeline_dag.py
[2025-12-06T21:43:09.337+0000] {logging_mixin.py:188} INFO - [2025-12-06T21:43:09.336+0000] {dag.py:3036} INFO - Sync 1 DAGs
[2025-12-06T21:43:09.363+0000] {logging_mixin.py:188} INFO - [2025-12-06T21:43:09.362+0000] {dag.py:3823} INFO - Setting next_dagrun for email_pipeline_dag to 2025-12-06 02:00:00+00:00, run_after=2025-12-07 02:00:00+00:00
[2025-12-06T21:43:09.392+0000] {processor.py:183} INFO - Processing /opt/airflow/dags/email_pipeline_dag.py took 0.151 seconds
[2025-12-06T21:43:39.647+0000] {processor.py:161} INFO - Started process (PID=598) to work on /opt/airflow/dags/email_pipeline_dag.py
[2025-12-06T21:43:39.649+0000] {processor.py:830} INFO - Processing file /opt/airflow/dags/email_pipeline_dag.py for tasks to queue
[2025-12-06T21:43:39.652+0000] {logging_mixin.py:188} INFO - [2025-12-06T21:43:39.651+0000] {dagbag.py:538} INFO - Filling up the DagBag from /opt/airflow/dags/email_pipeline_dag.py
[2025-12-06T21:43:39.707+0000] {processor.py:840} INFO - DAG(s) 'email_pipeline_dag' retrieved from /opt/airflow/dags/email_pipeline_dag.py
[2025-12-06T21:43:39.754+0000] {logging_mixin.py:188} INFO - [2025-12-06T21:43:39.754+0000] {dag.py:3036} INFO - Sync 1 DAGs
[2025-12-06T21:43:39.783+0000] {logging_mixin.py:188} INFO - [2025-12-06T21:43:39.782+0000] {dag.py:3823} INFO - Setting next_dagrun for email_pipeline_dag to 2025-12-06 02:00:00+00:00, run_after=2025-12-07 02:00:00+00:00
[2025-12-06T21:43:39.854+0000] {processor.py:183} INFO - Processing /opt/airflow/dags/email_pipeline_dag.py took 0.213 seconds
[2025-12-06T21:44:10.025+0000] {processor.py:161} INFO - Started process (PID=603) to work on /opt/airflow/dags/email_pipeline_dag.py
[2025-12-06T21:44:10.027+0000] {processor.py:830} INFO - Processing file /opt/airflow/dags/email_pipeline_dag.py for tasks to queue
[2025-12-06T21:44:10.029+0000] {logging_mixin.py:188} INFO - [2025-12-06T21:44:10.029+0000] {dagbag.py:538} INFO - Filling up the DagBag from /opt/airflow/dags/email_pipeline_dag.py
[2025-12-06T21:44:10.094+0000] {processor.py:840} INFO - DAG(s) 'email_pipeline_dag' retrieved from /opt/airflow/dags/email_pipeline_dag.py
[2025-12-06T21:44:10.213+0000] {logging_mixin.py:188} INFO - [2025-12-06T21:44:10.213+0000] {dag.py:3036} INFO - Sync 1 DAGs
[2025-12-06T21:44:10.252+0000] {logging_mixin.py:188} INFO - [2025-12-06T21:44:10.251+0000] {dag.py:3823} INFO - Setting next_dagrun for email_pipeline_dag to 2025-12-06 02:00:00+00:00, run_after=2025-12-07 02:00:00+00:00
[2025-12-06T21:44:10.280+0000] {processor.py:183} INFO - Processing /opt/airflow/dags/email_pipeline_dag.py took 0.260 seconds
[2025-12-06T21:44:40.650+0000] {processor.py:161} INFO - Started process (PID=608) to work on /opt/airflow/dags/email_pipeline_dag.py
[2025-12-06T21:44:40.654+0000] {processor.py:830} INFO - Processing file /opt/airflow/dags/email_pipeline_dag.py for tasks to queue
[2025-12-06T21:44:40.656+0000] {logging_mixin.py:188} INFO - [2025-12-06T21:44:40.655+0000] {dagbag.py:538} INFO - Filling up the DagBag from /opt/airflow/dags/email_pipeline_dag.py
[2025-12-06T21:44:40.732+0000] {processor.py:840} INFO - DAG(s) 'email_pipeline_dag' retrieved from /opt/airflow/dags/email_pipeline_dag.py
[2025-12-06T21:44:40.776+0000] {logging_mixin.py:188} INFO - [2025-12-06T21:44:40.776+0000] {dag.py:3036} INFO - Sync 1 DAGs
[2025-12-06T21:44:40.802+0000] {logging_mixin.py:188} INFO - [2025-12-06T21:44:40.802+0000] {dag.py:3823} INFO - Setting next_dagrun for email_pipeline_dag to 2025-12-06 02:00:00+00:00, run_after=2025-12-07 02:00:00+00:00
[2025-12-06T21:44:40.829+0000] {processor.py:183} INFO - Processing /opt/airflow/dags/email_pipeline_dag.py took 0.191 seconds
[2025-12-06T21:45:11.009+0000] {processor.py:161} INFO - Started process (PID=613) to work on /opt/airflow/dags/email_pipeline_dag.py
[2025-12-06T21:45:11.011+0000] {processor.py:830} INFO - Processing file /opt/airflow/dags/email_pipeline_dag.py for tasks to queue
[2025-12-06T21:45:11.014+0000] {logging_mixin.py:188} INFO - [2025-12-06T21:45:11.013+0000] {dagbag.py:538} INFO - Filling up the DagBag from /opt/airflow/dags/email_pipeline_dag.py
[2025-12-06T21:45:11.064+0000] {processor.py:840} INFO - DAG(s) 'email_pipeline_dag' retrieved from /opt/airflow/dags/email_pipeline_dag.py
[2025-12-06T21:45:11.102+0000] {logging_mixin.py:188} INFO - [2025-12-06T21:45:11.102+0000] {dag.py:3036} INFO - Sync 1 DAGs
[2025-12-06T21:45:11.128+0000] {logging_mixin.py:188} INFO - [2025-12-06T21:45:11.127+0000] {dag.py:3823} INFO - Setting next_dagrun for email_pipeline_dag to 2025-12-06 02:00:00+00:00, run_after=2025-12-07 02:00:00+00:00
[2025-12-06T21:45:11.165+0000] {processor.py:183} INFO - Processing /opt/airflow/dags/email_pipeline_dag.py took 0.162 seconds
[2025-12-06T21:45:41.337+0000] {processor.py:161} INFO - Started process (PID=618) to work on /opt/airflow/dags/email_pipeline_dag.py
[2025-12-06T21:45:41.342+0000] {processor.py:830} INFO - Processing file /opt/airflow/dags/email_pipeline_dag.py for tasks to queue
[2025-12-06T21:45:41.345+0000] {logging_mixin.py:188} INFO - [2025-12-06T21:45:41.344+0000] {dagbag.py:538} INFO - Filling up the DagBag from /opt/airflow/dags/email_pipeline_dag.py
[2025-12-06T21:45:41.425+0000] {processor.py:840} INFO - DAG(s) 'email_pipeline_dag' retrieved from /opt/airflow/dags/email_pipeline_dag.py
[2025-12-06T21:45:41.483+0000] {logging_mixin.py:188} INFO - [2025-12-06T21:45:41.483+0000] {dag.py:3036} INFO - Sync 1 DAGs
[2025-12-06T21:45:41.513+0000] {logging_mixin.py:188} INFO - [2025-12-06T21:45:41.513+0000] {dag.py:3823} INFO - Setting next_dagrun for email_pipeline_dag to 2025-12-06 02:00:00+00:00, run_after=2025-12-07 02:00:00+00:00
[2025-12-06T21:45:41.542+0000] {processor.py:183} INFO - Processing /opt/airflow/dags/email_pipeline_dag.py took 0.211 seconds
[2025-12-06T21:46:11.697+0000] {processor.py:161} INFO - Started process (PID=623) to work on /opt/airflow/dags/email_pipeline_dag.py
[2025-12-06T21:46:11.702+0000] {processor.py:830} INFO - Processing file /opt/airflow/dags/email_pipeline_dag.py for tasks to queue
[2025-12-06T21:46:11.709+0000] {logging_mixin.py:188} INFO - [2025-12-06T21:46:11.707+0000] {dagbag.py:538} INFO - Filling up the DagBag from /opt/airflow/dags/email_pipeline_dag.py
[2025-12-06T21:46:11.763+0000] {processor.py:840} INFO - DAG(s) 'email_pipeline_dag' retrieved from /opt/airflow/dags/email_pipeline_dag.py
[2025-12-06T21:46:11.794+0000] {logging_mixin.py:188} INFO - [2025-12-06T21:46:11.794+0000] {dag.py:3036} INFO - Sync 1 DAGs
[2025-12-06T21:46:11.818+0000] {logging_mixin.py:188} INFO - [2025-12-06T21:46:11.817+0000] {dag.py:3823} INFO - Setting next_dagrun for email_pipeline_dag to 2025-12-06 02:00:00+00:00, run_after=2025-12-07 02:00:00+00:00
[2025-12-06T21:46:11.844+0000] {processor.py:183} INFO - Processing /opt/airflow/dags/email_pipeline_dag.py took 0.170 seconds
[2025-12-06T21:46:42.897+0000] {processor.py:161} INFO - Started process (PID=628) to work on /opt/airflow/dags/email_pipeline_dag.py
[2025-12-06T21:46:42.899+0000] {processor.py:830} INFO - Processing file /opt/airflow/dags/email_pipeline_dag.py for tasks to queue
[2025-12-06T21:46:42.903+0000] {logging_mixin.py:188} INFO - [2025-12-06T21:46:42.901+0000] {dagbag.py:538} INFO - Filling up the DagBag from /opt/airflow/dags/email_pipeline_dag.py
[2025-12-06T21:46:42.950+0000] {processor.py:840} INFO - DAG(s) 'email_pipeline_dag' retrieved from /opt/airflow/dags/email_pipeline_dag.py
[2025-12-06T21:46:42.985+0000] {logging_mixin.py:188} INFO - [2025-12-06T21:46:42.985+0000] {dag.py:3036} INFO - Sync 1 DAGs
[2025-12-06T21:46:43.011+0000] {logging_mixin.py:188} INFO - [2025-12-06T21:46:43.010+0000] {dag.py:3823} INFO - Setting next_dagrun for email_pipeline_dag to 2025-12-06 02:00:00+00:00, run_after=2025-12-07 02:00:00+00:00
[2025-12-06T21:46:43.037+0000] {processor.py:183} INFO - Processing /opt/airflow/dags/email_pipeline_dag.py took 0.145 seconds
[2025-12-06T21:47:13.332+0000] {processor.py:161} INFO - Started process (PID=633) to work on /opt/airflow/dags/email_pipeline_dag.py
[2025-12-06T21:47:13.334+0000] {processor.py:830} INFO - Processing file /opt/airflow/dags/email_pipeline_dag.py for tasks to queue
[2025-12-06T21:47:13.336+0000] {logging_mixin.py:188} INFO - [2025-12-06T21:47:13.336+0000] {dagbag.py:538} INFO - Filling up the DagBag from /opt/airflow/dags/email_pipeline_dag.py
[2025-12-06T21:47:13.391+0000] {processor.py:840} INFO - DAG(s) 'email_pipeline_dag' retrieved from /opt/airflow/dags/email_pipeline_dag.py
[2025-12-06T21:47:13.448+0000] {logging_mixin.py:188} INFO - [2025-12-06T21:47:13.447+0000] {dag.py:3036} INFO - Sync 1 DAGs
[2025-12-06T21:47:13.483+0000] {logging_mixin.py:188} INFO - [2025-12-06T21:47:13.483+0000] {dag.py:3823} INFO - Setting next_dagrun for email_pipeline_dag to 2025-12-06 02:00:00+00:00, run_after=2025-12-07 02:00:00+00:00
[2025-12-06T21:47:13.515+0000] {processor.py:183} INFO - Processing /opt/airflow/dags/email_pipeline_dag.py took 0.189 seconds
[2025-12-06T21:47:43.738+0000] {processor.py:161} INFO - Started process (PID=638) to work on /opt/airflow/dags/email_pipeline_dag.py
[2025-12-06T21:47:43.741+0000] {processor.py:830} INFO - Processing file /opt/airflow/dags/email_pipeline_dag.py for tasks to queue
[2025-12-06T21:47:43.744+0000] {logging_mixin.py:188} INFO - [2025-12-06T21:47:43.743+0000] {dagbag.py:538} INFO - Filling up the DagBag from /opt/airflow/dags/email_pipeline_dag.py
[2025-12-06T21:47:43.812+0000] {processor.py:840} INFO - DAG(s) 'email_pipeline_dag' retrieved from /opt/airflow/dags/email_pipeline_dag.py
[2025-12-06T21:47:43.923+0000] {logging_mixin.py:188} INFO - [2025-12-06T21:47:43.922+0000] {dag.py:3036} INFO - Sync 1 DAGs
[2025-12-06T21:47:43.989+0000] {logging_mixin.py:188} INFO - [2025-12-06T21:47:43.989+0000] {dag.py:3823} INFO - Setting next_dagrun for email_pipeline_dag to 2025-12-06 02:00:00+00:00, run_after=2025-12-07 02:00:00+00:00
[2025-12-06T21:47:44.042+0000] {processor.py:183} INFO - Processing /opt/airflow/dags/email_pipeline_dag.py took 0.308 seconds
[2025-12-06T21:48:14.348+0000] {processor.py:161} INFO - Started process (PID=643) to work on /opt/airflow/dags/email_pipeline_dag.py
[2025-12-06T21:48:14.352+0000] {processor.py:830} INFO - Processing file /opt/airflow/dags/email_pipeline_dag.py for tasks to queue
[2025-12-06T21:48:14.358+0000] {logging_mixin.py:188} INFO - [2025-12-06T21:48:14.356+0000] {dagbag.py:538} INFO - Filling up the DagBag from /opt/airflow/dags/email_pipeline_dag.py
[2025-12-06T21:48:14.422+0000] {processor.py:840} INFO - DAG(s) 'email_pipeline_dag' retrieved from /opt/airflow/dags/email_pipeline_dag.py
[2025-12-06T21:48:14.469+0000] {logging_mixin.py:188} INFO - [2025-12-06T21:48:14.468+0000] {dag.py:3036} INFO - Sync 1 DAGs
[2025-12-06T21:48:14.518+0000] {logging_mixin.py:188} INFO - [2025-12-06T21:48:14.517+0000] {dag.py:3823} INFO - Setting next_dagrun for email_pipeline_dag to 2025-12-06 02:00:00+00:00, run_after=2025-12-07 02:00:00+00:00
[2025-12-06T21:48:14.551+0000] {processor.py:183} INFO - Processing /opt/airflow/dags/email_pipeline_dag.py took 0.237 seconds
[2025-12-06T21:48:44.769+0000] {processor.py:161} INFO - Started process (PID=648) to work on /opt/airflow/dags/email_pipeline_dag.py
[2025-12-06T21:48:44.772+0000] {processor.py:830} INFO - Processing file /opt/airflow/dags/email_pipeline_dag.py for tasks to queue
[2025-12-06T21:48:44.774+0000] {logging_mixin.py:188} INFO - [2025-12-06T21:48:44.773+0000] {dagbag.py:538} INFO - Filling up the DagBag from /opt/airflow/dags/email_pipeline_dag.py
[2025-12-06T21:48:44.829+0000] {processor.py:840} INFO - DAG(s) 'email_pipeline_dag' retrieved from /opt/airflow/dags/email_pipeline_dag.py
[2025-12-06T21:48:45.010+0000] {logging_mixin.py:188} INFO - [2025-12-06T21:48:45.009+0000] {dag.py:3036} INFO - Sync 1 DAGs
[2025-12-06T21:48:45.070+0000] {logging_mixin.py:188} INFO - [2025-12-06T21:48:45.070+0000] {dag.py:3823} INFO - Setting next_dagrun for email_pipeline_dag to 2025-12-06 02:00:00+00:00, run_after=2025-12-07 02:00:00+00:00
[2025-12-06T21:48:45.149+0000] {processor.py:183} INFO - Processing /opt/airflow/dags/email_pipeline_dag.py took 0.387 seconds
[2025-12-06T21:49:15.620+0000] {processor.py:161} INFO - Started process (PID=653) to work on /opt/airflow/dags/email_pipeline_dag.py
[2025-12-06T21:49:15.621+0000] {processor.py:830} INFO - Processing file /opt/airflow/dags/email_pipeline_dag.py for tasks to queue
[2025-12-06T21:49:15.623+0000] {logging_mixin.py:188} INFO - [2025-12-06T21:49:15.622+0000] {dagbag.py:538} INFO - Filling up the DagBag from /opt/airflow/dags/email_pipeline_dag.py
[2025-12-06T21:49:15.652+0000] {processor.py:840} INFO - DAG(s) 'email_pipeline_dag' retrieved from /opt/airflow/dags/email_pipeline_dag.py
[2025-12-06T21:49:15.684+0000] {logging_mixin.py:188} INFO - [2025-12-06T21:49:15.683+0000] {dag.py:3036} INFO - Sync 1 DAGs
[2025-12-06T21:49:15.709+0000] {logging_mixin.py:188} INFO - [2025-12-06T21:49:15.709+0000] {dag.py:3823} INFO - Setting next_dagrun for email_pipeline_dag to 2025-12-06 02:00:00+00:00, run_after=2025-12-07 02:00:00+00:00
[2025-12-06T21:49:15.731+0000] {processor.py:183} INFO - Processing /opt/airflow/dags/email_pipeline_dag.py took 0.115 seconds
[2025-12-06T21:49:45.890+0000] {processor.py:161} INFO - Started process (PID=658) to work on /opt/airflow/dags/email_pipeline_dag.py
[2025-12-06T21:49:45.893+0000] {processor.py:830} INFO - Processing file /opt/airflow/dags/email_pipeline_dag.py for tasks to queue
[2025-12-06T21:49:45.894+0000] {logging_mixin.py:188} INFO - [2025-12-06T21:49:45.894+0000] {dagbag.py:538} INFO - Filling up the DagBag from /opt/airflow/dags/email_pipeline_dag.py
[2025-12-06T21:49:45.942+0000] {processor.py:840} INFO - DAG(s) 'email_pipeline_dag' retrieved from /opt/airflow/dags/email_pipeline_dag.py
[2025-12-06T21:49:45.992+0000] {logging_mixin.py:188} INFO - [2025-12-06T21:49:45.992+0000] {dag.py:3036} INFO - Sync 1 DAGs
[2025-12-06T21:49:46.025+0000] {logging_mixin.py:188} INFO - [2025-12-06T21:49:46.024+0000] {dag.py:3823} INFO - Setting next_dagrun for email_pipeline_dag to 2025-12-06 02:00:00+00:00, run_after=2025-12-07 02:00:00+00:00
[2025-12-06T21:49:46.056+0000] {processor.py:183} INFO - Processing /opt/airflow/dags/email_pipeline_dag.py took 0.170 seconds
[2025-12-06T21:50:16.180+0000] {processor.py:161} INFO - Started process (PID=663) to work on /opt/airflow/dags/email_pipeline_dag.py
[2025-12-06T21:50:16.182+0000] {processor.py:830} INFO - Processing file /opt/airflow/dags/email_pipeline_dag.py for tasks to queue
[2025-12-06T21:50:16.184+0000] {logging_mixin.py:188} INFO - [2025-12-06T21:50:16.184+0000] {dagbag.py:538} INFO - Filling up the DagBag from /opt/airflow/dags/email_pipeline_dag.py
[2025-12-06T21:50:16.244+0000] {processor.py:840} INFO - DAG(s) 'email_pipeline_dag' retrieved from /opt/airflow/dags/email_pipeline_dag.py
[2025-12-06T21:50:16.332+0000] {logging_mixin.py:188} INFO - [2025-12-06T21:50:16.331+0000] {dag.py:3036} INFO - Sync 1 DAGs
[2025-12-06T21:50:16.353+0000] {logging_mixin.py:188} INFO - [2025-12-06T21:50:16.353+0000] {dag.py:3823} INFO - Setting next_dagrun for email_pipeline_dag to 2025-12-06 02:00:00+00:00, run_after=2025-12-07 02:00:00+00:00
[2025-12-06T21:50:16.380+0000] {processor.py:183} INFO - Processing /opt/airflow/dags/email_pipeline_dag.py took 0.205 seconds
[2025-12-06T21:50:46.660+0000] {processor.py:161} INFO - Started process (PID=668) to work on /opt/airflow/dags/email_pipeline_dag.py
[2025-12-06T21:50:46.662+0000] {processor.py:830} INFO - Processing file /opt/airflow/dags/email_pipeline_dag.py for tasks to queue
[2025-12-06T21:50:46.664+0000] {logging_mixin.py:188} INFO - [2025-12-06T21:50:46.663+0000] {dagbag.py:538} INFO - Filling up the DagBag from /opt/airflow/dags/email_pipeline_dag.py
[2025-12-06T21:50:46.710+0000] {processor.py:840} INFO - DAG(s) 'email_pipeline_dag' retrieved from /opt/airflow/dags/email_pipeline_dag.py
[2025-12-06T21:50:46.812+0000] {logging_mixin.py:188} INFO - [2025-12-06T21:50:46.812+0000] {dag.py:3036} INFO - Sync 1 DAGs
[2025-12-06T21:50:46.844+0000] {logging_mixin.py:188} INFO - [2025-12-06T21:50:46.844+0000] {dag.py:3823} INFO - Setting next_dagrun for email_pipeline_dag to 2025-12-06 02:00:00+00:00, run_after=2025-12-07 02:00:00+00:00
[2025-12-06T21:50:46.909+0000] {processor.py:183} INFO - Processing /opt/airflow/dags/email_pipeline_dag.py took 0.254 seconds
[2025-12-06T21:51:17.624+0000] {processor.py:161} INFO - Started process (PID=673) to work on /opt/airflow/dags/email_pipeline_dag.py
[2025-12-06T21:51:17.627+0000] {processor.py:830} INFO - Processing file /opt/airflow/dags/email_pipeline_dag.py for tasks to queue
[2025-12-06T21:51:17.629+0000] {logging_mixin.py:188} INFO - [2025-12-06T21:51:17.629+0000] {dagbag.py:538} INFO - Filling up the DagBag from /opt/airflow/dags/email_pipeline_dag.py
[2025-12-06T21:51:17.672+0000] {processor.py:840} INFO - DAG(s) 'email_pipeline_dag' retrieved from /opt/airflow/dags/email_pipeline_dag.py
[2025-12-06T21:51:17.709+0000] {logging_mixin.py:188} INFO - [2025-12-06T21:51:17.709+0000] {dag.py:3036} INFO - Sync 1 DAGs
[2025-12-06T21:51:17.779+0000] {logging_mixin.py:188} INFO - [2025-12-06T21:51:17.779+0000] {dag.py:3823} INFO - Setting next_dagrun for email_pipeline_dag to 2025-12-06 02:00:00+00:00, run_after=2025-12-07 02:00:00+00:00
[2025-12-06T21:51:17.860+0000] {processor.py:183} INFO - Processing /opt/airflow/dags/email_pipeline_dag.py took 0.240 seconds
[2025-12-06T21:51:48.602+0000] {processor.py:161} INFO - Started process (PID=678) to work on /opt/airflow/dags/email_pipeline_dag.py
[2025-12-06T21:51:48.605+0000] {processor.py:830} INFO - Processing file /opt/airflow/dags/email_pipeline_dag.py for tasks to queue
[2025-12-06T21:51:48.609+0000] {logging_mixin.py:188} INFO - [2025-12-06T21:51:48.608+0000] {dagbag.py:538} INFO - Filling up the DagBag from /opt/airflow/dags/email_pipeline_dag.py
[2025-12-06T21:51:48.704+0000] {processor.py:840} INFO - DAG(s) 'email_pipeline_dag' retrieved from /opt/airflow/dags/email_pipeline_dag.py
[2025-12-06T21:51:48.806+0000] {logging_mixin.py:188} INFO - [2025-12-06T21:51:48.806+0000] {dag.py:3036} INFO - Sync 1 DAGs
[2025-12-06T21:51:48.865+0000] {logging_mixin.py:188} INFO - [2025-12-06T21:51:48.864+0000] {dag.py:3823} INFO - Setting next_dagrun for email_pipeline_dag to 2025-12-06 02:00:00+00:00, run_after=2025-12-07 02:00:00+00:00
[2025-12-06T21:51:48.910+0000] {processor.py:183} INFO - Processing /opt/airflow/dags/email_pipeline_dag.py took 0.343 seconds
[2025-12-06T21:52:19.171+0000] {processor.py:161} INFO - Started process (PID=694) to work on /opt/airflow/dags/email_pipeline_dag.py
[2025-12-06T21:52:19.175+0000] {processor.py:830} INFO - Processing file /opt/airflow/dags/email_pipeline_dag.py for tasks to queue
[2025-12-06T21:52:19.178+0000] {logging_mixin.py:188} INFO - [2025-12-06T21:52:19.177+0000] {dagbag.py:538} INFO - Filling up the DagBag from /opt/airflow/dags/email_pipeline_dag.py
[2025-12-06T21:52:19.256+0000] {processor.py:840} INFO - DAG(s) 'email_pipeline_dag' retrieved from /opt/airflow/dags/email_pipeline_dag.py
[2025-12-06T21:52:19.333+0000] {logging_mixin.py:188} INFO - [2025-12-06T21:52:19.332+0000] {dag.py:3036} INFO - Sync 1 DAGs
[2025-12-06T21:52:19.367+0000] {logging_mixin.py:188} INFO - [2025-12-06T21:52:19.366+0000] {dag.py:3823} INFO - Setting next_dagrun for email_pipeline_dag to 2025-12-06 02:00:00+00:00, run_after=2025-12-07 02:00:00+00:00
[2025-12-06T21:52:19.404+0000] {processor.py:183} INFO - Processing /opt/airflow/dags/email_pipeline_dag.py took 0.244 seconds
[2025-12-06T21:52:49.674+0000] {processor.py:161} INFO - Started process (PID=699) to work on /opt/airflow/dags/email_pipeline_dag.py
[2025-12-06T21:52:49.677+0000] {processor.py:830} INFO - Processing file /opt/airflow/dags/email_pipeline_dag.py for tasks to queue
[2025-12-06T21:52:49.680+0000] {logging_mixin.py:188} INFO - [2025-12-06T21:52:49.679+0000] {dagbag.py:538} INFO - Filling up the DagBag from /opt/airflow/dags/email_pipeline_dag.py
[2025-12-06T21:52:49.745+0000] {processor.py:840} INFO - DAG(s) 'email_pipeline_dag' retrieved from /opt/airflow/dags/email_pipeline_dag.py
[2025-12-06T21:52:49.790+0000] {logging_mixin.py:188} INFO - [2025-12-06T21:52:49.790+0000] {dag.py:3036} INFO - Sync 1 DAGs
[2025-12-06T21:52:49.849+0000] {logging_mixin.py:188} INFO - [2025-12-06T21:52:49.849+0000] {dag.py:3823} INFO - Setting next_dagrun for email_pipeline_dag to 2025-12-06 02:00:00+00:00, run_after=2025-12-07 02:00:00+00:00
[2025-12-06T21:52:49.889+0000] {processor.py:183} INFO - Processing /opt/airflow/dags/email_pipeline_dag.py took 0.223 seconds
[2025-12-06T21:53:19.988+0000] {processor.py:161} INFO - Started process (PID=715) to work on /opt/airflow/dags/email_pipeline_dag.py
[2025-12-06T21:53:19.991+0000] {processor.py:830} INFO - Processing file /opt/airflow/dags/email_pipeline_dag.py for tasks to queue
[2025-12-06T21:53:19.993+0000] {logging_mixin.py:188} INFO - [2025-12-06T21:53:19.993+0000] {dagbag.py:538} INFO - Filling up the DagBag from /opt/airflow/dags/email_pipeline_dag.py
[2025-12-06T21:53:20.045+0000] {processor.py:840} INFO - DAG(s) 'email_pipeline_dag' retrieved from /opt/airflow/dags/email_pipeline_dag.py
[2025-12-06T21:53:20.084+0000] {logging_mixin.py:188} INFO - [2025-12-06T21:53:20.084+0000] {dag.py:3036} INFO - Sync 1 DAGs
[2025-12-06T21:53:20.108+0000] {logging_mixin.py:188} INFO - [2025-12-06T21:53:20.108+0000] {dag.py:3823} INFO - Setting next_dagrun for email_pipeline_dag to 2025-12-06 02:00:00+00:00, run_after=2025-12-07 02:00:00+00:00
[2025-12-06T21:53:20.146+0000] {processor.py:183} INFO - Processing /opt/airflow/dags/email_pipeline_dag.py took 0.164 seconds
[2025-12-06T21:53:50.298+0000] {processor.py:161} INFO - Started process (PID=720) to work on /opt/airflow/dags/email_pipeline_dag.py
[2025-12-06T21:53:50.299+0000] {processor.py:830} INFO - Processing file /opt/airflow/dags/email_pipeline_dag.py for tasks to queue
[2025-12-06T21:53:50.301+0000] {logging_mixin.py:188} INFO - [2025-12-06T21:53:50.300+0000] {dagbag.py:538} INFO - Filling up the DagBag from /opt/airflow/dags/email_pipeline_dag.py
[2025-12-06T21:53:50.341+0000] {processor.py:840} INFO - DAG(s) 'email_pipeline_dag' retrieved from /opt/airflow/dags/email_pipeline_dag.py
[2025-12-06T21:53:50.374+0000] {logging_mixin.py:188} INFO - [2025-12-06T21:53:50.374+0000] {dag.py:3036} INFO - Sync 1 DAGs
[2025-12-06T21:53:50.399+0000] {logging_mixin.py:188} INFO - [2025-12-06T21:53:50.399+0000] {dag.py:3823} INFO - Setting next_dagrun for email_pipeline_dag to 2025-12-06 02:00:00+00:00, run_after=2025-12-07 02:00:00+00:00
[2025-12-06T21:53:50.472+0000] {processor.py:183} INFO - Processing /opt/airflow/dags/email_pipeline_dag.py took 0.178 seconds
[2025-12-06T21:54:21.523+0000] {processor.py:161} INFO - Started process (PID=725) to work on /opt/airflow/dags/email_pipeline_dag.py
[2025-12-06T21:54:21.526+0000] {processor.py:830} INFO - Processing file /opt/airflow/dags/email_pipeline_dag.py for tasks to queue
[2025-12-06T21:54:21.531+0000] {logging_mixin.py:188} INFO - [2025-12-06T21:54:21.528+0000] {dagbag.py:538} INFO - Filling up the DagBag from /opt/airflow/dags/email_pipeline_dag.py
[2025-12-06T21:54:21.604+0000] {processor.py:840} INFO - DAG(s) 'email_pipeline_dag' retrieved from /opt/airflow/dags/email_pipeline_dag.py
[2025-12-06T21:54:21.767+0000] {logging_mixin.py:188} INFO - [2025-12-06T21:54:21.766+0000] {dag.py:3036} INFO - Sync 1 DAGs
[2025-12-06T21:54:21.814+0000] {logging_mixin.py:188} INFO - [2025-12-06T21:54:21.814+0000] {dag.py:3823} INFO - Setting next_dagrun for email_pipeline_dag to 2025-12-06 02:00:00+00:00, run_after=2025-12-07 02:00:00+00:00
[2025-12-06T21:54:21.865+0000] {processor.py:183} INFO - Processing /opt/airflow/dags/email_pipeline_dag.py took 0.355 seconds
[2025-12-06T21:54:53.114+0000] {processor.py:161} INFO - Started process (PID=734) to work on /opt/airflow/dags/email_pipeline_dag.py
[2025-12-06T21:54:53.199+0000] {processor.py:830} INFO - Processing file /opt/airflow/dags/email_pipeline_dag.py for tasks to queue
[2025-12-06T21:54:53.322+0000] {logging_mixin.py:188} INFO - [2025-12-06T21:54:53.291+0000] {dagbag.py:538} INFO - Filling up the DagBag from /opt/airflow/dags/email_pipeline_dag.py
[2025-12-06T21:54:54.040+0000] {processor.py:840} INFO - DAG(s) 'email_pipeline_dag' retrieved from /opt/airflow/dags/email_pipeline_dag.py
[2025-12-06T21:55:01.899+0000] {logging_mixin.py:188} INFO - [2025-12-06T21:55:01.804+0000] {dag.py:3036} INFO - Sync 1 DAGs
[2025-12-06T21:55:02.716+0000] {logging_mixin.py:188} INFO - [2025-12-06T21:55:02.715+0000] {dag.py:3823} INFO - Setting next_dagrun for email_pipeline_dag to 2025-12-06 02:00:00+00:00, run_after=2025-12-07 02:00:00+00:00
[2025-12-06T21:55:02.828+0000] {processor.py:183} INFO - Processing /opt/airflow/dags/email_pipeline_dag.py took 12.420 seconds
[2025-12-06T21:55:34.164+0000] {processor.py:161} INFO - Started process (PID=744) to work on /opt/airflow/dags/email_pipeline_dag.py
[2025-12-06T21:55:34.194+0000] {processor.py:830} INFO - Processing file /opt/airflow/dags/email_pipeline_dag.py for tasks to queue
[2025-12-06T21:55:34.218+0000] {logging_mixin.py:188} INFO - [2025-12-06T21:55:34.201+0000] {dagbag.py:538} INFO - Filling up the DagBag from /opt/airflow/dags/email_pipeline_dag.py
[2025-12-06T21:55:36.769+0000] {processor.py:840} INFO - DAG(s) 'email_pipeline_dag' retrieved from /opt/airflow/dags/email_pipeline_dag.py
[2025-12-06T21:57:04.057+0000] {processor.py:161} INFO - Started process (PID=749) to work on /opt/airflow/dags/email_pipeline_dag.py
[2025-12-06T21:57:04.063+0000] {processor.py:830} INFO - Processing file /opt/airflow/dags/email_pipeline_dag.py for tasks to queue
[2025-12-06T21:57:04.088+0000] {logging_mixin.py:188} INFO - [2025-12-06T21:57:04.078+0000] {dagbag.py:538} INFO - Filling up the DagBag from /opt/airflow/dags/email_pipeline_dag.py
[2025-12-06T21:57:04.268+0000] {processor.py:840} INFO - DAG(s) 'email_pipeline_dag' retrieved from /opt/airflow/dags/email_pipeline_dag.py
[2025-12-06T21:57:04.774+0000] {logging_mixin.py:188} INFO - [2025-12-06T21:57:04.759+0000] {taskinstance.py:2700} ERROR - {'DAG Id': 'email_pipeline_dag', 'Task Id': 'validator', 'Run Id': 'manual__2025-12-06T21:55:10.260402+00:00', 'Hostname': 'c5b1bafd0890'}
[2025-12-06T21:57:04.865+0000] {logging_mixin.py:188} INFO - [2025-12-06T21:57:04.865+0000] {taskinstance.py:1138} INFO - Marking task as UP_FOR_RETRY. dag_id=email_pipeline_dag, task_id=validator, execution_date=20251206T215510, start_date=20251206T215649, end_date=20251206T215704
[2025-12-06T21:57:04.916+0000] {processor.py:791} INFO - Executed failure callback for <TaskInstance: email_pipeline_dag.validator manual__2025-12-06T21:55:10.260402+00:00 [up_for_retry]> in state up_for_retry
[2025-12-06T21:57:06.608+0000] {logging_mixin.py:188} INFO - [2025-12-06T21:57:06.572+0000] {dag.py:3036} INFO - Sync 1 DAGs
[2025-12-06T21:57:07.053+0000] {logging_mixin.py:188} INFO - [2025-12-06T21:57:07.040+0000] {dag.py:3823} INFO - Setting next_dagrun for email_pipeline_dag to 2025-12-06 02:00:00+00:00, run_after=2025-12-07 02:00:00+00:00
[2025-12-06T21:57:07.201+0000] {processor.py:183} INFO - Processing /opt/airflow/dags/email_pipeline_dag.py took 3.175 seconds
[2025-12-06T21:57:13.703+0000] {processor.py:161} INFO - Started process (PID=754) to work on /opt/airflow/dags/email_pipeline_dag.py
[2025-12-06T21:57:13.706+0000] {processor.py:830} INFO - Processing file /opt/airflow/dags/email_pipeline_dag.py for tasks to queue
[2025-12-06T21:57:13.713+0000] {logging_mixin.py:188} INFO - [2025-12-06T21:57:13.708+0000] {dagbag.py:538} INFO - Filling up the DagBag from /opt/airflow/dags/email_pipeline_dag.py
[2025-12-06T21:57:13.861+0000] {processor.py:840} INFO - DAG(s) 'email_pipeline_dag' retrieved from /opt/airflow/dags/email_pipeline_dag.py
[2025-12-06T21:57:14.052+0000] {logging_mixin.py:188} INFO - [2025-12-06T21:57:14.052+0000] {taskinstance.py:2700} ERROR - {'DAG Id': 'email_pipeline_dag', 'Task Id': 'kafka_producer', 'Run Id': 'manual__2025-12-06T21:55:29.987349+00:00', 'Hostname': 'c5b1bafd0890'}
[2025-12-06T21:57:14.102+0000] {logging_mixin.py:188} INFO - [2025-12-06T21:57:14.102+0000] {taskinstance.py:1138} INFO - Marking task as FAILED. dag_id=email_pipeline_dag, task_id=kafka_producer, execution_date=20251206T215529, start_date=20251206T215649, end_date=20251206T215714
[2025-12-06T21:57:14.124+0000] {processor.py:791} INFO - Executed failure callback for <TaskInstance: email_pipeline_dag.kafka_producer manual__2025-12-06T21:55:29.987349+00:00 [failed]> in state failed
[2025-12-06T21:57:14.130+0000] {logging_mixin.py:188} INFO - [2025-12-06T21:57:14.130+0000] {taskinstance.py:2700} ERROR - {'DAG Id': 'email_pipeline_dag', 'Task Id': 'kafka_producer', 'Run Id': 'manual__2025-12-06T21:55:29.987349+00:00', 'Hostname': 'c5b1bafd0890'}
[2025-12-06T21:57:14.146+0000] {logging_mixin.py:188} INFO - [2025-12-06T21:57:14.146+0000] {taskinstance.py:1138} INFO - Marking task as FAILED. dag_id=email_pipeline_dag, task_id=kafka_producer, execution_date=20251206T215529, start_date=20251206T215649, end_date=20251206T215714
[2025-12-06T21:57:14.157+0000] {processor.py:791} INFO - Executed failure callback for <TaskInstance: email_pipeline_dag.kafka_producer manual__2025-12-06T21:55:29.987349+00:00 [failed]> in state failed
[2025-12-06T21:57:14.169+0000] {logging_mixin.py:188} INFO - [2025-12-06T21:57:14.169+0000] {dag.py:3036} INFO - Sync 1 DAGs
[2025-12-06T21:57:14.231+0000] {logging_mixin.py:188} INFO - [2025-12-06T21:57:14.231+0000] {dag.py:3823} INFO - Setting next_dagrun for email_pipeline_dag to 2025-12-06 02:00:00+00:00, run_after=2025-12-07 02:00:00+00:00
[2025-12-06T21:57:14.290+0000] {processor.py:183} INFO - Processing /opt/airflow/dags/email_pipeline_dag.py took 0.602 seconds
