[2025-12-11T09:01:17.054+0000] {taskinstance.py:1956} INFO - Dependencies all met for dep_context=non-requeueable deps ti=<TaskInstance: email_intelligence_pipeline.quality_assurance_gate manual__2025-12-10T19:53:18.537261+00:00 [queued]>
[2025-12-11T09:01:17.098+0000] {taskinstance.py:1956} INFO - Dependencies all met for dep_context=requeueable deps ti=<TaskInstance: email_intelligence_pipeline.quality_assurance_gate manual__2025-12-10T19:53:18.537261+00:00 [queued]>
[2025-12-11T09:01:17.099+0000] {taskinstance.py:2170} INFO - Starting attempt 1 of 1
[2025-12-11T09:01:17.161+0000] {taskinstance.py:2191} INFO - Executing <Task(BashOperator): quality_assurance_gate> on 2025-12-10 19:53:18.537261+00:00
[2025-12-11T09:01:17.215+0000] {standard_task_runner.py:60} INFO - Started process 514 to run task
[2025-12-11T09:01:17.275+0000] {standard_task_runner.py:87} INFO - Running: ['***', 'tasks', 'run', 'email_intelligence_pipeline', 'quality_assurance_gate', 'manual__2025-12-10T19:53:18.537261+00:00', '--job-id', '480', '--raw', '--subdir', 'DAGS_FOLDER/email_pipeline_dag.py', '--cfg-path', '/tmp/tmpxvpoa1aj']
[2025-12-11T09:01:17.279+0000] {standard_task_runner.py:88} INFO - Job 480: Subtask quality_assurance_gate
[2025-12-11T09:01:17.664+0000] {task_command.py:423} INFO - Running <TaskInstance: email_intelligence_pipeline.quality_assurance_gate manual__2025-12-10T19:53:18.537261+00:00 [running]> on host e428b2e16328
[2025-12-11T09:01:18.216+0000] {taskinstance.py:2480} INFO - Exporting env vars: AIRFLOW_CTX_DAG_OWNER='data_team' AIRFLOW_CTX_DAG_ID='email_intelligence_pipeline' AIRFLOW_CTX_TASK_ID='quality_assurance_gate' AIRFLOW_CTX_EXECUTION_DATE='2025-12-10T19:53:18.537261+00:00' AIRFLOW_CTX_TRY_NUMBER='1' AIRFLOW_CTX_DAG_RUN_ID='manual__2025-12-10T19:53:18.537261+00:00'
[2025-12-11T09:01:18.224+0000] {subprocess.py:63} INFO - Tmp dir root location: /tmp
[2025-12-11T09:01:18.230+0000] {subprocess.py:75} INFO - Running command: ['/usr/bin/bash', '-c', '\n        export REPORT_PATH="/opt/***/logs/quality_report.json"\n        \n        /opt/spark/bin/spark-submit --master local[2] --packages org.apache.hadoop:hadoop-aws:3.3.4             --name QualityAssuranceGate /opt/spark/jobs/data_quality_check.py "$REPORT_PATH"\n        \n        # Vérifier le résultat du quality check\n        QUALITY_EXIT_CODE=$?\n        \n        if [ $QUALITY_EXIT_CODE -ne 0 ]; then\n            echo "❌ Quality check FAILED (score < 95%)"\n            echo "⛔ Downstream tasks will be SKIPPED"\n            # Créer un fichier vide pour indiquer l\'échec\n            echo \'{"overall_score": 0, "status": "FAILED"}\' > "$REPORT_PATH"\n            exit 0\n        else\n            echo "✅ Quality check PASSED (score >= 95%)"\n            echo "✅ Proceeding to daily aggregation..."\n            exit 0\n        fi\n        ']
[2025-12-11T09:01:18.328+0000] {subprocess.py:86} INFO - Output:
[2025-12-11T09:01:18.394+0000] {subprocess.py:93} INFO - /opt/spark/bin/load-spark-env.sh: line 68: ps: command not found
[2025-12-11T09:01:34.584+0000] {subprocess.py:93} INFO - :: loading settings :: url = jar:file:/opt/spark/jars/ivy-2.5.1.jar!/org/apache/ivy/core/settings/ivysettings.xml
[2025-12-11T09:01:35.172+0000] {subprocess.py:93} INFO - Ivy Default Cache set to: /home/***/.ivy2/cache
[2025-12-11T09:01:35.184+0000] {subprocess.py:93} INFO - The jars for the packages stored in: /home/***/.ivy2/jars
[2025-12-11T09:01:35.194+0000] {subprocess.py:93} INFO - org.apache.hadoop#hadoop-aws added as a dependency
[2025-12-11T09:01:35.207+0000] {subprocess.py:93} INFO - :: resolving dependencies :: org.apache.spark#spark-submit-parent-8fa510d6-4e23-473d-b51d-69361178f2e2;1.0
[2025-12-11T09:01:35.210+0000] {subprocess.py:93} INFO - 	confs: [default]
[2025-12-11T09:01:37.884+0000] {subprocess.py:93} INFO - 	found org.apache.hadoop#hadoop-aws;3.3.4 in central
[2025-12-11T09:01:38.200+0000] {subprocess.py:93} INFO - 	found com.amazonaws#aws-java-sdk-bundle;1.12.262 in central
[2025-12-11T09:01:38.294+0000] {subprocess.py:93} INFO - 	found org.wildfly.openssl#wildfly-openssl;1.0.7.Final in central
[2025-12-11T09:01:38.395+0000] {subprocess.py:93} INFO - :: resolution report :: resolve 3152ms :: artifacts dl 49ms
[2025-12-11T09:01:38.397+0000] {subprocess.py:93} INFO - 	:: modules in use:
[2025-12-11T09:01:38.407+0000] {subprocess.py:93} INFO - 	com.amazonaws#aws-java-sdk-bundle;1.12.262 from central in [default]
[2025-12-11T09:01:38.412+0000] {subprocess.py:93} INFO - 	org.apache.hadoop#hadoop-aws;3.3.4 from central in [default]
[2025-12-11T09:01:38.414+0000] {subprocess.py:93} INFO - 	org.wildfly.openssl#wildfly-openssl;1.0.7.Final from central in [default]
[2025-12-11T09:01:38.415+0000] {subprocess.py:93} INFO - 	---------------------------------------------------------------------
[2025-12-11T09:01:38.417+0000] {subprocess.py:93} INFO - 	|                  |            modules            ||   artifacts   |
[2025-12-11T09:01:38.430+0000] {subprocess.py:93} INFO - 	|       conf       | number| search|dwnlded|evicted|| number|dwnlded|
[2025-12-11T09:01:38.434+0000] {subprocess.py:93} INFO - 	---------------------------------------------------------------------
[2025-12-11T09:01:38.442+0000] {subprocess.py:93} INFO - 	|      default     |   3   |   0   |   0   |   0   ||   3   |   0   |
[2025-12-11T09:01:38.448+0000] {subprocess.py:93} INFO - 	---------------------------------------------------------------------
[2025-12-11T09:01:38.451+0000] {subprocess.py:93} INFO - :: retrieving :: org.apache.spark#spark-submit-parent-8fa510d6-4e23-473d-b51d-69361178f2e2
[2025-12-11T09:01:38.453+0000] {subprocess.py:93} INFO - 	confs: [default]
[2025-12-11T09:01:38.482+0000] {subprocess.py:93} INFO - 	0 artifacts copied, 3 already retrieved (0kB/46ms)
[2025-12-11T09:01:40.080+0000] {subprocess.py:93} INFO - 25/12/11 09:01:40 WARN NativeCodeLoader: Unable to load native-hadoop library for your platform... using builtin-java classes where applicable
[2025-12-11T09:01:45.004+0000] {subprocess.py:93} INFO - 🚀 Starting Data Quality Check
[2025-12-11T09:01:45.012+0000] {subprocess.py:93} INFO - 📋 Required fields: id, from, to, subject, body, date, sender_domain
[2025-12-11T09:01:45.014+0000] {subprocess.py:93} INFO - 📈 Quality threshold: 95%
[2025-12-11T09:01:45.017+0000] {subprocess.py:93} INFO - 
[2025-12-11T09:01:45.019+0000] {subprocess.py:93} INFO - 📍 Step 1: Creating Spark Session...
[2025-12-11T09:01:47.582+0000] {subprocess.py:93} INFO - 25/12/11 09:01:47 INFO SparkContext: Running Spark version 3.5.0
[2025-12-11T09:01:47.614+0000] {subprocess.py:93} INFO - 25/12/11 09:01:47 INFO SparkContext: OS info Linux, 6.6.87.2-microsoft-standard-WSL2, amd64
[2025-12-11T09:01:47.616+0000] {subprocess.py:93} INFO - 25/12/11 09:01:47 INFO SparkContext: Java version 17.0.17
[2025-12-11T09:01:47.780+0000] {subprocess.py:93} INFO - 25/12/11 09:01:47 INFO ResourceUtils: ==============================================================
[2025-12-11T09:01:47.788+0000] {subprocess.py:93} INFO - 25/12/11 09:01:47 INFO ResourceUtils: No custom resources configured for spark.driver.
[2025-12-11T09:01:47.790+0000] {subprocess.py:93} INFO - 25/12/11 09:01:47 INFO ResourceUtils: ==============================================================
[2025-12-11T09:01:47.796+0000] {subprocess.py:93} INFO - 25/12/11 09:01:47 INFO SparkContext: Submitted application: DataQualityCheck
[2025-12-11T09:01:48.008+0000] {subprocess.py:93} INFO - 25/12/11 09:01:48 INFO ResourceProfile: Default ResourceProfile created, executor resources: Map(cores -> name: cores, amount: 1, script: , vendor: , memory -> name: memory, amount: 1024, script: , vendor: , offHeap -> name: offHeap, amount: 0, script: , vendor: ), task resources: Map(cpus -> name: cpus, amount: 1.0)
[2025-12-11T09:01:48.097+0000] {subprocess.py:93} INFO - 25/12/11 09:01:48 INFO ResourceProfile: Limiting resource is cpu
[2025-12-11T09:01:48.103+0000] {subprocess.py:93} INFO - 25/12/11 09:01:48 INFO ResourceProfileManager: Added ResourceProfile id: 0
[2025-12-11T09:01:48.542+0000] {subprocess.py:93} INFO - 25/12/11 09:01:48 INFO SecurityManager: Changing view acls to: ***
[2025-12-11T09:01:48.546+0000] {subprocess.py:93} INFO - 25/12/11 09:01:48 INFO SecurityManager: Changing modify acls to: ***
[2025-12-11T09:01:48.557+0000] {subprocess.py:93} INFO - 25/12/11 09:01:48 INFO SecurityManager: Changing view acls groups to:
[2025-12-11T09:01:48.562+0000] {subprocess.py:93} INFO - 25/12/11 09:01:48 INFO SecurityManager: Changing modify acls groups to:
[2025-12-11T09:01:48.569+0000] {subprocess.py:93} INFO - 25/12/11 09:01:48 INFO SecurityManager: SecurityManager: authentication disabled; ui acls disabled; users with view permissions: ***; groups with view permissions: EMPTY; users with modify permissions: ***; groups with modify permissions: EMPTY
[2025-12-11T09:01:51.007+0000] {subprocess.py:93} INFO - 25/12/11 09:01:51 INFO Utils: Successfully started service 'sparkDriver' on port 44423.
[2025-12-11T09:01:51.731+0000] {subprocess.py:93} INFO - 25/12/11 09:01:51 INFO SparkEnv: Registering MapOutputTracker
[2025-12-11T09:01:52.061+0000] {subprocess.py:93} INFO - 25/12/11 09:01:52 INFO SparkEnv: Registering BlockManagerMaster
[2025-12-11T09:01:52.219+0000] {subprocess.py:93} INFO - 25/12/11 09:01:52 INFO BlockManagerMasterEndpoint: Using org.apache.spark.storage.DefaultTopologyMapper for getting topology information
[2025-12-11T09:01:52.230+0000] {subprocess.py:93} INFO - 25/12/11 09:01:52 INFO BlockManagerMasterEndpoint: BlockManagerMasterEndpoint up
[2025-12-11T09:01:52.250+0000] {subprocess.py:93} INFO - 25/12/11 09:01:52 INFO SparkEnv: Registering BlockManagerMasterHeartbeat
[2025-12-11T09:01:52.385+0000] {subprocess.py:93} INFO - 25/12/11 09:01:52 INFO DiskBlockManager: Created local directory at /tmp/blockmgr-03e00228-72b7-4f6a-9a09-210c5f83b420
[2025-12-11T09:01:52.450+0000] {subprocess.py:93} INFO - 25/12/11 09:01:52 INFO MemoryStore: MemoryStore started with capacity 434.4 MiB
[2025-12-11T09:01:52.526+0000] {subprocess.py:93} INFO - 25/12/11 09:01:52 INFO SparkEnv: Registering OutputCommitCoordinator
[2025-12-11T09:01:53.642+0000] {subprocess.py:93} INFO - 25/12/11 09:01:53 INFO JettyUtils: Start Jetty 0.0.0.0:4040 for SparkUI
[2025-12-11T09:01:54.292+0000] {subprocess.py:93} INFO - 25/12/11 09:01:54 WARN Utils: Service 'SparkUI' could not bind on port 4040. Attempting port 4041.
[2025-12-11T09:01:54.360+0000] {subprocess.py:93} INFO - 25/12/11 09:01:54 WARN Utils: Service 'SparkUI' could not bind on port 4041. Attempting port 4042.
[2025-12-11T09:01:54.367+0000] {subprocess.py:93} INFO - 25/12/11 09:01:54 WARN Utils: Service 'SparkUI' could not bind on port 4042. Attempting port 4043.
[2025-12-11T09:01:54.399+0000] {subprocess.py:93} INFO - 25/12/11 09:01:54 WARN Utils: Service 'SparkUI' could not bind on port 4043. Attempting port 4044.
[2025-12-11T09:01:54.580+0000] {subprocess.py:93} INFO - 25/12/11 09:01:54 INFO Utils: Successfully started service 'SparkUI' on port 4044.
[2025-12-11T09:01:55.114+0000] {subprocess.py:93} INFO - 25/12/11 09:01:55 INFO SparkContext: Added JAR file:///home/***/.ivy2/jars/org.apache.hadoop_hadoop-aws-3.3.4.jar at spark://e428b2e16328:44423/jars/org.apache.hadoop_hadoop-aws-3.3.4.jar with timestamp 1765443707481
[2025-12-11T09:01:55.331+0000] {subprocess.py:93} INFO - 25/12/11 09:01:55 INFO SparkContext: Added JAR file:///home/***/.ivy2/jars/com.amazonaws_aws-java-sdk-bundle-1.12.262.jar at spark://e428b2e16328:44423/jars/com.amazonaws_aws-java-sdk-bundle-1.12.262.jar with timestamp 1765443707481
[2025-12-11T09:01:55.364+0000] {subprocess.py:93} INFO - 25/12/11 09:01:55 INFO SparkContext: Added JAR file:///home/***/.ivy2/jars/org.wildfly.openssl_wildfly-openssl-1.0.7.Final.jar at spark://e428b2e16328:44423/jars/org.wildfly.openssl_wildfly-openssl-1.0.7.Final.jar with timestamp 1765443707481
[2025-12-11T09:01:55.366+0000] {subprocess.py:93} INFO - 25/12/11 09:01:55 INFO SparkContext: Added file file:///home/***/.ivy2/jars/org.apache.hadoop_hadoop-aws-3.3.4.jar at file:///home/***/.ivy2/jars/org.apache.hadoop_hadoop-aws-3.3.4.jar with timestamp 1765443707481
[2025-12-11T09:01:55.427+0000] {subprocess.py:93} INFO - 25/12/11 09:01:55 INFO Utils: Copying /home/***/.ivy2/jars/org.apache.hadoop_hadoop-aws-3.3.4.jar to /tmp/spark-dd406222-3aba-47a1-aa14-453b97635c44/userFiles-d5e93fac-f6e9-432c-8829-97eb67699227/org.apache.hadoop_hadoop-aws-3.3.4.jar
[2025-12-11T09:01:55.863+0000] {subprocess.py:93} INFO - 25/12/11 09:01:55 INFO SparkContext: Added file file:///home/***/.ivy2/jars/com.amazonaws_aws-java-sdk-bundle-1.12.262.jar at file:///home/***/.ivy2/jars/com.amazonaws_aws-java-sdk-bundle-1.12.262.jar with timestamp 1765443707481
[2025-12-11T09:01:55.865+0000] {subprocess.py:93} INFO - 25/12/11 09:01:55 INFO Utils: Copying /home/***/.ivy2/jars/com.amazonaws_aws-java-sdk-bundle-1.12.262.jar to /tmp/spark-dd406222-3aba-47a1-aa14-453b97635c44/userFiles-d5e93fac-f6e9-432c-8829-97eb67699227/com.amazonaws_aws-java-sdk-bundle-1.12.262.jar
[2025-12-11T09:02:10.202+0000] {subprocess.py:93} INFO - 25/12/11 09:02:10 INFO SparkContext: Added file file:///home/***/.ivy2/jars/org.wildfly.openssl_wildfly-openssl-1.0.7.Final.jar at file:///home/***/.ivy2/jars/org.wildfly.openssl_wildfly-openssl-1.0.7.Final.jar with timestamp 1765443707481
[2025-12-11T09:02:10.284+0000] {subprocess.py:93} INFO - 25/12/11 09:02:10 INFO Utils: Copying /home/***/.ivy2/jars/org.wildfly.openssl_wildfly-openssl-1.0.7.Final.jar to /tmp/spark-dd406222-3aba-47a1-aa14-453b97635c44/userFiles-d5e93fac-f6e9-432c-8829-97eb67699227/org.wildfly.openssl_wildfly-openssl-1.0.7.Final.jar
[2025-12-11T09:02:11.814+0000] {subprocess.py:93} INFO - 25/12/11 09:02:11 INFO Executor: Starting executor ID driver on host e428b2e16328
[2025-12-11T09:02:11.818+0000] {subprocess.py:93} INFO - 25/12/11 09:02:11 INFO Executor: OS info Linux, 6.6.87.2-microsoft-standard-WSL2, amd64
[2025-12-11T09:02:11.822+0000] {subprocess.py:93} INFO - 25/12/11 09:02:11 INFO Executor: Java version 17.0.17
[2025-12-11T09:02:11.864+0000] {subprocess.py:93} INFO - 25/12/11 09:02:11 INFO Executor: Starting executor with user classpath (userClassPathFirst = false): ''
[2025-12-11T09:02:11.870+0000] {subprocess.py:93} INFO - 25/12/11 09:02:11 INFO Executor: Created or updated repl class loader org.apache.spark.util.MutableURLClassLoader@ca0196 for default.
[2025-12-11T09:02:11.946+0000] {subprocess.py:93} INFO - 25/12/11 09:02:11 INFO Executor: Fetching file:///home/***/.ivy2/jars/com.amazonaws_aws-java-sdk-bundle-1.12.262.jar with timestamp 1765443707481
[2025-12-11T09:02:17.469+0000] {subprocess.py:93} INFO - 25/12/11 09:02:17 INFO Utils: /home/***/.ivy2/jars/com.amazonaws_aws-java-sdk-bundle-1.12.262.jar has been previously copied to /tmp/spark-dd406222-3aba-47a1-aa14-453b97635c44/userFiles-d5e93fac-f6e9-432c-8829-97eb67699227/com.amazonaws_aws-java-sdk-bundle-1.12.262.jar
[2025-12-11T09:02:17.538+0000] {subprocess.py:93} INFO - 25/12/11 09:02:17 INFO Executor: Fetching file:///home/***/.ivy2/jars/org.wildfly.openssl_wildfly-openssl-1.0.7.Final.jar with timestamp 1765443707481
[2025-12-11T09:02:17.546+0000] {subprocess.py:93} INFO - 25/12/11 09:02:17 INFO Utils: /home/***/.ivy2/jars/org.wildfly.openssl_wildfly-openssl-1.0.7.Final.jar has been previously copied to /tmp/spark-dd406222-3aba-47a1-aa14-453b97635c44/userFiles-d5e93fac-f6e9-432c-8829-97eb67699227/org.wildfly.openssl_wildfly-openssl-1.0.7.Final.jar
[2025-12-11T09:02:17.557+0000] {subprocess.py:93} INFO - 25/12/11 09:02:17 INFO Executor: Fetching file:///home/***/.ivy2/jars/org.apache.hadoop_hadoop-aws-3.3.4.jar with timestamp 1765443707481
[2025-12-11T09:02:17.565+0000] {subprocess.py:93} INFO - 25/12/11 09:02:17 INFO Utils: /home/***/.ivy2/jars/org.apache.hadoop_hadoop-aws-3.3.4.jar has been previously copied to /tmp/spark-dd406222-3aba-47a1-aa14-453b97635c44/userFiles-d5e93fac-f6e9-432c-8829-97eb67699227/org.apache.hadoop_hadoop-aws-3.3.4.jar
[2025-12-11T09:02:17.590+0000] {subprocess.py:93} INFO - 25/12/11 09:02:17 INFO Executor: Fetching spark://e428b2e16328:44423/jars/org.wildfly.openssl_wildfly-openssl-1.0.7.Final.jar with timestamp 1765443707481
[2025-12-11T09:02:17.880+0000] {subprocess.py:93} INFO - 25/12/11 09:02:17 INFO TransportClientFactory: Successfully created connection to e428b2e16328/172.20.0.9:44423 after 197 ms (0 ms spent in bootstraps)
[2025-12-11T09:02:17.923+0000] {subprocess.py:93} INFO - 25/12/11 09:02:17 INFO Utils: Fetching spark://e428b2e16328:44423/jars/org.wildfly.openssl_wildfly-openssl-1.0.7.Final.jar to /tmp/spark-dd406222-3aba-47a1-aa14-453b97635c44/userFiles-d5e93fac-f6e9-432c-8829-97eb67699227/fetchFileTemp13309465192162400012.tmp
[2025-12-11T09:02:18.060+0000] {subprocess.py:93} INFO - 25/12/11 09:02:18 INFO Utils: /tmp/spark-dd406222-3aba-47a1-aa14-453b97635c44/userFiles-d5e93fac-f6e9-432c-8829-97eb67699227/fetchFileTemp13309465192162400012.tmp has been previously copied to /tmp/spark-dd406222-3aba-47a1-aa14-453b97635c44/userFiles-d5e93fac-f6e9-432c-8829-97eb67699227/org.wildfly.openssl_wildfly-openssl-1.0.7.Final.jar
[2025-12-11T09:02:18.075+0000] {subprocess.py:93} INFO - 25/12/11 09:02:18 INFO Executor: Adding file:/tmp/spark-dd406222-3aba-47a1-aa14-453b97635c44/userFiles-d5e93fac-f6e9-432c-8829-97eb67699227/org.wildfly.openssl_wildfly-openssl-1.0.7.Final.jar to class loader default
[2025-12-11T09:02:18.078+0000] {subprocess.py:93} INFO - 25/12/11 09:02:18 INFO Executor: Fetching spark://e428b2e16328:44423/jars/org.apache.hadoop_hadoop-aws-3.3.4.jar with timestamp 1765443707481
[2025-12-11T09:02:18.081+0000] {subprocess.py:93} INFO - 25/12/11 09:02:18 INFO Utils: Fetching spark://e428b2e16328:44423/jars/org.apache.hadoop_hadoop-aws-3.3.4.jar to /tmp/spark-dd406222-3aba-47a1-aa14-453b97635c44/userFiles-d5e93fac-f6e9-432c-8829-97eb67699227/fetchFileTemp1975962620068274789.tmp
[2025-12-11T09:02:18.105+0000] {subprocess.py:93} INFO - 25/12/11 09:02:18 INFO Utils: /tmp/spark-dd406222-3aba-47a1-aa14-453b97635c44/userFiles-d5e93fac-f6e9-432c-8829-97eb67699227/fetchFileTemp1975962620068274789.tmp has been previously copied to /tmp/spark-dd406222-3aba-47a1-aa14-453b97635c44/userFiles-d5e93fac-f6e9-432c-8829-97eb67699227/org.apache.hadoop_hadoop-aws-3.3.4.jar
[2025-12-11T09:02:18.120+0000] {subprocess.py:93} INFO - 25/12/11 09:02:18 INFO Executor: Adding file:/tmp/spark-dd406222-3aba-47a1-aa14-453b97635c44/userFiles-d5e93fac-f6e9-432c-8829-97eb67699227/org.apache.hadoop_hadoop-aws-3.3.4.jar to class loader default
[2025-12-11T09:02:18.123+0000] {subprocess.py:93} INFO - 25/12/11 09:02:18 INFO Executor: Fetching spark://e428b2e16328:44423/jars/com.amazonaws_aws-java-sdk-bundle-1.12.262.jar with timestamp 1765443707481
[2025-12-11T09:02:18.129+0000] {subprocess.py:93} INFO - 25/12/11 09:02:18 INFO Utils: Fetching spark://e428b2e16328:44423/jars/com.amazonaws_aws-java-sdk-bundle-1.12.262.jar to /tmp/spark-dd406222-3aba-47a1-aa14-453b97635c44/userFiles-d5e93fac-f6e9-432c-8829-97eb67699227/fetchFileTemp5857161215438644152.tmp
[2025-12-11T09:02:24.310+0000] {subprocess.py:93} INFO - 25/12/11 09:02:24 INFO Utils: /tmp/spark-dd406222-3aba-47a1-aa14-453b97635c44/userFiles-d5e93fac-f6e9-432c-8829-97eb67699227/fetchFileTemp5857161215438644152.tmp has been previously copied to /tmp/spark-dd406222-3aba-47a1-aa14-453b97635c44/userFiles-d5e93fac-f6e9-432c-8829-97eb67699227/com.amazonaws_aws-java-sdk-bundle-1.12.262.jar
[2025-12-11T09:02:24.358+0000] {subprocess.py:93} INFO - 25/12/11 09:02:24 INFO Executor: Adding file:/tmp/spark-dd406222-3aba-47a1-aa14-453b97635c44/userFiles-d5e93fac-f6e9-432c-8829-97eb67699227/com.amazonaws_aws-java-sdk-bundle-1.12.262.jar to class loader default
[2025-12-11T09:02:24.466+0000] {subprocess.py:93} INFO - 25/12/11 09:02:24 INFO Utils: Successfully started service 'org.apache.spark.network.netty.NettyBlockTransferService' on port 45749.
[2025-12-11T09:02:24.467+0000] {subprocess.py:93} INFO - 25/12/11 09:02:24 INFO NettyBlockTransferService: Server created on e428b2e16328:45749
[2025-12-11T09:02:24.488+0000] {subprocess.py:93} INFO - 25/12/11 09:02:24 INFO BlockManager: Using org.apache.spark.storage.RandomBlockReplicationPolicy for block replication policy
[2025-12-11T09:02:24.597+0000] {subprocess.py:93} INFO - 25/12/11 09:02:24 INFO BlockManagerMaster: Registering BlockManager BlockManagerId(driver, e428b2e16328, 45749, None)
[2025-12-11T09:02:24.629+0000] {subprocess.py:93} INFO - 25/12/11 09:02:24 INFO BlockManagerMasterEndpoint: Registering block manager e428b2e16328:45749 with 434.4 MiB RAM, BlockManagerId(driver, e428b2e16328, 45749, None)
[2025-12-11T09:02:24.652+0000] {subprocess.py:93} INFO - 25/12/11 09:02:24 INFO BlockManagerMaster: Registered BlockManager BlockManagerId(driver, e428b2e16328, 45749, None)
[2025-12-11T09:02:24.660+0000] {subprocess.py:93} INFO - 25/12/11 09:02:24 INFO BlockManager: Initialized BlockManager: BlockManagerId(driver, e428b2e16328, 45749, None)
[2025-12-11T09:02:27.474+0000] {subprocess.py:93} INFO - ✅ Spark Session created successfully!
[2025-12-11T09:02:27.476+0000] {subprocess.py:93} INFO - 
[2025-12-11T09:02:27.478+0000] {subprocess.py:93} INFO - 📍 Step 2: Reading Bronze Layer...
[2025-12-11T09:02:27.481+0000] {subprocess.py:93} INFO - 📂 Reading from: s3a://datalake/bronze/emails/
[2025-12-11T09:02:27.604+0000] {subprocess.py:93} INFO - 25/12/11 09:02:27 INFO SharedState: Setting hive.metastore.warehouse.dir ('null') to the value of spark.sql.warehouse.dir.
[2025-12-11T09:02:27.610+0000] {subprocess.py:93} INFO - 25/12/11 09:02:27 INFO SharedState: Warehouse path is 'file:/tmp/***tmpmmwpip6v/spark-warehouse'.
[2025-12-11T09:02:32.384+0000] {subprocess.py:93} INFO - 25/12/11 09:02:32 WARN MetricsConfig: Cannot locate configuration: tried hadoop-metrics2-s3a-file-system.properties,hadoop-metrics2.properties
[2025-12-11T09:02:32.419+0000] {subprocess.py:93} INFO - 25/12/11 09:02:32 INFO MetricsSystemImpl: Scheduled Metric snapshot period at 10 second(s).
[2025-12-11T09:02:32.420+0000] {subprocess.py:93} INFO - 25/12/11 09:02:32 INFO MetricsSystemImpl: s3a-file-system metrics system started
[2025-12-11T09:02:35.428+0000] {subprocess.py:93} INFO - 25/12/11 09:02:35 INFO MetadataLogFileIndex: Reading streaming file log from s3a://datalake/bronze/emails/_spark_metadata
[2025-12-11T09:02:35.601+0000] {subprocess.py:93} INFO - 25/12/11 09:02:35 INFO FileStreamSinkLog: BatchIds found from listing: 0, 1, 2, 3, 4, 5, 6, 7, 8, 9, 10, 11
[2025-12-11T09:02:35.680+0000] {subprocess.py:93} INFO - 25/12/11 09:02:35 INFO FileStreamSinkLog: Set the compact interval to 10 [defaultCompactInterval: 10]
[2025-12-11T09:02:35.700+0000] {subprocess.py:93} INFO - 25/12/11 09:02:35 INFO deprecation: org.apache.hadoop.shaded.io.bytes.per.checksum is deprecated. Instead, use dfs.bytes-per-checksum
[2025-12-11T09:02:37.032+0000] {subprocess.py:93} INFO - 25/12/11 09:02:37 INFO SparkContext: Starting job: parquet at NativeMethodAccessorImpl.java:0
[2025-12-11T09:02:37.079+0000] {subprocess.py:93} INFO - 25/12/11 09:02:37 INFO DAGScheduler: Got job 0 (parquet at NativeMethodAccessorImpl.java:0) with 1 output partitions
[2025-12-11T09:02:37.081+0000] {subprocess.py:93} INFO - 25/12/11 09:02:37 INFO DAGScheduler: Final stage: ResultStage 0 (parquet at NativeMethodAccessorImpl.java:0)
[2025-12-11T09:02:37.084+0000] {subprocess.py:93} INFO - 25/12/11 09:02:37 INFO DAGScheduler: Parents of final stage: List()
[2025-12-11T09:02:37.089+0000] {subprocess.py:93} INFO - 25/12/11 09:02:37 INFO DAGScheduler: Missing parents: List()
[2025-12-11T09:02:37.103+0000] {subprocess.py:93} INFO - 25/12/11 09:02:37 INFO DAGScheduler: Submitting ResultStage 0 (MapPartitionsRDD[1] at parquet at NativeMethodAccessorImpl.java:0), which has no missing parents
[2025-12-11T09:02:37.427+0000] {subprocess.py:93} INFO - 25/12/11 09:02:37 INFO MemoryStore: Block broadcast_0 stored as values in memory (estimated size 105.5 KiB, free 434.3 MiB)
[2025-12-11T09:02:37.563+0000] {subprocess.py:93} INFO - 25/12/11 09:02:37 INFO MemoryStore: Block broadcast_0_piece0 stored as bytes in memory (estimated size 38.2 KiB, free 434.3 MiB)
[2025-12-11T09:02:37.573+0000] {subprocess.py:93} INFO - 25/12/11 09:02:37 INFO BlockManagerInfo: Added broadcast_0_piece0 in memory on e428b2e16328:45749 (size: 38.2 KiB, free: 434.4 MiB)
[2025-12-11T09:02:37.587+0000] {subprocess.py:93} INFO - 25/12/11 09:02:37 INFO SparkContext: Created broadcast 0 from broadcast at DAGScheduler.scala:1580
[2025-12-11T09:02:37.630+0000] {subprocess.py:93} INFO - 25/12/11 09:02:37 INFO DAGScheduler: Submitting 1 missing tasks from ResultStage 0 (MapPartitionsRDD[1] at parquet at NativeMethodAccessorImpl.java:0) (first 15 tasks are for partitions Vector(0))
[2025-12-11T09:02:37.633+0000] {subprocess.py:93} INFO - 25/12/11 09:02:37 INFO TaskSchedulerImpl: Adding task set 0.0 with 1 tasks resource profile 0
[2025-12-11T09:02:37.753+0000] {subprocess.py:93} INFO - 25/12/11 09:02:37 INFO TaskSetManager: Starting task 0.0 in stage 0.0 (TID 0) (e428b2e16328, executor driver, partition 0, PROCESS_LOCAL, 8496 bytes)
[2025-12-11T09:02:37.797+0000] {subprocess.py:93} INFO - 25/12/11 09:02:37 INFO Executor: Running task 0.0 in stage 0.0 (TID 0)
[2025-12-11T09:02:38.238+0000] {subprocess.py:93} INFO - 25/12/11 09:02:38 ERROR Executor: Exception in task 0.0 in stage 0.0 (TID 0)
[2025-12-11T09:02:38.240+0000] {subprocess.py:93} INFO - org.apache.spark.SparkException: Exception thrown in awaitResult:
[2025-12-11T09:02:38.242+0000] {subprocess.py:93} INFO - 	at org.apache.spark.util.SparkThreadUtils$.awaitResult(SparkThreadUtils.scala:56)
[2025-12-11T09:02:38.244+0000] {subprocess.py:93} INFO - 	at org.apache.spark.util.ThreadUtils$.awaitResult(ThreadUtils.scala:310)
[2025-12-11T09:02:38.246+0000] {subprocess.py:93} INFO - 	at org.apache.spark.util.ThreadUtils$.parmap(ThreadUtils.scala:383)
[2025-12-11T09:02:38.247+0000] {subprocess.py:93} INFO - 	at org.apache.spark.sql.execution.datasources.parquet.ParquetFileFormat$.readParquetFootersInParallel(ParquetFileFormat.scala:443)
[2025-12-11T09:02:38.248+0000] {subprocess.py:93} INFO - 	at org.apache.spark.sql.execution.datasources.parquet.ParquetFileFormat$.$anonfun$mergeSchemasInParallel$1(ParquetFileFormat.scala:493)
[2025-12-11T09:02:38.250+0000] {subprocess.py:93} INFO - 	at org.apache.spark.sql.execution.datasources.parquet.ParquetFileFormat$.$anonfun$mergeSchemasInParallel$1$adapted(ParquetFileFormat.scala:485)
[2025-12-11T09:02:38.251+0000] {subprocess.py:93} INFO - 	at org.apache.spark.sql.execution.datasources.SchemaMergeUtils$.$anonfun$mergeSchemasInParallel$2(SchemaMergeUtils.scala:79)
[2025-12-11T09:02:38.255+0000] {subprocess.py:93} INFO - 	at org.apache.spark.rdd.RDD.$anonfun$mapPartitions$2(RDD.scala:855)
[2025-12-11T09:02:38.256+0000] {subprocess.py:93} INFO - 	at org.apache.spark.rdd.RDD.$anonfun$mapPartitions$2$adapted(RDD.scala:855)
[2025-12-11T09:02:38.258+0000] {subprocess.py:93} INFO - 	at org.apache.spark.rdd.MapPartitionsRDD.compute(MapPartitionsRDD.scala:52)
[2025-12-11T09:02:38.260+0000] {subprocess.py:93} INFO - 	at org.apache.spark.rdd.RDD.computeOrReadCheckpoint(RDD.scala:364)
[2025-12-11T09:02:38.261+0000] {subprocess.py:93} INFO - 	at org.apache.spark.rdd.RDD.iterator(RDD.scala:328)
[2025-12-11T09:02:38.262+0000] {subprocess.py:93} INFO - 	at org.apache.spark.scheduler.ResultTask.runTask(ResultTask.scala:93)
[2025-12-11T09:02:38.264+0000] {subprocess.py:93} INFO - 	at org.apache.spark.TaskContext.runTaskWithListeners(TaskContext.scala:161)
[2025-12-11T09:02:38.265+0000] {subprocess.py:93} INFO - 	at org.apache.spark.scheduler.Task.run(Task.scala:141)
[2025-12-11T09:02:38.266+0000] {subprocess.py:93} INFO - 	at org.apache.spark.executor.Executor$TaskRunner.$anonfun$run$4(Executor.scala:620)
[2025-12-11T09:02:38.268+0000] {subprocess.py:93} INFO - 	at org.apache.spark.util.SparkErrorUtils.tryWithSafeFinally(SparkErrorUtils.scala:64)
[2025-12-11T09:02:38.269+0000] {subprocess.py:93} INFO - 	at org.apache.spark.util.SparkErrorUtils.tryWithSafeFinally$(SparkErrorUtils.scala:61)
[2025-12-11T09:02:38.270+0000] {subprocess.py:93} INFO - 	at org.apache.spark.util.Utils$.tryWithSafeFinally(Utils.scala:94)
[2025-12-11T09:02:38.272+0000] {subprocess.py:93} INFO - 	at org.apache.spark.executor.Executor$TaskRunner.run(Executor.scala:623)
[2025-12-11T09:02:38.273+0000] {subprocess.py:93} INFO - 	at java.base/java.util.concurrent.ThreadPoolExecutor.runWorker(ThreadPoolExecutor.java:1136)
[2025-12-11T09:02:38.274+0000] {subprocess.py:93} INFO - 	at java.base/java.util.concurrent.ThreadPoolExecutor$Worker.run(ThreadPoolExecutor.java:635)
[2025-12-11T09:02:38.275+0000] {subprocess.py:93} INFO - 	at java.base/java.lang.Thread.run(Thread.java:840)
[2025-12-11T09:02:38.277+0000] {subprocess.py:93} INFO - Caused by: java.io.FileNotFoundException: No such file or directory: s3a://datalake/bronze/emails/part-00000-1c68fb81-6134-41dd-8365-c442546d28c7-c000.snappy.parquet
[2025-12-11T09:02:38.281+0000] {subprocess.py:93} INFO - 	at org.apache.hadoop.fs.s3a.S3AFileSystem.s3GetFileStatus(S3AFileSystem.java:3866)
[2025-12-11T09:02:38.282+0000] {subprocess.py:93} INFO - 	at org.apache.hadoop.fs.s3a.S3AFileSystem.innerGetFileStatus(S3AFileSystem.java:3688)
[2025-12-11T09:02:38.283+0000] {subprocess.py:93} INFO - 	at org.apache.hadoop.fs.s3a.S3AFileSystem.extractOrFetchSimpleFileStatus(S3AFileSystem.java:5401)
[2025-12-11T09:02:38.284+0000] {subprocess.py:93} INFO - 	at org.apache.hadoop.fs.s3a.S3AFileSystem.open(S3AFileSystem.java:1465)
[2025-12-11T09:02:38.286+0000] {subprocess.py:93} INFO - 	at org.apache.hadoop.fs.s3a.S3AFileSystem.open(S3AFileSystem.java:1441)
[2025-12-11T09:02:38.288+0000] {subprocess.py:93} INFO - 	at org.apache.hadoop.fs.FileSystem.open(FileSystem.java:976)
[2025-12-11T09:02:38.290+0000] {subprocess.py:93} INFO - 	at org.apache.parquet.hadoop.util.HadoopInputFile.newStream(HadoopInputFile.java:69)
[2025-12-11T09:02:38.291+0000] {subprocess.py:93} INFO - 	at org.apache.parquet.hadoop.ParquetFileReader.<init>(ParquetFileReader.java:796)
[2025-12-11T09:02:38.292+0000] {subprocess.py:93} INFO - 	at org.apache.parquet.hadoop.ParquetFileReader.open(ParquetFileReader.java:666)
[2025-12-11T09:02:38.293+0000] {subprocess.py:93} INFO - 	at org.apache.spark.sql.execution.datasources.parquet.ParquetFooterReader.readFooter(ParquetFooterReader.java:85)
[2025-12-11T09:02:38.295+0000] {subprocess.py:93} INFO - 	at org.apache.spark.sql.execution.datasources.parquet.ParquetFooterReader.readFooter(ParquetFooterReader.java:76)
[2025-12-11T09:02:38.297+0000] {subprocess.py:93} INFO - 	at org.apache.spark.sql.execution.datasources.parquet.ParquetFileFormat$.$anonfun$readParquetFootersInParallel$1(ParquetFileFormat.scala:450)
[2025-12-11T09:02:38.299+0000] {subprocess.py:93} INFO - 	at org.apache.spark.util.ThreadUtils$.$anonfun$parmap$2(ThreadUtils.scala:380)
[2025-12-11T09:02:38.301+0000] {subprocess.py:93} INFO - 	at scala.concurrent.Future$.$anonfun$apply$1(Future.scala:659)
[2025-12-11T09:02:38.303+0000] {subprocess.py:93} INFO - 	at scala.util.Success.$anonfun$map$1(Try.scala:255)
[2025-12-11T09:02:38.305+0000] {subprocess.py:93} INFO - 	at scala.util.Success.map(Try.scala:213)
[2025-12-11T09:02:38.308+0000] {subprocess.py:93} INFO - 	at scala.concurrent.Future.$anonfun$map$1(Future.scala:292)
[2025-12-11T09:02:38.309+0000] {subprocess.py:93} INFO - 	at scala.concurrent.impl.Promise.liftedTree1$1(Promise.scala:33)
[2025-12-11T09:02:38.311+0000] {subprocess.py:93} INFO - 	at scala.concurrent.impl.Promise.$anonfun$transform$1(Promise.scala:33)
[2025-12-11T09:02:38.414+0000] {subprocess.py:93} INFO - 	at scala.concurrent.impl.CallbackRunnable.run(Promise.scala:64)
[2025-12-11T09:02:38.416+0000] {subprocess.py:93} INFO - 	at java.base/java.util.concurrent.ForkJoinTask$RunnableExecuteAction.exec(ForkJoinTask.java:1395)
[2025-12-11T09:02:38.427+0000] {subprocess.py:93} INFO - 	at java.base/java.util.concurrent.ForkJoinTask.doExec(ForkJoinTask.java:373)
[2025-12-11T09:02:38.432+0000] {subprocess.py:93} INFO - 	at java.base/java.util.concurrent.ForkJoinPool$WorkQueue.topLevelExec(ForkJoinPool.java:1182)
[2025-12-11T09:02:38.434+0000] {subprocess.py:93} INFO - 	at java.base/java.util.concurrent.ForkJoinPool.scan(ForkJoinPool.java:1655)
[2025-12-11T09:02:38.435+0000] {subprocess.py:93} INFO - 	at java.base/java.util.concurrent.ForkJoinPool.runWorker(ForkJoinPool.java:1622)
[2025-12-11T09:02:38.438+0000] {subprocess.py:93} INFO - 	at java.base/java.util.concurrent.ForkJoinWorkerThread.run(ForkJoinWorkerThread.java:165)
[2025-12-11T09:02:38.440+0000] {subprocess.py:93} INFO - 25/12/11 09:02:38 WARN TaskSetManager: Lost task 0.0 in stage 0.0 (TID 0) (e428b2e16328 executor driver): org.apache.spark.SparkException: Exception thrown in awaitResult:
[2025-12-11T09:02:38.442+0000] {subprocess.py:93} INFO - 	at org.apache.spark.util.SparkThreadUtils$.awaitResult(SparkThreadUtils.scala:56)
[2025-12-11T09:02:38.445+0000] {subprocess.py:93} INFO - 	at org.apache.spark.util.ThreadUtils$.awaitResult(ThreadUtils.scala:310)
[2025-12-11T09:02:38.447+0000] {subprocess.py:93} INFO - 	at org.apache.spark.util.ThreadUtils$.parmap(ThreadUtils.scala:383)
[2025-12-11T09:02:38.451+0000] {subprocess.py:93} INFO - 	at org.apache.spark.sql.execution.datasources.parquet.ParquetFileFormat$.readParquetFootersInParallel(ParquetFileFormat.scala:443)
[2025-12-11T09:02:38.452+0000] {subprocess.py:93} INFO - 	at org.apache.spark.sql.execution.datasources.parquet.ParquetFileFormat$.$anonfun$mergeSchemasInParallel$1(ParquetFileFormat.scala:493)
[2025-12-11T09:02:38.454+0000] {subprocess.py:93} INFO - 	at org.apache.spark.sql.execution.datasources.parquet.ParquetFileFormat$.$anonfun$mergeSchemasInParallel$1$adapted(ParquetFileFormat.scala:485)
[2025-12-11T09:02:38.455+0000] {subprocess.py:93} INFO - 	at org.apache.spark.sql.execution.datasources.SchemaMergeUtils$.$anonfun$mergeSchemasInParallel$2(SchemaMergeUtils.scala:79)
[2025-12-11T09:02:38.457+0000] {subprocess.py:93} INFO - 	at org.apache.spark.rdd.RDD.$anonfun$mapPartitions$2(RDD.scala:855)
[2025-12-11T09:02:38.459+0000] {subprocess.py:93} INFO - 	at org.apache.spark.rdd.RDD.$anonfun$mapPartitions$2$adapted(RDD.scala:855)
[2025-12-11T09:02:38.460+0000] {subprocess.py:93} INFO - 	at org.apache.spark.rdd.MapPartitionsRDD.compute(MapPartitionsRDD.scala:52)
[2025-12-11T09:02:38.461+0000] {subprocess.py:93} INFO - 	at org.apache.spark.rdd.RDD.computeOrReadCheckpoint(RDD.scala:364)
[2025-12-11T09:02:38.463+0000] {subprocess.py:93} INFO - 	at org.apache.spark.rdd.RDD.iterator(RDD.scala:328)
[2025-12-11T09:02:38.465+0000] {subprocess.py:93} INFO - 	at org.apache.spark.scheduler.ResultTask.runTask(ResultTask.scala:93)
[2025-12-11T09:02:38.467+0000] {subprocess.py:93} INFO - 	at org.apache.spark.TaskContext.runTaskWithListeners(TaskContext.scala:161)
[2025-12-11T09:02:38.470+0000] {subprocess.py:93} INFO - 	at org.apache.spark.scheduler.Task.run(Task.scala:141)
[2025-12-11T09:02:38.472+0000] {subprocess.py:93} INFO - 	at org.apache.spark.executor.Executor$TaskRunner.$anonfun$run$4(Executor.scala:620)
[2025-12-11T09:02:38.474+0000] {subprocess.py:93} INFO - 	at org.apache.spark.util.SparkErrorUtils.tryWithSafeFinally(SparkErrorUtils.scala:64)
[2025-12-11T09:02:38.477+0000] {subprocess.py:93} INFO - 	at org.apache.spark.util.SparkErrorUtils.tryWithSafeFinally$(SparkErrorUtils.scala:61)
[2025-12-11T09:02:38.479+0000] {subprocess.py:93} INFO - 	at org.apache.spark.util.Utils$.tryWithSafeFinally(Utils.scala:94)
[2025-12-11T09:02:38.482+0000] {subprocess.py:93} INFO - 	at org.apache.spark.executor.Executor$TaskRunner.run(Executor.scala:623)
[2025-12-11T09:02:38.485+0000] {subprocess.py:93} INFO - 	at java.base/java.util.concurrent.ThreadPoolExecutor.runWorker(ThreadPoolExecutor.java:1136)
[2025-12-11T09:02:38.487+0000] {subprocess.py:93} INFO - 	at java.base/java.util.concurrent.ThreadPoolExecutor$Worker.run(ThreadPoolExecutor.java:635)
[2025-12-11T09:02:38.490+0000] {subprocess.py:93} INFO - 	at java.base/java.lang.Thread.run(Thread.java:840)
[2025-12-11T09:02:38.491+0000] {subprocess.py:93} INFO - Caused by: java.io.FileNotFoundException: No such file or directory: s3a://datalake/bronze/emails/part-00000-1c68fb81-6134-41dd-8365-c442546d28c7-c000.snappy.parquet
[2025-12-11T09:02:38.492+0000] {subprocess.py:93} INFO - 	at org.apache.hadoop.fs.s3a.S3AFileSystem.s3GetFileStatus(S3AFileSystem.java:3866)
[2025-12-11T09:02:38.495+0000] {subprocess.py:93} INFO - 	at org.apache.hadoop.fs.s3a.S3AFileSystem.innerGetFileStatus(S3AFileSystem.java:3688)
[2025-12-11T09:02:38.500+0000] {subprocess.py:93} INFO - 	at org.apache.hadoop.fs.s3a.S3AFileSystem.extractOrFetchSimpleFileStatus(S3AFileSystem.java:5401)
[2025-12-11T09:02:38.502+0000] {subprocess.py:93} INFO - 	at org.apache.hadoop.fs.s3a.S3AFileSystem.open(S3AFileSystem.java:1465)
[2025-12-11T09:02:38.504+0000] {subprocess.py:93} INFO - 	at org.apache.hadoop.fs.s3a.S3AFileSystem.open(S3AFileSystem.java:1441)
[2025-12-11T09:02:38.508+0000] {subprocess.py:93} INFO - 	at org.apache.hadoop.fs.FileSystem.open(FileSystem.java:976)
[2025-12-11T09:02:38.509+0000] {subprocess.py:93} INFO - 	at org.apache.parquet.hadoop.util.HadoopInputFile.newStream(HadoopInputFile.java:69)
[2025-12-11T09:02:38.513+0000] {subprocess.py:93} INFO - 	at org.apache.parquet.hadoop.ParquetFileReader.<init>(ParquetFileReader.java:796)
[2025-12-11T09:02:38.515+0000] {subprocess.py:93} INFO - 	at org.apache.parquet.hadoop.ParquetFileReader.open(ParquetFileReader.java:666)
[2025-12-11T09:02:38.517+0000] {subprocess.py:93} INFO - 	at org.apache.spark.sql.execution.datasources.parquet.ParquetFooterReader.readFooter(ParquetFooterReader.java:85)
[2025-12-11T09:02:38.519+0000] {subprocess.py:93} INFO - 	at org.apache.spark.sql.execution.datasources.parquet.ParquetFooterReader.readFooter(ParquetFooterReader.java:76)
[2025-12-11T09:02:38.520+0000] {subprocess.py:93} INFO - 	at org.apache.spark.sql.execution.datasources.parquet.ParquetFileFormat$.$anonfun$readParquetFootersInParallel$1(ParquetFileFormat.scala:450)
[2025-12-11T09:02:38.523+0000] {subprocess.py:93} INFO - 	at org.apache.spark.util.ThreadUtils$.$anonfun$parmap$2(ThreadUtils.scala:380)
[2025-12-11T09:02:38.524+0000] {subprocess.py:93} INFO - 	at scala.concurrent.Future$.$anonfun$apply$1(Future.scala:659)
[2025-12-11T09:02:38.526+0000] {subprocess.py:93} INFO - 	at scala.util.Success.$anonfun$map$1(Try.scala:255)
[2025-12-11T09:02:38.527+0000] {subprocess.py:93} INFO - 	at scala.util.Success.map(Try.scala:213)
[2025-12-11T09:02:38.529+0000] {subprocess.py:93} INFO - 	at scala.concurrent.Future.$anonfun$map$1(Future.scala:292)
[2025-12-11T09:02:38.533+0000] {subprocess.py:93} INFO - 	at scala.concurrent.impl.Promise.liftedTree1$1(Promise.scala:33)
[2025-12-11T09:02:38.535+0000] {subprocess.py:93} INFO - 	at scala.concurrent.impl.Promise.$anonfun$transform$1(Promise.scala:33)
[2025-12-11T09:02:38.537+0000] {subprocess.py:93} INFO - 	at scala.concurrent.impl.CallbackRunnable.run(Promise.scala:64)
[2025-12-11T09:02:38.539+0000] {subprocess.py:93} INFO - 	at java.base/java.util.concurrent.ForkJoinTask$RunnableExecuteAction.exec(ForkJoinTask.java:1395)
[2025-12-11T09:02:38.541+0000] {subprocess.py:93} INFO - 	at java.base/java.util.concurrent.ForkJoinTask.doExec(ForkJoinTask.java:373)
[2025-12-11T09:02:38.543+0000] {subprocess.py:93} INFO - 	at java.base/java.util.concurrent.ForkJoinPool$WorkQueue.topLevelExec(ForkJoinPool.java:1182)
[2025-12-11T09:02:38.547+0000] {subprocess.py:93} INFO - 	at java.base/java.util.concurrent.ForkJoinPool.scan(ForkJoinPool.java:1655)
[2025-12-11T09:02:38.549+0000] {subprocess.py:93} INFO - 	at java.base/java.util.concurrent.ForkJoinPool.runWorker(ForkJoinPool.java:1622)
[2025-12-11T09:02:38.550+0000] {subprocess.py:93} INFO - 	at java.base/java.util.concurrent.ForkJoinWorkerThread.run(ForkJoinWorkerThread.java:165)
[2025-12-11T09:02:38.552+0000] {subprocess.py:93} INFO - 
[2025-12-11T09:02:38.554+0000] {subprocess.py:93} INFO - 25/12/11 09:02:38 ERROR TaskSetManager: Task 0 in stage 0.0 failed 1 times; aborting job
[2025-12-11T09:02:38.556+0000] {subprocess.py:93} INFO - 25/12/11 09:02:38 INFO TaskSchedulerImpl: Removed TaskSet 0.0, whose tasks have all completed, from pool
[2025-12-11T09:02:38.558+0000] {subprocess.py:93} INFO - 25/12/11 09:02:38 INFO TaskSchedulerImpl: Cancelling stage 0
[2025-12-11T09:02:38.560+0000] {subprocess.py:93} INFO - 25/12/11 09:02:38 INFO TaskSchedulerImpl: Killing all running tasks in stage 0: Stage cancelled: Job aborted due to stage failure: Task 0 in stage 0.0 failed 1 times, most recent failure: Lost task 0.0 in stage 0.0 (TID 0) (e428b2e16328 executor driver): org.apache.spark.SparkException: Exception thrown in awaitResult:
[2025-12-11T09:02:38.561+0000] {subprocess.py:93} INFO - 	at org.apache.spark.util.SparkThreadUtils$.awaitResult(SparkThreadUtils.scala:56)
[2025-12-11T09:02:38.564+0000] {subprocess.py:93} INFO - 	at org.apache.spark.util.ThreadUtils$.awaitResult(ThreadUtils.scala:310)
[2025-12-11T09:02:38.565+0000] {subprocess.py:93} INFO - 	at org.apache.spark.util.ThreadUtils$.parmap(ThreadUtils.scala:383)
[2025-12-11T09:02:38.569+0000] {subprocess.py:93} INFO - 	at org.apache.spark.sql.execution.datasources.parquet.ParquetFileFormat$.readParquetFootersInParallel(ParquetFileFormat.scala:443)
[2025-12-11T09:02:38.570+0000] {subprocess.py:93} INFO - 	at org.apache.spark.sql.execution.datasources.parquet.ParquetFileFormat$.$anonfun$mergeSchemasInParallel$1(ParquetFileFormat.scala:493)
[2025-12-11T09:02:38.571+0000] {subprocess.py:93} INFO - 	at org.apache.spark.sql.execution.datasources.parquet.ParquetFileFormat$.$anonfun$mergeSchemasInParallel$1$adapted(ParquetFileFormat.scala:485)
[2025-12-11T09:02:38.573+0000] {subprocess.py:93} INFO - 	at org.apache.spark.sql.execution.datasources.SchemaMergeUtils$.$anonfun$mergeSchemasInParallel$2(SchemaMergeUtils.scala:79)
[2025-12-11T09:02:38.574+0000] {subprocess.py:93} INFO - 	at org.apache.spark.rdd.RDD.$anonfun$mapPartitions$2(RDD.scala:855)
[2025-12-11T09:02:38.575+0000] {subprocess.py:93} INFO - 	at org.apache.spark.rdd.RDD.$anonfun$mapPartitions$2$adapted(RDD.scala:855)
[2025-12-11T09:02:38.576+0000] {subprocess.py:93} INFO - 	at org.apache.spark.rdd.MapPartitionsRDD.compute(MapPartitionsRDD.scala:52)
[2025-12-11T09:02:38.577+0000] {subprocess.py:93} INFO - 	at org.apache.spark.rdd.RDD.computeOrReadCheckpoint(RDD.scala:364)
[2025-12-11T09:02:38.578+0000] {subprocess.py:93} INFO - 	at org.apache.spark.rdd.RDD.iterator(RDD.scala:328)
[2025-12-11T09:02:38.579+0000] {subprocess.py:93} INFO - 	at org.apache.spark.scheduler.ResultTask.runTask(ResultTask.scala:93)
[2025-12-11T09:02:38.580+0000] {subprocess.py:93} INFO - 	at org.apache.spark.TaskContext.runTaskWithListeners(TaskContext.scala:161)
[2025-12-11T09:02:38.581+0000] {subprocess.py:93} INFO - 	at org.apache.spark.scheduler.Task.run(Task.scala:141)
[2025-12-11T09:02:38.581+0000] {subprocess.py:93} INFO - 	at org.apache.spark.executor.Executor$TaskRunner.$anonfun$run$4(Executor.scala:620)
[2025-12-11T09:02:38.582+0000] {subprocess.py:93} INFO - 	at org.apache.spark.util.SparkErrorUtils.tryWithSafeFinally(SparkErrorUtils.scala:64)
[2025-12-11T09:02:38.583+0000] {subprocess.py:93} INFO - 	at org.apache.spark.util.SparkErrorUtils.tryWithSafeFinally$(SparkErrorUtils.scala:61)
[2025-12-11T09:02:38.584+0000] {subprocess.py:93} INFO - 	at org.apache.spark.util.Utils$.tryWithSafeFinally(Utils.scala:94)
[2025-12-11T09:02:38.585+0000] {subprocess.py:93} INFO - 	at org.apache.spark.executor.Executor$TaskRunner.run(Executor.scala:623)
[2025-12-11T09:02:38.585+0000] {subprocess.py:93} INFO - 	at java.base/java.util.concurrent.ThreadPoolExecutor.runWorker(ThreadPoolExecutor.java:1136)
[2025-12-11T09:02:38.586+0000] {subprocess.py:93} INFO - 	at java.base/java.util.concurrent.ThreadPoolExecutor$Worker.run(ThreadPoolExecutor.java:635)
[2025-12-11T09:02:38.587+0000] {subprocess.py:93} INFO - 	at java.base/java.lang.Thread.run(Thread.java:840)
[2025-12-11T09:02:38.588+0000] {subprocess.py:93} INFO - Caused by: java.io.FileNotFoundException: No such file or directory: s3a://datalake/bronze/emails/part-00000-1c68fb81-6134-41dd-8365-c442546d28c7-c000.snappy.parquet
[2025-12-11T09:02:38.588+0000] {subprocess.py:93} INFO - 	at org.apache.hadoop.fs.s3a.S3AFileSystem.s3GetFileStatus(S3AFileSystem.java:3866)
[2025-12-11T09:02:38.589+0000] {subprocess.py:93} INFO - 	at org.apache.hadoop.fs.s3a.S3AFileSystem.innerGetFileStatus(S3AFileSystem.java:3688)
[2025-12-11T09:02:38.590+0000] {subprocess.py:93} INFO - 	at org.apache.hadoop.fs.s3a.S3AFileSystem.extractOrFetchSimpleFileStatus(S3AFileSystem.java:5401)
[2025-12-11T09:02:38.591+0000] {subprocess.py:93} INFO - 	at org.apache.hadoop.fs.s3a.S3AFileSystem.open(S3AFileSystem.java:1465)
[2025-12-11T09:02:38.591+0000] {subprocess.py:93} INFO - 	at org.apache.hadoop.fs.s3a.S3AFileSystem.open(S3AFileSystem.java:1441)
[2025-12-11T09:02:38.592+0000] {subprocess.py:93} INFO - 	at org.apache.hadoop.fs.FileSystem.open(FileSystem.java:976)
[2025-12-11T09:02:38.593+0000] {subprocess.py:93} INFO - 	at org.apache.parquet.hadoop.util.HadoopInputFile.newStream(HadoopInputFile.java:69)
[2025-12-11T09:02:38.593+0000] {subprocess.py:93} INFO - 	at org.apache.parquet.hadoop.ParquetFileReader.<init>(ParquetFileReader.java:796)
[2025-12-11T09:02:38.594+0000] {subprocess.py:93} INFO - 	at org.apache.parquet.hadoop.ParquetFileReader.open(ParquetFileReader.java:666)
[2025-12-11T09:02:38.594+0000] {subprocess.py:93} INFO - 	at org.apache.spark.sql.execution.datasources.parquet.ParquetFooterReader.readFooter(ParquetFooterReader.java:85)
[2025-12-11T09:02:38.595+0000] {subprocess.py:93} INFO - 	at org.apache.spark.sql.execution.datasources.parquet.ParquetFooterReader.readFooter(ParquetFooterReader.java:76)
[2025-12-11T09:02:38.595+0000] {subprocess.py:93} INFO - 	at org.apache.spark.sql.execution.datasources.parquet.ParquetFileFormat$.$anonfun$readParquetFootersInParallel$1(ParquetFileFormat.scala:450)
[2025-12-11T09:02:38.595+0000] {subprocess.py:93} INFO - 	at org.apache.spark.util.ThreadUtils$.$anonfun$parmap$2(ThreadUtils.scala:380)
[2025-12-11T09:02:38.596+0000] {subprocess.py:93} INFO - 	at scala.concurrent.Future$.$anonfun$apply$1(Future.scala:659)
[2025-12-11T09:02:38.596+0000] {subprocess.py:93} INFO - 	at scala.util.Success.$anonfun$map$1(Try.scala:255)
[2025-12-11T09:02:38.597+0000] {subprocess.py:93} INFO - 	at scala.util.Success.map(Try.scala:213)
[2025-12-11T09:02:38.597+0000] {subprocess.py:93} INFO - 	at scala.concurrent.Future.$anonfun$map$1(Future.scala:292)
[2025-12-11T09:02:38.598+0000] {subprocess.py:93} INFO - 	at scala.concurrent.impl.Promise.liftedTree1$1(Promise.scala:33)
[2025-12-11T09:02:38.599+0000] {subprocess.py:93} INFO - 	at scala.concurrent.impl.Promise.$anonfun$transform$1(Promise.scala:33)
[2025-12-11T09:02:38.599+0000] {subprocess.py:93} INFO - 	at scala.concurrent.impl.CallbackRunnable.run(Promise.scala:64)
[2025-12-11T09:02:38.600+0000] {subprocess.py:93} INFO - 	at java.base/java.util.concurrent.ForkJoinTask$RunnableExecuteAction.exec(ForkJoinTask.java:1395)
[2025-12-11T09:02:38.600+0000] {subprocess.py:93} INFO - 	at java.base/java.util.concurrent.ForkJoinTask.doExec(ForkJoinTask.java:373)
[2025-12-11T09:02:38.601+0000] {subprocess.py:93} INFO - 	at java.base/java.util.concurrent.ForkJoinPool$WorkQueue.topLevelExec(ForkJoinPool.java:1182)
[2025-12-11T09:02:38.601+0000] {subprocess.py:93} INFO - 	at java.base/java.util.concurrent.ForkJoinPool.scan(ForkJoinPool.java:1655)
[2025-12-11T09:02:38.602+0000] {subprocess.py:93} INFO - 	at java.base/java.util.concurrent.ForkJoinPool.runWorker(ForkJoinPool.java:1622)
[2025-12-11T09:02:38.602+0000] {subprocess.py:93} INFO - 	at java.base/java.util.concurrent.ForkJoinWorkerThread.run(ForkJoinWorkerThread.java:165)
[2025-12-11T09:02:38.603+0000] {subprocess.py:93} INFO - 
[2025-12-11T09:02:38.603+0000] {subprocess.py:93} INFO - Driver stacktrace:
[2025-12-11T09:02:38.604+0000] {subprocess.py:93} INFO - 25/12/11 09:02:38 INFO DAGScheduler: ResultStage 0 (parquet at NativeMethodAccessorImpl.java:0) failed in 1.221 s due to Job aborted due to stage failure: Task 0 in stage 0.0 failed 1 times, most recent failure: Lost task 0.0 in stage 0.0 (TID 0) (e428b2e16328 executor driver): org.apache.spark.SparkException: Exception thrown in awaitResult:
[2025-12-11T09:02:38.604+0000] {subprocess.py:93} INFO - 	at org.apache.spark.util.SparkThreadUtils$.awaitResult(SparkThreadUtils.scala:56)
[2025-12-11T09:02:38.605+0000] {subprocess.py:93} INFO - 	at org.apache.spark.util.ThreadUtils$.awaitResult(ThreadUtils.scala:310)
[2025-12-11T09:02:38.606+0000] {subprocess.py:93} INFO - 	at org.apache.spark.util.ThreadUtils$.parmap(ThreadUtils.scala:383)
[2025-12-11T09:02:38.606+0000] {subprocess.py:93} INFO - 	at org.apache.spark.sql.execution.datasources.parquet.ParquetFileFormat$.readParquetFootersInParallel(ParquetFileFormat.scala:443)
[2025-12-11T09:02:38.607+0000] {subprocess.py:93} INFO - 	at org.apache.spark.sql.execution.datasources.parquet.ParquetFileFormat$.$anonfun$mergeSchemasInParallel$1(ParquetFileFormat.scala:493)
[2025-12-11T09:02:38.607+0000] {subprocess.py:93} INFO - 	at org.apache.spark.sql.execution.datasources.parquet.ParquetFileFormat$.$anonfun$mergeSchemasInParallel$1$adapted(ParquetFileFormat.scala:485)
[2025-12-11T09:02:38.608+0000] {subprocess.py:93} INFO - 	at org.apache.spark.sql.execution.datasources.SchemaMergeUtils$.$anonfun$mergeSchemasInParallel$2(SchemaMergeUtils.scala:79)
[2025-12-11T09:02:38.608+0000] {subprocess.py:93} INFO - 	at org.apache.spark.rdd.RDD.$anonfun$mapPartitions$2(RDD.scala:855)
[2025-12-11T09:02:38.609+0000] {subprocess.py:93} INFO - 	at org.apache.spark.rdd.RDD.$anonfun$mapPartitions$2$adapted(RDD.scala:855)
[2025-12-11T09:02:38.609+0000] {subprocess.py:93} INFO - 	at org.apache.spark.rdd.MapPartitionsRDD.compute(MapPartitionsRDD.scala:52)
[2025-12-11T09:02:38.613+0000] {subprocess.py:93} INFO - 	at org.apache.spark.rdd.RDD.computeOrReadCheckpoint(RDD.scala:364)
[2025-12-11T09:02:38.614+0000] {subprocess.py:93} INFO - 	at org.apache.spark.rdd.RDD.iterator(RDD.scala:328)
[2025-12-11T09:02:38.615+0000] {subprocess.py:93} INFO - 	at org.apache.spark.scheduler.ResultTask.runTask(ResultTask.scala:93)
[2025-12-11T09:02:38.616+0000] {subprocess.py:93} INFO - 	at org.apache.spark.TaskContext.runTaskWithListeners(TaskContext.scala:161)
[2025-12-11T09:02:38.616+0000] {subprocess.py:93} INFO - 	at org.apache.spark.scheduler.Task.run(Task.scala:141)
[2025-12-11T09:02:38.617+0000] {subprocess.py:93} INFO - 	at org.apache.spark.executor.Executor$TaskRunner.$anonfun$run$4(Executor.scala:620)
[2025-12-11T09:02:38.617+0000] {subprocess.py:93} INFO - 	at org.apache.spark.util.SparkErrorUtils.tryWithSafeFinally(SparkErrorUtils.scala:64)
[2025-12-11T09:02:38.618+0000] {subprocess.py:93} INFO - 	at org.apache.spark.util.SparkErrorUtils.tryWithSafeFinally$(SparkErrorUtils.scala:61)
[2025-12-11T09:02:38.619+0000] {subprocess.py:93} INFO - 	at org.apache.spark.util.Utils$.tryWithSafeFinally(Utils.scala:94)
[2025-12-11T09:02:38.619+0000] {subprocess.py:93} INFO - 	at org.apache.spark.executor.Executor$TaskRunner.run(Executor.scala:623)
[2025-12-11T09:02:38.620+0000] {subprocess.py:93} INFO - 	at java.base/java.util.concurrent.ThreadPoolExecutor.runWorker(ThreadPoolExecutor.java:1136)
[2025-12-11T09:02:38.621+0000] {subprocess.py:93} INFO - 	at java.base/java.util.concurrent.ThreadPoolExecutor$Worker.run(ThreadPoolExecutor.java:635)
[2025-12-11T09:02:38.622+0000] {subprocess.py:93} INFO - 	at java.base/java.lang.Thread.run(Thread.java:840)
[2025-12-11T09:02:38.623+0000] {subprocess.py:93} INFO - Caused by: java.io.FileNotFoundException: No such file or directory: s3a://datalake/bronze/emails/part-00000-1c68fb81-6134-41dd-8365-c442546d28c7-c000.snappy.parquet
[2025-12-11T09:02:38.624+0000] {subprocess.py:93} INFO - 	at org.apache.hadoop.fs.s3a.S3AFileSystem.s3GetFileStatus(S3AFileSystem.java:3866)
[2025-12-11T09:02:38.626+0000] {subprocess.py:93} INFO - 	at org.apache.hadoop.fs.s3a.S3AFileSystem.innerGetFileStatus(S3AFileSystem.java:3688)
[2025-12-11T09:02:38.628+0000] {subprocess.py:93} INFO - 	at org.apache.hadoop.fs.s3a.S3AFileSystem.extractOrFetchSimpleFileStatus(S3AFileSystem.java:5401)
[2025-12-11T09:02:38.629+0000] {subprocess.py:93} INFO - 	at org.apache.hadoop.fs.s3a.S3AFileSystem.open(S3AFileSystem.java:1465)
[2025-12-11T09:02:38.630+0000] {subprocess.py:93} INFO - 	at org.apache.hadoop.fs.s3a.S3AFileSystem.open(S3AFileSystem.java:1441)
[2025-12-11T09:02:38.631+0000] {subprocess.py:93} INFO - 	at org.apache.hadoop.fs.FileSystem.open(FileSystem.java:976)
[2025-12-11T09:02:38.632+0000] {subprocess.py:93} INFO - 	at org.apache.parquet.hadoop.util.HadoopInputFile.newStream(HadoopInputFile.java:69)
[2025-12-11T09:02:38.633+0000] {subprocess.py:93} INFO - 	at org.apache.parquet.hadoop.ParquetFileReader.<init>(ParquetFileReader.java:796)
[2025-12-11T09:02:38.634+0000] {subprocess.py:93} INFO - 	at org.apache.parquet.hadoop.ParquetFileReader.open(ParquetFileReader.java:666)
[2025-12-11T09:02:38.636+0000] {subprocess.py:93} INFO - 	at org.apache.spark.sql.execution.datasources.parquet.ParquetFooterReader.readFooter(ParquetFooterReader.java:85)
[2025-12-11T09:02:38.637+0000] {subprocess.py:93} INFO - 	at org.apache.spark.sql.execution.datasources.parquet.ParquetFooterReader.readFooter(ParquetFooterReader.java:76)
[2025-12-11T09:02:38.638+0000] {subprocess.py:93} INFO - 	at org.apache.spark.sql.execution.datasources.parquet.ParquetFileFormat$.$anonfun$readParquetFootersInParallel$1(ParquetFileFormat.scala:450)
[2025-12-11T09:02:38.639+0000] {subprocess.py:93} INFO - 	at org.apache.spark.util.ThreadUtils$.$anonfun$parmap$2(ThreadUtils.scala:380)
[2025-12-11T09:02:38.639+0000] {subprocess.py:93} INFO - 	at scala.concurrent.Future$.$anonfun$apply$1(Future.scala:659)
[2025-12-11T09:02:38.640+0000] {subprocess.py:93} INFO - 	at scala.util.Success.$anonfun$map$1(Try.scala:255)
[2025-12-11T09:02:38.641+0000] {subprocess.py:93} INFO - 	at scala.util.Success.map(Try.scala:213)
[2025-12-11T09:02:38.644+0000] {subprocess.py:93} INFO - 	at scala.concurrent.Future.$anonfun$map$1(Future.scala:292)
[2025-12-11T09:02:38.646+0000] {subprocess.py:93} INFO - 	at scala.concurrent.impl.Promise.liftedTree1$1(Promise.scala:33)
[2025-12-11T09:02:38.648+0000] {subprocess.py:93} INFO - 	at scala.concurrent.impl.Promise.$anonfun$transform$1(Promise.scala:33)
[2025-12-11T09:02:38.649+0000] {subprocess.py:93} INFO - 	at scala.concurrent.impl.CallbackRunnable.run(Promise.scala:64)
[2025-12-11T09:02:38.653+0000] {subprocess.py:93} INFO - 	at java.base/java.util.concurrent.ForkJoinTask$RunnableExecuteAction.exec(ForkJoinTask.java:1395)
[2025-12-11T09:02:38.655+0000] {subprocess.py:93} INFO - 	at java.base/java.util.concurrent.ForkJoinTask.doExec(ForkJoinTask.java:373)
[2025-12-11T09:02:38.657+0000] {subprocess.py:93} INFO - 	at java.base/java.util.concurrent.ForkJoinPool$WorkQueue.topLevelExec(ForkJoinPool.java:1182)
[2025-12-11T09:02:38.662+0000] {subprocess.py:93} INFO - 	at java.base/java.util.concurrent.ForkJoinPool.scan(ForkJoinPool.java:1655)
[2025-12-11T09:02:38.663+0000] {subprocess.py:93} INFO - 	at java.base/java.util.concurrent.ForkJoinPool.runWorker(ForkJoinPool.java:1622)
[2025-12-11T09:02:38.665+0000] {subprocess.py:93} INFO - 	at java.base/java.util.concurrent.ForkJoinWorkerThread.run(ForkJoinWorkerThread.java:165)
[2025-12-11T09:02:38.666+0000] {subprocess.py:93} INFO - 
[2025-12-11T09:02:38.668+0000] {subprocess.py:93} INFO - Driver stacktrace:
[2025-12-11T09:02:38.669+0000] {subprocess.py:93} INFO - 25/12/11 09:02:38 INFO DAGScheduler: Job 0 failed: parquet at NativeMethodAccessorImpl.java:0, took 1.353671 s
[2025-12-11T09:02:38.901+0000] {subprocess.py:93} INFO - ❌ Error reading Bronze: An error occurred while calling o39.parquet.
[2025-12-11T09:02:38.904+0000] {subprocess.py:93} INFO - : org.apache.spark.SparkException: Job aborted due to stage failure: Task 0 in stage 0.0 failed 1 times, most recent failure: Lost task 0.0 in stage 0.0 (TID 0) (e428b2e16328 executor driver): org.apache.spark.SparkException: Exception thrown in awaitResult:
[2025-12-11T09:02:38.906+0000] {subprocess.py:93} INFO - 	at org.apache.spark.util.SparkThreadUtils$.awaitResult(SparkThreadUtils.scala:56)
[2025-12-11T09:02:38.908+0000] {subprocess.py:93} INFO - 	at org.apache.spark.util.ThreadUtils$.awaitResult(ThreadUtils.scala:310)
[2025-12-11T09:02:38.910+0000] {subprocess.py:93} INFO - 	at org.apache.spark.util.ThreadUtils$.parmap(ThreadUtils.scala:383)
[2025-12-11T09:02:38.911+0000] {subprocess.py:93} INFO - 	at org.apache.spark.sql.execution.datasources.parquet.ParquetFileFormat$.readParquetFootersInParallel(ParquetFileFormat.scala:443)
[2025-12-11T09:02:38.913+0000] {subprocess.py:93} INFO - 	at org.apache.spark.sql.execution.datasources.parquet.ParquetFileFormat$.$anonfun$mergeSchemasInParallel$1(ParquetFileFormat.scala:493)
[2025-12-11T09:02:38.915+0000] {subprocess.py:93} INFO - 	at org.apache.spark.sql.execution.datasources.parquet.ParquetFileFormat$.$anonfun$mergeSchemasInParallel$1$adapted(ParquetFileFormat.scala:485)
[2025-12-11T09:02:38.916+0000] {subprocess.py:93} INFO - 	at org.apache.spark.sql.execution.datasources.SchemaMergeUtils$.$anonfun$mergeSchemasInParallel$2(SchemaMergeUtils.scala:79)
[2025-12-11T09:02:38.917+0000] {subprocess.py:93} INFO - 	at org.apache.spark.rdd.RDD.$anonfun$mapPartitions$2(RDD.scala:855)
[2025-12-11T09:02:38.918+0000] {subprocess.py:93} INFO - 	at org.apache.spark.rdd.RDD.$anonfun$mapPartitions$2$adapted(RDD.scala:855)
[2025-12-11T09:02:38.919+0000] {subprocess.py:93} INFO - 	at org.apache.spark.rdd.MapPartitionsRDD.compute(MapPartitionsRDD.scala:52)
[2025-12-11T09:02:38.920+0000] {subprocess.py:93} INFO - 	at org.apache.spark.rdd.RDD.computeOrReadCheckpoint(RDD.scala:364)
[2025-12-11T09:02:38.921+0000] {subprocess.py:93} INFO - 	at org.apache.spark.rdd.RDD.iterator(RDD.scala:328)
[2025-12-11T09:02:38.922+0000] {subprocess.py:93} INFO - 	at org.apache.spark.scheduler.ResultTask.runTask(ResultTask.scala:93)
[2025-12-11T09:02:38.924+0000] {subprocess.py:93} INFO - 	at org.apache.spark.TaskContext.runTaskWithListeners(TaskContext.scala:161)
[2025-12-11T09:02:38.925+0000] {subprocess.py:93} INFO - 	at org.apache.spark.scheduler.Task.run(Task.scala:141)
[2025-12-11T09:02:38.926+0000] {subprocess.py:93} INFO - 	at org.apache.spark.executor.Executor$TaskRunner.$anonfun$run$4(Executor.scala:620)
[2025-12-11T09:02:38.927+0000] {subprocess.py:93} INFO - 	at org.apache.spark.util.SparkErrorUtils.tryWithSafeFinally(SparkErrorUtils.scala:64)
[2025-12-11T09:02:38.928+0000] {subprocess.py:93} INFO - 	at org.apache.spark.util.SparkErrorUtils.tryWithSafeFinally$(SparkErrorUtils.scala:61)
[2025-12-11T09:02:38.929+0000] {subprocess.py:93} INFO - 	at org.apache.spark.util.Utils$.tryWithSafeFinally(Utils.scala:94)
[2025-12-11T09:02:38.930+0000] {subprocess.py:93} INFO - 	at org.apache.spark.executor.Executor$TaskRunner.run(Executor.scala:623)
[2025-12-11T09:02:38.931+0000] {subprocess.py:93} INFO - 	at java.base/java.util.concurrent.ThreadPoolExecutor.runWorker(ThreadPoolExecutor.java:1136)
[2025-12-11T09:02:38.932+0000] {subprocess.py:93} INFO - 	at java.base/java.util.concurrent.ThreadPoolExecutor$Worker.run(ThreadPoolExecutor.java:635)
[2025-12-11T09:02:38.933+0000] {subprocess.py:93} INFO - 	at java.base/java.lang.Thread.run(Thread.java:840)
[2025-12-11T09:02:38.934+0000] {subprocess.py:93} INFO - Caused by: java.io.FileNotFoundException: No such file or directory: s3a://datalake/bronze/emails/part-00000-1c68fb81-6134-41dd-8365-c442546d28c7-c000.snappy.parquet
[2025-12-11T09:02:38.935+0000] {subprocess.py:93} INFO - 	at org.apache.hadoop.fs.s3a.S3AFileSystem.s3GetFileStatus(S3AFileSystem.java:3866)
[2025-12-11T09:02:38.936+0000] {subprocess.py:93} INFO - 	at org.apache.hadoop.fs.s3a.S3AFileSystem.innerGetFileStatus(S3AFileSystem.java:3688)
[2025-12-11T09:02:38.937+0000] {subprocess.py:93} INFO - 	at org.apache.hadoop.fs.s3a.S3AFileSystem.extractOrFetchSimpleFileStatus(S3AFileSystem.java:5401)
[2025-12-11T09:02:38.938+0000] {subprocess.py:93} INFO - 	at org.apache.hadoop.fs.s3a.S3AFileSystem.open(S3AFileSystem.java:1465)
[2025-12-11T09:02:38.939+0000] {subprocess.py:93} INFO - 	at org.apache.hadoop.fs.s3a.S3AFileSystem.open(S3AFileSystem.java:1441)
[2025-12-11T09:02:38.941+0000] {subprocess.py:93} INFO - 	at org.apache.hadoop.fs.FileSystem.open(FileSystem.java:976)
[2025-12-11T09:02:38.942+0000] {subprocess.py:93} INFO - 	at org.apache.parquet.hadoop.util.HadoopInputFile.newStream(HadoopInputFile.java:69)
[2025-12-11T09:02:38.943+0000] {subprocess.py:93} INFO - 	at org.apache.parquet.hadoop.ParquetFileReader.<init>(ParquetFileReader.java:796)
[2025-12-11T09:02:38.944+0000] {subprocess.py:93} INFO - 	at org.apache.parquet.hadoop.ParquetFileReader.open(ParquetFileReader.java:666)
[2025-12-11T09:02:38.944+0000] {subprocess.py:93} INFO - 	at org.apache.spark.sql.execution.datasources.parquet.ParquetFooterReader.readFooter(ParquetFooterReader.java:85)
[2025-12-11T09:02:38.945+0000] {subprocess.py:93} INFO - 	at org.apache.spark.sql.execution.datasources.parquet.ParquetFooterReader.readFooter(ParquetFooterReader.java:76)
[2025-12-11T09:02:38.946+0000] {subprocess.py:93} INFO - 	at org.apache.spark.sql.execution.datasources.parquet.ParquetFileFormat$.$anonfun$readParquetFootersInParallel$1(ParquetFileFormat.scala:450)
[2025-12-11T09:02:38.947+0000] {subprocess.py:93} INFO - 	at org.apache.spark.util.ThreadUtils$.$anonfun$parmap$2(ThreadUtils.scala:380)
[2025-12-11T09:02:38.948+0000] {subprocess.py:93} INFO - 	at scala.concurrent.Future$.$anonfun$apply$1(Future.scala:659)
[2025-12-11T09:02:38.949+0000] {subprocess.py:93} INFO - 	at scala.util.Success.$anonfun$map$1(Try.scala:255)
[2025-12-11T09:02:38.950+0000] {subprocess.py:93} INFO - 	at scala.util.Success.map(Try.scala:213)
[2025-12-11T09:02:38.950+0000] {subprocess.py:93} INFO - 	at scala.concurrent.Future.$anonfun$map$1(Future.scala:292)
[2025-12-11T09:02:38.951+0000] {subprocess.py:93} INFO - 	at scala.concurrent.impl.Promise.liftedTree1$1(Promise.scala:33)
[2025-12-11T09:02:38.951+0000] {subprocess.py:93} INFO - 	at scala.concurrent.impl.Promise.$anonfun$transform$1(Promise.scala:33)
[2025-12-11T09:02:38.952+0000] {subprocess.py:93} INFO - 	at scala.concurrent.impl.CallbackRunnable.run(Promise.scala:64)
[2025-12-11T09:02:38.953+0000] {subprocess.py:93} INFO - 	at java.base/java.util.concurrent.ForkJoinTask$RunnableExecuteAction.exec(ForkJoinTask.java:1395)
[2025-12-11T09:02:38.954+0000] {subprocess.py:93} INFO - 	at java.base/java.util.concurrent.ForkJoinTask.doExec(ForkJoinTask.java:373)
[2025-12-11T09:02:38.955+0000] {subprocess.py:93} INFO - 	at java.base/java.util.concurrent.ForkJoinPool$WorkQueue.topLevelExec(ForkJoinPool.java:1182)
[2025-12-11T09:02:38.956+0000] {subprocess.py:93} INFO - 	at java.base/java.util.concurrent.ForkJoinPool.scan(ForkJoinPool.java:1655)
[2025-12-11T09:02:38.956+0000] {subprocess.py:93} INFO - 	at java.base/java.util.concurrent.ForkJoinPool.runWorker(ForkJoinPool.java:1622)
[2025-12-11T09:02:38.957+0000] {subprocess.py:93} INFO - 	at java.base/java.util.concurrent.ForkJoinWorkerThread.run(ForkJoinWorkerThread.java:165)
[2025-12-11T09:02:38.958+0000] {subprocess.py:93} INFO - 
[2025-12-11T09:02:38.959+0000] {subprocess.py:93} INFO - Driver stacktrace:
[2025-12-11T09:02:38.960+0000] {subprocess.py:93} INFO - 	at org.apache.spark.scheduler.DAGScheduler.failJobAndIndependentStages(DAGScheduler.scala:2844)
[2025-12-11T09:02:38.961+0000] {subprocess.py:93} INFO - 	at org.apache.spark.scheduler.DAGScheduler.$anonfun$abortStage$2(DAGScheduler.scala:2780)
[2025-12-11T09:02:38.962+0000] {subprocess.py:93} INFO - 	at org.apache.spark.scheduler.DAGScheduler.$anonfun$abortStage$2$adapted(DAGScheduler.scala:2779)
[2025-12-11T09:02:38.962+0000] {subprocess.py:93} INFO - 	at scala.collection.mutable.ResizableArray.foreach(ResizableArray.scala:62)
[2025-12-11T09:02:38.963+0000] {subprocess.py:93} INFO - 	at scala.collection.mutable.ResizableArray.foreach$(ResizableArray.scala:55)
[2025-12-11T09:02:38.964+0000] {subprocess.py:93} INFO - 	at scala.collection.mutable.ArrayBuffer.foreach(ArrayBuffer.scala:49)
[2025-12-11T09:02:38.964+0000] {subprocess.py:93} INFO - 	at org.apache.spark.scheduler.DAGScheduler.abortStage(DAGScheduler.scala:2779)
[2025-12-11T09:02:38.965+0000] {subprocess.py:93} INFO - 	at org.apache.spark.scheduler.DAGScheduler.$anonfun$handleTaskSetFailed$1(DAGScheduler.scala:1242)
[2025-12-11T09:02:38.966+0000] {subprocess.py:93} INFO - 	at org.apache.spark.scheduler.DAGScheduler.$anonfun$handleTaskSetFailed$1$adapted(DAGScheduler.scala:1242)
[2025-12-11T09:02:38.966+0000] {subprocess.py:93} INFO - 	at scala.Option.foreach(Option.scala:407)
[2025-12-11T09:02:38.967+0000] {subprocess.py:93} INFO - 	at org.apache.spark.scheduler.DAGScheduler.handleTaskSetFailed(DAGScheduler.scala:1242)
[2025-12-11T09:02:38.968+0000] {subprocess.py:93} INFO - 	at org.apache.spark.scheduler.DAGSchedulerEventProcessLoop.doOnReceive(DAGScheduler.scala:3048)
[2025-12-11T09:02:38.969+0000] {subprocess.py:93} INFO - 	at org.apache.spark.scheduler.DAGSchedulerEventProcessLoop.onReceive(DAGScheduler.scala:2982)
[2025-12-11T09:02:38.970+0000] {subprocess.py:93} INFO - 	at org.apache.spark.scheduler.DAGSchedulerEventProcessLoop.onReceive(DAGScheduler.scala:2971)
[2025-12-11T09:02:38.971+0000] {subprocess.py:93} INFO - 	at org.apache.spark.util.EventLoop$$anon$1.run(EventLoop.scala:49)
[2025-12-11T09:02:38.972+0000] {subprocess.py:93} INFO - 	at org.apache.spark.scheduler.DAGScheduler.runJob(DAGScheduler.scala:984)
[2025-12-11T09:02:38.973+0000] {subprocess.py:93} INFO - 	at org.apache.spark.SparkContext.runJob(SparkContext.scala:2398)
[2025-12-11T09:02:38.974+0000] {subprocess.py:93} INFO - 	at org.apache.spark.SparkContext.runJob(SparkContext.scala:2419)
[2025-12-11T09:02:38.975+0000] {subprocess.py:93} INFO - 	at org.apache.spark.SparkContext.runJob(SparkContext.scala:2438)
[2025-12-11T09:02:38.978+0000] {subprocess.py:93} INFO - 	at org.apache.spark.SparkContext.runJob(SparkContext.scala:2463)
[2025-12-11T09:02:38.979+0000] {subprocess.py:93} INFO - 	at org.apache.spark.rdd.RDD.$anonfun$collect$1(RDD.scala:1046)
[2025-12-11T09:02:38.982+0000] {subprocess.py:93} INFO - 	at org.apache.spark.rdd.RDDOperationScope$.withScope(RDDOperationScope.scala:151)
[2025-12-11T09:02:38.984+0000] {subprocess.py:93} INFO - 	at org.apache.spark.rdd.RDDOperationScope$.withScope(RDDOperationScope.scala:112)
[2025-12-11T09:02:38.986+0000] {subprocess.py:93} INFO - 	at org.apache.spark.rdd.RDD.withScope(RDD.scala:407)
[2025-12-11T09:02:38.987+0000] {subprocess.py:93} INFO - 	at org.apache.spark.rdd.RDD.collect(RDD.scala:1045)
[2025-12-11T09:02:38.992+0000] {subprocess.py:93} INFO - 	at org.apache.spark.sql.execution.datasources.SchemaMergeUtils$.mergeSchemasInParallel(SchemaMergeUtils.scala:73)
[2025-12-11T09:02:38.995+0000] {subprocess.py:93} INFO - 	at org.apache.spark.sql.execution.datasources.parquet.ParquetFileFormat$.mergeSchemasInParallel(ParquetFileFormat.scala:497)
[2025-12-11T09:02:38.998+0000] {subprocess.py:93} INFO - 	at org.apache.spark.sql.execution.datasources.parquet.ParquetUtils$.inferSchema(ParquetUtils.scala:132)
[2025-12-11T09:02:39.000+0000] {subprocess.py:93} INFO - 	at org.apache.spark.sql.execution.datasources.parquet.ParquetFileFormat.inferSchema(ParquetFileFormat.scala:79)
[2025-12-11T09:02:39.002+0000] {subprocess.py:93} INFO - 	at org.apache.spark.sql.execution.datasources.DataSource.$anonfun$resolveRelation$1(DataSource.scala:376)
[2025-12-11T09:02:39.007+0000] {subprocess.py:93} INFO - 	at scala.Option.orElse(Option.scala:447)
[2025-12-11T09:02:39.010+0000] {subprocess.py:93} INFO - 	at org.apache.spark.sql.execution.datasources.DataSource.resolveRelation(DataSource.scala:373)
[2025-12-11T09:02:39.013+0000] {subprocess.py:93} INFO - 	at org.apache.spark.sql.DataFrameReader.loadV1Source(DataFrameReader.scala:229)
[2025-12-11T09:02:39.015+0000] {subprocess.py:93} INFO - 	at org.apache.spark.sql.DataFrameReader.$anonfun$load$2(DataFrameReader.scala:211)
[2025-12-11T09:02:39.020+0000] {subprocess.py:93} INFO - 	at scala.Option.getOrElse(Option.scala:189)
[2025-12-11T09:02:39.027+0000] {subprocess.py:93} INFO - 	at org.apache.spark.sql.DataFrameReader.load(DataFrameReader.scala:211)
[2025-12-11T09:02:39.034+0000] {subprocess.py:93} INFO - 	at org.apache.spark.sql.DataFrameReader.parquet(DataFrameReader.scala:563)
[2025-12-11T09:02:39.035+0000] {subprocess.py:93} INFO - 	at java.base/jdk.internal.reflect.NativeMethodAccessorImpl.invoke0(Native Method)
[2025-12-11T09:02:39.038+0000] {subprocess.py:93} INFO - 	at java.base/jdk.internal.reflect.NativeMethodAccessorImpl.invoke(NativeMethodAccessorImpl.java:77)
[2025-12-11T09:02:39.042+0000] {subprocess.py:93} INFO - 	at java.base/jdk.internal.reflect.DelegatingMethodAccessorImpl.invoke(DelegatingMethodAccessorImpl.java:43)
[2025-12-11T09:02:39.044+0000] {subprocess.py:93} INFO - 	at java.base/java.lang.reflect.Method.invoke(Method.java:569)
[2025-12-11T09:02:39.046+0000] {subprocess.py:93} INFO - 	at py4j.reflection.MethodInvoker.invoke(MethodInvoker.java:244)
[2025-12-11T09:02:39.050+0000] {subprocess.py:93} INFO - 	at py4j.reflection.ReflectionEngine.invoke(ReflectionEngine.java:374)
[2025-12-11T09:02:39.052+0000] {subprocess.py:93} INFO - 	at py4j.Gateway.invoke(Gateway.java:282)
[2025-12-11T09:02:39.057+0000] {subprocess.py:93} INFO - 	at py4j.commands.AbstractCommand.invokeMethod(AbstractCommand.java:132)
[2025-12-11T09:02:39.060+0000] {subprocess.py:93} INFO - 	at py4j.commands.CallCommand.execute(CallCommand.java:79)
[2025-12-11T09:02:39.062+0000] {subprocess.py:93} INFO - 	at py4j.ClientServerConnection.waitForCommands(ClientServerConnection.java:182)
[2025-12-11T09:02:39.063+0000] {subprocess.py:93} INFO - 	at py4j.ClientServerConnection.run(ClientServerConnection.java:106)
[2025-12-11T09:02:39.065+0000] {subprocess.py:93} INFO - 	at java.base/java.lang.Thread.run(Thread.java:840)
[2025-12-11T09:02:39.069+0000] {subprocess.py:93} INFO - Caused by: org.apache.spark.SparkException: Exception thrown in awaitResult:
[2025-12-11T09:02:39.072+0000] {subprocess.py:93} INFO - 	at org.apache.spark.util.SparkThreadUtils$.awaitResult(SparkThreadUtils.scala:56)
[2025-12-11T09:02:39.075+0000] {subprocess.py:93} INFO - 	at org.apache.spark.util.ThreadUtils$.awaitResult(ThreadUtils.scala:310)
[2025-12-11T09:02:39.078+0000] {subprocess.py:93} INFO - 	at org.apache.spark.util.ThreadUtils$.parmap(ThreadUtils.scala:383)
[2025-12-11T09:02:39.083+0000] {subprocess.py:93} INFO - 	at org.apache.spark.sql.execution.datasources.parquet.ParquetFileFormat$.readParquetFootersInParallel(ParquetFileFormat.scala:443)
[2025-12-11T09:02:39.085+0000] {subprocess.py:93} INFO - 	at org.apache.spark.sql.execution.datasources.parquet.ParquetFileFormat$.$anonfun$mergeSchemasInParallel$1(ParquetFileFormat.scala:493)
[2025-12-11T09:02:39.088+0000] {subprocess.py:93} INFO - 	at org.apache.spark.sql.execution.datasources.parquet.ParquetFileFormat$.$anonfun$mergeSchemasInParallel$1$adapted(ParquetFileFormat.scala:485)
[2025-12-11T09:02:39.091+0000] {subprocess.py:93} INFO - 	at org.apache.spark.sql.execution.datasources.SchemaMergeUtils$.$anonfun$mergeSchemasInParallel$2(SchemaMergeUtils.scala:79)
[2025-12-11T09:02:39.094+0000] {subprocess.py:93} INFO - 	at org.apache.spark.rdd.RDD.$anonfun$mapPartitions$2(RDD.scala:855)
[2025-12-11T09:02:39.096+0000] {subprocess.py:93} INFO - 	at org.apache.spark.rdd.RDD.$anonfun$mapPartitions$2$adapted(RDD.scala:855)
[2025-12-11T09:02:39.097+0000] {subprocess.py:93} INFO - 	at org.apache.spark.rdd.MapPartitionsRDD.compute(MapPartitionsRDD.scala:52)
[2025-12-11T09:02:39.099+0000] {subprocess.py:93} INFO - 	at org.apache.spark.rdd.RDD.computeOrReadCheckpoint(RDD.scala:364)
[2025-12-11T09:02:39.101+0000] {subprocess.py:93} INFO - 	at org.apache.spark.rdd.RDD.iterator(RDD.scala:328)
[2025-12-11T09:02:39.102+0000] {subprocess.py:93} INFO - 	at org.apache.spark.scheduler.ResultTask.runTask(ResultTask.scala:93)
[2025-12-11T09:02:39.108+0000] {subprocess.py:93} INFO - 	at org.apache.spark.TaskContext.runTaskWithListeners(TaskContext.scala:161)
[2025-12-11T09:02:39.109+0000] {subprocess.py:93} INFO - 	at org.apache.spark.scheduler.Task.run(Task.scala:141)
[2025-12-11T09:02:39.112+0000] {subprocess.py:93} INFO - 	at org.apache.spark.executor.Executor$TaskRunner.$anonfun$run$4(Executor.scala:620)
[2025-12-11T09:02:39.116+0000] {subprocess.py:93} INFO - 	at org.apache.spark.util.SparkErrorUtils.tryWithSafeFinally(SparkErrorUtils.scala:64)
[2025-12-11T09:02:39.117+0000] {subprocess.py:93} INFO - 	at org.apache.spark.util.SparkErrorUtils.tryWithSafeFinally$(SparkErrorUtils.scala:61)
[2025-12-11T09:02:39.118+0000] {subprocess.py:93} INFO - 	at org.apache.spark.util.Utils$.tryWithSafeFinally(Utils.scala:94)
[2025-12-11T09:02:39.118+0000] {subprocess.py:93} INFO - 	at org.apache.spark.executor.Executor$TaskRunner.run(Executor.scala:623)
[2025-12-11T09:02:39.119+0000] {subprocess.py:93} INFO - 	at java.base/java.util.concurrent.ThreadPoolExecutor.runWorker(ThreadPoolExecutor.java:1136)
[2025-12-11T09:02:39.121+0000] {subprocess.py:93} INFO - 	at java.base/java.util.concurrent.ThreadPoolExecutor$Worker.run(ThreadPoolExecutor.java:635)
[2025-12-11T09:02:39.123+0000] {subprocess.py:93} INFO - 	... 1 more
[2025-12-11T09:02:39.124+0000] {subprocess.py:93} INFO - Caused by: java.io.FileNotFoundException: No such file or directory: s3a://datalake/bronze/emails/part-00000-1c68fb81-6134-41dd-8365-c442546d28c7-c000.snappy.parquet
[2025-12-11T09:02:39.126+0000] {subprocess.py:93} INFO - 	at org.apache.hadoop.fs.s3a.S3AFileSystem.s3GetFileStatus(S3AFileSystem.java:3866)
[2025-12-11T09:02:39.128+0000] {subprocess.py:93} INFO - 	at org.apache.hadoop.fs.s3a.S3AFileSystem.innerGetFileStatus(S3AFileSystem.java:3688)
[2025-12-11T09:02:39.130+0000] {subprocess.py:93} INFO - 	at org.apache.hadoop.fs.s3a.S3AFileSystem.extractOrFetchSimpleFileStatus(S3AFileSystem.java:5401)
[2025-12-11T09:02:39.132+0000] {subprocess.py:93} INFO - 	at org.apache.hadoop.fs.s3a.S3AFileSystem.open(S3AFileSystem.java:1465)
[2025-12-11T09:02:39.134+0000] {subprocess.py:93} INFO - 	at org.apache.hadoop.fs.s3a.S3AFileSystem.open(S3AFileSystem.java:1441)
[2025-12-11T09:02:39.136+0000] {subprocess.py:93} INFO - 	at org.apache.hadoop.fs.FileSystem.open(FileSystem.java:976)
[2025-12-11T09:02:39.137+0000] {subprocess.py:93} INFO - 	at org.apache.parquet.hadoop.util.HadoopInputFile.newStream(HadoopInputFile.java:69)
[2025-12-11T09:02:39.138+0000] {subprocess.py:93} INFO - 	at org.apache.parquet.hadoop.ParquetFileReader.<init>(ParquetFileReader.java:796)
[2025-12-11T09:02:39.140+0000] {subprocess.py:93} INFO - 	at org.apache.parquet.hadoop.ParquetFileReader.open(ParquetFileReader.java:666)
[2025-12-11T09:02:39.142+0000] {subprocess.py:93} INFO - 	at org.apache.spark.sql.execution.datasources.parquet.ParquetFooterReader.readFooter(ParquetFooterReader.java:85)
[2025-12-11T09:02:39.144+0000] {subprocess.py:93} INFO - 	at org.apache.spark.sql.execution.datasources.parquet.ParquetFooterReader.readFooter(ParquetFooterReader.java:76)
[2025-12-11T09:02:39.145+0000] {subprocess.py:93} INFO - 	at org.apache.spark.sql.execution.datasources.parquet.ParquetFileFormat$.$anonfun$readParquetFootersInParallel$1(ParquetFileFormat.scala:450)
[2025-12-11T09:02:39.146+0000] {subprocess.py:93} INFO - 	at org.apache.spark.util.ThreadUtils$.$anonfun$parmap$2(ThreadUtils.scala:380)
[2025-12-11T09:02:39.147+0000] {subprocess.py:93} INFO - 	at scala.concurrent.Future$.$anonfun$apply$1(Future.scala:659)
[2025-12-11T09:02:39.149+0000] {subprocess.py:93} INFO - 	at scala.util.Success.$anonfun$map$1(Try.scala:255)
[2025-12-11T09:02:39.151+0000] {subprocess.py:93} INFO - 	at scala.util.Success.map(Try.scala:213)
[2025-12-11T09:02:39.154+0000] {subprocess.py:93} INFO - 	at scala.concurrent.Future.$anonfun$map$1(Future.scala:292)
[2025-12-11T09:02:39.162+0000] {subprocess.py:93} INFO - 	at scala.concurrent.impl.Promise.liftedTree1$1(Promise.scala:33)
[2025-12-11T09:02:39.164+0000] {subprocess.py:93} INFO - 	at scala.concurrent.impl.Promise.$anonfun$transform$1(Promise.scala:33)
[2025-12-11T09:02:39.166+0000] {subprocess.py:93} INFO - 	at scala.concurrent.impl.CallbackRunnable.run(Promise.scala:64)
[2025-12-11T09:02:39.168+0000] {subprocess.py:93} INFO - 	at java.base/java.util.concurrent.ForkJoinTask$RunnableExecuteAction.exec(ForkJoinTask.java:1395)
[2025-12-11T09:02:39.169+0000] {subprocess.py:93} INFO - 	at java.base/java.util.concurrent.ForkJoinTask.doExec(ForkJoinTask.java:373)
[2025-12-11T09:02:39.171+0000] {subprocess.py:93} INFO - 	at java.base/java.util.concurrent.ForkJoinPool$WorkQueue.topLevelExec(ForkJoinPool.java:1182)
[2025-12-11T09:02:39.172+0000] {subprocess.py:93} INFO - 	at java.base/java.util.concurrent.ForkJoinPool.scan(ForkJoinPool.java:1655)
[2025-12-11T09:02:39.173+0000] {subprocess.py:93} INFO - 	at java.base/java.util.concurrent.ForkJoinPool.runWorker(ForkJoinPool.java:1622)
[2025-12-11T09:02:39.175+0000] {subprocess.py:93} INFO - 	at java.base/java.util.concurrent.ForkJoinWorkerThread.run(ForkJoinWorkerThread.java:165)
[2025-12-11T09:02:39.180+0000] {subprocess.py:93} INFO - 
[2025-12-11T09:02:39.181+0000] {subprocess.py:93} INFO - ❌ No data found in Bronze layer!
[2025-12-11T09:02:39.182+0000] {subprocess.py:93} INFO - 25/12/11 09:02:38 INFO SparkContext: SparkContext is stopping with exitCode 0.
[2025-12-11T09:02:39.183+0000] {subprocess.py:93} INFO - 25/12/11 09:02:38 INFO SparkUI: Stopped Spark web UI at http://e428b2e16328:4044
[2025-12-11T09:02:39.183+0000] {subprocess.py:93} INFO - 25/12/11 09:02:39 INFO MapOutputTrackerMasterEndpoint: MapOutputTrackerMasterEndpoint stopped!
[2025-12-11T09:02:39.184+0000] {subprocess.py:93} INFO - 25/12/11 09:02:39 INFO MemoryStore: MemoryStore cleared
[2025-12-11T09:02:39.185+0000] {subprocess.py:93} INFO - 25/12/11 09:02:39 INFO BlockManager: BlockManager stopped
[2025-12-11T09:02:39.185+0000] {subprocess.py:93} INFO - 25/12/11 09:02:39 INFO BlockManagerMaster: BlockManagerMaster stopped
[2025-12-11T09:02:39.186+0000] {subprocess.py:93} INFO - 25/12/11 09:02:39 INFO OutputCommitCoordinator$OutputCommitCoordinatorEndpoint: OutputCommitCoordinator stopped!
[2025-12-11T09:02:39.211+0000] {subprocess.py:93} INFO - 25/12/11 09:02:39 INFO SparkContext: Successfully stopped SparkContext
[2025-12-11T09:02:41.376+0000] {subprocess.py:93} INFO - 25/12/11 09:02:41 INFO ShutdownHookManager: Shutdown hook called
[2025-12-11T09:02:41.379+0000] {subprocess.py:93} INFO - 25/12/11 09:02:41 INFO ShutdownHookManager: Deleting directory /tmp/spark-dd406222-3aba-47a1-aa14-453b97635c44
[2025-12-11T09:02:41.403+0000] {subprocess.py:93} INFO - 25/12/11 09:02:41 INFO ShutdownHookManager: Deleting directory /tmp/spark-d1233da5-227a-4ad4-82dc-e83dd6380ebf
[2025-12-11T09:02:41.419+0000] {subprocess.py:93} INFO - 25/12/11 09:02:41 INFO ShutdownHookManager: Deleting directory /tmp/spark-dd406222-3aba-47a1-aa14-453b97635c44/pyspark-21231987-ffef-418b-a328-05ad00de0afa
[2025-12-11T09:02:41.518+0000] {subprocess.py:93} INFO - ❌ Quality check FAILED (score < 95%)
[2025-12-11T09:02:41.519+0000] {subprocess.py:93} INFO - ⛔ Downstream tasks will be SKIPPED
[2025-12-11T09:02:41.528+0000] {subprocess.py:97} INFO - Command exited with return code 0
[2025-12-11T09:02:42.302+0000] {taskinstance.py:1138} INFO - Marking task as SUCCESS. dag_id=email_intelligence_pipeline, task_id=quality_assurance_gate, execution_date=20251210T195318, start_date=20251211T090117, end_date=20251211T090242
[2025-12-11T09:02:42.488+0000] {local_task_job_runner.py:234} INFO - Task exited with return code 0
[2025-12-11T09:02:42.938+0000] {taskinstance.py:3280} INFO - 1 downstream tasks scheduled from follow-on schedule check
