[2025-12-04T14:21:54.834+0000] {taskinstance.py:1956} INFO - Dependencies all met for dep_context=non-requeueable deps ti=<TaskInstance: email_pipeline_dag.kafka_producer scheduled__2025-12-03T02:00:00+00:00 [queued]>
[2025-12-04T14:21:54.845+0000] {taskinstance.py:1956} INFO - Dependencies all met for dep_context=requeueable deps ti=<TaskInstance: email_pipeline_dag.kafka_producer scheduled__2025-12-03T02:00:00+00:00 [queued]>
[2025-12-04T14:21:54.845+0000] {taskinstance.py:2170} INFO - Starting attempt 1 of 2
[2025-12-04T14:21:54.864+0000] {taskinstance.py:2191} INFO - Executing <Task(BashOperator): kafka_producer> on 2025-12-03 02:00:00+00:00
[2025-12-04T14:21:54.877+0000] {standard_task_runner.py:60} INFO - Started process 793 to run task
[2025-12-04T14:21:54.888+0000] {standard_task_runner.py:87} INFO - Running: ['***', 'tasks', 'run', 'email_pipeline_dag', 'kafka_producer', 'scheduled__2025-12-03T02:00:00+00:00', '--job-id', '5', '--raw', '--subdir', 'DAGS_FOLDER/email_pipeline_dag.py', '--cfg-path', '/tmp/tmp4ngi1m_i']
[2025-12-04T14:21:54.898+0000] {standard_task_runner.py:88} INFO - Job 5: Subtask kafka_producer
[2025-12-04T14:21:55.318+0000] {task_command.py:423} INFO - Running <TaskInstance: email_pipeline_dag.kafka_producer scheduled__2025-12-03T02:00:00+00:00 [running]> on host 6e636b526698
[2025-12-04T14:21:55.540+0000] {taskinstance.py:2480} INFO - Exporting env vars: AIRFLOW_CTX_DAG_OWNER='***' AIRFLOW_CTX_DAG_ID='email_pipeline_dag' AIRFLOW_CTX_TASK_ID='kafka_producer' AIRFLOW_CTX_EXECUTION_DATE='2025-12-03T02:00:00+00:00' AIRFLOW_CTX_TRY_NUMBER='1' AIRFLOW_CTX_DAG_RUN_ID='scheduled__2025-12-03T02:00:00+00:00'
[2025-12-04T14:21:55.553+0000] {subprocess.py:63} INFO - Tmp dir root location: /tmp
[2025-12-04T14:21:55.556+0000] {subprocess.py:75} INFO - Running command: ['/usr/bin/bash', '-c', 'python /opt/***/kafka/Producer/kafka_producer.py']
[2025-12-04T14:21:55.584+0000] {subprocess.py:86} INFO - Output:
[2025-12-04T14:21:55.811+0000] {subprocess.py:93} INFO - python: can't open file '/opt/***/kafka/Producer/kafka_producer.py': [Errno 2] No such file or directory
[2025-12-04T14:21:55.814+0000] {subprocess.py:97} INFO - Command exited with return code 2
[2025-12-04T14:21:55.825+0000] {taskinstance.py:2698} ERROR - Task failed with exception
Traceback (most recent call last):
  File "/home/airflow/.local/lib/python3.8/site-packages/airflow/models/taskinstance.py", line 433, in _execute_task
    result = execute_callable(context=context, **execute_callable_kwargs)
  File "/home/airflow/.local/lib/python3.8/site-packages/airflow/operators/bash.py", line 212, in execute
    raise AirflowException(
airflow.exceptions.AirflowException: Bash command failed. The command returned a non-zero exit code 2.
[2025-12-04T14:21:55.831+0000] {taskinstance.py:1138} INFO - Marking task as UP_FOR_RETRY. dag_id=email_pipeline_dag, task_id=kafka_producer, execution_date=20251203T020000, start_date=20251204T142154, end_date=20251204T142155
[2025-12-04T14:21:55.845+0000] {standard_task_runner.py:107} ERROR - Failed to execute job 5 for task kafka_producer (Bash command failed. The command returned a non-zero exit code 2.; 793)
[2025-12-04T14:21:55.879+0000] {local_task_job_runner.py:234} INFO - Task exited with return code 1
[2025-12-04T14:21:55.904+0000] {taskinstance.py:3280} INFO - 0 downstream tasks scheduled from follow-on schedule check
