[2025-12-04T14:26:57.699+0000] {taskinstance.py:1956} INFO - Dependencies all met for dep_context=non-requeueable deps ti=<TaskInstance: email_pipeline_dag.kafka_producer scheduled__2025-12-03T02:00:00+00:00 [queued]>
[2025-12-04T14:26:57.719+0000] {taskinstance.py:1956} INFO - Dependencies all met for dep_context=requeueable deps ti=<TaskInstance: email_pipeline_dag.kafka_producer scheduled__2025-12-03T02:00:00+00:00 [queued]>
[2025-12-04T14:26:57.720+0000] {taskinstance.py:2170} INFO - Starting attempt 2 of 2
[2025-12-04T14:26:57.751+0000] {taskinstance.py:2191} INFO - Executing <Task(BashOperator): kafka_producer> on 2025-12-03 02:00:00+00:00
[2025-12-04T14:26:57.762+0000] {standard_task_runner.py:60} INFO - Started process 846 to run task
[2025-12-04T14:26:57.764+0000] {standard_task_runner.py:87} INFO - Running: ['***', 'tasks', 'run', 'email_pipeline_dag', 'kafka_producer', 'scheduled__2025-12-03T02:00:00+00:00', '--job-id', '6', '--raw', '--subdir', 'DAGS_FOLDER/email_pipeline_dag.py', '--cfg-path', '/tmp/tmpt6z9jnje']
[2025-12-04T14:26:57.769+0000] {standard_task_runner.py:88} INFO - Job 6: Subtask kafka_producer
[2025-12-04T14:26:58.437+0000] {task_command.py:423} INFO - Running <TaskInstance: email_pipeline_dag.kafka_producer scheduled__2025-12-03T02:00:00+00:00 [running]> on host 6e636b526698
[2025-12-04T14:26:58.651+0000] {taskinstance.py:2480} INFO - Exporting env vars: AIRFLOW_CTX_DAG_OWNER='***' AIRFLOW_CTX_DAG_ID='email_pipeline_dag' AIRFLOW_CTX_TASK_ID='kafka_producer' AIRFLOW_CTX_EXECUTION_DATE='2025-12-03T02:00:00+00:00' AIRFLOW_CTX_TRY_NUMBER='2' AIRFLOW_CTX_DAG_RUN_ID='scheduled__2025-12-03T02:00:00+00:00'
[2025-12-04T14:26:58.665+0000] {subprocess.py:63} INFO - Tmp dir root location: /tmp
[2025-12-04T14:26:58.675+0000] {subprocess.py:75} INFO - Running command: ['/usr/bin/bash', '-c', 'python /opt/***/kafka/Producer/kafka_producer.py']
[2025-12-04T14:26:58.751+0000] {subprocess.py:86} INFO - Output:
[2025-12-04T14:26:58.886+0000] {subprocess.py:93} INFO - python: can't open file '/opt/***/kafka/Producer/kafka_producer.py': [Errno 2] No such file or directory
[2025-12-04T14:26:58.890+0000] {subprocess.py:97} INFO - Command exited with return code 2
[2025-12-04T14:26:58.971+0000] {taskinstance.py:2698} ERROR - Task failed with exception
Traceback (most recent call last):
  File "/home/airflow/.local/lib/python3.8/site-packages/airflow/models/taskinstance.py", line 433, in _execute_task
    result = execute_callable(context=context, **execute_callable_kwargs)
  File "/home/airflow/.local/lib/python3.8/site-packages/airflow/operators/bash.py", line 212, in execute
    raise AirflowException(
airflow.exceptions.AirflowException: Bash command failed. The command returned a non-zero exit code 2.
[2025-12-04T14:26:59.152+0000] {taskinstance.py:1138} INFO - Marking task as FAILED. dag_id=email_pipeline_dag, task_id=kafka_producer, execution_date=20251203T020000, start_date=20251204T142657, end_date=20251204T142659
[2025-12-04T14:26:59.238+0000] {standard_task_runner.py:107} ERROR - Failed to execute job 6 for task kafka_producer (Bash command failed. The command returned a non-zero exit code 2.; 846)
[2025-12-04T14:26:59.320+0000] {local_task_job_runner.py:234} INFO - Task exited with return code 1
[2025-12-04T14:26:59.402+0000] {taskinstance.py:3280} INFO - 0 downstream tasks scheduled from follow-on schedule check
