[2025-12-07T15:47:31.142+0000] {taskinstance.py:1956} INFO - Dependencies all met for dep_context=non-requeueable deps ti=<TaskInstance: email_intelligence_pipeline.export_to_postgres manual__2025-12-07T15:46:15.216360+00:00 [queued]>
[2025-12-07T15:47:31.152+0000] {taskinstance.py:1956} INFO - Dependencies all met for dep_context=requeueable deps ti=<TaskInstance: email_intelligence_pipeline.export_to_postgres manual__2025-12-07T15:46:15.216360+00:00 [queued]>
[2025-12-07T15:47:31.153+0000] {taskinstance.py:2170} INFO - Starting attempt 1 of 1
[2025-12-07T15:47:31.167+0000] {taskinstance.py:2191} INFO - Executing <Task(BashOperator): export_to_postgres> on 2025-12-07 15:46:15.216360+00:00
[2025-12-07T15:47:31.173+0000] {standard_task_runner.py:60} INFO - Started process 9244 to run task
[2025-12-07T15:47:31.176+0000] {standard_task_runner.py:87} INFO - Running: ['***', 'tasks', 'run', 'email_intelligence_pipeline', 'export_to_postgres', 'manual__2025-12-07T15:46:15.216360+00:00', '--job-id', '138', '--raw', '--subdir', 'DAGS_FOLDER/email_pipeline_dag.py', '--cfg-path', '/tmp/tmp3e5p31qo']
[2025-12-07T15:47:31.179+0000] {standard_task_runner.py:88} INFO - Job 138: Subtask export_to_postgres
[2025-12-07T15:47:31.263+0000] {task_command.py:423} INFO - Running <TaskInstance: email_intelligence_pipeline.export_to_postgres manual__2025-12-07T15:46:15.216360+00:00 [running]> on host 3db08845f297
[2025-12-07T15:47:31.350+0000] {taskinstance.py:2480} INFO - Exporting env vars: AIRFLOW_CTX_DAG_OWNER='data_team' AIRFLOW_CTX_DAG_ID='email_intelligence_pipeline' AIRFLOW_CTX_TASK_ID='export_to_postgres' AIRFLOW_CTX_EXECUTION_DATE='2025-12-07T15:46:15.216360+00:00' AIRFLOW_CTX_TRY_NUMBER='1' AIRFLOW_CTX_DAG_RUN_ID='manual__2025-12-07T15:46:15.216360+00:00'
[2025-12-07T15:47:31.352+0000] {subprocess.py:63} INFO - Tmp dir root location: /tmp
[2025-12-07T15:47:31.354+0000] {subprocess.py:75} INFO - Running command: ['/usr/bin/bash', '-c', '/opt/spark/bin/spark-submit --master local[2] --packages org.apache.hadoop:hadoop-aws:3.3.4,org.postgresql:postgresql:42.7.1 --name GoldToPostgres /opt/spark/jobs/gold_to_postgres.py']
[2025-12-07T15:47:31.363+0000] {subprocess.py:86} INFO - Output:
[2025-12-07T15:47:31.374+0000] {subprocess.py:93} INFO - /opt/spark/bin/load-spark-env.sh: line 68: ps: command not found
[2025-12-07T15:47:33.531+0000] {subprocess.py:93} INFO - :: loading settings :: url = jar:file:/opt/spark/jars/ivy-2.5.1.jar!/org/apache/ivy/core/settings/ivysettings.xml
[2025-12-07T15:47:33.611+0000] {subprocess.py:93} INFO - Ivy Default Cache set to: /home/***/.ivy2/cache
[2025-12-07T15:47:33.612+0000] {subprocess.py:93} INFO - The jars for the packages stored in: /home/***/.ivy2/jars
[2025-12-07T15:47:33.615+0000] {subprocess.py:93} INFO - org.apache.hadoop#hadoop-aws added as a dependency
[2025-12-07T15:47:33.616+0000] {subprocess.py:93} INFO - org.postgresql#postgresql added as a dependency
[2025-12-07T15:47:33.616+0000] {subprocess.py:93} INFO - :: resolving dependencies :: org.apache.spark#spark-submit-parent-8da3f622-52f2-4172-9b5d-f0e7f2f0afef;1.0
[2025-12-07T15:47:33.617+0000] {subprocess.py:93} INFO - 	confs: [default]
[2025-12-07T15:47:33.785+0000] {subprocess.py:93} INFO - 	found org.apache.hadoop#hadoop-aws;3.3.4 in central
[2025-12-07T15:47:33.813+0000] {subprocess.py:93} INFO - 	found com.amazonaws#aws-java-sdk-bundle;1.12.262 in central
[2025-12-07T15:47:33.843+0000] {subprocess.py:93} INFO - 	found org.wildfly.openssl#wildfly-openssl;1.0.7.Final in central
[2025-12-07T15:47:33.866+0000] {subprocess.py:93} INFO - 	found org.postgresql#postgresql;42.7.1 in central
[2025-12-07T15:47:33.882+0000] {subprocess.py:93} INFO - 	found org.checkerframework#checker-qual;3.41.0 in central
[2025-12-07T15:47:33.905+0000] {subprocess.py:93} INFO - :: resolution report :: resolve 276ms :: artifacts dl 13ms
[2025-12-07T15:47:33.907+0000] {subprocess.py:93} INFO - 	:: modules in use:
[2025-12-07T15:47:33.907+0000] {subprocess.py:93} INFO - 	com.amazonaws#aws-java-sdk-bundle;1.12.262 from central in [default]
[2025-12-07T15:47:33.908+0000] {subprocess.py:93} INFO - 	org.apache.hadoop#hadoop-aws;3.3.4 from central in [default]
[2025-12-07T15:47:33.909+0000] {subprocess.py:93} INFO - 	org.checkerframework#checker-qual;3.41.0 from central in [default]
[2025-12-07T15:47:33.910+0000] {subprocess.py:93} INFO - 	org.postgresql#postgresql;42.7.1 from central in [default]
[2025-12-07T15:47:33.911+0000] {subprocess.py:93} INFO - 	org.wildfly.openssl#wildfly-openssl;1.0.7.Final from central in [default]
[2025-12-07T15:47:33.912+0000] {subprocess.py:93} INFO - 	---------------------------------------------------------------------
[2025-12-07T15:47:33.913+0000] {subprocess.py:93} INFO - 	|                  |            modules            ||   artifacts   |
[2025-12-07T15:47:33.914+0000] {subprocess.py:93} INFO - 	|       conf       | number| search|dwnlded|evicted|| number|dwnlded|
[2025-12-07T15:47:33.915+0000] {subprocess.py:93} INFO - 	---------------------------------------------------------------------
[2025-12-07T15:47:33.915+0000] {subprocess.py:93} INFO - 	|      default     |   5   |   0   |   0   |   0   ||   5   |   0   |
[2025-12-07T15:47:33.916+0000] {subprocess.py:93} INFO - 	---------------------------------------------------------------------
[2025-12-07T15:47:33.917+0000] {subprocess.py:93} INFO - :: retrieving :: org.apache.spark#spark-submit-parent-8da3f622-52f2-4172-9b5d-f0e7f2f0afef
[2025-12-07T15:47:33.918+0000] {subprocess.py:93} INFO - 	confs: [default]
[2025-12-07T15:47:33.923+0000] {subprocess.py:93} INFO - 	0 artifacts copied, 5 already retrieved (0kB/8ms)
[2025-12-07T15:47:34.162+0000] {subprocess.py:93} INFO - 25/12/07 15:47:34 WARN NativeCodeLoader: Unable to load native-hadoop library for your platform... using builtin-java classes where applicable
[2025-12-07T15:47:35.382+0000] {subprocess.py:93} INFO - 
[2025-12-07T15:47:35.384+0000] {subprocess.py:93} INFO - ============================================================
[2025-12-07T15:47:35.385+0000] {subprocess.py:93} INFO - 🚀 GOLD TO POSTGRESQL EXPORT JOB STARTED
[2025-12-07T15:47:35.385+0000] {subprocess.py:93} INFO -    Timestamp: 2025-12-07 15:47:35.382280
[2025-12-07T15:47:35.386+0000] {subprocess.py:93} INFO - ============================================================
[2025-12-07T15:47:35.710+0000] {subprocess.py:93} INFO - 25/12/07 15:47:35 INFO SparkContext: Running Spark version 3.5.0
[2025-12-07T15:47:35.711+0000] {subprocess.py:93} INFO - 25/12/07 15:47:35 INFO SparkContext: OS info Linux, 6.6.87.2-microsoft-standard-WSL2, amd64
[2025-12-07T15:47:35.712+0000] {subprocess.py:93} INFO - 25/12/07 15:47:35 INFO SparkContext: Java version 17.0.17
[2025-12-07T15:47:35.738+0000] {subprocess.py:93} INFO - 25/12/07 15:47:35 INFO ResourceUtils: ==============================================================
[2025-12-07T15:47:35.739+0000] {subprocess.py:93} INFO - 25/12/07 15:47:35 INFO ResourceUtils: No custom resources configured for spark.driver.
[2025-12-07T15:47:35.740+0000] {subprocess.py:93} INFO - 25/12/07 15:47:35 INFO ResourceUtils: ==============================================================
[2025-12-07T15:47:35.742+0000] {subprocess.py:93} INFO - 25/12/07 15:47:35 INFO SparkContext: Submitted application: GoldToPostgres
[2025-12-07T15:47:35.770+0000] {subprocess.py:93} INFO - 25/12/07 15:47:35 INFO ResourceProfile: Default ResourceProfile created, executor resources: Map(cores -> name: cores, amount: 1, script: , vendor: , memory -> name: memory, amount: 1024, script: , vendor: , offHeap -> name: offHeap, amount: 0, script: , vendor: ), task resources: Map(cpus -> name: cpus, amount: 1.0)
[2025-12-07T15:47:35.779+0000] {subprocess.py:93} INFO - 25/12/07 15:47:35 INFO ResourceProfile: Limiting resource is cpu
[2025-12-07T15:47:35.780+0000] {subprocess.py:93} INFO - 25/12/07 15:47:35 INFO ResourceProfileManager: Added ResourceProfile id: 0
[2025-12-07T15:47:35.879+0000] {subprocess.py:93} INFO - 25/12/07 15:47:35 INFO SecurityManager: Changing view acls to: ***
[2025-12-07T15:47:35.881+0000] {subprocess.py:93} INFO - 25/12/07 15:47:35 INFO SecurityManager: Changing modify acls to: ***
[2025-12-07T15:47:35.882+0000] {subprocess.py:93} INFO - 25/12/07 15:47:35 INFO SecurityManager: Changing view acls groups to:
[2025-12-07T15:47:35.883+0000] {subprocess.py:93} INFO - 25/12/07 15:47:35 INFO SecurityManager: Changing modify acls groups to:
[2025-12-07T15:47:35.884+0000] {subprocess.py:93} INFO - 25/12/07 15:47:35 INFO SecurityManager: SecurityManager: authentication disabled; ui acls disabled; users with view permissions: ***; groups with view permissions: EMPTY; users with modify permissions: ***; groups with modify permissions: EMPTY
[2025-12-07T15:47:36.317+0000] {subprocess.py:93} INFO - 25/12/07 15:47:36 INFO Utils: Successfully started service 'sparkDriver' on port 42317.
[2025-12-07T15:47:36.365+0000] {subprocess.py:93} INFO - 25/12/07 15:47:36 INFO SparkEnv: Registering MapOutputTracker
[2025-12-07T15:47:36.394+0000] {subprocess.py:93} INFO - 25/12/07 15:47:36 INFO SparkEnv: Registering BlockManagerMaster
[2025-12-07T15:47:36.411+0000] {subprocess.py:93} INFO - 25/12/07 15:47:36 INFO BlockManagerMasterEndpoint: Using org.apache.spark.storage.DefaultTopologyMapper for getting topology information
[2025-12-07T15:47:36.412+0000] {subprocess.py:93} INFO - 25/12/07 15:47:36 INFO BlockManagerMasterEndpoint: BlockManagerMasterEndpoint up
[2025-12-07T15:47:36.416+0000] {subprocess.py:93} INFO - 25/12/07 15:47:36 INFO SparkEnv: Registering BlockManagerMasterHeartbeat
[2025-12-07T15:47:36.447+0000] {subprocess.py:93} INFO - 25/12/07 15:47:36 INFO DiskBlockManager: Created local directory at /tmp/blockmgr-b0fe3752-55de-433e-a9eb-535304308df9
[2025-12-07T15:47:36.463+0000] {subprocess.py:93} INFO - 25/12/07 15:47:36 INFO MemoryStore: MemoryStore started with capacity 434.4 MiB
[2025-12-07T15:47:36.478+0000] {subprocess.py:93} INFO - 25/12/07 15:47:36 INFO SparkEnv: Registering OutputCommitCoordinator
[2025-12-07T15:47:36.621+0000] {subprocess.py:93} INFO - 25/12/07 15:47:36 INFO JettyUtils: Start Jetty 0.0.0.0:4040 for SparkUI
[2025-12-07T15:47:36.689+0000] {subprocess.py:93} INFO - 25/12/07 15:47:36 INFO Utils: Successfully started service 'SparkUI' on port 4040.
[2025-12-07T15:47:36.725+0000] {subprocess.py:93} INFO - 25/12/07 15:47:36 INFO SparkContext: Added JAR file:///home/***/.ivy2/jars/org.apache.hadoop_hadoop-aws-3.3.4.jar at spark://3db08845f297:42317/jars/org.apache.hadoop_hadoop-aws-3.3.4.jar with timestamp 1765122455705
[2025-12-07T15:47:36.726+0000] {subprocess.py:93} INFO - 25/12/07 15:47:36 INFO SparkContext: Added JAR file:///home/***/.ivy2/jars/org.postgresql_postgresql-42.7.1.jar at spark://3db08845f297:42317/jars/org.postgresql_postgresql-42.7.1.jar with timestamp 1765122455705
[2025-12-07T15:47:36.729+0000] {subprocess.py:93} INFO - 25/12/07 15:47:36 INFO SparkContext: Added JAR file:///home/***/.ivy2/jars/com.amazonaws_aws-java-sdk-bundle-1.12.262.jar at spark://3db08845f297:42317/jars/com.amazonaws_aws-java-sdk-bundle-1.12.262.jar with timestamp 1765122455705
[2025-12-07T15:47:36.729+0000] {subprocess.py:93} INFO - 25/12/07 15:47:36 INFO SparkContext: Added JAR file:///home/***/.ivy2/jars/org.wildfly.openssl_wildfly-openssl-1.0.7.Final.jar at spark://3db08845f297:42317/jars/org.wildfly.openssl_wildfly-openssl-1.0.7.Final.jar with timestamp 1765122455705
[2025-12-07T15:47:36.730+0000] {subprocess.py:93} INFO - 25/12/07 15:47:36 INFO SparkContext: Added JAR file:///home/***/.ivy2/jars/org.checkerframework_checker-qual-3.41.0.jar at spark://3db08845f297:42317/jars/org.checkerframework_checker-qual-3.41.0.jar with timestamp 1765122455705
[2025-12-07T15:47:36.730+0000] {subprocess.py:93} INFO - 25/12/07 15:47:36 INFO SparkContext: Added file file:///home/***/.ivy2/jars/org.apache.hadoop_hadoop-aws-3.3.4.jar at file:///home/***/.ivy2/jars/org.apache.hadoop_hadoop-aws-3.3.4.jar with timestamp 1765122455705
[2025-12-07T15:47:36.731+0000] {subprocess.py:93} INFO - 25/12/07 15:47:36 INFO Utils: Copying /home/***/.ivy2/jars/org.apache.hadoop_hadoop-aws-3.3.4.jar to /tmp/spark-5262c72f-9a03-4e3b-90b2-708b9f3dab83/userFiles-d2353c5f-1006-44e0-a0b8-c7f61adbc889/org.apache.hadoop_hadoop-aws-3.3.4.jar
[2025-12-07T15:47:36.745+0000] {subprocess.py:93} INFO - 25/12/07 15:47:36 INFO SparkContext: Added file file:///home/***/.ivy2/jars/org.postgresql_postgresql-42.7.1.jar at file:///home/***/.ivy2/jars/org.postgresql_postgresql-42.7.1.jar with timestamp 1765122455705
[2025-12-07T15:47:36.746+0000] {subprocess.py:93} INFO - 25/12/07 15:47:36 INFO Utils: Copying /home/***/.ivy2/jars/org.postgresql_postgresql-42.7.1.jar to /tmp/spark-5262c72f-9a03-4e3b-90b2-708b9f3dab83/userFiles-d2353c5f-1006-44e0-a0b8-c7f61adbc889/org.postgresql_postgresql-42.7.1.jar
[2025-12-07T15:47:36.752+0000] {subprocess.py:93} INFO - 25/12/07 15:47:36 INFO SparkContext: Added file file:///home/***/.ivy2/jars/com.amazonaws_aws-java-sdk-bundle-1.12.262.jar at file:///home/***/.ivy2/jars/com.amazonaws_aws-java-sdk-bundle-1.12.262.jar with timestamp 1765122455705
[2025-12-07T15:47:36.753+0000] {subprocess.py:93} INFO - 25/12/07 15:47:36 INFO Utils: Copying /home/***/.ivy2/jars/com.amazonaws_aws-java-sdk-bundle-1.12.262.jar to /tmp/spark-5262c72f-9a03-4e3b-90b2-708b9f3dab83/userFiles-d2353c5f-1006-44e0-a0b8-c7f61adbc889/com.amazonaws_aws-java-sdk-bundle-1.12.262.jar
[2025-12-07T15:47:37.377+0000] {subprocess.py:93} INFO - 25/12/07 15:47:37 INFO SparkContext: Added file file:///home/***/.ivy2/jars/org.wildfly.openssl_wildfly-openssl-1.0.7.Final.jar at file:///home/***/.ivy2/jars/org.wildfly.openssl_wildfly-openssl-1.0.7.Final.jar with timestamp 1765122455705
[2025-12-07T15:47:37.378+0000] {subprocess.py:93} INFO - 25/12/07 15:47:37 INFO Utils: Copying /home/***/.ivy2/jars/org.wildfly.openssl_wildfly-openssl-1.0.7.Final.jar to /tmp/spark-5262c72f-9a03-4e3b-90b2-708b9f3dab83/userFiles-d2353c5f-1006-44e0-a0b8-c7f61adbc889/org.wildfly.openssl_wildfly-openssl-1.0.7.Final.jar
[2025-12-07T15:47:37.382+0000] {subprocess.py:93} INFO - 25/12/07 15:47:37 INFO SparkContext: Added file file:///home/***/.ivy2/jars/org.checkerframework_checker-qual-3.41.0.jar at file:///home/***/.ivy2/jars/org.checkerframework_checker-qual-3.41.0.jar with timestamp 1765122455705
[2025-12-07T15:47:37.384+0000] {subprocess.py:93} INFO - 25/12/07 15:47:37 INFO Utils: Copying /home/***/.ivy2/jars/org.checkerframework_checker-qual-3.41.0.jar to /tmp/spark-5262c72f-9a03-4e3b-90b2-708b9f3dab83/userFiles-d2353c5f-1006-44e0-a0b8-c7f61adbc889/org.checkerframework_checker-qual-3.41.0.jar
[2025-12-07T15:47:37.436+0000] {subprocess.py:93} INFO - 25/12/07 15:47:37 INFO Executor: Starting executor ID driver on host 3db08845f297
[2025-12-07T15:47:37.438+0000] {subprocess.py:93} INFO - 25/12/07 15:47:37 INFO Executor: OS info Linux, 6.6.87.2-microsoft-standard-WSL2, amd64
[2025-12-07T15:47:37.439+0000] {subprocess.py:93} INFO - 25/12/07 15:47:37 INFO Executor: Java version 17.0.17
[2025-12-07T15:47:37.443+0000] {subprocess.py:93} INFO - 25/12/07 15:47:37 INFO Executor: Starting executor with user classpath (userClassPathFirst = false): ''
[2025-12-07T15:47:37.444+0000] {subprocess.py:93} INFO - 25/12/07 15:47:37 INFO Executor: Created or updated repl class loader org.apache.spark.util.MutableURLClassLoader@6d126482 for default.
[2025-12-07T15:47:37.453+0000] {subprocess.py:93} INFO - 25/12/07 15:47:37 INFO Executor: Fetching file:///home/***/.ivy2/jars/org.apache.hadoop_hadoop-aws-3.3.4.jar with timestamp 1765122455705
[2025-12-07T15:47:37.474+0000] {subprocess.py:93} INFO - 25/12/07 15:47:37 INFO Utils: /home/***/.ivy2/jars/org.apache.hadoop_hadoop-aws-3.3.4.jar has been previously copied to /tmp/spark-5262c72f-9a03-4e3b-90b2-708b9f3dab83/userFiles-d2353c5f-1006-44e0-a0b8-c7f61adbc889/org.apache.hadoop_hadoop-aws-3.3.4.jar
[2025-12-07T15:47:37.478+0000] {subprocess.py:93} INFO - 25/12/07 15:47:37 INFO Executor: Fetching file:///home/***/.ivy2/jars/org.checkerframework_checker-qual-3.41.0.jar with timestamp 1765122455705
[2025-12-07T15:47:37.479+0000] {subprocess.py:93} INFO - 25/12/07 15:47:37 INFO Utils: /home/***/.ivy2/jars/org.checkerframework_checker-qual-3.41.0.jar has been previously copied to /tmp/spark-5262c72f-9a03-4e3b-90b2-708b9f3dab83/userFiles-d2353c5f-1006-44e0-a0b8-c7f61adbc889/org.checkerframework_checker-qual-3.41.0.jar
[2025-12-07T15:47:37.483+0000] {subprocess.py:93} INFO - 25/12/07 15:47:37 INFO Executor: Fetching file:///home/***/.ivy2/jars/org.wildfly.openssl_wildfly-openssl-1.0.7.Final.jar with timestamp 1765122455705
[2025-12-07T15:47:37.484+0000] {subprocess.py:93} INFO - 25/12/07 15:47:37 INFO Utils: /home/***/.ivy2/jars/org.wildfly.openssl_wildfly-openssl-1.0.7.Final.jar has been previously copied to /tmp/spark-5262c72f-9a03-4e3b-90b2-708b9f3dab83/userFiles-d2353c5f-1006-44e0-a0b8-c7f61adbc889/org.wildfly.openssl_wildfly-openssl-1.0.7.Final.jar
[2025-12-07T15:47:37.488+0000] {subprocess.py:93} INFO - 25/12/07 15:47:37 INFO Executor: Fetching file:///home/***/.ivy2/jars/org.postgresql_postgresql-42.7.1.jar with timestamp 1765122455705
[2025-12-07T15:47:37.489+0000] {subprocess.py:93} INFO - 25/12/07 15:47:37 INFO Utils: /home/***/.ivy2/jars/org.postgresql_postgresql-42.7.1.jar has been previously copied to /tmp/spark-5262c72f-9a03-4e3b-90b2-708b9f3dab83/userFiles-d2353c5f-1006-44e0-a0b8-c7f61adbc889/org.postgresql_postgresql-42.7.1.jar
[2025-12-07T15:47:37.495+0000] {subprocess.py:93} INFO - 25/12/07 15:47:37 INFO Executor: Fetching file:///home/***/.ivy2/jars/com.amazonaws_aws-java-sdk-bundle-1.12.262.jar with timestamp 1765122455705
[2025-12-07T15:47:37.642+0000] {subprocess.py:93} INFO - 25/12/07 15:47:37 INFO Utils: /home/***/.ivy2/jars/com.amazonaws_aws-java-sdk-bundle-1.12.262.jar has been previously copied to /tmp/spark-5262c72f-9a03-4e3b-90b2-708b9f3dab83/userFiles-d2353c5f-1006-44e0-a0b8-c7f61adbc889/com.amazonaws_aws-java-sdk-bundle-1.12.262.jar
[2025-12-07T15:47:37.684+0000] {subprocess.py:93} INFO - 25/12/07 15:47:37 INFO Executor: Fetching spark://3db08845f297:42317/jars/com.amazonaws_aws-java-sdk-bundle-1.12.262.jar with timestamp 1765122455705
[2025-12-07T15:47:37.739+0000] {subprocess.py:93} INFO - 25/12/07 15:47:37 INFO TransportClientFactory: Successfully created connection to 3db08845f297/172.20.0.8:42317 after 33 ms (0 ms spent in bootstraps)
[2025-12-07T15:47:37.745+0000] {subprocess.py:93} INFO - 25/12/07 15:47:37 INFO Utils: Fetching spark://3db08845f297:42317/jars/com.amazonaws_aws-java-sdk-bundle-1.12.262.jar to /tmp/spark-5262c72f-9a03-4e3b-90b2-708b9f3dab83/userFiles-d2353c5f-1006-44e0-a0b8-c7f61adbc889/fetchFileTemp7659614355446674801.tmp
[2025-12-07T15:47:39.205+0000] {subprocess.py:93} INFO - 25/12/07 15:47:39 INFO Utils: /tmp/spark-5262c72f-9a03-4e3b-90b2-708b9f3dab83/userFiles-d2353c5f-1006-44e0-a0b8-c7f61adbc889/fetchFileTemp7659614355446674801.tmp has been previously copied to /tmp/spark-5262c72f-9a03-4e3b-90b2-708b9f3dab83/userFiles-d2353c5f-1006-44e0-a0b8-c7f61adbc889/com.amazonaws_aws-java-sdk-bundle-1.12.262.jar
[2025-12-07T15:47:39.246+0000] {subprocess.py:93} INFO - 25/12/07 15:47:39 INFO Executor: Adding file:/tmp/spark-5262c72f-9a03-4e3b-90b2-708b9f3dab83/userFiles-d2353c5f-1006-44e0-a0b8-c7f61adbc889/com.amazonaws_aws-java-sdk-bundle-1.12.262.jar to class loader default
[2025-12-07T15:47:39.249+0000] {subprocess.py:93} INFO - 25/12/07 15:47:39 INFO Executor: Fetching spark://3db08845f297:42317/jars/org.checkerframework_checker-qual-3.41.0.jar with timestamp 1765122455705
[2025-12-07T15:47:39.250+0000] {subprocess.py:93} INFO - 25/12/07 15:47:39 INFO Utils: Fetching spark://3db08845f297:42317/jars/org.checkerframework_checker-qual-3.41.0.jar to /tmp/spark-5262c72f-9a03-4e3b-90b2-708b9f3dab83/userFiles-d2353c5f-1006-44e0-a0b8-c7f61adbc889/fetchFileTemp878816845386503065.tmp
[2025-12-07T15:47:39.256+0000] {subprocess.py:93} INFO - 25/12/07 15:47:39 INFO Utils: /tmp/spark-5262c72f-9a03-4e3b-90b2-708b9f3dab83/userFiles-d2353c5f-1006-44e0-a0b8-c7f61adbc889/fetchFileTemp878816845386503065.tmp has been previously copied to /tmp/spark-5262c72f-9a03-4e3b-90b2-708b9f3dab83/userFiles-d2353c5f-1006-44e0-a0b8-c7f61adbc889/org.checkerframework_checker-qual-3.41.0.jar
[2025-12-07T15:47:39.262+0000] {subprocess.py:93} INFO - 25/12/07 15:47:39 INFO Executor: Adding file:/tmp/spark-5262c72f-9a03-4e3b-90b2-708b9f3dab83/userFiles-d2353c5f-1006-44e0-a0b8-c7f61adbc889/org.checkerframework_checker-qual-3.41.0.jar to class loader default
[2025-12-07T15:47:39.273+0000] {subprocess.py:93} INFO - 25/12/07 15:47:39 INFO Executor: Fetching spark://3db08845f297:42317/jars/org.wildfly.openssl_wildfly-openssl-1.0.7.Final.jar with timestamp 1765122455705
[2025-12-07T15:47:39.274+0000] {subprocess.py:93} INFO - 25/12/07 15:47:39 INFO Utils: Fetching spark://3db08845f297:42317/jars/org.wildfly.openssl_wildfly-openssl-1.0.7.Final.jar to /tmp/spark-5262c72f-9a03-4e3b-90b2-708b9f3dab83/userFiles-d2353c5f-1006-44e0-a0b8-c7f61adbc889/fetchFileTemp14684818938403490319.tmp
[2025-12-07T15:47:39.279+0000] {subprocess.py:93} INFO - 25/12/07 15:47:39 INFO Utils: /tmp/spark-5262c72f-9a03-4e3b-90b2-708b9f3dab83/userFiles-d2353c5f-1006-44e0-a0b8-c7f61adbc889/fetchFileTemp14684818938403490319.tmp has been previously copied to /tmp/spark-5262c72f-9a03-4e3b-90b2-708b9f3dab83/userFiles-d2353c5f-1006-44e0-a0b8-c7f61adbc889/org.wildfly.openssl_wildfly-openssl-1.0.7.Final.jar
[2025-12-07T15:47:39.295+0000] {subprocess.py:93} INFO - 25/12/07 15:47:39 INFO Executor: Adding file:/tmp/spark-5262c72f-9a03-4e3b-90b2-708b9f3dab83/userFiles-d2353c5f-1006-44e0-a0b8-c7f61adbc889/org.wildfly.openssl_wildfly-openssl-1.0.7.Final.jar to class loader default
[2025-12-07T15:47:39.296+0000] {subprocess.py:93} INFO - 25/12/07 15:47:39 INFO Executor: Fetching spark://3db08845f297:42317/jars/org.postgresql_postgresql-42.7.1.jar with timestamp 1765122455705
[2025-12-07T15:47:39.298+0000] {subprocess.py:93} INFO - 25/12/07 15:47:39 INFO Utils: Fetching spark://3db08845f297:42317/jars/org.postgresql_postgresql-42.7.1.jar to /tmp/spark-5262c72f-9a03-4e3b-90b2-708b9f3dab83/userFiles-d2353c5f-1006-44e0-a0b8-c7f61adbc889/fetchFileTemp2061695818208624858.tmp
[2025-12-07T15:47:39.320+0000] {subprocess.py:93} INFO - 25/12/07 15:47:39 INFO Utils: /tmp/spark-5262c72f-9a03-4e3b-90b2-708b9f3dab83/userFiles-d2353c5f-1006-44e0-a0b8-c7f61adbc889/fetchFileTemp2061695818208624858.tmp has been previously copied to /tmp/spark-5262c72f-9a03-4e3b-90b2-708b9f3dab83/userFiles-d2353c5f-1006-44e0-a0b8-c7f61adbc889/org.postgresql_postgresql-42.7.1.jar
[2025-12-07T15:47:39.331+0000] {subprocess.py:93} INFO - 25/12/07 15:47:39 INFO Executor: Adding file:/tmp/spark-5262c72f-9a03-4e3b-90b2-708b9f3dab83/userFiles-d2353c5f-1006-44e0-a0b8-c7f61adbc889/org.postgresql_postgresql-42.7.1.jar to class loader default
[2025-12-07T15:47:39.332+0000] {subprocess.py:93} INFO - 25/12/07 15:47:39 INFO Executor: Fetching spark://3db08845f297:42317/jars/org.apache.hadoop_hadoop-aws-3.3.4.jar with timestamp 1765122455705
[2025-12-07T15:47:39.333+0000] {subprocess.py:93} INFO - 25/12/07 15:47:39 INFO Utils: Fetching spark://3db08845f297:42317/jars/org.apache.hadoop_hadoop-aws-3.3.4.jar to /tmp/spark-5262c72f-9a03-4e3b-90b2-708b9f3dab83/userFiles-d2353c5f-1006-44e0-a0b8-c7f61adbc889/fetchFileTemp5083089819482939710.tmp
[2025-12-07T15:47:39.346+0000] {subprocess.py:93} INFO - 25/12/07 15:47:39 INFO Utils: /tmp/spark-5262c72f-9a03-4e3b-90b2-708b9f3dab83/userFiles-d2353c5f-1006-44e0-a0b8-c7f61adbc889/fetchFileTemp5083089819482939710.tmp has been previously copied to /tmp/spark-5262c72f-9a03-4e3b-90b2-708b9f3dab83/userFiles-d2353c5f-1006-44e0-a0b8-c7f61adbc889/org.apache.hadoop_hadoop-aws-3.3.4.jar
[2025-12-07T15:47:39.353+0000] {subprocess.py:93} INFO - 25/12/07 15:47:39 INFO Executor: Adding file:/tmp/spark-5262c72f-9a03-4e3b-90b2-708b9f3dab83/userFiles-d2353c5f-1006-44e0-a0b8-c7f61adbc889/org.apache.hadoop_hadoop-aws-3.3.4.jar to class loader default
[2025-12-07T15:47:39.369+0000] {subprocess.py:93} INFO - 25/12/07 15:47:39 INFO Utils: Successfully started service 'org.apache.spark.network.netty.NettyBlockTransferService' on port 32821.
[2025-12-07T15:47:39.370+0000] {subprocess.py:93} INFO - 25/12/07 15:47:39 INFO NettyBlockTransferService: Server created on 3db08845f297:32821
[2025-12-07T15:47:39.372+0000] {subprocess.py:93} INFO - 25/12/07 15:47:39 INFO BlockManager: Using org.apache.spark.storage.RandomBlockReplicationPolicy for block replication policy
[2025-12-07T15:47:39.383+0000] {subprocess.py:93} INFO - 25/12/07 15:47:39 INFO BlockManagerMaster: Registering BlockManager BlockManagerId(driver, 3db08845f297, 32821, None)
[2025-12-07T15:47:39.386+0000] {subprocess.py:93} INFO - 25/12/07 15:47:39 INFO BlockManagerMasterEndpoint: Registering block manager 3db08845f297:32821 with 434.4 MiB RAM, BlockManagerId(driver, 3db08845f297, 32821, None)
[2025-12-07T15:47:39.389+0000] {subprocess.py:93} INFO - 25/12/07 15:47:39 INFO BlockManagerMaster: Registered BlockManager BlockManagerId(driver, 3db08845f297, 32821, None)
[2025-12-07T15:47:39.390+0000] {subprocess.py:93} INFO - 25/12/07 15:47:39 INFO BlockManager: Initialized BlockManager: BlockManagerId(driver, 3db08845f297, 32821, None)
[2025-12-07T15:47:39.849+0000] {subprocess.py:93} INFO - 📌 Step 1: Reading Gold layer from MinIO...
[2025-12-07T15:47:39.857+0000] {subprocess.py:93} INFO - 25/12/07 15:47:39 INFO SharedState: Setting hive.metastore.warehouse.dir ('null') to the value of spark.sql.warehouse.dir.
[2025-12-07T15:47:39.859+0000] {subprocess.py:93} INFO - 25/12/07 15:47:39 INFO SharedState: Warehouse path is 'file:/tmp/***tmpyrp8u_we/spark-warehouse'.
[2025-12-07T15:47:39.199+0000] {subprocess.py:93} INFO - 25/12/07 15:47:39 WARN MetricsConfig: Cannot locate configuration: tried hadoop-metrics2-s3a-file-system.properties,hadoop-metrics2.properties
[2025-12-07T15:47:39.215+0000] {subprocess.py:93} INFO - 25/12/07 15:47:39 INFO MetricsSystemImpl: Scheduled Metric snapshot period at 10 second(s).
[2025-12-07T15:47:39.216+0000] {subprocess.py:93} INFO - 25/12/07 15:47:39 INFO MetricsSystemImpl: s3a-file-system metrics system started
[2025-12-07T15:47:40.092+0000] {subprocess.py:93} INFO - 25/12/07 15:47:40 INFO InMemoryFileIndex: It took 73 ms to list leaf files for 1 paths.
[2025-12-07T15:47:40.440+0000] {subprocess.py:93} INFO - 25/12/07 15:47:40 INFO SparkContext: Starting job: parquet at NativeMethodAccessorImpl.java:0
[2025-12-07T15:47:40.455+0000] {subprocess.py:93} INFO - 25/12/07 15:47:40 INFO DAGScheduler: Got job 0 (parquet at NativeMethodAccessorImpl.java:0) with 1 output partitions
[2025-12-07T15:47:40.456+0000] {subprocess.py:93} INFO - 25/12/07 15:47:40 INFO DAGScheduler: Final stage: ResultStage 0 (parquet at NativeMethodAccessorImpl.java:0)
[2025-12-07T15:47:40.457+0000] {subprocess.py:93} INFO - 25/12/07 15:47:40 INFO DAGScheduler: Parents of final stage: List()
[2025-12-07T15:47:40.457+0000] {subprocess.py:93} INFO - 25/12/07 15:47:40 INFO DAGScheduler: Missing parents: List()
[2025-12-07T15:47:40.460+0000] {subprocess.py:93} INFO - 25/12/07 15:47:40 INFO DAGScheduler: Submitting ResultStage 0 (MapPartitionsRDD[1] at parquet at NativeMethodAccessorImpl.java:0), which has no missing parents
[2025-12-07T15:47:40.563+0000] {subprocess.py:93} INFO - 25/12/07 15:47:40 INFO MemoryStore: Block broadcast_0 stored as values in memory (estimated size 106.5 KiB, free 434.3 MiB)
[2025-12-07T15:47:40.661+0000] {subprocess.py:93} INFO - 25/12/07 15:47:40 INFO MemoryStore: Block broadcast_0_piece0 stored as bytes in memory (estimated size 38.5 KiB, free 434.3 MiB)
[2025-12-07T15:47:40.668+0000] {subprocess.py:93} INFO - 25/12/07 15:47:40 INFO BlockManagerInfo: Added broadcast_0_piece0 in memory on 3db08845f297:32821 (size: 38.5 KiB, free: 434.4 MiB)
[2025-12-07T15:47:40.676+0000] {subprocess.py:93} INFO - 25/12/07 15:47:40 INFO SparkContext: Created broadcast 0 from broadcast at DAGScheduler.scala:1580
[2025-12-07T15:47:40.699+0000] {subprocess.py:93} INFO - 25/12/07 15:47:40 INFO DAGScheduler: Submitting 1 missing tasks from ResultStage 0 (MapPartitionsRDD[1] at parquet at NativeMethodAccessorImpl.java:0) (first 15 tasks are for partitions Vector(0))
[2025-12-07T15:47:40.701+0000] {subprocess.py:93} INFO - 25/12/07 15:47:40 INFO TaskSchedulerImpl: Adding task set 0.0 with 1 tasks resource profile 0
[2025-12-07T15:47:40.774+0000] {subprocess.py:93} INFO - 25/12/07 15:47:40 INFO TaskSetManager: Starting task 0.0 in stage 0.0 (TID 0) (3db08845f297, executor driver, partition 0, PROCESS_LOCAL, 8811 bytes)
[2025-12-07T15:47:40.806+0000] {subprocess.py:93} INFO - 25/12/07 15:47:40 INFO Executor: Running task 0.0 in stage 0.0 (TID 0)
[2025-12-07T15:47:41.141+0000] {subprocess.py:93} INFO - 25/12/07 15:47:41 INFO S3AInputStream: Switching to Random IO seek policy
[2025-12-07T15:47:41.482+0000] {subprocess.py:93} INFO - 25/12/07 15:47:41 INFO Executor: Finished task 0.0 in stage 0.0 (TID 0). 2033 bytes result sent to driver
[2025-12-07T15:47:41.525+0000] {subprocess.py:93} INFO - 25/12/07 15:47:41 INFO TaskSetManager: Finished task 0.0 in stage 0.0 (TID 0) in 783 ms on 3db08845f297 (executor driver) (1/1)
[2025-12-07T15:47:41.529+0000] {subprocess.py:93} INFO - 25/12/07 15:47:41 INFO TaskSchedulerImpl: Removed TaskSet 0.0, whose tasks have all completed, from pool
[2025-12-07T15:47:41.536+0000] {subprocess.py:93} INFO - 25/12/07 15:47:41 INFO DAGScheduler: ResultStage 0 (parquet at NativeMethodAccessorImpl.java:0) finished in 1.061 s
[2025-12-07T15:47:41.543+0000] {subprocess.py:93} INFO - 25/12/07 15:47:41 INFO DAGScheduler: Job 0 is finished. Cancelling potential speculative or zombie tasks for this job
[2025-12-07T15:47:41.544+0000] {subprocess.py:93} INFO - 25/12/07 15:47:41 INFO TaskSchedulerImpl: Killing all running tasks in stage 0: Stage finished
[2025-12-07T15:47:41.548+0000] {subprocess.py:93} INFO - 25/12/07 15:47:41 INFO DAGScheduler: Job 0 finished: parquet at NativeMethodAccessorImpl.java:0, took 1.106523 s
[2025-12-07T15:47:42.597+0000] {subprocess.py:93} INFO - 25/12/07 15:47:42 INFO FileSourceStrategy: Pushed Filters:
[2025-12-07T15:47:42.598+0000] {subprocess.py:93} INFO - 25/12/07 15:47:42 INFO FileSourceStrategy: Post-Scan Filters:
[2025-12-07T15:47:42.894+0000] {subprocess.py:93} INFO - 25/12/07 15:47:42 INFO CodeGenerator: Code generated in 140.707609 ms
[2025-12-07T15:47:42.916+0000] {subprocess.py:93} INFO - 25/12/07 15:47:42 INFO MemoryStore: Block broadcast_1 stored as values in memory (estimated size 205.5 KiB, free 434.1 MiB)
[2025-12-07T15:47:42.932+0000] {subprocess.py:93} INFO - 25/12/07 15:47:42 INFO MemoryStore: Block broadcast_1_piece0 stored as bytes in memory (estimated size 36.1 KiB, free 434.0 MiB)
[2025-12-07T15:47:42.934+0000] {subprocess.py:93} INFO - 25/12/07 15:47:42 INFO BlockManagerInfo: Added broadcast_1_piece0 in memory on 3db08845f297:32821 (size: 36.1 KiB, free: 434.3 MiB)
[2025-12-07T15:47:42.936+0000] {subprocess.py:93} INFO - 25/12/07 15:47:42 INFO SparkContext: Created broadcast 1 from count at NativeMethodAccessorImpl.java:0
[2025-12-07T15:47:42.961+0000] {subprocess.py:93} INFO - 25/12/07 15:47:42 INFO FileSourceScanExec: Planning scan with bin packing, max size: 4196705 bytes, open cost is considered as scanning 4194304 bytes.
[2025-12-07T15:47:42.972+0000] {subprocess.py:93} INFO - 25/12/07 15:47:42 INFO BlockManagerInfo: Removed broadcast_0_piece0 on 3db08845f297:32821 in memory (size: 38.5 KiB, free: 434.4 MiB)
[2025-12-07T15:47:43.023+0000] {subprocess.py:93} INFO - 25/12/07 15:47:43 INFO DAGScheduler: Registering RDD 5 (count at NativeMethodAccessorImpl.java:0) as input to shuffle 0
[2025-12-07T15:47:43.029+0000] {subprocess.py:93} INFO - 25/12/07 15:47:43 INFO DAGScheduler: Got map stage job 1 (count at NativeMethodAccessorImpl.java:0) with 2 output partitions
[2025-12-07T15:47:43.030+0000] {subprocess.py:93} INFO - 25/12/07 15:47:43 INFO DAGScheduler: Final stage: ShuffleMapStage 1 (count at NativeMethodAccessorImpl.java:0)
[2025-12-07T15:47:43.031+0000] {subprocess.py:93} INFO - 25/12/07 15:47:43 INFO DAGScheduler: Parents of final stage: List()
[2025-12-07T15:47:43.032+0000] {subprocess.py:93} INFO - 25/12/07 15:47:43 INFO DAGScheduler: Missing parents: List()
[2025-12-07T15:47:43.034+0000] {subprocess.py:93} INFO - 25/12/07 15:47:43 INFO DAGScheduler: Submitting ShuffleMapStage 1 (MapPartitionsRDD[5] at count at NativeMethodAccessorImpl.java:0), which has no missing parents
[2025-12-07T15:47:43.069+0000] {subprocess.py:93} INFO - 25/12/07 15:47:43 INFO MemoryStore: Block broadcast_2 stored as values in memory (estimated size 16.8 KiB, free 434.1 MiB)
[2025-12-07T15:47:43.083+0000] {subprocess.py:93} INFO - 25/12/07 15:47:43 INFO MemoryStore: Block broadcast_2_piece0 stored as bytes in memory (estimated size 7.7 KiB, free 434.1 MiB)
[2025-12-07T15:47:43.085+0000] {subprocess.py:93} INFO - 25/12/07 15:47:43 INFO BlockManagerInfo: Added broadcast_2_piece0 in memory on 3db08845f297:32821 (size: 7.7 KiB, free: 434.4 MiB)
[2025-12-07T15:47:43.087+0000] {subprocess.py:93} INFO - 25/12/07 15:47:43 INFO SparkContext: Created broadcast 2 from broadcast at DAGScheduler.scala:1580
[2025-12-07T15:47:43.091+0000] {subprocess.py:93} INFO - 25/12/07 15:47:43 INFO DAGScheduler: Submitting 2 missing tasks from ShuffleMapStage 1 (MapPartitionsRDD[5] at count at NativeMethodAccessorImpl.java:0) (first 15 tasks are for partitions Vector(0, 1))
[2025-12-07T15:47:43.092+0000] {subprocess.py:93} INFO - 25/12/07 15:47:43 INFO TaskSchedulerImpl: Adding task set 1.0 with 2 tasks resource profile 0
[2025-12-07T15:47:43.100+0000] {subprocess.py:93} INFO - 25/12/07 15:47:43 INFO TaskSetManager: Starting task 0.0 in stage 1.0 (TID 1) (3db08845f297, executor driver, partition 0, PROCESS_LOCAL, 9305 bytes)
[2025-12-07T15:47:43.103+0000] {subprocess.py:93} INFO - 25/12/07 15:47:43 INFO TaskSetManager: Starting task 1.0 in stage 1.0 (TID 2) (3db08845f297, executor driver, partition 1, PROCESS_LOCAL, 9305 bytes)
[2025-12-07T15:47:43.110+0000] {subprocess.py:93} INFO - 25/12/07 15:47:43 INFO Executor: Running task 0.0 in stage 1.0 (TID 1)
[2025-12-07T15:47:43.112+0000] {subprocess.py:93} INFO - 25/12/07 15:47:43 INFO Executor: Running task 1.0 in stage 1.0 (TID 2)
[2025-12-07T15:47:43.196+0000] {subprocess.py:93} INFO - 25/12/07 15:47:43 INFO CodeGenerator: Code generated in 16.039831 ms
[2025-12-07T15:47:43.207+0000] {subprocess.py:93} INFO - 25/12/07 15:47:43 INFO FileScanRDD: Reading File path: s3a://datalake/gold/daily_summary/part-00000-757d6238-a3bc-4ebc-817e-f29a4715f6df-c000.snappy.parquet, range: 0-2401, partition values: [empty row]
[2025-12-07T15:47:43.210+0000] {subprocess.py:93} INFO - 25/12/07 15:47:43 INFO FileScanRDD: Reading File path: s3a://datalake/gold/daily_summary/part-00000-4e68d1c9-eb7d-4e71-9939-37fd54233646-c000.snappy.parquet, range: 0-2401, partition values: [empty row]
[2025-12-07T15:47:43.233+0000] {subprocess.py:93} INFO - 25/12/07 15:47:43 INFO S3AInputStream: Switching to Random IO seek policy
[2025-12-07T15:47:43.234+0000] {subprocess.py:93} INFO - 25/12/07 15:47:43 INFO S3AInputStream: Switching to Random IO seek policy
[2025-12-07T15:47:43.378+0000] {subprocess.py:93} INFO - 25/12/07 15:47:43 INFO Executor: Finished task 0.0 in stage 1.0 (TID 1). 2222 bytes result sent to driver
[2025-12-07T15:47:43.383+0000] {subprocess.py:93} INFO - 25/12/07 15:47:43 INFO Executor: Finished task 1.0 in stage 1.0 (TID 2). 2222 bytes result sent to driver
[2025-12-07T15:47:43.384+0000] {subprocess.py:93} INFO - 25/12/07 15:47:43 INFO TaskSetManager: Finished task 0.0 in stage 1.0 (TID 1) in 290 ms on 3db08845f297 (executor driver) (1/2)
[2025-12-07T15:47:43.387+0000] {subprocess.py:93} INFO - 25/12/07 15:47:43 INFO TaskSetManager: Finished task 1.0 in stage 1.0 (TID 2) in 283 ms on 3db08845f297 (executor driver) (2/2)
[2025-12-07T15:47:43.388+0000] {subprocess.py:93} INFO - 25/12/07 15:47:43 INFO TaskSchedulerImpl: Removed TaskSet 1.0, whose tasks have all completed, from pool
[2025-12-07T15:47:43.391+0000] {subprocess.py:93} INFO - 25/12/07 15:47:43 INFO DAGScheduler: ShuffleMapStage 1 (count at NativeMethodAccessorImpl.java:0) finished in 0.349 s
[2025-12-07T15:47:43.392+0000] {subprocess.py:93} INFO - 25/12/07 15:47:43 INFO DAGScheduler: looking for newly runnable stages
[2025-12-07T15:47:43.394+0000] {subprocess.py:93} INFO - 25/12/07 15:47:43 INFO DAGScheduler: running: Set()
[2025-12-07T15:47:43.395+0000] {subprocess.py:93} INFO - 25/12/07 15:47:43 INFO DAGScheduler: waiting: Set()
[2025-12-07T15:47:43.397+0000] {subprocess.py:93} INFO - 25/12/07 15:47:43 INFO DAGScheduler: failed: Set()
[2025-12-07T15:47:43.448+0000] {subprocess.py:93} INFO - 25/12/07 15:47:43 INFO CodeGenerator: Code generated in 13.566261 ms
[2025-12-07T15:47:43.474+0000] {subprocess.py:93} INFO - 25/12/07 15:47:43 INFO SparkContext: Starting job: count at NativeMethodAccessorImpl.java:0
[2025-12-07T15:47:43.477+0000] {subprocess.py:93} INFO - 25/12/07 15:47:43 INFO DAGScheduler: Got job 2 (count at NativeMethodAccessorImpl.java:0) with 1 output partitions
[2025-12-07T15:47:43.479+0000] {subprocess.py:93} INFO - 25/12/07 15:47:43 INFO DAGScheduler: Final stage: ResultStage 3 (count at NativeMethodAccessorImpl.java:0)
[2025-12-07T15:47:43.481+0000] {subprocess.py:93} INFO - 25/12/07 15:47:43 INFO DAGScheduler: Parents of final stage: List(ShuffleMapStage 2)
[2025-12-07T15:47:43.483+0000] {subprocess.py:93} INFO - 25/12/07 15:47:43 INFO DAGScheduler: Missing parents: List()
[2025-12-07T15:47:43.484+0000] {subprocess.py:93} INFO - 25/12/07 15:47:43 INFO DAGScheduler: Submitting ResultStage 3 (MapPartitionsRDD[8] at count at NativeMethodAccessorImpl.java:0), which has no missing parents
[2025-12-07T15:47:43.486+0000] {subprocess.py:93} INFO - 25/12/07 15:47:43 INFO MemoryStore: Block broadcast_3 stored as values in memory (estimated size 12.5 KiB, free 434.1 MiB)
[2025-12-07T15:47:43.495+0000] {subprocess.py:93} INFO - 25/12/07 15:47:43 INFO MemoryStore: Block broadcast_3_piece0 stored as bytes in memory (estimated size 5.9 KiB, free 434.1 MiB)
[2025-12-07T15:47:43.496+0000] {subprocess.py:93} INFO - 25/12/07 15:47:43 INFO BlockManagerInfo: Added broadcast_3_piece0 in memory on 3db08845f297:32821 (size: 5.9 KiB, free: 434.4 MiB)
[2025-12-07T15:47:43.497+0000] {subprocess.py:93} INFO - 25/12/07 15:47:43 INFO BlockManagerInfo: Removed broadcast_2_piece0 on 3db08845f297:32821 in memory (size: 7.7 KiB, free: 434.4 MiB)
[2025-12-07T15:47:43.499+0000] {subprocess.py:93} INFO - 25/12/07 15:47:43 INFO SparkContext: Created broadcast 3 from broadcast at DAGScheduler.scala:1580
[2025-12-07T15:47:43.500+0000] {subprocess.py:93} INFO - 25/12/07 15:47:43 INFO DAGScheduler: Submitting 1 missing tasks from ResultStage 3 (MapPartitionsRDD[8] at count at NativeMethodAccessorImpl.java:0) (first 15 tasks are for partitions Vector(0))
[2025-12-07T15:47:43.501+0000] {subprocess.py:93} INFO - 25/12/07 15:47:43 INFO TaskSchedulerImpl: Adding task set 3.0 with 1 tasks resource profile 0
[2025-12-07T15:47:43.508+0000] {subprocess.py:93} INFO - 25/12/07 15:47:43 INFO TaskSetManager: Starting task 0.0 in stage 3.0 (TID 3) (3db08845f297, executor driver, partition 0, NODE_LOCAL, 8652 bytes)
[2025-12-07T15:47:43.510+0000] {subprocess.py:93} INFO - 25/12/07 15:47:43 INFO Executor: Running task 0.0 in stage 3.0 (TID 3)
[2025-12-07T15:47:43.581+0000] {subprocess.py:93} INFO - 25/12/07 15:47:43 INFO ShuffleBlockFetcherIterator: Getting 2 (120.0 B) non-empty blocks including 2 (120.0 B) local and 0 (0.0 B) host-local and 0 (0.0 B) push-merged-local and 0 (0.0 B) remote blocks
[2025-12-07T15:47:43.584+0000] {subprocess.py:93} INFO - 25/12/07 15:47:43 INFO ShuffleBlockFetcherIterator: Started 0 remote fetches in 14 ms
[2025-12-07T15:47:43.596+0000] {subprocess.py:93} INFO - 25/12/07 15:47:43 INFO CodeGenerator: Code generated in 8.906124 ms
[2025-12-07T15:47:43.621+0000] {subprocess.py:93} INFO - 25/12/07 15:47:43 INFO Executor: Finished task 0.0 in stage 3.0 (TID 3). 4081 bytes result sent to driver
[2025-12-07T15:47:43.630+0000] {subprocess.py:93} INFO - 25/12/07 15:47:43 INFO TaskSetManager: Finished task 0.0 in stage 3.0 (TID 3) in 124 ms on 3db08845f297 (executor driver) (1/1)
[2025-12-07T15:47:43.635+0000] {subprocess.py:93} INFO - 25/12/07 15:47:43 INFO TaskSchedulerImpl: Removed TaskSet 3.0, whose tasks have all completed, from pool
[2025-12-07T15:47:43.637+0000] {subprocess.py:93} INFO - 25/12/07 15:47:43 INFO DAGScheduler: ResultStage 3 (count at NativeMethodAccessorImpl.java:0) finished in 0.149 s
[2025-12-07T15:47:43.639+0000] {subprocess.py:93} INFO - 25/12/07 15:47:43 INFO DAGScheduler: Job 2 is finished. Cancelling potential speculative or zombie tasks for this job
[2025-12-07T15:47:43.640+0000] {subprocess.py:93} INFO - 25/12/07 15:47:43 INFO TaskSchedulerImpl: Killing all running tasks in stage 3: Stage finished
[2025-12-07T15:47:43.642+0000] {subprocess.py:93} INFO - 25/12/07 15:47:43 INFO DAGScheduler: Job 2 finished: count at NativeMethodAccessorImpl.java:0, took 0.161758 s
[2025-12-07T15:47:43.654+0000] {subprocess.py:93} INFO - ✅ Gold layer loaded: 2 records
[2025-12-07T15:47:43.656+0000] {subprocess.py:93} INFO - 
[2025-12-07T15:47:43.657+0000] {subprocess.py:93} INFO - 📌 Step 2: Exporting to PostgreSQL table 'email_daily_summary'...
[2025-12-07T15:47:43.930+0000] {subprocess.py:93} INFO - 25/12/07 15:47:43 INFO FileSourceStrategy: Pushed Filters:
[2025-12-07T15:47:43.931+0000] {subprocess.py:93} INFO - 25/12/07 15:47:43 INFO FileSourceStrategy: Post-Scan Filters:
[2025-12-07T15:47:43.963+0000] {subprocess.py:93} INFO - 25/12/07 15:47:43 INFO CodeGenerator: Code generated in 19.041448 ms
[2025-12-07T15:47:43.973+0000] {subprocess.py:93} INFO - 25/12/07 15:47:43 INFO MemoryStore: Block broadcast_4 stored as values in memory (estimated size 206.2 KiB, free 433.9 MiB)
[2025-12-07T15:47:43.988+0000] {subprocess.py:93} INFO - 25/12/07 15:47:43 INFO BlockManagerInfo: Removed broadcast_3_piece0 on 3db08845f297:32821 in memory (size: 5.9 KiB, free: 434.4 MiB)
[2025-12-07T15:47:43.996+0000] {subprocess.py:93} INFO - 25/12/07 15:47:43 INFO MemoryStore: Block broadcast_4_piece0 stored as bytes in memory (estimated size 36.5 KiB, free 433.9 MiB)
[2025-12-07T15:47:43.997+0000] {subprocess.py:93} INFO - 25/12/07 15:47:43 INFO BlockManagerInfo: Added broadcast_4_piece0 in memory on 3db08845f297:32821 (size: 36.5 KiB, free: 434.3 MiB)
[2025-12-07T15:47:43.999+0000] {subprocess.py:93} INFO - 25/12/07 15:47:43 INFO SparkContext: Created broadcast 4 from jdbc at NativeMethodAccessorImpl.java:0
[2025-12-07T15:47:44.001+0000] {subprocess.py:93} INFO - 25/12/07 15:47:44 INFO FileSourceScanExec: Planning scan with bin packing, max size: 4196705 bytes, open cost is considered as scanning 4194304 bytes.
[2025-12-07T15:47:44.147+0000] {subprocess.py:93} INFO - 25/12/07 15:47:44 INFO SparkContext: Starting job: jdbc at NativeMethodAccessorImpl.java:0
[2025-12-07T15:47:44.149+0000] {subprocess.py:93} INFO - 25/12/07 15:47:44 INFO DAGScheduler: Got job 3 (jdbc at NativeMethodAccessorImpl.java:0) with 2 output partitions
[2025-12-07T15:47:44.150+0000] {subprocess.py:93} INFO - 25/12/07 15:47:44 INFO DAGScheduler: Final stage: ResultStage 4 (jdbc at NativeMethodAccessorImpl.java:0)
[2025-12-07T15:47:44.152+0000] {subprocess.py:93} INFO - 25/12/07 15:47:44 INFO DAGScheduler: Parents of final stage: List()
[2025-12-07T15:47:44.153+0000] {subprocess.py:93} INFO - 25/12/07 15:47:44 INFO DAGScheduler: Missing parents: List()
[2025-12-07T15:47:44.153+0000] {subprocess.py:93} INFO - 25/12/07 15:47:44 INFO DAGScheduler: Submitting ResultStage 4 (MapPartitionsRDD[14] at jdbc at NativeMethodAccessorImpl.java:0), which has no missing parents
[2025-12-07T15:47:44.198+0000] {subprocess.py:93} INFO - 25/12/07 15:47:44 INFO MemoryStore: Block broadcast_5 stored as values in memory (estimated size 36.8 KiB, free 433.9 MiB)
[2025-12-07T15:47:44.209+0000] {subprocess.py:93} INFO - 25/12/07 15:47:44 INFO MemoryStore: Block broadcast_5_piece0 stored as bytes in memory (estimated size 16.0 KiB, free 433.9 MiB)
[2025-12-07T15:47:44.210+0000] {subprocess.py:93} INFO - 25/12/07 15:47:44 INFO BlockManagerInfo: Added broadcast_5_piece0 in memory on 3db08845f297:32821 (size: 16.0 KiB, free: 434.3 MiB)
[2025-12-07T15:47:44.212+0000] {subprocess.py:93} INFO - 25/12/07 15:47:44 INFO SparkContext: Created broadcast 5 from broadcast at DAGScheduler.scala:1580
[2025-12-07T15:47:44.213+0000] {subprocess.py:93} INFO - 25/12/07 15:47:44 INFO DAGScheduler: Submitting 2 missing tasks from ResultStage 4 (MapPartitionsRDD[14] at jdbc at NativeMethodAccessorImpl.java:0) (first 15 tasks are for partitions Vector(0, 1))
[2025-12-07T15:47:44.214+0000] {subprocess.py:93} INFO - 25/12/07 15:47:44 INFO TaskSchedulerImpl: Adding task set 4.0 with 2 tasks resource profile 0
[2025-12-07T15:47:44.216+0000] {subprocess.py:93} INFO - 25/12/07 15:47:44 INFO TaskSetManager: Starting task 0.0 in stage 4.0 (TID 4) (3db08845f297, executor driver, partition 0, PROCESS_LOCAL, 9316 bytes)
[2025-12-07T15:47:44.217+0000] {subprocess.py:93} INFO - 25/12/07 15:47:44 INFO TaskSetManager: Starting task 1.0 in stage 4.0 (TID 5) (3db08845f297, executor driver, partition 1, PROCESS_LOCAL, 9316 bytes)
[2025-12-07T15:47:44.219+0000] {subprocess.py:93} INFO - 25/12/07 15:47:44 INFO Executor: Running task 1.0 in stage 4.0 (TID 5)
[2025-12-07T15:47:44.221+0000] {subprocess.py:93} INFO - 25/12/07 15:47:44 INFO Executor: Running task 0.0 in stage 4.0 (TID 4)
[2025-12-07T15:47:44.283+0000] {subprocess.py:93} INFO - 25/12/07 15:47:44 INFO CodeGenerator: Code generated in 15.946815 ms
[2025-12-07T15:47:45.323+0000] {subprocess.py:93} INFO - 25/12/07 15:47:45 INFO CodeGenerator: Code generated in 25.199964 ms
[2025-12-07T15:47:45.330+0000] {subprocess.py:93} INFO - 25/12/07 15:47:45 INFO FileScanRDD: Reading File path: s3a://datalake/gold/daily_summary/part-00000-757d6238-a3bc-4ebc-817e-f29a4715f6df-c000.snappy.parquet, range: 0-2401, partition values: [empty row]
[2025-12-07T15:47:45.331+0000] {subprocess.py:93} INFO - 25/12/07 15:47:45 INFO FileScanRDD: Reading File path: s3a://datalake/gold/daily_summary/part-00000-4e68d1c9-eb7d-4e71-9939-37fd54233646-c000.snappy.parquet, range: 0-2401, partition values: [empty row]
[2025-12-07T15:47:45.343+0000] {subprocess.py:93} INFO - 25/12/07 15:47:45 INFO S3AInputStream: Switching to Random IO seek policy
[2025-12-07T15:47:45.345+0000] {subprocess.py:93} INFO - 25/12/07 15:47:45 INFO S3AInputStream: Switching to Random IO seek policy
[2025-12-07T15:47:45.400+0000] {subprocess.py:93} INFO - 25/12/07 15:47:45 INFO CodecPool: Got brand-new decompressor [.snappy]
[2025-12-07T15:47:45.401+0000] {subprocess.py:93} INFO - 25/12/07 15:47:45 INFO CodecPool: Got brand-new decompressor [.snappy]
[2025-12-07T15:47:45.641+0000] {subprocess.py:93} INFO - 25/12/07 15:47:45 INFO Executor: Finished task 1.0 in stage 4.0 (TID 5). 1800 bytes result sent to driver
[2025-12-07T15:47:45.643+0000] {subprocess.py:93} INFO - 25/12/07 15:47:45 INFO Executor: Finished task 0.0 in stage 4.0 (TID 4). 1843 bytes result sent to driver
[2025-12-07T15:47:45.645+0000] {subprocess.py:93} INFO - 25/12/07 15:47:45 INFO TaskSetManager: Finished task 0.0 in stage 4.0 (TID 4) in 1429 ms on 3db08845f297 (executor driver) (1/2)
[2025-12-07T15:47:45.646+0000] {subprocess.py:93} INFO - 25/12/07 15:47:45 INFO TaskSetManager: Finished task 1.0 in stage 4.0 (TID 5) in 1429 ms on 3db08845f297 (executor driver) (2/2)
[2025-12-07T15:47:45.647+0000] {subprocess.py:93} INFO - 25/12/07 15:47:45 INFO TaskSchedulerImpl: Removed TaskSet 4.0, whose tasks have all completed, from pool
[2025-12-07T15:47:45.649+0000] {subprocess.py:93} INFO - 25/12/07 15:47:45 INFO DAGScheduler: ResultStage 4 (jdbc at NativeMethodAccessorImpl.java:0) finished in 1.496 s
[2025-12-07T15:47:45.650+0000] {subprocess.py:93} INFO - 25/12/07 15:47:45 INFO DAGScheduler: Job 3 is finished. Cancelling potential speculative or zombie tasks for this job
[2025-12-07T15:47:45.655+0000] {subprocess.py:93} INFO - 25/12/07 15:47:45 INFO TaskSchedulerImpl: Killing all running tasks in stage 4: Stage finished
[2025-12-07T15:47:45.656+0000] {subprocess.py:93} INFO - 25/12/07 15:47:45 INFO DAGScheduler: Job 3 finished: jdbc at NativeMethodAccessorImpl.java:0, took 1.503327 s
[2025-12-07T15:47:45.698+0000] {subprocess.py:93} INFO - ✅ Successfully exported to PostgreSQL table: email_daily_summary
[2025-12-07T15:47:45.700+0000] {subprocess.py:93} INFO - 
[2025-12-07T15:47:45.701+0000] {subprocess.py:93} INFO - ============================================================
[2025-12-07T15:47:45.701+0000] {subprocess.py:93} INFO - 📊 EXPORT SUMMARY REPORT
[2025-12-07T15:47:45.702+0000] {subprocess.py:93} INFO - ============================================================
[2025-12-07T15:47:45.703+0000] {subprocess.py:93} INFO - Timestamp: 2025-12-07 15:47:45.698603
[2025-12-07T15:47:45.714+0000] {subprocess.py:93} INFO - 25/12/07 15:47:45 INFO FileSourceStrategy: Pushed Filters:
[2025-12-07T15:47:45.715+0000] {subprocess.py:93} INFO - 25/12/07 15:47:45 INFO FileSourceStrategy: Post-Scan Filters:
[2025-12-07T15:47:45.728+0000] {subprocess.py:93} INFO - 25/12/07 15:47:45 INFO MemoryStore: Block broadcast_6 stored as values in memory (estimated size 205.5 KiB, free 433.7 MiB)
[2025-12-07T15:47:45.735+0000] {subprocess.py:93} INFO - 25/12/07 15:47:45 INFO MemoryStore: Block broadcast_6_piece0 stored as bytes in memory (estimated size 36.1 KiB, free 433.6 MiB)
[2025-12-07T15:47:45.736+0000] {subprocess.py:93} INFO - 25/12/07 15:47:45 INFO BlockManagerInfo: Added broadcast_6_piece0 in memory on 3db08845f297:32821 (size: 36.1 KiB, free: 434.3 MiB)
[2025-12-07T15:47:45.737+0000] {subprocess.py:93} INFO - 25/12/07 15:47:45 INFO SparkContext: Created broadcast 6 from count at NativeMethodAccessorImpl.java:0
[2025-12-07T15:47:45.738+0000] {subprocess.py:93} INFO - 25/12/07 15:47:45 INFO FileSourceScanExec: Planning scan with bin packing, max size: 4196705 bytes, open cost is considered as scanning 4194304 bytes.
[2025-12-07T15:47:45.742+0000] {subprocess.py:93} INFO - 25/12/07 15:47:45 INFO DAGScheduler: Registering RDD 18 (count at NativeMethodAccessorImpl.java:0) as input to shuffle 1
[2025-12-07T15:47:45.743+0000] {subprocess.py:93} INFO - 25/12/07 15:47:45 INFO DAGScheduler: Got map stage job 4 (count at NativeMethodAccessorImpl.java:0) with 2 output partitions
[2025-12-07T15:47:45.744+0000] {subprocess.py:93} INFO - 25/12/07 15:47:45 INFO DAGScheduler: Final stage: ShuffleMapStage 5 (count at NativeMethodAccessorImpl.java:0)
[2025-12-07T15:47:45.745+0000] {subprocess.py:93} INFO - 25/12/07 15:47:45 INFO DAGScheduler: Parents of final stage: List()
[2025-12-07T15:47:45.745+0000] {subprocess.py:93} INFO - 25/12/07 15:47:45 INFO DAGScheduler: Missing parents: List()
[2025-12-07T15:47:45.746+0000] {subprocess.py:93} INFO - 25/12/07 15:47:45 INFO DAGScheduler: Submitting ShuffleMapStage 5 (MapPartitionsRDD[18] at count at NativeMethodAccessorImpl.java:0), which has no missing parents
[2025-12-07T15:47:45.747+0000] {subprocess.py:93} INFO - 25/12/07 15:47:45 INFO MemoryStore: Block broadcast_7 stored as values in memory (estimated size 16.8 KiB, free 433.6 MiB)
[2025-12-07T15:47:45.749+0000] {subprocess.py:93} INFO - 25/12/07 15:47:45 INFO MemoryStore: Block broadcast_7_piece0 stored as bytes in memory (estimated size 7.7 KiB, free 433.6 MiB)
[2025-12-07T15:47:45.750+0000] {subprocess.py:93} INFO - 25/12/07 15:47:45 INFO BlockManagerInfo: Added broadcast_7_piece0 in memory on 3db08845f297:32821 (size: 7.7 KiB, free: 434.3 MiB)
[2025-12-07T15:47:45.751+0000] {subprocess.py:93} INFO - 25/12/07 15:47:45 INFO SparkContext: Created broadcast 7 from broadcast at DAGScheduler.scala:1580
[2025-12-07T15:47:45.751+0000] {subprocess.py:93} INFO - 25/12/07 15:47:45 INFO DAGScheduler: Submitting 2 missing tasks from ShuffleMapStage 5 (MapPartitionsRDD[18] at count at NativeMethodAccessorImpl.java:0) (first 15 tasks are for partitions Vector(0, 1))
[2025-12-07T15:47:45.752+0000] {subprocess.py:93} INFO - 25/12/07 15:47:45 INFO TaskSchedulerImpl: Adding task set 5.0 with 2 tasks resource profile 0
[2025-12-07T15:47:45.754+0000] {subprocess.py:93} INFO - 25/12/07 15:47:45 INFO TaskSetManager: Starting task 0.0 in stage 5.0 (TID 6) (3db08845f297, executor driver, partition 0, PROCESS_LOCAL, 9305 bytes)
[2025-12-07T15:47:45.754+0000] {subprocess.py:93} INFO - 25/12/07 15:47:45 INFO TaskSetManager: Starting task 1.0 in stage 5.0 (TID 7) (3db08845f297, executor driver, partition 1, PROCESS_LOCAL, 9305 bytes)
[2025-12-07T15:47:45.755+0000] {subprocess.py:93} INFO - 25/12/07 15:47:45 INFO Executor: Running task 1.0 in stage 5.0 (TID 7)
[2025-12-07T15:47:45.756+0000] {subprocess.py:93} INFO - 25/12/07 15:47:45 INFO Executor: Running task 0.0 in stage 5.0 (TID 6)
[2025-12-07T15:47:45.759+0000] {subprocess.py:93} INFO - 25/12/07 15:47:45 INFO FileScanRDD: Reading File path: s3a://datalake/gold/daily_summary/part-00000-757d6238-a3bc-4ebc-817e-f29a4715f6df-c000.snappy.parquet, range: 0-2401, partition values: [empty row]
[2025-12-07T15:47:45.760+0000] {subprocess.py:93} INFO - 25/12/07 15:47:45 INFO FileScanRDD: Reading File path: s3a://datalake/gold/daily_summary/part-00000-4e68d1c9-eb7d-4e71-9939-37fd54233646-c000.snappy.parquet, range: 0-2401, partition values: [empty row]
[2025-12-07T15:47:45.771+0000] {subprocess.py:93} INFO - 25/12/07 15:47:45 INFO S3AInputStream: Switching to Random IO seek policy
[2025-12-07T15:47:45.772+0000] {subprocess.py:93} INFO - 25/12/07 15:47:45 INFO S3AInputStream: Switching to Random IO seek policy
[2025-12-07T15:47:45.791+0000] {subprocess.py:93} INFO - 25/12/07 15:47:45 INFO Executor: Finished task 1.0 in stage 5.0 (TID 7). 2136 bytes result sent to driver
[2025-12-07T15:47:45.793+0000] {subprocess.py:93} INFO - 25/12/07 15:47:45 INFO TaskSetManager: Finished task 1.0 in stage 5.0 (TID 7) in 39 ms on 3db08845f297 (executor driver) (1/2)
[2025-12-07T15:47:45.806+0000] {subprocess.py:93} INFO - 25/12/07 15:47:45 INFO Executor: Finished task 0.0 in stage 5.0 (TID 6). 2136 bytes result sent to driver
[2025-12-07T15:47:45.807+0000] {subprocess.py:93} INFO - 25/12/07 15:47:45 INFO TaskSetManager: Finished task 0.0 in stage 5.0 (TID 6) in 55 ms on 3db08845f297 (executor driver) (2/2)
[2025-12-07T15:47:45.808+0000] {subprocess.py:93} INFO - 25/12/07 15:47:45 INFO TaskSchedulerImpl: Removed TaskSet 5.0, whose tasks have all completed, from pool
[2025-12-07T15:47:45.809+0000] {subprocess.py:93} INFO - 25/12/07 15:47:45 INFO DAGScheduler: ShuffleMapStage 5 (count at NativeMethodAccessorImpl.java:0) finished in 0.064 s
[2025-12-07T15:47:45.809+0000] {subprocess.py:93} INFO - 25/12/07 15:47:45 INFO DAGScheduler: looking for newly runnable stages
[2025-12-07T15:47:45.810+0000] {subprocess.py:93} INFO - 25/12/07 15:47:45 INFO DAGScheduler: running: Set()
[2025-12-07T15:47:45.811+0000] {subprocess.py:93} INFO - 25/12/07 15:47:45 INFO DAGScheduler: waiting: Set()
[2025-12-07T15:47:45.811+0000] {subprocess.py:93} INFO - 25/12/07 15:47:45 INFO DAGScheduler: failed: Set()
[2025-12-07T15:47:45.826+0000] {subprocess.py:93} INFO - 25/12/07 15:47:45 INFO SparkContext: Starting job: count at NativeMethodAccessorImpl.java:0
[2025-12-07T15:47:45.828+0000] {subprocess.py:93} INFO - 25/12/07 15:47:45 INFO DAGScheduler: Got job 5 (count at NativeMethodAccessorImpl.java:0) with 1 output partitions
[2025-12-07T15:47:45.830+0000] {subprocess.py:93} INFO - 25/12/07 15:47:45 INFO DAGScheduler: Final stage: ResultStage 7 (count at NativeMethodAccessorImpl.java:0)
[2025-12-07T15:47:45.832+0000] {subprocess.py:93} INFO - 25/12/07 15:47:45 INFO DAGScheduler: Parents of final stage: List(ShuffleMapStage 6)
[2025-12-07T15:47:45.833+0000] {subprocess.py:93} INFO - 25/12/07 15:47:45 INFO DAGScheduler: Missing parents: List()
[2025-12-07T15:47:45.833+0000] {subprocess.py:93} INFO - 25/12/07 15:47:45 INFO DAGScheduler: Submitting ResultStage 7 (MapPartitionsRDD[21] at count at NativeMethodAccessorImpl.java:0), which has no missing parents
[2025-12-07T15:47:45.834+0000] {subprocess.py:93} INFO - 25/12/07 15:47:45 INFO MemoryStore: Block broadcast_8 stored as values in memory (estimated size 12.5 KiB, free 433.6 MiB)
[2025-12-07T15:47:45.835+0000] {subprocess.py:93} INFO - 25/12/07 15:47:45 INFO MemoryStore: Block broadcast_8_piece0 stored as bytes in memory (estimated size 5.9 KiB, free 433.6 MiB)
[2025-12-07T15:47:45.836+0000] {subprocess.py:93} INFO - 25/12/07 15:47:45 INFO BlockManagerInfo: Added broadcast_8_piece0 in memory on 3db08845f297:32821 (size: 5.9 KiB, free: 434.3 MiB)
[2025-12-07T15:47:45.836+0000] {subprocess.py:93} INFO - 25/12/07 15:47:45 INFO SparkContext: Created broadcast 8 from broadcast at DAGScheduler.scala:1580
[2025-12-07T15:47:45.837+0000] {subprocess.py:93} INFO - 25/12/07 15:47:45 INFO DAGScheduler: Submitting 1 missing tasks from ResultStage 7 (MapPartitionsRDD[21] at count at NativeMethodAccessorImpl.java:0) (first 15 tasks are for partitions Vector(0))
[2025-12-07T15:47:45.838+0000] {subprocess.py:93} INFO - 25/12/07 15:47:45 INFO TaskSchedulerImpl: Adding task set 7.0 with 1 tasks resource profile 0
[2025-12-07T15:47:45.839+0000] {subprocess.py:93} INFO - 25/12/07 15:47:45 INFO TaskSetManager: Starting task 0.0 in stage 7.0 (TID 8) (3db08845f297, executor driver, partition 0, NODE_LOCAL, 8652 bytes)
[2025-12-07T15:47:45.840+0000] {subprocess.py:93} INFO - 25/12/07 15:47:45 INFO Executor: Running task 0.0 in stage 7.0 (TID 8)
[2025-12-07T15:47:45.843+0000] {subprocess.py:93} INFO - 25/12/07 15:47:45 INFO ShuffleBlockFetcherIterator: Getting 2 (120.0 B) non-empty blocks including 2 (120.0 B) local and 0 (0.0 B) host-local and 0 (0.0 B) push-merged-local and 0 (0.0 B) remote blocks
[2025-12-07T15:47:45.844+0000] {subprocess.py:93} INFO - 25/12/07 15:47:45 INFO ShuffleBlockFetcherIterator: Started 0 remote fetches in 0 ms
[2025-12-07T15:47:45.847+0000] {subprocess.py:93} INFO - 25/12/07 15:47:45 INFO Executor: Finished task 0.0 in stage 7.0 (TID 8). 3995 bytes result sent to driver
[2025-12-07T15:47:45.848+0000] {subprocess.py:93} INFO - 25/12/07 15:47:45 INFO TaskSetManager: Finished task 0.0 in stage 7.0 (TID 8) in 10 ms on 3db08845f297 (executor driver) (1/1)
[2025-12-07T15:47:45.850+0000] {subprocess.py:93} INFO - 25/12/07 15:47:45 INFO TaskSchedulerImpl: Removed TaskSet 7.0, whose tasks have all completed, from pool
[2025-12-07T15:47:45.852+0000] {subprocess.py:93} INFO - 25/12/07 15:47:45 INFO DAGScheduler: ResultStage 7 (count at NativeMethodAccessorImpl.java:0) finished in 0.020 s
[2025-12-07T15:47:45.852+0000] {subprocess.py:93} INFO - 25/12/07 15:47:45 INFO DAGScheduler: Job 5 is finished. Cancelling potential speculative or zombie tasks for this job
[2025-12-07T15:47:45.853+0000] {subprocess.py:93} INFO - 25/12/07 15:47:45 INFO TaskSchedulerImpl: Killing all running tasks in stage 7: Stage finished
[2025-12-07T15:47:45.854+0000] {subprocess.py:93} INFO - 25/12/07 15:47:45 INFO DAGScheduler: Job 5 finished: count at NativeMethodAccessorImpl.java:0, took 0.023220 s
[2025-12-07T15:47:45.855+0000] {subprocess.py:93} INFO - 
[2025-12-07T15:47:45.856+0000] {subprocess.py:93} INFO - 📈 Records exported: 2
[2025-12-07T15:47:45.857+0000] {subprocess.py:93} INFO - 
[2025-12-07T15:47:45.857+0000] {subprocess.py:93} INFO - 📄 Sample data:
[2025-12-07T15:47:45.900+0000] {subprocess.py:93} INFO - 25/12/07 15:47:45 INFO FileSourceStrategy: Pushed Filters:
[2025-12-07T15:47:45.900+0000] {subprocess.py:93} INFO - 25/12/07 15:47:45 INFO FileSourceStrategy: Post-Scan Filters:
[2025-12-07T15:47:45.943+0000] {subprocess.py:93} INFO - 25/12/07 15:47:45 INFO CodeGenerator: Code generated in 15.225548 ms
[2025-12-07T15:47:45.948+0000] {subprocess.py:93} INFO - 25/12/07 15:47:45 INFO MemoryStore: Block broadcast_9 stored as values in memory (estimated size 206.2 KiB, free 433.4 MiB)
[2025-12-07T15:47:45.956+0000] {subprocess.py:93} INFO - 25/12/07 15:47:45 INFO MemoryStore: Block broadcast_9_piece0 stored as bytes in memory (estimated size 36.5 KiB, free 433.4 MiB)
[2025-12-07T15:47:45.958+0000] {subprocess.py:93} INFO - 25/12/07 15:47:45 INFO BlockManagerInfo: Added broadcast_9_piece0 in memory on 3db08845f297:32821 (size: 36.5 KiB, free: 434.2 MiB)
[2025-12-07T15:47:45.960+0000] {subprocess.py:93} INFO - 25/12/07 15:47:45 INFO SparkContext: Created broadcast 9 from showString at NativeMethodAccessorImpl.java:0
[2025-12-07T15:47:45.961+0000] {subprocess.py:93} INFO - 25/12/07 15:47:45 INFO FileSourceScanExec: Planning scan with bin packing, max size: 4196705 bytes, open cost is considered as scanning 4194304 bytes.
[2025-12-07T15:47:45.976+0000] {subprocess.py:93} INFO - 25/12/07 15:47:45 INFO SparkContext: Starting job: showString at NativeMethodAccessorImpl.java:0
[2025-12-07T15:47:45.977+0000] {subprocess.py:93} INFO - 25/12/07 15:47:45 INFO DAGScheduler: Got job 6 (showString at NativeMethodAccessorImpl.java:0) with 1 output partitions
[2025-12-07T15:47:45.979+0000] {subprocess.py:93} INFO - 25/12/07 15:47:45 INFO DAGScheduler: Final stage: ResultStage 8 (showString at NativeMethodAccessorImpl.java:0)
[2025-12-07T15:47:45.980+0000] {subprocess.py:93} INFO - 25/12/07 15:47:45 INFO DAGScheduler: Parents of final stage: List()
[2025-12-07T15:47:45.980+0000] {subprocess.py:93} INFO - 25/12/07 15:47:45 INFO DAGScheduler: Missing parents: List()
[2025-12-07T15:47:45.981+0000] {subprocess.py:93} INFO - 25/12/07 15:47:45 INFO DAGScheduler: Submitting ResultStage 8 (MapPartitionsRDD[25] at showString at NativeMethodAccessorImpl.java:0), which has no missing parents
[2025-12-07T15:47:45.981+0000] {subprocess.py:93} INFO - 25/12/07 15:47:45 INFO MemoryStore: Block broadcast_10 stored as values in memory (estimated size 17.7 KiB, free 433.3 MiB)
[2025-12-07T15:47:45.983+0000] {subprocess.py:93} INFO - 25/12/07 15:47:45 INFO MemoryStore: Block broadcast_10_piece0 stored as bytes in memory (estimated size 7.2 KiB, free 433.3 MiB)
[2025-12-07T15:47:45.984+0000] {subprocess.py:93} INFO - 25/12/07 15:47:45 INFO BlockManagerInfo: Added broadcast_10_piece0 in memory on 3db08845f297:32821 (size: 7.2 KiB, free: 434.2 MiB)
[2025-12-07T15:47:45.985+0000] {subprocess.py:93} INFO - 25/12/07 15:47:45 INFO SparkContext: Created broadcast 10 from broadcast at DAGScheduler.scala:1580
[2025-12-07T15:47:45.986+0000] {subprocess.py:93} INFO - 25/12/07 15:47:45 INFO DAGScheduler: Submitting 1 missing tasks from ResultStage 8 (MapPartitionsRDD[25] at showString at NativeMethodAccessorImpl.java:0) (first 15 tasks are for partitions Vector(0))
[2025-12-07T15:47:45.986+0000] {subprocess.py:93} INFO - 25/12/07 15:47:45 INFO TaskSchedulerImpl: Adding task set 8.0 with 1 tasks resource profile 0
[2025-12-07T15:47:45.987+0000] {subprocess.py:93} INFO - 25/12/07 15:47:45 INFO TaskSetManager: Starting task 0.0 in stage 8.0 (TID 9) (3db08845f297, executor driver, partition 0, PROCESS_LOCAL, 9316 bytes)
[2025-12-07T15:47:45.988+0000] {subprocess.py:93} INFO - 25/12/07 15:47:45 INFO Executor: Running task 0.0 in stage 8.0 (TID 9)
[2025-12-07T15:47:46.004+0000] {subprocess.py:93} INFO - 25/12/07 15:47:46 INFO CodeGenerator: Code generated in 12.754491 ms
[2025-12-07T15:47:46.006+0000] {subprocess.py:93} INFO - 25/12/07 15:47:46 INFO FileScanRDD: Reading File path: s3a://datalake/gold/daily_summary/part-00000-4e68d1c9-eb7d-4e71-9939-37fd54233646-c000.snappy.parquet, range: 0-2401, partition values: [empty row]
[2025-12-07T15:47:46.017+0000] {subprocess.py:93} INFO - 25/12/07 15:47:46 INFO S3AInputStream: Switching to Random IO seek policy
[2025-12-07T15:47:46.040+0000] {subprocess.py:93} INFO - 25/12/07 15:47:46 INFO Executor: Finished task 0.0 in stage 8.0 (TID 9). 1926 bytes result sent to driver
[2025-12-07T15:47:46.042+0000] {subprocess.py:93} INFO - 25/12/07 15:47:46 INFO TaskSetManager: Finished task 0.0 in stage 8.0 (TID 9) in 55 ms on 3db08845f297 (executor driver) (1/1)
[2025-12-07T15:47:46.044+0000] {subprocess.py:93} INFO - 25/12/07 15:47:46 INFO TaskSchedulerImpl: Removed TaskSet 8.0, whose tasks have all completed, from pool
[2025-12-07T15:47:46.044+0000] {subprocess.py:93} INFO - 25/12/07 15:47:46 INFO DAGScheduler: ResultStage 8 (showString at NativeMethodAccessorImpl.java:0) finished in 0.063 s
[2025-12-07T15:47:46.045+0000] {subprocess.py:93} INFO - 25/12/07 15:47:46 INFO DAGScheduler: Job 6 is finished. Cancelling potential speculative or zombie tasks for this job
[2025-12-07T15:47:46.045+0000] {subprocess.py:93} INFO - 25/12/07 15:47:46 INFO TaskSchedulerImpl: Killing all running tasks in stage 8: Stage finished
[2025-12-07T15:47:46.046+0000] {subprocess.py:93} INFO - 25/12/07 15:47:46 INFO DAGScheduler: Job 6 finished: showString at NativeMethodAccessorImpl.java:0, took 0.067483 s
[2025-12-07T15:47:46.049+0000] {subprocess.py:93} INFO - 25/12/07 15:47:46 INFO SparkContext: Starting job: showString at NativeMethodAccessorImpl.java:0
[2025-12-07T15:47:46.051+0000] {subprocess.py:93} INFO - 25/12/07 15:47:46 INFO DAGScheduler: Got job 7 (showString at NativeMethodAccessorImpl.java:0) with 1 output partitions
[2025-12-07T15:47:46.051+0000] {subprocess.py:93} INFO - 25/12/07 15:47:46 INFO DAGScheduler: Final stage: ResultStage 9 (showString at NativeMethodAccessorImpl.java:0)
[2025-12-07T15:47:46.052+0000] {subprocess.py:93} INFO - 25/12/07 15:47:46 INFO DAGScheduler: Parents of final stage: List()
[2025-12-07T15:47:46.053+0000] {subprocess.py:93} INFO - 25/12/07 15:47:46 INFO DAGScheduler: Missing parents: List()
[2025-12-07T15:47:46.053+0000] {subprocess.py:93} INFO - 25/12/07 15:47:46 INFO DAGScheduler: Submitting ResultStage 9 (MapPartitionsRDD[25] at showString at NativeMethodAccessorImpl.java:0), which has no missing parents
[2025-12-07T15:47:46.054+0000] {subprocess.py:93} INFO - 25/12/07 15:47:46 INFO MemoryStore: Block broadcast_11 stored as values in memory (estimated size 17.7 KiB, free 433.3 MiB)
[2025-12-07T15:47:46.057+0000] {subprocess.py:93} INFO - 25/12/07 15:47:46 INFO MemoryStore: Block broadcast_11_piece0 stored as bytes in memory (estimated size 7.3 KiB, free 433.3 MiB)
[2025-12-07T15:47:46.058+0000] {subprocess.py:93} INFO - 25/12/07 15:47:46 INFO BlockManagerInfo: Added broadcast_11_piece0 in memory on 3db08845f297:32821 (size: 7.3 KiB, free: 434.2 MiB)
[2025-12-07T15:47:46.059+0000] {subprocess.py:93} INFO - 25/12/07 15:47:46 INFO SparkContext: Created broadcast 11 from broadcast at DAGScheduler.scala:1580
[2025-12-07T15:47:46.059+0000] {subprocess.py:93} INFO - 25/12/07 15:47:46 INFO DAGScheduler: Submitting 1 missing tasks from ResultStage 9 (MapPartitionsRDD[25] at showString at NativeMethodAccessorImpl.java:0) (first 15 tasks are for partitions Vector(1))
[2025-12-07T15:47:46.060+0000] {subprocess.py:93} INFO - 25/12/07 15:47:46 INFO TaskSchedulerImpl: Adding task set 9.0 with 1 tasks resource profile 0
[2025-12-07T15:47:46.061+0000] {subprocess.py:93} INFO - 25/12/07 15:47:46 INFO TaskSetManager: Starting task 0.0 in stage 9.0 (TID 10) (3db08845f297, executor driver, partition 1, PROCESS_LOCAL, 9316 bytes)
[2025-12-07T15:47:46.063+0000] {subprocess.py:93} INFO - 25/12/07 15:47:46 INFO Executor: Running task 0.0 in stage 9.0 (TID 10)
[2025-12-07T15:47:46.067+0000] {subprocess.py:93} INFO - 25/12/07 15:47:46 INFO FileScanRDD: Reading File path: s3a://datalake/gold/daily_summary/part-00000-757d6238-a3bc-4ebc-817e-f29a4715f6df-c000.snappy.parquet, range: 0-2401, partition values: [empty row]
[2025-12-07T15:47:46.077+0000] {subprocess.py:93} INFO - 25/12/07 15:47:46 INFO S3AInputStream: Switching to Random IO seek policy
[2025-12-07T15:47:46.098+0000] {subprocess.py:93} INFO - 25/12/07 15:47:46 INFO Executor: Finished task 0.0 in stage 9.0 (TID 10). 1926 bytes result sent to driver
[2025-12-07T15:47:46.101+0000] {subprocess.py:93} INFO - 25/12/07 15:47:46 INFO TaskSetManager: Finished task 0.0 in stage 9.0 (TID 10) in 40 ms on 3db08845f297 (executor driver) (1/1)
[2025-12-07T15:47:46.101+0000] {subprocess.py:93} INFO - 25/12/07 15:47:46 INFO TaskSchedulerImpl: Removed TaskSet 9.0, whose tasks have all completed, from pool
[2025-12-07T15:47:46.102+0000] {subprocess.py:93} INFO - 25/12/07 15:47:46 INFO DAGScheduler: ResultStage 9 (showString at NativeMethodAccessorImpl.java:0) finished in 0.049 s
[2025-12-07T15:47:46.103+0000] {subprocess.py:93} INFO - 25/12/07 15:47:46 INFO DAGScheduler: Job 7 is finished. Cancelling potential speculative or zombie tasks for this job
[2025-12-07T15:47:46.104+0000] {subprocess.py:93} INFO - 25/12/07 15:47:46 INFO TaskSchedulerImpl: Killing all running tasks in stage 9: Stage finished
[2025-12-07T15:47:46.104+0000] {subprocess.py:93} INFO - 25/12/07 15:47:46 INFO DAGScheduler: Job 7 finished: showString at NativeMethodAccessorImpl.java:0, took 0.053322 s
[2025-12-07T15:47:46.126+0000] {subprocess.py:93} INFO - 25/12/07 15:47:46 INFO CodeGenerator: Code generated in 8.229062 ms
[2025-12-07T15:47:46.132+0000] {subprocess.py:93} INFO - +----------+------------+------------------------------------------------------------------------------------------------------------------------------------------------------------+------------+------------------+
[2025-12-07T15:47:46.134+0000] {subprocess.py:93} INFO - |date      |total_emails|domain_counts                                                                                                                                               |busiest_hour|busiest_hour_count|
[2025-12-07T15:47:46.135+0000] {subprocess.py:93} INFO - +----------+------------+------------------------------------------------------------------------------------------------------------------------------------------------------------+------------+------------------+
[2025-12-07T15:47:46.136+0000] {subprocess.py:93} INFO - |2025-12-07|70          |linkedin.com>:17|indeed.com>:15|etu.uae.ac.ma>:12|commerce.temuemail.com>:12|datascientist.fr>:7|gmail.com>:5|mail.grammarly.com>:1|inspire.pinterest.com>:1|8           |17                |
[2025-12-07T15:47:46.137+0000] {subprocess.py:93} INFO - |2025-12-07|70          |linkedin.com>:17|indeed.com>:15|etu.uae.ac.ma>:12|commerce.temuemail.com>:12|datascientist.fr>:7|gmail.com>:5|mail.grammarly.com>:1|inspire.pinterest.com>:1|8           |17                |
[2025-12-07T15:47:46.137+0000] {subprocess.py:93} INFO - +----------+------------+------------------------------------------------------------------------------------------------------------------------------------------------------------+------------+------------------+
[2025-12-07T15:47:46.138+0000] {subprocess.py:93} INFO - 
[2025-12-07T15:47:46.138+0000] {subprocess.py:93} INFO - ============================================================
[2025-12-07T15:47:46.139+0000] {subprocess.py:93} INFO - 
[2025-12-07T15:47:46.139+0000] {subprocess.py:93} INFO - ✅ EXPORT COMPLETED SUCCESSFULLY
[2025-12-07T15:47:46.140+0000] {subprocess.py:93} INFO - 25/12/07 15:47:46 INFO SparkContext: SparkContext is stopping with exitCode 0.
[2025-12-07T15:47:46.154+0000] {subprocess.py:93} INFO - 25/12/07 15:47:46 INFO SparkUI: Stopped Spark web UI at http://3db08845f297:4040
[2025-12-07T15:47:46.165+0000] {subprocess.py:93} INFO - 25/12/07 15:47:46 INFO MapOutputTrackerMasterEndpoint: MapOutputTrackerMasterEndpoint stopped!
[2025-12-07T15:47:46.183+0000] {subprocess.py:93} INFO - 25/12/07 15:47:46 INFO MemoryStore: MemoryStore cleared
[2025-12-07T15:47:46.184+0000] {subprocess.py:93} INFO - 25/12/07 15:47:46 INFO BlockManager: BlockManager stopped
[2025-12-07T15:47:46.191+0000] {subprocess.py:93} INFO - 25/12/07 15:47:46 INFO BlockManagerMaster: BlockManagerMaster stopped
[2025-12-07T15:47:46.194+0000] {subprocess.py:93} INFO - 25/12/07 15:47:46 INFO OutputCommitCoordinator$OutputCommitCoordinatorEndpoint: OutputCommitCoordinator stopped!
[2025-12-07T15:47:46.201+0000] {subprocess.py:93} INFO - 25/12/07 15:47:46 INFO SparkContext: Successfully stopped SparkContext
[2025-12-07T15:47:46.566+0000] {subprocess.py:93} INFO - 25/12/07 15:47:46 INFO ShutdownHookManager: Shutdown hook called
[2025-12-07T15:47:46.568+0000] {subprocess.py:93} INFO - 25/12/07 15:47:46 INFO ShutdownHookManager: Deleting directory /tmp/spark-5262c72f-9a03-4e3b-90b2-708b9f3dab83/pyspark-1d192814-f635-42f2-a4b4-a2579c47522b
[2025-12-07T15:47:46.573+0000] {subprocess.py:93} INFO - 25/12/07 15:47:46 INFO ShutdownHookManager: Deleting directory /tmp/spark-9c65cc05-bce1-4d1d-bff9-8e4cd14fdbe4
[2025-12-07T15:47:46.580+0000] {subprocess.py:93} INFO - 25/12/07 15:47:46 INFO ShutdownHookManager: Deleting directory /tmp/spark-5262c72f-9a03-4e3b-90b2-708b9f3dab83
[2025-12-07T15:47:46.587+0000] {subprocess.py:93} INFO - 25/12/07 15:47:46 INFO MetricsSystemImpl: Stopping s3a-file-system metrics system...
[2025-12-07T15:47:46.588+0000] {subprocess.py:93} INFO - 25/12/07 15:47:46 INFO MetricsSystemImpl: s3a-file-system metrics system stopped.
[2025-12-07T15:47:46.589+0000] {subprocess.py:93} INFO - 25/12/07 15:47:46 INFO MetricsSystemImpl: s3a-file-system metrics system shutdown complete.
[2025-12-07T15:47:46.644+0000] {subprocess.py:97} INFO - Command exited with return code 0
[2025-12-07T15:47:46.682+0000] {taskinstance.py:1138} INFO - Marking task as SUCCESS. dag_id=email_intelligence_pipeline, task_id=export_to_postgres, execution_date=20251207T154615, start_date=20251207T154731, end_date=20251207T154746
[2025-12-07T15:47:46.742+0000] {local_task_job_runner.py:234} INFO - Task exited with return code 0
[2025-12-07T15:47:46.774+0000] {taskinstance.py:3280} INFO - 0 downstream tasks scheduled from follow-on schedule check
