[2025-12-04T15:27:28.084+0000] {taskinstance.py:1956} INFO - Dependencies all met for dep_context=non-requeueable deps ti=<TaskInstance: email_pipeline_dag.kafka_producer manual__2025-12-04T14:54:37.998158+00:00 [queued]>
[2025-12-04T15:27:28.126+0000] {taskinstance.py:1956} INFO - Dependencies all met for dep_context=requeueable deps ti=<TaskInstance: email_pipeline_dag.kafka_producer manual__2025-12-04T14:54:37.998158+00:00 [queued]>
[2025-12-04T15:27:28.128+0000] {taskinstance.py:2170} INFO - Starting attempt 3 of 2
[2025-12-04T15:27:28.390+0000] {taskinstance.py:2191} INFO - Executing <Task(BashOperator): kafka_producer> on 2025-12-04 14:54:37.998158+00:00
[2025-12-04T15:27:28.414+0000] {standard_task_runner.py:60} INFO - Started process 196 to run task
[2025-12-04T15:27:28.435+0000] {standard_task_runner.py:87} INFO - Running: ['***', 'tasks', 'run', 'email_pipeline_dag', 'kafka_producer', 'manual__2025-12-04T14:54:37.998158+00:00', '--job-id', '62', '--raw', '--subdir', 'DAGS_FOLDER/email_pipeline_dag.py', '--cfg-path', '/tmp/tmpzzree0os']
[2025-12-04T15:27:28.443+0000] {standard_task_runner.py:88} INFO - Job 62: Subtask kafka_producer
[2025-12-04T15:27:29.665+0000] {task_command.py:423} INFO - Running <TaskInstance: email_pipeline_dag.kafka_producer manual__2025-12-04T14:54:37.998158+00:00 [running]> on host 17d26709f247
[2025-12-04T15:27:30.439+0000] {taskinstance.py:2480} INFO - Exporting env vars: AIRFLOW_CTX_DAG_OWNER='***' AIRFLOW_CTX_DAG_ID='email_pipeline_dag' AIRFLOW_CTX_TASK_ID='kafka_producer' AIRFLOW_CTX_EXECUTION_DATE='2025-12-04T14:54:37.998158+00:00' AIRFLOW_CTX_TRY_NUMBER='3' AIRFLOW_CTX_DAG_RUN_ID='manual__2025-12-04T14:54:37.998158+00:00'
[2025-12-04T15:27:30.457+0000] {subprocess.py:63} INFO - Tmp dir root location: /tmp
[2025-12-04T15:27:30.475+0000] {subprocess.py:75} INFO - Running command: ['/usr/bin/bash', '-c', 'python /opt/***/kafka/Producer/email_producer.py']
[2025-12-04T15:27:30.653+0000] {subprocess.py:86} INFO - Output:
[2025-12-04T15:27:33.497+0000] {subprocess.py:93} INFO - Traceback (most recent call last):
[2025-12-04T15:27:33.501+0000] {subprocess.py:93} INFO -   File "/opt/***/kafka/Producer/email_producer.py", line 17, in <module>
[2025-12-04T15:27:33.513+0000] {subprocess.py:93} INFO -     from kafka import KafkaProducer, KafkaConsumer
[2025-12-04T15:27:33.520+0000] {subprocess.py:93} INFO - ModuleNotFoundError: No module named 'kafka'
[2025-12-04T15:27:33.827+0000] {subprocess.py:97} INFO - Command exited with return code 1
[2025-12-04T15:27:33.887+0000] {taskinstance.py:2698} ERROR - Task failed with exception
Traceback (most recent call last):
  File "/home/airflow/.local/lib/python3.8/site-packages/airflow/models/taskinstance.py", line 433, in _execute_task
    result = execute_callable(context=context, **execute_callable_kwargs)
  File "/home/airflow/.local/lib/python3.8/site-packages/airflow/operators/bash.py", line 212, in execute
    raise AirflowException(
airflow.exceptions.AirflowException: Bash command failed. The command returned a non-zero exit code 1.
[2025-12-04T15:27:33.907+0000] {taskinstance.py:1138} INFO - Marking task as FAILED. dag_id=email_pipeline_dag, task_id=kafka_producer, execution_date=20251204T145437, start_date=20251204T152728, end_date=20251204T152733
[2025-12-04T15:27:34.207+0000] {standard_task_runner.py:107} ERROR - Failed to execute job 62 for task kafka_producer (Bash command failed. The command returned a non-zero exit code 1.; 196)
[2025-12-04T15:27:34.338+0000] {local_task_job_runner.py:234} INFO - Task exited with return code 1
[2025-12-04T15:27:34.420+0000] {taskinstance.py:3280} INFO - 0 downstream tasks scheduled from follow-on schedule check
