[2025-12-04T14:39:04.518+0000] {taskinstance.py:1956} INFO - Dependencies all met for dep_context=non-requeueable deps ti=<TaskInstance: email_pipeline_dag.kafka_producer manual__2025-12-04T14:39:03.726213+00:00 [queued]>
[2025-12-04T14:39:04.528+0000] {taskinstance.py:1956} INFO - Dependencies all met for dep_context=requeueable deps ti=<TaskInstance: email_pipeline_dag.kafka_producer manual__2025-12-04T14:39:03.726213+00:00 [queued]>
[2025-12-04T14:39:04.529+0000] {taskinstance.py:2170} INFO - Starting attempt 1 of 2
[2025-12-04T14:39:04.545+0000] {taskinstance.py:2191} INFO - Executing <Task(BashOperator): kafka_producer> on 2025-12-04 14:39:03.726213+00:00
[2025-12-04T14:39:04.552+0000] {standard_task_runner.py:60} INFO - Started process 258 to run task
[2025-12-04T14:39:04.559+0000] {standard_task_runner.py:87} INFO - Running: ['***', 'tasks', 'run', 'email_pipeline_dag', 'kafka_producer', 'manual__2025-12-04T14:39:03.726213+00:00', '--job-id', '10', '--raw', '--subdir', 'DAGS_FOLDER/email_pipeline_dag.py', '--cfg-path', '/tmp/tmp2nl56n46']
[2025-12-04T14:39:04.562+0000] {standard_task_runner.py:88} INFO - Job 10: Subtask kafka_producer
[2025-12-04T14:39:04.672+0000] {task_command.py:423} INFO - Running <TaskInstance: email_pipeline_dag.kafka_producer manual__2025-12-04T14:39:03.726213+00:00 [running]> on host 6e7292567bd4
[2025-12-04T14:39:04.753+0000] {taskinstance.py:2480} INFO - Exporting env vars: AIRFLOW_CTX_DAG_OWNER='***' AIRFLOW_CTX_DAG_ID='email_pipeline_dag' AIRFLOW_CTX_TASK_ID='kafka_producer' AIRFLOW_CTX_EXECUTION_DATE='2025-12-04T14:39:03.726213+00:00' AIRFLOW_CTX_TRY_NUMBER='1' AIRFLOW_CTX_DAG_RUN_ID='manual__2025-12-04T14:39:03.726213+00:00'
[2025-12-04T14:39:04.756+0000] {subprocess.py:63} INFO - Tmp dir root location: /tmp
[2025-12-04T14:39:04.757+0000] {subprocess.py:75} INFO - Running command: ['/usr/bin/bash', '-c', 'python /opt/***/kafka/Producer/email_producer.py']
[2025-12-04T14:39:04.766+0000] {subprocess.py:86} INFO - Output:
[2025-12-04T14:39:05.504+0000] {subprocess.py:93} INFO - Traceback (most recent call last):
[2025-12-04T14:39:05.504+0000] {subprocess.py:93} INFO -   File "/opt/***/kafka/Producer/email_producer.py", line 17, in <module>
[2025-12-04T14:39:05.505+0000] {subprocess.py:93} INFO -     from kafka import KafkaProducer, KafkaConsumer
[2025-12-04T14:39:05.505+0000] {subprocess.py:93} INFO - ModuleNotFoundError: No module named 'kafka'
[2025-12-04T14:39:05.536+0000] {subprocess.py:97} INFO - Command exited with return code 1
[2025-12-04T14:39:05.547+0000] {taskinstance.py:2698} ERROR - Task failed with exception
Traceback (most recent call last):
  File "/home/airflow/.local/lib/python3.8/site-packages/airflow/models/taskinstance.py", line 433, in _execute_task
    result = execute_callable(context=context, **execute_callable_kwargs)
  File "/home/airflow/.local/lib/python3.8/site-packages/airflow/operators/bash.py", line 212, in execute
    raise AirflowException(
airflow.exceptions.AirflowException: Bash command failed. The command returned a non-zero exit code 1.
[2025-12-04T14:39:05.551+0000] {taskinstance.py:1138} INFO - Marking task as UP_FOR_RETRY. dag_id=email_pipeline_dag, task_id=kafka_producer, execution_date=20251204T143903, start_date=20251204T143904, end_date=20251204T143905
[2025-12-04T14:39:05.563+0000] {standard_task_runner.py:107} ERROR - Failed to execute job 10 for task kafka_producer (Bash command failed. The command returned a non-zero exit code 1.; 258)
[2025-12-04T14:39:05.579+0000] {local_task_job_runner.py:234} INFO - Task exited with return code 1
[2025-12-04T14:39:05.603+0000] {taskinstance.py:3280} INFO - 0 downstream tasks scheduled from follow-on schedule check
