[2025-12-04T14:44:06.092+0000] {taskinstance.py:1956} INFO - Dependencies all met for dep_context=non-requeueable deps ti=<TaskInstance: email_pipeline_dag.kafka_producer manual__2025-12-04T14:39:03.726213+00:00 [queued]>
[2025-12-04T14:44:06.103+0000] {taskinstance.py:1956} INFO - Dependencies all met for dep_context=requeueable deps ti=<TaskInstance: email_pipeline_dag.kafka_producer manual__2025-12-04T14:39:03.726213+00:00 [queued]>
[2025-12-04T14:44:06.104+0000] {taskinstance.py:2170} INFO - Starting attempt 2 of 2
[2025-12-04T14:44:06.118+0000] {taskinstance.py:2191} INFO - Executing <Task(BashOperator): kafka_producer> on 2025-12-04 14:39:03.726213+00:00
[2025-12-04T14:44:06.123+0000] {standard_task_runner.py:60} INFO - Started process 404 to run task
[2025-12-04T14:44:06.126+0000] {standard_task_runner.py:87} INFO - Running: ['***', 'tasks', 'run', 'email_pipeline_dag', 'kafka_producer', 'manual__2025-12-04T14:39:03.726213+00:00', '--job-id', '13', '--raw', '--subdir', 'DAGS_FOLDER/email_pipeline_dag.py', '--cfg-path', '/tmp/tmpfhcg8723']
[2025-12-04T14:44:06.130+0000] {standard_task_runner.py:88} INFO - Job 13: Subtask kafka_producer
[2025-12-04T14:44:06.209+0000] {task_command.py:423} INFO - Running <TaskInstance: email_pipeline_dag.kafka_producer manual__2025-12-04T14:39:03.726213+00:00 [running]> on host 6e7292567bd4
[2025-12-04T14:44:06.328+0000] {taskinstance.py:2480} INFO - Exporting env vars: AIRFLOW_CTX_DAG_OWNER='***' AIRFLOW_CTX_DAG_ID='email_pipeline_dag' AIRFLOW_CTX_TASK_ID='kafka_producer' AIRFLOW_CTX_EXECUTION_DATE='2025-12-04T14:39:03.726213+00:00' AIRFLOW_CTX_TRY_NUMBER='2' AIRFLOW_CTX_DAG_RUN_ID='manual__2025-12-04T14:39:03.726213+00:00'
[2025-12-04T14:44:06.334+0000] {subprocess.py:63} INFO - Tmp dir root location: /tmp
[2025-12-04T14:44:06.338+0000] {subprocess.py:75} INFO - Running command: ['/usr/bin/bash', '-c', 'python /opt/***/kafka/Producer/email_producer.py']
[2025-12-04T14:44:06.351+0000] {subprocess.py:86} INFO - Output:
[2025-12-04T14:44:07.789+0000] {subprocess.py:93} INFO - 2025-12-04 14:44:07,788 - __main__ - INFO - 🚀 Starting Producer + Consumer...
[2025-12-04T14:44:07.790+0000] {subprocess.py:93} INFO - 2025-12-04 14:44:07,789 - __main__ - INFO - 🔐 Authenticating with Gmail API...
[2025-12-04T14:44:07.802+0000] {subprocess.py:93} INFO - 2025-12-04 14:44:07,789 - __main__ - ERROR - ❌ Error: [Errno 2] No such file or directory: 'credentials.json'
[2025-12-04T14:44:07.803+0000] {subprocess.py:93} INFO - Traceback (most recent call last):
[2025-12-04T14:44:07.804+0000] {subprocess.py:93} INFO -   File "/opt/***/kafka/Producer/email_producer.py", line 226, in main
[2025-12-04T14:44:07.804+0000] {subprocess.py:93} INFO -     service = authenticate_gmail()
[2025-12-04T14:44:07.805+0000] {subprocess.py:93} INFO -   File "/opt/***/kafka/Producer/email_producer.py", line 48, in authenticate_gmail
[2025-12-04T14:44:07.806+0000] {subprocess.py:93} INFO -     flow = InstalledAppFlow.from_client_secrets_file(
[2025-12-04T14:44:07.806+0000] {subprocess.py:93} INFO -   File "/home/***/.local/lib/python3.8/site-packages/google_auth_oauthlib/flow.py", line 198, in from_client_secrets_file
[2025-12-04T14:44:07.807+0000] {subprocess.py:93} INFO -     with open(client_secrets_file, "r") as json_file:
[2025-12-04T14:44:07.808+0000] {subprocess.py:93} INFO - FileNotFoundError: [Errno 2] No such file or directory: 'credentials.json'
[2025-12-04T14:44:07.820+0000] {subprocess.py:93} INFO - Traceback (most recent call last):
[2025-12-04T14:44:07.821+0000] {subprocess.py:93} INFO -   File "/opt/***/kafka/Producer/email_producer.py", line 264, in <module>
[2025-12-04T14:44:07.822+0000] {subprocess.py:93} INFO -     main()
[2025-12-04T14:44:07.823+0000] {subprocess.py:93} INFO -   File "/opt/***/kafka/Producer/email_producer.py", line 226, in main
[2025-12-04T14:44:07.824+0000] {subprocess.py:93} INFO -     service = authenticate_gmail()
[2025-12-04T14:44:07.824+0000] {subprocess.py:93} INFO -   File "/opt/***/kafka/Producer/email_producer.py", line 48, in authenticate_gmail
[2025-12-04T14:44:07.825+0000] {subprocess.py:93} INFO -     flow = InstalledAppFlow.from_client_secrets_file(
[2025-12-04T14:44:07.826+0000] {subprocess.py:93} INFO -   File "/home/***/.local/lib/python3.8/site-packages/google_auth_oauthlib/flow.py", line 198, in from_client_secrets_file
[2025-12-04T14:44:07.827+0000] {subprocess.py:93} INFO -     with open(client_secrets_file, "r") as json_file:
[2025-12-04T14:44:07.827+0000] {subprocess.py:93} INFO - FileNotFoundError: [Errno 2] No such file or directory: 'credentials.json'
[2025-12-04T14:44:07.992+0000] {subprocess.py:97} INFO - Command exited with return code 1
[2025-12-04T14:44:08.019+0000] {taskinstance.py:2698} ERROR - Task failed with exception
Traceback (most recent call last):
  File "/home/airflow/.local/lib/python3.8/site-packages/airflow/models/taskinstance.py", line 433, in _execute_task
    result = execute_callable(context=context, **execute_callable_kwargs)
  File "/home/airflow/.local/lib/python3.8/site-packages/airflow/operators/bash.py", line 212, in execute
    raise AirflowException(
airflow.exceptions.AirflowException: Bash command failed. The command returned a non-zero exit code 1.
[2025-12-04T14:44:08.029+0000] {taskinstance.py:1138} INFO - Marking task as FAILED. dag_id=email_pipeline_dag, task_id=kafka_producer, execution_date=20251204T143903, start_date=20251204T144406, end_date=20251204T144408
[2025-12-04T14:44:08.057+0000] {standard_task_runner.py:107} ERROR - Failed to execute job 13 for task kafka_producer (Bash command failed. The command returned a non-zero exit code 1.; 404)
[2025-12-04T14:44:08.110+0000] {local_task_job_runner.py:234} INFO - Task exited with return code 1
[2025-12-04T14:44:08.159+0000] {taskinstance.py:3280} INFO - 0 downstream tasks scheduled from follow-on schedule check
