[2025-12-05T08:11:10.090+0000] {taskinstance.py:1956} INFO - Dependencies all met for dep_context=non-requeueable deps ti=<TaskInstance: email_pipeline_dag.kafka_producer manual__2025-12-04T15:28:24+00:00 [queued]>
[2025-12-05T08:11:10.119+0000] {taskinstance.py:1956} INFO - Dependencies all met for dep_context=requeueable deps ti=<TaskInstance: email_pipeline_dag.kafka_producer manual__2025-12-04T15:28:24+00:00 [queued]>
[2025-12-05T08:11:10.126+0000] {taskinstance.py:2170} INFO - Starting attempt 2 of 2
[2025-12-05T08:11:10.180+0000] {taskinstance.py:2191} INFO - Executing <Task(BashOperator): kafka_producer> on 2025-12-04 15:28:24+00:00
[2025-12-05T08:11:10.218+0000] {standard_task_runner.py:60} INFO - Started process 194 to run task
[2025-12-05T08:11:10.388+0000] {standard_task_runner.py:87} INFO - Running: ['***', 'tasks', 'run', 'email_pipeline_dag', 'kafka_producer', 'manual__2025-12-04T15:28:24+00:00', '--job-id', '135', '--raw', '--subdir', 'DAGS_FOLDER/email_pipeline_dag.py', '--cfg-path', '/tmp/tmphyqovcc4']
[2025-12-05T08:11:10.428+0000] {standard_task_runner.py:88} INFO - Job 135: Subtask kafka_producer
[2025-12-05T08:11:11.165+0000] {task_command.py:423} INFO - Running <TaskInstance: email_pipeline_dag.kafka_producer manual__2025-12-04T15:28:24+00:00 [running]> on host 17d26709f247
[2025-12-05T08:11:12.664+0000] {taskinstance.py:2480} INFO - Exporting env vars: AIRFLOW_CTX_DAG_OWNER='***' AIRFLOW_CTX_DAG_ID='email_pipeline_dag' AIRFLOW_CTX_TASK_ID='kafka_producer' AIRFLOW_CTX_EXECUTION_DATE='2025-12-04T15:28:24+00:00' AIRFLOW_CTX_TRY_NUMBER='2' AIRFLOW_CTX_DAG_RUN_ID='manual__2025-12-04T15:28:24+00:00'
[2025-12-05T08:11:12.688+0000] {subprocess.py:63} INFO - Tmp dir root location: /tmp
[2025-12-05T08:11:12.734+0000] {subprocess.py:75} INFO - Running command: ['/usr/bin/bash', '-c', 'python /opt/***/kafka/Producer/email_producer.py']
[2025-12-05T08:11:12.852+0000] {subprocess.py:86} INFO - Output:
[2025-12-05T08:11:18.591+0000] {subprocess.py:93} INFO - 2025-12-05 08:11:18,583 - __main__ - INFO - 🚀 Starting Producer + Consumer...
[2025-12-05T08:11:18.606+0000] {subprocess.py:93} INFO - 2025-12-05 08:11:18,587 - __main__ - INFO - 🔐 Authenticating with Gmail API...
[2025-12-05T08:11:19.087+0000] {subprocess.py:93} INFO - 2025-12-05 08:11:19,086 - googleapiclient.discovery_cache - INFO - file_cache is only supported with oauth2client<4.0.0
[2025-12-05T08:11:19.141+0000] {subprocess.py:93} INFO - 2025-12-05 08:11:19,141 - __main__ - INFO - 📨 Connecting to Kafka...
[2025-12-05T08:11:21.001+0000] {subprocess.py:93} INFO - 2025-12-05 08:11:21,000 - kafka.conn - WARNING - DNS lookup failed for kafka:29092, exception was [Errno -2] Name or service not known. Is your advertised.listeners (called advertised.host.name before Kafka 9) correct and resolvable?
[2025-12-05T08:11:21.002+0000] {subprocess.py:93} INFO - 2025-12-05 08:11:21,001 - kafka.conn - ERROR - <BrokerConnection client_id=kafka-python-producer-1, node_id=bootstrap-0 host=kafka:29092 <connecting> [unspecified None]>: DNS lookup failed for kafka:29092 (AddressFamily.AF_UNSPEC)
[2025-12-05T08:11:21.003+0000] {subprocess.py:93} INFO - 2025-12-05 08:11:21,001 - kafka.conn - ERROR - <BrokerConnection client_id=kafka-python-producer-1, node_id=bootstrap-0 host=kafka:29092 <connecting> [unspecified None]>: Closing connection. KafkaConnectionError: DNS failure
[2025-12-05T08:11:24.737+0000] {subprocess.py:93} INFO - 2025-12-05 08:11:24,736 - kafka.conn - WARNING - DNS lookup failed for kafka:29092, exception was [Errno -2] Name or service not known. Is your advertised.listeners (called advertised.host.name before Kafka 9) correct and resolvable?
[2025-12-05T08:11:24.743+0000] {subprocess.py:93} INFO - 2025-12-05 08:11:24,736 - kafka.conn - ERROR - <BrokerConnection client_id=kafka-python-producer-1, node_id=bootstrap-0 host=kafka:29092 <connecting> [unspecified None]>: DNS lookup failed for kafka:29092 (AddressFamily.AF_UNSPEC)
[2025-12-05T08:11:24.748+0000] {subprocess.py:93} INFO - 2025-12-05 08:11:24,736 - kafka.conn - ERROR - <BrokerConnection client_id=kafka-python-producer-1, node_id=bootstrap-0 host=kafka:29092 <connecting> [unspecified None]>: Closing connection. KafkaConnectionError: DNS failure
[2025-12-05T08:11:24.768+0000] {subprocess.py:93} INFO - 2025-12-05 08:11:24,736 - __main__ - ERROR - ❌ Error: NoBrokersAvailable
[2025-12-05T08:11:24.770+0000] {subprocess.py:93} INFO - Traceback (most recent call last):
[2025-12-05T08:11:24.772+0000] {subprocess.py:93} INFO -   File "/opt/***/kafka/Producer/email_producer.py", line 235, in main
[2025-12-05T08:11:24.779+0000] {subprocess.py:93} INFO -     producer = KafkaProducer(
[2025-12-05T08:11:24.782+0000] {subprocess.py:93} INFO -   File "/home/***/.local/lib/python3.8/site-packages/kafka/producer/kafka.py", line 485, in __init__
[2025-12-05T08:11:24.787+0000] {subprocess.py:93} INFO -     client = self.config['kafka_client'](
[2025-12-05T08:11:24.796+0000] {subprocess.py:93} INFO -   File "/home/***/.local/lib/python3.8/site-packages/kafka/client_async.py", line 262, in __init__
[2025-12-05T08:11:24.804+0000] {subprocess.py:93} INFO -     self.config['api_version'] = self.check_version()
[2025-12-05T08:11:24.806+0000] {subprocess.py:93} INFO -   File "/home/***/.local/lib/python3.8/site-packages/kafka/client_async.py", line 1076, in check_version
[2025-12-05T08:11:24.809+0000] {subprocess.py:93} INFO -     raise Errors.NoBrokersAvailable()
[2025-12-05T08:11:24.818+0000] {subprocess.py:93} INFO - kafka.errors.NoBrokersAvailable: NoBrokersAvailable
[2025-12-05T08:11:24.849+0000] {subprocess.py:93} INFO - Traceback (most recent call last):
[2025-12-05T08:11:24.850+0000] {subprocess.py:93} INFO -   File "/opt/***/kafka/Producer/email_producer.py", line 273, in <module>
[2025-12-05T08:11:24.854+0000] {subprocess.py:93} INFO -     main()
[2025-12-05T08:11:24.866+0000] {subprocess.py:93} INFO -   File "/opt/***/kafka/Producer/email_producer.py", line 235, in main
[2025-12-05T08:11:24.872+0000] {subprocess.py:93} INFO -     producer = KafkaProducer(
[2025-12-05T08:11:24.878+0000] {subprocess.py:93} INFO -   File "/home/***/.local/lib/python3.8/site-packages/kafka/producer/kafka.py", line 485, in __init__
[2025-12-05T08:11:24.886+0000] {subprocess.py:93} INFO -     client = self.config['kafka_client'](
[2025-12-05T08:11:24.890+0000] {subprocess.py:93} INFO -   File "/home/***/.local/lib/python3.8/site-packages/kafka/client_async.py", line 262, in __init__
[2025-12-05T08:11:24.897+0000] {subprocess.py:93} INFO -     self.config['api_version'] = self.check_version()
[2025-12-05T08:11:24.899+0000] {subprocess.py:93} INFO -   File "/home/***/.local/lib/python3.8/site-packages/kafka/client_async.py", line 1076, in check_version
[2025-12-05T08:11:24.906+0000] {subprocess.py:93} INFO -     raise Errors.NoBrokersAvailable()
[2025-12-05T08:11:24.912+0000] {subprocess.py:93} INFO - kafka.errors.NoBrokersAvailable: NoBrokersAvailable
[2025-12-05T08:11:25.203+0000] {subprocess.py:97} INFO - Command exited with return code 1
[2025-12-05T08:11:25.291+0000] {taskinstance.py:2698} ERROR - Task failed with exception
Traceback (most recent call last):
  File "/home/airflow/.local/lib/python3.8/site-packages/airflow/models/taskinstance.py", line 428, in _execute_task
    result = execute_callable(context=context, **execute_callable_kwargs)
  File "/home/airflow/.local/lib/python3.8/site-packages/airflow/operators/bash.py", line 212, in execute
    raise AirflowException(
airflow.exceptions.AirflowException: Bash command failed. The command returned a non-zero exit code 1.
[2025-12-05T08:11:25.307+0000] {taskinstance.py:1138} INFO - Marking task as FAILED. dag_id=email_pipeline_dag, task_id=kafka_producer, execution_date=20251204T152824, start_date=20251205T081110, end_date=20251205T081125
[2025-12-05T08:11:25.362+0000] {standard_task_runner.py:107} ERROR - Failed to execute job 135 for task kafka_producer (Bash command failed. The command returned a non-zero exit code 1.; 194)
[2025-12-05T08:11:25.395+0000] {local_task_job_runner.py:234} INFO - Task exited with return code 1
[2025-12-05T08:11:25.486+0000] {taskinstance.py:3280} INFO - 1 downstream tasks scheduled from follow-on schedule check
