[2025-12-04T15:32:41.156+0000] {taskinstance.py:1956} INFO - Dependencies all met for dep_context=non-requeueable deps ti=<TaskInstance: email_pipeline_dag.kafka_producer manual__2025-12-04T15:19:38.839000+00:00 [queued]>
[2025-12-04T15:32:41.205+0000] {taskinstance.py:1956} INFO - Dependencies all met for dep_context=requeueable deps ti=<TaskInstance: email_pipeline_dag.kafka_producer manual__2025-12-04T15:19:38.839000+00:00 [queued]>
[2025-12-04T15:32:41.206+0000] {taskinstance.py:2170} INFO - Starting attempt 2 of 2
[2025-12-04T15:32:41.263+0000] {taskinstance.py:2191} INFO - Executing <Task(BashOperator): kafka_producer> on 2025-12-04 15:19:38.839000+00:00
[2025-12-04T15:32:41.283+0000] {standard_task_runner.py:60} INFO - Started process 421 to run task
[2025-12-04T15:32:41.363+0000] {standard_task_runner.py:87} INFO - Running: ['***', 'tasks', 'run', 'email_pipeline_dag', 'kafka_producer', 'manual__2025-12-04T15:19:38.839000+00:00', '--job-id', '78', '--raw', '--subdir', 'DAGS_FOLDER/email_pipeline_dag.py', '--cfg-path', '/tmp/tmpt1cuggsu']
[2025-12-04T15:32:41.421+0000] {standard_task_runner.py:88} INFO - Job 78: Subtask kafka_producer
[2025-12-04T15:32:42.021+0000] {task_command.py:423} INFO - Running <TaskInstance: email_pipeline_dag.kafka_producer manual__2025-12-04T15:19:38.839000+00:00 [running]> on host 17d26709f247
[2025-12-04T15:32:42.914+0000] {taskinstance.py:2480} INFO - Exporting env vars: AIRFLOW_CTX_DAG_OWNER='***' AIRFLOW_CTX_DAG_ID='email_pipeline_dag' AIRFLOW_CTX_TASK_ID='kafka_producer' AIRFLOW_CTX_EXECUTION_DATE='2025-12-04T15:19:38.839000+00:00' AIRFLOW_CTX_TRY_NUMBER='2' AIRFLOW_CTX_DAG_RUN_ID='manual__2025-12-04T15:19:38.839000+00:00'
[2025-12-04T15:32:42.932+0000] {subprocess.py:63} INFO - Tmp dir root location: /tmp
[2025-12-04T15:32:42.936+0000] {subprocess.py:75} INFO - Running command: ['/usr/bin/bash', '-c', 'python /opt/***/kafka/Producer/email_producer.py']
[2025-12-04T15:32:42.991+0000] {subprocess.py:86} INFO - Output:
[2025-12-04T15:32:47.039+0000] {subprocess.py:93} INFO - 2025-12-04 15:32:47,030 - __main__ - INFO - 🚀 Starting Producer + Consumer...
[2025-12-04T15:32:47.042+0000] {subprocess.py:93} INFO - 2025-12-04 15:32:47,033 - __main__ - INFO - 🔐 Authenticating with Gmail API...
[2025-12-04T15:32:47.269+0000] {subprocess.py:93} INFO - 2025-12-04 15:32:47,255 - googleapiclient.discovery_cache - INFO - file_cache is only supported with oauth2client<4.0.0
[2025-12-04T15:32:47.358+0000] {subprocess.py:93} INFO - 2025-12-04 15:32:47,358 - __main__ - INFO - 📨 Connecting to Kafka...
[2025-12-04T15:32:47.364+0000] {subprocess.py:93} INFO - 2025-12-04 15:32:47,364 - kafka.conn - INFO - <BrokerConnection client_id=kafka-python-producer-1, node_id=bootstrap-0 host=kafka:29092 <connecting> [IPv4 ('172.20.0.4', 29092)]>: connecting to kafka:29092 [('172.20.0.4', 29092) IPv4]
[2025-12-04T15:32:47.380+0000] {subprocess.py:93} INFO - 2025-12-04 15:32:47,379 - kafka.conn - INFO - <BrokerConnection client_id=kafka-python-producer-1, node_id=bootstrap-0 host=kafka:29092 <checking_api_versions_recv> [IPv4 ('172.20.0.4', 29092)]>: Broker version identified as 2.6
[2025-12-04T15:32:47.382+0000] {subprocess.py:93} INFO - 2025-12-04 15:32:47,380 - kafka.conn - INFO - <BrokerConnection client_id=kafka-python-producer-1, node_id=bootstrap-0 host=kafka:29092 <connected> [IPv4 ('172.20.0.4', 29092)]>: Connection complete.
[2025-12-04T15:32:47.399+0000] {subprocess.py:93} INFO - 2025-12-04 15:32:47,396 - __main__ - INFO - 🎬 Démarrage du visualiseur temps réel...
[2025-12-04T15:32:47.401+0000] {subprocess.py:93} INFO - 2025-12-04 15:32:47,400 - __main__ - INFO - ✓ Consumer thread started
[2025-12-04T15:32:47.402+0000] {subprocess.py:93} INFO - 2025-12-04 15:32:47,401 - __main__ - INFO - 📧 Fetching recent emails...
[2025-12-04T15:32:47.417+0000] {subprocess.py:93} INFO - 2025-12-04 15:32:47,416 - kafka.conn - INFO - <BrokerConnection client_id=kafka-python-2.3.0, node_id=bootstrap-0 host=kafka:29092 <connecting> [IPv4 ('172.20.0.4', 29092)]>: connecting to kafka:29092 [('172.20.0.4', 29092) IPv4]
[2025-12-04T15:32:47.429+0000] {subprocess.py:93} INFO - 2025-12-04 15:32:47,428 - kafka.conn - INFO - <BrokerConnection client_id=kafka-python-2.3.0, node_id=bootstrap-0 host=kafka:29092 <checking_api_versions_recv> [IPv4 ('172.20.0.4', 29092)]>: Broker version identified as 2.6
[2025-12-04T15:32:47.432+0000] {subprocess.py:93} INFO - 2025-12-04 15:32:47,429 - kafka.conn - INFO - <BrokerConnection client_id=kafka-python-2.3.0, node_id=bootstrap-0 host=kafka:29092 <connected> [IPv4 ('172.20.0.4', 29092)]>: Connection complete.
[2025-12-04T15:32:47.436+0000] {subprocess.py:93} INFO - 2025-12-04 15:32:47,431 - kafka.consumer.subscription_state - INFO - Updating subscribed topics to: ('emails-topic',)
[2025-12-04T15:32:47.438+0000] {subprocess.py:93} INFO - 2025-12-04 15:32:47,437 - kafka.conn - INFO - <BrokerConnection client_id=kafka-python-2.3.0, node_id=1 host=kafka:29092 <connecting> [IPv4 ('172.20.0.4', 29092)]>: connecting to kafka:29092 [('172.20.0.4', 29092) IPv4]
[2025-12-04T15:32:47.441+0000] {subprocess.py:93} INFO - 2025-12-04 15:32:47,438 - kafka.conn - INFO - <BrokerConnection client_id=kafka-python-2.3.0, node_id=1 host=kafka:29092 <connected> [IPv4 ('172.20.0.4', 29092)]>: Connection complete.
[2025-12-04T15:32:47.446+0000] {subprocess.py:93} INFO - 2025-12-04 15:32:47,438 - kafka.conn - INFO - <BrokerConnection client_id=kafka-python-2.3.0, node_id=bootstrap-0 host=kafka:29092 <connected> [IPv4 ('172.20.0.4', 29092)]>: Closing connection.
[2025-12-04T15:32:47.542+0000] {subprocess.py:93} INFO - 2025-12-04 15:32:47,541 - kafka.cluster - INFO - Coordinator for group/unified-viewer is BrokerMetadata(nodeId='coordinator-1', host='kafka', port=29092, rack=None)
[2025-12-04T15:32:47.548+0000] {subprocess.py:93} INFO - 2025-12-04 15:32:47,542 - kafka.coordinator - INFO - Discovered coordinator coordinator-1 for group unified-viewer
[2025-12-04T15:32:47.550+0000] {subprocess.py:93} INFO - 2025-12-04 15:32:47,542 - kafka.coordinator.heartbeat - INFO - Starting new heartbeat thread
[2025-12-04T15:32:47.551+0000] {subprocess.py:93} INFO - 2025-12-04 15:32:47,550 - kafka.coordinator.consumer - INFO - Revoking previously assigned partitions set() for group unified-viewer
[2025-12-04T15:32:47.553+0000] {subprocess.py:93} INFO - 2025-12-04 15:32:47,550 - kafka.coordinator - INFO - Failed to join group unified-viewer: NodeNotReadyError: coordinator-1
[2025-12-04T15:32:47.558+0000] {subprocess.py:93} INFO - 2025-12-04 15:32:47,557 - kafka.conn - INFO - <BrokerConnection client_id=kafka-python-2.3.0, node_id=coordinator-1 host=kafka:29092 <connecting> [IPv4 ('172.20.0.4', 29092)]>: connecting to kafka:29092 [('172.20.0.4', 29092) IPv4]
[2025-12-04T15:32:47.562+0000] {subprocess.py:93} INFO - 2025-12-04 15:32:47,560 - kafka.conn - INFO - <BrokerConnection client_id=kafka-python-2.3.0, node_id=coordinator-1 host=kafka:29092 <connected> [IPv4 ('172.20.0.4', 29092)]>: Connection complete.
[2025-12-04T15:32:47.662+0000] {subprocess.py:93} INFO - 2025-12-04 15:32:47,661 - kafka.coordinator - INFO - (Re-)joining group unified-viewer
[2025-12-04T15:32:47.667+0000] {subprocess.py:93} INFO - 2025-12-04 15:32:47,667 - kafka.coordinator - INFO - Received member id kafka-python-2.3.0-f06d789d-3c20-4f9b-a623-ff6689b9d883 for group unified-viewer; will retry join-group
[2025-12-04T15:32:47.669+0000] {subprocess.py:93} INFO - 2025-12-04 15:32:47,667 - kafka.coordinator - INFO - Failed to join group unified-viewer: [Error 79] MemberIdRequiredError
[2025-12-04T15:32:47.671+0000] {subprocess.py:93} INFO - 2025-12-04 15:32:47,667 - kafka.coordinator - INFO - (Re-)joining group unified-viewer
[2025-12-04T15:32:48.366+0000] {subprocess.py:93} INFO - 2025-12-04 15:32:48,366 - __main__ - INFO - Found 10 emails in last 24 hours
[2025-12-04T15:32:49.366+0000] {subprocess.py:93} INFO - 2025-12-04 15:32:49,361 - kafka.coordinator - INFO - Successfully joined group unified-viewer <Generation 5 (member_id: kafka-python-2.3.0-f06d789d-3c20-4f9b-a623-ff6689b9d883, protocol: range)>
[2025-12-04T15:32:49.387+0000] {subprocess.py:93} INFO - 2025-12-04 15:32:49,384 - kafka.consumer.subscription_state - INFO - Updated partition assignment: []
[2025-12-04T15:32:49.389+0000] {subprocess.py:93} INFO - 2025-12-04 15:32:49,385 - kafka.coordinator.consumer - INFO - Setting newly assigned partitions set() for group unified-viewer
[2025-12-04T15:32:51.128+0000] {subprocess.py:93} INFO - 2025-12-04 15:32:51,121 - kafka.conn - INFO - <BrokerConnection client_id=kafka-python-producer-1, node_id=1 host=kafka:29092 <connecting> [IPv4 ('172.20.0.4', 29092)]>: connecting to kafka:29092 [('172.20.0.4', 29092) IPv4]
[2025-12-04T15:32:51.132+0000] {subprocess.py:93} INFO - 2025-12-04 15:32:51,123 - kafka.conn - INFO - <BrokerConnection client_id=kafka-python-producer-1, node_id=1 host=kafka:29092 <connected> [IPv4 ('172.20.0.4', 29092)]>: Connection complete.
[2025-12-04T15:32:51.135+0000] {subprocess.py:93} INFO - 2025-12-04 15:32:51,123 - kafka.conn - INFO - <BrokerConnection client_id=kafka-python-producer-1, node_id=bootstrap-0 host=kafka:29092 <connected> [IPv4 ('172.20.0.4', 29092)]>: Closing connection.
[2025-12-04T15:32:51.161+0000] {subprocess.py:93} INFO - 2025-12-04 15:32:51,160 - __main__ - INFO - ✓ Email sent to Kafka - Offset: 50
[2025-12-04T15:32:51.180+0000] {subprocess.py:93} INFO - 2025-12-04 15:32:51,179 - __main__ - INFO - ✓ Email sent to Kafka - Offset: 53
[2025-12-04T15:32:51.197+0000] {subprocess.py:93} INFO - 2025-12-04 15:32:51,196 - __main__ - INFO - ✓ Email sent to Kafka - Offset: 59
[2025-12-04T15:32:51.231+0000] {subprocess.py:93} INFO - 2025-12-04 15:32:51,231 - __main__ - INFO - ✓ Email sent to Kafka - Offset: 66
[2025-12-04T15:32:51.247+0000] {subprocess.py:93} INFO - 2025-12-04 15:32:51,246 - __main__ - INFO - ✓ Email sent to Kafka - Offset: 70
[2025-12-04T15:32:51.255+0000] {subprocess.py:93} INFO - 2025-12-04 15:32:51,255 - __main__ - INFO - ✓ Email sent to Kafka - Offset: 74
[2025-12-04T15:32:51.274+0000] {subprocess.py:93} INFO - 2025-12-04 15:32:51,274 - __main__ - INFO - ✓ Email sent to Kafka - Offset: 81
[2025-12-04T15:32:51.291+0000] {subprocess.py:93} INFO - 2025-12-04 15:32:51,289 - __main__ - INFO - ✓ Email sent to Kafka - Offset: 85
[2025-12-04T15:32:51.303+0000] {subprocess.py:93} INFO - 2025-12-04 15:32:51,301 - __main__ - INFO - ✓ Email sent to Kafka - Offset: 90
[2025-12-04T15:32:51.311+0000] {subprocess.py:93} INFO - 2025-12-04 15:32:51,311 - __main__ - INFO - ✓ Email sent to Kafka - Offset: 94
[2025-12-04T15:32:51.313+0000] {subprocess.py:93} INFO - 2025-12-04 15:32:51,311 - __main__ - INFO - ✅ Successfully sent 10 emails to Kafka
[2025-12-04T15:34:25.586+0000] {subprocess.py:93} INFO - 2025-12-04 15:34:25,585 - kafka.coordinator.heartbeat - WARNING - Heartbeat failed for group unified-viewer because it is rebalancing
[2025-12-04T15:34:25.587+0000] {subprocess.py:93} INFO - 2025-12-04 15:34:25,585 - kafka.coordinator.consumer - INFO - Revoking previously assigned partitions set() for group unified-viewer
[2025-12-04T15:34:25.588+0000] {subprocess.py:93} INFO - 2025-12-04 15:34:25,585 - kafka.coordinator - INFO - (Re-)joining group unified-viewer
[2025-12-04T15:34:25.745+0000] {subprocess.py:93} INFO - 2025-12-04 15:34:25,743 - kafka.coordinator - INFO - Successfully joined group unified-viewer <Generation 6 (member_id: kafka-python-2.3.0-f06d789d-3c20-4f9b-a623-ff6689b9d883, protocol: range)>
[2025-12-04T15:34:25.764+0000] {subprocess.py:93} INFO - 2025-12-04 15:34:25,764 - kafka.consumer.subscription_state - INFO - Updated partition assignment: []
[2025-12-04T15:34:25.768+0000] {subprocess.py:93} INFO - 2025-12-04 15:34:25,764 - kafka.coordinator.consumer - INFO - Setting newly assigned partitions set() for group unified-viewer
[2025-12-04T15:36:38.189+0000] {subprocess.py:93} INFO - 2025-12-04 15:36:38,173 - kafka.coordinator.heartbeat - WARNING - Heartbeat failed for group unified-viewer because it is rebalancing
[2025-12-04T15:36:38.211+0000] {subprocess.py:93} INFO - 2025-12-04 15:36:38,181 - kafka.coordinator.consumer - INFO - Revoking previously assigned partitions set() for group unified-viewer
[2025-12-04T15:36:38.212+0000] {subprocess.py:93} INFO - 2025-12-04 15:36:38,182 - kafka.coordinator - INFO - (Re-)joining group unified-viewer
[2025-12-04T15:36:38.420+0000] {subprocess.py:93} INFO - 2025-12-04 15:36:38,418 - kafka.coordinator - INFO - Successfully joined group unified-viewer <Generation 7 (member_id: kafka-python-2.3.0-f06d789d-3c20-4f9b-a623-ff6689b9d883, protocol: range)>
[2025-12-04T15:36:38.449+0000] {subprocess.py:93} INFO - 2025-12-04 15:36:38,448 - kafka.consumer.subscription_state - INFO - Updated partition assignment: []
[2025-12-04T15:36:38.452+0000] {subprocess.py:93} INFO - 2025-12-04 15:36:38,450 - kafka.coordinator.consumer - INFO - Setting newly assigned partitions set() for group unified-viewer
[2025-12-04T15:38:08.901+0000] {subprocess.py:93} INFO - 2025-12-04 15:38:08,890 - kafka.coordinator.heartbeat - WARNING - Heartbeat failed for group unified-viewer because it is rebalancing
[2025-12-04T15:38:08.916+0000] {subprocess.py:93} INFO - 2025-12-04 15:38:08,894 - kafka.coordinator.consumer - INFO - Revoking previously assigned partitions set() for group unified-viewer
[2025-12-04T15:38:08.918+0000] {subprocess.py:93} INFO - 2025-12-04 15:38:08,894 - kafka.coordinator - INFO - (Re-)joining group unified-viewer
[2025-12-04T15:38:08.968+0000] {subprocess.py:93} INFO - 2025-12-04 15:38:08,967 - kafka.coordinator - INFO - Successfully joined group unified-viewer <Generation 8 (member_id: kafka-python-2.3.0-f06d789d-3c20-4f9b-a623-ff6689b9d883, protocol: range)>
[2025-12-04T15:38:08.985+0000] {subprocess.py:93} INFO - 2025-12-04 15:38:08,983 - kafka.consumer.subscription_state - INFO - Updated partition assignment: []
[2025-12-04T15:38:08.987+0000] {subprocess.py:93} INFO - 2025-12-04 15:38:08,983 - kafka.coordinator.consumer - INFO - Setting newly assigned partitions set() for group unified-viewer
[2025-12-04T15:46:40.476+0000] {subprocess.py:93} INFO - 2025-12-04 15:46:40,407 - kafka.coordinator.heartbeat - WARNING - Heartbeat session expired, marking coordinator dead
[2025-12-04T15:46:40.538+0000] {subprocess.py:93} INFO - 2025-12-04 15:46:40,428 - kafka.coordinator - WARNING - Marking the coordinator dead (node coordinator-1) for group unified-viewer: Heartbeat session expired.
[2025-12-04T15:46:40.540+0000] {subprocess.py:93} INFO - 2025-12-04 15:46:40,447 - kafka.cluster - INFO - Coordinator for group/unified-viewer is BrokerMetadata(nodeId='coordinator-1', host='kafka', port=29092, rack=None)
[2025-12-04T15:46:40.540+0000] {subprocess.py:93} INFO - 2025-12-04 15:46:40,467 - kafka.coordinator - INFO - Discovered coordinator coordinator-1 for group unified-viewer
[2025-12-04T15:46:55.488+0000] {subprocess.py:93} INFO - 2025-12-04 15:46:55,486 - kafka.coordinator.heartbeat - WARNING - Heartbeat failed for group unified-viewer because it is rebalancing
[2025-12-04T15:46:55.489+0000] {subprocess.py:93} INFO - 2025-12-04 15:46:55,488 - kafka.coordinator.consumer - INFO - Revoking previously assigned partitions set() for group unified-viewer
[2025-12-04T15:46:55.490+0000] {subprocess.py:93} INFO - 2025-12-04 15:46:55,489 - kafka.coordinator - INFO - (Re-)joining group unified-viewer
[2025-12-04T15:46:58.517+0000] {subprocess.py:93} INFO - 2025-12-04 15:46:58,516 - kafka.coordinator - INFO - Successfully joined group unified-viewer <Generation 9 (member_id: kafka-python-2.3.0-f06d789d-3c20-4f9b-a623-ff6689b9d883, protocol: range)>
[2025-12-04T15:46:58.548+0000] {subprocess.py:93} INFO - 2025-12-04 15:46:58,547 - kafka.consumer.subscription_state - INFO - Updated partition assignment: []
[2025-12-04T15:46:58.552+0000] {subprocess.py:93} INFO - 2025-12-04 15:46:58,548 - kafka.coordinator.consumer - INFO - Setting newly assigned partitions set() for group unified-viewer
[2025-12-04T15:49:10.769+0000] {subprocess.py:93} INFO - 2025-12-04 15:49:10,767 - kafka.coordinator.heartbeat - WARNING - Heartbeat failed for group unified-viewer because it is rebalancing
[2025-12-04T15:49:10.771+0000] {subprocess.py:93} INFO - 2025-12-04 15:49:10,769 - kafka.coordinator.consumer - INFO - Revoking previously assigned partitions set() for group unified-viewer
[2025-12-04T15:49:10.773+0000] {subprocess.py:93} INFO - 2025-12-04 15:49:10,769 - kafka.coordinator - INFO - (Re-)joining group unified-viewer
[2025-12-04T15:49:11.059+0000] {subprocess.py:93} INFO - 2025-12-04 15:49:11,058 - kafka.coordinator - INFO - Successfully joined group unified-viewer <Generation 10 (member_id: kafka-python-2.3.0-f06d789d-3c20-4f9b-a623-ff6689b9d883, protocol: range)>
[2025-12-04T15:49:11.070+0000] {subprocess.py:93} INFO - 2025-12-04 15:49:11,069 - kafka.consumer.subscription_state - INFO - Updated partition assignment: []
[2025-12-04T15:49:11.074+0000] {subprocess.py:93} INFO - 2025-12-04 15:49:11,070 - kafka.coordinator.consumer - INFO - Setting newly assigned partitions set() for group unified-viewer
[2025-12-04T15:50:38.466+0000] {subprocess.py:93} INFO - 2025-12-04 15:50:38,464 - kafka.coordinator.heartbeat - WARNING - Heartbeat failed for group unified-viewer because it is rebalancing
[2025-12-04T15:50:38.471+0000] {subprocess.py:93} INFO - 2025-12-04 15:50:38,465 - kafka.coordinator.consumer - INFO - Revoking previously assigned partitions set() for group unified-viewer
[2025-12-04T15:50:38.472+0000] {subprocess.py:93} INFO - 2025-12-04 15:50:38,465 - kafka.coordinator - INFO - (Re-)joining group unified-viewer
[2025-12-04T15:50:38.624+0000] {subprocess.py:93} INFO - 2025-12-04 15:50:38,623 - kafka.coordinator - INFO - Successfully joined group unified-viewer <Generation 11 (member_id: kafka-python-2.3.0-f06d789d-3c20-4f9b-a623-ff6689b9d883, protocol: range)>
[2025-12-04T15:50:38.636+0000] {subprocess.py:93} INFO - 2025-12-04 15:50:38,635 - kafka.consumer.subscription_state - INFO - Updated partition assignment: []
[2025-12-04T15:50:38.642+0000] {subprocess.py:93} INFO - 2025-12-04 15:50:38,635 - kafka.coordinator.consumer - INFO - Setting newly assigned partitions set() for group unified-viewer
