[2025-12-08T09:54:22.691+0000] {taskinstance.py:1956} INFO - Dependencies all met for dep_context=non-requeueable deps ti=<TaskInstance: email_intelligence_pipeline.daily_insights_aggregation manual__2025-12-08T09:22:41.795937+00:00 [queued]>
[2025-12-08T09:54:22.716+0000] {taskinstance.py:1956} INFO - Dependencies all met for dep_context=requeueable deps ti=<TaskInstance: email_intelligence_pipeline.daily_insights_aggregation manual__2025-12-08T09:22:41.795937+00:00 [queued]>
[2025-12-08T09:54:22.718+0000] {taskinstance.py:2170} INFO - Starting attempt 2 of 1
[2025-12-08T09:54:22.769+0000] {taskinstance.py:2191} INFO - Executing <Task(BashOperator): daily_insights_aggregation> on 2025-12-08 09:22:41.795937+00:00
[2025-12-08T09:54:22.788+0000] {standard_task_runner.py:60} INFO - Started process 179 to run task
[2025-12-08T09:54:22.812+0000] {standard_task_runner.py:87} INFO - Running: ['***', 'tasks', 'run', 'email_intelligence_pipeline', 'daily_insights_aggregation', 'manual__2025-12-08T09:22:41.795937+00:00', '--job-id', '242', '--raw', '--subdir', 'DAGS_FOLDER/email_pipeline_dag.py', '--cfg-path', '/tmp/tmp882e_c5o']
[2025-12-08T09:54:22.817+0000] {standard_task_runner.py:88} INFO - Job 242: Subtask daily_insights_aggregation
[2025-12-08T09:54:23.105+0000] {task_command.py:423} INFO - Running <TaskInstance: email_intelligence_pipeline.daily_insights_aggregation manual__2025-12-08T09:22:41.795937+00:00 [running]> on host 3db08845f297
[2025-12-08T09:54:23.344+0000] {taskinstance.py:2480} INFO - Exporting env vars: AIRFLOW_CTX_DAG_OWNER='data_team' AIRFLOW_CTX_DAG_ID='email_intelligence_pipeline' AIRFLOW_CTX_TASK_ID='daily_insights_aggregation' AIRFLOW_CTX_EXECUTION_DATE='2025-12-08T09:22:41.795937+00:00' AIRFLOW_CTX_TRY_NUMBER='2' AIRFLOW_CTX_DAG_RUN_ID='manual__2025-12-08T09:22:41.795937+00:00'
[2025-12-08T09:54:23.351+0000] {subprocess.py:63} INFO - Tmp dir root location: /tmp
[2025-12-08T09:54:23.355+0000] {subprocess.py:75} INFO - Running command: ['/usr/bin/bash', '-c', '\n        # Vérifier si quality check a vraiment passé\n        QUALITY_REPORT="/tmp/quality_report.json"\n        \n        if [ ! -f "$QUALITY_REPORT" ]; then\n            echo "❌ Quality report not found!"\n            exit 1\n        fi\n        \n        # Extraire le score du rapport JSON\n        QUALITY_SCORE=$(grep -o \'"overall_score": [0-9.]*\' "$QUALITY_REPORT" | grep -o \'[0-9.]*\')\n        THRESHOLD=95\n        \n        if (( $(echo "$QUALITY_SCORE < $THRESHOLD" | bc -l) )); then\n            echo "❌ Quality score ($QUALITY_SCORE%) is below threshold ($THRESHOLD%)"\n            echo "⛔ Skipping daily aggregation"\n            exit 1\n        fi\n        \n        echo "✅ Quality score ($QUALITY_SCORE%) is above threshold - Running aggregation"\n        /opt/spark/bin/spark-submit --master local[2] --packages org.apache.hadoop:hadoop-aws:3.3.4             --name DailyInsightsAggregation /opt/spark/jobs/daily_aggregation.py\n        ']
[2025-12-08T09:54:23.382+0000] {subprocess.py:86} INFO - Output:
[2025-12-08T09:54:23.422+0000] {subprocess.py:93} INFO - /usr/bin/bash: line 14: bc: command not found
[2025-12-08T09:54:23.424+0000] {subprocess.py:93} INFO - ✅ Quality score (100.0%) is above threshold - Running aggregation
[2025-12-08T09:54:23.449+0000] {subprocess.py:93} INFO - /opt/spark/bin/load-spark-env.sh: line 68: ps: command not found
[2025-12-08T09:54:31.668+0000] {subprocess.py:93} INFO - :: loading settings :: url = jar:file:/opt/spark/jars/ivy-2.5.1.jar!/org/apache/ivy/core/settings/ivysettings.xml
[2025-12-08T09:54:32.085+0000] {subprocess.py:93} INFO - Ivy Default Cache set to: /home/***/.ivy2/cache
[2025-12-08T09:54:32.087+0000] {subprocess.py:93} INFO - The jars for the packages stored in: /home/***/.ivy2/jars
[2025-12-08T09:54:32.131+0000] {subprocess.py:93} INFO - org.apache.hadoop#hadoop-aws added as a dependency
[2025-12-08T09:54:32.150+0000] {subprocess.py:93} INFO - :: resolving dependencies :: org.apache.spark#spark-submit-parent-4d459df2-017b-40a3-baf6-4e70181032be;1.0
[2025-12-08T09:54:32.160+0000] {subprocess.py:93} INFO - 	confs: [default]
[2025-12-08T09:54:33.302+0000] {subprocess.py:93} INFO - 	found org.apache.hadoop#hadoop-aws;3.3.4 in central
[2025-12-08T09:54:33.392+0000] {subprocess.py:93} INFO - 	found com.amazonaws#aws-java-sdk-bundle;1.12.262 in central
[2025-12-08T09:54:33.468+0000] {subprocess.py:93} INFO - 	found org.wildfly.openssl#wildfly-openssl;1.0.7.Final in central
[2025-12-08T09:54:33.569+0000] {subprocess.py:93} INFO - :: resolution report :: resolve 1399ms :: artifacts dl 21ms
[2025-12-08T09:54:33.572+0000] {subprocess.py:93} INFO - 	:: modules in use:
[2025-12-08T09:54:33.576+0000] {subprocess.py:93} INFO - 	com.amazonaws#aws-java-sdk-bundle;1.12.262 from central in [default]
[2025-12-08T09:54:33.578+0000] {subprocess.py:93} INFO - 	org.apache.hadoop#hadoop-aws;3.3.4 from central in [default]
[2025-12-08T09:54:33.580+0000] {subprocess.py:93} INFO - 	org.wildfly.openssl#wildfly-openssl;1.0.7.Final from central in [default]
[2025-12-08T09:54:33.583+0000] {subprocess.py:93} INFO - 	---------------------------------------------------------------------
[2025-12-08T09:54:33.584+0000] {subprocess.py:93} INFO - 	|                  |            modules            ||   artifacts   |
[2025-12-08T09:54:33.589+0000] {subprocess.py:93} INFO - 	|       conf       | number| search|dwnlded|evicted|| number|dwnlded|
[2025-12-08T09:54:33.595+0000] {subprocess.py:93} INFO - 	---------------------------------------------------------------------
[2025-12-08T09:54:33.598+0000] {subprocess.py:93} INFO - 	|      default     |   3   |   0   |   0   |   0   ||   3   |   0   |
[2025-12-08T09:54:33.600+0000] {subprocess.py:93} INFO - 	---------------------------------------------------------------------
[2025-12-08T09:54:33.602+0000] {subprocess.py:93} INFO - :: retrieving :: org.apache.spark#spark-submit-parent-4d459df2-017b-40a3-baf6-4e70181032be
[2025-12-08T09:54:33.606+0000] {subprocess.py:93} INFO - 	confs: [default]
[2025-12-08T09:54:33.609+0000] {subprocess.py:93} INFO - 	0 artifacts copied, 3 already retrieved (0kB/24ms)
[2025-12-08T09:54:34.522+0000] {subprocess.py:93} INFO - 25/12/08 09:54:34 WARN NativeCodeLoader: Unable to load native-hadoop library for your platform... using builtin-java classes where applicable
[2025-12-08T09:54:38.009+0000] {subprocess.py:93} INFO - ============================================================
[2025-12-08T09:54:38.011+0000] {subprocess.py:93} INFO - 🚀 DAILY AGGREGATION JOB STARTED
[2025-12-08T09:54:38.013+0000] {subprocess.py:93} INFO -    Timestamp: 2025-12-08 09:54:38.008886
[2025-12-08T09:54:38.014+0000] {subprocess.py:93} INFO - ============================================================
[2025-12-08T09:54:38.481+0000] {subprocess.py:93} INFO - 25/12/08 09:54:38 INFO SparkContext: Running Spark version 3.5.0
[2025-12-08T09:54:38.483+0000] {subprocess.py:93} INFO - 25/12/08 09:54:38 INFO SparkContext: OS info Linux, 6.6.87.2-microsoft-standard-WSL2, amd64
[2025-12-08T09:54:38.487+0000] {subprocess.py:93} INFO - 25/12/08 09:54:38 INFO SparkContext: Java version 17.0.17
[2025-12-08T09:54:38.578+0000] {subprocess.py:93} INFO - 25/12/08 09:54:38 INFO ResourceUtils: ==============================================================
[2025-12-08T09:54:38.579+0000] {subprocess.py:93} INFO - 25/12/08 09:54:38 INFO ResourceUtils: No custom resources configured for spark.driver.
[2025-12-08T09:54:38.581+0000] {subprocess.py:93} INFO - 25/12/08 09:54:38 INFO ResourceUtils: ==============================================================
[2025-12-08T09:54:38.583+0000] {subprocess.py:93} INFO - 25/12/08 09:54:38 INFO SparkContext: Submitted application: DailyAggregation
[2025-12-08T09:54:38.654+0000] {subprocess.py:93} INFO - 25/12/08 09:54:38 INFO ResourceProfile: Default ResourceProfile created, executor resources: Map(cores -> name: cores, amount: 1, script: , vendor: , memory -> name: memory, amount: 1024, script: , vendor: , offHeap -> name: offHeap, amount: 0, script: , vendor: ), task resources: Map(cpus -> name: cpus, amount: 1.0)
[2025-12-08T09:54:38.672+0000] {subprocess.py:93} INFO - 25/12/08 09:54:38 INFO ResourceProfile: Limiting resource is cpu
[2025-12-08T09:54:38.675+0000] {subprocess.py:93} INFO - 25/12/08 09:54:38 INFO ResourceProfileManager: Added ResourceProfile id: 0
[2025-12-08T09:54:38.842+0000] {subprocess.py:93} INFO - 25/12/08 09:54:38 INFO SecurityManager: Changing view acls to: ***
[2025-12-08T09:54:38.844+0000] {subprocess.py:93} INFO - 25/12/08 09:54:38 INFO SecurityManager: Changing modify acls to: ***
[2025-12-08T09:54:38.845+0000] {subprocess.py:93} INFO - 25/12/08 09:54:38 INFO SecurityManager: Changing view acls groups to:
[2025-12-08T09:54:38.846+0000] {subprocess.py:93} INFO - 25/12/08 09:54:38 INFO SecurityManager: Changing modify acls groups to:
[2025-12-08T09:54:38.847+0000] {subprocess.py:93} INFO - 25/12/08 09:54:38 INFO SecurityManager: SecurityManager: authentication disabled; ui acls disabled; users with view permissions: ***; groups with view permissions: EMPTY; users with modify permissions: ***; groups with modify permissions: EMPTY
[2025-12-08T09:54:39.641+0000] {subprocess.py:93} INFO - 25/12/08 09:54:39 INFO Utils: Successfully started service 'sparkDriver' on port 37845.
[2025-12-08T09:54:39.786+0000] {subprocess.py:93} INFO - 25/12/08 09:54:39 INFO SparkEnv: Registering MapOutputTracker
[2025-12-08T09:54:39.909+0000] {subprocess.py:93} INFO - 25/12/08 09:54:39 INFO SparkEnv: Registering BlockManagerMaster
[2025-12-08T09:54:40.006+0000] {subprocess.py:93} INFO - 25/12/08 09:54:40 INFO BlockManagerMasterEndpoint: Using org.apache.spark.storage.DefaultTopologyMapper for getting topology information
[2025-12-08T09:54:40.007+0000] {subprocess.py:93} INFO - 25/12/08 09:54:40 INFO BlockManagerMasterEndpoint: BlockManagerMasterEndpoint up
[2025-12-08T09:54:40.035+0000] {subprocess.py:93} INFO - 25/12/08 09:54:40 INFO SparkEnv: Registering BlockManagerMasterHeartbeat
[2025-12-08T09:54:40.178+0000] {subprocess.py:93} INFO - 25/12/08 09:54:40 INFO DiskBlockManager: Created local directory at /tmp/blockmgr-526b93e5-e08f-42ab-addb-8a432849aec2
[2025-12-08T09:54:40.202+0000] {subprocess.py:93} INFO - 25/12/08 09:54:40 INFO MemoryStore: MemoryStore started with capacity 434.4 MiB
[2025-12-08T09:54:40.229+0000] {subprocess.py:93} INFO - 25/12/08 09:54:40 INFO SparkEnv: Registering OutputCommitCoordinator
[2025-12-08T09:54:40.496+0000] {subprocess.py:93} INFO - 25/12/08 09:54:40 INFO JettyUtils: Start Jetty 0.0.0.0:4040 for SparkUI
[2025-12-08T09:54:40.619+0000] {subprocess.py:93} INFO - 25/12/08 09:54:40 WARN Utils: Service 'SparkUI' could not bind on port 4040. Attempting port 4041.
[2025-12-08T09:54:40.634+0000] {subprocess.py:93} INFO - 25/12/08 09:54:40 INFO Utils: Successfully started service 'SparkUI' on port 4041.
[2025-12-08T09:54:40.752+0000] {subprocess.py:93} INFO - 25/12/08 09:54:40 INFO SparkContext: Added JAR file:///home/***/.ivy2/jars/org.apache.hadoop_hadoop-aws-3.3.4.jar at spark://3db08845f297:37845/jars/org.apache.hadoop_hadoop-aws-3.3.4.jar with timestamp 1765187678461
[2025-12-08T09:54:40.754+0000] {subprocess.py:93} INFO - 25/12/08 09:54:40 INFO SparkContext: Added JAR file:///home/***/.ivy2/jars/com.amazonaws_aws-java-sdk-bundle-1.12.262.jar at spark://3db08845f297:37845/jars/com.amazonaws_aws-java-sdk-bundle-1.12.262.jar with timestamp 1765187678461
[2025-12-08T09:54:40.755+0000] {subprocess.py:93} INFO - 25/12/08 09:54:40 INFO SparkContext: Added JAR file:///home/***/.ivy2/jars/org.wildfly.openssl_wildfly-openssl-1.0.7.Final.jar at spark://3db08845f297:37845/jars/org.wildfly.openssl_wildfly-openssl-1.0.7.Final.jar with timestamp 1765187678461
[2025-12-08T09:54:40.766+0000] {subprocess.py:93} INFO - 25/12/08 09:54:40 INFO SparkContext: Added file file:///home/***/.ivy2/jars/org.apache.hadoop_hadoop-aws-3.3.4.jar at file:///home/***/.ivy2/jars/org.apache.hadoop_hadoop-aws-3.3.4.jar with timestamp 1765187678461
[2025-12-08T09:54:40.771+0000] {subprocess.py:93} INFO - 25/12/08 09:54:40 INFO Utils: Copying /home/***/.ivy2/jars/org.apache.hadoop_hadoop-aws-3.3.4.jar to /tmp/spark-afa1e0dc-d129-4359-99c0-cbf2a86a8fba/userFiles-98268cf7-cdf2-4165-abfc-85d72de4066a/org.apache.hadoop_hadoop-aws-3.3.4.jar
[2025-12-08T09:54:41.014+0000] {subprocess.py:93} INFO - 25/12/08 09:54:41 INFO SparkContext: Added file file:///home/***/.ivy2/jars/com.amazonaws_aws-java-sdk-bundle-1.12.262.jar at file:///home/***/.ivy2/jars/com.amazonaws_aws-java-sdk-bundle-1.12.262.jar with timestamp 1765187678461
[2025-12-08T09:54:41.017+0000] {subprocess.py:93} INFO - 25/12/08 09:54:41 INFO Utils: Copying /home/***/.ivy2/jars/com.amazonaws_aws-java-sdk-bundle-1.12.262.jar to /tmp/spark-afa1e0dc-d129-4359-99c0-cbf2a86a8fba/userFiles-98268cf7-cdf2-4165-abfc-85d72de4066a/com.amazonaws_aws-java-sdk-bundle-1.12.262.jar
[2025-12-08T09:54:47.615+0000] {subprocess.py:93} INFO - 25/12/08 09:54:47 INFO SparkContext: Added file file:///home/***/.ivy2/jars/org.wildfly.openssl_wildfly-openssl-1.0.7.Final.jar at file:///home/***/.ivy2/jars/org.wildfly.openssl_wildfly-openssl-1.0.7.Final.jar with timestamp 1765187678461
[2025-12-08T09:54:47.648+0000] {subprocess.py:93} INFO - 25/12/08 09:54:47 INFO Utils: Copying /home/***/.ivy2/jars/org.wildfly.openssl_wildfly-openssl-1.0.7.Final.jar to /tmp/spark-afa1e0dc-d129-4359-99c0-cbf2a86a8fba/userFiles-98268cf7-cdf2-4165-abfc-85d72de4066a/org.wildfly.openssl_wildfly-openssl-1.0.7.Final.jar
[2025-12-08T09:54:48.600+0000] {subprocess.py:93} INFO - 25/12/08 09:54:48 INFO Executor: Starting executor ID driver on host 3db08845f297
[2025-12-08T09:54:48.602+0000] {subprocess.py:93} INFO - 25/12/08 09:54:48 INFO Executor: OS info Linux, 6.6.87.2-microsoft-standard-WSL2, amd64
[2025-12-08T09:54:48.603+0000] {subprocess.py:93} INFO - 25/12/08 09:54:48 INFO Executor: Java version 17.0.17
[2025-12-08T09:54:48.622+0000] {subprocess.py:93} INFO - 25/12/08 09:54:48 INFO Executor: Starting executor with user classpath (userClassPathFirst = false): ''
[2025-12-08T09:54:48.623+0000] {subprocess.py:93} INFO - 25/12/08 09:54:48 INFO Executor: Created or updated repl class loader org.apache.spark.util.MutableURLClassLoader@27ef2167 for default.
[2025-12-08T09:54:48.658+0000] {subprocess.py:93} INFO - 25/12/08 09:54:48 INFO Executor: Fetching file:///home/***/.ivy2/jars/com.amazonaws_aws-java-sdk-bundle-1.12.262.jar with timestamp 1765187678461
[2025-12-08T09:54:52.463+0000] {subprocess.py:93} INFO - 25/12/08 09:54:52 INFO Utils: /home/***/.ivy2/jars/com.amazonaws_aws-java-sdk-bundle-1.12.262.jar has been previously copied to /tmp/spark-afa1e0dc-d129-4359-99c0-cbf2a86a8fba/userFiles-98268cf7-cdf2-4165-abfc-85d72de4066a/com.amazonaws_aws-java-sdk-bundle-1.12.262.jar
[2025-12-08T09:54:52.479+0000] {subprocess.py:93} INFO - 25/12/08 09:54:52 INFO Executor: Fetching file:///home/***/.ivy2/jars/org.wildfly.openssl_wildfly-openssl-1.0.7.Final.jar with timestamp 1765187678461
[2025-12-08T09:54:52.483+0000] {subprocess.py:93} INFO - 25/12/08 09:54:52 INFO Utils: /home/***/.ivy2/jars/org.wildfly.openssl_wildfly-openssl-1.0.7.Final.jar has been previously copied to /tmp/spark-afa1e0dc-d129-4359-99c0-cbf2a86a8fba/userFiles-98268cf7-cdf2-4165-abfc-85d72de4066a/org.wildfly.openssl_wildfly-openssl-1.0.7.Final.jar
[2025-12-08T09:54:52.496+0000] {subprocess.py:93} INFO - 25/12/08 09:54:52 INFO Executor: Fetching file:///home/***/.ivy2/jars/org.apache.hadoop_hadoop-aws-3.3.4.jar with timestamp 1765187678461
[2025-12-08T09:54:52.510+0000] {subprocess.py:93} INFO - 25/12/08 09:54:52 INFO Utils: /home/***/.ivy2/jars/org.apache.hadoop_hadoop-aws-3.3.4.jar has been previously copied to /tmp/spark-afa1e0dc-d129-4359-99c0-cbf2a86a8fba/userFiles-98268cf7-cdf2-4165-abfc-85d72de4066a/org.apache.hadoop_hadoop-aws-3.3.4.jar
[2025-12-08T09:54:52.529+0000] {subprocess.py:93} INFO - 25/12/08 09:54:52 INFO Executor: Fetching spark://3db08845f297:37845/jars/org.apache.hadoop_hadoop-aws-3.3.4.jar with timestamp 1765187678461
[2025-12-08T09:54:52.755+0000] {subprocess.py:93} INFO - 25/12/08 09:54:52 INFO TransportClientFactory: Successfully created connection to 3db08845f297/172.20.0.9:37845 after 160 ms (0 ms spent in bootstraps)
[2025-12-08T09:54:52.808+0000] {subprocess.py:93} INFO - 25/12/08 09:54:52 INFO Utils: Fetching spark://3db08845f297:37845/jars/org.apache.hadoop_hadoop-aws-3.3.4.jar to /tmp/spark-afa1e0dc-d129-4359-99c0-cbf2a86a8fba/userFiles-98268cf7-cdf2-4165-abfc-85d72de4066a/fetchFileTemp5613768148074284539.tmp
[2025-12-08T09:54:53.275+0000] {subprocess.py:93} INFO - 25/12/08 09:54:53 INFO Utils: /tmp/spark-afa1e0dc-d129-4359-99c0-cbf2a86a8fba/userFiles-98268cf7-cdf2-4165-abfc-85d72de4066a/fetchFileTemp5613768148074284539.tmp has been previously copied to /tmp/spark-afa1e0dc-d129-4359-99c0-cbf2a86a8fba/userFiles-98268cf7-cdf2-4165-abfc-85d72de4066a/org.apache.hadoop_hadoop-aws-3.3.4.jar
[2025-12-08T09:54:53.312+0000] {subprocess.py:93} INFO - 25/12/08 09:54:53 INFO Executor: Adding file:/tmp/spark-afa1e0dc-d129-4359-99c0-cbf2a86a8fba/userFiles-98268cf7-cdf2-4165-abfc-85d72de4066a/org.apache.hadoop_hadoop-aws-3.3.4.jar to class loader default
[2025-12-08T09:54:53.314+0000] {subprocess.py:93} INFO - 25/12/08 09:54:53 INFO Executor: Fetching spark://3db08845f297:37845/jars/org.wildfly.openssl_wildfly-openssl-1.0.7.Final.jar with timestamp 1765187678461
[2025-12-08T09:54:53.316+0000] {subprocess.py:93} INFO - 25/12/08 09:54:53 INFO Utils: Fetching spark://3db08845f297:37845/jars/org.wildfly.openssl_wildfly-openssl-1.0.7.Final.jar to /tmp/spark-afa1e0dc-d129-4359-99c0-cbf2a86a8fba/userFiles-98268cf7-cdf2-4165-abfc-85d72de4066a/fetchFileTemp16913570526624728763.tmp
[2025-12-08T09:54:53.332+0000] {subprocess.py:93} INFO - 25/12/08 09:54:53 INFO Utils: /tmp/spark-afa1e0dc-d129-4359-99c0-cbf2a86a8fba/userFiles-98268cf7-cdf2-4165-abfc-85d72de4066a/fetchFileTemp16913570526624728763.tmp has been previously copied to /tmp/spark-afa1e0dc-d129-4359-99c0-cbf2a86a8fba/userFiles-98268cf7-cdf2-4165-abfc-85d72de4066a/org.wildfly.openssl_wildfly-openssl-1.0.7.Final.jar
[2025-12-08T09:54:53.348+0000] {subprocess.py:93} INFO - 25/12/08 09:54:53 INFO Executor: Adding file:/tmp/spark-afa1e0dc-d129-4359-99c0-cbf2a86a8fba/userFiles-98268cf7-cdf2-4165-abfc-85d72de4066a/org.wildfly.openssl_wildfly-openssl-1.0.7.Final.jar to class loader default
[2025-12-08T09:54:53.349+0000] {subprocess.py:93} INFO - 25/12/08 09:54:53 INFO Executor: Fetching spark://3db08845f297:37845/jars/com.amazonaws_aws-java-sdk-bundle-1.12.262.jar with timestamp 1765187678461
[2025-12-08T09:54:53.355+0000] {subprocess.py:93} INFO - 25/12/08 09:54:53 INFO Utils: Fetching spark://3db08845f297:37845/jars/com.amazonaws_aws-java-sdk-bundle-1.12.262.jar to /tmp/spark-afa1e0dc-d129-4359-99c0-cbf2a86a8fba/userFiles-98268cf7-cdf2-4165-abfc-85d72de4066a/fetchFileTemp2848035568101979796.tmp
[2025-12-08T09:55:12.167+0000] {subprocess.py:93} INFO - 25/12/08 09:55:11 INFO Executor: Told to re-register on heartbeat
[2025-12-08T09:55:12.291+0000] {subprocess.py:93} INFO - 25/12/08 09:55:12 INFO BlockManager: BlockManager null re-registering with master
[2025-12-08T09:55:12.292+0000] {subprocess.py:93} INFO - 25/12/08 09:55:12 INFO BlockManagerMaster: Registering BlockManager null
[2025-12-08T09:55:12.437+0000] {subprocess.py:93} INFO - 25/12/08 09:55:12 ERROR Inbox: Ignoring error
[2025-12-08T09:55:12.438+0000] {subprocess.py:93} INFO - java.lang.NullPointerException: Cannot invoke "org.apache.spark.storage.BlockManagerId.executorId()" because "idWithoutTopologyInfo" is null
[2025-12-08T09:55:12.440+0000] {subprocess.py:93} INFO - 	at org.apache.spark.storage.BlockManagerMasterEndpoint.org$apache$spark$storage$BlockManagerMasterEndpoint$$register(BlockManagerMasterEndpoint.scala:677)
[2025-12-08T09:55:12.442+0000] {subprocess.py:93} INFO - 	at org.apache.spark.storage.BlockManagerMasterEndpoint$$anonfun$receiveAndReply$1.applyOrElse(BlockManagerMasterEndpoint.scala:133)
[2025-12-08T09:55:12.442+0000] {subprocess.py:93} INFO - 	at org.apache.spark.rpc.netty.Inbox.$anonfun$process$1(Inbox.scala:103)
[2025-12-08T09:55:12.443+0000] {subprocess.py:93} INFO - 	at org.apache.spark.rpc.netty.Inbox.safelyCall(Inbox.scala:213)
[2025-12-08T09:55:12.444+0000] {subprocess.py:93} INFO - 	at org.apache.spark.rpc.netty.Inbox.process(Inbox.scala:100)
[2025-12-08T09:55:12.445+0000] {subprocess.py:93} INFO - 	at org.apache.spark.rpc.netty.MessageLoop.org$apache$spark$rpc$netty$MessageLoop$$receiveLoop(MessageLoop.scala:75)
[2025-12-08T09:55:12.447+0000] {subprocess.py:93} INFO - 	at org.apache.spark.rpc.netty.MessageLoop$$anon$1.run(MessageLoop.scala:41)
[2025-12-08T09:55:12.448+0000] {subprocess.py:93} INFO - 	at java.base/java.util.concurrent.ThreadPoolExecutor.runWorker(ThreadPoolExecutor.java:1136)
[2025-12-08T09:55:12.450+0000] {subprocess.py:93} INFO - 	at java.base/java.util.concurrent.ThreadPoolExecutor$Worker.run(ThreadPoolExecutor.java:635)
[2025-12-08T09:55:12.452+0000] {subprocess.py:93} INFO - 	at java.base/java.lang.Thread.run(Thread.java:840)
[2025-12-08T09:55:12.453+0000] {subprocess.py:93} INFO - 25/12/08 09:55:12 WARN Executor: Issue communicating with driver in heartbeater
[2025-12-08T09:55:12.453+0000] {subprocess.py:93} INFO - org.apache.spark.SparkException: Exception thrown in awaitResult:
[2025-12-08T09:55:12.454+0000] {subprocess.py:93} INFO - 	at org.apache.spark.util.SparkThreadUtils$.awaitResult(SparkThreadUtils.scala:56)
[2025-12-08T09:55:12.455+0000] {subprocess.py:93} INFO - 	at org.apache.spark.util.ThreadUtils$.awaitResult(ThreadUtils.scala:310)
[2025-12-08T09:55:12.455+0000] {subprocess.py:93} INFO - 	at org.apache.spark.rpc.RpcTimeout.awaitResult(RpcTimeout.scala:75)
[2025-12-08T09:55:12.666+0000] {subprocess.py:93} INFO - 	at org.apache.spark.rpc.RpcEndpointRef.askSync(RpcEndpointRef.scala:101)
[2025-12-08T09:55:12.667+0000] {subprocess.py:93} INFO - 	at org.apache.spark.rpc.RpcEndpointRef.askSync(RpcEndpointRef.scala:85)
[2025-12-08T09:55:12.668+0000] {subprocess.py:93} INFO - 	at org.apache.spark.storage.BlockManagerMaster.registerBlockManager(BlockManagerMaster.scala:80)
[2025-12-08T09:55:12.669+0000] {subprocess.py:93} INFO - 	at org.apache.spark.storage.BlockManager.reregister(BlockManager.scala:642)
[2025-12-08T09:55:12.670+0000] {subprocess.py:93} INFO - 	at org.apache.spark.executor.Executor.reportHeartBeat(Executor.scala:1223)
[2025-12-08T09:55:12.671+0000] {subprocess.py:93} INFO - 	at org.apache.spark.executor.Executor.$anonfun$heartbeater$1(Executor.scala:295)
[2025-12-08T09:55:12.672+0000] {subprocess.py:93} INFO - 	at scala.runtime.java8.JFunction0$mcV$sp.apply(JFunction0$mcV$sp.java:23)
[2025-12-08T09:55:12.673+0000] {subprocess.py:93} INFO - 	at org.apache.spark.util.Utils$.logUncaughtExceptions(Utils.scala:1928)
[2025-12-08T09:55:12.679+0000] {subprocess.py:93} INFO - 	at org.apache.spark.Heartbeater$$anon$1.run(Heartbeater.scala:46)
[2025-12-08T09:55:12.680+0000] {subprocess.py:93} INFO - 	at java.base/java.util.concurrent.Executors$RunnableAdapter.call(Executors.java:539)
[2025-12-08T09:55:12.681+0000] {subprocess.py:93} INFO - 	at java.base/java.util.concurrent.FutureTask.runAndReset(FutureTask.java:305)
[2025-12-08T09:55:12.682+0000] {subprocess.py:93} INFO - 	at java.base/java.util.concurrent.ScheduledThreadPoolExecutor$ScheduledFutureTask.run(ScheduledThreadPoolExecutor.java:305)
[2025-12-08T09:55:12.684+0000] {subprocess.py:93} INFO - 	at java.base/java.util.concurrent.ThreadPoolExecutor.runWorker(ThreadPoolExecutor.java:1136)
[2025-12-08T09:55:12.685+0000] {subprocess.py:93} INFO - 	at java.base/java.util.concurrent.ThreadPoolExecutor$Worker.run(ThreadPoolExecutor.java:635)
[2025-12-08T09:55:12.686+0000] {subprocess.py:93} INFO - 	at java.base/java.lang.Thread.run(Thread.java:840)
[2025-12-08T09:55:12.687+0000] {subprocess.py:93} INFO - Caused by: java.lang.NullPointerException: Cannot invoke "org.apache.spark.storage.BlockManagerId.executorId()" because "idWithoutTopologyInfo" is null
[2025-12-08T09:55:12.688+0000] {subprocess.py:93} INFO - 	at org.apache.spark.storage.BlockManagerMasterEndpoint.org$apache$spark$storage$BlockManagerMasterEndpoint$$register(BlockManagerMasterEndpoint.scala:677)
[2025-12-08T09:55:12.688+0000] {subprocess.py:93} INFO - 	at org.apache.spark.storage.BlockManagerMasterEndpoint$$anonfun$receiveAndReply$1.applyOrElse(BlockManagerMasterEndpoint.scala:133)
[2025-12-08T09:55:12.689+0000] {subprocess.py:93} INFO - 	at org.apache.spark.rpc.netty.Inbox.$anonfun$process$1(Inbox.scala:103)
[2025-12-08T09:55:12.690+0000] {subprocess.py:93} INFO - 	at org.apache.spark.rpc.netty.Inbox.safelyCall(Inbox.scala:213)
[2025-12-08T09:55:12.691+0000] {subprocess.py:93} INFO - 	at org.apache.spark.rpc.netty.Inbox.process(Inbox.scala:100)
[2025-12-08T09:55:12.692+0000] {subprocess.py:93} INFO - 	at org.apache.spark.rpc.netty.MessageLoop.org$apache$spark$rpc$netty$MessageLoop$$receiveLoop(MessageLoop.scala:75)
[2025-12-08T09:55:12.693+0000] {subprocess.py:93} INFO - 	at org.apache.spark.rpc.netty.MessageLoop$$anon$1.run(MessageLoop.scala:41)
[2025-12-08T09:55:12.695+0000] {subprocess.py:93} INFO - 	... 3 more
[2025-12-08T09:55:13.324+0000] {subprocess.py:93} INFO - 25/12/08 09:55:13 INFO Utils: /tmp/spark-afa1e0dc-d129-4359-99c0-cbf2a86a8fba/userFiles-98268cf7-cdf2-4165-abfc-85d72de4066a/fetchFileTemp2848035568101979796.tmp has been previously copied to /tmp/spark-afa1e0dc-d129-4359-99c0-cbf2a86a8fba/userFiles-98268cf7-cdf2-4165-abfc-85d72de4066a/com.amazonaws_aws-java-sdk-bundle-1.12.262.jar
[2025-12-08T09:55:13.376+0000] {subprocess.py:93} INFO - 25/12/08 09:55:13 INFO Executor: Adding file:/tmp/spark-afa1e0dc-d129-4359-99c0-cbf2a86a8fba/userFiles-98268cf7-cdf2-4165-abfc-85d72de4066a/com.amazonaws_aws-java-sdk-bundle-1.12.262.jar to class loader default
[2025-12-08T09:55:13.542+0000] {subprocess.py:93} INFO - 25/12/08 09:55:13 INFO Utils: Successfully started service 'org.apache.spark.network.netty.NettyBlockTransferService' on port 40637.
[2025-12-08T09:55:13.543+0000] {subprocess.py:93} INFO - 25/12/08 09:55:13 INFO NettyBlockTransferService: Server created on 3db08845f297:40637
[2025-12-08T09:55:13.556+0000] {subprocess.py:93} INFO - 25/12/08 09:55:13 INFO BlockManager: Using org.apache.spark.storage.RandomBlockReplicationPolicy for block replication policy
[2025-12-08T09:55:13.606+0000] {subprocess.py:93} INFO - 25/12/08 09:55:13 INFO BlockManagerMaster: Registering BlockManager BlockManagerId(driver, 3db08845f297, 40637, None)
[2025-12-08T09:55:13.631+0000] {subprocess.py:93} INFO - 25/12/08 09:55:13 INFO BlockManagerMasterEndpoint: Registering block manager 3db08845f297:40637 with 434.4 MiB RAM, BlockManagerId(driver, 3db08845f297, 40637, None)
[2025-12-08T09:55:13.642+0000] {subprocess.py:93} INFO - 25/12/08 09:55:13 INFO BlockManagerMaster: Registered BlockManager BlockManagerId(driver, 3db08845f297, 40637, None)
[2025-12-08T09:55:13.647+0000] {subprocess.py:93} INFO - 25/12/08 09:55:13 INFO BlockManager: Initialized BlockManager: BlockManagerId(driver, 3db08845f297, 40637, None)
[2025-12-08T09:55:16.034+0000] {subprocess.py:93} INFO - 📌 Step 1: Reading Bronze layer from MinIO...
[2025-12-08T09:55:16.061+0000] {subprocess.py:93} INFO - 25/12/08 09:55:16 INFO SharedState: Setting hive.metastore.warehouse.dir ('null') to the value of spark.sql.warehouse.dir.
[2025-12-08T09:55:16.077+0000] {subprocess.py:93} INFO - 25/12/08 09:55:16 INFO SharedState: Warehouse path is 'file:/tmp/***tmpxmtxh1_r/spark-warehouse'.
[2025-12-08T09:55:19.254+0000] {subprocess.py:93} INFO - 25/12/08 09:55:19 WARN MetricsConfig: Cannot locate configuration: tried hadoop-metrics2-s3a-file-system.properties,hadoop-metrics2.properties
[2025-12-08T09:55:19.345+0000] {subprocess.py:93} INFO - 25/12/08 09:55:19 INFO MetricsSystemImpl: Scheduled Metric snapshot period at 10 second(s).
[2025-12-08T09:55:19.349+0000] {subprocess.py:93} INFO - 25/12/08 09:55:19 INFO MetricsSystemImpl: s3a-file-system metrics system started
[2025-12-08T09:55:18.411+0000] {local_task_job_runner.py:121} ERROR - Received SIGTERM. Terminating subprocesses
[2025-12-08T09:55:18.721+0000] {process_utils.py:131} INFO - Sending 15 to group 179. PIDs of all processes in the group: [181, 194, 308, 179]
[2025-12-08T09:55:18.749+0000] {process_utils.py:86} INFO - Sending the signal 15 to group 179
[2025-12-08T09:55:18.766+0000] {taskinstance.py:2450} ERROR - Received SIGTERM. Terminating subprocesses.
[2025-12-08T09:55:18.781+0000] {subprocess.py:104} INFO - Sending SIGTERM signal to process group
[2025-12-08T09:55:19.032+0000] {process_utils.py:79} INFO - Process psutil.Process(pid=308, status='terminated', started='09:54:35') (308) terminated with exit code None
[2025-12-08T09:55:19.703+0000] {taskinstance.py:2698} ERROR - Task failed with exception
Traceback (most recent call last):
  File "/home/airflow/.local/lib/python3.8/site-packages/airflow/models/taskinstance.py", line 428, in _execute_task
    result = execute_callable(context=context, **execute_callable_kwargs)
  File "/home/airflow/.local/lib/python3.8/site-packages/airflow/operators/bash.py", line 203, in execute
    result = self.subprocess_hook.run_command(
  File "/home/airflow/.local/lib/python3.8/site-packages/airflow/hooks/subprocess.py", line 91, in run_command
    for raw_line in iter(self.sub_process.stdout.readline, b""):
  File "/home/airflow/.local/lib/python3.8/site-packages/airflow/models/taskinstance.py", line 2452, in signal_handler
    raise AirflowException("Task received SIGTERM signal")
airflow.exceptions.AirflowException: Task received SIGTERM signal
[2025-12-08T09:55:19.816+0000] {taskinstance.py:1138} INFO - Marking task as FAILED. dag_id=email_intelligence_pipeline, task_id=daily_insights_aggregation, execution_date=20251208T092241, start_date=20251208T095422, end_date=20251208T095519
