[2025-12-10T15:03:14.943+0000] {taskinstance.py:1956} INFO - Dependencies all met for dep_context=non-requeueable deps ti=<TaskInstance: email_intelligence_pipeline.export_to_postgres manual__2025-12-10T14:01:37.048102+00:00 [queued]>
[2025-12-10T15:03:14.968+0000] {taskinstance.py:1956} INFO - Dependencies all met for dep_context=requeueable deps ti=<TaskInstance: email_intelligence_pipeline.export_to_postgres manual__2025-12-10T14:01:37.048102+00:00 [queued]>
[2025-12-10T15:03:14.969+0000] {taskinstance.py:2170} INFO - Starting attempt 1 of 1
[2025-12-10T15:03:14.997+0000] {taskinstance.py:2191} INFO - Executing <Task(BashOperator): export_to_postgres> on 2025-12-10 14:01:37.048102+00:00
[2025-12-10T15:03:15.004+0000] {standard_task_runner.py:60} INFO - Started process 989 to run task
[2025-12-10T15:03:15.012+0000] {standard_task_runner.py:87} INFO - Running: ['***', 'tasks', 'run', 'email_intelligence_pipeline', 'export_to_postgres', 'manual__2025-12-10T14:01:37.048102+00:00', '--job-id', '49', '--raw', '--subdir', 'DAGS_FOLDER/email_pipeline_dag.py', '--cfg-path', '/tmp/tmpd4_fma3v']
[2025-12-10T15:03:15.017+0000] {standard_task_runner.py:88} INFO - Job 49: Subtask export_to_postgres
[2025-12-10T15:03:15.132+0000] {task_command.py:423} INFO - Running <TaskInstance: email_intelligence_pipeline.export_to_postgres manual__2025-12-10T14:01:37.048102+00:00 [running]> on host 2be59bfabb7a
[2025-12-10T15:03:15.296+0000] {taskinstance.py:2480} INFO - Exporting env vars: AIRFLOW_CTX_DAG_OWNER='data_team' AIRFLOW_CTX_DAG_ID='email_intelligence_pipeline' AIRFLOW_CTX_TASK_ID='export_to_postgres' AIRFLOW_CTX_EXECUTION_DATE='2025-12-10T14:01:37.048102+00:00' AIRFLOW_CTX_TRY_NUMBER='1' AIRFLOW_CTX_DAG_RUN_ID='manual__2025-12-10T14:01:37.048102+00:00'
[2025-12-10T15:03:15.300+0000] {subprocess.py:63} INFO - Tmp dir root location: /tmp
[2025-12-10T15:03:15.303+0000] {subprocess.py:75} INFO - Running command: ['/usr/bin/bash', '-c', '/opt/spark/bin/spark-submit --master local[2] --packages org.apache.hadoop:hadoop-aws:3.3.4,org.postgresql:postgresql:42.7.1 --name GoldToPostgres /opt/spark/jobs/gold_to_postgres.py']
[2025-12-10T15:03:15.318+0000] {subprocess.py:86} INFO - Output:
[2025-12-10T15:03:15.336+0000] {subprocess.py:93} INFO - /opt/spark/bin/load-spark-env.sh: line 68: ps: command not found
[2025-12-10T15:03:18.677+0000] {subprocess.py:93} INFO - :: loading settings :: url = jar:file:/opt/spark/jars/ivy-2.5.1.jar!/org/apache/ivy/core/settings/ivysettings.xml
[2025-12-10T15:03:18.792+0000] {subprocess.py:93} INFO - Ivy Default Cache set to: /home/***/.ivy2/cache
[2025-12-10T15:03:18.793+0000] {subprocess.py:93} INFO - The jars for the packages stored in: /home/***/.ivy2/jars
[2025-12-10T15:03:18.797+0000] {subprocess.py:93} INFO - org.apache.hadoop#hadoop-aws added as a dependency
[2025-12-10T15:03:18.798+0000] {subprocess.py:93} INFO - org.postgresql#postgresql added as a dependency
[2025-12-10T15:03:18.799+0000] {subprocess.py:93} INFO - :: resolving dependencies :: org.apache.spark#spark-submit-parent-40f61971-04f4-4fd4-b43f-8c978f64f2ab;1.0
[2025-12-10T15:03:18.800+0000] {subprocess.py:93} INFO - 	confs: [default]
[2025-12-10T15:03:18.998+0000] {subprocess.py:93} INFO - 	found org.apache.hadoop#hadoop-aws;3.3.4 in central
[2025-12-10T15:03:19.032+0000] {subprocess.py:93} INFO - 	found com.amazonaws#aws-java-sdk-bundle;1.12.262 in central
[2025-12-10T15:03:19.064+0000] {subprocess.py:93} INFO - 	found org.wildfly.openssl#wildfly-openssl;1.0.7.Final in central
[2025-12-10T15:03:20.051+0000] {subprocess.py:93} INFO - 	found org.postgresql#postgresql;42.7.1 in central
[2025-12-10T15:03:20.310+0000] {subprocess.py:93} INFO - 	found org.checkerframework#checker-qual;3.41.0 in central
[2025-12-10T15:03:20.468+0000] {subprocess.py:93} INFO - downloading https://repo1.maven.org/maven2/org/postgresql/postgresql/42.7.1/postgresql-42.7.1.jar ...
[2025-12-10T15:03:20.741+0000] {subprocess.py:93} INFO - 	[SUCCESSFUL ] org.postgresql#postgresql;42.7.1!postgresql.jar (421ms)
[2025-12-10T15:03:20.835+0000] {subprocess.py:93} INFO - downloading https://repo1.maven.org/maven2/org/checkerframework/checker-qual/3.41.0/checker-qual-3.41.0.jar ...
[2025-12-10T15:03:20.962+0000] {subprocess.py:93} INFO - 	[SUCCESSFUL ] org.checkerframework#checker-qual;3.41.0!checker-qual.jar (217ms)
[2025-12-10T15:03:20.964+0000] {subprocess.py:93} INFO - :: resolution report :: resolve 1517ms :: artifacts dl 646ms
[2025-12-10T15:03:20.965+0000] {subprocess.py:93} INFO - 	:: modules in use:
[2025-12-10T15:03:20.966+0000] {subprocess.py:93} INFO - 	com.amazonaws#aws-java-sdk-bundle;1.12.262 from central in [default]
[2025-12-10T15:03:20.967+0000] {subprocess.py:93} INFO - 	org.apache.hadoop#hadoop-aws;3.3.4 from central in [default]
[2025-12-10T15:03:20.968+0000] {subprocess.py:93} INFO - 	org.checkerframework#checker-qual;3.41.0 from central in [default]
[2025-12-10T15:03:20.968+0000] {subprocess.py:93} INFO - 	org.postgresql#postgresql;42.7.1 from central in [default]
[2025-12-10T15:03:20.969+0000] {subprocess.py:93} INFO - 	org.wildfly.openssl#wildfly-openssl;1.0.7.Final from central in [default]
[2025-12-10T15:03:20.970+0000] {subprocess.py:93} INFO - 	---------------------------------------------------------------------
[2025-12-10T15:03:20.970+0000] {subprocess.py:93} INFO - 	|                  |            modules            ||   artifacts   |
[2025-12-10T15:03:20.971+0000] {subprocess.py:93} INFO - 	|       conf       | number| search|dwnlded|evicted|| number|dwnlded|
[2025-12-10T15:03:20.973+0000] {subprocess.py:93} INFO - 	---------------------------------------------------------------------
[2025-12-10T15:03:20.974+0000] {subprocess.py:93} INFO - 	|      default     |   5   |   2   |   2   |   0   ||   5   |   2   |
[2025-12-10T15:03:20.975+0000] {subprocess.py:93} INFO - 	---------------------------------------------------------------------
[2025-12-10T15:03:20.976+0000] {subprocess.py:93} INFO - :: retrieving :: org.apache.spark#spark-submit-parent-40f61971-04f4-4fd4-b43f-8c978f64f2ab
[2025-12-10T15:03:20.977+0000] {subprocess.py:93} INFO - 	confs: [default]
[2025-12-10T15:03:20.984+0000] {subprocess.py:93} INFO - 	2 artifacts copied, 3 already retrieved (1282kB/14ms)
[2025-12-10T15:03:21.328+0000] {subprocess.py:93} INFO - 25/12/10 15:03:21 WARN NativeCodeLoader: Unable to load native-hadoop library for your platform... using builtin-java classes where applicable
[2025-12-10T15:03:24.743+0000] {subprocess.py:93} INFO - 
[2025-12-10T15:03:24.744+0000] {subprocess.py:93} INFO - ============================================================
[2025-12-10T15:03:24.744+0000] {subprocess.py:93} INFO - 🚀 GOLD TO POSTGRESQL EXPORT JOB STARTED
[2025-12-10T15:03:24.745+0000] {subprocess.py:93} INFO -    Timestamp: 2025-12-10 15:03:24.743117
[2025-12-10T15:03:24.746+0000] {subprocess.py:93} INFO - ============================================================
[2025-12-10T15:03:25.513+0000] {subprocess.py:93} INFO - 25/12/10 15:03:25 INFO SparkContext: Running Spark version 3.5.0
[2025-12-10T15:03:25.514+0000] {subprocess.py:93} INFO - 25/12/10 15:03:25 INFO SparkContext: OS info Linux, 6.6.87.2-microsoft-standard-WSL2, amd64
[2025-12-10T15:03:25.516+0000] {subprocess.py:93} INFO - 25/12/10 15:03:25 INFO SparkContext: Java version 17.0.17
[2025-12-10T15:03:25.594+0000] {subprocess.py:93} INFO - 25/12/10 15:03:25 INFO ResourceUtils: ==============================================================
[2025-12-10T15:03:25.595+0000] {subprocess.py:93} INFO - 25/12/10 15:03:25 INFO ResourceUtils: No custom resources configured for spark.driver.
[2025-12-10T15:03:25.596+0000] {subprocess.py:93} INFO - 25/12/10 15:03:25 INFO ResourceUtils: ==============================================================
[2025-12-10T15:03:25.599+0000] {subprocess.py:93} INFO - 25/12/10 15:03:25 INFO SparkContext: Submitted application: GoldToPostgres
[2025-12-10T15:03:25.659+0000] {subprocess.py:93} INFO - 25/12/10 15:03:25 INFO ResourceProfile: Default ResourceProfile created, executor resources: Map(cores -> name: cores, amount: 1, script: , vendor: , memory -> name: memory, amount: 1024, script: , vendor: , offHeap -> name: offHeap, amount: 0, script: , vendor: ), task resources: Map(cpus -> name: cpus, amount: 1.0)
[2025-12-10T15:03:25.677+0000] {subprocess.py:93} INFO - 25/12/10 15:03:25 INFO ResourceProfile: Limiting resource is cpu
[2025-12-10T15:03:25.679+0000] {subprocess.py:93} INFO - 25/12/10 15:03:25 INFO ResourceProfileManager: Added ResourceProfile id: 0
[2025-12-10T15:03:25.861+0000] {subprocess.py:93} INFO - 25/12/10 15:03:25 INFO SecurityManager: Changing view acls to: ***
[2025-12-10T15:03:25.863+0000] {subprocess.py:93} INFO - 25/12/10 15:03:25 INFO SecurityManager: Changing modify acls to: ***
[2025-12-10T15:03:25.865+0000] {subprocess.py:93} INFO - 25/12/10 15:03:25 INFO SecurityManager: Changing view acls groups to:
[2025-12-10T15:03:25.867+0000] {subprocess.py:93} INFO - 25/12/10 15:03:25 INFO SecurityManager: Changing modify acls groups to:
[2025-12-10T15:03:25.871+0000] {subprocess.py:93} INFO - 25/12/10 15:03:25 INFO SecurityManager: SecurityManager: authentication disabled; ui acls disabled; users with view permissions: ***; groups with view permissions: EMPTY; users with modify permissions: ***; groups with modify permissions: EMPTY
[2025-12-10T15:03:26.284+0000] {subprocess.py:93} INFO - 25/12/10 15:03:26 INFO Utils: Successfully started service 'sparkDriver' on port 45713.
[2025-12-10T15:03:26.353+0000] {subprocess.py:93} INFO - 25/12/10 15:03:26 INFO SparkEnv: Registering MapOutputTracker
[2025-12-10T15:03:26.454+0000] {subprocess.py:93} INFO - 25/12/10 15:03:26 INFO SparkEnv: Registering BlockManagerMaster
[2025-12-10T15:03:26.489+0000] {subprocess.py:93} INFO - 25/12/10 15:03:26 INFO BlockManagerMasterEndpoint: Using org.apache.spark.storage.DefaultTopologyMapper for getting topology information
[2025-12-10T15:03:26.491+0000] {subprocess.py:93} INFO - 25/12/10 15:03:26 INFO BlockManagerMasterEndpoint: BlockManagerMasterEndpoint up
[2025-12-10T15:03:26.497+0000] {subprocess.py:93} INFO - 25/12/10 15:03:26 INFO SparkEnv: Registering BlockManagerMasterHeartbeat
[2025-12-10T15:03:26.576+0000] {subprocess.py:93} INFO - 25/12/10 15:03:26 INFO DiskBlockManager: Created local directory at /tmp/blockmgr-912a3775-bd43-4742-ab93-af9ee8d60f2e
[2025-12-10T15:03:26.630+0000] {subprocess.py:93} INFO - 25/12/10 15:03:26 INFO MemoryStore: MemoryStore started with capacity 434.4 MiB
[2025-12-10T15:03:26.667+0000] {subprocess.py:93} INFO - 25/12/10 15:03:26 INFO SparkEnv: Registering OutputCommitCoordinator
[2025-12-10T15:03:26.823+0000] {subprocess.py:93} INFO - 25/12/10 15:03:26 INFO JettyUtils: Start Jetty 0.0.0.0:4040 for SparkUI
[2025-12-10T15:03:26.909+0000] {subprocess.py:93} INFO - 25/12/10 15:03:26 INFO Utils: Successfully started service 'SparkUI' on port 4040.
[2025-12-10T15:03:26.943+0000] {subprocess.py:93} INFO - 25/12/10 15:03:26 INFO SparkContext: Added JAR file:///home/***/.ivy2/jars/org.apache.hadoop_hadoop-aws-3.3.4.jar at spark://2be59bfabb7a:45713/jars/org.apache.hadoop_hadoop-aws-3.3.4.jar with timestamp 1765379005491
[2025-12-10T15:03:26.944+0000] {subprocess.py:93} INFO - 25/12/10 15:03:26 INFO SparkContext: Added JAR file:///home/***/.ivy2/jars/org.postgresql_postgresql-42.7.1.jar at spark://2be59bfabb7a:45713/jars/org.postgresql_postgresql-42.7.1.jar with timestamp 1765379005491
[2025-12-10T15:03:26.945+0000] {subprocess.py:93} INFO - 25/12/10 15:03:26 INFO SparkContext: Added JAR file:///home/***/.ivy2/jars/com.amazonaws_aws-java-sdk-bundle-1.12.262.jar at spark://2be59bfabb7a:45713/jars/com.amazonaws_aws-java-sdk-bundle-1.12.262.jar with timestamp 1765379005491
[2025-12-10T15:03:26.945+0000] {subprocess.py:93} INFO - 25/12/10 15:03:26 INFO SparkContext: Added JAR file:///home/***/.ivy2/jars/org.wildfly.openssl_wildfly-openssl-1.0.7.Final.jar at spark://2be59bfabb7a:45713/jars/org.wildfly.openssl_wildfly-openssl-1.0.7.Final.jar with timestamp 1765379005491
[2025-12-10T15:03:26.946+0000] {subprocess.py:93} INFO - 25/12/10 15:03:26 INFO SparkContext: Added JAR file:///home/***/.ivy2/jars/org.checkerframework_checker-qual-3.41.0.jar at spark://2be59bfabb7a:45713/jars/org.checkerframework_checker-qual-3.41.0.jar with timestamp 1765379005491
[2025-12-10T15:03:26.947+0000] {subprocess.py:93} INFO - 25/12/10 15:03:26 INFO SparkContext: Added file file:///home/***/.ivy2/jars/org.apache.hadoop_hadoop-aws-3.3.4.jar at file:///home/***/.ivy2/jars/org.apache.hadoop_hadoop-aws-3.3.4.jar with timestamp 1765379005491
[2025-12-10T15:03:26.948+0000] {subprocess.py:93} INFO - 25/12/10 15:03:26 INFO Utils: Copying /home/***/.ivy2/jars/org.apache.hadoop_hadoop-aws-3.3.4.jar to /tmp/spark-190d1df0-31f2-4c24-96b9-915e6c2e7116/userFiles-c72a381c-1ea5-490e-86ea-51bbf023c888/org.apache.hadoop_hadoop-aws-3.3.4.jar
[2025-12-10T15:03:26.966+0000] {subprocess.py:93} INFO - 25/12/10 15:03:26 INFO SparkContext: Added file file:///home/***/.ivy2/jars/org.postgresql_postgresql-42.7.1.jar at file:///home/***/.ivy2/jars/org.postgresql_postgresql-42.7.1.jar with timestamp 1765379005491
[2025-12-10T15:03:26.967+0000] {subprocess.py:93} INFO - 25/12/10 15:03:26 INFO Utils: Copying /home/***/.ivy2/jars/org.postgresql_postgresql-42.7.1.jar to /tmp/spark-190d1df0-31f2-4c24-96b9-915e6c2e7116/userFiles-c72a381c-1ea5-490e-86ea-51bbf023c888/org.postgresql_postgresql-42.7.1.jar
[2025-12-10T15:03:26.977+0000] {subprocess.py:93} INFO - 25/12/10 15:03:26 INFO SparkContext: Added file file:///home/***/.ivy2/jars/com.amazonaws_aws-java-sdk-bundle-1.12.262.jar at file:///home/***/.ivy2/jars/com.amazonaws_aws-java-sdk-bundle-1.12.262.jar with timestamp 1765379005491
[2025-12-10T15:03:26.978+0000] {subprocess.py:93} INFO - 25/12/10 15:03:26 INFO Utils: Copying /home/***/.ivy2/jars/com.amazonaws_aws-java-sdk-bundle-1.12.262.jar to /tmp/spark-190d1df0-31f2-4c24-96b9-915e6c2e7116/userFiles-c72a381c-1ea5-490e-86ea-51bbf023c888/com.amazonaws_aws-java-sdk-bundle-1.12.262.jar
[2025-12-10T15:03:31.091+0000] {subprocess.py:93} INFO - 25/12/10 15:03:31 INFO SparkContext: Added file file:///home/***/.ivy2/jars/org.wildfly.openssl_wildfly-openssl-1.0.7.Final.jar at file:///home/***/.ivy2/jars/org.wildfly.openssl_wildfly-openssl-1.0.7.Final.jar with timestamp 1765379005491
[2025-12-10T15:03:31.094+0000] {subprocess.py:93} INFO - 25/12/10 15:03:31 INFO Utils: Copying /home/***/.ivy2/jars/org.wildfly.openssl_wildfly-openssl-1.0.7.Final.jar to /tmp/spark-190d1df0-31f2-4c24-96b9-915e6c2e7116/userFiles-c72a381c-1ea5-490e-86ea-51bbf023c888/org.wildfly.openssl_wildfly-openssl-1.0.7.Final.jar
[2025-12-10T15:03:31.100+0000] {subprocess.py:93} INFO - 25/12/10 15:03:31 INFO SparkContext: Added file file:///home/***/.ivy2/jars/org.checkerframework_checker-qual-3.41.0.jar at file:///home/***/.ivy2/jars/org.checkerframework_checker-qual-3.41.0.jar with timestamp 1765379005491
[2025-12-10T15:03:31.102+0000] {subprocess.py:93} INFO - 25/12/10 15:03:31 INFO Utils: Copying /home/***/.ivy2/jars/org.checkerframework_checker-qual-3.41.0.jar to /tmp/spark-190d1df0-31f2-4c24-96b9-915e6c2e7116/userFiles-c72a381c-1ea5-490e-86ea-51bbf023c888/org.checkerframework_checker-qual-3.41.0.jar
[2025-12-10T15:03:31.179+0000] {subprocess.py:93} INFO - 25/12/10 15:03:31 INFO Executor: Starting executor ID driver on host 2be59bfabb7a
[2025-12-10T15:03:31.180+0000] {subprocess.py:93} INFO - 25/12/10 15:03:31 INFO Executor: OS info Linux, 6.6.87.2-microsoft-standard-WSL2, amd64
[2025-12-10T15:03:31.181+0000] {subprocess.py:93} INFO - 25/12/10 15:03:31 INFO Executor: Java version 17.0.17
[2025-12-10T15:03:31.187+0000] {subprocess.py:93} INFO - 25/12/10 15:03:31 INFO Executor: Starting executor with user classpath (userClassPathFirst = false): ''
[2025-12-10T15:03:31.188+0000] {subprocess.py:93} INFO - 25/12/10 15:03:31 INFO Executor: Created or updated repl class loader org.apache.spark.util.MutableURLClassLoader@6d901ef8 for default.
[2025-12-10T15:03:31.198+0000] {subprocess.py:93} INFO - 25/12/10 15:03:31 INFO Executor: Fetching file:///home/***/.ivy2/jars/org.apache.hadoop_hadoop-aws-3.3.4.jar with timestamp 1765379005491
[2025-12-10T15:03:31.211+0000] {subprocess.py:93} INFO - 25/12/10 15:03:31 INFO Utils: /home/***/.ivy2/jars/org.apache.hadoop_hadoop-aws-3.3.4.jar has been previously copied to /tmp/spark-190d1df0-31f2-4c24-96b9-915e6c2e7116/userFiles-c72a381c-1ea5-490e-86ea-51bbf023c888/org.apache.hadoop_hadoop-aws-3.3.4.jar
[2025-12-10T15:03:31.217+0000] {subprocess.py:93} INFO - 25/12/10 15:03:31 INFO Executor: Fetching file:///home/***/.ivy2/jars/org.checkerframework_checker-qual-3.41.0.jar with timestamp 1765379005491
[2025-12-10T15:03:31.219+0000] {subprocess.py:93} INFO - 25/12/10 15:03:31 INFO Utils: /home/***/.ivy2/jars/org.checkerframework_checker-qual-3.41.0.jar has been previously copied to /tmp/spark-190d1df0-31f2-4c24-96b9-915e6c2e7116/userFiles-c72a381c-1ea5-490e-86ea-51bbf023c888/org.checkerframework_checker-qual-3.41.0.jar
[2025-12-10T15:03:31.227+0000] {subprocess.py:93} INFO - 25/12/10 15:03:31 INFO Executor: Fetching file:///home/***/.ivy2/jars/org.wildfly.openssl_wildfly-openssl-1.0.7.Final.jar with timestamp 1765379005491
[2025-12-10T15:03:31.228+0000] {subprocess.py:93} INFO - 25/12/10 15:03:31 INFO Utils: /home/***/.ivy2/jars/org.wildfly.openssl_wildfly-openssl-1.0.7.Final.jar has been previously copied to /tmp/spark-190d1df0-31f2-4c24-96b9-915e6c2e7116/userFiles-c72a381c-1ea5-490e-86ea-51bbf023c888/org.wildfly.openssl_wildfly-openssl-1.0.7.Final.jar
[2025-12-10T15:03:31.235+0000] {subprocess.py:93} INFO - 25/12/10 15:03:31 INFO Executor: Fetching file:///home/***/.ivy2/jars/org.postgresql_postgresql-42.7.1.jar with timestamp 1765379005491
[2025-12-10T15:03:31.237+0000] {subprocess.py:93} INFO - 25/12/10 15:03:31 INFO Utils: /home/***/.ivy2/jars/org.postgresql_postgresql-42.7.1.jar has been previously copied to /tmp/spark-190d1df0-31f2-4c24-96b9-915e6c2e7116/userFiles-c72a381c-1ea5-490e-86ea-51bbf023c888/org.postgresql_postgresql-42.7.1.jar
[2025-12-10T15:03:31.243+0000] {subprocess.py:93} INFO - 25/12/10 15:03:31 INFO Executor: Fetching file:///home/***/.ivy2/jars/com.amazonaws_aws-java-sdk-bundle-1.12.262.jar with timestamp 1765379005491
[2025-12-10T15:03:31.397+0000] {subprocess.py:93} INFO - 25/12/10 15:03:31 INFO Utils: /home/***/.ivy2/jars/com.amazonaws_aws-java-sdk-bundle-1.12.262.jar has been previously copied to /tmp/spark-190d1df0-31f2-4c24-96b9-915e6c2e7116/userFiles-c72a381c-1ea5-490e-86ea-51bbf023c888/com.amazonaws_aws-java-sdk-bundle-1.12.262.jar
[2025-12-10T15:03:31.407+0000] {subprocess.py:93} INFO - 25/12/10 15:03:31 INFO Executor: Fetching spark://2be59bfabb7a:45713/jars/org.postgresql_postgresql-42.7.1.jar with timestamp 1765379005491
[2025-12-10T15:03:31.465+0000] {subprocess.py:93} INFO - 25/12/10 15:03:31 INFO TransportClientFactory: Successfully created connection to 2be59bfabb7a/172.19.0.9:45713 after 46 ms (0 ms spent in bootstraps)
[2025-12-10T15:03:31.477+0000] {subprocess.py:93} INFO - 25/12/10 15:03:31 INFO Utils: Fetching spark://2be59bfabb7a:45713/jars/org.postgresql_postgresql-42.7.1.jar to /tmp/spark-190d1df0-31f2-4c24-96b9-915e6c2e7116/userFiles-c72a381c-1ea5-490e-86ea-51bbf023c888/fetchFileTemp7773208358382925235.tmp
[2025-12-10T15:03:31.558+0000] {subprocess.py:93} INFO - 25/12/10 15:03:31 INFO Utils: /tmp/spark-190d1df0-31f2-4c24-96b9-915e6c2e7116/userFiles-c72a381c-1ea5-490e-86ea-51bbf023c888/fetchFileTemp7773208358382925235.tmp has been previously copied to /tmp/spark-190d1df0-31f2-4c24-96b9-915e6c2e7116/userFiles-c72a381c-1ea5-490e-86ea-51bbf023c888/org.postgresql_postgresql-42.7.1.jar
[2025-12-10T15:03:31.574+0000] {subprocess.py:93} INFO - 25/12/10 15:03:31 INFO Executor: Adding file:/tmp/spark-190d1df0-31f2-4c24-96b9-915e6c2e7116/userFiles-c72a381c-1ea5-490e-86ea-51bbf023c888/org.postgresql_postgresql-42.7.1.jar to class loader default
[2025-12-10T15:03:31.575+0000] {subprocess.py:93} INFO - 25/12/10 15:03:31 INFO Executor: Fetching spark://2be59bfabb7a:45713/jars/org.wildfly.openssl_wildfly-openssl-1.0.7.Final.jar with timestamp 1765379005491
[2025-12-10T15:03:31.575+0000] {subprocess.py:93} INFO - 25/12/10 15:03:31 INFO Utils: Fetching spark://2be59bfabb7a:45713/jars/org.wildfly.openssl_wildfly-openssl-1.0.7.Final.jar to /tmp/spark-190d1df0-31f2-4c24-96b9-915e6c2e7116/userFiles-c72a381c-1ea5-490e-86ea-51bbf023c888/fetchFileTemp13416895672413695622.tmp
[2025-12-10T15:03:31.587+0000] {subprocess.py:93} INFO - 25/12/10 15:03:31 INFO Utils: /tmp/spark-190d1df0-31f2-4c24-96b9-915e6c2e7116/userFiles-c72a381c-1ea5-490e-86ea-51bbf023c888/fetchFileTemp13416895672413695622.tmp has been previously copied to /tmp/spark-190d1df0-31f2-4c24-96b9-915e6c2e7116/userFiles-c72a381c-1ea5-490e-86ea-51bbf023c888/org.wildfly.openssl_wildfly-openssl-1.0.7.Final.jar
[2025-12-10T15:03:31.602+0000] {subprocess.py:93} INFO - 25/12/10 15:03:31 INFO Executor: Adding file:/tmp/spark-190d1df0-31f2-4c24-96b9-915e6c2e7116/userFiles-c72a381c-1ea5-490e-86ea-51bbf023c888/org.wildfly.openssl_wildfly-openssl-1.0.7.Final.jar to class loader default
[2025-12-10T15:03:31.603+0000] {subprocess.py:93} INFO - 25/12/10 15:03:31 INFO Executor: Fetching spark://2be59bfabb7a:45713/jars/com.amazonaws_aws-java-sdk-bundle-1.12.262.jar with timestamp 1765379005491
[2025-12-10T15:03:31.604+0000] {subprocess.py:93} INFO - 25/12/10 15:03:31 INFO Utils: Fetching spark://2be59bfabb7a:45713/jars/com.amazonaws_aws-java-sdk-bundle-1.12.262.jar to /tmp/spark-190d1df0-31f2-4c24-96b9-915e6c2e7116/userFiles-c72a381c-1ea5-490e-86ea-51bbf023c888/fetchFileTemp144027494465719313.tmp
[2025-12-10T15:03:34.886+0000] {subprocess.py:93} INFO - 25/12/10 15:03:34 INFO Utils: /tmp/spark-190d1df0-31f2-4c24-96b9-915e6c2e7116/userFiles-c72a381c-1ea5-490e-86ea-51bbf023c888/fetchFileTemp144027494465719313.tmp has been previously copied to /tmp/spark-190d1df0-31f2-4c24-96b9-915e6c2e7116/userFiles-c72a381c-1ea5-490e-86ea-51bbf023c888/com.amazonaws_aws-java-sdk-bundle-1.12.262.jar
[2025-12-10T15:03:34.917+0000] {subprocess.py:93} INFO - 25/12/10 15:03:34 INFO Executor: Adding file:/tmp/spark-190d1df0-31f2-4c24-96b9-915e6c2e7116/userFiles-c72a381c-1ea5-490e-86ea-51bbf023c888/com.amazonaws_aws-java-sdk-bundle-1.12.262.jar to class loader default
[2025-12-10T15:03:34.918+0000] {subprocess.py:93} INFO - 25/12/10 15:03:34 INFO Executor: Fetching spark://2be59bfabb7a:45713/jars/org.apache.hadoop_hadoop-aws-3.3.4.jar with timestamp 1765379005491
[2025-12-10T15:03:34.920+0000] {subprocess.py:93} INFO - 25/12/10 15:03:34 INFO Utils: Fetching spark://2be59bfabb7a:45713/jars/org.apache.hadoop_hadoop-aws-3.3.4.jar to /tmp/spark-190d1df0-31f2-4c24-96b9-915e6c2e7116/userFiles-c72a381c-1ea5-490e-86ea-51bbf023c888/fetchFileTemp17836869213071954011.tmp
[2025-12-10T15:03:34.926+0000] {subprocess.py:93} INFO - 25/12/10 15:03:34 INFO Utils: /tmp/spark-190d1df0-31f2-4c24-96b9-915e6c2e7116/userFiles-c72a381c-1ea5-490e-86ea-51bbf023c888/fetchFileTemp17836869213071954011.tmp has been previously copied to /tmp/spark-190d1df0-31f2-4c24-96b9-915e6c2e7116/userFiles-c72a381c-1ea5-490e-86ea-51bbf023c888/org.apache.hadoop_hadoop-aws-3.3.4.jar
[2025-12-10T15:03:34.932+0000] {subprocess.py:93} INFO - 25/12/10 15:03:34 INFO Executor: Adding file:/tmp/spark-190d1df0-31f2-4c24-96b9-915e6c2e7116/userFiles-c72a381c-1ea5-490e-86ea-51bbf023c888/org.apache.hadoop_hadoop-aws-3.3.4.jar to class loader default
[2025-12-10T15:03:34.933+0000] {subprocess.py:93} INFO - 25/12/10 15:03:34 INFO Executor: Fetching spark://2be59bfabb7a:45713/jars/org.checkerframework_checker-qual-3.41.0.jar with timestamp 1765379005491
[2025-12-10T15:03:34.934+0000] {subprocess.py:93} INFO - 25/12/10 15:03:34 INFO Utils: Fetching spark://2be59bfabb7a:45713/jars/org.checkerframework_checker-qual-3.41.0.jar to /tmp/spark-190d1df0-31f2-4c24-96b9-915e6c2e7116/userFiles-c72a381c-1ea5-490e-86ea-51bbf023c888/fetchFileTemp17713624425649911210.tmp
[2025-12-10T15:03:34.935+0000] {subprocess.py:93} INFO - 25/12/10 15:03:34 INFO Utils: /tmp/spark-190d1df0-31f2-4c24-96b9-915e6c2e7116/userFiles-c72a381c-1ea5-490e-86ea-51bbf023c888/fetchFileTemp17713624425649911210.tmp has been previously copied to /tmp/spark-190d1df0-31f2-4c24-96b9-915e6c2e7116/userFiles-c72a381c-1ea5-490e-86ea-51bbf023c888/org.checkerframework_checker-qual-3.41.0.jar
[2025-12-10T15:03:34.941+0000] {subprocess.py:93} INFO - 25/12/10 15:03:34 INFO Executor: Adding file:/tmp/spark-190d1df0-31f2-4c24-96b9-915e6c2e7116/userFiles-c72a381c-1ea5-490e-86ea-51bbf023c888/org.checkerframework_checker-qual-3.41.0.jar to class loader default
[2025-12-10T15:03:34.951+0000] {subprocess.py:93} INFO - 25/12/10 15:03:34 INFO Utils: Successfully started service 'org.apache.spark.network.netty.NettyBlockTransferService' on port 38367.
[2025-12-10T15:03:34.952+0000] {subprocess.py:93} INFO - 25/12/10 15:03:34 INFO NettyBlockTransferService: Server created on 2be59bfabb7a:38367
[2025-12-10T15:03:34.954+0000] {subprocess.py:93} INFO - 25/12/10 15:03:34 INFO BlockManager: Using org.apache.spark.storage.RandomBlockReplicationPolicy for block replication policy
[2025-12-10T15:03:34.961+0000] {subprocess.py:93} INFO - 25/12/10 15:03:34 INFO BlockManagerMaster: Registering BlockManager BlockManagerId(driver, 2be59bfabb7a, 38367, None)
[2025-12-10T15:03:34.965+0000] {subprocess.py:93} INFO - 25/12/10 15:03:34 INFO BlockManagerMasterEndpoint: Registering block manager 2be59bfabb7a:38367 with 434.4 MiB RAM, BlockManagerId(driver, 2be59bfabb7a, 38367, None)
[2025-12-10T15:03:34.969+0000] {subprocess.py:93} INFO - 25/12/10 15:03:34 INFO BlockManagerMaster: Registered BlockManager BlockManagerId(driver, 2be59bfabb7a, 38367, None)
[2025-12-10T15:03:34.972+0000] {subprocess.py:93} INFO - 25/12/10 15:03:34 INFO BlockManager: Initialized BlockManager: BlockManagerId(driver, 2be59bfabb7a, 38367, None)
[2025-12-10T15:03:35.443+0000] {subprocess.py:93} INFO - 📌 Step 1: Reading Gold layer from MinIO...
[2025-12-10T15:03:35.456+0000] {subprocess.py:93} INFO - 25/12/10 15:03:35 INFO SharedState: Setting hive.metastore.warehouse.dir ('null') to the value of spark.sql.warehouse.dir.
[2025-12-10T15:03:35.458+0000] {subprocess.py:93} INFO - 25/12/10 15:03:35 INFO SharedState: Warehouse path is 'file:/tmp/***tmpc4hlxlmj/spark-warehouse'.
[2025-12-10T15:03:36.512+0000] {subprocess.py:93} INFO - 25/12/10 15:03:36 WARN MetricsConfig: Cannot locate configuration: tried hadoop-metrics2-s3a-file-system.properties,hadoop-metrics2.properties
[2025-12-10T15:03:36.534+0000] {subprocess.py:93} INFO - 25/12/10 15:03:36 INFO MetricsSystemImpl: Scheduled Metric snapshot period at 10 second(s).
[2025-12-10T15:03:36.535+0000] {subprocess.py:93} INFO - 25/12/10 15:03:36 INFO MetricsSystemImpl: s3a-file-system metrics system started
[2025-12-10T15:03:37.461+0000] {subprocess.py:93} INFO - 25/12/10 15:03:37 INFO InMemoryFileIndex: It took 80 ms to list leaf files for 1 paths.
[2025-12-10T15:03:38.319+0000] {subprocess.py:93} INFO - 25/12/10 15:03:38 INFO SparkContext: Starting job: parquet at NativeMethodAccessorImpl.java:0
[2025-12-10T15:03:38.347+0000] {subprocess.py:93} INFO - 25/12/10 15:03:38 INFO DAGScheduler: Got job 0 (parquet at NativeMethodAccessorImpl.java:0) with 1 output partitions
[2025-12-10T15:03:38.348+0000] {subprocess.py:93} INFO - 25/12/10 15:03:38 INFO DAGScheduler: Final stage: ResultStage 0 (parquet at NativeMethodAccessorImpl.java:0)
[2025-12-10T15:03:38.349+0000] {subprocess.py:93} INFO - 25/12/10 15:03:38 INFO DAGScheduler: Parents of final stage: List()
[2025-12-10T15:03:38.350+0000] {subprocess.py:93} INFO - 25/12/10 15:03:38 INFO DAGScheduler: Missing parents: List()
[2025-12-10T15:03:38.354+0000] {subprocess.py:93} INFO - 25/12/10 15:03:38 INFO DAGScheduler: Submitting ResultStage 0 (MapPartitionsRDD[1] at parquet at NativeMethodAccessorImpl.java:0), which has no missing parents
[2025-12-10T15:03:38.487+0000] {subprocess.py:93} INFO - 25/12/10 15:03:38 INFO MemoryStore: Block broadcast_0 stored as values in memory (estimated size 106.5 KiB, free 434.3 MiB)
[2025-12-10T15:03:38.635+0000] {subprocess.py:93} INFO - 25/12/10 15:03:38 INFO MemoryStore: Block broadcast_0_piece0 stored as bytes in memory (estimated size 38.5 KiB, free 434.3 MiB)
[2025-12-10T15:03:38.641+0000] {subprocess.py:93} INFO - 25/12/10 15:03:38 INFO BlockManagerInfo: Added broadcast_0_piece0 in memory on 2be59bfabb7a:38367 (size: 38.5 KiB, free: 434.4 MiB)
[2025-12-10T15:03:38.645+0000] {subprocess.py:93} INFO - 25/12/10 15:03:38 INFO SparkContext: Created broadcast 0 from broadcast at DAGScheduler.scala:1580
[2025-12-10T15:03:38.674+0000] {subprocess.py:93} INFO - 25/12/10 15:03:38 INFO DAGScheduler: Submitting 1 missing tasks from ResultStage 0 (MapPartitionsRDD[1] at parquet at NativeMethodAccessorImpl.java:0) (first 15 tasks are for partitions Vector(0))
[2025-12-10T15:03:38.676+0000] {subprocess.py:93} INFO - 25/12/10 15:03:38 INFO TaskSchedulerImpl: Adding task set 0.0 with 1 tasks resource profile 0
[2025-12-10T15:03:38.778+0000] {subprocess.py:93} INFO - 25/12/10 15:03:38 INFO TaskSetManager: Starting task 0.0 in stage 0.0 (TID 0) (2be59bfabb7a, executor driver, partition 0, PROCESS_LOCAL, 8811 bytes)
[2025-12-10T15:03:38.828+0000] {subprocess.py:93} INFO - 25/12/10 15:03:38 INFO Executor: Running task 0.0 in stage 0.0 (TID 0)
[2025-12-10T15:03:39.281+0000] {subprocess.py:93} INFO - 25/12/10 15:03:39 INFO S3AInputStream: Switching to Random IO seek policy
[2025-12-10T15:03:39.777+0000] {subprocess.py:93} INFO - 25/12/10 15:03:39 INFO Executor: Finished task 0.0 in stage 0.0 (TID 0). 2033 bytes result sent to driver
[2025-12-10T15:03:39.797+0000] {subprocess.py:93} INFO - 25/12/10 15:03:39 INFO TaskSetManager: Finished task 0.0 in stage 0.0 (TID 0) in 1070 ms on 2be59bfabb7a (executor driver) (1/1)
[2025-12-10T15:03:39.801+0000] {subprocess.py:93} INFO - 25/12/10 15:03:39 INFO TaskSchedulerImpl: Removed TaskSet 0.0, whose tasks have all completed, from pool
[2025-12-10T15:03:39.812+0000] {subprocess.py:93} INFO - 25/12/10 15:03:39 INFO DAGScheduler: ResultStage 0 (parquet at NativeMethodAccessorImpl.java:0) finished in 1.422 s
[2025-12-10T15:03:39.818+0000] {subprocess.py:93} INFO - 25/12/10 15:03:39 INFO DAGScheduler: Job 0 is finished. Cancelling potential speculative or zombie tasks for this job
[2025-12-10T15:03:39.820+0000] {subprocess.py:93} INFO - 25/12/10 15:03:39 INFO TaskSchedulerImpl: Killing all running tasks in stage 0: Stage finished
[2025-12-10T15:03:39.826+0000] {subprocess.py:93} INFO - 25/12/10 15:03:39 INFO DAGScheduler: Job 0 finished: parquet at NativeMethodAccessorImpl.java:0, took 1.505462 s
[2025-12-10T15:03:40.461+0000] {subprocess.py:93} INFO - 25/12/10 15:03:40 INFO BlockManagerInfo: Removed broadcast_0_piece0 on 2be59bfabb7a:38367 in memory (size: 38.5 KiB, free: 434.4 MiB)
[2025-12-10T15:03:41.331+0000] {subprocess.py:93} INFO - 25/12/10 15:03:41 INFO FileSourceStrategy: Pushed Filters:
[2025-12-10T15:03:41.332+0000] {subprocess.py:93} INFO - 25/12/10 15:03:41 INFO FileSourceStrategy: Post-Scan Filters:
[2025-12-10T15:03:41.665+0000] {subprocess.py:93} INFO - 25/12/10 15:03:41 INFO CodeGenerator: Code generated in 152.894394 ms
[2025-12-10T15:03:41.683+0000] {subprocess.py:93} INFO - 25/12/10 15:03:41 INFO MemoryStore: Block broadcast_1 stored as values in memory (estimated size 205.5 KiB, free 434.2 MiB)
[2025-12-10T15:03:41.693+0000] {subprocess.py:93} INFO - 25/12/10 15:03:41 INFO MemoryStore: Block broadcast_1_piece0 stored as bytes in memory (estimated size 36.1 KiB, free 434.2 MiB)
[2025-12-10T15:03:41.694+0000] {subprocess.py:93} INFO - 25/12/10 15:03:41 INFO BlockManagerInfo: Added broadcast_1_piece0 in memory on 2be59bfabb7a:38367 (size: 36.1 KiB, free: 434.4 MiB)
[2025-12-10T15:03:41.696+0000] {subprocess.py:93} INFO - 25/12/10 15:03:41 INFO SparkContext: Created broadcast 1 from count at NativeMethodAccessorImpl.java:0
[2025-12-10T15:03:41.712+0000] {subprocess.py:93} INFO - 25/12/10 15:03:41 INFO FileSourceScanExec: Planning scan with bin packing, max size: 4194304 bytes, open cost is considered as scanning 4194304 bytes.
[2025-12-10T15:03:41.766+0000] {subprocess.py:93} INFO - 25/12/10 15:03:41 INFO DAGScheduler: Registering RDD 5 (count at NativeMethodAccessorImpl.java:0) as input to shuffle 0
[2025-12-10T15:03:41.774+0000] {subprocess.py:93} INFO - 25/12/10 15:03:41 INFO DAGScheduler: Got map stage job 1 (count at NativeMethodAccessorImpl.java:0) with 1 output partitions
[2025-12-10T15:03:41.775+0000] {subprocess.py:93} INFO - 25/12/10 15:03:41 INFO DAGScheduler: Final stage: ShuffleMapStage 1 (count at NativeMethodAccessorImpl.java:0)
[2025-12-10T15:03:41.776+0000] {subprocess.py:93} INFO - 25/12/10 15:03:41 INFO DAGScheduler: Parents of final stage: List()
[2025-12-10T15:03:41.777+0000] {subprocess.py:93} INFO - 25/12/10 15:03:41 INFO DAGScheduler: Missing parents: List()
[2025-12-10T15:03:41.778+0000] {subprocess.py:93} INFO - 25/12/10 15:03:41 INFO DAGScheduler: Submitting ShuffleMapStage 1 (MapPartitionsRDD[5] at count at NativeMethodAccessorImpl.java:0), which has no missing parents
[2025-12-10T15:03:41.811+0000] {subprocess.py:93} INFO - 25/12/10 15:03:41 INFO MemoryStore: Block broadcast_2 stored as values in memory (estimated size 16.8 KiB, free 434.1 MiB)
[2025-12-10T15:03:41.814+0000] {subprocess.py:93} INFO - 25/12/10 15:03:41 INFO MemoryStore: Block broadcast_2_piece0 stored as bytes in memory (estimated size 7.7 KiB, free 434.1 MiB)
[2025-12-10T15:03:41.816+0000] {subprocess.py:93} INFO - 25/12/10 15:03:41 INFO BlockManagerInfo: Added broadcast_2_piece0 in memory on 2be59bfabb7a:38367 (size: 7.7 KiB, free: 434.4 MiB)
[2025-12-10T15:03:41.817+0000] {subprocess.py:93} INFO - 25/12/10 15:03:41 INFO SparkContext: Created broadcast 2 from broadcast at DAGScheduler.scala:1580
[2025-12-10T15:03:41.820+0000] {subprocess.py:93} INFO - 25/12/10 15:03:41 INFO DAGScheduler: Submitting 1 missing tasks from ShuffleMapStage 1 (MapPartitionsRDD[5] at count at NativeMethodAccessorImpl.java:0) (first 15 tasks are for partitions Vector(0))
[2025-12-10T15:03:41.822+0000] {subprocess.py:93} INFO - 25/12/10 15:03:41 INFO TaskSchedulerImpl: Adding task set 1.0 with 1 tasks resource profile 0
[2025-12-10T15:03:41.829+0000] {subprocess.py:93} INFO - 25/12/10 15:03:41 INFO TaskSetManager: Starting task 0.0 in stage 1.0 (TID 1) (2be59bfabb7a, executor driver, partition 0, PROCESS_LOCAL, 9305 bytes)
[2025-12-10T15:03:41.831+0000] {subprocess.py:93} INFO - 25/12/10 15:03:41 INFO Executor: Running task 0.0 in stage 1.0 (TID 1)
[2025-12-10T15:03:41.888+0000] {subprocess.py:93} INFO - 25/12/10 15:03:41 INFO CodeGenerator: Code generated in 12.482151 ms
[2025-12-10T15:03:41.900+0000] {subprocess.py:93} INFO - 25/12/10 15:03:41 INFO FileScanRDD: Reading File path: s3a://datalake/gold/daily_summary/part-00000-6edd323d-0547-448c-b4f4-4f1d837aacc5-c000.snappy.parquet, range: 0-1867, partition values: [empty row]
[2025-12-10T15:03:41.918+0000] {subprocess.py:93} INFO - 25/12/10 15:03:41 INFO S3AInputStream: Switching to Random IO seek policy
[2025-12-10T15:03:42.019+0000] {subprocess.py:93} INFO - 25/12/10 15:03:42 INFO Executor: Finished task 0.0 in stage 1.0 (TID 1). 2179 bytes result sent to driver
[2025-12-10T15:03:42.023+0000] {subprocess.py:93} INFO - 25/12/10 15:03:42 INFO TaskSetManager: Finished task 0.0 in stage 1.0 (TID 1) in 200 ms on 2be59bfabb7a (executor driver) (1/1)
[2025-12-10T15:03:42.024+0000] {subprocess.py:93} INFO - 25/12/10 15:03:42 INFO TaskSchedulerImpl: Removed TaskSet 1.0, whose tasks have all completed, from pool
[2025-12-10T15:03:42.026+0000] {subprocess.py:93} INFO - 25/12/10 15:03:42 INFO DAGScheduler: ShuffleMapStage 1 (count at NativeMethodAccessorImpl.java:0) finished in 0.243 s
[2025-12-10T15:03:42.027+0000] {subprocess.py:93} INFO - 25/12/10 15:03:42 INFO DAGScheduler: looking for newly runnable stages
[2025-12-10T15:03:42.027+0000] {subprocess.py:93} INFO - 25/12/10 15:03:42 INFO DAGScheduler: running: Set()
[2025-12-10T15:03:42.028+0000] {subprocess.py:93} INFO - 25/12/10 15:03:42 INFO DAGScheduler: waiting: Set()
[2025-12-10T15:03:42.029+0000] {subprocess.py:93} INFO - 25/12/10 15:03:42 INFO DAGScheduler: failed: Set()
[2025-12-10T15:03:42.061+0000] {subprocess.py:93} INFO - 25/12/10 15:03:42 INFO CodeGenerator: Code generated in 9.723763 ms
[2025-12-10T15:03:42.082+0000] {subprocess.py:93} INFO - 25/12/10 15:03:42 INFO SparkContext: Starting job: count at NativeMethodAccessorImpl.java:0
[2025-12-10T15:03:42.085+0000] {subprocess.py:93} INFO - 25/12/10 15:03:42 INFO DAGScheduler: Got job 2 (count at NativeMethodAccessorImpl.java:0) with 1 output partitions
[2025-12-10T15:03:42.086+0000] {subprocess.py:93} INFO - 25/12/10 15:03:42 INFO DAGScheduler: Final stage: ResultStage 3 (count at NativeMethodAccessorImpl.java:0)
[2025-12-10T15:03:42.089+0000] {subprocess.py:93} INFO - 25/12/10 15:03:42 INFO DAGScheduler: Parents of final stage: List(ShuffleMapStage 2)
[2025-12-10T15:03:42.091+0000] {subprocess.py:93} INFO - 25/12/10 15:03:42 INFO DAGScheduler: Missing parents: List()
[2025-12-10T15:03:42.092+0000] {subprocess.py:93} INFO - 25/12/10 15:03:42 INFO DAGScheduler: Submitting ResultStage 3 (MapPartitionsRDD[8] at count at NativeMethodAccessorImpl.java:0), which has no missing parents
[2025-12-10T15:03:42.102+0000] {subprocess.py:93} INFO - 25/12/10 15:03:42 INFO MemoryStore: Block broadcast_3 stored as values in memory (estimated size 12.5 KiB, free 434.1 MiB)
[2025-12-10T15:03:42.106+0000] {subprocess.py:93} INFO - 25/12/10 15:03:42 INFO MemoryStore: Block broadcast_3_piece0 stored as bytes in memory (estimated size 5.9 KiB, free 434.1 MiB)
[2025-12-10T15:03:42.107+0000] {subprocess.py:93} INFO - 25/12/10 15:03:42 INFO BlockManagerInfo: Added broadcast_3_piece0 in memory on 2be59bfabb7a:38367 (size: 5.9 KiB, free: 434.4 MiB)
[2025-12-10T15:03:42.109+0000] {subprocess.py:93} INFO - 25/12/10 15:03:42 INFO SparkContext: Created broadcast 3 from broadcast at DAGScheduler.scala:1580
[2025-12-10T15:03:42.109+0000] {subprocess.py:93} INFO - 25/12/10 15:03:42 INFO DAGScheduler: Submitting 1 missing tasks from ResultStage 3 (MapPartitionsRDD[8] at count at NativeMethodAccessorImpl.java:0) (first 15 tasks are for partitions Vector(0))
[2025-12-10T15:03:42.110+0000] {subprocess.py:93} INFO - 25/12/10 15:03:42 INFO TaskSchedulerImpl: Adding task set 3.0 with 1 tasks resource profile 0
[2025-12-10T15:03:42.114+0000] {subprocess.py:93} INFO - 25/12/10 15:03:42 INFO TaskSetManager: Starting task 0.0 in stage 3.0 (TID 2) (2be59bfabb7a, executor driver, partition 0, NODE_LOCAL, 8652 bytes)
[2025-12-10T15:03:42.116+0000] {subprocess.py:93} INFO - 25/12/10 15:03:42 INFO Executor: Running task 0.0 in stage 3.0 (TID 2)
[2025-12-10T15:03:42.165+0000] {subprocess.py:93} INFO - 25/12/10 15:03:42 INFO ShuffleBlockFetcherIterator: Getting 1 (60.0 B) non-empty blocks including 1 (60.0 B) local and 0 (0.0 B) host-local and 0 (0.0 B) push-merged-local and 0 (0.0 B) remote blocks
[2025-12-10T15:03:42.170+0000] {subprocess.py:93} INFO - 25/12/10 15:03:42 INFO ShuffleBlockFetcherIterator: Started 0 remote fetches in 22 ms
[2025-12-10T15:03:42.192+0000] {subprocess.py:93} INFO - 25/12/10 15:03:42 INFO CodeGenerator: Code generated in 14.944992 ms
[2025-12-10T15:03:42.203+0000] {subprocess.py:93} INFO - 25/12/10 15:03:42 INFO Executor: Finished task 0.0 in stage 3.0 (TID 2). 4038 bytes result sent to driver
[2025-12-10T15:03:42.208+0000] {subprocess.py:93} INFO - 25/12/10 15:03:42 INFO TaskSetManager: Finished task 0.0 in stage 3.0 (TID 2) in 95 ms on 2be59bfabb7a (executor driver) (1/1)
[2025-12-10T15:03:42.211+0000] {subprocess.py:93} INFO - 25/12/10 15:03:42 INFO TaskSchedulerImpl: Removed TaskSet 3.0, whose tasks have all completed, from pool
[2025-12-10T15:03:42.213+0000] {subprocess.py:93} INFO - 25/12/10 15:03:42 INFO DAGScheduler: ResultStage 3 (count at NativeMethodAccessorImpl.java:0) finished in 0.112 s
[2025-12-10T15:03:42.214+0000] {subprocess.py:93} INFO - 25/12/10 15:03:42 INFO DAGScheduler: Job 2 is finished. Cancelling potential speculative or zombie tasks for this job
[2025-12-10T15:03:42.214+0000] {subprocess.py:93} INFO - 25/12/10 15:03:42 INFO TaskSchedulerImpl: Killing all running tasks in stage 3: Stage finished
[2025-12-10T15:03:42.215+0000] {subprocess.py:93} INFO - 25/12/10 15:03:42 INFO DAGScheduler: Job 2 finished: count at NativeMethodAccessorImpl.java:0, took 0.129058 s
[2025-12-10T15:03:42.219+0000] {subprocess.py:93} INFO - ✅ Gold layer loaded: 2 records
[2025-12-10T15:03:42.222+0000] {subprocess.py:93} INFO - 
[2025-12-10T15:03:42.223+0000] {subprocess.py:93} INFO - 📌 Step 2: Exporting to PostgreSQL table 'email_daily_summary'...
[2025-12-10T15:03:42.825+0000] {subprocess.py:93} INFO - 25/12/10 15:03:42 INFO FileSourceStrategy: Pushed Filters:
[2025-12-10T15:03:42.827+0000] {subprocess.py:93} INFO - 25/12/10 15:03:42 INFO FileSourceStrategy: Post-Scan Filters:
[2025-12-10T15:03:42.898+0000] {subprocess.py:93} INFO - 25/12/10 15:03:42 INFO CodeGenerator: Code generated in 34.976031 ms
[2025-12-10T15:03:42.912+0000] {subprocess.py:93} INFO - 25/12/10 15:03:42 INFO MemoryStore: Block broadcast_4 stored as values in memory (estimated size 206.2 KiB, free 433.9 MiB)
[2025-12-10T15:03:42.927+0000] {subprocess.py:93} INFO - 25/12/10 15:03:42 INFO MemoryStore: Block broadcast_4_piece0 stored as bytes in memory (estimated size 36.5 KiB, free 433.9 MiB)
[2025-12-10T15:03:42.928+0000] {subprocess.py:93} INFO - 25/12/10 15:03:42 INFO BlockManagerInfo: Added broadcast_4_piece0 in memory on 2be59bfabb7a:38367 (size: 36.5 KiB, free: 434.3 MiB)
[2025-12-10T15:03:42.929+0000] {subprocess.py:93} INFO - 25/12/10 15:03:42 INFO SparkContext: Created broadcast 4 from jdbc at NativeMethodAccessorImpl.java:0
[2025-12-10T15:03:42.932+0000] {subprocess.py:93} INFO - 25/12/10 15:03:42 INFO FileSourceScanExec: Planning scan with bin packing, max size: 4194304 bytes, open cost is considered as scanning 4194304 bytes.
[2025-12-10T15:03:43.038+0000] {subprocess.py:93} INFO - 25/12/10 15:03:43 INFO SparkContext: Starting job: jdbc at NativeMethodAccessorImpl.java:0
[2025-12-10T15:03:43.042+0000] {subprocess.py:93} INFO - 25/12/10 15:03:43 INFO DAGScheduler: Got job 3 (jdbc at NativeMethodAccessorImpl.java:0) with 1 output partitions
[2025-12-10T15:03:43.044+0000] {subprocess.py:93} INFO - 25/12/10 15:03:43 INFO DAGScheduler: Final stage: ResultStage 4 (jdbc at NativeMethodAccessorImpl.java:0)
[2025-12-10T15:03:43.045+0000] {subprocess.py:93} INFO - 25/12/10 15:03:43 INFO DAGScheduler: Parents of final stage: List()
[2025-12-10T15:03:43.046+0000] {subprocess.py:93} INFO - 25/12/10 15:03:43 INFO DAGScheduler: Missing parents: List()
[2025-12-10T15:03:43.047+0000] {subprocess.py:93} INFO - 25/12/10 15:03:43 INFO DAGScheduler: Submitting ResultStage 4 (MapPartitionsRDD[14] at jdbc at NativeMethodAccessorImpl.java:0), which has no missing parents
[2025-12-10T15:03:43.095+0000] {subprocess.py:93} INFO - 25/12/10 15:03:43 INFO MemoryStore: Block broadcast_5 stored as values in memory (estimated size 36.8 KiB, free 433.8 MiB)
[2025-12-10T15:03:43.104+0000] {subprocess.py:93} INFO - 25/12/10 15:03:43 INFO MemoryStore: Block broadcast_5_piece0 stored as bytes in memory (estimated size 16.0 KiB, free 433.8 MiB)
[2025-12-10T15:03:43.108+0000] {subprocess.py:93} INFO - 25/12/10 15:03:43 INFO BlockManagerInfo: Added broadcast_5_piece0 in memory on 2be59bfabb7a:38367 (size: 16.0 KiB, free: 434.3 MiB)
[2025-12-10T15:03:43.110+0000] {subprocess.py:93} INFO - 25/12/10 15:03:43 INFO SparkContext: Created broadcast 5 from broadcast at DAGScheduler.scala:1580
[2025-12-10T15:03:43.112+0000] {subprocess.py:93} INFO - 25/12/10 15:03:43 INFO DAGScheduler: Submitting 1 missing tasks from ResultStage 4 (MapPartitionsRDD[14] at jdbc at NativeMethodAccessorImpl.java:0) (first 15 tasks are for partitions Vector(0))
[2025-12-10T15:03:43.114+0000] {subprocess.py:93} INFO - 25/12/10 15:03:43 INFO TaskSchedulerImpl: Adding task set 4.0 with 1 tasks resource profile 0
[2025-12-10T15:03:43.119+0000] {subprocess.py:93} INFO - 25/12/10 15:03:43 INFO TaskSetManager: Starting task 0.0 in stage 4.0 (TID 3) (2be59bfabb7a, executor driver, partition 0, PROCESS_LOCAL, 9316 bytes)
[2025-12-10T15:03:43.123+0000] {subprocess.py:93} INFO - 25/12/10 15:03:43 INFO Executor: Running task 0.0 in stage 4.0 (TID 3)
[2025-12-10T15:03:43.268+0000] {subprocess.py:93} INFO - 25/12/10 15:03:43 INFO CodeGenerator: Code generated in 81.232451 ms
[2025-12-10T15:03:44.615+0000] {subprocess.py:93} INFO - 25/12/10 15:03:44 INFO BlockManagerInfo: Removed broadcast_1_piece0 on 2be59bfabb7a:38367 in memory (size: 36.1 KiB, free: 434.3 MiB)
[2025-12-10T15:03:44.675+0000] {subprocess.py:93} INFO - 25/12/10 15:03:44 INFO BlockManagerInfo: Removed broadcast_3_piece0 on 2be59bfabb7a:38367 in memory (size: 5.9 KiB, free: 434.3 MiB)
[2025-12-10T15:03:44.778+0000] {subprocess.py:93} INFO - 25/12/10 15:03:44 INFO BlockManagerInfo: Removed broadcast_2_piece0 on 2be59bfabb7a:38367 in memory (size: 7.7 KiB, free: 434.3 MiB)
[2025-12-10T15:03:45.762+0000] {subprocess.py:93} INFO - 25/12/10 15:03:45 INFO CodeGenerator: Code generated in 72.912012 ms
[2025-12-10T15:03:45.790+0000] {subprocess.py:93} INFO - 25/12/10 15:03:45 INFO FileScanRDD: Reading File path: s3a://datalake/gold/daily_summary/part-00000-6edd323d-0547-448c-b4f4-4f1d837aacc5-c000.snappy.parquet, range: 0-1867, partition values: [empty row]
[2025-12-10T15:03:45.851+0000] {subprocess.py:93} INFO - 25/12/10 15:03:45 INFO S3AInputStream: Switching to Random IO seek policy
[2025-12-10T15:03:46.130+0000] {subprocess.py:93} INFO - 25/12/10 15:03:46 INFO CodecPool: Got brand-new decompressor [.snappy]
[2025-12-10T15:03:46.698+0000] {subprocess.py:93} INFO - 25/12/10 15:03:46 INFO Executor: Finished task 0.0 in stage 4.0 (TID 3). 1843 bytes result sent to driver
[2025-12-10T15:03:46.710+0000] {subprocess.py:93} INFO - 25/12/10 15:03:46 INFO TaskSetManager: Finished task 0.0 in stage 4.0 (TID 3) in 3594 ms on 2be59bfabb7a (executor driver) (1/1)
[2025-12-10T15:03:46.711+0000] {subprocess.py:93} INFO - 25/12/10 15:03:46 INFO TaskSchedulerImpl: Removed TaskSet 4.0, whose tasks have all completed, from pool
[2025-12-10T15:03:46.713+0000] {subprocess.py:93} INFO - 25/12/10 15:03:46 INFO DAGScheduler: ResultStage 4 (jdbc at NativeMethodAccessorImpl.java:0) finished in 3.667 s
[2025-12-10T15:03:46.717+0000] {subprocess.py:93} INFO - 25/12/10 15:03:46 INFO DAGScheduler: Job 3 is finished. Cancelling potential speculative or zombie tasks for this job
[2025-12-10T15:03:46.718+0000] {subprocess.py:93} INFO - 25/12/10 15:03:46 INFO TaskSchedulerImpl: Killing all running tasks in stage 4: Stage finished
[2025-12-10T15:03:46.719+0000] {subprocess.py:93} INFO - 25/12/10 15:03:46 INFO DAGScheduler: Job 3 finished: jdbc at NativeMethodAccessorImpl.java:0, took 3.675255 s
[2025-12-10T15:03:46.785+0000] {subprocess.py:93} INFO - ✅ Successfully exported to PostgreSQL table: email_daily_summary
[2025-12-10T15:03:46.786+0000] {subprocess.py:93} INFO - 
[2025-12-10T15:03:46.789+0000] {subprocess.py:93} INFO - ============================================================
[2025-12-10T15:03:46.791+0000] {subprocess.py:93} INFO - 📊 EXPORT SUMMARY REPORT
[2025-12-10T15:03:46.792+0000] {subprocess.py:93} INFO - ============================================================
[2025-12-10T15:03:46.793+0000] {subprocess.py:93} INFO - Timestamp: 2025-12-10 15:03:46.784942
[2025-12-10T15:03:46.899+0000] {subprocess.py:93} INFO - 25/12/10 15:03:46 INFO FileSourceStrategy: Pushed Filters:
[2025-12-10T15:03:46.910+0000] {subprocess.py:93} INFO - 25/12/10 15:03:46 INFO FileSourceStrategy: Post-Scan Filters:
[2025-12-10T15:03:47.023+0000] {subprocess.py:93} INFO - 25/12/10 15:03:47 INFO MemoryStore: Block broadcast_6 stored as values in memory (estimated size 205.5 KiB, free 433.9 MiB)
[2025-12-10T15:03:47.058+0000] {subprocess.py:93} INFO - 25/12/10 15:03:47 INFO MemoryStore: Block broadcast_6_piece0 stored as bytes in memory (estimated size 36.1 KiB, free 433.9 MiB)
[2025-12-10T15:03:47.063+0000] {subprocess.py:93} INFO - 25/12/10 15:03:47 INFO BlockManagerInfo: Added broadcast_6_piece0 in memory on 2be59bfabb7a:38367 (size: 36.1 KiB, free: 434.3 MiB)
[2025-12-10T15:03:47.068+0000] {subprocess.py:93} INFO - 25/12/10 15:03:47 INFO SparkContext: Created broadcast 6 from count at NativeMethodAccessorImpl.java:0
[2025-12-10T15:03:47.071+0000] {subprocess.py:93} INFO - 25/12/10 15:03:47 INFO FileSourceScanExec: Planning scan with bin packing, max size: 4194304 bytes, open cost is considered as scanning 4194304 bytes.
[2025-12-10T15:03:47.105+0000] {subprocess.py:93} INFO - 25/12/10 15:03:47 INFO DAGScheduler: Registering RDD 18 (count at NativeMethodAccessorImpl.java:0) as input to shuffle 1
[2025-12-10T15:03:47.110+0000] {subprocess.py:93} INFO - 25/12/10 15:03:47 INFO DAGScheduler: Got map stage job 4 (count at NativeMethodAccessorImpl.java:0) with 1 output partitions
[2025-12-10T15:03:47.113+0000] {subprocess.py:93} INFO - 25/12/10 15:03:47 INFO DAGScheduler: Final stage: ShuffleMapStage 5 (count at NativeMethodAccessorImpl.java:0)
[2025-12-10T15:03:47.116+0000] {subprocess.py:93} INFO - 25/12/10 15:03:47 INFO DAGScheduler: Parents of final stage: List()
[2025-12-10T15:03:47.117+0000] {subprocess.py:93} INFO - 25/12/10 15:03:47 INFO DAGScheduler: Missing parents: List()
[2025-12-10T15:03:47.119+0000] {subprocess.py:93} INFO - 25/12/10 15:03:47 INFO DAGScheduler: Submitting ShuffleMapStage 5 (MapPartitionsRDD[18] at count at NativeMethodAccessorImpl.java:0), which has no missing parents
[2025-12-10T15:03:47.124+0000] {subprocess.py:93} INFO - 25/12/10 15:03:47 INFO MemoryStore: Block broadcast_7 stored as values in memory (estimated size 16.8 KiB, free 433.9 MiB)
[2025-12-10T15:03:47.129+0000] {subprocess.py:93} INFO - 25/12/10 15:03:47 INFO MemoryStore: Block broadcast_7_piece0 stored as bytes in memory (estimated size 7.7 KiB, free 433.9 MiB)
[2025-12-10T15:03:47.132+0000] {subprocess.py:93} INFO - 25/12/10 15:03:47 INFO BlockManagerInfo: Added broadcast_7_piece0 in memory on 2be59bfabb7a:38367 (size: 7.7 KiB, free: 434.3 MiB)
[2025-12-10T15:03:47.135+0000] {subprocess.py:93} INFO - 25/12/10 15:03:47 INFO SparkContext: Created broadcast 7 from broadcast at DAGScheduler.scala:1580
[2025-12-10T15:03:47.138+0000] {subprocess.py:93} INFO - 25/12/10 15:03:47 INFO DAGScheduler: Submitting 1 missing tasks from ShuffleMapStage 5 (MapPartitionsRDD[18] at count at NativeMethodAccessorImpl.java:0) (first 15 tasks are for partitions Vector(0))
[2025-12-10T15:03:47.141+0000] {subprocess.py:93} INFO - 25/12/10 15:03:47 INFO TaskSchedulerImpl: Adding task set 5.0 with 1 tasks resource profile 0
[2025-12-10T15:03:47.145+0000] {subprocess.py:93} INFO - 25/12/10 15:03:47 INFO TaskSetManager: Starting task 0.0 in stage 5.0 (TID 4) (2be59bfabb7a, executor driver, partition 0, PROCESS_LOCAL, 9305 bytes)
[2025-12-10T15:03:47.150+0000] {subprocess.py:93} INFO - 25/12/10 15:03:47 INFO Executor: Running task 0.0 in stage 5.0 (TID 4)
[2025-12-10T15:03:47.193+0000] {subprocess.py:93} INFO - 25/12/10 15:03:47 INFO FileScanRDD: Reading File path: s3a://datalake/gold/daily_summary/part-00000-6edd323d-0547-448c-b4f4-4f1d837aacc5-c000.snappy.parquet, range: 0-1867, partition values: [empty row]
[2025-12-10T15:03:47.255+0000] {subprocess.py:93} INFO - 25/12/10 15:03:47 INFO S3AInputStream: Switching to Random IO seek policy
[2025-12-10T15:03:47.346+0000] {subprocess.py:93} INFO - 25/12/10 15:03:47 INFO Executor: Finished task 0.0 in stage 5.0 (TID 4). 2136 bytes result sent to driver
[2025-12-10T15:03:47.350+0000] {subprocess.py:93} INFO - 25/12/10 15:03:47 INFO TaskSetManager: Finished task 0.0 in stage 5.0 (TID 4) in 207 ms on 2be59bfabb7a (executor driver) (1/1)
[2025-12-10T15:03:47.352+0000] {subprocess.py:93} INFO - 25/12/10 15:03:47 INFO TaskSchedulerImpl: Removed TaskSet 5.0, whose tasks have all completed, from pool
[2025-12-10T15:03:47.357+0000] {subprocess.py:93} INFO - 25/12/10 15:03:47 INFO DAGScheduler: ShuffleMapStage 5 (count at NativeMethodAccessorImpl.java:0) finished in 0.243 s
[2025-12-10T15:03:47.359+0000] {subprocess.py:93} INFO - 25/12/10 15:03:47 INFO DAGScheduler: looking for newly runnable stages
[2025-12-10T15:03:47.361+0000] {subprocess.py:93} INFO - 25/12/10 15:03:47 INFO DAGScheduler: running: Set()
[2025-12-10T15:03:47.362+0000] {subprocess.py:93} INFO - 25/12/10 15:03:47 INFO DAGScheduler: waiting: Set()
[2025-12-10T15:03:47.364+0000] {subprocess.py:93} INFO - 25/12/10 15:03:47 INFO DAGScheduler: failed: Set()
[2025-12-10T15:03:47.445+0000] {subprocess.py:93} INFO - 25/12/10 15:03:47 INFO SparkContext: Starting job: count at NativeMethodAccessorImpl.java:0
[2025-12-10T15:03:47.449+0000] {subprocess.py:93} INFO - 25/12/10 15:03:47 INFO DAGScheduler: Got job 5 (count at NativeMethodAccessorImpl.java:0) with 1 output partitions
[2025-12-10T15:03:47.453+0000] {subprocess.py:93} INFO - 25/12/10 15:03:47 INFO DAGScheduler: Final stage: ResultStage 7 (count at NativeMethodAccessorImpl.java:0)
[2025-12-10T15:03:47.458+0000] {subprocess.py:93} INFO - 25/12/10 15:03:47 INFO DAGScheduler: Parents of final stage: List(ShuffleMapStage 6)
[2025-12-10T15:03:47.461+0000] {subprocess.py:93} INFO - 25/12/10 15:03:47 INFO DAGScheduler: Missing parents: List()
[2025-12-10T15:03:47.463+0000] {subprocess.py:93} INFO - 25/12/10 15:03:47 INFO DAGScheduler: Submitting ResultStage 7 (MapPartitionsRDD[21] at count at NativeMethodAccessorImpl.java:0), which has no missing parents
[2025-12-10T15:03:47.465+0000] {subprocess.py:93} INFO - 25/12/10 15:03:47 INFO MemoryStore: Block broadcast_8 stored as values in memory (estimated size 12.5 KiB, free 433.8 MiB)
[2025-12-10T15:03:47.472+0000] {subprocess.py:93} INFO - 25/12/10 15:03:47 INFO MemoryStore: Block broadcast_8_piece0 stored as bytes in memory (estimated size 5.9 KiB, free 433.8 MiB)
[2025-12-10T15:03:47.479+0000] {subprocess.py:93} INFO - 25/12/10 15:03:47 INFO BlockManagerInfo: Added broadcast_8_piece0 in memory on 2be59bfabb7a:38367 (size: 5.9 KiB, free: 434.3 MiB)
[2025-12-10T15:03:47.480+0000] {subprocess.py:93} INFO - 25/12/10 15:03:47 INFO SparkContext: Created broadcast 8 from broadcast at DAGScheduler.scala:1580
[2025-12-10T15:03:47.482+0000] {subprocess.py:93} INFO - 25/12/10 15:03:47 INFO DAGScheduler: Submitting 1 missing tasks from ResultStage 7 (MapPartitionsRDD[21] at count at NativeMethodAccessorImpl.java:0) (first 15 tasks are for partitions Vector(0))
[2025-12-10T15:03:47.483+0000] {subprocess.py:93} INFO - 25/12/10 15:03:47 INFO TaskSchedulerImpl: Adding task set 7.0 with 1 tasks resource profile 0
[2025-12-10T15:03:47.487+0000] {subprocess.py:93} INFO - 25/12/10 15:03:47 INFO TaskSetManager: Starting task 0.0 in stage 7.0 (TID 5) (2be59bfabb7a, executor driver, partition 0, NODE_LOCAL, 8652 bytes)
[2025-12-10T15:03:47.493+0000] {subprocess.py:93} INFO - 25/12/10 15:03:47 INFO Executor: Running task 0.0 in stage 7.0 (TID 5)
[2025-12-10T15:03:47.505+0000] {subprocess.py:93} INFO - 25/12/10 15:03:47 INFO ShuffleBlockFetcherIterator: Getting 1 (60.0 B) non-empty blocks including 1 (60.0 B) local and 0 (0.0 B) host-local and 0 (0.0 B) push-merged-local and 0 (0.0 B) remote blocks
[2025-12-10T15:03:47.507+0000] {subprocess.py:93} INFO - 25/12/10 15:03:47 INFO ShuffleBlockFetcherIterator: Started 0 remote fetches in 2 ms
[2025-12-10T15:03:47.516+0000] {subprocess.py:93} INFO - 25/12/10 15:03:47 INFO Executor: Finished task 0.0 in stage 7.0 (TID 5). 4038 bytes result sent to driver
[2025-12-10T15:03:47.519+0000] {subprocess.py:93} INFO - 25/12/10 15:03:47 INFO TaskSetManager: Finished task 0.0 in stage 7.0 (TID 5) in 32 ms on 2be59bfabb7a (executor driver) (1/1)
[2025-12-10T15:03:47.527+0000] {subprocess.py:93} INFO - 25/12/10 15:03:47 INFO TaskSchedulerImpl: Removed TaskSet 7.0, whose tasks have all completed, from pool
[2025-12-10T15:03:47.530+0000] {subprocess.py:93} INFO - 25/12/10 15:03:47 INFO DAGScheduler: ResultStage 7 (count at NativeMethodAccessorImpl.java:0) finished in 0.062 s
[2025-12-10T15:03:47.532+0000] {subprocess.py:93} INFO - 25/12/10 15:03:47 INFO DAGScheduler: Job 5 is finished. Cancelling potential speculative or zombie tasks for this job
[2025-12-10T15:03:47.534+0000] {subprocess.py:93} INFO - 25/12/10 15:03:47 INFO TaskSchedulerImpl: Killing all running tasks in stage 7: Stage finished
[2025-12-10T15:03:47.535+0000] {subprocess.py:93} INFO - 25/12/10 15:03:47 INFO DAGScheduler: Job 5 finished: count at NativeMethodAccessorImpl.java:0, took 0.079027 s
[2025-12-10T15:03:47.641+0000] {subprocess.py:93} INFO - 
[2025-12-10T15:03:47.642+0000] {subprocess.py:93} INFO - 📈 Records exported: 2
[2025-12-10T15:03:47.643+0000] {subprocess.py:93} INFO - 
[2025-12-10T15:03:47.643+0000] {subprocess.py:93} INFO - 📄 Sample data:
[2025-12-10T15:03:47.656+0000] {subprocess.py:93} INFO - 25/12/10 15:03:47 INFO FileSourceStrategy: Pushed Filters:
[2025-12-10T15:03:47.658+0000] {subprocess.py:93} INFO - 25/12/10 15:03:47 INFO FileSourceStrategy: Post-Scan Filters:
[2025-12-10T15:03:47.733+0000] {subprocess.py:93} INFO - 25/12/10 15:03:47 INFO CodeGenerator: Code generated in 25.268945 ms
[2025-12-10T15:03:47.736+0000] {subprocess.py:93} INFO - 25/12/10 15:03:47 INFO MemoryStore: Block broadcast_9 stored as values in memory (estimated size 206.2 KiB, free 433.6 MiB)
[2025-12-10T15:03:47.756+0000] {subprocess.py:93} INFO - 25/12/10 15:03:47 INFO MemoryStore: Block broadcast_9_piece0 stored as bytes in memory (estimated size 36.5 KiB, free 433.6 MiB)
[2025-12-10T15:03:47.760+0000] {subprocess.py:93} INFO - 25/12/10 15:03:47 INFO BlockManagerInfo: Added broadcast_9_piece0 in memory on 2be59bfabb7a:38367 (size: 36.5 KiB, free: 434.3 MiB)
[2025-12-10T15:03:47.762+0000] {subprocess.py:93} INFO - 25/12/10 15:03:47 INFO SparkContext: Created broadcast 9 from showString at NativeMethodAccessorImpl.java:0
[2025-12-10T15:03:47.766+0000] {subprocess.py:93} INFO - 25/12/10 15:03:47 INFO FileSourceScanExec: Planning scan with bin packing, max size: 4194304 bytes, open cost is considered as scanning 4194304 bytes.
[2025-12-10T15:03:47.796+0000] {subprocess.py:93} INFO - 25/12/10 15:03:47 INFO SparkContext: Starting job: showString at NativeMethodAccessorImpl.java:0
[2025-12-10T15:03:47.798+0000] {subprocess.py:93} INFO - 25/12/10 15:03:47 INFO DAGScheduler: Got job 6 (showString at NativeMethodAccessorImpl.java:0) with 1 output partitions
[2025-12-10T15:03:47.799+0000] {subprocess.py:93} INFO - 25/12/10 15:03:47 INFO DAGScheduler: Final stage: ResultStage 8 (showString at NativeMethodAccessorImpl.java:0)
[2025-12-10T15:03:47.800+0000] {subprocess.py:93} INFO - 25/12/10 15:03:47 INFO DAGScheduler: Parents of final stage: List()
[2025-12-10T15:03:47.801+0000] {subprocess.py:93} INFO - 25/12/10 15:03:47 INFO DAGScheduler: Missing parents: List()
[2025-12-10T15:03:47.801+0000] {subprocess.py:93} INFO - 25/12/10 15:03:47 INFO DAGScheduler: Submitting ResultStage 8 (MapPartitionsRDD[25] at showString at NativeMethodAccessorImpl.java:0), which has no missing parents
[2025-12-10T15:03:47.802+0000] {subprocess.py:93} INFO - 25/12/10 15:03:47 INFO MemoryStore: Block broadcast_10 stored as values in memory (estimated size 17.7 KiB, free 433.6 MiB)
[2025-12-10T15:03:47.807+0000] {subprocess.py:93} INFO - 25/12/10 15:03:47 INFO MemoryStore: Block broadcast_10_piece0 stored as bytes in memory (estimated size 7.2 KiB, free 433.6 MiB)
[2025-12-10T15:03:47.813+0000] {subprocess.py:93} INFO - 25/12/10 15:03:47 INFO BlockManagerInfo: Added broadcast_10_piece0 in memory on 2be59bfabb7a:38367 (size: 7.2 KiB, free: 434.3 MiB)
[2025-12-10T15:03:47.814+0000] {subprocess.py:93} INFO - 25/12/10 15:03:47 INFO SparkContext: Created broadcast 10 from broadcast at DAGScheduler.scala:1580
[2025-12-10T15:03:47.816+0000] {subprocess.py:93} INFO - 25/12/10 15:03:47 INFO DAGScheduler: Submitting 1 missing tasks from ResultStage 8 (MapPartitionsRDD[25] at showString at NativeMethodAccessorImpl.java:0) (first 15 tasks are for partitions Vector(0))
[2025-12-10T15:03:47.817+0000] {subprocess.py:93} INFO - 25/12/10 15:03:47 INFO TaskSchedulerImpl: Adding task set 8.0 with 1 tasks resource profile 0
[2025-12-10T15:03:47.820+0000] {subprocess.py:93} INFO - 25/12/10 15:03:47 INFO TaskSetManager: Starting task 0.0 in stage 8.0 (TID 6) (2be59bfabb7a, executor driver, partition 0, PROCESS_LOCAL, 9316 bytes)
[2025-12-10T15:03:47.823+0000] {subprocess.py:93} INFO - 25/12/10 15:03:47 INFO Executor: Running task 0.0 in stage 8.0 (TID 6)
[2025-12-10T15:03:47.862+0000] {subprocess.py:93} INFO - 25/12/10 15:03:47 INFO CodeGenerator: Code generated in 23.904962 ms
[2025-12-10T15:03:47.864+0000] {subprocess.py:93} INFO - 25/12/10 15:03:47 INFO FileScanRDD: Reading File path: s3a://datalake/gold/daily_summary/part-00000-6edd323d-0547-448c-b4f4-4f1d837aacc5-c000.snappy.parquet, range: 0-1867, partition values: [empty row]
[2025-12-10T15:03:47.892+0000] {subprocess.py:93} INFO - 25/12/10 15:03:47 INFO S3AInputStream: Switching to Random IO seek policy
[2025-12-10T15:03:47.948+0000] {subprocess.py:93} INFO - 25/12/10 15:03:47 INFO Executor: Finished task 0.0 in stage 8.0 (TID 6). 1987 bytes result sent to driver
[2025-12-10T15:03:47.950+0000] {subprocess.py:93} INFO - 25/12/10 15:03:47 INFO TaskSetManager: Finished task 0.0 in stage 8.0 (TID 6) in 131 ms on 2be59bfabb7a (executor driver) (1/1)
[2025-12-10T15:03:47.953+0000] {subprocess.py:93} INFO - 25/12/10 15:03:47 INFO TaskSchedulerImpl: Removed TaskSet 8.0, whose tasks have all completed, from pool
[2025-12-10T15:03:47.954+0000] {subprocess.py:93} INFO - 25/12/10 15:03:47 INFO DAGScheduler: ResultStage 8 (showString at NativeMethodAccessorImpl.java:0) finished in 0.151 s
[2025-12-10T15:03:47.956+0000] {subprocess.py:93} INFO - 25/12/10 15:03:47 INFO BlockManagerInfo: Removed broadcast_6_piece0 on 2be59bfabb7a:38367 in memory (size: 36.1 KiB, free: 434.3 MiB)
[2025-12-10T15:03:47.958+0000] {subprocess.py:93} INFO - 25/12/10 15:03:47 INFO DAGScheduler: Job 6 is finished. Cancelling potential speculative or zombie tasks for this job
[2025-12-10T15:03:47.959+0000] {subprocess.py:93} INFO - 25/12/10 15:03:47 INFO TaskSchedulerImpl: Killing all running tasks in stage 8: Stage finished
[2025-12-10T15:03:47.960+0000] {subprocess.py:93} INFO - 25/12/10 15:03:47 INFO DAGScheduler: Job 6 finished: showString at NativeMethodAccessorImpl.java:0, took 0.156616 s
[2025-12-10T15:03:47.964+0000] {subprocess.py:93} INFO - 25/12/10 15:03:47 INFO BlockManagerInfo: Removed broadcast_7_piece0 on 2be59bfabb7a:38367 in memory (size: 7.7 KiB, free: 434.3 MiB)
[2025-12-10T15:03:47.979+0000] {subprocess.py:93} INFO - 25/12/10 15:03:47 INFO BlockManagerInfo: Removed broadcast_8_piece0 on 2be59bfabb7a:38367 in memory (size: 5.9 KiB, free: 434.3 MiB)
[2025-12-10T15:03:47.987+0000] {subprocess.py:93} INFO - 25/12/10 15:03:47 INFO CodeGenerator: Code generated in 19.466212 ms
[2025-12-10T15:03:47.999+0000] {subprocess.py:93} INFO - +----------+------------+---------------------------------------------------------------------------------------------------------------------------+------------+------------------+
[2025-12-10T15:03:48.000+0000] {subprocess.py:93} INFO - |date      |total_emails|domain_counts                                                                                                              |busiest_hour|busiest_hour_count|
[2025-12-10T15:03:48.001+0000] {subprocess.py:93} INFO - +----------+------------+---------------------------------------------------------------------------------------------------------------------------+------------+------------------+
[2025-12-10T15:03:48.002+0000] {subprocess.py:93} INFO - |2025-12-09|3           |join.netflix.com>:3                                                                                                        |22          |3                 |
[2025-12-10T15:03:48.002+0000] {subprocess.py:93} INFO - |2025-12-10|24          |linkedin.com>:9|marocemploi.net>:3|mail.clickup.com>:3|surveylama.com>:3|eu-shop.temuemail.com>:3|commerce.temuemail.com>:3|13          |9                 |
[2025-12-10T15:03:48.003+0000] {subprocess.py:93} INFO - +----------+------------+---------------------------------------------------------------------------------------------------------------------------+------------+------------------+
[2025-12-10T15:03:48.004+0000] {subprocess.py:93} INFO - 
[2025-12-10T15:03:48.004+0000] {subprocess.py:93} INFO - ============================================================
[2025-12-10T15:03:48.005+0000] {subprocess.py:93} INFO - 
[2025-12-10T15:03:48.006+0000] {subprocess.py:93} INFO - ✅ EXPORT COMPLETED SUCCESSFULLY
[2025-12-10T15:03:48.007+0000] {subprocess.py:93} INFO - 25/12/10 15:03:48 INFO SparkContext: SparkContext is stopping with exitCode 0.
[2025-12-10T15:03:48.065+0000] {subprocess.py:93} INFO - 25/12/10 15:03:48 INFO SparkUI: Stopped Spark web UI at http://2be59bfabb7a:4040
[2025-12-10T15:03:48.097+0000] {subprocess.py:93} INFO - 25/12/10 15:03:48 INFO MapOutputTrackerMasterEndpoint: MapOutputTrackerMasterEndpoint stopped!
[2025-12-10T15:03:48.200+0000] {subprocess.py:93} INFO - 25/12/10 15:03:48 INFO MemoryStore: MemoryStore cleared
[2025-12-10T15:03:48.202+0000] {subprocess.py:93} INFO - 25/12/10 15:03:48 INFO BlockManager: BlockManager stopped
[2025-12-10T15:03:48.211+0000] {subprocess.py:93} INFO - 25/12/10 15:03:48 INFO BlockManagerMaster: BlockManagerMaster stopped
[2025-12-10T15:03:48.218+0000] {subprocess.py:93} INFO - 25/12/10 15:03:48 INFO OutputCommitCoordinator$OutputCommitCoordinatorEndpoint: OutputCommitCoordinator stopped!
[2025-12-10T15:03:48.250+0000] {subprocess.py:93} INFO - 25/12/10 15:03:48 INFO SparkContext: Successfully stopped SparkContext
[2025-12-10T15:03:48.831+0000] {subprocess.py:93} INFO - 25/12/10 15:03:48 INFO ShutdownHookManager: Shutdown hook called
[2025-12-10T15:03:48.833+0000] {subprocess.py:93} INFO - 25/12/10 15:03:48 INFO ShutdownHookManager: Deleting directory /tmp/spark-248345d0-d8e7-4015-bd04-cb6e60da2a47
[2025-12-10T15:03:48.844+0000] {subprocess.py:93} INFO - 25/12/10 15:03:48 INFO ShutdownHookManager: Deleting directory /tmp/spark-190d1df0-31f2-4c24-96b9-915e6c2e7116
[2025-12-10T15:03:48.855+0000] {subprocess.py:93} INFO - 25/12/10 15:03:48 INFO ShutdownHookManager: Deleting directory /tmp/spark-190d1df0-31f2-4c24-96b9-915e6c2e7116/pyspark-13a4c2fc-8275-4cf8-a2fc-e6f15a2daa23
[2025-12-10T15:03:48.875+0000] {subprocess.py:93} INFO - 25/12/10 15:03:48 INFO MetricsSystemImpl: Stopping s3a-file-system metrics system...
[2025-12-10T15:03:48.875+0000] {subprocess.py:93} INFO - 25/12/10 15:03:48 INFO MetricsSystemImpl: s3a-file-system metrics system stopped.
[2025-12-10T15:03:48.876+0000] {subprocess.py:93} INFO - 25/12/10 15:03:48 INFO MetricsSystemImpl: s3a-file-system metrics system shutdown complete.
[2025-12-10T15:03:49.075+0000] {subprocess.py:97} INFO - Command exited with return code 0
[2025-12-10T15:03:49.499+0000] {taskinstance.py:1138} INFO - Marking task as SUCCESS. dag_id=email_intelligence_pipeline, task_id=export_to_postgres, execution_date=20251210T140137, start_date=20251210T150314, end_date=20251210T150349
[2025-12-10T15:03:49.613+0000] {local_task_job_runner.py:234} INFO - Task exited with return code 0
[2025-12-10T15:03:49.743+0000] {taskinstance.py:3280} INFO - 0 downstream tasks scheduled from follow-on schedule check
