[2025-12-05T08:11:09.834+0000] {taskinstance.py:1956} INFO - Dependencies all met for dep_context=non-requeueable deps ti=<TaskInstance: email_pipeline_dag.kafka_producer manual__2025-12-04T15:29:37.145057+00:00 [queued]>
[2025-12-05T08:11:09.881+0000] {taskinstance.py:1956} INFO - Dependencies all met for dep_context=requeueable deps ti=<TaskInstance: email_pipeline_dag.kafka_producer manual__2025-12-04T15:29:37.145057+00:00 [queued]>
[2025-12-05T08:11:09.886+0000] {taskinstance.py:2170} INFO - Starting attempt 2 of 2
[2025-12-05T08:11:10.055+0000] {taskinstance.py:2191} INFO - Executing <Task(BashOperator): kafka_producer> on 2025-12-04 15:29:37.145057+00:00
[2025-12-05T08:11:10.106+0000] {standard_task_runner.py:60} INFO - Started process 191 to run task
[2025-12-05T08:11:10.190+0000] {standard_task_runner.py:87} INFO - Running: ['***', 'tasks', 'run', 'email_pipeline_dag', 'kafka_producer', 'manual__2025-12-04T15:29:37.145057+00:00', '--job-id', '124', '--raw', '--subdir', 'DAGS_FOLDER/email_pipeline_dag.py', '--cfg-path', '/tmp/tmpntt4lfj1']
[2025-12-05T08:11:10.215+0000] {standard_task_runner.py:88} INFO - Job 124: Subtask kafka_producer
[2025-12-05T08:11:11.020+0000] {task_command.py:423} INFO - Running <TaskInstance: email_pipeline_dag.kafka_producer manual__2025-12-04T15:29:37.145057+00:00 [running]> on host 17d26709f247
[2025-12-05T08:11:12.579+0000] {taskinstance.py:2480} INFO - Exporting env vars: AIRFLOW_CTX_DAG_OWNER='***' AIRFLOW_CTX_DAG_ID='email_pipeline_dag' AIRFLOW_CTX_TASK_ID='kafka_producer' AIRFLOW_CTX_EXECUTION_DATE='2025-12-04T15:29:37.145057+00:00' AIRFLOW_CTX_TRY_NUMBER='2' AIRFLOW_CTX_DAG_RUN_ID='manual__2025-12-04T15:29:37.145057+00:00'
[2025-12-05T08:11:12.645+0000] {subprocess.py:63} INFO - Tmp dir root location: /tmp
[2025-12-05T08:11:12.673+0000] {subprocess.py:75} INFO - Running command: ['/usr/bin/bash', '-c', 'python /opt/***/kafka/Producer/email_producer.py']
[2025-12-05T08:11:12.788+0000] {subprocess.py:86} INFO - Output:
[2025-12-05T08:11:18.349+0000] {subprocess.py:93} INFO - 2025-12-05 08:11:18,331 - __main__ - INFO - 🚀 Starting Producer + Consumer...
[2025-12-05T08:11:18.380+0000] {subprocess.py:93} INFO - 2025-12-05 08:11:18,332 - __main__ - INFO - 🔐 Authenticating with Gmail API...
[2025-12-05T08:11:18.982+0000] {subprocess.py:93} INFO - 2025-12-05 08:11:18,981 - googleapiclient.discovery_cache - INFO - file_cache is only supported with oauth2client<4.0.0
[2025-12-05T08:11:19.023+0000] {subprocess.py:93} INFO - 2025-12-05 08:11:19,017 - __main__ - INFO - 📨 Connecting to Kafka...
[2025-12-05T08:11:22.748+0000] {subprocess.py:93} INFO - 2025-12-05 08:11:22,747 - kafka.conn - WARNING - DNS lookup failed for kafka:29092, exception was [Errno -2] Name or service not known. Is your advertised.listeners (called advertised.host.name before Kafka 9) correct and resolvable?
[2025-12-05T08:11:22.750+0000] {subprocess.py:93} INFO - 2025-12-05 08:11:22,748 - kafka.conn - ERROR - <BrokerConnection client_id=kafka-python-producer-1, node_id=bootstrap-0 host=kafka:29092 <connecting> [unspecified None]>: DNS lookup failed for kafka:29092 (AddressFamily.AF_UNSPEC)
[2025-12-05T08:11:22.751+0000] {subprocess.py:93} INFO - 2025-12-05 08:11:22,748 - kafka.conn - ERROR - <BrokerConnection client_id=kafka-python-producer-1, node_id=bootstrap-0 host=kafka:29092 <connecting> [unspecified None]>: Closing connection. KafkaConnectionError: DNS failure
[2025-12-05T08:11:22.766+0000] {subprocess.py:93} INFO - 2025-12-05 08:11:22,748 - __main__ - ERROR - ❌ Error: NoBrokersAvailable
[2025-12-05T08:11:22.769+0000] {subprocess.py:93} INFO - Traceback (most recent call last):
[2025-12-05T08:11:22.770+0000] {subprocess.py:93} INFO -   File "/opt/***/kafka/Producer/email_producer.py", line 235, in main
[2025-12-05T08:11:22.774+0000] {subprocess.py:93} INFO -     producer = KafkaProducer(
[2025-12-05T08:11:22.776+0000] {subprocess.py:93} INFO -   File "/home/***/.local/lib/python3.8/site-packages/kafka/producer/kafka.py", line 485, in __init__
[2025-12-05T08:11:22.778+0000] {subprocess.py:93} INFO -     client = self.config['kafka_client'](
[2025-12-05T08:11:22.779+0000] {subprocess.py:93} INFO -   File "/home/***/.local/lib/python3.8/site-packages/kafka/client_async.py", line 262, in __init__
[2025-12-05T08:11:22.782+0000] {subprocess.py:93} INFO -     self.config['api_version'] = self.check_version()
[2025-12-05T08:11:22.785+0000] {subprocess.py:93} INFO -   File "/home/***/.local/lib/python3.8/site-packages/kafka/client_async.py", line 1076, in check_version
[2025-12-05T08:11:22.787+0000] {subprocess.py:93} INFO -     raise Errors.NoBrokersAvailable()
[2025-12-05T08:11:22.793+0000] {subprocess.py:93} INFO - kafka.errors.NoBrokersAvailable: NoBrokersAvailable
[2025-12-05T08:11:22.802+0000] {subprocess.py:93} INFO - Traceback (most recent call last):
[2025-12-05T08:11:22.804+0000] {subprocess.py:93} INFO -   File "/opt/***/kafka/Producer/email_producer.py", line 273, in <module>
[2025-12-05T08:11:22.805+0000] {subprocess.py:93} INFO -     main()
[2025-12-05T08:11:22.807+0000] {subprocess.py:93} INFO -   File "/opt/***/kafka/Producer/email_producer.py", line 235, in main
[2025-12-05T08:11:22.808+0000] {subprocess.py:93} INFO -     producer = KafkaProducer(
[2025-12-05T08:11:22.819+0000] {subprocess.py:93} INFO -   File "/home/***/.local/lib/python3.8/site-packages/kafka/producer/kafka.py", line 485, in __init__
[2025-12-05T08:11:22.823+0000] {subprocess.py:93} INFO -     client = self.config['kafka_client'](
[2025-12-05T08:11:22.834+0000] {subprocess.py:93} INFO -   File "/home/***/.local/lib/python3.8/site-packages/kafka/client_async.py", line 262, in __init__
[2025-12-05T08:11:22.836+0000] {subprocess.py:93} INFO -     self.config['api_version'] = self.check_version()
[2025-12-05T08:11:22.837+0000] {subprocess.py:93} INFO -   File "/home/***/.local/lib/python3.8/site-packages/kafka/client_async.py", line 1076, in check_version
[2025-12-05T08:11:22.838+0000] {subprocess.py:93} INFO -     raise Errors.NoBrokersAvailable()
[2025-12-05T08:11:22.841+0000] {subprocess.py:93} INFO - kafka.errors.NoBrokersAvailable: NoBrokersAvailable
[2025-12-05T08:11:23.392+0000] {subprocess.py:97} INFO - Command exited with return code 1
[2025-12-05T08:11:23.469+0000] {taskinstance.py:2698} ERROR - Task failed with exception
Traceback (most recent call last):
  File "/home/airflow/.local/lib/python3.8/site-packages/airflow/models/taskinstance.py", line 428, in _execute_task
    result = execute_callable(context=context, **execute_callable_kwargs)
  File "/home/airflow/.local/lib/python3.8/site-packages/airflow/operators/bash.py", line 212, in execute
    raise AirflowException(
airflow.exceptions.AirflowException: Bash command failed. The command returned a non-zero exit code 1.
[2025-12-05T08:11:23.492+0000] {taskinstance.py:1138} INFO - Marking task as FAILED. dag_id=email_pipeline_dag, task_id=kafka_producer, execution_date=20251204T152937, start_date=20251205T081109, end_date=20251205T081123
[2025-12-05T08:11:23.630+0000] {standard_task_runner.py:107} ERROR - Failed to execute job 124 for task kafka_producer (Bash command failed. The command returned a non-zero exit code 1.; 191)
[2025-12-05T08:11:23.665+0000] {local_task_job_runner.py:234} INFO - Task exited with return code 1
[2025-12-05T08:11:23.946+0000] {taskinstance.py:3280} INFO - 0 downstream tasks scheduled from follow-on schedule check
