[2025-12-04T15:29:38.432+0000] {taskinstance.py:1956} INFO - Dependencies all met for dep_context=non-requeueable deps ti=<TaskInstance: email_pipeline_dag.kafka_producer manual__2025-12-04T15:29:37.145057+00:00 [queued]>
[2025-12-04T15:29:38.445+0000] {taskinstance.py:1956} INFO - Dependencies all met for dep_context=requeueable deps ti=<TaskInstance: email_pipeline_dag.kafka_producer manual__2025-12-04T15:29:37.145057+00:00 [queued]>
[2025-12-04T15:29:38.463+0000] {taskinstance.py:2170} INFO - Starting attempt 1 of 2
[2025-12-04T15:29:38.539+0000] {taskinstance.py:2191} INFO - Executing <Task(BashOperator): kafka_producer> on 2025-12-04 15:29:37.145057+00:00
[2025-12-04T15:29:38.554+0000] {standard_task_runner.py:60} INFO - Started process 368 to run task
[2025-12-04T15:29:38.562+0000] {standard_task_runner.py:87} INFO - Running: ['***', 'tasks', 'run', 'email_pipeline_dag', 'kafka_producer', 'manual__2025-12-04T15:29:37.145057+00:00', '--job-id', '75', '--raw', '--subdir', 'DAGS_FOLDER/email_pipeline_dag.py', '--cfg-path', '/tmp/tmppzdqhdmo']
[2025-12-04T15:29:38.566+0000] {standard_task_runner.py:88} INFO - Job 75: Subtask kafka_producer
[2025-12-04T15:29:38.695+0000] {task_command.py:423} INFO - Running <TaskInstance: email_pipeline_dag.kafka_producer manual__2025-12-04T15:29:37.145057+00:00 [running]> on host 17d26709f247
[2025-12-04T15:29:38.841+0000] {taskinstance.py:2480} INFO - Exporting env vars: AIRFLOW_CTX_DAG_OWNER='***' AIRFLOW_CTX_DAG_ID='email_pipeline_dag' AIRFLOW_CTX_TASK_ID='kafka_producer' AIRFLOW_CTX_EXECUTION_DATE='2025-12-04T15:29:37.145057+00:00' AIRFLOW_CTX_TRY_NUMBER='1' AIRFLOW_CTX_DAG_RUN_ID='manual__2025-12-04T15:29:37.145057+00:00'
[2025-12-04T15:29:38.843+0000] {subprocess.py:63} INFO - Tmp dir root location: /tmp
[2025-12-04T15:29:38.845+0000] {subprocess.py:75} INFO - Running command: ['/usr/bin/bash', '-c', 'python /opt/***/kafka/Producer/email_producer.py']
[2025-12-04T15:29:38.859+0000] {subprocess.py:86} INFO - Output:
[2025-12-04T15:29:39.722+0000] {subprocess.py:93} INFO - 2025-12-04 15:29:39,721 - __main__ - INFO - 🚀 Starting Producer + Consumer...
[2025-12-04T15:29:39.723+0000] {subprocess.py:93} INFO - 2025-12-04 15:29:39,722 - __main__ - INFO - 🔐 Authenticating with Gmail API...
[2025-12-04T15:29:39.737+0000] {subprocess.py:93} INFO - 2025-12-04 15:29:39,736 - googleapiclient.discovery_cache - INFO - file_cache is only supported with oauth2client<4.0.0
[2025-12-04T15:29:39.739+0000] {subprocess.py:93} INFO - 2025-12-04 15:29:39,738 - __main__ - INFO - 📨 Connecting to Kafka...
[2025-12-04T15:29:39.740+0000] {subprocess.py:93} INFO - 2025-12-04 15:29:39,740 - kafka.conn - INFO - <BrokerConnection client_id=kafka-python-producer-1, node_id=bootstrap-0 host=kafka:29092 <connecting> [IPv4 ('172.20.0.4', 29092)]>: connecting to kafka:29092 [('172.20.0.4', 29092) IPv4]
[2025-12-04T15:29:39.747+0000] {subprocess.py:93} INFO - 2025-12-04 15:29:39,747 - kafka.conn - INFO - <BrokerConnection client_id=kafka-python-producer-1, node_id=bootstrap-0 host=kafka:29092 <checking_api_versions_recv> [IPv4 ('172.20.0.4', 29092)]>: Broker version identified as 2.6
[2025-12-04T15:29:39.749+0000] {subprocess.py:93} INFO - 2025-12-04 15:29:39,747 - kafka.conn - INFO - <BrokerConnection client_id=kafka-python-producer-1, node_id=bootstrap-0 host=kafka:29092 <connected> [IPv4 ('172.20.0.4', 29092)]>: Connection complete.
[2025-12-04T15:29:39.751+0000] {subprocess.py:93} INFO - 2025-12-04 15:29:39,750 - __main__ - INFO - 🎬 Démarrage du visualiseur temps réel...
[2025-12-04T15:29:39.752+0000] {subprocess.py:93} INFO - 2025-12-04 15:29:39,750 - __main__ - INFO - ✓ Consumer thread started
[2025-12-04T15:29:39.752+0000] {subprocess.py:93} INFO - 2025-12-04 15:29:39,751 - __main__ - INFO - 📧 Fetching recent emails...
[2025-12-04T15:29:39.756+0000] {subprocess.py:93} INFO - 2025-12-04 15:29:39,756 - kafka.conn - INFO - <BrokerConnection client_id=kafka-python-2.3.0, node_id=bootstrap-0 host=kafka:29092 <connecting> [IPv4 ('172.20.0.4', 29092)]>: connecting to kafka:29092 [('172.20.0.4', 29092) IPv4]
[2025-12-04T15:29:39.760+0000] {subprocess.py:93} INFO - 2025-12-04 15:29:39,760 - kafka.conn - INFO - <BrokerConnection client_id=kafka-python-2.3.0, node_id=bootstrap-0 host=kafka:29092 <checking_api_versions_recv> [IPv4 ('172.20.0.4', 29092)]>: Broker version identified as 2.6
[2025-12-04T15:29:39.762+0000] {subprocess.py:93} INFO - 2025-12-04 15:29:39,760 - kafka.conn - INFO - <BrokerConnection client_id=kafka-python-2.3.0, node_id=bootstrap-0 host=kafka:29092 <connected> [IPv4 ('172.20.0.4', 29092)]>: Connection complete.
[2025-12-04T15:29:39.762+0000] {subprocess.py:93} INFO - 2025-12-04 15:29:39,760 - kafka.consumer.subscription_state - INFO - Updating subscribed topics to: ('emails-topic',)
[2025-12-04T15:29:39.768+0000] {subprocess.py:93} INFO - 2025-12-04 15:29:39,767 - kafka.conn - INFO - <BrokerConnection client_id=kafka-python-2.3.0, node_id=1 host=kafka:29092 <connecting> [IPv4 ('172.20.0.4', 29092)]>: connecting to kafka:29092 [('172.20.0.4', 29092) IPv4]
[2025-12-04T15:29:39.769+0000] {subprocess.py:93} INFO - 2025-12-04 15:29:39,768 - kafka.conn - INFO - <BrokerConnection client_id=kafka-python-2.3.0, node_id=1 host=kafka:29092 <connected> [IPv4 ('172.20.0.4', 29092)]>: Connection complete.
[2025-12-04T15:29:39.769+0000] {subprocess.py:93} INFO - 2025-12-04 15:29:39,768 - kafka.conn - INFO - <BrokerConnection client_id=kafka-python-2.3.0, node_id=bootstrap-0 host=kafka:29092 <connected> [IPv4 ('172.20.0.4', 29092)]>: Closing connection.
[2025-12-04T15:29:39.875+0000] {subprocess.py:93} INFO - 2025-12-04 15:29:39,875 - kafka.cluster - INFO - Coordinator for group/unified-viewer is BrokerMetadata(nodeId='coordinator-1', host='kafka', port=29092, rack=None)
[2025-12-04T15:29:39.876+0000] {subprocess.py:93} INFO - 2025-12-04 15:29:39,875 - kafka.coordinator - INFO - Discovered coordinator coordinator-1 for group unified-viewer
[2025-12-04T15:29:39.877+0000] {subprocess.py:93} INFO - 2025-12-04 15:29:39,875 - kafka.coordinator.heartbeat - INFO - Starting new heartbeat thread
[2025-12-04T15:29:39.878+0000] {subprocess.py:93} INFO - 2025-12-04 15:29:39,876 - kafka.coordinator.consumer - INFO - Revoking previously assigned partitions set() for group unified-viewer
[2025-12-04T15:29:39.881+0000] {subprocess.py:93} INFO - 2025-12-04 15:29:39,876 - kafka.coordinator - INFO - Failed to join group unified-viewer: NodeNotReadyError: coordinator-1
[2025-12-04T15:29:39.882+0000] {subprocess.py:93} INFO - 2025-12-04 15:29:39,879 - kafka.conn - INFO - <BrokerConnection client_id=kafka-python-2.3.0, node_id=coordinator-1 host=kafka:29092 <connecting> [IPv4 ('172.20.0.4', 29092)]>: connecting to kafka:29092 [('172.20.0.4', 29092) IPv4]
[2025-12-04T15:29:39.883+0000] {subprocess.py:93} INFO - 2025-12-04 15:29:39,880 - kafka.conn - INFO - <BrokerConnection client_id=kafka-python-2.3.0, node_id=coordinator-1 host=kafka:29092 <connected> [IPv4 ('172.20.0.4', 29092)]>: Connection complete.
[2025-12-04T15:29:39.982+0000] {subprocess.py:93} INFO - 2025-12-04 15:29:39,981 - kafka.coordinator - INFO - (Re-)joining group unified-viewer
[2025-12-04T15:29:39.988+0000] {subprocess.py:93} INFO - 2025-12-04 15:29:39,987 - kafka.coordinator - INFO - Received member id kafka-python-2.3.0-fa214ae6-042e-45cc-88d2-0761d17b86c4 for group unified-viewer; will retry join-group
[2025-12-04T15:29:39.989+0000] {subprocess.py:93} INFO - 2025-12-04 15:29:39,988 - kafka.coordinator - INFO - Failed to join group unified-viewer: [Error 79] MemberIdRequiredError
[2025-12-04T15:29:39.990+0000] {subprocess.py:93} INFO - 2025-12-04 15:29:39,988 - kafka.coordinator - INFO - (Re-)joining group unified-viewer
[2025-12-04T15:29:40.367+0000] {subprocess.py:93} INFO - 2025-12-04 15:29:40,366 - __main__ - INFO - Found 10 emails in last 24 hours
[2025-12-04T15:29:42.390+0000] {subprocess.py:93} INFO - 2025-12-04 15:29:42,389 - kafka.coordinator - INFO - Successfully joined group unified-viewer <Generation 4 (member_id: kafka-python-2.3.0-fa214ae6-042e-45cc-88d2-0761d17b86c4, protocol: range)>
[2025-12-04T15:29:42.412+0000] {subprocess.py:93} INFO - 2025-12-04 15:29:42,412 - kafka.consumer.subscription_state - INFO - Updated partition assignment: []
[2025-12-04T15:29:42.417+0000] {subprocess.py:93} INFO - 2025-12-04 15:29:42,412 - kafka.coordinator.consumer - INFO - Setting newly assigned partitions set() for group unified-viewer
[2025-12-04T15:29:43.487+0000] {subprocess.py:93} INFO - 2025-12-04 15:29:43,486 - kafka.conn - INFO - <BrokerConnection client_id=kafka-python-producer-1, node_id=1 host=kafka:29092 <connecting> [IPv4 ('172.20.0.4', 29092)]>: connecting to kafka:29092 [('172.20.0.4', 29092) IPv4]
[2025-12-04T15:29:43.488+0000] {subprocess.py:93} INFO - 2025-12-04 15:29:43,487 - kafka.conn - INFO - <BrokerConnection client_id=kafka-python-producer-1, node_id=1 host=kafka:29092 <connected> [IPv4 ('172.20.0.4', 29092)]>: Connection complete.
[2025-12-04T15:29:43.489+0000] {subprocess.py:93} INFO - 2025-12-04 15:29:43,487 - kafka.conn - INFO - <BrokerConnection client_id=kafka-python-producer-1, node_id=bootstrap-0 host=kafka:29092 <connected> [IPv4 ('172.20.0.4', 29092)]>: Closing connection.
[2025-12-04T15:29:43.496+0000] {subprocess.py:93} INFO - 2025-12-04 15:29:43,496 - __main__ - INFO - ✓ Email sent to Kafka - Offset: 20
[2025-12-04T15:29:43.500+0000] {subprocess.py:93} INFO - 2025-12-04 15:29:43,499 - __main__ - INFO - ✓ Email sent to Kafka - Offset: 21
[2025-12-04T15:29:43.503+0000] {subprocess.py:93} INFO - 2025-12-04 15:29:43,503 - __main__ - INFO - ✓ Email sent to Kafka - Offset: 22
[2025-12-04T15:29:43.516+0000] {subprocess.py:93} INFO - 2025-12-04 15:29:43,516 - __main__ - INFO - ✓ Email sent to Kafka - Offset: 23
[2025-12-04T15:29:43.522+0000] {subprocess.py:93} INFO - 2025-12-04 15:29:43,522 - __main__ - INFO - ✓ Email sent to Kafka - Offset: 24
[2025-12-04T15:29:43.526+0000] {subprocess.py:93} INFO - 2025-12-04 15:29:43,526 - __main__ - INFO - ✓ Email sent to Kafka - Offset: 25
[2025-12-04T15:29:43.533+0000] {subprocess.py:93} INFO - 2025-12-04 15:29:43,533 - __main__ - INFO - ✓ Email sent to Kafka - Offset: 26
[2025-12-04T15:29:43.538+0000] {subprocess.py:93} INFO - 2025-12-04 15:29:43,538 - __main__ - INFO - ✓ Email sent to Kafka - Offset: 27
[2025-12-04T15:29:43.541+0000] {subprocess.py:93} INFO - 2025-12-04 15:29:43,540 - __main__ - INFO - ✓ Email sent to Kafka - Offset: 28
[2025-12-04T15:29:43.546+0000] {subprocess.py:93} INFO - 2025-12-04 15:29:43,545 - __main__ - INFO - ✓ Email sent to Kafka - Offset: 29
[2025-12-04T15:29:43.546+0000] {subprocess.py:93} INFO - 2025-12-04 15:29:43,545 - __main__ - INFO - ✅ Successfully sent 10 emails to Kafka
[2025-12-04T15:32:49.271+0000] {subprocess.py:93} INFO - 2025-12-04 15:32:49,242 - kafka.coordinator.heartbeat - WARNING - Heartbeat failed for group unified-viewer because it is rebalancing
[2025-12-04T15:32:49.316+0000] {subprocess.py:93} INFO - 2025-12-04 15:32:49,257 - kafka.coordinator.consumer - INFO - Revoking previously assigned partitions set() for group unified-viewer
[2025-12-04T15:32:49.320+0000] {subprocess.py:93} INFO - 2025-12-04 15:32:49,258 - kafka.coordinator - INFO - (Re-)joining group unified-viewer
[2025-12-04T15:32:49.356+0000] {subprocess.py:93} INFO - 2025-12-04 15:32:49,355 - kafka.coordinator - INFO - Successfully joined group unified-viewer <Generation 5 (member_id: kafka-python-2.3.0-fa214ae6-042e-45cc-88d2-0761d17b86c4, protocol: range)>
[2025-12-04T15:32:49.386+0000] {subprocess.py:93} INFO - 2025-12-04 15:32:49,385 - kafka.consumer.subscription_state - INFO - Updated partition assignment: []
[2025-12-04T15:32:49.389+0000] {subprocess.py:93} INFO - 2025-12-04 15:32:49,386 - kafka.coordinator.consumer - INFO - Setting newly assigned partitions set() for group unified-viewer
[2025-12-04T15:34:25.568+0000] {subprocess.py:93} INFO - 2025-12-04 15:34:25,567 - kafka.coordinator.heartbeat - WARNING - Heartbeat failed for group unified-viewer because it is rebalancing
[2025-12-04T15:34:25.572+0000] {subprocess.py:93} INFO - 2025-12-04 15:34:25,568 - kafka.coordinator.consumer - INFO - Revoking previously assigned partitions set() for group unified-viewer
[2025-12-04T15:34:25.573+0000] {subprocess.py:93} INFO - 2025-12-04 15:34:25,568 - kafka.coordinator - INFO - (Re-)joining group unified-viewer
[2025-12-04T15:34:25.743+0000] {subprocess.py:93} INFO - 2025-12-04 15:34:25,741 - kafka.coordinator - INFO - Successfully joined group unified-viewer <Generation 6 (member_id: kafka-python-2.3.0-fa214ae6-042e-45cc-88d2-0761d17b86c4, protocol: range)>
[2025-12-04T15:34:25.760+0000] {subprocess.py:93} INFO - 2025-12-04 15:34:25,759 - kafka.consumer.subscription_state - INFO - Updated partition assignment: []
[2025-12-04T15:34:25.767+0000] {subprocess.py:93} INFO - 2025-12-04 15:34:25,759 - kafka.coordinator.consumer - INFO - Setting newly assigned partitions set() for group unified-viewer
[2025-12-04T15:36:38.106+0000] {subprocess.py:93} INFO - 2025-12-04 15:36:38,098 - kafka.coordinator.heartbeat - WARNING - Heartbeat failed for group unified-viewer because it is rebalancing
[2025-12-04T15:36:38.112+0000] {subprocess.py:93} INFO - 2025-12-04 15:36:38,102 - kafka.coordinator.consumer - INFO - Revoking previously assigned partitions set() for group unified-viewer
[2025-12-04T15:36:38.113+0000] {subprocess.py:93} INFO - 2025-12-04 15:36:38,102 - kafka.coordinator - INFO - (Re-)joining group unified-viewer
[2025-12-04T15:36:38.418+0000] {subprocess.py:93} INFO - 2025-12-04 15:36:38,416 - kafka.coordinator - INFO - Successfully joined group unified-viewer <Generation 7 (member_id: kafka-python-2.3.0-fa214ae6-042e-45cc-88d2-0761d17b86c4, protocol: range)>
[2025-12-04T15:36:38.450+0000] {subprocess.py:93} INFO - 2025-12-04 15:36:38,445 - kafka.consumer.subscription_state - INFO - Updated partition assignment: []
[2025-12-04T15:36:38.452+0000] {subprocess.py:93} INFO - 2025-12-04 15:36:38,450 - kafka.coordinator.consumer - INFO - Setting newly assigned partitions set() for group unified-viewer
[2025-12-04T15:38:05.935+0000] {subprocess.py:93} INFO - 2025-12-04 15:38:05,934 - kafka.coordinator.heartbeat - WARNING - Heartbeat failed for group unified-viewer because it is rebalancing
[2025-12-04T15:38:05.953+0000] {subprocess.py:93} INFO - 2025-12-04 15:38:05,934 - kafka.coordinator.consumer - INFO - Revoking previously assigned partitions set() for group unified-viewer
[2025-12-04T15:38:05.956+0000] {subprocess.py:93} INFO - 2025-12-04 15:38:05,935 - kafka.coordinator - INFO - (Re-)joining group unified-viewer
[2025-12-04T15:38:08.963+0000] {subprocess.py:93} INFO - 2025-12-04 15:38:08,962 - kafka.coordinator - INFO - Successfully joined group unified-viewer <Generation 8 (member_id: kafka-python-2.3.0-fa214ae6-042e-45cc-88d2-0761d17b86c4, protocol: range)>
[2025-12-04T15:38:08.985+0000] {subprocess.py:93} INFO - 2025-12-04 15:38:08,985 - kafka.consumer.subscription_state - INFO - Updated partition assignment: []
[2025-12-04T15:38:08.987+0000] {subprocess.py:93} INFO - 2025-12-04 15:38:08,985 - kafka.coordinator.consumer - INFO - Setting newly assigned partitions set() for group unified-viewer
[2025-12-04T15:46:40.502+0000] {subprocess.py:93} INFO - 2025-12-04 15:46:40,459 - kafka.coordinator.heartbeat - WARNING - Heartbeat session expired, marking coordinator dead
[2025-12-04T15:46:40.533+0000] {subprocess.py:93} INFO - 2025-12-04 15:46:40,485 - kafka.coordinator - WARNING - Marking the coordinator dead (node coordinator-1) for group unified-viewer: Heartbeat session expired.
[2025-12-04T15:46:40.534+0000] {subprocess.py:93} INFO - 2025-12-04 15:46:40,504 - kafka.cluster - INFO - Coordinator for group/unified-viewer is BrokerMetadata(nodeId='coordinator-1', host='kafka', port=29092, rack=None)
[2025-12-04T15:46:40.535+0000] {subprocess.py:93} INFO - 2025-12-04 15:46:40,506 - kafka.coordinator - INFO - Discovered coordinator coordinator-1 for group unified-viewer
[2025-12-04T15:46:55.536+0000] {subprocess.py:93} INFO - 2025-12-04 15:46:55,534 - kafka.coordinator.heartbeat - WARNING - Heartbeat failed for group unified-viewer because it is rebalancing
[2025-12-04T15:46:55.538+0000] {subprocess.py:93} INFO - 2025-12-04 15:46:55,536 - kafka.coordinator.consumer - INFO - Revoking previously assigned partitions set() for group unified-viewer
[2025-12-04T15:46:55.538+0000] {subprocess.py:93} INFO - 2025-12-04 15:46:55,537 - kafka.coordinator - INFO - (Re-)joining group unified-viewer
[2025-12-04T15:46:58.506+0000] {subprocess.py:93} INFO - 2025-12-04 15:46:58,504 - kafka.coordinator - INFO - Successfully joined group unified-viewer <Generation 9 (member_id: kafka-python-2.3.0-fa214ae6-042e-45cc-88d2-0761d17b86c4, protocol: range)>
[2025-12-04T15:46:58.545+0000] {subprocess.py:93} INFO - 2025-12-04 15:46:58,543 - kafka.consumer.subscription_state - INFO - Updated partition assignment: []
[2025-12-04T15:46:58.547+0000] {subprocess.py:93} INFO - 2025-12-04 15:46:58,543 - kafka.coordinator.consumer - INFO - Setting newly assigned partitions set() for group unified-viewer
[2025-12-04T15:49:10.783+0000] {subprocess.py:93} INFO - 2025-12-04 15:49:10,778 - kafka.coordinator.heartbeat - WARNING - Heartbeat failed for group unified-viewer because it is rebalancing
[2025-12-04T15:49:10.800+0000] {subprocess.py:93} INFO - 2025-12-04 15:49:10,787 - kafka.coordinator.consumer - INFO - Revoking previously assigned partitions set() for group unified-viewer
[2025-12-04T15:49:10.816+0000] {subprocess.py:93} INFO - 2025-12-04 15:49:10,790 - kafka.coordinator - INFO - (Re-)joining group unified-viewer
[2025-12-04T15:49:11.056+0000] {subprocess.py:93} INFO - 2025-12-04 15:49:11,055 - kafka.coordinator - INFO - Successfully joined group unified-viewer <Generation 10 (member_id: kafka-python-2.3.0-fa214ae6-042e-45cc-88d2-0761d17b86c4, protocol: range)>
[2025-12-04T15:49:11.067+0000] {subprocess.py:93} INFO - 2025-12-04 15:49:11,067 - kafka.consumer.subscription_state - INFO - Updated partition assignment: []
[2025-12-04T15:49:11.072+0000] {subprocess.py:93} INFO - 2025-12-04 15:49:11,068 - kafka.coordinator.consumer - INFO - Setting newly assigned partitions set() for group unified-viewer
[2025-12-04T15:50:38.483+0000] {subprocess.py:93} INFO - 2025-12-04 15:50:38,481 - kafka.coordinator.heartbeat - WARNING - Heartbeat failed for group unified-viewer because it is rebalancing
[2025-12-04T15:50:38.486+0000] {subprocess.py:93} INFO - 2025-12-04 15:50:38,482 - kafka.coordinator.consumer - INFO - Revoking previously assigned partitions set() for group unified-viewer
[2025-12-04T15:50:38.487+0000] {subprocess.py:93} INFO - 2025-12-04 15:50:38,482 - kafka.coordinator - INFO - (Re-)joining group unified-viewer
[2025-12-04T15:50:38.620+0000] {subprocess.py:93} INFO - 2025-12-04 15:50:38,619 - kafka.coordinator - INFO - Successfully joined group unified-viewer <Generation 11 (member_id: kafka-python-2.3.0-fa214ae6-042e-45cc-88d2-0761d17b86c4, protocol: range)>
[2025-12-04T15:50:38.635+0000] {subprocess.py:93} INFO - 2025-12-04 15:50:38,633 - kafka.consumer.subscription_state - INFO - Updated partition assignment: []
[2025-12-04T15:50:38.642+0000] {subprocess.py:93} INFO - 2025-12-04 15:50:38,634 - kafka.coordinator.consumer - INFO - Setting newly assigned partitions set() for group unified-viewer
