[2025-12-07T14:28:26.078+0000] {taskinstance.py:1956} INFO - Dependencies all met for dep_context=non-requeueable deps ti=<TaskInstance: email_intelligence_pipeline.daily_insights_aggregation manual__2025-12-07T14:27:21.508679+00:00 [queued]>
[2025-12-07T14:28:26.091+0000] {taskinstance.py:1956} INFO - Dependencies all met for dep_context=requeueable deps ti=<TaskInstance: email_intelligence_pipeline.daily_insights_aggregation manual__2025-12-07T14:27:21.508679+00:00 [queued]>
[2025-12-07T14:28:26.093+0000] {taskinstance.py:2170} INFO - Starting attempt 1 of 1
[2025-12-07T14:28:26.116+0000] {taskinstance.py:2191} INFO - Executing <Task(BashOperator): daily_insights_aggregation> on 2025-12-07 14:27:21.508679+00:00
[2025-12-07T14:28:26.124+0000] {standard_task_runner.py:60} INFO - Started process 805 to run task
[2025-12-07T14:28:26.131+0000] {standard_task_runner.py:87} INFO - Running: ['***', 'tasks', 'run', 'email_intelligence_pipeline', 'daily_insights_aggregation', 'manual__2025-12-07T14:27:21.508679+00:00', '--job-id', '79', '--raw', '--subdir', 'DAGS_FOLDER/email_pipeline_dag.py', '--cfg-path', '/tmp/tmpg_9r6dhk']
[2025-12-07T14:28:26.137+0000] {standard_task_runner.py:88} INFO - Job 79: Subtask daily_insights_aggregation
[2025-12-07T14:28:26.236+0000] {task_command.py:423} INFO - Running <TaskInstance: email_intelligence_pipeline.daily_insights_aggregation manual__2025-12-07T14:27:21.508679+00:00 [running]> on host 3db08845f297
[2025-12-07T14:28:26.402+0000] {taskinstance.py:2480} INFO - Exporting env vars: AIRFLOW_CTX_DAG_OWNER='data_team' AIRFLOW_CTX_DAG_ID='email_intelligence_pipeline' AIRFLOW_CTX_TASK_ID='daily_insights_aggregation' AIRFLOW_CTX_EXECUTION_DATE='2025-12-07T14:27:21.508679+00:00' AIRFLOW_CTX_TRY_NUMBER='1' AIRFLOW_CTX_DAG_RUN_ID='manual__2025-12-07T14:27:21.508679+00:00'
[2025-12-07T14:28:26.406+0000] {subprocess.py:63} INFO - Tmp dir root location: /tmp
[2025-12-07T14:28:26.409+0000] {subprocess.py:75} INFO - Running command: ['/usr/bin/bash', '-c', '/opt/spark/bin/spark-submit --master local[2] --packages org.apache.hadoop:hadoop-aws:3.3.4 --name DailyInsightsAggregation /opt/spark/jobs/daily_aggregation.py']
[2025-12-07T14:28:26.425+0000] {subprocess.py:86} INFO - Output:
[2025-12-07T14:28:26.438+0000] {subprocess.py:93} INFO - /opt/spark/bin/load-spark-env.sh: line 68: ps: command not found
[2025-12-07T14:28:28.449+0000] {subprocess.py:93} INFO - :: loading settings :: url = jar:file:/opt/spark/jars/ivy-2.5.1.jar!/org/apache/ivy/core/settings/ivysettings.xml
[2025-12-07T14:28:28.565+0000] {subprocess.py:93} INFO - Ivy Default Cache set to: /home/***/.ivy2/cache
[2025-12-07T14:28:28.566+0000] {subprocess.py:93} INFO - The jars for the packages stored in: /home/***/.ivy2/jars
[2025-12-07T14:28:28.570+0000] {subprocess.py:93} INFO - org.apache.hadoop#hadoop-aws added as a dependency
[2025-12-07T14:28:28.571+0000] {subprocess.py:93} INFO - :: resolving dependencies :: org.apache.spark#spark-submit-parent-83d81f63-a08a-4d71-9184-24ccd0239de3;1.0
[2025-12-07T14:28:28.572+0000] {subprocess.py:93} INFO - 	confs: [default]
[2025-12-07T14:28:28.758+0000] {subprocess.py:93} INFO - 	found org.apache.hadoop#hadoop-aws;3.3.4 in central
[2025-12-07T14:28:28.783+0000] {subprocess.py:93} INFO - 	found com.amazonaws#aws-java-sdk-bundle;1.12.262 in central
[2025-12-07T14:28:28.811+0000] {subprocess.py:93} INFO - 	found org.wildfly.openssl#wildfly-openssl;1.0.7.Final in central
[2025-12-07T14:28:28.829+0000] {subprocess.py:93} INFO - :: resolution report :: resolve 249ms :: artifacts dl 8ms
[2025-12-07T14:28:28.830+0000] {subprocess.py:93} INFO - 	:: modules in use:
[2025-12-07T14:28:28.831+0000] {subprocess.py:93} INFO - 	com.amazonaws#aws-java-sdk-bundle;1.12.262 from central in [default]
[2025-12-07T14:28:28.832+0000] {subprocess.py:93} INFO - 	org.apache.hadoop#hadoop-aws;3.3.4 from central in [default]
[2025-12-07T14:28:28.832+0000] {subprocess.py:93} INFO - 	org.wildfly.openssl#wildfly-openssl;1.0.7.Final from central in [default]
[2025-12-07T14:28:28.833+0000] {subprocess.py:93} INFO - 	---------------------------------------------------------------------
[2025-12-07T14:28:28.834+0000] {subprocess.py:93} INFO - 	|                  |            modules            ||   artifacts   |
[2025-12-07T14:28:28.835+0000] {subprocess.py:93} INFO - 	|       conf       | number| search|dwnlded|evicted|| number|dwnlded|
[2025-12-07T14:28:28.835+0000] {subprocess.py:93} INFO - 	---------------------------------------------------------------------
[2025-12-07T14:28:28.836+0000] {subprocess.py:93} INFO - 	|      default     |   3   |   0   |   0   |   0   ||   3   |   0   |
[2025-12-07T14:28:28.837+0000] {subprocess.py:93} INFO - 	---------------------------------------------------------------------
[2025-12-07T14:28:28.838+0000] {subprocess.py:93} INFO - :: retrieving :: org.apache.spark#spark-submit-parent-83d81f63-a08a-4d71-9184-24ccd0239de3
[2025-12-07T14:28:28.839+0000] {subprocess.py:93} INFO - 	confs: [default]
[2025-12-07T14:28:28.840+0000] {subprocess.py:93} INFO - 	0 artifacts copied, 3 already retrieved (0kB/4ms)
[2025-12-07T14:28:29.017+0000] {subprocess.py:93} INFO - 25/12/07 14:28:29 WARN NativeCodeLoader: Unable to load native-hadoop library for your platform... using builtin-java classes where applicable
[2025-12-07T14:28:29.743+0000] {subprocess.py:93} INFO - ============================================================
[2025-12-07T14:28:29.744+0000] {subprocess.py:93} INFO - 🚀 DAILY AGGREGATION JOB STARTED
[2025-12-07T14:28:29.745+0000] {subprocess.py:93} INFO -    Timestamp: 2025-12-07 14:28:29.742718
[2025-12-07T14:28:29.746+0000] {subprocess.py:93} INFO - ============================================================
[2025-12-07T14:28:29.879+0000] {subprocess.py:93} INFO - 25/12/07 14:28:29 INFO SparkContext: Running Spark version 3.5.0
[2025-12-07T14:28:29.881+0000] {subprocess.py:93} INFO - 25/12/07 14:28:29 INFO SparkContext: OS info Linux, 6.6.87.2-microsoft-standard-WSL2, amd64
[2025-12-07T14:28:29.882+0000] {subprocess.py:93} INFO - 25/12/07 14:28:29 INFO SparkContext: Java version 17.0.17
[2025-12-07T14:28:29.897+0000] {subprocess.py:93} INFO - 25/12/07 14:28:29 INFO ResourceUtils: ==============================================================
[2025-12-07T14:28:29.898+0000] {subprocess.py:93} INFO - 25/12/07 14:28:29 INFO ResourceUtils: No custom resources configured for spark.driver.
[2025-12-07T14:28:29.900+0000] {subprocess.py:93} INFO - 25/12/07 14:28:29 INFO ResourceUtils: ==============================================================
[2025-12-07T14:28:29.900+0000] {subprocess.py:93} INFO - 25/12/07 14:28:29 INFO SparkContext: Submitted application: DailyAggregation
[2025-12-07T14:28:29.917+0000] {subprocess.py:93} INFO - 25/12/07 14:28:29 INFO ResourceProfile: Default ResourceProfile created, executor resources: Map(memory -> name: memory, amount: 1024, script: , vendor: , offHeap -> name: offHeap, amount: 0, script: , vendor: ), task resources: Map(cpus -> name: cpus, amount: 1.0)
[2025-12-07T14:28:29.923+0000] {subprocess.py:93} INFO - 25/12/07 14:28:29 INFO ResourceProfile: Limiting resource is cpu
[2025-12-07T14:28:29.924+0000] {subprocess.py:93} INFO - 25/12/07 14:28:29 INFO ResourceProfileManager: Added ResourceProfile id: 0
[2025-12-07T14:28:29.964+0000] {subprocess.py:93} INFO - 25/12/07 14:28:29 INFO SecurityManager: Changing view acls to: ***
[2025-12-07T14:28:29.965+0000] {subprocess.py:93} INFO - 25/12/07 14:28:29 INFO SecurityManager: Changing modify acls to: ***
[2025-12-07T14:28:29.966+0000] {subprocess.py:93} INFO - 25/12/07 14:28:29 INFO SecurityManager: Changing view acls groups to:
[2025-12-07T14:28:29.966+0000] {subprocess.py:93} INFO - 25/12/07 14:28:29 INFO SecurityManager: Changing modify acls groups to:
[2025-12-07T14:28:29.967+0000] {subprocess.py:93} INFO - 25/12/07 14:28:29 INFO SecurityManager: SecurityManager: authentication disabled; ui acls disabled; users with view permissions: ***; groups with view permissions: EMPTY; users with modify permissions: ***; groups with modify permissions: EMPTY
[2025-12-07T14:28:30.143+0000] {subprocess.py:93} INFO - 25/12/07 14:28:30 INFO Utils: Successfully started service 'sparkDriver' on port 45361.
[2025-12-07T14:28:30.174+0000] {subprocess.py:93} INFO - 25/12/07 14:28:30 INFO SparkEnv: Registering MapOutputTracker
[2025-12-07T14:28:30.208+0000] {subprocess.py:93} INFO - 25/12/07 14:28:30 INFO SparkEnv: Registering BlockManagerMaster
[2025-12-07T14:28:30.238+0000] {subprocess.py:93} INFO - 25/12/07 14:28:30 INFO BlockManagerMasterEndpoint: Using org.apache.spark.storage.DefaultTopologyMapper for getting topology information
[2025-12-07T14:28:30.240+0000] {subprocess.py:93} INFO - 25/12/07 14:28:30 INFO BlockManagerMasterEndpoint: BlockManagerMasterEndpoint up
[2025-12-07T14:28:30.243+0000] {subprocess.py:93} INFO - 25/12/07 14:28:30 INFO SparkEnv: Registering BlockManagerMasterHeartbeat
[2025-12-07T14:28:30.260+0000] {subprocess.py:93} INFO - 25/12/07 14:28:30 INFO DiskBlockManager: Created local directory at /tmp/blockmgr-1801506c-b818-4a04-9ead-af4e081689f0
[2025-12-07T14:28:30.271+0000] {subprocess.py:93} INFO - 25/12/07 14:28:30 INFO MemoryStore: MemoryStore started with capacity 434.4 MiB
[2025-12-07T14:28:30.282+0000] {subprocess.py:93} INFO - 25/12/07 14:28:30 INFO SparkEnv: Registering OutputCommitCoordinator
[2025-12-07T14:28:30.374+0000] {subprocess.py:93} INFO - 25/12/07 14:28:30 INFO JettyUtils: Start Jetty 0.0.0.0:4040 for SparkUI
[2025-12-07T14:28:30.432+0000] {subprocess.py:93} INFO - 25/12/07 14:28:30 INFO Utils: Successfully started service 'SparkUI' on port 4040.
[2025-12-07T14:28:30.460+0000] {subprocess.py:93} INFO - 25/12/07 14:28:30 INFO SparkContext: Added JAR file:///home/***/.ivy2/jars/org.apache.hadoop_hadoop-aws-3.3.4.jar at spark://3db08845f297:45361/jars/org.apache.hadoop_hadoop-aws-3.3.4.jar with timestamp 1765117709872
[2025-12-07T14:28:30.461+0000] {subprocess.py:93} INFO - 25/12/07 14:28:30 INFO SparkContext: Added JAR file:///home/***/.ivy2/jars/com.amazonaws_aws-java-sdk-bundle-1.12.262.jar at spark://3db08845f297:45361/jars/com.amazonaws_aws-java-sdk-bundle-1.12.262.jar with timestamp 1765117709872
[2025-12-07T14:28:30.462+0000] {subprocess.py:93} INFO - 25/12/07 14:28:30 INFO SparkContext: Added JAR file:///home/***/.ivy2/jars/org.wildfly.openssl_wildfly-openssl-1.0.7.Final.jar at spark://3db08845f297:45361/jars/org.wildfly.openssl_wildfly-openssl-1.0.7.Final.jar with timestamp 1765117709872
[2025-12-07T14:28:30.465+0000] {subprocess.py:93} INFO - 25/12/07 14:28:30 INFO SparkContext: Added file file:///home/***/.ivy2/jars/org.apache.hadoop_hadoop-aws-3.3.4.jar at spark://3db08845f297:45361/files/org.apache.hadoop_hadoop-aws-3.3.4.jar with timestamp 1765117709872
[2025-12-07T14:28:30.466+0000] {subprocess.py:93} INFO - 25/12/07 14:28:30 INFO Utils: Copying /home/***/.ivy2/jars/org.apache.hadoop_hadoop-aws-3.3.4.jar to /tmp/spark-cec552de-789f-41a2-992c-53b3a69c41db/userFiles-6b94b54f-e160-4e8c-a0a9-ba1f032ea46d/org.apache.hadoop_hadoop-aws-3.3.4.jar
[2025-12-07T14:28:30.482+0000] {subprocess.py:93} INFO - 25/12/07 14:28:30 INFO SparkContext: Added file file:///home/***/.ivy2/jars/com.amazonaws_aws-java-sdk-bundle-1.12.262.jar at spark://3db08845f297:45361/files/com.amazonaws_aws-java-sdk-bundle-1.12.262.jar with timestamp 1765117709872
[2025-12-07T14:28:30.483+0000] {subprocess.py:93} INFO - 25/12/07 14:28:30 INFO Utils: Copying /home/***/.ivy2/jars/com.amazonaws_aws-java-sdk-bundle-1.12.262.jar to /tmp/spark-cec552de-789f-41a2-992c-53b3a69c41db/userFiles-6b94b54f-e160-4e8c-a0a9-ba1f032ea46d/com.amazonaws_aws-java-sdk-bundle-1.12.262.jar
[2025-12-07T14:28:30.677+0000] {subprocess.py:93} INFO - 25/12/07 14:28:30 INFO SparkContext: Added file file:///home/***/.ivy2/jars/org.wildfly.openssl_wildfly-openssl-1.0.7.Final.jar at spark://3db08845f297:45361/files/org.wildfly.openssl_wildfly-openssl-1.0.7.Final.jar with timestamp 1765117709872
[2025-12-07T14:28:30.678+0000] {subprocess.py:93} INFO - 25/12/07 14:28:30 INFO Utils: Copying /home/***/.ivy2/jars/org.wildfly.openssl_wildfly-openssl-1.0.7.Final.jar to /tmp/spark-cec552de-789f-41a2-992c-53b3a69c41db/userFiles-6b94b54f-e160-4e8c-a0a9-ba1f032ea46d/org.wildfly.openssl_wildfly-openssl-1.0.7.Final.jar
[2025-12-07T14:28:30.749+0000] {subprocess.py:93} INFO - 25/12/07 14:28:30 INFO StandaloneAppClient$ClientEndpoint: Connecting to master spark://spark-master:7077...
[2025-12-07T14:28:30.782+0000] {subprocess.py:93} INFO - 25/12/07 14:28:30 INFO TransportClientFactory: Successfully created connection to spark-master/172.20.0.5:7077 after 16 ms (0 ms spent in bootstraps)
[2025-12-07T14:28:30.863+0000] {subprocess.py:93} INFO - 25/12/07 14:28:30 INFO StandaloneSchedulerBackend: Connected to Spark cluster with app ID app-20251207142830-0002
[2025-12-07T14:28:30.867+0000] {subprocess.py:93} INFO - 25/12/07 14:28:30 INFO StandaloneAppClient$ClientEndpoint: Executor added: app-20251207142830-0002/0 on worker-20251207142257-172.20.0.6-40327 (172.20.0.6:40327) with 2 core(s)
[2025-12-07T14:28:30.868+0000] {subprocess.py:93} INFO - 25/12/07 14:28:30 INFO StandaloneSchedulerBackend: Granted executor ID app-20251207142830-0002/0 on hostPort 172.20.0.6:40327 with 2 core(s), 1024.0 MiB RAM
[2025-12-07T14:28:30.874+0000] {subprocess.py:93} INFO - 25/12/07 14:28:30 INFO Utils: Successfully started service 'org.apache.spark.network.netty.NettyBlockTransferService' on port 41591.
[2025-12-07T14:28:30.875+0000] {subprocess.py:93} INFO - 25/12/07 14:28:30 INFO NettyBlockTransferService: Server created on 3db08845f297:41591
[2025-12-07T14:28:30.877+0000] {subprocess.py:93} INFO - 25/12/07 14:28:30 INFO BlockManager: Using org.apache.spark.storage.RandomBlockReplicationPolicy for block replication policy
[2025-12-07T14:28:30.888+0000] {subprocess.py:93} INFO - 25/12/07 14:28:30 INFO BlockManagerMaster: Registering BlockManager BlockManagerId(driver, 3db08845f297, 41591, None)
[2025-12-07T14:28:30.893+0000] {subprocess.py:93} INFO - 25/12/07 14:28:30 INFO BlockManagerMasterEndpoint: Registering block manager 3db08845f297:41591 with 434.4 MiB RAM, BlockManagerId(driver, 3db08845f297, 41591, None)
[2025-12-07T14:28:30.894+0000] {subprocess.py:93} INFO - 25/12/07 14:28:30 INFO BlockManagerMaster: Registered BlockManager BlockManagerId(driver, 3db08845f297, 41591, None)
[2025-12-07T14:28:30.895+0000] {subprocess.py:93} INFO - 25/12/07 14:28:30 INFO BlockManager: Initialized BlockManager: BlockManagerId(driver, 3db08845f297, 41591, None)
[2025-12-07T14:28:31.049+0000] {subprocess.py:93} INFO - 25/12/07 14:28:31 INFO StandaloneSchedulerBackend: SchedulerBackend is ready for scheduling beginning after reached minRegisteredResourcesRatio: 0.0
[2025-12-07T14:28:31.108+0000] {subprocess.py:93} INFO - 25/12/07 14:28:31 INFO StandaloneAppClient$ClientEndpoint: Executor updated: app-20251207142830-0002/0 is now RUNNING
[2025-12-07T14:28:31.284+0000] {subprocess.py:93} INFO - 📌 Step 1: Reading Bronze layer from MinIO...
[2025-12-07T14:28:31.290+0000] {subprocess.py:93} INFO - 25/12/07 14:28:31 INFO SharedState: Setting hive.metastore.warehouse.dir ('null') to the value of spark.sql.warehouse.dir.
[2025-12-07T14:28:31.293+0000] {subprocess.py:93} INFO - 25/12/07 14:28:31 INFO SharedState: Warehouse path is 'file:/tmp/***tmpwanosk0y/spark-warehouse'.
[2025-12-07T14:28:32.345+0000] {subprocess.py:93} INFO - 25/12/07 14:28:32 WARN MetricsConfig: Cannot locate configuration: tried hadoop-metrics2-s3a-file-system.properties,hadoop-metrics2.properties
[2025-12-07T14:28:32.360+0000] {subprocess.py:93} INFO - 25/12/07 14:28:32 INFO MetricsSystemImpl: Scheduled Metric snapshot period at 10 second(s).
[2025-12-07T14:28:32.362+0000] {subprocess.py:93} INFO - 25/12/07 14:28:32 INFO MetricsSystemImpl: s3a-file-system metrics system started
[2025-12-07T14:28:34.563+0000] {subprocess.py:93} INFO - 25/12/07 14:28:34 INFO StandaloneSchedulerBackend$StandaloneDriverEndpoint: Registered executor NettyRpcEndpointRef(spark-client://Executor) (172.20.0.6:43904) with ID 0,  ResourceProfileId 0
[2025-12-07T14:28:34.690+0000] {subprocess.py:93} INFO - 25/12/07 14:28:34 INFO BlockManagerMasterEndpoint: Registering block manager 172.20.0.6:45625 with 434.4 MiB RAM, BlockManagerId(0, 172.20.0.6, 45625, None)
[2025-12-07T14:30:56.082+0000] {subprocess.py:93} INFO - 25/12/07 14:30:56 WARN FileStreamSink: Assume no metadata directory. Error while looking for metadata directory in the path: s3a://datalake/bronze/emails/.
[2025-12-07T14:30:56.087+0000] {subprocess.py:93} INFO - java.nio.file.AccessDeniedException: s3a://datalake/bronze/emails: getFileStatus on s3a://datalake/bronze/emails: com.amazonaws.services.s3.model.AmazonS3Exception: The request signature we calculated does not match the signature you provided. Check your key and signing method. (Service: Amazon S3; Status Code: 403; Error Code: SignatureDoesNotMatch; Request ID: 187EF5568B1FF401; S3 Extended Request ID: dd9025bab4ad464b049177c95eb6ebf374d3b3fd1af9251148b658df7ac2e3e8; Proxy: null), S3 Extended Request ID: dd9025bab4ad464b049177c95eb6ebf374d3b3fd1af9251148b658df7ac2e3e8:SignatureDoesNotMatch
[2025-12-07T14:30:56.092+0000] {subprocess.py:93} INFO - 	at org.apache.hadoop.fs.s3a.S3AUtils.translateException(S3AUtils.java:255)
[2025-12-07T14:30:56.093+0000] {subprocess.py:93} INFO - 	at org.apache.hadoop.fs.s3a.S3AUtils.translateException(S3AUtils.java:175)
[2025-12-07T14:30:56.093+0000] {subprocess.py:93} INFO - 	at org.apache.hadoop.fs.s3a.S3AFileSystem.s3GetFileStatus(S3AFileSystem.java:3858)
[2025-12-07T14:30:56.094+0000] {subprocess.py:93} INFO - 	at org.apache.hadoop.fs.s3a.S3AFileSystem.innerGetFileStatus(S3AFileSystem.java:3688)
[2025-12-07T14:30:56.094+0000] {subprocess.py:93} INFO - 	at org.apache.hadoop.fs.s3a.S3AFileSystem.lambda$isDirectory$35(S3AFileSystem.java:4724)
[2025-12-07T14:30:56.094+0000] {subprocess.py:93} INFO - 	at org.apache.hadoop.fs.statistics.impl.IOStatisticsBinding.lambda$trackDurationOfOperation$5(IOStatisticsBinding.java:499)
[2025-12-07T14:30:56.095+0000] {subprocess.py:93} INFO - 	at org.apache.hadoop.fs.statistics.impl.IOStatisticsBinding.trackDuration(IOStatisticsBinding.java:444)
[2025-12-07T14:30:56.095+0000] {subprocess.py:93} INFO - 	at org.apache.hadoop.fs.s3a.S3AFileSystem.trackDurationAndSpan(S3AFileSystem.java:2337)
[2025-12-07T14:30:56.096+0000] {subprocess.py:93} INFO - 	at org.apache.hadoop.fs.s3a.S3AFileSystem.trackDurationAndSpan(S3AFileSystem.java:2356)
[2025-12-07T14:30:56.096+0000] {subprocess.py:93} INFO - 	at org.apache.hadoop.fs.s3a.S3AFileSystem.isDirectory(S3AFileSystem.java:4722)
[2025-12-07T14:30:56.097+0000] {subprocess.py:93} INFO - 	at org.apache.spark.sql.execution.streaming.FileStreamSink$.hasMetadata(FileStreamSink.scala:54)
[2025-12-07T14:30:56.097+0000] {subprocess.py:93} INFO - 	at org.apache.spark.sql.execution.datasources.DataSource.resolveRelation(DataSource.scala:366)
[2025-12-07T14:30:56.098+0000] {subprocess.py:93} INFO - 	at org.apache.spark.sql.DataFrameReader.loadV1Source(DataFrameReader.scala:229)
[2025-12-07T14:30:56.098+0000] {subprocess.py:93} INFO - 	at org.apache.spark.sql.DataFrameReader.$anonfun$load$2(DataFrameReader.scala:211)
[2025-12-07T14:30:56.099+0000] {subprocess.py:93} INFO - 	at scala.Option.getOrElse(Option.scala:189)
[2025-12-07T14:30:56.099+0000] {subprocess.py:93} INFO - 	at org.apache.spark.sql.DataFrameReader.load(DataFrameReader.scala:211)
[2025-12-07T14:30:56.100+0000] {subprocess.py:93} INFO - 	at org.apache.spark.sql.DataFrameReader.parquet(DataFrameReader.scala:563)
[2025-12-07T14:30:56.101+0000] {subprocess.py:93} INFO - 	at java.base/jdk.internal.reflect.NativeMethodAccessorImpl.invoke0(Native Method)
[2025-12-07T14:30:56.101+0000] {subprocess.py:93} INFO - 	at java.base/jdk.internal.reflect.NativeMethodAccessorImpl.invoke(NativeMethodAccessorImpl.java:77)
[2025-12-07T14:30:56.101+0000] {subprocess.py:93} INFO - 	at java.base/jdk.internal.reflect.DelegatingMethodAccessorImpl.invoke(DelegatingMethodAccessorImpl.java:43)
[2025-12-07T14:30:56.102+0000] {subprocess.py:93} INFO - 	at java.base/java.lang.reflect.Method.invoke(Method.java:569)
[2025-12-07T14:30:56.102+0000] {subprocess.py:93} INFO - 	at py4j.reflection.MethodInvoker.invoke(MethodInvoker.java:244)
[2025-12-07T14:30:56.103+0000] {subprocess.py:93} INFO - 	at py4j.reflection.ReflectionEngine.invoke(ReflectionEngine.java:374)
[2025-12-07T14:30:56.103+0000] {subprocess.py:93} INFO - 	at py4j.Gateway.invoke(Gateway.java:282)
[2025-12-07T14:30:56.104+0000] {subprocess.py:93} INFO - 	at py4j.commands.AbstractCommand.invokeMethod(AbstractCommand.java:132)
[2025-12-07T14:30:56.104+0000] {subprocess.py:93} INFO - 	at py4j.commands.CallCommand.execute(CallCommand.java:79)
[2025-12-07T14:30:56.105+0000] {subprocess.py:93} INFO - 	at py4j.ClientServerConnection.waitForCommands(ClientServerConnection.java:182)
[2025-12-07T14:30:56.106+0000] {subprocess.py:93} INFO - 	at py4j.ClientServerConnection.run(ClientServerConnection.java:106)
[2025-12-07T14:30:56.107+0000] {subprocess.py:93} INFO - 	at java.base/java.lang.Thread.run(Thread.java:840)
[2025-12-07T14:30:56.107+0000] {subprocess.py:93} INFO - Caused by: com.amazonaws.services.s3.model.AmazonS3Exception: The request signature we calculated does not match the signature you provided. Check your key and signing method. (Service: Amazon S3; Status Code: 403; Error Code: SignatureDoesNotMatch; Request ID: 187EF5568B1FF401; S3 Extended Request ID: dd9025bab4ad464b049177c95eb6ebf374d3b3fd1af9251148b658df7ac2e3e8; Proxy: null), S3 Extended Request ID: dd9025bab4ad464b049177c95eb6ebf374d3b3fd1af9251148b658df7ac2e3e8
[2025-12-07T14:30:56.108+0000] {subprocess.py:93} INFO - 	at com.amazonaws.http.AmazonHttpClient$RequestExecutor.handleErrorResponse(AmazonHttpClient.java:1879)
[2025-12-07T14:30:56.108+0000] {subprocess.py:93} INFO - 	at com.amazonaws.http.AmazonHttpClient$RequestExecutor.handleServiceErrorResponse(AmazonHttpClient.java:1418)
[2025-12-07T14:30:56.108+0000] {subprocess.py:93} INFO - 	at com.amazonaws.http.AmazonHttpClient$RequestExecutor.executeOneRequest(AmazonHttpClient.java:1387)
[2025-12-07T14:30:56.109+0000] {subprocess.py:93} INFO - 	at com.amazonaws.http.AmazonHttpClient$RequestExecutor.executeHelper(AmazonHttpClient.java:1157)
[2025-12-07T14:30:56.109+0000] {subprocess.py:93} INFO - 	at com.amazonaws.http.AmazonHttpClient$RequestExecutor.doExecute(AmazonHttpClient.java:814)
[2025-12-07T14:30:56.109+0000] {subprocess.py:93} INFO - 	at com.amazonaws.http.AmazonHttpClient$RequestExecutor.executeWithTimer(AmazonHttpClient.java:781)
[2025-12-07T14:30:56.110+0000] {subprocess.py:93} INFO - 	at com.amazonaws.http.AmazonHttpClient$RequestExecutor.execute(AmazonHttpClient.java:755)
[2025-12-07T14:30:56.110+0000] {subprocess.py:93} INFO - 	at com.amazonaws.http.AmazonHttpClient$RequestExecutor.access$500(AmazonHttpClient.java:715)
[2025-12-07T14:30:56.110+0000] {subprocess.py:93} INFO - 	at com.amazonaws.http.AmazonHttpClient$RequestExecutionBuilderImpl.execute(AmazonHttpClient.java:697)
[2025-12-07T14:30:56.111+0000] {subprocess.py:93} INFO - 	at com.amazonaws.http.AmazonHttpClient.execute(AmazonHttpClient.java:561)
[2025-12-07T14:30:56.111+0000] {subprocess.py:93} INFO - 	at com.amazonaws.http.AmazonHttpClient.execute(AmazonHttpClient.java:541)
[2025-12-07T14:30:56.111+0000] {subprocess.py:93} INFO - 	at com.amazonaws.services.s3.AmazonS3Client.invoke(AmazonS3Client.java:5456)
[2025-12-07T14:30:56.112+0000] {subprocess.py:93} INFO - 	at com.amazonaws.services.s3.AmazonS3Client.invoke(AmazonS3Client.java:5403)
[2025-12-07T14:30:56.113+0000] {subprocess.py:93} INFO - 	at com.amazonaws.services.s3.AmazonS3Client.invoke(AmazonS3Client.java:5397)
[2025-12-07T14:30:56.114+0000] {subprocess.py:93} INFO - 	at com.amazonaws.services.s3.AmazonS3Client.listObjectsV2(AmazonS3Client.java:971)
[2025-12-07T14:30:56.114+0000] {subprocess.py:93} INFO - 	at org.apache.hadoop.fs.s3a.S3AFileSystem.lambda$listObjects$11(S3AFileSystem.java:2595)
[2025-12-07T14:30:56.114+0000] {subprocess.py:93} INFO - 	at org.apache.hadoop.fs.statistics.impl.IOStatisticsBinding.lambda$trackDurationOfOperation$5(IOStatisticsBinding.java:499)
[2025-12-07T14:30:56.115+0000] {subprocess.py:93} INFO - 	at org.apache.hadoop.fs.s3a.Invoker.retryUntranslated(Invoker.java:414)
[2025-12-07T14:30:56.115+0000] {subprocess.py:93} INFO - 	at org.apache.hadoop.fs.s3a.Invoker.retryUntranslated(Invoker.java:377)
[2025-12-07T14:30:56.115+0000] {subprocess.py:93} INFO - 	at org.apache.hadoop.fs.s3a.S3AFileSystem.listObjects(S3AFileSystem.java:2586)
[2025-12-07T14:30:56.116+0000] {subprocess.py:93} INFO - 	at org.apache.hadoop.fs.s3a.S3AFileSystem.s3GetFileStatus(S3AFileSystem.java:3832)
[2025-12-07T14:30:56.116+0000] {subprocess.py:93} INFO - 	... 26 more
[2025-12-07T14:30:56.240+0000] {subprocess.py:93} INFO - ❌ Error reading Bronze layer: An error occurred while calling o38.parquet.
[2025-12-07T14:30:56.241+0000] {subprocess.py:93} INFO - : java.nio.file.AccessDeniedException: s3a://datalake/bronze/emails: getFileStatus on s3a://datalake/bronze/emails: com.amazonaws.services.s3.model.AmazonS3Exception: Forbidden (Service: Amazon S3; Status Code: 403; Error Code: 403 Forbidden; Request ID: 187EF55692DF6535; S3 Extended Request ID: dd9025bab4ad464b049177c95eb6ebf374d3b3fd1af9251148b658df7ac2e3e8; Proxy: null), S3 Extended Request ID: dd9025bab4ad464b049177c95eb6ebf374d3b3fd1af9251148b658df7ac2e3e8:403 Forbidden
[2025-12-07T14:30:56.242+0000] {subprocess.py:93} INFO - 	at org.apache.hadoop.fs.s3a.S3AUtils.translateException(S3AUtils.java:255)
[2025-12-07T14:30:56.242+0000] {subprocess.py:93} INFO - 	at org.apache.hadoop.fs.s3a.S3AUtils.translateException(S3AUtils.java:175)
[2025-12-07T14:30:56.243+0000] {subprocess.py:93} INFO - 	at org.apache.hadoop.fs.s3a.S3AFileSystem.s3GetFileStatus(S3AFileSystem.java:3796)
[2025-12-07T14:30:56.243+0000] {subprocess.py:93} INFO - 	at org.apache.hadoop.fs.s3a.S3AFileSystem.innerGetFileStatus(S3AFileSystem.java:3688)
[2025-12-07T14:30:56.244+0000] {subprocess.py:93} INFO - 	at org.apache.hadoop.fs.s3a.S3AFileSystem.lambda$exists$34(S3AFileSystem.java:4703)
[2025-12-07T14:30:56.244+0000] {subprocess.py:93} INFO - 	at org.apache.hadoop.fs.statistics.impl.IOStatisticsBinding.lambda$trackDurationOfOperation$5(IOStatisticsBinding.java:499)
[2025-12-07T14:30:56.245+0000] {subprocess.py:93} INFO - 	at org.apache.hadoop.fs.statistics.impl.IOStatisticsBinding.trackDuration(IOStatisticsBinding.java:444)
[2025-12-07T14:30:56.245+0000] {subprocess.py:93} INFO - 	at org.apache.hadoop.fs.s3a.S3AFileSystem.trackDurationAndSpan(S3AFileSystem.java:2337)
[2025-12-07T14:30:56.246+0000] {subprocess.py:93} INFO - 	at org.apache.hadoop.fs.s3a.S3AFileSystem.trackDurationAndSpan(S3AFileSystem.java:2356)
[2025-12-07T14:30:56.246+0000] {subprocess.py:93} INFO - 	at org.apache.hadoop.fs.s3a.S3AFileSystem.exists(S3AFileSystem.java:4701)
[2025-12-07T14:30:56.247+0000] {subprocess.py:93} INFO - 	at org.apache.spark.sql.execution.datasources.DataSource$.$anonfun$checkAndGlobPathIfNecessary$4(DataSource.scala:756)
[2025-12-07T14:30:56.248+0000] {subprocess.py:93} INFO - 	at org.apache.spark.sql.execution.datasources.DataSource$.$anonfun$checkAndGlobPathIfNecessary$4$adapted(DataSource.scala:754)
[2025-12-07T14:30:56.248+0000] {subprocess.py:93} INFO - 	at org.apache.spark.util.ThreadUtils$.$anonfun$parmap$2(ThreadUtils.scala:380)
[2025-12-07T14:30:56.248+0000] {subprocess.py:93} INFO - 	at scala.concurrent.Future$.$anonfun$apply$1(Future.scala:659)
[2025-12-07T14:30:56.249+0000] {subprocess.py:93} INFO - 	at scala.util.Success.$anonfun$map$1(Try.scala:255)
[2025-12-07T14:30:56.249+0000] {subprocess.py:93} INFO - 	at scala.util.Success.map(Try.scala:213)
[2025-12-07T14:30:56.250+0000] {subprocess.py:93} INFO - 	at scala.concurrent.Future.$anonfun$map$1(Future.scala:292)
[2025-12-07T14:30:56.253+0000] {subprocess.py:93} INFO - 	at scala.concurrent.impl.Promise.liftedTree1$1(Promise.scala:33)
[2025-12-07T14:30:56.253+0000] {subprocess.py:93} INFO - 	at scala.concurrent.impl.Promise.$anonfun$transform$1(Promise.scala:33)
[2025-12-07T14:30:56.254+0000] {subprocess.py:93} INFO - 	at scala.concurrent.impl.CallbackRunnable.run(Promise.scala:64)
[2025-12-07T14:30:56.254+0000] {subprocess.py:93} INFO - 	at java.base/java.util.concurrent.ForkJoinTask$RunnableExecuteAction.exec(ForkJoinTask.java:1395)
[2025-12-07T14:30:56.255+0000] {subprocess.py:93} INFO - 	at java.base/java.util.concurrent.ForkJoinTask.doExec(ForkJoinTask.java:373)
[2025-12-07T14:30:56.255+0000] {subprocess.py:93} INFO - 	at java.base/java.util.concurrent.ForkJoinPool$WorkQueue.topLevelExec(ForkJoinPool.java:1182)
[2025-12-07T14:30:56.255+0000] {subprocess.py:93} INFO - 	at java.base/java.util.concurrent.ForkJoinPool.scan(ForkJoinPool.java:1655)
[2025-12-07T14:30:56.256+0000] {subprocess.py:93} INFO - 	at java.base/java.util.concurrent.ForkJoinPool.runWorker(ForkJoinPool.java:1622)
[2025-12-07T14:30:56.256+0000] {subprocess.py:93} INFO - 	at java.base/java.util.concurrent.ForkJoinWorkerThread.run(ForkJoinWorkerThread.java:165)
[2025-12-07T14:30:56.256+0000] {subprocess.py:93} INFO - Caused by: com.amazonaws.services.s3.model.AmazonS3Exception: Forbidden (Service: Amazon S3; Status Code: 403; Error Code: 403 Forbidden; Request ID: 187EF55692DF6535; S3 Extended Request ID: dd9025bab4ad464b049177c95eb6ebf374d3b3fd1af9251148b658df7ac2e3e8; Proxy: null), S3 Extended Request ID: dd9025bab4ad464b049177c95eb6ebf374d3b3fd1af9251148b658df7ac2e3e8
[2025-12-07T14:30:56.256+0000] {subprocess.py:93} INFO - 	at com.amazonaws.http.AmazonHttpClient$RequestExecutor.handleErrorResponse(AmazonHttpClient.java:1879)
[2025-12-07T14:30:56.257+0000] {subprocess.py:93} INFO - 	at com.amazonaws.http.AmazonHttpClient$RequestExecutor.handleServiceErrorResponse(AmazonHttpClient.java:1418)
[2025-12-07T14:30:56.257+0000] {subprocess.py:93} INFO - 	at com.amazonaws.http.AmazonHttpClient$RequestExecutor.executeOneRequest(AmazonHttpClient.java:1387)
[2025-12-07T14:30:56.257+0000] {subprocess.py:93} INFO - 	at com.amazonaws.http.AmazonHttpClient$RequestExecutor.executeHelper(AmazonHttpClient.java:1157)
[2025-12-07T14:30:56.258+0000] {subprocess.py:93} INFO - 	at com.amazonaws.http.AmazonHttpClient$RequestExecutor.doExecute(AmazonHttpClient.java:814)
[2025-12-07T14:30:56.258+0000] {subprocess.py:93} INFO - 	at com.amazonaws.http.AmazonHttpClient$RequestExecutor.executeWithTimer(AmazonHttpClient.java:781)
[2025-12-07T14:30:56.258+0000] {subprocess.py:93} INFO - 	at com.amazonaws.http.AmazonHttpClient$RequestExecutor.execute(AmazonHttpClient.java:755)
[2025-12-07T14:30:56.259+0000] {subprocess.py:93} INFO - 	at com.amazonaws.http.AmazonHttpClient$RequestExecutor.access$500(AmazonHttpClient.java:715)
[2025-12-07T14:30:56.259+0000] {subprocess.py:93} INFO - 	at com.amazonaws.http.AmazonHttpClient$RequestExecutionBuilderImpl.execute(AmazonHttpClient.java:697)
[2025-12-07T14:30:56.260+0000] {subprocess.py:93} INFO - 	at com.amazonaws.http.AmazonHttpClient.execute(AmazonHttpClient.java:561)
[2025-12-07T14:30:56.260+0000] {subprocess.py:93} INFO - 	at com.amazonaws.http.AmazonHttpClient.execute(AmazonHttpClient.java:541)
[2025-12-07T14:30:56.260+0000] {subprocess.py:93} INFO - 	at com.amazonaws.services.s3.AmazonS3Client.invoke(AmazonS3Client.java:5456)
[2025-12-07T14:30:56.261+0000] {subprocess.py:93} INFO - 	at com.amazonaws.services.s3.AmazonS3Client.invoke(AmazonS3Client.java:5403)
[2025-12-07T14:30:56.261+0000] {subprocess.py:93} INFO - 	at com.amazonaws.services.s3.AmazonS3Client.getObjectMetadata(AmazonS3Client.java:1372)
[2025-12-07T14:30:56.262+0000] {subprocess.py:93} INFO - 	at org.apache.hadoop.fs.s3a.S3AFileSystem.lambda$getObjectMetadata$10(S3AFileSystem.java:2545)
[2025-12-07T14:30:56.262+0000] {subprocess.py:93} INFO - 	at org.apache.hadoop.fs.s3a.Invoker.retryUntranslated(Invoker.java:414)
[2025-12-07T14:30:56.263+0000] {subprocess.py:93} INFO - 	at org.apache.hadoop.fs.s3a.Invoker.retryUntranslated(Invoker.java:377)
[2025-12-07T14:30:56.263+0000] {subprocess.py:93} INFO - 	at org.apache.hadoop.fs.s3a.S3AFileSystem.getObjectMetadata(S3AFileSystem.java:2533)
[2025-12-07T14:30:56.264+0000] {subprocess.py:93} INFO - 	at org.apache.hadoop.fs.s3a.S3AFileSystem.getObjectMetadata(S3AFileSystem.java:2513)
[2025-12-07T14:30:56.264+0000] {subprocess.py:93} INFO - 	at org.apache.hadoop.fs.s3a.S3AFileSystem.s3GetFileStatus(S3AFileSystem.java:3776)
[2025-12-07T14:30:56.264+0000] {subprocess.py:93} INFO - 	... 23 more
[2025-12-07T14:30:56.265+0000] {subprocess.py:93} INFO - 
[2025-12-07T14:30:56.265+0000] {subprocess.py:93} INFO - ❌ Failed to read Bronze layer. Exiting.
[2025-12-07T14:30:56.265+0000] {subprocess.py:93} INFO - 25/12/07 14:30:56 INFO SparkContext: SparkContext is stopping with exitCode 0.
[2025-12-07T14:30:56.266+0000] {subprocess.py:93} INFO - 25/12/07 14:30:56 INFO SparkUI: Stopped Spark web UI at http://3db08845f297:4040
[2025-12-07T14:30:56.272+0000] {subprocess.py:93} INFO - 25/12/07 14:30:56 INFO StandaloneSchedulerBackend: Shutting down all executors
[2025-12-07T14:30:56.273+0000] {subprocess.py:93} INFO - 25/12/07 14:30:56 INFO StandaloneSchedulerBackend$StandaloneDriverEndpoint: Asking each executor to shut down
[2025-12-07T14:30:56.307+0000] {subprocess.py:93} INFO - 25/12/07 14:30:56 INFO MapOutputTrackerMasterEndpoint: MapOutputTrackerMasterEndpoint stopped!
[2025-12-07T14:30:56.357+0000] {subprocess.py:93} INFO - 25/12/07 14:30:56 INFO MemoryStore: MemoryStore cleared
[2025-12-07T14:30:56.359+0000] {subprocess.py:93} INFO - 25/12/07 14:30:56 INFO BlockManager: BlockManager stopped
[2025-12-07T14:30:56.373+0000] {subprocess.py:93} INFO - 25/12/07 14:30:56 INFO BlockManagerMaster: BlockManagerMaster stopped
[2025-12-07T14:30:56.379+0000] {subprocess.py:93} INFO - 25/12/07 14:30:56 INFO OutputCommitCoordinator$OutputCommitCoordinatorEndpoint: OutputCommitCoordinator stopped!
[2025-12-07T14:30:56.403+0000] {subprocess.py:93} INFO - 25/12/07 14:30:56 INFO SparkContext: Successfully stopped SparkContext
[2025-12-07T14:30:56.781+0000] {subprocess.py:93} INFO - 25/12/07 14:30:56 INFO ShutdownHookManager: Shutdown hook called
[2025-12-07T14:30:56.782+0000] {subprocess.py:93} INFO - 25/12/07 14:30:56 INFO ShutdownHookManager: Deleting directory /tmp/spark-e940828a-c14d-4235-9d26-f3a4c0b42558
[2025-12-07T14:30:56.790+0000] {subprocess.py:93} INFO - 25/12/07 14:30:56 INFO ShutdownHookManager: Deleting directory /tmp/spark-cec552de-789f-41a2-992c-53b3a69c41db/pyspark-d8930579-306b-420b-a7ba-912bb12d82a4
[2025-12-07T14:30:56.799+0000] {subprocess.py:93} INFO - 25/12/07 14:30:56 INFO ShutdownHookManager: Deleting directory /tmp/spark-cec552de-789f-41a2-992c-53b3a69c41db
[2025-12-07T14:30:56.816+0000] {subprocess.py:93} INFO - 25/12/07 14:30:56 INFO MetricsSystemImpl: Stopping s3a-file-system metrics system...
[2025-12-07T14:30:56.818+0000] {subprocess.py:93} INFO - 25/12/07 14:30:56 INFO MetricsSystemImpl: s3a-file-system metrics system stopped.
[2025-12-07T14:30:56.819+0000] {subprocess.py:93} INFO - 25/12/07 14:30:56 INFO MetricsSystemImpl: s3a-file-system metrics system shutdown complete.
[2025-12-07T14:30:56.884+0000] {subprocess.py:97} INFO - Command exited with return code 1
[2025-12-07T14:30:56.927+0000] {taskinstance.py:2698} ERROR - Task failed with exception
Traceback (most recent call last):
  File "/home/airflow/.local/lib/python3.8/site-packages/airflow/models/taskinstance.py", line 428, in _execute_task
    result = execute_callable(context=context, **execute_callable_kwargs)
  File "/home/airflow/.local/lib/python3.8/site-packages/airflow/operators/bash.py", line 212, in execute
    raise AirflowException(
airflow.exceptions.AirflowException: Bash command failed. The command returned a non-zero exit code 1.
[2025-12-07T14:30:56.941+0000] {taskinstance.py:1138} INFO - Marking task as FAILED. dag_id=email_intelligence_pipeline, task_id=daily_insights_aggregation, execution_date=20251207T142721, start_date=20251207T142826, end_date=20251207T143056
[2025-12-07T14:30:56.979+0000] {standard_task_runner.py:107} ERROR - Failed to execute job 79 for task daily_insights_aggregation (Bash command failed. The command returned a non-zero exit code 1.; 805)
[2025-12-07T14:30:57.008+0000] {local_task_job_runner.py:234} INFO - Task exited with return code 1
[2025-12-07T14:30:57.045+0000] {taskinstance.py:3280} INFO - 0 downstream tasks scheduled from follow-on schedule check
