[2025-12-05T14:56:04.370+0000] {taskinstance.py:1956} INFO - Dependencies all met for dep_context=non-requeueable deps ti=<TaskInstance: email_pipeline_dag.kafka_producer manual__2025-12-05T14:56:03.292435+00:00 [queued]>
[2025-12-05T14:56:04.385+0000] {taskinstance.py:1956} INFO - Dependencies all met for dep_context=requeueable deps ti=<TaskInstance: email_pipeline_dag.kafka_producer manual__2025-12-05T14:56:03.292435+00:00 [queued]>
[2025-12-05T14:56:04.387+0000] {taskinstance.py:2170} INFO - Starting attempt 1 of 1
[2025-12-05T14:56:04.419+0000] {taskinstance.py:2191} INFO - Executing <Task(BashOperator): kafka_producer> on 2025-12-05 14:56:03.292435+00:00
[2025-12-05T14:56:04.431+0000] {standard_task_runner.py:60} INFO - Started process 367 to run task
[2025-12-05T14:56:04.436+0000] {standard_task_runner.py:87} INFO - Running: ['***', 'tasks', 'run', 'email_pipeline_dag', 'kafka_producer', 'manual__2025-12-05T14:56:03.292435+00:00', '--job-id', '8', '--raw', '--subdir', 'DAGS_FOLDER/email_pipeline_dag.py', '--cfg-path', '/tmp/tmpxbt1ceev']
[2025-12-05T14:56:04.443+0000] {standard_task_runner.py:88} INFO - Job 8: Subtask kafka_producer
[2025-12-05T14:56:04.592+0000] {task_command.py:423} INFO - Running <TaskInstance: email_pipeline_dag.kafka_producer manual__2025-12-05T14:56:03.292435+00:00 [running]> on host cff5fd011f9e
[2025-12-05T14:56:04.693+0000] {taskinstance.py:2480} INFO - Exporting env vars: AIRFLOW_CTX_DAG_OWNER='***' AIRFLOW_CTX_DAG_ID='email_pipeline_dag' AIRFLOW_CTX_TASK_ID='kafka_producer' AIRFLOW_CTX_EXECUTION_DATE='2025-12-05T14:56:03.292435+00:00' AIRFLOW_CTX_TRY_NUMBER='1' AIRFLOW_CTX_DAG_RUN_ID='manual__2025-12-05T14:56:03.292435+00:00'
[2025-12-05T14:56:04.695+0000] {subprocess.py:63} INFO - Tmp dir root location: /tmp
[2025-12-05T14:56:04.696+0000] {subprocess.py:75} INFO - Running command: ['/usr/bin/bash', '-c', 'python /opt/***/kafka/Producer/email_producer.py']
[2025-12-05T14:56:04.706+0000] {subprocess.py:86} INFO - Output:
[2025-12-05T14:56:06.226+0000] {subprocess.py:93} INFO - 2025-12-05 14:56:06,225 - __main__ - INFO - 🚀 Starting Producer + Consumer...
[2025-12-05T14:56:06.227+0000] {subprocess.py:93} INFO - 2025-12-05 14:56:06,226 - __main__ - INFO - 🔐 Authenticating with Gmail API...
[2025-12-05T14:56:06.282+0000] {subprocess.py:93} INFO - 2025-12-05 14:56:06,282 - googleapiclient.discovery_cache - INFO - file_cache is only supported with oauth2client<4.0.0
[2025-12-05T14:56:06.287+0000] {subprocess.py:93} INFO - 2025-12-05 14:56:06,287 - __main__ - INFO - 📨 Connecting to Kafka...
[2025-12-05T14:56:10.050+0000] {subprocess.py:93} INFO - 2025-12-05 14:56:10,050 - kafka.conn - WARNING - DNS lookup failed for kafka:29092, exception was [Errno -2] Name or service not known. Is your advertised.listeners (called advertised.host.name before Kafka 9) correct and resolvable?
[2025-12-05T14:56:10.052+0000] {subprocess.py:93} INFO - 2025-12-05 14:56:10,050 - kafka.conn - ERROR - <BrokerConnection client_id=kafka-python-producer-1, node_id=bootstrap-0 host=kafka:29092 <connecting> [unspecified None]>: DNS lookup failed for kafka:29092 (AddressFamily.AF_UNSPEC)
[2025-12-05T14:56:10.053+0000] {subprocess.py:93} INFO - 2025-12-05 14:56:10,050 - kafka.conn - ERROR - <BrokerConnection client_id=kafka-python-producer-1, node_id=bootstrap-0 host=kafka:29092 <connecting> [unspecified None]>: Closing connection. KafkaConnectionError: DNS failure
[2025-12-05T14:56:10.067+0000] {subprocess.py:93} INFO - 2025-12-05 14:56:10,050 - __main__ - ERROR - ❌ Error: NoBrokersAvailable
[2025-12-05T14:56:10.068+0000] {subprocess.py:93} INFO - Traceback (most recent call last):
[2025-12-05T14:56:10.069+0000] {subprocess.py:93} INFO -   File "/opt/***/kafka/Producer/email_producer.py", line 235, in main
[2025-12-05T14:56:10.070+0000] {subprocess.py:93} INFO -     producer = KafkaProducer(
[2025-12-05T14:56:10.071+0000] {subprocess.py:93} INFO -   File "/home/***/.local/lib/python3.8/site-packages/kafka/producer/kafka.py", line 485, in __init__
[2025-12-05T14:56:10.073+0000] {subprocess.py:93} INFO -     client = self.config['kafka_client'](
[2025-12-05T14:56:10.075+0000] {subprocess.py:93} INFO -   File "/home/***/.local/lib/python3.8/site-packages/kafka/client_async.py", line 262, in __init__
[2025-12-05T14:56:10.076+0000] {subprocess.py:93} INFO -     self.config['api_version'] = self.check_version()
[2025-12-05T14:56:10.077+0000] {subprocess.py:93} INFO -   File "/home/***/.local/lib/python3.8/site-packages/kafka/client_async.py", line 1076, in check_version
[2025-12-05T14:56:10.078+0000] {subprocess.py:93} INFO -     raise Errors.NoBrokersAvailable()
[2025-12-05T14:56:10.079+0000] {subprocess.py:93} INFO - kafka.errors.NoBrokersAvailable: NoBrokersAvailable
[2025-12-05T14:56:10.088+0000] {subprocess.py:93} INFO - Traceback (most recent call last):
[2025-12-05T14:56:10.089+0000] {subprocess.py:93} INFO -   File "/opt/***/kafka/Producer/email_producer.py", line 273, in <module>
[2025-12-05T14:56:10.090+0000] {subprocess.py:93} INFO -     main()
[2025-12-05T14:56:10.091+0000] {subprocess.py:93} INFO -   File "/opt/***/kafka/Producer/email_producer.py", line 235, in main
[2025-12-05T14:56:10.092+0000] {subprocess.py:93} INFO -     producer = KafkaProducer(
[2025-12-05T14:56:10.093+0000] {subprocess.py:93} INFO -   File "/home/***/.local/lib/python3.8/site-packages/kafka/producer/kafka.py", line 485, in __init__
[2025-12-05T14:56:10.094+0000] {subprocess.py:93} INFO -     client = self.config['kafka_client'](
[2025-12-05T14:56:10.095+0000] {subprocess.py:93} INFO -   File "/home/***/.local/lib/python3.8/site-packages/kafka/client_async.py", line 262, in __init__
[2025-12-05T14:56:10.096+0000] {subprocess.py:93} INFO -     self.config['api_version'] = self.check_version()
[2025-12-05T14:56:10.097+0000] {subprocess.py:93} INFO -   File "/home/***/.local/lib/python3.8/site-packages/kafka/client_async.py", line 1076, in check_version
[2025-12-05T14:56:10.097+0000] {subprocess.py:93} INFO -     raise Errors.NoBrokersAvailable()
[2025-12-05T14:56:10.098+0000] {subprocess.py:93} INFO - kafka.errors.NoBrokersAvailable: NoBrokersAvailable
[2025-12-05T14:56:10.153+0000] {subprocess.py:97} INFO - Command exited with return code 1
[2025-12-05T14:56:10.178+0000] {taskinstance.py:2698} ERROR - Task failed with exception
Traceback (most recent call last):
  File "/home/airflow/.local/lib/python3.8/site-packages/airflow/models/taskinstance.py", line 428, in _execute_task
    result = execute_callable(context=context, **execute_callable_kwargs)
  File "/home/airflow/.local/lib/python3.8/site-packages/airflow/operators/bash.py", line 212, in execute
    raise AirflowException(
airflow.exceptions.AirflowException: Bash command failed. The command returned a non-zero exit code 1.
[2025-12-05T14:56:10.181+0000] {taskinstance.py:1138} INFO - Marking task as FAILED. dag_id=email_pipeline_dag, task_id=kafka_producer, execution_date=20251205T145603, start_date=20251205T145604, end_date=20251205T145610
[2025-12-05T14:56:10.194+0000] {standard_task_runner.py:107} ERROR - Failed to execute job 8 for task kafka_producer (Bash command failed. The command returned a non-zero exit code 1.; 367)
[2025-12-05T14:56:10.230+0000] {local_task_job_runner.py:234} INFO - Task exited with return code 1
[2025-12-05T14:56:10.250+0000] {taskinstance.py:3280} INFO - 1 downstream tasks scheduled from follow-on schedule check
