[2025-12-07T12:55:39.640+0000] {taskinstance.py:1956} INFO - Dependencies all met for dep_context=non-requeueable deps ti=<TaskInstance: email_intelligence_pipeline.real_time_enrichment manual__2025-12-07T12:55:24.667625+00:00 [queued]>
[2025-12-07T12:55:39.649+0000] {taskinstance.py:1956} INFO - Dependencies all met for dep_context=requeueable deps ti=<TaskInstance: email_intelligence_pipeline.real_time_enrichment manual__2025-12-07T12:55:24.667625+00:00 [queued]>
[2025-12-07T12:55:39.650+0000] {taskinstance.py:2170} INFO - Starting attempt 1 of 1
[2025-12-07T12:55:39.663+0000] {taskinstance.py:2191} INFO - Executing <Task(BashOperator): real_time_enrichment> on 2025-12-07 12:55:24.667625+00:00
[2025-12-07T12:55:39.667+0000] {standard_task_runner.py:60} INFO - Started process 491 to run task
[2025-12-07T12:55:39.670+0000] {standard_task_runner.py:87} INFO - Running: ['***', 'tasks', 'run', 'email_intelligence_pipeline', 'real_time_enrichment', 'manual__2025-12-07T12:55:24.667625+00:00', '--job-id', '10', '--raw', '--subdir', 'DAGS_FOLDER/email_pipeline_dag.py', '--cfg-path', '/tmp/tmpyozlejpc']
[2025-12-07T12:55:39.672+0000] {standard_task_runner.py:88} INFO - Job 10: Subtask real_time_enrichment
[2025-12-07T12:55:39.743+0000] {task_command.py:423} INFO - Running <TaskInstance: email_intelligence_pipeline.real_time_enrichment manual__2025-12-07T12:55:24.667625+00:00 [running]> on host e61fdba10dc3
[2025-12-07T12:55:39.840+0000] {taskinstance.py:2480} INFO - Exporting env vars: AIRFLOW_CTX_DAG_OWNER='data_team' AIRFLOW_CTX_DAG_ID='email_intelligence_pipeline' AIRFLOW_CTX_TASK_ID='real_time_enrichment' AIRFLOW_CTX_EXECUTION_DATE='2025-12-07T12:55:24.667625+00:00' AIRFLOW_CTX_TRY_NUMBER='1' AIRFLOW_CTX_DAG_RUN_ID='manual__2025-12-07T12:55:24.667625+00:00'
[2025-12-07T12:55:39.842+0000] {subprocess.py:63} INFO - Tmp dir root location: /tmp
[2025-12-07T12:55:39.844+0000] {subprocess.py:75} INFO - Running command: ['/usr/bin/bash', '-c', '\n        /opt/spark/bin/spark-submit             --master spark://spark-master:7077             --deploy-mode client             --packages org.apache.hadoop:hadoop-aws:3.3.4             --name EmailEnrichmentStream             /opt/spark/jobs/email_processor.py\n        ']
[2025-12-07T12:55:39.855+0000] {subprocess.py:86} INFO - Output:
[2025-12-07T12:55:39.865+0000] {subprocess.py:93} INFO - /opt/spark/bin/load-spark-env.sh: line 68: ps: command not found
[2025-12-07T12:55:41.796+0000] {subprocess.py:93} INFO - :: loading settings :: url = jar:file:/opt/spark/jars/ivy-2.5.1.jar!/org/apache/ivy/core/settings/ivysettings.xml
[2025-12-07T12:55:41.925+0000] {subprocess.py:93} INFO - Ivy Default Cache set to: /home/***/.ivy2/cache
[2025-12-07T12:55:41.927+0000] {subprocess.py:93} INFO - The jars for the packages stored in: /home/***/.ivy2/jars
[2025-12-07T12:55:41.930+0000] {subprocess.py:93} INFO - org.apache.hadoop#hadoop-aws added as a dependency
[2025-12-07T12:55:41.931+0000] {subprocess.py:93} INFO - :: resolving dependencies :: org.apache.spark#spark-submit-parent-94c512a4-6e2d-4d1e-b9d5-9386e3bb44fb;1.0
[2025-12-07T12:55:41.932+0000] {subprocess.py:93} INFO - 	confs: [default]
[2025-12-07T12:55:42.115+0000] {subprocess.py:93} INFO - 	found org.apache.hadoop#hadoop-aws;3.3.4 in central
[2025-12-07T12:55:42.143+0000] {subprocess.py:93} INFO - 	found com.amazonaws#aws-java-sdk-bundle;1.12.262 in central
[2025-12-07T12:55:42.176+0000] {subprocess.py:93} INFO - 	found org.wildfly.openssl#wildfly-openssl;1.0.7.Final in central
[2025-12-07T12:55:42.193+0000] {subprocess.py:93} INFO - :: resolution report :: resolve 253ms :: artifacts dl 9ms
[2025-12-07T12:55:42.194+0000] {subprocess.py:93} INFO - 	:: modules in use:
[2025-12-07T12:55:42.195+0000] {subprocess.py:93} INFO - 	com.amazonaws#aws-java-sdk-bundle;1.12.262 from central in [default]
[2025-12-07T12:55:42.196+0000] {subprocess.py:93} INFO - 	org.apache.hadoop#hadoop-aws;3.3.4 from central in [default]
[2025-12-07T12:55:42.197+0000] {subprocess.py:93} INFO - 	org.wildfly.openssl#wildfly-openssl;1.0.7.Final from central in [default]
[2025-12-07T12:55:42.198+0000] {subprocess.py:93} INFO - 	---------------------------------------------------------------------
[2025-12-07T12:55:42.198+0000] {subprocess.py:93} INFO - 	|                  |            modules            ||   artifacts   |
[2025-12-07T12:55:42.199+0000] {subprocess.py:93} INFO - 	|       conf       | number| search|dwnlded|evicted|| number|dwnlded|
[2025-12-07T12:55:42.200+0000] {subprocess.py:93} INFO - 	---------------------------------------------------------------------
[2025-12-07T12:55:42.200+0000] {subprocess.py:93} INFO - 	|      default     |   3   |   0   |   0   |   0   ||   3   |   0   |
[2025-12-07T12:55:42.201+0000] {subprocess.py:93} INFO - 	---------------------------------------------------------------------
[2025-12-07T12:55:42.202+0000] {subprocess.py:93} INFO - :: retrieving :: org.apache.spark#spark-submit-parent-94c512a4-6e2d-4d1e-b9d5-9386e3bb44fb
[2025-12-07T12:55:42.202+0000] {subprocess.py:93} INFO - 	confs: [default]
[2025-12-07T12:55:43.116+0000] {subprocess.py:93} INFO - 	1 artifacts copied, 2 already retrieved (274067kB/917ms)
[2025-12-07T12:55:43.425+0000] {subprocess.py:93} INFO - 25/12/07 12:55:43 WARN NativeCodeLoader: Unable to load native-hadoop library for your platform... using builtin-java classes where applicable
[2025-12-07T12:55:44.961+0000] {subprocess.py:93} INFO - 🚀 Démarrage Spark Streaming - Email Processor (Bronze + Silver )
[2025-12-07T12:55:45.337+0000] {subprocess.py:93} INFO - 25/12/07 12:55:45 INFO SparkContext: Running Spark version 3.5.0
[2025-12-07T12:55:45.338+0000] {subprocess.py:93} INFO - 25/12/07 12:55:45 INFO SparkContext: OS info Linux, 6.6.87.2-microsoft-standard-WSL2, amd64
[2025-12-07T12:55:45.339+0000] {subprocess.py:93} INFO - 25/12/07 12:55:45 INFO SparkContext: Java version 17.0.17
[2025-12-07T12:55:45.372+0000] {subprocess.py:93} INFO - 25/12/07 12:55:45 INFO ResourceUtils: ==============================================================
[2025-12-07T12:55:45.373+0000] {subprocess.py:93} INFO - 25/12/07 12:55:45 INFO ResourceUtils: No custom resources configured for spark.driver.
[2025-12-07T12:55:45.374+0000] {subprocess.py:93} INFO - 25/12/07 12:55:45 INFO ResourceUtils: ==============================================================
[2025-12-07T12:55:45.375+0000] {subprocess.py:93} INFO - 25/12/07 12:55:45 INFO SparkContext: Submitted application: EmailProcessor
[2025-12-07T12:55:45.405+0000] {subprocess.py:93} INFO - 25/12/07 12:55:45 INFO ResourceProfile: Default ResourceProfile created, executor resources: Map(memory -> name: memory, amount: 1024, script: , vendor: , offHeap -> name: offHeap, amount: 0, script: , vendor: ), task resources: Map(cpus -> name: cpus, amount: 1.0)
[2025-12-07T12:55:45.412+0000] {subprocess.py:93} INFO - 25/12/07 12:55:45 INFO ResourceProfile: Limiting resource is cpu
[2025-12-07T12:55:45.413+0000] {subprocess.py:93} INFO - 25/12/07 12:55:45 INFO ResourceProfileManager: Added ResourceProfile id: 0
[2025-12-07T12:55:45.506+0000] {subprocess.py:93} INFO - 25/12/07 12:55:45 INFO SecurityManager: Changing view acls to: ***
[2025-12-07T12:55:45.509+0000] {subprocess.py:93} INFO - 25/12/07 12:55:45 INFO SecurityManager: Changing modify acls to: ***
[2025-12-07T12:55:45.512+0000] {subprocess.py:93} INFO - 25/12/07 12:55:45 INFO SecurityManager: Changing view acls groups to:
[2025-12-07T12:55:45.514+0000] {subprocess.py:93} INFO - 25/12/07 12:55:45 INFO SecurityManager: Changing modify acls groups to:
[2025-12-07T12:55:45.515+0000] {subprocess.py:93} INFO - 25/12/07 12:55:45 INFO SecurityManager: SecurityManager: authentication disabled; ui acls disabled; users with view permissions: ***; groups with view permissions: EMPTY; users with modify permissions: ***; groups with modify permissions: EMPTY
[2025-12-07T12:55:45.906+0000] {subprocess.py:93} INFO - 25/12/07 12:55:45 INFO Utils: Successfully started service 'sparkDriver' on port 42551.
[2025-12-07T12:55:45.989+0000] {subprocess.py:93} INFO - 25/12/07 12:55:45 INFO SparkEnv: Registering MapOutputTracker
[2025-12-07T12:55:46.076+0000] {subprocess.py:93} INFO - 25/12/07 12:55:46 INFO SparkEnv: Registering BlockManagerMaster
[2025-12-07T12:55:46.113+0000] {subprocess.py:93} INFO - 25/12/07 12:55:46 INFO BlockManagerMasterEndpoint: Using org.apache.spark.storage.DefaultTopologyMapper for getting topology information
[2025-12-07T12:55:46.115+0000] {subprocess.py:93} INFO - 25/12/07 12:55:46 INFO BlockManagerMasterEndpoint: BlockManagerMasterEndpoint up
[2025-12-07T12:55:46.124+0000] {subprocess.py:93} INFO - 25/12/07 12:55:46 INFO SparkEnv: Registering BlockManagerMasterHeartbeat
[2025-12-07T12:55:46.162+0000] {subprocess.py:93} INFO - 25/12/07 12:55:46 INFO DiskBlockManager: Created local directory at /tmp/blockmgr-985d5419-98ca-4de9-888b-00fd828e7ee1
[2025-12-07T12:55:46.178+0000] {subprocess.py:93} INFO - 25/12/07 12:55:46 INFO MemoryStore: MemoryStore started with capacity 434.4 MiB
[2025-12-07T12:55:46.194+0000] {subprocess.py:93} INFO - 25/12/07 12:55:46 INFO SparkEnv: Registering OutputCommitCoordinator
[2025-12-07T12:55:46.348+0000] {subprocess.py:93} INFO - 25/12/07 12:55:46 INFO JettyUtils: Start Jetty 0.0.0.0:4040 for SparkUI
[2025-12-07T12:55:46.413+0000] {subprocess.py:93} INFO - 25/12/07 12:55:46 INFO Utils: Successfully started service 'SparkUI' on port 4040.
[2025-12-07T12:55:46.456+0000] {subprocess.py:93} INFO - 25/12/07 12:55:46 INFO SparkContext: Added JAR file:///home/***/.ivy2/jars/org.apache.hadoop_hadoop-aws-3.3.4.jar at spark://e61fdba10dc3:42551/jars/org.apache.hadoop_hadoop-aws-3.3.4.jar with timestamp 1765112145322
[2025-12-07T12:55:46.458+0000] {subprocess.py:93} INFO - 25/12/07 12:55:46 INFO SparkContext: Added JAR file:///home/***/.ivy2/jars/com.amazonaws_aws-java-sdk-bundle-1.12.262.jar at spark://e61fdba10dc3:42551/jars/com.amazonaws_aws-java-sdk-bundle-1.12.262.jar with timestamp 1765112145322
[2025-12-07T12:55:46.458+0000] {subprocess.py:93} INFO - 25/12/07 12:55:46 INFO SparkContext: Added JAR file:///home/***/.ivy2/jars/org.wildfly.openssl_wildfly-openssl-1.0.7.Final.jar at spark://e61fdba10dc3:42551/jars/org.wildfly.openssl_wildfly-openssl-1.0.7.Final.jar with timestamp 1765112145322
[2025-12-07T12:55:46.459+0000] {subprocess.py:93} INFO - 25/12/07 12:55:46 INFO SparkContext: Added file file:///home/***/.ivy2/jars/org.apache.hadoop_hadoop-aws-3.3.4.jar at spark://e61fdba10dc3:42551/files/org.apache.hadoop_hadoop-aws-3.3.4.jar with timestamp 1765112145322
[2025-12-07T12:55:46.460+0000] {subprocess.py:93} INFO - 25/12/07 12:55:46 INFO Utils: Copying /home/***/.ivy2/jars/org.apache.hadoop_hadoop-aws-3.3.4.jar to /tmp/spark-7bc1548f-bad0-4e34-a4cf-7faf89d4b2cc/userFiles-2e97a5e6-ad41-42ee-b3d1-b16d1f426cff/org.apache.hadoop_hadoop-aws-3.3.4.jar
[2025-12-07T12:55:46.486+0000] {subprocess.py:93} INFO - 25/12/07 12:55:46 INFO SparkContext: Added file file:///home/***/.ivy2/jars/com.amazonaws_aws-java-sdk-bundle-1.12.262.jar at spark://e61fdba10dc3:42551/files/com.amazonaws_aws-java-sdk-bundle-1.12.262.jar with timestamp 1765112145322
[2025-12-07T12:55:46.487+0000] {subprocess.py:93} INFO - 25/12/07 12:55:46 INFO Utils: Copying /home/***/.ivy2/jars/com.amazonaws_aws-java-sdk-bundle-1.12.262.jar to /tmp/spark-7bc1548f-bad0-4e34-a4cf-7faf89d4b2cc/userFiles-2e97a5e6-ad41-42ee-b3d1-b16d1f426cff/com.amazonaws_aws-java-sdk-bundle-1.12.262.jar
[2025-12-07T12:55:47.065+0000] {subprocess.py:93} INFO - 25/12/07 12:55:47 INFO SparkContext: Added file file:///home/***/.ivy2/jars/org.wildfly.openssl_wildfly-openssl-1.0.7.Final.jar at spark://e61fdba10dc3:42551/files/org.wildfly.openssl_wildfly-openssl-1.0.7.Final.jar with timestamp 1765112145322
[2025-12-07T12:55:47.067+0000] {subprocess.py:93} INFO - 25/12/07 12:55:47 INFO Utils: Copying /home/***/.ivy2/jars/org.wildfly.openssl_wildfly-openssl-1.0.7.Final.jar to /tmp/spark-7bc1548f-bad0-4e34-a4cf-7faf89d4b2cc/userFiles-2e97a5e6-ad41-42ee-b3d1-b16d1f426cff/org.wildfly.openssl_wildfly-openssl-1.0.7.Final.jar
[2025-12-07T12:55:47.161+0000] {subprocess.py:93} INFO - 25/12/07 12:55:47 INFO StandaloneAppClient$ClientEndpoint: Connecting to master spark://spark-master:7077...
[2025-12-07T12:55:47.212+0000] {subprocess.py:93} INFO - 25/12/07 12:55:47 INFO TransportClientFactory: Successfully created connection to spark-master/172.20.0.3:7077 after 30 ms (0 ms spent in bootstraps)
[2025-12-07T12:55:47.350+0000] {subprocess.py:93} INFO - 25/12/07 12:55:47 INFO StandaloneSchedulerBackend: Connected to Spark cluster with app ID app-20251207125547-0001
[2025-12-07T12:55:47.357+0000] {subprocess.py:93} INFO - 25/12/07 12:55:47 INFO StandaloneAppClient$ClientEndpoint: Executor added: app-20251207125547-0001/0 on worker-20251207125222-172.20.0.6-40509 (172.20.0.6:40509) with 2 core(s)
[2025-12-07T12:55:47.365+0000] {subprocess.py:93} INFO - 25/12/07 12:55:47 INFO StandaloneSchedulerBackend: Granted executor ID app-20251207125547-0001/0 on hostPort 172.20.0.6:40509 with 2 core(s), 1024.0 MiB RAM
[2025-12-07T12:55:47.382+0000] {subprocess.py:93} INFO - 25/12/07 12:55:47 INFO Utils: Successfully started service 'org.apache.spark.network.netty.NettyBlockTransferService' on port 45191.
[2025-12-07T12:55:47.384+0000] {subprocess.py:93} INFO - 25/12/07 12:55:47 INFO NettyBlockTransferService: Server created on e61fdba10dc3:45191
[2025-12-07T12:55:47.389+0000] {subprocess.py:93} INFO - 25/12/07 12:55:47 INFO BlockManager: Using org.apache.spark.storage.RandomBlockReplicationPolicy for block replication policy
[2025-12-07T12:55:47.407+0000] {subprocess.py:93} INFO - 25/12/07 12:55:47 INFO BlockManagerMaster: Registering BlockManager BlockManagerId(driver, e61fdba10dc3, 45191, None)
[2025-12-07T12:55:47.414+0000] {subprocess.py:93} INFO - 25/12/07 12:55:47 INFO BlockManagerMasterEndpoint: Registering block manager e61fdba10dc3:45191 with 434.4 MiB RAM, BlockManagerId(driver, e61fdba10dc3, 45191, None)
[2025-12-07T12:55:47.422+0000] {subprocess.py:93} INFO - 25/12/07 12:55:47 INFO BlockManagerMaster: Registered BlockManager BlockManagerId(driver, e61fdba10dc3, 45191, None)
[2025-12-07T12:55:47.425+0000] {subprocess.py:93} INFO - 25/12/07 12:55:47 INFO BlockManager: Initialized BlockManager: BlockManagerId(driver, e61fdba10dc3, 45191, None)
[2025-12-07T12:55:47.490+0000] {subprocess.py:93} INFO - 25/12/07 12:55:47 INFO StandaloneAppClient$ClientEndpoint: Executor updated: app-20251207125547-0001/0 is now RUNNING
[2025-12-07T12:55:47.733+0000] {subprocess.py:93} INFO - 25/12/07 12:55:47 INFO StandaloneSchedulerBackend: SchedulerBackend is ready for scheduling beginning after reached minRegisteredResourcesRatio: 0.0
[2025-12-07T12:55:48.174+0000] {subprocess.py:93} INFO - 📡 Kafka: kafka:29092
[2025-12-07T12:55:48.176+0000] {subprocess.py:93} INFO - 📥 Topic: processed-emails-topic
[2025-12-07T12:55:50.604+0000] {subprocess.py:93} INFO - Traceback (most recent call last):
[2025-12-07T12:55:50.605+0000] {subprocess.py:93} INFO -   File "/opt/spark/jobs/email_processor.py", line 175, in <module>
[2025-12-07T12:55:50.609+0000] {subprocess.py:93} INFO -     main()
[2025-12-07T12:55:50.610+0000] {subprocess.py:93} INFO -   File "/opt/spark/jobs/email_processor.py", line 148, in main
[2025-12-07T12:55:50.614+0000] {subprocess.py:93} INFO -     kafka_df = read_from_kafka(spark)
[2025-12-07T12:55:50.615+0000] {subprocess.py:93} INFO -   File "/opt/spark/jobs/email_processor.py", line 46, in read_from_kafka
[2025-12-07T12:55:50.618+0000] {subprocess.py:93} INFO -     return spark.readStream \
[2025-12-07T12:55:50.619+0000] {subprocess.py:93} INFO -   File "/opt/spark/python/lib/pyspark.zip/pyspark/sql/streaming/readwriter.py", line 304, in load
[2025-12-07T12:55:50.620+0000] {subprocess.py:93} INFO -   File "/opt/spark/python/lib/py4j-0.10.9.7-src.zip/py4j/java_gateway.py", line 1322, in __call__
[2025-12-07T12:55:50.620+0000] {subprocess.py:93} INFO -   File "/opt/spark/python/lib/pyspark.zip/pyspark/errors/exceptions/captured.py", line 185, in deco
[2025-12-07T12:55:50.629+0000] {subprocess.py:93} INFO - pyspark.errors.exceptions.captured.AnalysisException: Failed to find data source: kafka. Please deploy the application as per the deployment section of Structured Streaming + Kafka Integration Guide.
[2025-12-07T12:55:51.007+0000] {subprocess.py:97} INFO - Command exited with return code 1
[2025-12-07T12:55:51.037+0000] {taskinstance.py:2698} ERROR - Task failed with exception
Traceback (most recent call last):
  File "/home/airflow/.local/lib/python3.8/site-packages/airflow/models/taskinstance.py", line 428, in _execute_task
    result = execute_callable(context=context, **execute_callable_kwargs)
  File "/home/airflow/.local/lib/python3.8/site-packages/airflow/operators/bash.py", line 212, in execute
    raise AirflowException(
airflow.exceptions.AirflowException: Bash command failed. The command returned a non-zero exit code 1.
[2025-12-07T12:55:51.044+0000] {taskinstance.py:1138} INFO - Marking task as FAILED. dag_id=email_intelligence_pipeline, task_id=real_time_enrichment, execution_date=20251207T125524, start_date=20251207T125539, end_date=20251207T125551
[2025-12-07T12:55:51.084+0000] {standard_task_runner.py:107} ERROR - Failed to execute job 10 for task real_time_enrichment (Bash command failed. The command returned a non-zero exit code 1.; 491)
[2025-12-07T12:55:51.132+0000] {local_task_job_runner.py:234} INFO - Task exited with return code 1
[2025-12-07T12:55:51.163+0000] {taskinstance.py:3280} INFO - 0 downstream tasks scheduled from follow-on schedule check
