[2025-12-07T13:15:23.347+0000] {taskinstance.py:1956} INFO - Dependencies all met for dep_context=non-requeueable deps ti=<TaskInstance: email_intelligence_pipeline.daily_insights_aggregation manual__2025-12-07T13:08:23.312138+00:00 [queued]>
[2025-12-07T13:15:23.356+0000] {taskinstance.py:1956} INFO - Dependencies all met for dep_context=requeueable deps ti=<TaskInstance: email_intelligence_pipeline.daily_insights_aggregation manual__2025-12-07T13:08:23.312138+00:00 [queued]>
[2025-12-07T13:15:23.357+0000] {taskinstance.py:2170} INFO - Starting attempt 1 of 1
[2025-12-07T13:15:23.368+0000] {taskinstance.py:2191} INFO - Executing <Task(BashOperator): daily_insights_aggregation> on 2025-12-07 13:08:23.312138+00:00
[2025-12-07T13:15:23.372+0000] {standard_task_runner.py:60} INFO - Started process 866 to run task
[2025-12-07T13:15:23.375+0000] {standard_task_runner.py:87} INFO - Running: ['***', 'tasks', 'run', 'email_intelligence_pipeline', 'daily_insights_aggregation', 'manual__2025-12-07T13:08:23.312138+00:00', '--job-id', '60', '--raw', '--subdir', 'DAGS_FOLDER/email_pipeline_dag.py', '--cfg-path', '/tmp/tmp99jpvye8']
[2025-12-07T13:15:23.377+0000] {standard_task_runner.py:88} INFO - Job 60: Subtask daily_insights_aggregation
[2025-12-07T13:15:23.513+0000] {task_command.py:423} INFO - Running <TaskInstance: email_intelligence_pipeline.daily_insights_aggregation manual__2025-12-07T13:08:23.312138+00:00 [running]> on host e61fdba10dc3
[2025-12-07T13:15:23.671+0000] {taskinstance.py:2480} INFO - Exporting env vars: AIRFLOW_CTX_DAG_OWNER='data_team' AIRFLOW_CTX_DAG_ID='email_intelligence_pipeline' AIRFLOW_CTX_TASK_ID='daily_insights_aggregation' AIRFLOW_CTX_EXECUTION_DATE='2025-12-07T13:08:23.312138+00:00' AIRFLOW_CTX_TRY_NUMBER='1' AIRFLOW_CTX_DAG_RUN_ID='manual__2025-12-07T13:08:23.312138+00:00'
[2025-12-07T13:15:23.673+0000] {subprocess.py:63} INFO - Tmp dir root location: /tmp
[2025-12-07T13:15:23.675+0000] {subprocess.py:75} INFO - Running command: ['/usr/bin/bash', '-c', '\n        /opt/spark/bin/spark-submit             --master spark://spark-master:7077             --deploy-mode client             --packages org.apache.hadoop:hadoop-aws:3.3.4,org.apache.spark:spark-sql-kafka-0-10_2.12:3.5.0             --name DailyInsightsAggregation             /opt/spark/jobs/daily_aggregation.py\n        ']
[2025-12-07T13:15:23.687+0000] {subprocess.py:86} INFO - Output:
[2025-12-07T13:15:23.704+0000] {subprocess.py:93} INFO - /opt/spark/bin/load-spark-env.sh: line 68: ps: command not found
[2025-12-07T13:15:26.060+0000] {subprocess.py:93} INFO - :: loading settings :: url = jar:file:/opt/spark/jars/ivy-2.5.1.jar!/org/apache/ivy/core/settings/ivysettings.xml
[2025-12-07T13:15:26.144+0000] {subprocess.py:93} INFO - Ivy Default Cache set to: /home/***/.ivy2/cache
[2025-12-07T13:15:26.145+0000] {subprocess.py:93} INFO - The jars for the packages stored in: /home/***/.ivy2/jars
[2025-12-07T13:15:26.147+0000] {subprocess.py:93} INFO - org.apache.hadoop#hadoop-aws added as a dependency
[2025-12-07T13:15:26.148+0000] {subprocess.py:93} INFO - org.apache.spark#spark-sql-kafka-0-10_2.12 added as a dependency
[2025-12-07T13:15:26.148+0000] {subprocess.py:93} INFO - :: resolving dependencies :: org.apache.spark#spark-submit-parent-38d774bd-71a2-44a0-99d6-6a93c0693994;1.0
[2025-12-07T13:15:26.149+0000] {subprocess.py:93} INFO - 	confs: [default]
[2025-12-07T13:15:26.353+0000] {subprocess.py:93} INFO - 	found org.apache.hadoop#hadoop-aws;3.3.4 in central
[2025-12-07T13:15:26.396+0000] {subprocess.py:93} INFO - 	found com.amazonaws#aws-java-sdk-bundle;1.12.262 in central
[2025-12-07T13:15:26.429+0000] {subprocess.py:93} INFO - 	found org.wildfly.openssl#wildfly-openssl;1.0.7.Final in central
[2025-12-07T13:15:26.490+0000] {subprocess.py:93} INFO - 	found org.apache.spark#spark-sql-kafka-0-10_2.12;3.5.0 in central
[2025-12-07T13:15:26.542+0000] {subprocess.py:93} INFO - 	found org.apache.spark#spark-token-provider-kafka-0-10_2.12;3.5.0 in central
[2025-12-07T13:15:26.564+0000] {subprocess.py:93} INFO - 	found org.apache.kafka#kafka-clients;3.4.1 in central
[2025-12-07T13:15:26.585+0000] {subprocess.py:93} INFO - 	found org.lz4#lz4-java;1.8.0 in central
[2025-12-07T13:15:26.601+0000] {subprocess.py:93} INFO - 	found org.xerial.snappy#snappy-java;1.1.10.3 in central
[2025-12-07T13:15:26.633+0000] {subprocess.py:93} INFO - 	found org.slf4j#slf4j-api;2.0.7 in central
[2025-12-07T13:15:26.659+0000] {subprocess.py:93} INFO - 	found org.apache.hadoop#hadoop-client-runtime;3.3.4 in central
[2025-12-07T13:15:26.688+0000] {subprocess.py:93} INFO - 	found org.apache.hadoop#hadoop-client-api;3.3.4 in central
[2025-12-07T13:15:26.721+0000] {subprocess.py:93} INFO - 	found commons-logging#commons-logging;1.1.3 in central
[2025-12-07T13:15:26.747+0000] {subprocess.py:93} INFO - 	found com.google.code.findbugs#jsr305;3.0.0 in central
[2025-12-07T13:15:26.768+0000] {subprocess.py:93} INFO - 	found org.apache.commons#commons-pool2;2.11.1 in central
[2025-12-07T13:15:26.836+0000] {subprocess.py:93} INFO - :: resolution report :: resolve 638ms :: artifacts dl 50ms
[2025-12-07T13:15:26.838+0000] {subprocess.py:93} INFO - 	:: modules in use:
[2025-12-07T13:15:26.840+0000] {subprocess.py:93} INFO - 	com.amazonaws#aws-java-sdk-bundle;1.12.262 from central in [default]
[2025-12-07T13:15:26.841+0000] {subprocess.py:93} INFO - 	com.google.code.findbugs#jsr305;3.0.0 from central in [default]
[2025-12-07T13:15:26.841+0000] {subprocess.py:93} INFO - 	commons-logging#commons-logging;1.1.3 from central in [default]
[2025-12-07T13:15:26.842+0000] {subprocess.py:93} INFO - 	org.apache.commons#commons-pool2;2.11.1 from central in [default]
[2025-12-07T13:15:26.843+0000] {subprocess.py:93} INFO - 	org.apache.hadoop#hadoop-aws;3.3.4 from central in [default]
[2025-12-07T13:15:26.845+0000] {subprocess.py:93} INFO - 	org.apache.hadoop#hadoop-client-api;3.3.4 from central in [default]
[2025-12-07T13:15:26.846+0000] {subprocess.py:93} INFO - 	org.apache.hadoop#hadoop-client-runtime;3.3.4 from central in [default]
[2025-12-07T13:15:26.847+0000] {subprocess.py:93} INFO - 	org.apache.kafka#kafka-clients;3.4.1 from central in [default]
[2025-12-07T13:15:26.849+0000] {subprocess.py:93} INFO - 	org.apache.spark#spark-sql-kafka-0-10_2.12;3.5.0 from central in [default]
[2025-12-07T13:15:26.850+0000] {subprocess.py:93} INFO - 	org.apache.spark#spark-token-provider-kafka-0-10_2.12;3.5.0 from central in [default]
[2025-12-07T13:15:26.852+0000] {subprocess.py:93} INFO - 	org.lz4#lz4-java;1.8.0 from central in [default]
[2025-12-07T13:15:26.852+0000] {subprocess.py:93} INFO - 	org.slf4j#slf4j-api;2.0.7 from central in [default]
[2025-12-07T13:15:26.853+0000] {subprocess.py:93} INFO - 	org.wildfly.openssl#wildfly-openssl;1.0.7.Final from central in [default]
[2025-12-07T13:15:26.854+0000] {subprocess.py:93} INFO - 	org.xerial.snappy#snappy-java;1.1.10.3 from central in [default]
[2025-12-07T13:15:26.854+0000] {subprocess.py:93} INFO - 	---------------------------------------------------------------------
[2025-12-07T13:15:26.855+0000] {subprocess.py:93} INFO - 	|                  |            modules            ||   artifacts   |
[2025-12-07T13:15:26.856+0000] {subprocess.py:93} INFO - 	|       conf       | number| search|dwnlded|evicted|| number|dwnlded|
[2025-12-07T13:15:26.856+0000] {subprocess.py:93} INFO - 	---------------------------------------------------------------------
[2025-12-07T13:15:26.857+0000] {subprocess.py:93} INFO - 	|      default     |   14  |   0   |   0   |   0   ||   14  |   0   |
[2025-12-07T13:15:26.857+0000] {subprocess.py:93} INFO - 	---------------------------------------------------------------------
[2025-12-07T13:15:26.858+0000] {subprocess.py:93} INFO - :: retrieving :: org.apache.spark#spark-submit-parent-38d774bd-71a2-44a0-99d6-6a93c0693994
[2025-12-07T13:15:26.859+0000] {subprocess.py:93} INFO - 	confs: [default]
[2025-12-07T13:15:26.869+0000] {subprocess.py:93} INFO - 	0 artifacts copied, 14 already retrieved (0kB/15ms)
[2025-12-07T13:15:27.188+0000] {subprocess.py:93} INFO - 25/12/07 13:15:27 WARN NativeCodeLoader: Unable to load native-hadoop library for your platform... using builtin-java classes where applicable
[2025-12-07T13:15:28.605+0000] {subprocess.py:93} INFO - ============================================================
[2025-12-07T13:15:28.607+0000] {subprocess.py:93} INFO - 🚀 DAILY AGGREGATION JOB STARTED
[2025-12-07T13:15:28.607+0000] {subprocess.py:93} INFO -    Timestamp: 2025-12-07 13:15:28.604663
[2025-12-07T13:15:28.609+0000] {subprocess.py:93} INFO - ============================================================
[2025-12-07T13:15:28.884+0000] {subprocess.py:93} INFO - 25/12/07 13:15:28 INFO SparkContext: Running Spark version 3.5.0
[2025-12-07T13:15:28.885+0000] {subprocess.py:93} INFO - 25/12/07 13:15:28 INFO SparkContext: OS info Linux, 6.6.87.2-microsoft-standard-WSL2, amd64
[2025-12-07T13:15:28.886+0000] {subprocess.py:93} INFO - 25/12/07 13:15:28 INFO SparkContext: Java version 17.0.17
[2025-12-07T13:15:28.917+0000] {subprocess.py:93} INFO - 25/12/07 13:15:28 INFO ResourceUtils: ==============================================================
[2025-12-07T13:15:28.919+0000] {subprocess.py:93} INFO - 25/12/07 13:15:28 INFO ResourceUtils: No custom resources configured for spark.driver.
[2025-12-07T13:15:28.926+0000] {subprocess.py:93} INFO - 25/12/07 13:15:28 INFO ResourceUtils: ==============================================================
[2025-12-07T13:15:28.928+0000] {subprocess.py:93} INFO - 25/12/07 13:15:28 INFO SparkContext: Submitted application: DailyAggregation
[2025-12-07T13:15:28.947+0000] {subprocess.py:93} INFO - 25/12/07 13:15:28 INFO ResourceProfile: Default ResourceProfile created, executor resources: Map(memory -> name: memory, amount: 1024, script: , vendor: , offHeap -> name: offHeap, amount: 0, script: , vendor: ), task resources: Map(cpus -> name: cpus, amount: 1.0)
[2025-12-07T13:15:28.952+0000] {subprocess.py:93} INFO - 25/12/07 13:15:28 INFO ResourceProfile: Limiting resource is cpu
[2025-12-07T13:15:28.954+0000] {subprocess.py:93} INFO - 25/12/07 13:15:28 INFO ResourceProfileManager: Added ResourceProfile id: 0
[2025-12-07T13:15:29.056+0000] {subprocess.py:93} INFO - 25/12/07 13:15:29 INFO SecurityManager: Changing view acls to: ***
[2025-12-07T13:15:29.057+0000] {subprocess.py:93} INFO - 25/12/07 13:15:29 INFO SecurityManager: Changing modify acls to: ***
[2025-12-07T13:15:29.058+0000] {subprocess.py:93} INFO - 25/12/07 13:15:29 INFO SecurityManager: Changing view acls groups to:
[2025-12-07T13:15:29.059+0000] {subprocess.py:93} INFO - 25/12/07 13:15:29 INFO SecurityManager: Changing modify acls groups to:
[2025-12-07T13:15:29.060+0000] {subprocess.py:93} INFO - 25/12/07 13:15:29 INFO SecurityManager: SecurityManager: authentication disabled; ui acls disabled; users with view permissions: ***; groups with view permissions: EMPTY; users with modify permissions: ***; groups with modify permissions: EMPTY
[2025-12-07T13:15:29.449+0000] {subprocess.py:93} INFO - 25/12/07 13:15:29 INFO Utils: Successfully started service 'sparkDriver' on port 40795.
[2025-12-07T13:15:29.521+0000] {subprocess.py:93} INFO - 25/12/07 13:15:29 INFO SparkEnv: Registering MapOutputTracker
[2025-12-07T13:15:29.649+0000] {subprocess.py:93} INFO - 25/12/07 13:15:29 INFO SparkEnv: Registering BlockManagerMaster
[2025-12-07T13:15:29.705+0000] {subprocess.py:93} INFO - 25/12/07 13:15:29 INFO BlockManagerMasterEndpoint: Using org.apache.spark.storage.DefaultTopologyMapper for getting topology information
[2025-12-07T13:15:29.707+0000] {subprocess.py:93} INFO - 25/12/07 13:15:29 INFO BlockManagerMasterEndpoint: BlockManagerMasterEndpoint up
[2025-12-07T13:15:29.715+0000] {subprocess.py:93} INFO - 25/12/07 13:15:29 INFO SparkEnv: Registering BlockManagerMasterHeartbeat
[2025-12-07T13:15:29.793+0000] {subprocess.py:93} INFO - 25/12/07 13:15:29 INFO DiskBlockManager: Created local directory at /tmp/blockmgr-94440cc8-3a2a-43aa-944a-338553b0b2c6
[2025-12-07T13:15:29.817+0000] {subprocess.py:93} INFO - 25/12/07 13:15:29 INFO MemoryStore: MemoryStore started with capacity 434.4 MiB
[2025-12-07T13:15:29.841+0000] {subprocess.py:93} INFO - 25/12/07 13:15:29 INFO SparkEnv: Registering OutputCommitCoordinator
[2025-12-07T13:15:30.046+0000] {subprocess.py:93} INFO - 25/12/07 13:15:30 INFO JettyUtils: Start Jetty 0.0.0.0:4040 for SparkUI
[2025-12-07T13:15:30.139+0000] {subprocess.py:93} INFO - 25/12/07 13:15:30 INFO Utils: Successfully started service 'SparkUI' on port 4040.
[2025-12-07T13:15:30.188+0000] {subprocess.py:93} INFO - 25/12/07 13:15:30 INFO SparkContext: Added JAR file:///home/***/.ivy2/jars/org.apache.hadoop_hadoop-aws-3.3.4.jar at spark://e61fdba10dc3:40795/jars/org.apache.hadoop_hadoop-aws-3.3.4.jar with timestamp 1765113328877
[2025-12-07T13:15:30.189+0000] {subprocess.py:93} INFO - 25/12/07 13:15:30 INFO SparkContext: Added JAR file:///home/***/.ivy2/jars/org.apache.spark_spark-sql-kafka-0-10_2.12-3.5.0.jar at spark://e61fdba10dc3:40795/jars/org.apache.spark_spark-sql-kafka-0-10_2.12-3.5.0.jar with timestamp 1765113328877
[2025-12-07T13:15:30.190+0000] {subprocess.py:93} INFO - 25/12/07 13:15:30 INFO SparkContext: Added JAR file:///home/***/.ivy2/jars/com.amazonaws_aws-java-sdk-bundle-1.12.262.jar at spark://e61fdba10dc3:40795/jars/com.amazonaws_aws-java-sdk-bundle-1.12.262.jar with timestamp 1765113328877
[2025-12-07T13:15:30.191+0000] {subprocess.py:93} INFO - 25/12/07 13:15:30 INFO SparkContext: Added JAR file:///home/***/.ivy2/jars/org.wildfly.openssl_wildfly-openssl-1.0.7.Final.jar at spark://e61fdba10dc3:40795/jars/org.wildfly.openssl_wildfly-openssl-1.0.7.Final.jar with timestamp 1765113328877
[2025-12-07T13:15:30.192+0000] {subprocess.py:93} INFO - 25/12/07 13:15:30 INFO SparkContext: Added JAR file:///home/***/.ivy2/jars/org.apache.spark_spark-token-provider-kafka-0-10_2.12-3.5.0.jar at spark://e61fdba10dc3:40795/jars/org.apache.spark_spark-token-provider-kafka-0-10_2.12-3.5.0.jar with timestamp 1765113328877
[2025-12-07T13:15:30.193+0000] {subprocess.py:93} INFO - 25/12/07 13:15:30 INFO SparkContext: Added JAR file:///home/***/.ivy2/jars/org.apache.kafka_kafka-clients-3.4.1.jar at spark://e61fdba10dc3:40795/jars/org.apache.kafka_kafka-clients-3.4.1.jar with timestamp 1765113328877
[2025-12-07T13:15:30.194+0000] {subprocess.py:93} INFO - 25/12/07 13:15:30 INFO SparkContext: Added JAR file:///home/***/.ivy2/jars/com.google.code.findbugs_jsr305-3.0.0.jar at spark://e61fdba10dc3:40795/jars/com.google.code.findbugs_jsr305-3.0.0.jar with timestamp 1765113328877
[2025-12-07T13:15:30.195+0000] {subprocess.py:93} INFO - 25/12/07 13:15:30 INFO SparkContext: Added JAR file:///home/***/.ivy2/jars/org.apache.commons_commons-pool2-2.11.1.jar at spark://e61fdba10dc3:40795/jars/org.apache.commons_commons-pool2-2.11.1.jar with timestamp 1765113328877
[2025-12-07T13:15:30.196+0000] {subprocess.py:93} INFO - 25/12/07 13:15:30 INFO SparkContext: Added JAR file:///home/***/.ivy2/jars/org.apache.hadoop_hadoop-client-runtime-3.3.4.jar at spark://e61fdba10dc3:40795/jars/org.apache.hadoop_hadoop-client-runtime-3.3.4.jar with timestamp 1765113328877
[2025-12-07T13:15:30.197+0000] {subprocess.py:93} INFO - 25/12/07 13:15:30 INFO SparkContext: Added JAR file:///home/***/.ivy2/jars/org.lz4_lz4-java-1.8.0.jar at spark://e61fdba10dc3:40795/jars/org.lz4_lz4-java-1.8.0.jar with timestamp 1765113328877
[2025-12-07T13:15:30.197+0000] {subprocess.py:93} INFO - 25/12/07 13:15:30 INFO SparkContext: Added JAR file:///home/***/.ivy2/jars/org.xerial.snappy_snappy-java-1.1.10.3.jar at spark://e61fdba10dc3:40795/jars/org.xerial.snappy_snappy-java-1.1.10.3.jar with timestamp 1765113328877
[2025-12-07T13:15:30.198+0000] {subprocess.py:93} INFO - 25/12/07 13:15:30 INFO SparkContext: Added JAR file:///home/***/.ivy2/jars/org.slf4j_slf4j-api-2.0.7.jar at spark://e61fdba10dc3:40795/jars/org.slf4j_slf4j-api-2.0.7.jar with timestamp 1765113328877
[2025-12-07T13:15:30.198+0000] {subprocess.py:93} INFO - 25/12/07 13:15:30 INFO SparkContext: Added JAR file:///home/***/.ivy2/jars/org.apache.hadoop_hadoop-client-api-3.3.4.jar at spark://e61fdba10dc3:40795/jars/org.apache.hadoop_hadoop-client-api-3.3.4.jar with timestamp 1765113328877
[2025-12-07T13:15:30.199+0000] {subprocess.py:93} INFO - 25/12/07 13:15:30 INFO SparkContext: Added JAR file:///home/***/.ivy2/jars/commons-logging_commons-logging-1.1.3.jar at spark://e61fdba10dc3:40795/jars/commons-logging_commons-logging-1.1.3.jar with timestamp 1765113328877
[2025-12-07T13:15:30.200+0000] {subprocess.py:93} INFO - 25/12/07 13:15:30 INFO SparkContext: Added file file:///home/***/.ivy2/jars/org.apache.hadoop_hadoop-aws-3.3.4.jar at spark://e61fdba10dc3:40795/files/org.apache.hadoop_hadoop-aws-3.3.4.jar with timestamp 1765113328877
[2025-12-07T13:15:30.200+0000] {subprocess.py:93} INFO - 25/12/07 13:15:30 INFO Utils: Copying /home/***/.ivy2/jars/org.apache.hadoop_hadoop-aws-3.3.4.jar to /tmp/spark-936c2d77-af9e-4f4c-b45c-a3d60e7098d3/userFiles-41e285b3-e538-4713-8013-9e9852e130a3/org.apache.hadoop_hadoop-aws-3.3.4.jar
[2025-12-07T13:15:30.235+0000] {subprocess.py:93} INFO - 25/12/07 13:15:30 INFO SparkContext: Added file file:///home/***/.ivy2/jars/org.apache.spark_spark-sql-kafka-0-10_2.12-3.5.0.jar at spark://e61fdba10dc3:40795/files/org.apache.spark_spark-sql-kafka-0-10_2.12-3.5.0.jar with timestamp 1765113328877
[2025-12-07T13:15:30.237+0000] {subprocess.py:93} INFO - 25/12/07 13:15:30 INFO Utils: Copying /home/***/.ivy2/jars/org.apache.spark_spark-sql-kafka-0-10_2.12-3.5.0.jar to /tmp/spark-936c2d77-af9e-4f4c-b45c-a3d60e7098d3/userFiles-41e285b3-e538-4713-8013-9e9852e130a3/org.apache.spark_spark-sql-kafka-0-10_2.12-3.5.0.jar
[2025-12-07T13:15:30.253+0000] {subprocess.py:93} INFO - 25/12/07 13:15:30 INFO SparkContext: Added file file:///home/***/.ivy2/jars/com.amazonaws_aws-java-sdk-bundle-1.12.262.jar at spark://e61fdba10dc3:40795/files/com.amazonaws_aws-java-sdk-bundle-1.12.262.jar with timestamp 1765113328877
[2025-12-07T13:15:30.254+0000] {subprocess.py:93} INFO - 25/12/07 13:15:30 INFO Utils: Copying /home/***/.ivy2/jars/com.amazonaws_aws-java-sdk-bundle-1.12.262.jar to /tmp/spark-936c2d77-af9e-4f4c-b45c-a3d60e7098d3/userFiles-41e285b3-e538-4713-8013-9e9852e130a3/com.amazonaws_aws-java-sdk-bundle-1.12.262.jar
[2025-12-07T13:15:32.257+0000] {subprocess.py:93} INFO - 25/12/07 13:15:32 INFO SparkContext: Added file file:///home/***/.ivy2/jars/org.wildfly.openssl_wildfly-openssl-1.0.7.Final.jar at spark://e61fdba10dc3:40795/files/org.wildfly.openssl_wildfly-openssl-1.0.7.Final.jar with timestamp 1765113328877
[2025-12-07T13:15:32.258+0000] {subprocess.py:93} INFO - 25/12/07 13:15:32 INFO Utils: Copying /home/***/.ivy2/jars/org.wildfly.openssl_wildfly-openssl-1.0.7.Final.jar to /tmp/spark-936c2d77-af9e-4f4c-b45c-a3d60e7098d3/userFiles-41e285b3-e538-4713-8013-9e9852e130a3/org.wildfly.openssl_wildfly-openssl-1.0.7.Final.jar
[2025-12-07T13:15:32.268+0000] {subprocess.py:93} INFO - 25/12/07 13:15:32 INFO SparkContext: Added file file:///home/***/.ivy2/jars/org.apache.spark_spark-token-provider-kafka-0-10_2.12-3.5.0.jar at spark://e61fdba10dc3:40795/files/org.apache.spark_spark-token-provider-kafka-0-10_2.12-3.5.0.jar with timestamp 1765113328877
[2025-12-07T13:15:32.270+0000] {subprocess.py:93} INFO - 25/12/07 13:15:32 INFO Utils: Copying /home/***/.ivy2/jars/org.apache.spark_spark-token-provider-kafka-0-10_2.12-3.5.0.jar to /tmp/spark-936c2d77-af9e-4f4c-b45c-a3d60e7098d3/userFiles-41e285b3-e538-4713-8013-9e9852e130a3/org.apache.spark_spark-token-provider-kafka-0-10_2.12-3.5.0.jar
[2025-12-07T13:15:32.290+0000] {subprocess.py:93} INFO - 25/12/07 13:15:32 INFO SparkContext: Added file file:///home/***/.ivy2/jars/org.apache.kafka_kafka-clients-3.4.1.jar at spark://e61fdba10dc3:40795/files/org.apache.kafka_kafka-clients-3.4.1.jar with timestamp 1765113328877
[2025-12-07T13:15:32.291+0000] {subprocess.py:93} INFO - 25/12/07 13:15:32 INFO Utils: Copying /home/***/.ivy2/jars/org.apache.kafka_kafka-clients-3.4.1.jar to /tmp/spark-936c2d77-af9e-4f4c-b45c-a3d60e7098d3/userFiles-41e285b3-e538-4713-8013-9e9852e130a3/org.apache.kafka_kafka-clients-3.4.1.jar
[2025-12-07T13:15:32.324+0000] {subprocess.py:93} INFO - 25/12/07 13:15:32 INFO SparkContext: Added file file:///home/***/.ivy2/jars/com.google.code.findbugs_jsr305-3.0.0.jar at spark://e61fdba10dc3:40795/files/com.google.code.findbugs_jsr305-3.0.0.jar with timestamp 1765113328877
[2025-12-07T13:15:32.325+0000] {subprocess.py:93} INFO - 25/12/07 13:15:32 INFO Utils: Copying /home/***/.ivy2/jars/com.google.code.findbugs_jsr305-3.0.0.jar to /tmp/spark-936c2d77-af9e-4f4c-b45c-a3d60e7098d3/userFiles-41e285b3-e538-4713-8013-9e9852e130a3/com.google.code.findbugs_jsr305-3.0.0.jar
[2025-12-07T13:15:32.337+0000] {subprocess.py:93} INFO - 25/12/07 13:15:32 INFO SparkContext: Added file file:///home/***/.ivy2/jars/org.apache.commons_commons-pool2-2.11.1.jar at spark://e61fdba10dc3:40795/files/org.apache.commons_commons-pool2-2.11.1.jar with timestamp 1765113328877
[2025-12-07T13:15:32.339+0000] {subprocess.py:93} INFO - 25/12/07 13:15:32 INFO Utils: Copying /home/***/.ivy2/jars/org.apache.commons_commons-pool2-2.11.1.jar to /tmp/spark-936c2d77-af9e-4f4c-b45c-a3d60e7098d3/userFiles-41e285b3-e538-4713-8013-9e9852e130a3/org.apache.commons_commons-pool2-2.11.1.jar
[2025-12-07T13:15:32.348+0000] {subprocess.py:93} INFO - 25/12/07 13:15:32 INFO SparkContext: Added file file:///home/***/.ivy2/jars/org.apache.hadoop_hadoop-client-runtime-3.3.4.jar at spark://e61fdba10dc3:40795/files/org.apache.hadoop_hadoop-client-runtime-3.3.4.jar with timestamp 1765113328877
[2025-12-07T13:15:32.349+0000] {subprocess.py:93} INFO - 25/12/07 13:15:32 INFO Utils: Copying /home/***/.ivy2/jars/org.apache.hadoop_hadoop-client-runtime-3.3.4.jar to /tmp/spark-936c2d77-af9e-4f4c-b45c-a3d60e7098d3/userFiles-41e285b3-e538-4713-8013-9e9852e130a3/org.apache.hadoop_hadoop-client-runtime-3.3.4.jar
[2025-12-07T13:15:32.459+0000] {subprocess.py:93} INFO - 25/12/07 13:15:32 INFO SparkContext: Added file file:///home/***/.ivy2/jars/org.lz4_lz4-java-1.8.0.jar at spark://e61fdba10dc3:40795/files/org.lz4_lz4-java-1.8.0.jar with timestamp 1765113328877
[2025-12-07T13:15:32.460+0000] {subprocess.py:93} INFO - 25/12/07 13:15:32 INFO Utils: Copying /home/***/.ivy2/jars/org.lz4_lz4-java-1.8.0.jar to /tmp/spark-936c2d77-af9e-4f4c-b45c-a3d60e7098d3/userFiles-41e285b3-e538-4713-8013-9e9852e130a3/org.lz4_lz4-java-1.8.0.jar
[2025-12-07T13:15:32.469+0000] {subprocess.py:93} INFO - 25/12/07 13:15:32 INFO SparkContext: Added file file:///home/***/.ivy2/jars/org.xerial.snappy_snappy-java-1.1.10.3.jar at spark://e61fdba10dc3:40795/files/org.xerial.snappy_snappy-java-1.1.10.3.jar with timestamp 1765113328877
[2025-12-07T13:15:32.470+0000] {subprocess.py:93} INFO - 25/12/07 13:15:32 INFO Utils: Copying /home/***/.ivy2/jars/org.xerial.snappy_snappy-java-1.1.10.3.jar to /tmp/spark-936c2d77-af9e-4f4c-b45c-a3d60e7098d3/userFiles-41e285b3-e538-4713-8013-9e9852e130a3/org.xerial.snappy_snappy-java-1.1.10.3.jar
[2025-12-07T13:15:32.484+0000] {subprocess.py:93} INFO - 25/12/07 13:15:32 INFO SparkContext: Added file file:///home/***/.ivy2/jars/org.slf4j_slf4j-api-2.0.7.jar at spark://e61fdba10dc3:40795/files/org.slf4j_slf4j-api-2.0.7.jar with timestamp 1765113328877
[2025-12-07T13:15:32.486+0000] {subprocess.py:93} INFO - 25/12/07 13:15:32 INFO Utils: Copying /home/***/.ivy2/jars/org.slf4j_slf4j-api-2.0.7.jar to /tmp/spark-936c2d77-af9e-4f4c-b45c-a3d60e7098d3/userFiles-41e285b3-e538-4713-8013-9e9852e130a3/org.slf4j_slf4j-api-2.0.7.jar
[2025-12-07T13:15:32.492+0000] {subprocess.py:93} INFO - 25/12/07 13:15:32 INFO SparkContext: Added file file:///home/***/.ivy2/jars/org.apache.hadoop_hadoop-client-api-3.3.4.jar at spark://e61fdba10dc3:40795/files/org.apache.hadoop_hadoop-client-api-3.3.4.jar with timestamp 1765113328877
[2025-12-07T13:15:32.493+0000] {subprocess.py:93} INFO - 25/12/07 13:15:32 INFO Utils: Copying /home/***/.ivy2/jars/org.apache.hadoop_hadoop-client-api-3.3.4.jar to /tmp/spark-936c2d77-af9e-4f4c-b45c-a3d60e7098d3/userFiles-41e285b3-e538-4713-8013-9e9852e130a3/org.apache.hadoop_hadoop-client-api-3.3.4.jar
[2025-12-07T13:15:32.549+0000] {subprocess.py:93} INFO - 25/12/07 13:15:32 INFO SparkContext: Added file file:///home/***/.ivy2/jars/commons-logging_commons-logging-1.1.3.jar at spark://e61fdba10dc3:40795/files/commons-logging_commons-logging-1.1.3.jar with timestamp 1765113328877
[2025-12-07T13:15:32.550+0000] {subprocess.py:93} INFO - 25/12/07 13:15:32 INFO Utils: Copying /home/***/.ivy2/jars/commons-logging_commons-logging-1.1.3.jar to /tmp/spark-936c2d77-af9e-4f4c-b45c-a3d60e7098d3/userFiles-41e285b3-e538-4713-8013-9e9852e130a3/commons-logging_commons-logging-1.1.3.jar
[2025-12-07T13:15:32.675+0000] {subprocess.py:93} INFO - 25/12/07 13:15:32 INFO StandaloneAppClient$ClientEndpoint: Connecting to master spark://spark-master:7077...
[2025-12-07T13:15:32.790+0000] {subprocess.py:93} INFO - 25/12/07 13:15:32 INFO TransportClientFactory: Successfully created connection to spark-master/172.20.0.5:7077 after 78 ms (0 ms spent in bootstraps)
[2025-12-07T13:15:33.035+0000] {subprocess.py:93} INFO - 25/12/07 13:15:33 INFO StandaloneSchedulerBackend: Connected to Spark cluster with app ID app-20251207131532-0002
[2025-12-07T13:15:33.054+0000] {subprocess.py:93} INFO - 25/12/07 13:15:33 INFO Utils: Successfully started service 'org.apache.spark.network.netty.NettyBlockTransferService' on port 33483.
[2025-12-07T13:15:33.055+0000] {subprocess.py:93} INFO - 25/12/07 13:15:33 INFO NettyBlockTransferService: Server created on e61fdba10dc3:33483
[2025-12-07T13:15:33.060+0000] {subprocess.py:93} INFO - 25/12/07 13:15:33 INFO BlockManager: Using org.apache.spark.storage.RandomBlockReplicationPolicy for block replication policy
[2025-12-07T13:15:33.083+0000] {subprocess.py:93} INFO - 25/12/07 13:15:33 INFO BlockManagerMaster: Registering BlockManager BlockManagerId(driver, e61fdba10dc3, 33483, None)
[2025-12-07T13:15:33.084+0000] {subprocess.py:93} INFO - 25/12/07 13:15:33 INFO StandaloneAppClient$ClientEndpoint: Executor added: app-20251207131532-0002/0 on worker-20251207131354-172.20.0.7-45313 (172.20.0.7:45313) with 2 core(s)
[2025-12-07T13:15:33.085+0000] {subprocess.py:93} INFO - 25/12/07 13:15:33 INFO StandaloneSchedulerBackend: Granted executor ID app-20251207131532-0002/0 on hostPort 172.20.0.7:45313 with 2 core(s), 1024.0 MiB RAM
[2025-12-07T13:15:33.089+0000] {subprocess.py:93} INFO - 25/12/07 13:15:33 INFO BlockManagerMasterEndpoint: Registering block manager e61fdba10dc3:33483 with 434.4 MiB RAM, BlockManagerId(driver, e61fdba10dc3, 33483, None)
[2025-12-07T13:15:33.092+0000] {subprocess.py:93} INFO - 25/12/07 13:15:33 INFO BlockManagerMaster: Registered BlockManager BlockManagerId(driver, e61fdba10dc3, 33483, None)
[2025-12-07T13:15:33.096+0000] {subprocess.py:93} INFO - 25/12/07 13:15:33 INFO BlockManager: Initialized BlockManager: BlockManagerId(driver, e61fdba10dc3, 33483, None)
[2025-12-07T13:15:33.694+0000] {subprocess.py:93} INFO - 25/12/07 13:15:33 INFO StandaloneSchedulerBackend: SchedulerBackend is ready for scheduling beginning after reached minRegisteredResourcesRatio: 0.0
[2025-12-07T13:15:33.819+0000] {subprocess.py:93} INFO - 25/12/07 13:15:33 INFO StandaloneAppClient$ClientEndpoint: Executor updated: app-20251207131532-0002/0 is now RUNNING
[2025-12-07T13:15:34.233+0000] {subprocess.py:93} INFO - 📌 Step 1: Reading Bronze layer from MinIO...
[2025-12-07T13:15:34.248+0000] {subprocess.py:93} INFO - 25/12/07 13:15:34 INFO SharedState: Setting hive.metastore.warehouse.dir ('null') to the value of spark.sql.warehouse.dir.
[2025-12-07T13:15:34.252+0000] {subprocess.py:93} INFO - 25/12/07 13:15:34 INFO SharedState: Warehouse path is 'file:/tmp/***tmp3ark1mus/spark-warehouse'.
[2025-12-07T13:15:36.199+0000] {subprocess.py:93} INFO - 25/12/07 13:15:36 WARN MetricsConfig: Cannot locate configuration: tried hadoop-metrics2-s3a-file-system.properties,hadoop-metrics2.properties
[2025-12-07T13:15:36.225+0000] {subprocess.py:93} INFO - 25/12/07 13:15:36 INFO MetricsSystemImpl: Scheduled Metric snapshot period at 10 second(s).
[2025-12-07T13:15:36.226+0000] {subprocess.py:93} INFO - 25/12/07 13:15:36 INFO MetricsSystemImpl: s3a-file-system metrics system started
[2025-12-07T13:15:39.240+0000] {subprocess.py:93} INFO - 25/12/07 13:15:39 INFO StandaloneSchedulerBackend$StandaloneDriverEndpoint: Registered executor NettyRpcEndpointRef(spark-client://Executor) (172.20.0.7:38146) with ID 0,  ResourceProfileId 0
[2025-12-07T13:15:39.405+0000] {subprocess.py:93} INFO - 25/12/07 13:15:39 INFO BlockManagerMasterEndpoint: Registering block manager 172.20.0.7:41847 with 434.4 MiB RAM, BlockManagerId(0, 172.20.0.7, 41847, None)
[2025-12-07T13:18:16.061+0000] {subprocess.py:93} INFO - 25/12/07 13:18:15 WARN FileStreamSink: Assume no metadata directory. Error while looking for metadata directory in the path: s3a://datalake/bronze/emails/.
[2025-12-07T13:18:16.088+0000] {subprocess.py:93} INFO - java.nio.file.AccessDeniedException: s3a://datalake/bronze/emails: getFileStatus on s3a://datalake/bronze/emails: com.amazonaws.services.s3.model.AmazonS3Exception: The request signature we calculated does not match the signature you provided. Check your key and signing method. (Service: Amazon S3; Status Code: 403; Error Code: SignatureDoesNotMatch; Request ID: 187EF15F4F24D788; S3 Extended Request ID: dd9025bab4ad464b049177c95eb6ebf374d3b3fd1af9251148b658df7ac2e3e8; Proxy: null), S3 Extended Request ID: dd9025bab4ad464b049177c95eb6ebf374d3b3fd1af9251148b658df7ac2e3e8:SignatureDoesNotMatch
[2025-12-07T13:18:16.089+0000] {subprocess.py:93} INFO - 	at org.apache.hadoop.fs.s3a.S3AUtils.translateException(S3AUtils.java:255)
[2025-12-07T13:18:16.089+0000] {subprocess.py:93} INFO - 	at org.apache.hadoop.fs.s3a.S3AUtils.translateException(S3AUtils.java:175)
[2025-12-07T13:18:16.090+0000] {subprocess.py:93} INFO - 	at org.apache.hadoop.fs.s3a.S3AFileSystem.s3GetFileStatus(S3AFileSystem.java:3858)
[2025-12-07T13:18:16.090+0000] {subprocess.py:93} INFO - 	at org.apache.hadoop.fs.s3a.S3AFileSystem.innerGetFileStatus(S3AFileSystem.java:3688)
[2025-12-07T13:18:16.091+0000] {subprocess.py:93} INFO - 	at org.apache.hadoop.fs.s3a.S3AFileSystem.lambda$isDirectory$35(S3AFileSystem.java:4724)
[2025-12-07T13:18:16.092+0000] {subprocess.py:93} INFO - 	at org.apache.hadoop.fs.statistics.impl.IOStatisticsBinding.lambda$trackDurationOfOperation$5(IOStatisticsBinding.java:499)
[2025-12-07T13:18:16.092+0000] {subprocess.py:93} INFO - 	at org.apache.hadoop.fs.statistics.impl.IOStatisticsBinding.trackDuration(IOStatisticsBinding.java:444)
[2025-12-07T13:18:16.093+0000] {subprocess.py:93} INFO - 	at org.apache.hadoop.fs.s3a.S3AFileSystem.trackDurationAndSpan(S3AFileSystem.java:2337)
[2025-12-07T13:18:16.093+0000] {subprocess.py:93} INFO - 	at org.apache.hadoop.fs.s3a.S3AFileSystem.trackDurationAndSpan(S3AFileSystem.java:2356)
[2025-12-07T13:18:16.095+0000] {subprocess.py:93} INFO - 	at org.apache.hadoop.fs.s3a.S3AFileSystem.isDirectory(S3AFileSystem.java:4722)
[2025-12-07T13:18:16.095+0000] {subprocess.py:93} INFO - 	at org.apache.spark.sql.execution.streaming.FileStreamSink$.hasMetadata(FileStreamSink.scala:54)
[2025-12-07T13:18:16.096+0000] {subprocess.py:93} INFO - 	at org.apache.spark.sql.execution.datasources.DataSource.resolveRelation(DataSource.scala:366)
[2025-12-07T13:18:16.097+0000] {subprocess.py:93} INFO - 	at org.apache.spark.sql.DataFrameReader.loadV1Source(DataFrameReader.scala:229)
[2025-12-07T13:18:16.097+0000] {subprocess.py:93} INFO - 	at org.apache.spark.sql.DataFrameReader.$anonfun$load$2(DataFrameReader.scala:211)
[2025-12-07T13:18:16.098+0000] {subprocess.py:93} INFO - 	at scala.Option.getOrElse(Option.scala:189)
[2025-12-07T13:18:16.099+0000] {subprocess.py:93} INFO - 	at org.apache.spark.sql.DataFrameReader.load(DataFrameReader.scala:211)
[2025-12-07T13:18:16.099+0000] {subprocess.py:93} INFO - 	at org.apache.spark.sql.DataFrameReader.parquet(DataFrameReader.scala:563)
[2025-12-07T13:18:16.100+0000] {subprocess.py:93} INFO - 	at java.base/jdk.internal.reflect.NativeMethodAccessorImpl.invoke0(Native Method)
[2025-12-07T13:18:16.100+0000] {subprocess.py:93} INFO - 	at java.base/jdk.internal.reflect.NativeMethodAccessorImpl.invoke(NativeMethodAccessorImpl.java:77)
[2025-12-07T13:18:16.101+0000] {subprocess.py:93} INFO - 	at java.base/jdk.internal.reflect.DelegatingMethodAccessorImpl.invoke(DelegatingMethodAccessorImpl.java:43)
[2025-12-07T13:18:16.102+0000] {subprocess.py:93} INFO - 	at java.base/java.lang.reflect.Method.invoke(Method.java:569)
[2025-12-07T13:18:16.102+0000] {subprocess.py:93} INFO - 	at py4j.reflection.MethodInvoker.invoke(MethodInvoker.java:244)
[2025-12-07T13:18:16.103+0000] {subprocess.py:93} INFO - 	at py4j.reflection.ReflectionEngine.invoke(ReflectionEngine.java:374)
[2025-12-07T13:18:16.104+0000] {subprocess.py:93} INFO - 	at py4j.Gateway.invoke(Gateway.java:282)
[2025-12-07T13:18:16.104+0000] {subprocess.py:93} INFO - 	at py4j.commands.AbstractCommand.invokeMethod(AbstractCommand.java:132)
[2025-12-07T13:18:16.105+0000] {subprocess.py:93} INFO - 	at py4j.commands.CallCommand.execute(CallCommand.java:79)
[2025-12-07T13:18:16.106+0000] {subprocess.py:93} INFO - 	at py4j.ClientServerConnection.waitForCommands(ClientServerConnection.java:182)
[2025-12-07T13:18:16.106+0000] {subprocess.py:93} INFO - 	at py4j.ClientServerConnection.run(ClientServerConnection.java:106)
[2025-12-07T13:18:16.107+0000] {subprocess.py:93} INFO - 	at java.base/java.lang.Thread.run(Thread.java:840)
[2025-12-07T13:18:16.107+0000] {subprocess.py:93} INFO - Caused by: com.amazonaws.services.s3.model.AmazonS3Exception: The request signature we calculated does not match the signature you provided. Check your key and signing method. (Service: Amazon S3; Status Code: 403; Error Code: SignatureDoesNotMatch; Request ID: 187EF15F4F24D788; S3 Extended Request ID: dd9025bab4ad464b049177c95eb6ebf374d3b3fd1af9251148b658df7ac2e3e8; Proxy: null), S3 Extended Request ID: dd9025bab4ad464b049177c95eb6ebf374d3b3fd1af9251148b658df7ac2e3e8
[2025-12-07T13:18:16.109+0000] {subprocess.py:93} INFO - 	at com.amazonaws.http.AmazonHttpClient$RequestExecutor.handleErrorResponse(AmazonHttpClient.java:1879)
[2025-12-07T13:18:16.109+0000] {subprocess.py:93} INFO - 	at com.amazonaws.http.AmazonHttpClient$RequestExecutor.handleServiceErrorResponse(AmazonHttpClient.java:1418)
[2025-12-07T13:18:16.110+0000] {subprocess.py:93} INFO - 	at com.amazonaws.http.AmazonHttpClient$RequestExecutor.executeOneRequest(AmazonHttpClient.java:1387)
[2025-12-07T13:18:16.111+0000] {subprocess.py:93} INFO - 	at com.amazonaws.http.AmazonHttpClient$RequestExecutor.executeHelper(AmazonHttpClient.java:1157)
[2025-12-07T13:18:16.111+0000] {subprocess.py:93} INFO - 	at com.amazonaws.http.AmazonHttpClient$RequestExecutor.doExecute(AmazonHttpClient.java:814)
[2025-12-07T13:18:16.112+0000] {subprocess.py:93} INFO - 	at com.amazonaws.http.AmazonHttpClient$RequestExecutor.executeWithTimer(AmazonHttpClient.java:781)
[2025-12-07T13:18:16.112+0000] {subprocess.py:93} INFO - 	at com.amazonaws.http.AmazonHttpClient$RequestExecutor.execute(AmazonHttpClient.java:755)
[2025-12-07T13:18:16.113+0000] {subprocess.py:93} INFO - 	at com.amazonaws.http.AmazonHttpClient$RequestExecutor.access$500(AmazonHttpClient.java:715)
[2025-12-07T13:18:16.114+0000] {subprocess.py:93} INFO - 	at com.amazonaws.http.AmazonHttpClient$RequestExecutionBuilderImpl.execute(AmazonHttpClient.java:697)
[2025-12-07T13:18:16.115+0000] {subprocess.py:93} INFO - 	at com.amazonaws.http.AmazonHttpClient.execute(AmazonHttpClient.java:561)
[2025-12-07T13:18:16.116+0000] {subprocess.py:93} INFO - 	at com.amazonaws.http.AmazonHttpClient.execute(AmazonHttpClient.java:541)
[2025-12-07T13:18:16.116+0000] {subprocess.py:93} INFO - 	at com.amazonaws.services.s3.AmazonS3Client.invoke(AmazonS3Client.java:5456)
[2025-12-07T13:18:16.117+0000] {subprocess.py:93} INFO - 	at com.amazonaws.services.s3.AmazonS3Client.invoke(AmazonS3Client.java:5403)
[2025-12-07T13:18:16.118+0000] {subprocess.py:93} INFO - 	at com.amazonaws.services.s3.AmazonS3Client.invoke(AmazonS3Client.java:5397)
[2025-12-07T13:18:16.118+0000] {subprocess.py:93} INFO - 	at com.amazonaws.services.s3.AmazonS3Client.listObjectsV2(AmazonS3Client.java:971)
[2025-12-07T13:18:16.118+0000] {subprocess.py:93} INFO - 	at org.apache.hadoop.fs.s3a.S3AFileSystem.lambda$listObjects$11(S3AFileSystem.java:2595)
[2025-12-07T13:18:16.119+0000] {subprocess.py:93} INFO - 	at org.apache.hadoop.fs.statistics.impl.IOStatisticsBinding.lambda$trackDurationOfOperation$5(IOStatisticsBinding.java:499)
[2025-12-07T13:18:16.119+0000] {subprocess.py:93} INFO - 	at org.apache.hadoop.fs.s3a.Invoker.retryUntranslated(Invoker.java:414)
[2025-12-07T13:18:16.120+0000] {subprocess.py:93} INFO - 	at org.apache.hadoop.fs.s3a.Invoker.retryUntranslated(Invoker.java:377)
[2025-12-07T13:18:16.121+0000] {subprocess.py:93} INFO - 	at org.apache.hadoop.fs.s3a.S3AFileSystem.listObjects(S3AFileSystem.java:2586)
[2025-12-07T13:18:16.121+0000] {subprocess.py:93} INFO - 	at org.apache.hadoop.fs.s3a.S3AFileSystem.s3GetFileStatus(S3AFileSystem.java:3832)
[2025-12-07T13:18:16.122+0000] {subprocess.py:93} INFO - 	... 26 more
[2025-12-07T13:18:14.726+0000] {subprocess.py:93} INFO - ❌ Error reading Bronze layer: An error occurred while calling o38.parquet.
[2025-12-07T13:18:14.736+0000] {subprocess.py:93} INFO - : java.nio.file.AccessDeniedException: s3a://datalake/bronze/emails: getFileStatus on s3a://datalake/bronze/emails: com.amazonaws.services.s3.model.AmazonS3Exception: Forbidden (Service: Amazon S3; Status Code: 403; Error Code: 403 Forbidden; Request ID: 187EF15F0C8BCB16; S3 Extended Request ID: dd9025bab4ad464b049177c95eb6ebf374d3b3fd1af9251148b658df7ac2e3e8; Proxy: null), S3 Extended Request ID: dd9025bab4ad464b049177c95eb6ebf374d3b3fd1af9251148b658df7ac2e3e8:403 Forbidden
[2025-12-07T13:18:14.737+0000] {subprocess.py:93} INFO - 	at org.apache.hadoop.fs.s3a.S3AUtils.translateException(S3AUtils.java:255)
[2025-12-07T13:18:14.739+0000] {subprocess.py:93} INFO - 	at org.apache.hadoop.fs.s3a.S3AUtils.translateException(S3AUtils.java:175)
[2025-12-07T13:18:14.743+0000] {subprocess.py:93} INFO - 	at org.apache.hadoop.fs.s3a.S3AFileSystem.s3GetFileStatus(S3AFileSystem.java:3796)
[2025-12-07T13:18:14.745+0000] {subprocess.py:93} INFO - 	at org.apache.hadoop.fs.s3a.S3AFileSystem.innerGetFileStatus(S3AFileSystem.java:3688)
[2025-12-07T13:18:14.748+0000] {subprocess.py:93} INFO - 	at org.apache.hadoop.fs.s3a.S3AFileSystem.lambda$exists$34(S3AFileSystem.java:4703)
[2025-12-07T13:18:14.750+0000] {subprocess.py:93} INFO - 	at org.apache.hadoop.fs.statistics.impl.IOStatisticsBinding.lambda$trackDurationOfOperation$5(IOStatisticsBinding.java:499)
[2025-12-07T13:18:14.751+0000] {subprocess.py:93} INFO - 	at org.apache.hadoop.fs.statistics.impl.IOStatisticsBinding.trackDuration(IOStatisticsBinding.java:444)
[2025-12-07T13:18:14.751+0000] {subprocess.py:93} INFO - 	at org.apache.hadoop.fs.s3a.S3AFileSystem.trackDurationAndSpan(S3AFileSystem.java:2337)
[2025-12-07T13:18:14.752+0000] {subprocess.py:93} INFO - 	at org.apache.hadoop.fs.s3a.S3AFileSystem.trackDurationAndSpan(S3AFileSystem.java:2356)
[2025-12-07T13:18:14.753+0000] {subprocess.py:93} INFO - 	at org.apache.hadoop.fs.s3a.S3AFileSystem.exists(S3AFileSystem.java:4701)
[2025-12-07T13:18:14.754+0000] {subprocess.py:93} INFO - 	at org.apache.spark.sql.execution.datasources.DataSource$.$anonfun$checkAndGlobPathIfNecessary$4(DataSource.scala:756)
[2025-12-07T13:18:14.754+0000] {subprocess.py:93} INFO - 	at org.apache.spark.sql.execution.datasources.DataSource$.$anonfun$checkAndGlobPathIfNecessary$4$adapted(DataSource.scala:754)
[2025-12-07T13:18:14.755+0000] {subprocess.py:93} INFO - 	at org.apache.spark.util.ThreadUtils$.$anonfun$parmap$2(ThreadUtils.scala:380)
[2025-12-07T13:18:14.756+0000] {subprocess.py:93} INFO - 	at scala.concurrent.Future$.$anonfun$apply$1(Future.scala:659)
[2025-12-07T13:18:14.758+0000] {subprocess.py:93} INFO - 	at scala.util.Success.$anonfun$map$1(Try.scala:255)
[2025-12-07T13:18:14.759+0000] {subprocess.py:93} INFO - 	at scala.util.Success.map(Try.scala:213)
[2025-12-07T13:18:14.759+0000] {subprocess.py:93} INFO - 	at scala.concurrent.Future.$anonfun$map$1(Future.scala:292)
[2025-12-07T13:18:14.760+0000] {subprocess.py:93} INFO - 	at scala.concurrent.impl.Promise.liftedTree1$1(Promise.scala:33)
[2025-12-07T13:18:14.760+0000] {subprocess.py:93} INFO - 	at scala.concurrent.impl.Promise.$anonfun$transform$1(Promise.scala:33)
[2025-12-07T13:18:14.762+0000] {subprocess.py:93} INFO - 	at scala.concurrent.impl.CallbackRunnable.run(Promise.scala:64)
[2025-12-07T13:18:14.762+0000] {subprocess.py:93} INFO - 	at java.base/java.util.concurrent.ForkJoinTask$RunnableExecuteAction.exec(ForkJoinTask.java:1395)
[2025-12-07T13:18:14.763+0000] {subprocess.py:93} INFO - 	at java.base/java.util.concurrent.ForkJoinTask.doExec(ForkJoinTask.java:373)
[2025-12-07T13:18:14.764+0000] {subprocess.py:93} INFO - 	at java.base/java.util.concurrent.ForkJoinPool$WorkQueue.topLevelExec(ForkJoinPool.java:1182)
[2025-12-07T13:18:14.765+0000] {subprocess.py:93} INFO - 	at java.base/java.util.concurrent.ForkJoinPool.scan(ForkJoinPool.java:1655)
[2025-12-07T13:18:14.766+0000] {subprocess.py:93} INFO - 	at java.base/java.util.concurrent.ForkJoinPool.runWorker(ForkJoinPool.java:1622)
[2025-12-07T13:18:14.767+0000] {subprocess.py:93} INFO - 	at java.base/java.util.concurrent.ForkJoinWorkerThread.run(ForkJoinWorkerThread.java:165)
[2025-12-07T13:18:14.768+0000] {subprocess.py:93} INFO - Caused by: com.amazonaws.services.s3.model.AmazonS3Exception: Forbidden (Service: Amazon S3; Status Code: 403; Error Code: 403 Forbidden; Request ID: 187EF15F0C8BCB16; S3 Extended Request ID: dd9025bab4ad464b049177c95eb6ebf374d3b3fd1af9251148b658df7ac2e3e8; Proxy: null), S3 Extended Request ID: dd9025bab4ad464b049177c95eb6ebf374d3b3fd1af9251148b658df7ac2e3e8
[2025-12-07T13:18:14.769+0000] {subprocess.py:93} INFO - 	at com.amazonaws.http.AmazonHttpClient$RequestExecutor.handleErrorResponse(AmazonHttpClient.java:1879)
[2025-12-07T13:18:14.770+0000] {subprocess.py:93} INFO - 	at com.amazonaws.http.AmazonHttpClient$RequestExecutor.handleServiceErrorResponse(AmazonHttpClient.java:1418)
[2025-12-07T13:18:14.770+0000] {subprocess.py:93} INFO - 	at com.amazonaws.http.AmazonHttpClient$RequestExecutor.executeOneRequest(AmazonHttpClient.java:1387)
[2025-12-07T13:18:14.771+0000] {subprocess.py:93} INFO - 	at com.amazonaws.http.AmazonHttpClient$RequestExecutor.executeHelper(AmazonHttpClient.java:1157)
[2025-12-07T13:18:14.771+0000] {subprocess.py:93} INFO - 	at com.amazonaws.http.AmazonHttpClient$RequestExecutor.doExecute(AmazonHttpClient.java:814)
[2025-12-07T13:18:14.772+0000] {subprocess.py:93} INFO - 	at com.amazonaws.http.AmazonHttpClient$RequestExecutor.executeWithTimer(AmazonHttpClient.java:781)
[2025-12-07T13:18:14.773+0000] {subprocess.py:93} INFO - 	at com.amazonaws.http.AmazonHttpClient$RequestExecutor.execute(AmazonHttpClient.java:755)
[2025-12-07T13:18:14.773+0000] {subprocess.py:93} INFO - 	at com.amazonaws.http.AmazonHttpClient$RequestExecutor.access$500(AmazonHttpClient.java:715)
[2025-12-07T13:18:14.774+0000] {subprocess.py:93} INFO - 	at com.amazonaws.http.AmazonHttpClient$RequestExecutionBuilderImpl.execute(AmazonHttpClient.java:697)
[2025-12-07T13:18:14.775+0000] {subprocess.py:93} INFO - 	at com.amazonaws.http.AmazonHttpClient.execute(AmazonHttpClient.java:561)
[2025-12-07T13:18:14.784+0000] {subprocess.py:93} INFO - 	at com.amazonaws.http.AmazonHttpClient.execute(AmazonHttpClient.java:541)
[2025-12-07T13:18:14.784+0000] {subprocess.py:93} INFO - 	at com.amazonaws.services.s3.AmazonS3Client.invoke(AmazonS3Client.java:5456)
[2025-12-07T13:18:14.785+0000] {subprocess.py:93} INFO - 	at com.amazonaws.services.s3.AmazonS3Client.invoke(AmazonS3Client.java:5403)
[2025-12-07T13:18:14.785+0000] {subprocess.py:93} INFO - 	at com.amazonaws.services.s3.AmazonS3Client.getObjectMetadata(AmazonS3Client.java:1372)
[2025-12-07T13:18:14.785+0000] {subprocess.py:93} INFO - 	at org.apache.hadoop.fs.s3a.S3AFileSystem.lambda$getObjectMetadata$10(S3AFileSystem.java:2545)
[2025-12-07T13:18:14.786+0000] {subprocess.py:93} INFO - 	at org.apache.hadoop.fs.s3a.Invoker.retryUntranslated(Invoker.java:414)
[2025-12-07T13:18:14.786+0000] {subprocess.py:93} INFO - 	at org.apache.hadoop.fs.s3a.Invoker.retryUntranslated(Invoker.java:377)
[2025-12-07T13:18:14.787+0000] {subprocess.py:93} INFO - 	at org.apache.hadoop.fs.s3a.S3AFileSystem.getObjectMetadata(S3AFileSystem.java:2533)
[2025-12-07T13:18:14.787+0000] {subprocess.py:93} INFO - 	at org.apache.hadoop.fs.s3a.S3AFileSystem.getObjectMetadata(S3AFileSystem.java:2513)
[2025-12-07T13:18:14.787+0000] {subprocess.py:93} INFO - 	at org.apache.hadoop.fs.s3a.S3AFileSystem.s3GetFileStatus(S3AFileSystem.java:3776)
[2025-12-07T13:18:14.787+0000] {subprocess.py:93} INFO - 	... 23 more
[2025-12-07T13:18:14.788+0000] {subprocess.py:93} INFO - 
[2025-12-07T13:18:14.788+0000] {subprocess.py:93} INFO - ❌ Failed to read Bronze layer. Exiting.
[2025-12-07T13:18:14.788+0000] {subprocess.py:93} INFO - 25/12/07 13:18:14 INFO SparkContext: SparkContext is stopping with exitCode 0.
[2025-12-07T13:18:14.826+0000] {subprocess.py:93} INFO - 25/12/07 13:18:14 INFO SparkUI: Stopped Spark web UI at http://e61fdba10dc3:4040
[2025-12-07T13:18:14.838+0000] {subprocess.py:93} INFO - 25/12/07 13:18:14 INFO StandaloneSchedulerBackend: Shutting down all executors
[2025-12-07T13:18:14.841+0000] {subprocess.py:93} INFO - 25/12/07 13:18:14 INFO StandaloneSchedulerBackend$StandaloneDriverEndpoint: Asking each executor to shut down
[2025-12-07T13:18:14.922+0000] {subprocess.py:93} INFO - 25/12/07 13:18:14 INFO MapOutputTrackerMasterEndpoint: MapOutputTrackerMasterEndpoint stopped!
[2025-12-07T13:18:15.105+0000] {subprocess.py:93} INFO - 25/12/07 13:18:15 INFO MemoryStore: MemoryStore cleared
[2025-12-07T13:18:15.114+0000] {subprocess.py:93} INFO - 25/12/07 13:18:15 INFO BlockManager: BlockManager stopped
[2025-12-07T13:18:15.135+0000] {subprocess.py:93} INFO - 25/12/07 13:18:15 INFO BlockManagerMaster: BlockManagerMaster stopped
[2025-12-07T13:18:15.148+0000] {subprocess.py:93} INFO - 25/12/07 13:18:15 INFO OutputCommitCoordinator$OutputCommitCoordinatorEndpoint: OutputCommitCoordinator stopped!
[2025-12-07T13:18:15.218+0000] {subprocess.py:93} INFO - 25/12/07 13:18:15 INFO SparkContext: Successfully stopped SparkContext
[2025-12-07T13:18:15.883+0000] {subprocess.py:93} INFO - 25/12/07 13:18:15 INFO ShutdownHookManager: Shutdown hook called
[2025-12-07T13:18:15.885+0000] {subprocess.py:93} INFO - 25/12/07 13:18:15 INFO ShutdownHookManager: Deleting directory /tmp/spark-936c2d77-af9e-4f4c-b45c-a3d60e7098d3/pyspark-5842c974-747b-4099-beaf-7d00852ed702
[2025-12-07T13:18:15.920+0000] {subprocess.py:93} INFO - 25/12/07 13:18:15 INFO ShutdownHookManager: Deleting directory /tmp/spark-073067f9-2775-4774-8a94-aac82b73bb9c
[2025-12-07T13:18:15.926+0000] {subprocess.py:93} INFO - 25/12/07 13:18:15 INFO ShutdownHookManager: Deleting directory /tmp/spark-936c2d77-af9e-4f4c-b45c-a3d60e7098d3
[2025-12-07T13:18:15.945+0000] {subprocess.py:93} INFO - 25/12/07 13:18:15 INFO MetricsSystemImpl: Stopping s3a-file-system metrics system...
[2025-12-07T13:18:15.946+0000] {subprocess.py:93} INFO - 25/12/07 13:18:15 INFO MetricsSystemImpl: s3a-file-system metrics system stopped.
[2025-12-07T13:18:15.947+0000] {subprocess.py:93} INFO - 25/12/07 13:18:15 INFO MetricsSystemImpl: s3a-file-system metrics system shutdown complete.
[2025-12-07T13:18:16.038+0000] {subprocess.py:97} INFO - Command exited with return code 1
[2025-12-07T13:18:16.219+0000] {taskinstance.py:2698} ERROR - Task failed with exception
Traceback (most recent call last):
  File "/home/airflow/.local/lib/python3.8/site-packages/airflow/models/taskinstance.py", line 428, in _execute_task
    result = execute_callable(context=context, **execute_callable_kwargs)
  File "/home/airflow/.local/lib/python3.8/site-packages/airflow/operators/bash.py", line 212, in execute
    raise AirflowException(
airflow.exceptions.AirflowException: Bash command failed. The command returned a non-zero exit code 1.
[2025-12-07T13:18:16.237+0000] {taskinstance.py:1138} INFO - Marking task as FAILED. dag_id=email_intelligence_pipeline, task_id=daily_insights_aggregation, execution_date=20251207T130823, start_date=20251207T131523, end_date=20251207T131816
[2025-12-07T13:18:16.294+0000] {standard_task_runner.py:107} ERROR - Failed to execute job 60 for task daily_insights_aggregation (Bash command failed. The command returned a non-zero exit code 1.; 866)
[2025-12-07T13:18:16.353+0000] {local_task_job_runner.py:234} INFO - Task exited with return code 1
[2025-12-07T13:18:16.416+0000] {taskinstance.py:3280} INFO - 0 downstream tasks scheduled from follow-on schedule check
