[2025-12-06T21:16:11.493+0000] {taskinstance.py:1956} INFO - Dependencies all met for dep_context=non-requeueable deps ti=<TaskInstance: email_pipeline_dag.kafka_producer manual__2025-12-06T21:16:09.948026+00:00 [queued]>
[2025-12-06T21:16:11.503+0000] {taskinstance.py:1956} INFO - Dependencies all met for dep_context=requeueable deps ti=<TaskInstance: email_pipeline_dag.kafka_producer manual__2025-12-06T21:16:09.948026+00:00 [queued]>
[2025-12-06T21:16:11.504+0000] {taskinstance.py:2170} INFO - Starting attempt 1 of 1
[2025-12-06T21:16:11.519+0000] {taskinstance.py:2191} INFO - Executing <Task(BashOperator): kafka_producer> on 2025-12-06 21:16:09.948026+00:00
[2025-12-06T21:16:11.527+0000] {standard_task_runner.py:60} INFO - Started process 262 to run task
[2025-12-06T21:16:11.533+0000] {standard_task_runner.py:87} INFO - Running: ['***', 'tasks', 'run', 'email_pipeline_dag', 'kafka_producer', 'manual__2025-12-06T21:16:09.948026+00:00', '--job-id', '51', '--raw', '--subdir', 'DAGS_FOLDER/email_pipeline_dag.py', '--cfg-path', '/tmp/tmp0gajjxs3']
[2025-12-06T21:16:11.535+0000] {standard_task_runner.py:88} INFO - Job 51: Subtask kafka_producer
[2025-12-06T21:16:11.640+0000] {task_command.py:423} INFO - Running <TaskInstance: email_pipeline_dag.kafka_producer manual__2025-12-06T21:16:09.948026+00:00 [running]> on host c5b1bafd0890
[2025-12-06T21:16:11.812+0000] {taskinstance.py:2480} INFO - Exporting env vars: AIRFLOW_CTX_DAG_OWNER='***' AIRFLOW_CTX_DAG_ID='email_pipeline_dag' AIRFLOW_CTX_TASK_ID='kafka_producer' AIRFLOW_CTX_EXECUTION_DATE='2025-12-06T21:16:09.948026+00:00' AIRFLOW_CTX_TRY_NUMBER='1' AIRFLOW_CTX_DAG_RUN_ID='manual__2025-12-06T21:16:09.948026+00:00'
[2025-12-06T21:16:11.817+0000] {subprocess.py:63} INFO - Tmp dir root location: /tmp
[2025-12-06T21:16:11.821+0000] {subprocess.py:75} INFO - Running command: ['/usr/bin/bash', '-c', 'python /opt/***/kafka/Producer/email_producer.py']
[2025-12-06T21:16:11.843+0000] {subprocess.py:86} INFO - Output:
[2025-12-06T21:16:12.835+0000] {subprocess.py:93} INFO - 2025-12-06 21:16:12,834 - __main__ - INFO - 🚀 Starting Producer + Consumer...
[2025-12-06T21:16:12.836+0000] {subprocess.py:93} INFO - 2025-12-06 21:16:12,835 - __main__ - INFO - 🔐 Authenticating with Gmail API...
[2025-12-06T21:16:12.865+0000] {subprocess.py:93} INFO - 2025-12-06 21:16:12,864 - googleapiclient.discovery_cache - INFO - file_cache is only supported with oauth2client<4.0.0
[2025-12-06T21:16:12.869+0000] {subprocess.py:93} INFO - 2025-12-06 21:16:12,869 - __main__ - INFO - 📨 Connecting to Kafka...
[2025-12-06T21:16:16.808+0000] {subprocess.py:93} INFO - 2025-12-06 21:16:16,807 - kafka.conn - WARNING - DNS lookup failed for kafka:29092, exception was [Errno -2] Name or service not known. Is your advertised.listeners (called advertised.host.name before Kafka 9) correct and resolvable?
[2025-12-06T21:16:16.810+0000] {subprocess.py:93} INFO - 2025-12-06 21:16:16,808 - kafka.conn - ERROR - <BrokerConnection client_id=kafka-python-producer-1, node_id=bootstrap-0 host=kafka:29092 <connecting> [unspecified None]>: DNS lookup failed for kafka:29092 (AddressFamily.AF_UNSPEC)
[2025-12-06T21:16:16.811+0000] {subprocess.py:93} INFO - 2025-12-06 21:16:16,808 - kafka.conn - ERROR - <BrokerConnection client_id=kafka-python-producer-1, node_id=bootstrap-0 host=kafka:29092 <connecting> [unspecified None]>: Closing connection. KafkaConnectionError: DNS failure
[2025-12-06T21:16:16.831+0000] {subprocess.py:93} INFO - 2025-12-06 21:16:16,808 - __main__ - ERROR - ❌ Error: NoBrokersAvailable
[2025-12-06T21:16:16.834+0000] {subprocess.py:93} INFO - Traceback (most recent call last):
[2025-12-06T21:16:16.836+0000] {subprocess.py:93} INFO -   File "/opt/***/kafka/Producer/email_producer.py", line 235, in main
[2025-12-06T21:16:16.839+0000] {subprocess.py:93} INFO -     producer = KafkaProducer(
[2025-12-06T21:16:16.841+0000] {subprocess.py:93} INFO -   File "/home/***/.local/lib/python3.8/site-packages/kafka/producer/kafka.py", line 485, in __init__
[2025-12-06T21:16:16.843+0000] {subprocess.py:93} INFO -     client = self.config['kafka_client'](
[2025-12-06T21:16:16.845+0000] {subprocess.py:93} INFO -   File "/home/***/.local/lib/python3.8/site-packages/kafka/client_async.py", line 262, in __init__
[2025-12-06T21:16:16.848+0000] {subprocess.py:93} INFO -     self.config['api_version'] = self.check_version()
[2025-12-06T21:16:16.850+0000] {subprocess.py:93} INFO -   File "/home/***/.local/lib/python3.8/site-packages/kafka/client_async.py", line 1076, in check_version
[2025-12-06T21:16:16.852+0000] {subprocess.py:93} INFO -     raise Errors.NoBrokersAvailable()
[2025-12-06T21:16:16.854+0000] {subprocess.py:93} INFO - kafka.errors.NoBrokersAvailable: NoBrokersAvailable
[2025-12-06T21:16:16.863+0000] {subprocess.py:93} INFO - Traceback (most recent call last):
[2025-12-06T21:16:16.866+0000] {subprocess.py:93} INFO -   File "/opt/***/kafka/Producer/email_producer.py", line 273, in <module>
[2025-12-06T21:16:16.868+0000] {subprocess.py:93} INFO -     main()
[2025-12-06T21:16:16.869+0000] {subprocess.py:93} INFO -   File "/opt/***/kafka/Producer/email_producer.py", line 235, in main
[2025-12-06T21:16:16.870+0000] {subprocess.py:93} INFO -     producer = KafkaProducer(
[2025-12-06T21:16:16.872+0000] {subprocess.py:93} INFO -   File "/home/***/.local/lib/python3.8/site-packages/kafka/producer/kafka.py", line 485, in __init__
[2025-12-06T21:16:16.872+0000] {subprocess.py:93} INFO -     client = self.config['kafka_client'](
[2025-12-06T21:16:16.874+0000] {subprocess.py:93} INFO -   File "/home/***/.local/lib/python3.8/site-packages/kafka/client_async.py", line 262, in __init__
[2025-12-06T21:16:16.875+0000] {subprocess.py:93} INFO -     self.config['api_version'] = self.check_version()
[2025-12-06T21:16:16.877+0000] {subprocess.py:93} INFO -   File "/home/***/.local/lib/python3.8/site-packages/kafka/client_async.py", line 1076, in check_version
[2025-12-06T21:16:16.880+0000] {subprocess.py:93} INFO -     raise Errors.NoBrokersAvailable()
[2025-12-06T21:16:16.881+0000] {subprocess.py:93} INFO - kafka.errors.NoBrokersAvailable: NoBrokersAvailable
[2025-12-06T21:16:17.032+0000] {subprocess.py:97} INFO - Command exited with return code 1
[2025-12-06T21:16:17.073+0000] {taskinstance.py:2698} ERROR - Task failed with exception
Traceback (most recent call last):
  File "/home/airflow/.local/lib/python3.8/site-packages/airflow/models/taskinstance.py", line 428, in _execute_task
    result = execute_callable(context=context, **execute_callable_kwargs)
  File "/home/airflow/.local/lib/python3.8/site-packages/airflow/operators/bash.py", line 212, in execute
    raise AirflowException(
airflow.exceptions.AirflowException: Bash command failed. The command returned a non-zero exit code 1.
[2025-12-06T21:16:17.081+0000] {taskinstance.py:1138} INFO - Marking task as FAILED. dag_id=email_pipeline_dag, task_id=kafka_producer, execution_date=20251206T211609, start_date=20251206T211611, end_date=20251206T211617
[2025-12-06T21:16:17.126+0000] {standard_task_runner.py:107} ERROR - Failed to execute job 51 for task kafka_producer (Bash command failed. The command returned a non-zero exit code 1.; 262)
[2025-12-06T21:16:17.173+0000] {local_task_job_runner.py:234} INFO - Task exited with return code 1
[2025-12-06T21:16:17.243+0000] {taskinstance.py:3280} INFO - 1 downstream tasks scheduled from follow-on schedule check
