[2025-12-07T12:35:00.047+0000] {taskinstance.py:1956} INFO - Dependencies all met for dep_context=non-requeueable deps ti=<TaskInstance: email_intelligence_pipeline.real_time_enrichment scheduled__2025-12-06T02:00:00+00:00 [queued]>
[2025-12-07T12:35:00.054+0000] {taskinstance.py:1956} INFO - Dependencies all met for dep_context=requeueable deps ti=<TaskInstance: email_intelligence_pipeline.real_time_enrichment scheduled__2025-12-06T02:00:00+00:00 [queued]>
[2025-12-07T12:35:00.055+0000] {taskinstance.py:2170} INFO - Starting attempt 1 of 1
[2025-12-07T12:35:00.067+0000] {taskinstance.py:2191} INFO - Executing <Task(BashOperator): real_time_enrichment> on 2025-12-06 02:00:00+00:00
[2025-12-07T12:35:00.071+0000] {standard_task_runner.py:60} INFO - Started process 659 to run task
[2025-12-07T12:35:00.074+0000] {standard_task_runner.py:87} INFO - Running: ['***', 'tasks', 'run', 'email_intelligence_pipeline', 'real_time_enrichment', 'scheduled__2025-12-06T02:00:00+00:00', '--job-id', '143', '--raw', '--subdir', 'DAGS_FOLDER/email_pipeline_dag.py', '--cfg-path', '/tmp/tmp636_6u8x']
[2025-12-07T12:35:00.076+0000] {standard_task_runner.py:88} INFO - Job 143: Subtask real_time_enrichment
[2025-12-07T12:35:00.140+0000] {task_command.py:423} INFO - Running <TaskInstance: email_intelligence_pipeline.real_time_enrichment scheduled__2025-12-06T02:00:00+00:00 [running]> on host c5b1bafd0890
[2025-12-07T12:35:00.210+0000] {taskinstance.py:2480} INFO - Exporting env vars: AIRFLOW_CTX_DAG_OWNER='data_team' AIRFLOW_CTX_DAG_ID='email_intelligence_pipeline' AIRFLOW_CTX_TASK_ID='real_time_enrichment' AIRFLOW_CTX_EXECUTION_DATE='2025-12-06T02:00:00+00:00' AIRFLOW_CTX_TRY_NUMBER='1' AIRFLOW_CTX_DAG_RUN_ID='scheduled__2025-12-06T02:00:00+00:00'
[2025-12-07T12:35:00.212+0000] {subprocess.py:63} INFO - Tmp dir root location: /tmp
[2025-12-07T12:35:00.213+0000] {subprocess.py:75} INFO - Running command: ['/usr/bin/bash', '-c', '\n        docker exec spark-master /opt/spark/bin/spark-submit \\\n            --master spark://spark-master:7077 \\\n            --deploy-mode client \\\n            --packages org.apache.hadoop:hadoop-aws:3.3.4 \\\n            --name EmailEnrichmentStream \\\n            /opt/spark/jobs/email_processor.py\n        ']
[2025-12-07T12:35:00.222+0000] {subprocess.py:86} INFO - Output:
[2025-12-07T12:35:00.321+0000] {subprocess.py:93} INFO - Cannot connect to the Docker daemon at unix:///var/run/docker.sock. Is the docker daemon running?
[2025-12-07T12:35:00.324+0000] {subprocess.py:97} INFO - Command exited with return code 1
[2025-12-07T12:35:00.336+0000] {taskinstance.py:2698} ERROR - Task failed with exception
Traceback (most recent call last):
  File "/home/airflow/.local/lib/python3.8/site-packages/airflow/models/taskinstance.py", line 428, in _execute_task
    result = execute_callable(context=context, **execute_callable_kwargs)
  File "/home/airflow/.local/lib/python3.8/site-packages/airflow/operators/bash.py", line 212, in execute
    raise AirflowException(
airflow.exceptions.AirflowException: Bash command failed. The command returned a non-zero exit code 1.
[2025-12-07T12:35:00.339+0000] {taskinstance.py:1138} INFO - Marking task as FAILED. dag_id=email_intelligence_pipeline, task_id=real_time_enrichment, execution_date=20251206T020000, start_date=20251207T123500, end_date=20251207T123500
[2025-12-07T12:35:00.352+0000] {standard_task_runner.py:107} ERROR - Failed to execute job 143 for task real_time_enrichment (Bash command failed. The command returned a non-zero exit code 1.; 659)
[2025-12-07T12:35:00.375+0000] {local_task_job_runner.py:234} INFO - Task exited with return code 1
[2025-12-07T12:35:00.395+0000] {taskinstance.py:3280} INFO - 0 downstream tasks scheduled from follow-on schedule check
[2025-12-07T12:54:12.463+0000] {taskinstance.py:1956} INFO - Dependencies all met for dep_context=non-requeueable deps ti=<TaskInstance: email_intelligence_pipeline.real_time_enrichment scheduled__2025-12-06T02:00:00+00:00 [queued]>
[2025-12-07T12:54:12.470+0000] {taskinstance.py:1956} INFO - Dependencies all met for dep_context=requeueable deps ti=<TaskInstance: email_intelligence_pipeline.real_time_enrichment scheduled__2025-12-06T02:00:00+00:00 [queued]>
[2025-12-07T12:54:12.471+0000] {taskinstance.py:2170} INFO - Starting attempt 1 of 1
[2025-12-07T12:54:12.483+0000] {taskinstance.py:2191} INFO - Executing <Task(BashOperator): real_time_enrichment> on 2025-12-06 02:00:00+00:00
[2025-12-07T12:54:12.488+0000] {standard_task_runner.py:60} INFO - Started process 214 to run task
[2025-12-07T12:54:12.492+0000] {standard_task_runner.py:87} INFO - Running: ['***', 'tasks', 'run', 'email_intelligence_pipeline', 'real_time_enrichment', 'scheduled__2025-12-06T02:00:00+00:00', '--job-id', '6', '--raw', '--subdir', 'DAGS_FOLDER/email_pipeline_dag.py', '--cfg-path', '/tmp/tmptvy71a6j']
[2025-12-07T12:54:12.495+0000] {standard_task_runner.py:88} INFO - Job 6: Subtask real_time_enrichment
[2025-12-07T12:54:12.571+0000] {task_command.py:423} INFO - Running <TaskInstance: email_intelligence_pipeline.real_time_enrichment scheduled__2025-12-06T02:00:00+00:00 [running]> on host e61fdba10dc3
[2025-12-07T12:54:12.652+0000] {taskinstance.py:2480} INFO - Exporting env vars: AIRFLOW_CTX_DAG_OWNER='data_team' AIRFLOW_CTX_DAG_ID='email_intelligence_pipeline' AIRFLOW_CTX_TASK_ID='real_time_enrichment' AIRFLOW_CTX_EXECUTION_DATE='2025-12-06T02:00:00+00:00' AIRFLOW_CTX_TRY_NUMBER='1' AIRFLOW_CTX_DAG_RUN_ID='scheduled__2025-12-06T02:00:00+00:00'
[2025-12-07T12:54:12.654+0000] {subprocess.py:63} INFO - Tmp dir root location: /tmp
[2025-12-07T12:54:12.655+0000] {subprocess.py:75} INFO - Running command: ['/usr/bin/bash', '-c', '\n        /opt/spark/bin/spark-submit             --master spark://spark-master:7077             --deploy-mode client             --packages org.apache.hadoop:hadoop-aws:3.3.4             --name EmailEnrichmentStream             /opt/spark/jobs/email_processor.py\n        ']
[2025-12-07T12:54:12.664+0000] {subprocess.py:86} INFO - Output:
[2025-12-07T12:54:12.682+0000] {subprocess.py:93} INFO - /opt/spark/bin/load-spark-env.sh: line 68: ps: command not found
[2025-12-07T12:54:15.432+0000] {subprocess.py:93} INFO - :: loading settings :: url = jar:file:/opt/spark/jars/ivy-2.5.1.jar!/org/apache/ivy/core/settings/ivysettings.xml
[2025-12-07T12:54:15.597+0000] {subprocess.py:93} INFO - Ivy Default Cache set to: /home/***/.ivy2/cache
[2025-12-07T12:54:15.599+0000] {subprocess.py:93} INFO - The jars for the packages stored in: /home/***/.ivy2/jars
[2025-12-07T12:54:15.604+0000] {subprocess.py:93} INFO - org.apache.hadoop#hadoop-aws added as a dependency
[2025-12-07T12:54:15.606+0000] {subprocess.py:93} INFO - :: resolving dependencies :: org.apache.spark#spark-submit-parent-6c8d4dbb-0ee6-44b5-a36c-f39a2b956d87;1.0
[2025-12-07T12:54:15.607+0000] {subprocess.py:93} INFO - 	confs: [default]
[2025-12-07T12:54:18.371+0000] {subprocess.py:93} INFO - 	found org.apache.hadoop#hadoop-aws;3.3.4 in central
[2025-12-07T12:54:19.683+0000] {subprocess.py:93} INFO - 	found com.amazonaws#aws-java-sdk-bundle;1.12.262 in central
[2025-12-07T12:54:21.343+0000] {subprocess.py:93} INFO - 	found org.wildfly.openssl#wildfly-openssl;1.0.7.Final in central
[2025-12-07T12:54:21.414+0000] {subprocess.py:93} INFO - downloading https://repo1.maven.org/maven2/org/apache/hadoop/hadoop-aws/3.3.4/hadoop-aws-3.3.4.jar ...
[2025-12-07T12:54:21.652+0000] {subprocess.py:93} INFO - 	[SUCCESSFUL ] org.apache.hadoop#hadoop-aws;3.3.4!hadoop-aws.jar (300ms)
[2025-12-07T12:54:21.715+0000] {subprocess.py:93} INFO - downloading https://repo1.maven.org/maven2/com/amazonaws/aws-java-sdk-bundle/1.12.262/aws-java-sdk-bundle-1.12.262.jar ...
[2025-12-07T12:55:01.484+0000] {subprocess.py:93} INFO - 	[SUCCESSFUL ] com.amazonaws#aws-java-sdk-bundle;1.12.262!aws-java-sdk-bundle.jar (39826ms)
[2025-12-07T12:55:01.575+0000] {subprocess.py:93} INFO - downloading https://repo1.maven.org/maven2/org/wildfly/openssl/wildfly-openssl/1.0.7.Final/wildfly-openssl-1.0.7.Final.jar ...
[2025-12-07T12:55:01.730+0000] {subprocess.py:93} INFO - 	[SUCCESSFUL ] org.wildfly.openssl#wildfly-openssl;1.0.7.Final!wildfly-openssl.jar (230ms)
[2025-12-07T12:55:01.733+0000] {subprocess.py:93} INFO - :: resolution report :: resolve 5744ms :: artifacts dl 40381ms
[2025-12-07T12:55:01.734+0000] {subprocess.py:93} INFO - 	:: modules in use:
[2025-12-07T12:55:01.734+0000] {subprocess.py:93} INFO - 	com.amazonaws#aws-java-sdk-bundle;1.12.262 from central in [default]
[2025-12-07T12:55:01.735+0000] {subprocess.py:93} INFO - 	org.apache.hadoop#hadoop-aws;3.3.4 from central in [default]
[2025-12-07T12:55:01.736+0000] {subprocess.py:93} INFO - 	org.wildfly.openssl#wildfly-openssl;1.0.7.Final from central in [default]
[2025-12-07T12:55:01.737+0000] {subprocess.py:93} INFO - 	---------------------------------------------------------------------
[2025-12-07T12:55:01.738+0000] {subprocess.py:93} INFO - 	|                  |            modules            ||   artifacts   |
[2025-12-07T12:55:01.739+0000] {subprocess.py:93} INFO - 	|       conf       | number| search|dwnlded|evicted|| number|dwnlded|
[2025-12-07T12:55:01.739+0000] {subprocess.py:93} INFO - 	---------------------------------------------------------------------
[2025-12-07T12:55:01.740+0000] {subprocess.py:93} INFO - 	|      default     |   3   |   3   |   3   |   0   ||   3   |   3   |
[2025-12-07T12:55:01.741+0000] {subprocess.py:93} INFO - 	---------------------------------------------------------------------
[2025-12-07T12:55:01.746+0000] {subprocess.py:93} INFO - :: retrieving :: org.apache.spark#spark-submit-parent-6c8d4dbb-0ee6-44b5-a36c-f39a2b956d87
[2025-12-07T12:55:01.748+0000] {subprocess.py:93} INFO - 	confs: [default]
[2025-12-07T12:55:05.532+0000] {subprocess.py:93} INFO - 	3 artifacts copied, 0 already retrieved (275421kB/3785ms)
[2025-12-07T12:55:06.198+0000] {subprocess.py:93} INFO - 25/12/07 12:55:06 WARN NativeCodeLoader: Unable to load native-hadoop library for your platform... using builtin-java classes where applicable
[2025-12-07T12:55:07.794+0000] {subprocess.py:93} INFO - 🚀 Démarrage Spark Streaming - Email Processor (Bronze + Silver )
[2025-12-07T12:55:08.041+0000] {subprocess.py:93} INFO - 25/12/07 12:55:08 INFO SparkContext: Running Spark version 3.5.0
[2025-12-07T12:55:08.042+0000] {subprocess.py:93} INFO - 25/12/07 12:55:08 INFO SparkContext: OS info Linux, 6.6.87.2-microsoft-standard-WSL2, amd64
[2025-12-07T12:55:08.043+0000] {subprocess.py:93} INFO - 25/12/07 12:55:08 INFO SparkContext: Java version 17.0.17
[2025-12-07T12:55:08.094+0000] {subprocess.py:93} INFO - 25/12/07 12:55:08 INFO ResourceUtils: ==============================================================
[2025-12-07T12:55:08.096+0000] {subprocess.py:93} INFO - 25/12/07 12:55:08 INFO ResourceUtils: No custom resources configured for spark.driver.
[2025-12-07T12:55:08.098+0000] {subprocess.py:93} INFO - 25/12/07 12:55:08 INFO ResourceUtils: ==============================================================
[2025-12-07T12:55:08.101+0000] {subprocess.py:93} INFO - 25/12/07 12:55:08 INFO SparkContext: Submitted application: EmailProcessor
[2025-12-07T12:55:08.148+0000] {subprocess.py:93} INFO - 25/12/07 12:55:08 INFO ResourceProfile: Default ResourceProfile created, executor resources: Map(memory -> name: memory, amount: 1024, script: , vendor: , offHeap -> name: offHeap, amount: 0, script: , vendor: ), task resources: Map(cpus -> name: cpus, amount: 1.0)
[2025-12-07T12:55:08.167+0000] {subprocess.py:93} INFO - 25/12/07 12:55:08 INFO ResourceProfile: Limiting resource is cpu
[2025-12-07T12:55:08.168+0000] {subprocess.py:93} INFO - 25/12/07 12:55:08 INFO ResourceProfileManager: Added ResourceProfile id: 0
[2025-12-07T12:55:08.296+0000] {subprocess.py:93} INFO - 25/12/07 12:55:08 INFO SecurityManager: Changing view acls to: ***
[2025-12-07T12:55:08.301+0000] {subprocess.py:93} INFO - 25/12/07 12:55:08 INFO SecurityManager: Changing modify acls to: ***
[2025-12-07T12:55:08.302+0000] {subprocess.py:93} INFO - 25/12/07 12:55:08 INFO SecurityManager: Changing view acls groups to:
[2025-12-07T12:55:08.303+0000] {subprocess.py:93} INFO - 25/12/07 12:55:08 INFO SecurityManager: Changing modify acls groups to:
[2025-12-07T12:55:08.304+0000] {subprocess.py:93} INFO - 25/12/07 12:55:08 INFO SecurityManager: SecurityManager: authentication disabled; ui acls disabled; users with view permissions: ***; groups with view permissions: EMPTY; users with modify permissions: ***; groups with modify permissions: EMPTY
[2025-12-07T12:55:08.696+0000] {subprocess.py:93} INFO - 25/12/07 12:55:08 INFO Utils: Successfully started service 'sparkDriver' on port 43591.
[2025-12-07T12:55:08.739+0000] {subprocess.py:93} INFO - 25/12/07 12:55:08 INFO SparkEnv: Registering MapOutputTracker
[2025-12-07T12:55:08.797+0000] {subprocess.py:93} INFO - 25/12/07 12:55:08 INFO SparkEnv: Registering BlockManagerMaster
[2025-12-07T12:55:08.826+0000] {subprocess.py:93} INFO - 25/12/07 12:55:08 INFO BlockManagerMasterEndpoint: Using org.apache.spark.storage.DefaultTopologyMapper for getting topology information
[2025-12-07T12:55:08.827+0000] {subprocess.py:93} INFO - 25/12/07 12:55:08 INFO BlockManagerMasterEndpoint: BlockManagerMasterEndpoint up
[2025-12-07T12:55:08.834+0000] {subprocess.py:93} INFO - 25/12/07 12:55:08 INFO SparkEnv: Registering BlockManagerMasterHeartbeat
[2025-12-07T12:55:08.872+0000] {subprocess.py:93} INFO - 25/12/07 12:55:08 INFO DiskBlockManager: Created local directory at /tmp/blockmgr-f552166f-3ca7-4510-8ad8-9e3db230ae3f
[2025-12-07T12:55:08.890+0000] {subprocess.py:93} INFO - 25/12/07 12:55:08 INFO MemoryStore: MemoryStore started with capacity 434.4 MiB
[2025-12-07T12:55:08.909+0000] {subprocess.py:93} INFO - 25/12/07 12:55:08 INFO SparkEnv: Registering OutputCommitCoordinator
[2025-12-07T12:55:09.251+0000] {subprocess.py:93} INFO - 25/12/07 12:55:09 INFO JettyUtils: Start Jetty 0.0.0.0:4040 for SparkUI
[2025-12-07T12:55:09.443+0000] {subprocess.py:93} INFO - 25/12/07 12:55:09 INFO Utils: Successfully started service 'SparkUI' on port 4040.
[2025-12-07T12:55:09.527+0000] {subprocess.py:93} INFO - 25/12/07 12:55:09 INFO SparkContext: Added JAR file:///home/***/.ivy2/jars/org.apache.hadoop_hadoop-aws-3.3.4.jar at spark://e61fdba10dc3:43591/jars/org.apache.hadoop_hadoop-aws-3.3.4.jar with timestamp 1765112108022
[2025-12-07T12:55:09.529+0000] {subprocess.py:93} INFO - 25/12/07 12:55:09 INFO SparkContext: Added JAR file:///home/***/.ivy2/jars/com.amazonaws_aws-java-sdk-bundle-1.12.262.jar at spark://e61fdba10dc3:43591/jars/com.amazonaws_aws-java-sdk-bundle-1.12.262.jar with timestamp 1765112108022
[2025-12-07T12:55:09.530+0000] {subprocess.py:93} INFO - 25/12/07 12:55:09 INFO SparkContext: Added JAR file:///home/***/.ivy2/jars/org.wildfly.openssl_wildfly-openssl-1.0.7.Final.jar at spark://e61fdba10dc3:43591/jars/org.wildfly.openssl_wildfly-openssl-1.0.7.Final.jar with timestamp 1765112108022
[2025-12-07T12:55:09.535+0000] {subprocess.py:93} INFO - 25/12/07 12:55:09 INFO SparkContext: Added file file:///home/***/.ivy2/jars/org.apache.hadoop_hadoop-aws-3.3.4.jar at spark://e61fdba10dc3:43591/files/org.apache.hadoop_hadoop-aws-3.3.4.jar with timestamp 1765112108022
[2025-12-07T12:55:09.538+0000] {subprocess.py:93} INFO - 25/12/07 12:55:09 INFO Utils: Copying /home/***/.ivy2/jars/org.apache.hadoop_hadoop-aws-3.3.4.jar to /tmp/spark-5fd59224-c8d9-4653-9987-607e79bf607c/userFiles-511c9244-14ce-41bf-82c2-a698605dac8d/org.apache.hadoop_hadoop-aws-3.3.4.jar
[2025-12-07T12:55:09.573+0000] {subprocess.py:93} INFO - 25/12/07 12:55:09 INFO SparkContext: Added file file:///home/***/.ivy2/jars/com.amazonaws_aws-java-sdk-bundle-1.12.262.jar at spark://e61fdba10dc3:43591/files/com.amazonaws_aws-java-sdk-bundle-1.12.262.jar with timestamp 1765112108022
[2025-12-07T12:55:09.575+0000] {subprocess.py:93} INFO - 25/12/07 12:55:09 INFO Utils: Copying /home/***/.ivy2/jars/com.amazonaws_aws-java-sdk-bundle-1.12.262.jar to /tmp/spark-5fd59224-c8d9-4653-9987-607e79bf607c/userFiles-511c9244-14ce-41bf-82c2-a698605dac8d/com.amazonaws_aws-java-sdk-bundle-1.12.262.jar
[2025-12-07T12:55:10.900+0000] {subprocess.py:93} INFO - 25/12/07 12:55:10 INFO SparkContext: Added file file:///home/***/.ivy2/jars/org.wildfly.openssl_wildfly-openssl-1.0.7.Final.jar at spark://e61fdba10dc3:43591/files/org.wildfly.openssl_wildfly-openssl-1.0.7.Final.jar with timestamp 1765112108022
[2025-12-07T12:55:10.901+0000] {subprocess.py:93} INFO - 25/12/07 12:55:10 INFO Utils: Copying /home/***/.ivy2/jars/org.wildfly.openssl_wildfly-openssl-1.0.7.Final.jar to /tmp/spark-5fd59224-c8d9-4653-9987-607e79bf607c/userFiles-511c9244-14ce-41bf-82c2-a698605dac8d/org.wildfly.openssl_wildfly-openssl-1.0.7.Final.jar
[2025-12-07T12:55:11.044+0000] {subprocess.py:93} INFO - 25/12/07 12:55:11 INFO StandaloneAppClient$ClientEndpoint: Connecting to master spark://spark-master:7077...
[2025-12-07T12:55:11.088+0000] {subprocess.py:93} INFO - 25/12/07 12:55:11 INFO TransportClientFactory: Successfully created connection to spark-master/172.20.0.3:7077 after 25 ms (0 ms spent in bootstraps)
[2025-12-07T12:55:11.877+0000] {subprocess.py:93} INFO - 25/12/07 12:55:11 INFO StandaloneSchedulerBackend: Connected to Spark cluster with app ID app-20251207125511-0000
[2025-12-07T12:55:11.890+0000] {subprocess.py:93} INFO - 25/12/07 12:55:11 INFO Utils: Successfully started service 'org.apache.spark.network.netty.NettyBlockTransferService' on port 43329.
[2025-12-07T12:55:11.891+0000] {subprocess.py:93} INFO - 25/12/07 12:55:11 INFO NettyBlockTransferService: Server created on e61fdba10dc3:43329
[2025-12-07T12:55:11.894+0000] {subprocess.py:93} INFO - 25/12/07 12:55:11 INFO BlockManager: Using org.apache.spark.storage.RandomBlockReplicationPolicy for block replication policy
[2025-12-07T12:55:11.910+0000] {subprocess.py:93} INFO - 25/12/07 12:55:11 INFO BlockManagerMaster: Registering BlockManager BlockManagerId(driver, e61fdba10dc3, 43329, None)
[2025-12-07T12:55:11.915+0000] {subprocess.py:93} INFO - 25/12/07 12:55:11 INFO BlockManagerMasterEndpoint: Registering block manager e61fdba10dc3:43329 with 434.4 MiB RAM, BlockManagerId(driver, e61fdba10dc3, 43329, None)
[2025-12-07T12:55:11.917+0000] {subprocess.py:93} INFO - 25/12/07 12:55:11 INFO BlockManagerMaster: Registered BlockManager BlockManagerId(driver, e61fdba10dc3, 43329, None)
[2025-12-07T12:55:11.918+0000] {subprocess.py:93} INFO - 25/12/07 12:55:11 INFO BlockManager: Initialized BlockManager: BlockManagerId(driver, e61fdba10dc3, 43329, None)
[2025-12-07T12:55:12.258+0000] {subprocess.py:93} INFO - 25/12/07 12:55:12 INFO StandaloneSchedulerBackend: SchedulerBackend is ready for scheduling beginning after reached minRegisteredResourcesRatio: 0.0
[2025-12-07T12:55:12.517+0000] {subprocess.py:93} INFO - 📡 Kafka: kafka:29092
[2025-12-07T12:55:12.518+0000] {subprocess.py:93} INFO - 📥 Topic: processed-emails-topic
[2025-12-07T12:55:13.897+0000] {subprocess.py:93} INFO - Traceback (most recent call last):
[2025-12-07T12:55:13.898+0000] {subprocess.py:93} INFO -   File "/opt/spark/jobs/email_processor.py", line 175, in <module>
[2025-12-07T12:55:13.902+0000] {subprocess.py:93} INFO -     main()
[2025-12-07T12:55:13.903+0000] {subprocess.py:93} INFO -   File "/opt/spark/jobs/email_processor.py", line 148, in main
[2025-12-07T12:55:13.907+0000] {subprocess.py:93} INFO -     kafka_df = read_from_kafka(spark)
[2025-12-07T12:55:13.908+0000] {subprocess.py:93} INFO -   File "/opt/spark/jobs/email_processor.py", line 46, in read_from_kafka
[2025-12-07T12:55:13.913+0000] {subprocess.py:93} INFO -     return spark.readStream \
[2025-12-07T12:55:13.914+0000] {subprocess.py:93} INFO -   File "/opt/spark/python/lib/pyspark.zip/pyspark/sql/streaming/readwriter.py", line 304, in load
[2025-12-07T12:55:13.915+0000] {subprocess.py:93} INFO -   File "/opt/spark/python/lib/py4j-0.10.9.7-src.zip/py4j/java_gateway.py", line 1322, in __call__
[2025-12-07T12:55:13.916+0000] {subprocess.py:93} INFO -   File "/opt/spark/python/lib/pyspark.zip/pyspark/errors/exceptions/captured.py", line 185, in deco
[2025-12-07T12:55:13.930+0000] {subprocess.py:93} INFO - pyspark.errors.exceptions.captured.AnalysisException: Failed to find data source: kafka. Please deploy the application as per the deployment section of Structured Streaming + Kafka Integration Guide.
[2025-12-07T12:55:14.202+0000] {subprocess.py:97} INFO - Command exited with return code 1
[2025-12-07T12:55:14.263+0000] {taskinstance.py:2698} ERROR - Task failed with exception
Traceback (most recent call last):
  File "/home/airflow/.local/lib/python3.8/site-packages/airflow/models/taskinstance.py", line 428, in _execute_task
    result = execute_callable(context=context, **execute_callable_kwargs)
  File "/home/airflow/.local/lib/python3.8/site-packages/airflow/operators/bash.py", line 212, in execute
    raise AirflowException(
airflow.exceptions.AirflowException: Bash command failed. The command returned a non-zero exit code 1.
[2025-12-07T12:55:14.283+0000] {taskinstance.py:1138} INFO - Marking task as FAILED. dag_id=email_intelligence_pipeline, task_id=real_time_enrichment, execution_date=20251206T020000, start_date=20251207T125412, end_date=20251207T125514
[2025-12-07T12:55:14.370+0000] {standard_task_runner.py:107} ERROR - Failed to execute job 6 for task real_time_enrichment (Bash command failed. The command returned a non-zero exit code 1.; 214)
[2025-12-07T12:55:14.425+0000] {local_task_job_runner.py:234} INFO - Task exited with return code 1
[2025-12-07T12:55:14.479+0000] {taskinstance.py:3280} INFO - 0 downstream tasks scheduled from follow-on schedule check
