[2025-12-07T15:05:41.455+0000] {taskinstance.py:1956} INFO - Dependencies all met for dep_context=non-requeueable deps ti=<TaskInstance: email_intelligence_pipeline.export_to_postgres manual__2025-12-07T15:04:16.504455+00:00 [queued]>
[2025-12-07T15:05:41.464+0000] {taskinstance.py:1956} INFO - Dependencies all met for dep_context=requeueable deps ti=<TaskInstance: email_intelligence_pipeline.export_to_postgres manual__2025-12-07T15:04:16.504455+00:00 [queued]>
[2025-12-07T15:05:41.465+0000] {taskinstance.py:2170} INFO - Starting attempt 1 of 1
[2025-12-07T15:05:41.482+0000] {taskinstance.py:2191} INFO - Executing <Task(BashOperator): export_to_postgres> on 2025-12-07 15:04:16.504455+00:00
[2025-12-07T15:05:41.488+0000] {standard_task_runner.py:60} INFO - Started process 1269 to run task
[2025-12-07T15:05:41.492+0000] {standard_task_runner.py:87} INFO - Running: ['***', 'tasks', 'run', 'email_intelligence_pipeline', 'export_to_postgres', 'manual__2025-12-07T15:04:16.504455+00:00', '--job-id', '102', '--raw', '--subdir', 'DAGS_FOLDER/email_pipeline_dag.py', '--cfg-path', '/tmp/tmp_p4m4nhq']
[2025-12-07T15:05:41.495+0000] {standard_task_runner.py:88} INFO - Job 102: Subtask export_to_postgres
[2025-12-07T15:05:41.601+0000] {task_command.py:423} INFO - Running <TaskInstance: email_intelligence_pipeline.export_to_postgres manual__2025-12-07T15:04:16.504455+00:00 [running]> on host 3db08845f297
[2025-12-07T15:05:41.747+0000] {taskinstance.py:2480} INFO - Exporting env vars: AIRFLOW_CTX_DAG_OWNER='data_team' AIRFLOW_CTX_DAG_ID='email_intelligence_pipeline' AIRFLOW_CTX_TASK_ID='export_to_postgres' AIRFLOW_CTX_EXECUTION_DATE='2025-12-07T15:04:16.504455+00:00' AIRFLOW_CTX_TRY_NUMBER='1' AIRFLOW_CTX_DAG_RUN_ID='manual__2025-12-07T15:04:16.504455+00:00'
[2025-12-07T15:05:41.749+0000] {subprocess.py:63} INFO - Tmp dir root location: /tmp
[2025-12-07T15:05:41.751+0000] {subprocess.py:75} INFO - Running command: ['/usr/bin/bash', '-c', '/opt/spark/bin/spark-submit --master local[2] --packages org.apache.hadoop:hadoop-aws:3.3.4,org.postgresql:postgresql:42.7.1 --name GoldToPostgres /opt/spark/jobs/gold_to_postgres.py']
[2025-12-07T15:05:41.759+0000] {subprocess.py:86} INFO - Output:
[2025-12-07T15:05:41.766+0000] {subprocess.py:93} INFO - /opt/spark/bin/load-spark-env.sh: line 68: ps: command not found
[2025-12-07T15:05:43.445+0000] {subprocess.py:93} INFO - :: loading settings :: url = jar:file:/opt/spark/jars/ivy-2.5.1.jar!/org/apache/ivy/core/settings/ivysettings.xml
[2025-12-07T15:05:43.528+0000] {subprocess.py:93} INFO - Ivy Default Cache set to: /home/***/.ivy2/cache
[2025-12-07T15:05:43.530+0000] {subprocess.py:93} INFO - The jars for the packages stored in: /home/***/.ivy2/jars
[2025-12-07T15:05:43.535+0000] {subprocess.py:93} INFO - org.apache.hadoop#hadoop-aws added as a dependency
[2025-12-07T15:05:43.536+0000] {subprocess.py:93} INFO - org.postgresql#postgresql added as a dependency
[2025-12-07T15:05:43.537+0000] {subprocess.py:93} INFO - :: resolving dependencies :: org.apache.spark#spark-submit-parent-51ad1879-15e3-4af8-b133-11061fe0524e;1.0
[2025-12-07T15:05:43.538+0000] {subprocess.py:93} INFO - 	confs: [default]
[2025-12-07T15:05:43.739+0000] {subprocess.py:93} INFO - 	found org.apache.hadoop#hadoop-aws;3.3.4 in central
[2025-12-07T15:05:43.775+0000] {subprocess.py:93} INFO - 	found com.amazonaws#aws-java-sdk-bundle;1.12.262 in central
[2025-12-07T15:05:43.806+0000] {subprocess.py:93} INFO - 	found org.wildfly.openssl#wildfly-openssl;1.0.7.Final in central
[2025-12-07T15:05:44.832+0000] {subprocess.py:93} INFO - 	found org.postgresql#postgresql;42.7.1 in central
[2025-12-07T15:05:45.379+0000] {subprocess.py:93} INFO - 	found org.checkerframework#checker-qual;3.41.0 in central
[2025-12-07T15:05:45.734+0000] {subprocess.py:93} INFO - downloading https://repo1.maven.org/maven2/org/postgresql/postgresql/42.7.1/postgresql-42.7.1.jar ...
[2025-12-07T15:05:46.507+0000] {subprocess.py:93} INFO - 	[SUCCESSFUL ] org.postgresql#postgresql;42.7.1!postgresql.jar (1098ms)
[2025-12-07T15:05:46.706+0000] {subprocess.py:93} INFO - downloading https://repo1.maven.org/maven2/org/checkerframework/checker-qual/3.41.0/checker-qual-3.41.0.jar ...
[2025-12-07T15:05:46.860+0000] {subprocess.py:93} INFO - 	[SUCCESSFUL ] org.checkerframework#checker-qual;3.41.0!checker-qual.jar (344ms)
[2025-12-07T15:05:46.863+0000] {subprocess.py:93} INFO - :: resolution report :: resolve 1868ms :: artifacts dl 1456ms
[2025-12-07T15:05:46.864+0000] {subprocess.py:93} INFO - 	:: modules in use:
[2025-12-07T15:05:46.865+0000] {subprocess.py:93} INFO - 	com.amazonaws#aws-java-sdk-bundle;1.12.262 from central in [default]
[2025-12-07T15:05:46.866+0000] {subprocess.py:93} INFO - 	org.apache.hadoop#hadoop-aws;3.3.4 from central in [default]
[2025-12-07T15:05:46.866+0000] {subprocess.py:93} INFO - 	org.checkerframework#checker-qual;3.41.0 from central in [default]
[2025-12-07T15:05:46.867+0000] {subprocess.py:93} INFO - 	org.postgresql#postgresql;42.7.1 from central in [default]
[2025-12-07T15:05:46.868+0000] {subprocess.py:93} INFO - 	org.wildfly.openssl#wildfly-openssl;1.0.7.Final from central in [default]
[2025-12-07T15:05:46.869+0000] {subprocess.py:93} INFO - 	---------------------------------------------------------------------
[2025-12-07T15:05:46.871+0000] {subprocess.py:93} INFO - 	|                  |            modules            ||   artifacts   |
[2025-12-07T15:05:46.872+0000] {subprocess.py:93} INFO - 	|       conf       | number| search|dwnlded|evicted|| number|dwnlded|
[2025-12-07T15:05:46.873+0000] {subprocess.py:93} INFO - 	---------------------------------------------------------------------
[2025-12-07T15:05:46.874+0000] {subprocess.py:93} INFO - 	|      default     |   5   |   2   |   2   |   0   ||   5   |   2   |
[2025-12-07T15:05:46.876+0000] {subprocess.py:93} INFO - 	---------------------------------------------------------------------
[2025-12-07T15:05:46.877+0000] {subprocess.py:93} INFO - :: retrieving :: org.apache.spark#spark-submit-parent-51ad1879-15e3-4af8-b133-11061fe0524e
[2025-12-07T15:05:46.878+0000] {subprocess.py:93} INFO - 	confs: [default]
[2025-12-07T15:05:46.909+0000] {subprocess.py:93} INFO - 	2 artifacts copied, 3 already retrieved (1282kB/43ms)
[2025-12-07T15:05:47.148+0000] {subprocess.py:93} INFO - 25/12/07 15:05:47 WARN NativeCodeLoader: Unable to load native-hadoop library for your platform... using builtin-java classes where applicable
[2025-12-07T15:05:48.351+0000] {subprocess.py:93} INFO - 
[2025-12-07T15:05:48.353+0000] {subprocess.py:93} INFO - ============================================================
[2025-12-07T15:05:48.354+0000] {subprocess.py:93} INFO - 🚀 GOLD TO POSTGRESQL EXPORT JOB STARTED
[2025-12-07T15:05:48.354+0000] {subprocess.py:93} INFO -    Timestamp: 2025-12-07 15:05:48.351560
[2025-12-07T15:05:48.355+0000] {subprocess.py:93} INFO - ============================================================
[2025-12-07T15:05:48.531+0000] {subprocess.py:93} INFO - 25/12/07 15:05:48 INFO SparkContext: Running Spark version 3.5.0
[2025-12-07T15:05:48.532+0000] {subprocess.py:93} INFO - 25/12/07 15:05:48 INFO SparkContext: OS info Linux, 6.6.87.2-microsoft-standard-WSL2, amd64
[2025-12-07T15:05:48.533+0000] {subprocess.py:93} INFO - 25/12/07 15:05:48 INFO SparkContext: Java version 17.0.17
[2025-12-07T15:05:48.558+0000] {subprocess.py:93} INFO - 25/12/07 15:05:48 INFO ResourceUtils: ==============================================================
[2025-12-07T15:05:48.560+0000] {subprocess.py:93} INFO - 25/12/07 15:05:48 INFO ResourceUtils: No custom resources configured for spark.driver.
[2025-12-07T15:05:48.561+0000] {subprocess.py:93} INFO - 25/12/07 15:05:48 INFO ResourceUtils: ==============================================================
[2025-12-07T15:05:48.562+0000] {subprocess.py:93} INFO - 25/12/07 15:05:48 INFO SparkContext: Submitted application: GoldToPostgres
[2025-12-07T15:05:48.585+0000] {subprocess.py:93} INFO - 25/12/07 15:05:48 INFO ResourceProfile: Default ResourceProfile created, executor resources: Map(cores -> name: cores, amount: 1, script: , vendor: , memory -> name: memory, amount: 1024, script: , vendor: , offHeap -> name: offHeap, amount: 0, script: , vendor: ), task resources: Map(cpus -> name: cpus, amount: 1.0)
[2025-12-07T15:05:48.595+0000] {subprocess.py:93} INFO - 25/12/07 15:05:48 INFO ResourceProfile: Limiting resource is cpu
[2025-12-07T15:05:48.596+0000] {subprocess.py:93} INFO - 25/12/07 15:05:48 INFO ResourceProfileManager: Added ResourceProfile id: 0
[2025-12-07T15:05:48.649+0000] {subprocess.py:93} INFO - 25/12/07 15:05:48 INFO SecurityManager: Changing view acls to: ***
[2025-12-07T15:05:48.651+0000] {subprocess.py:93} INFO - 25/12/07 15:05:48 INFO SecurityManager: Changing modify acls to: ***
[2025-12-07T15:05:48.652+0000] {subprocess.py:93} INFO - 25/12/07 15:05:48 INFO SecurityManager: Changing view acls groups to:
[2025-12-07T15:05:48.653+0000] {subprocess.py:93} INFO - 25/12/07 15:05:48 INFO SecurityManager: Changing modify acls groups to:
[2025-12-07T15:05:48.654+0000] {subprocess.py:93} INFO - 25/12/07 15:05:48 INFO SecurityManager: SecurityManager: authentication disabled; ui acls disabled; users with view permissions: ***; groups with view permissions: EMPTY; users with modify permissions: ***; groups with modify permissions: EMPTY
[2025-12-07T15:05:48.858+0000] {subprocess.py:93} INFO - 25/12/07 15:05:48 INFO Utils: Successfully started service 'sparkDriver' on port 43233.
[2025-12-07T15:05:48.896+0000] {subprocess.py:93} INFO - 25/12/07 15:05:48 INFO SparkEnv: Registering MapOutputTracker
[2025-12-07T15:05:48.938+0000] {subprocess.py:93} INFO - 25/12/07 15:05:48 INFO SparkEnv: Registering BlockManagerMaster
[2025-12-07T15:05:48.973+0000] {subprocess.py:93} INFO - 25/12/07 15:05:48 INFO BlockManagerMasterEndpoint: Using org.apache.spark.storage.DefaultTopologyMapper for getting topology information
[2025-12-07T15:05:48.984+0000] {subprocess.py:93} INFO - 25/12/07 15:05:48 INFO BlockManagerMasterEndpoint: BlockManagerMasterEndpoint up
[2025-12-07T15:05:48.991+0000] {subprocess.py:93} INFO - 25/12/07 15:05:48 INFO SparkEnv: Registering BlockManagerMasterHeartbeat
[2025-12-07T15:05:49.022+0000] {subprocess.py:93} INFO - 25/12/07 15:05:49 INFO DiskBlockManager: Created local directory at /tmp/blockmgr-b949fc5d-d8a2-4acc-899f-b47f88c3e68d
[2025-12-07T15:05:49.044+0000] {subprocess.py:93} INFO - 25/12/07 15:05:49 INFO MemoryStore: MemoryStore started with capacity 434.4 MiB
[2025-12-07T15:05:49.065+0000] {subprocess.py:93} INFO - 25/12/07 15:05:49 INFO SparkEnv: Registering OutputCommitCoordinator
[2025-12-07T15:05:49.204+0000] {subprocess.py:93} INFO - 25/12/07 15:05:49 INFO JettyUtils: Start Jetty 0.0.0.0:4040 for SparkUI
[2025-12-07T15:05:49.268+0000] {subprocess.py:93} INFO - 25/12/07 15:05:49 INFO Utils: Successfully started service 'SparkUI' on port 4040.
[2025-12-07T15:05:49.307+0000] {subprocess.py:93} INFO - 25/12/07 15:05:49 INFO SparkContext: Added JAR file:///home/***/.ivy2/jars/org.apache.hadoop_hadoop-aws-3.3.4.jar at spark://3db08845f297:43233/jars/org.apache.hadoop_hadoop-aws-3.3.4.jar with timestamp 1765119948509
[2025-12-07T15:05:49.308+0000] {subprocess.py:93} INFO - 25/12/07 15:05:49 INFO SparkContext: Added JAR file:///home/***/.ivy2/jars/org.postgresql_postgresql-42.7.1.jar at spark://3db08845f297:43233/jars/org.postgresql_postgresql-42.7.1.jar with timestamp 1765119948509
[2025-12-07T15:05:49.308+0000] {subprocess.py:93} INFO - 25/12/07 15:05:49 INFO SparkContext: Added JAR file:///home/***/.ivy2/jars/com.amazonaws_aws-java-sdk-bundle-1.12.262.jar at spark://3db08845f297:43233/jars/com.amazonaws_aws-java-sdk-bundle-1.12.262.jar with timestamp 1765119948509
[2025-12-07T15:05:49.309+0000] {subprocess.py:93} INFO - 25/12/07 15:05:49 INFO SparkContext: Added JAR file:///home/***/.ivy2/jars/org.wildfly.openssl_wildfly-openssl-1.0.7.Final.jar at spark://3db08845f297:43233/jars/org.wildfly.openssl_wildfly-openssl-1.0.7.Final.jar with timestamp 1765119948509
[2025-12-07T15:05:49.310+0000] {subprocess.py:93} INFO - 25/12/07 15:05:49 INFO SparkContext: Added JAR file:///home/***/.ivy2/jars/org.checkerframework_checker-qual-3.41.0.jar at spark://3db08845f297:43233/jars/org.checkerframework_checker-qual-3.41.0.jar with timestamp 1765119948509
[2025-12-07T15:05:49.313+0000] {subprocess.py:93} INFO - 25/12/07 15:05:49 INFO SparkContext: Added file file:///home/***/.ivy2/jars/org.apache.hadoop_hadoop-aws-3.3.4.jar at file:///home/***/.ivy2/jars/org.apache.hadoop_hadoop-aws-3.3.4.jar with timestamp 1765119948509
[2025-12-07T15:05:49.314+0000] {subprocess.py:93} INFO - 25/12/07 15:05:49 INFO Utils: Copying /home/***/.ivy2/jars/org.apache.hadoop_hadoop-aws-3.3.4.jar to /tmp/spark-ce47ce55-dcaa-42f7-a6d6-6b17a731a7ae/userFiles-07224450-2563-4ecd-b38e-865bb418f9a8/org.apache.hadoop_hadoop-aws-3.3.4.jar
[2025-12-07T15:05:49.327+0000] {subprocess.py:93} INFO - 25/12/07 15:05:49 INFO SparkContext: Added file file:///home/***/.ivy2/jars/org.postgresql_postgresql-42.7.1.jar at file:///home/***/.ivy2/jars/org.postgresql_postgresql-42.7.1.jar with timestamp 1765119948509
[2025-12-07T15:05:49.328+0000] {subprocess.py:93} INFO - 25/12/07 15:05:49 INFO Utils: Copying /home/***/.ivy2/jars/org.postgresql_postgresql-42.7.1.jar to /tmp/spark-ce47ce55-dcaa-42f7-a6d6-6b17a731a7ae/userFiles-07224450-2563-4ecd-b38e-865bb418f9a8/org.postgresql_postgresql-42.7.1.jar
[2025-12-07T15:05:49.334+0000] {subprocess.py:93} INFO - 25/12/07 15:05:49 INFO SparkContext: Added file file:///home/***/.ivy2/jars/com.amazonaws_aws-java-sdk-bundle-1.12.262.jar at file:///home/***/.ivy2/jars/com.amazonaws_aws-java-sdk-bundle-1.12.262.jar with timestamp 1765119948509
[2025-12-07T15:05:49.335+0000] {subprocess.py:93} INFO - 25/12/07 15:05:49 INFO Utils: Copying /home/***/.ivy2/jars/com.amazonaws_aws-java-sdk-bundle-1.12.262.jar to /tmp/spark-ce47ce55-dcaa-42f7-a6d6-6b17a731a7ae/userFiles-07224450-2563-4ecd-b38e-865bb418f9a8/com.amazonaws_aws-java-sdk-bundle-1.12.262.jar
[2025-12-07T15:05:49.585+0000] {subprocess.py:93} INFO - 25/12/07 15:05:49 INFO SparkContext: Added file file:///home/***/.ivy2/jars/org.wildfly.openssl_wildfly-openssl-1.0.7.Final.jar at file:///home/***/.ivy2/jars/org.wildfly.openssl_wildfly-openssl-1.0.7.Final.jar with timestamp 1765119948509
[2025-12-07T15:05:49.587+0000] {subprocess.py:93} INFO - 25/12/07 15:05:49 INFO Utils: Copying /home/***/.ivy2/jars/org.wildfly.openssl_wildfly-openssl-1.0.7.Final.jar to /tmp/spark-ce47ce55-dcaa-42f7-a6d6-6b17a731a7ae/userFiles-07224450-2563-4ecd-b38e-865bb418f9a8/org.wildfly.openssl_wildfly-openssl-1.0.7.Final.jar
[2025-12-07T15:05:49.592+0000] {subprocess.py:93} INFO - 25/12/07 15:05:49 INFO SparkContext: Added file file:///home/***/.ivy2/jars/org.checkerframework_checker-qual-3.41.0.jar at file:///home/***/.ivy2/jars/org.checkerframework_checker-qual-3.41.0.jar with timestamp 1765119948509
[2025-12-07T15:05:49.594+0000] {subprocess.py:93} INFO - 25/12/07 15:05:49 INFO Utils: Copying /home/***/.ivy2/jars/org.checkerframework_checker-qual-3.41.0.jar to /tmp/spark-ce47ce55-dcaa-42f7-a6d6-6b17a731a7ae/userFiles-07224450-2563-4ecd-b38e-865bb418f9a8/org.checkerframework_checker-qual-3.41.0.jar
[2025-12-07T15:05:49.648+0000] {subprocess.py:93} INFO - 25/12/07 15:05:49 INFO Executor: Starting executor ID driver on host 3db08845f297
[2025-12-07T15:05:49.650+0000] {subprocess.py:93} INFO - 25/12/07 15:05:49 INFO Executor: OS info Linux, 6.6.87.2-microsoft-standard-WSL2, amd64
[2025-12-07T15:05:49.650+0000] {subprocess.py:93} INFO - 25/12/07 15:05:49 INFO Executor: Java version 17.0.17
[2025-12-07T15:05:49.655+0000] {subprocess.py:93} INFO - 25/12/07 15:05:49 INFO Executor: Starting executor with user classpath (userClassPathFirst = false): ''
[2025-12-07T15:05:49.656+0000] {subprocess.py:93} INFO - 25/12/07 15:05:49 INFO Executor: Created or updated repl class loader org.apache.spark.util.MutableURLClassLoader@763e6565 for default.
[2025-12-07T15:05:49.666+0000] {subprocess.py:93} INFO - 25/12/07 15:05:49 INFO Executor: Fetching file:///home/***/.ivy2/jars/org.apache.hadoop_hadoop-aws-3.3.4.jar with timestamp 1765119948509
[2025-12-07T15:05:49.678+0000] {subprocess.py:93} INFO - 25/12/07 15:05:49 INFO Utils: /home/***/.ivy2/jars/org.apache.hadoop_hadoop-aws-3.3.4.jar has been previously copied to /tmp/spark-ce47ce55-dcaa-42f7-a6d6-6b17a731a7ae/userFiles-07224450-2563-4ecd-b38e-865bb418f9a8/org.apache.hadoop_hadoop-aws-3.3.4.jar
[2025-12-07T15:05:49.684+0000] {subprocess.py:93} INFO - 25/12/07 15:05:49 INFO Executor: Fetching file:///home/***/.ivy2/jars/org.checkerframework_checker-qual-3.41.0.jar with timestamp 1765119948509
[2025-12-07T15:05:49.686+0000] {subprocess.py:93} INFO - 25/12/07 15:05:49 INFO Utils: /home/***/.ivy2/jars/org.checkerframework_checker-qual-3.41.0.jar has been previously copied to /tmp/spark-ce47ce55-dcaa-42f7-a6d6-6b17a731a7ae/userFiles-07224450-2563-4ecd-b38e-865bb418f9a8/org.checkerframework_checker-qual-3.41.0.jar
[2025-12-07T15:05:49.689+0000] {subprocess.py:93} INFO - 25/12/07 15:05:49 INFO Executor: Fetching file:///home/***/.ivy2/jars/org.wildfly.openssl_wildfly-openssl-1.0.7.Final.jar with timestamp 1765119948509
[2025-12-07T15:05:49.690+0000] {subprocess.py:93} INFO - 25/12/07 15:05:49 INFO Utils: /home/***/.ivy2/jars/org.wildfly.openssl_wildfly-openssl-1.0.7.Final.jar has been previously copied to /tmp/spark-ce47ce55-dcaa-42f7-a6d6-6b17a731a7ae/userFiles-07224450-2563-4ecd-b38e-865bb418f9a8/org.wildfly.openssl_wildfly-openssl-1.0.7.Final.jar
[2025-12-07T15:05:49.694+0000] {subprocess.py:93} INFO - 25/12/07 15:05:49 INFO Executor: Fetching file:///home/***/.ivy2/jars/org.postgresql_postgresql-42.7.1.jar with timestamp 1765119948509
[2025-12-07T15:05:49.695+0000] {subprocess.py:93} INFO - 25/12/07 15:05:49 INFO Utils: /home/***/.ivy2/jars/org.postgresql_postgresql-42.7.1.jar has been previously copied to /tmp/spark-ce47ce55-dcaa-42f7-a6d6-6b17a731a7ae/userFiles-07224450-2563-4ecd-b38e-865bb418f9a8/org.postgresql_postgresql-42.7.1.jar
[2025-12-07T15:05:49.700+0000] {subprocess.py:93} INFO - 25/12/07 15:05:49 INFO Executor: Fetching file:///home/***/.ivy2/jars/com.amazonaws_aws-java-sdk-bundle-1.12.262.jar with timestamp 1765119948509
[2025-12-07T15:05:49.879+0000] {subprocess.py:93} INFO - 25/12/07 15:05:49 INFO Utils: /home/***/.ivy2/jars/com.amazonaws_aws-java-sdk-bundle-1.12.262.jar has been previously copied to /tmp/spark-ce47ce55-dcaa-42f7-a6d6-6b17a731a7ae/userFiles-07224450-2563-4ecd-b38e-865bb418f9a8/com.amazonaws_aws-java-sdk-bundle-1.12.262.jar
[2025-12-07T15:05:49.888+0000] {subprocess.py:93} INFO - 25/12/07 15:05:49 INFO Executor: Fetching spark://3db08845f297:43233/jars/org.wildfly.openssl_wildfly-openssl-1.0.7.Final.jar with timestamp 1765119948509
[2025-12-07T15:05:49.933+0000] {subprocess.py:93} INFO - 25/12/07 15:05:49 INFO TransportClientFactory: Successfully created connection to 3db08845f297/172.20.0.8:43233 after 30 ms (0 ms spent in bootstraps)
[2025-12-07T15:05:49.940+0000] {subprocess.py:93} INFO - 25/12/07 15:05:49 INFO Utils: Fetching spark://3db08845f297:43233/jars/org.wildfly.openssl_wildfly-openssl-1.0.7.Final.jar to /tmp/spark-ce47ce55-dcaa-42f7-a6d6-6b17a731a7ae/userFiles-07224450-2563-4ecd-b38e-865bb418f9a8/fetchFileTemp4806788657411432834.tmp
[2025-12-07T15:05:49.968+0000] {subprocess.py:93} INFO - 25/12/07 15:05:49 INFO Utils: /tmp/spark-ce47ce55-dcaa-42f7-a6d6-6b17a731a7ae/userFiles-07224450-2563-4ecd-b38e-865bb418f9a8/fetchFileTemp4806788657411432834.tmp has been previously copied to /tmp/spark-ce47ce55-dcaa-42f7-a6d6-6b17a731a7ae/userFiles-07224450-2563-4ecd-b38e-865bb418f9a8/org.wildfly.openssl_wildfly-openssl-1.0.7.Final.jar
[2025-12-07T15:05:49.976+0000] {subprocess.py:93} INFO - 25/12/07 15:05:49 INFO Executor: Adding file:/tmp/spark-ce47ce55-dcaa-42f7-a6d6-6b17a731a7ae/userFiles-07224450-2563-4ecd-b38e-865bb418f9a8/org.wildfly.openssl_wildfly-openssl-1.0.7.Final.jar to class loader default
[2025-12-07T15:05:49.977+0000] {subprocess.py:93} INFO - 25/12/07 15:05:49 INFO Executor: Fetching spark://3db08845f297:43233/jars/org.apache.hadoop_hadoop-aws-3.3.4.jar with timestamp 1765119948509
[2025-12-07T15:05:49.979+0000] {subprocess.py:93} INFO - 25/12/07 15:05:49 INFO Utils: Fetching spark://3db08845f297:43233/jars/org.apache.hadoop_hadoop-aws-3.3.4.jar to /tmp/spark-ce47ce55-dcaa-42f7-a6d6-6b17a731a7ae/userFiles-07224450-2563-4ecd-b38e-865bb418f9a8/fetchFileTemp12412200617996225873.tmp
[2025-12-07T15:05:49.988+0000] {subprocess.py:93} INFO - 25/12/07 15:05:49 INFO Utils: /tmp/spark-ce47ce55-dcaa-42f7-a6d6-6b17a731a7ae/userFiles-07224450-2563-4ecd-b38e-865bb418f9a8/fetchFileTemp12412200617996225873.tmp has been previously copied to /tmp/spark-ce47ce55-dcaa-42f7-a6d6-6b17a731a7ae/userFiles-07224450-2563-4ecd-b38e-865bb418f9a8/org.apache.hadoop_hadoop-aws-3.3.4.jar
[2025-12-07T15:05:49.993+0000] {subprocess.py:93} INFO - 25/12/07 15:05:49 INFO Executor: Adding file:/tmp/spark-ce47ce55-dcaa-42f7-a6d6-6b17a731a7ae/userFiles-07224450-2563-4ecd-b38e-865bb418f9a8/org.apache.hadoop_hadoop-aws-3.3.4.jar to class loader default
[2025-12-07T15:05:49.994+0000] {subprocess.py:93} INFO - 25/12/07 15:05:49 INFO Executor: Fetching spark://3db08845f297:43233/jars/com.amazonaws_aws-java-sdk-bundle-1.12.262.jar with timestamp 1765119948509
[2025-12-07T15:05:49.995+0000] {subprocess.py:93} INFO - 25/12/07 15:05:49 INFO Utils: Fetching spark://3db08845f297:43233/jars/com.amazonaws_aws-java-sdk-bundle-1.12.262.jar to /tmp/spark-ce47ce55-dcaa-42f7-a6d6-6b17a731a7ae/userFiles-07224450-2563-4ecd-b38e-865bb418f9a8/fetchFileTemp15919568319521786646.tmp
[2025-12-07T15:05:50.775+0000] {subprocess.py:93} INFO - 25/12/07 15:05:50 INFO Utils: /tmp/spark-ce47ce55-dcaa-42f7-a6d6-6b17a731a7ae/userFiles-07224450-2563-4ecd-b38e-865bb418f9a8/fetchFileTemp15919568319521786646.tmp has been previously copied to /tmp/spark-ce47ce55-dcaa-42f7-a6d6-6b17a731a7ae/userFiles-07224450-2563-4ecd-b38e-865bb418f9a8/com.amazonaws_aws-java-sdk-bundle-1.12.262.jar
[2025-12-07T15:05:50.810+0000] {subprocess.py:93} INFO - 25/12/07 15:05:50 INFO Executor: Adding file:/tmp/spark-ce47ce55-dcaa-42f7-a6d6-6b17a731a7ae/userFiles-07224450-2563-4ecd-b38e-865bb418f9a8/com.amazonaws_aws-java-sdk-bundle-1.12.262.jar to class loader default
[2025-12-07T15:05:50.813+0000] {subprocess.py:93} INFO - 25/12/07 15:05:50 INFO Executor: Fetching spark://3db08845f297:43233/jars/org.postgresql_postgresql-42.7.1.jar with timestamp 1765119948509
[2025-12-07T15:05:50.814+0000] {subprocess.py:93} INFO - 25/12/07 15:05:50 INFO Utils: Fetching spark://3db08845f297:43233/jars/org.postgresql_postgresql-42.7.1.jar to /tmp/spark-ce47ce55-dcaa-42f7-a6d6-6b17a731a7ae/userFiles-07224450-2563-4ecd-b38e-865bb418f9a8/fetchFileTemp2085198310093338868.tmp
[2025-12-07T15:05:50.820+0000] {subprocess.py:93} INFO - 25/12/07 15:05:50 INFO Utils: /tmp/spark-ce47ce55-dcaa-42f7-a6d6-6b17a731a7ae/userFiles-07224450-2563-4ecd-b38e-865bb418f9a8/fetchFileTemp2085198310093338868.tmp has been previously copied to /tmp/spark-ce47ce55-dcaa-42f7-a6d6-6b17a731a7ae/userFiles-07224450-2563-4ecd-b38e-865bb418f9a8/org.postgresql_postgresql-42.7.1.jar
[2025-12-07T15:05:50.825+0000] {subprocess.py:93} INFO - 25/12/07 15:05:50 INFO Executor: Adding file:/tmp/spark-ce47ce55-dcaa-42f7-a6d6-6b17a731a7ae/userFiles-07224450-2563-4ecd-b38e-865bb418f9a8/org.postgresql_postgresql-42.7.1.jar to class loader default
[2025-12-07T15:05:50.826+0000] {subprocess.py:93} INFO - 25/12/07 15:05:50 INFO Executor: Fetching spark://3db08845f297:43233/jars/org.checkerframework_checker-qual-3.41.0.jar with timestamp 1765119948509
[2025-12-07T15:05:50.827+0000] {subprocess.py:93} INFO - 25/12/07 15:05:50 INFO Utils: Fetching spark://3db08845f297:43233/jars/org.checkerframework_checker-qual-3.41.0.jar to /tmp/spark-ce47ce55-dcaa-42f7-a6d6-6b17a731a7ae/userFiles-07224450-2563-4ecd-b38e-865bb418f9a8/fetchFileTemp6654010151891778234.tmp
[2025-12-07T15:05:50.830+0000] {subprocess.py:93} INFO - 25/12/07 15:05:50 INFO Utils: /tmp/spark-ce47ce55-dcaa-42f7-a6d6-6b17a731a7ae/userFiles-07224450-2563-4ecd-b38e-865bb418f9a8/fetchFileTemp6654010151891778234.tmp has been previously copied to /tmp/spark-ce47ce55-dcaa-42f7-a6d6-6b17a731a7ae/userFiles-07224450-2563-4ecd-b38e-865bb418f9a8/org.checkerframework_checker-qual-3.41.0.jar
[2025-12-07T15:05:50.835+0000] {subprocess.py:93} INFO - 25/12/07 15:05:50 INFO Executor: Adding file:/tmp/spark-ce47ce55-dcaa-42f7-a6d6-6b17a731a7ae/userFiles-07224450-2563-4ecd-b38e-865bb418f9a8/org.checkerframework_checker-qual-3.41.0.jar to class loader default
[2025-12-07T15:05:50.842+0000] {subprocess.py:93} INFO - 25/12/07 15:05:50 INFO Utils: Successfully started service 'org.apache.spark.network.netty.NettyBlockTransferService' on port 41051.
[2025-12-07T15:05:50.843+0000] {subprocess.py:93} INFO - 25/12/07 15:05:50 INFO NettyBlockTransferService: Server created on 3db08845f297:41051
[2025-12-07T15:05:50.846+0000] {subprocess.py:93} INFO - 25/12/07 15:05:50 INFO BlockManager: Using org.apache.spark.storage.RandomBlockReplicationPolicy for block replication policy
[2025-12-07T15:05:50.851+0000] {subprocess.py:93} INFO - 25/12/07 15:05:50 INFO BlockManagerMaster: Registering BlockManager BlockManagerId(driver, 3db08845f297, 41051, None)
[2025-12-07T15:05:50.854+0000] {subprocess.py:93} INFO - 25/12/07 15:05:50 INFO BlockManagerMasterEndpoint: Registering block manager 3db08845f297:41051 with 434.4 MiB RAM, BlockManagerId(driver, 3db08845f297, 41051, None)
[2025-12-07T15:05:50.856+0000] {subprocess.py:93} INFO - 25/12/07 15:05:50 INFO BlockManagerMaster: Registered BlockManager BlockManagerId(driver, 3db08845f297, 41051, None)
[2025-12-07T15:05:50.857+0000] {subprocess.py:93} INFO - 25/12/07 15:05:50 INFO BlockManager: Initialized BlockManager: BlockManagerId(driver, 3db08845f297, 41051, None)
[2025-12-07T15:05:51.277+0000] {subprocess.py:93} INFO - 📌 Step 1: Reading Gold layer from MinIO...
[2025-12-07T15:05:51.287+0000] {subprocess.py:93} INFO - 25/12/07 15:05:51 INFO SharedState: Setting hive.metastore.warehouse.dir ('null') to the value of spark.sql.warehouse.dir.
[2025-12-07T15:05:51.291+0000] {subprocess.py:93} INFO - 25/12/07 15:05:51 INFO SharedState: Warehouse path is 'file:/tmp/***tmphmzhsgv5/spark-warehouse'.
[2025-12-07T15:05:52.087+0000] {subprocess.py:93} INFO - 25/12/07 15:05:52 WARN MetricsConfig: Cannot locate configuration: tried hadoop-metrics2-s3a-file-system.properties,hadoop-metrics2.properties
[2025-12-07T15:05:52.099+0000] {subprocess.py:93} INFO - 25/12/07 15:05:52 INFO MetricsSystemImpl: Scheduled Metric snapshot period at 10 second(s).
[2025-12-07T15:05:52.100+0000] {subprocess.py:93} INFO - 25/12/07 15:05:52 INFO MetricsSystemImpl: s3a-file-system metrics system started
[2025-12-07T15:05:53.175+0000] {subprocess.py:93} INFO - 25/12/07 15:05:53 INFO InMemoryFileIndex: It took 56 ms to list leaf files for 1 paths.
[2025-12-07T15:05:53.544+0000] {subprocess.py:93} INFO - 25/12/07 15:05:53 INFO SparkContext: Starting job: parquet at NativeMethodAccessorImpl.java:0
[2025-12-07T15:05:53.559+0000] {subprocess.py:93} INFO - 25/12/07 15:05:53 INFO DAGScheduler: Got job 0 (parquet at NativeMethodAccessorImpl.java:0) with 1 output partitions
[2025-12-07T15:05:53.560+0000] {subprocess.py:93} INFO - 25/12/07 15:05:53 INFO DAGScheduler: Final stage: ResultStage 0 (parquet at NativeMethodAccessorImpl.java:0)
[2025-12-07T15:05:53.561+0000] {subprocess.py:93} INFO - 25/12/07 15:05:53 INFO DAGScheduler: Parents of final stage: List()
[2025-12-07T15:05:53.562+0000] {subprocess.py:93} INFO - 25/12/07 15:05:53 INFO DAGScheduler: Missing parents: List()
[2025-12-07T15:05:53.563+0000] {subprocess.py:93} INFO - 25/12/07 15:05:53 INFO DAGScheduler: Submitting ResultStage 0 (MapPartitionsRDD[1] at parquet at NativeMethodAccessorImpl.java:0), which has no missing parents
[2025-12-07T15:05:53.630+0000] {subprocess.py:93} INFO - 25/12/07 15:05:53 INFO MemoryStore: Block broadcast_0 stored as values in memory (estimated size 106.5 KiB, free 434.3 MiB)
[2025-12-07T15:05:53.743+0000] {subprocess.py:93} INFO - 25/12/07 15:05:53 INFO MemoryStore: Block broadcast_0_piece0 stored as bytes in memory (estimated size 38.5 KiB, free 434.3 MiB)
[2025-12-07T15:05:53.746+0000] {subprocess.py:93} INFO - 25/12/07 15:05:53 INFO BlockManagerInfo: Added broadcast_0_piece0 in memory on 3db08845f297:41051 (size: 38.5 KiB, free: 434.4 MiB)
[2025-12-07T15:05:53.750+0000] {subprocess.py:93} INFO - 25/12/07 15:05:53 INFO SparkContext: Created broadcast 0 from broadcast at DAGScheduler.scala:1580
[2025-12-07T15:05:53.765+0000] {subprocess.py:93} INFO - 25/12/07 15:05:53 INFO DAGScheduler: Submitting 1 missing tasks from ResultStage 0 (MapPartitionsRDD[1] at parquet at NativeMethodAccessorImpl.java:0) (first 15 tasks are for partitions Vector(0))
[2025-12-07T15:05:53.768+0000] {subprocess.py:93} INFO - 25/12/07 15:05:53 INFO TaskSchedulerImpl: Adding task set 0.0 with 1 tasks resource profile 0
[2025-12-07T15:05:53.830+0000] {subprocess.py:93} INFO - 25/12/07 15:05:53 INFO TaskSetManager: Starting task 0.0 in stage 0.0 (TID 0) (3db08845f297, executor driver, partition 0, PROCESS_LOCAL, 8811 bytes)
[2025-12-07T15:05:53.847+0000] {subprocess.py:93} INFO - 25/12/07 15:05:53 INFO Executor: Running task 0.0 in stage 0.0 (TID 0)
[2025-12-07T15:05:54.057+0000] {subprocess.py:93} INFO - 25/12/07 15:05:54 INFO S3AInputStream: Switching to Random IO seek policy
[2025-12-07T15:05:54.396+0000] {subprocess.py:93} INFO - 25/12/07 15:05:54 INFO Executor: Finished task 0.0 in stage 0.0 (TID 0). 2033 bytes result sent to driver
[2025-12-07T15:05:54.428+0000] {subprocess.py:93} INFO - 25/12/07 15:05:54 INFO TaskSetManager: Finished task 0.0 in stage 0.0 (TID 0) in 620 ms on 3db08845f297 (executor driver) (1/1)
[2025-12-07T15:05:54.431+0000] {subprocess.py:93} INFO - 25/12/07 15:05:54 INFO TaskSchedulerImpl: Removed TaskSet 0.0, whose tasks have all completed, from pool
[2025-12-07T15:05:54.439+0000] {subprocess.py:93} INFO - 25/12/07 15:05:54 INFO DAGScheduler: ResultStage 0 (parquet at NativeMethodAccessorImpl.java:0) finished in 0.862 s
[2025-12-07T15:05:54.442+0000] {subprocess.py:93} INFO - 25/12/07 15:05:54 INFO DAGScheduler: Job 0 is finished. Cancelling potential speculative or zombie tasks for this job
[2025-12-07T15:05:54.443+0000] {subprocess.py:93} INFO - 25/12/07 15:05:54 INFO TaskSchedulerImpl: Killing all running tasks in stage 0: Stage finished
[2025-12-07T15:05:54.445+0000] {subprocess.py:93} INFO - 25/12/07 15:05:54 INFO DAGScheduler: Job 0 finished: parquet at NativeMethodAccessorImpl.java:0, took 0.900030 s
[2025-12-07T15:05:55.368+0000] {subprocess.py:93} INFO - 25/12/07 15:05:55 INFO BlockManagerInfo: Removed broadcast_0_piece0 on 3db08845f297:41051 in memory (size: 38.5 KiB, free: 434.4 MiB)
[2025-12-07T15:05:56.081+0000] {subprocess.py:93} INFO - 25/12/07 15:05:56 INFO FileSourceStrategy: Pushed Filters:
[2025-12-07T15:05:56.083+0000] {subprocess.py:93} INFO - 25/12/07 15:05:56 INFO FileSourceStrategy: Post-Scan Filters:
[2025-12-07T15:05:56.413+0000] {subprocess.py:93} INFO - 25/12/07 15:05:56 INFO CodeGenerator: Code generated in 137.453882 ms
[2025-12-07T15:05:56.507+0000] {subprocess.py:93} INFO - 25/12/07 15:05:56 INFO MemoryStore: Block broadcast_1 stored as values in memory (estimated size 205.5 KiB, free 434.2 MiB)
[2025-12-07T15:05:56.534+0000] {subprocess.py:93} INFO - 25/12/07 15:05:56 INFO MemoryStore: Block broadcast_1_piece0 stored as bytes in memory (estimated size 36.1 KiB, free 434.2 MiB)
[2025-12-07T15:05:56.537+0000] {subprocess.py:93} INFO - 25/12/07 15:05:56 INFO BlockManagerInfo: Added broadcast_1_piece0 in memory on 3db08845f297:41051 (size: 36.1 KiB, free: 434.4 MiB)
[2025-12-07T15:05:56.541+0000] {subprocess.py:93} INFO - 25/12/07 15:05:56 INFO SparkContext: Created broadcast 1 from count at NativeMethodAccessorImpl.java:0
[2025-12-07T15:05:56.605+0000] {subprocess.py:93} INFO - 25/12/07 15:05:56 INFO FileSourceScanExec: Planning scan with bin packing, max size: 6295057 bytes, open cost is considered as scanning 4194304 bytes.
[2025-12-07T15:05:56.739+0000] {subprocess.py:93} INFO - 25/12/07 15:05:56 INFO DAGScheduler: Registering RDD 5 (count at NativeMethodAccessorImpl.java:0) as input to shuffle 0
[2025-12-07T15:05:56.754+0000] {subprocess.py:93} INFO - 25/12/07 15:05:56 INFO DAGScheduler: Got map stage job 1 (count at NativeMethodAccessorImpl.java:0) with 2 output partitions
[2025-12-07T15:05:56.755+0000] {subprocess.py:93} INFO - 25/12/07 15:05:56 INFO DAGScheduler: Final stage: ShuffleMapStage 1 (count at NativeMethodAccessorImpl.java:0)
[2025-12-07T15:05:56.756+0000] {subprocess.py:93} INFO - 25/12/07 15:05:56 INFO DAGScheduler: Parents of final stage: List()
[2025-12-07T15:05:56.757+0000] {subprocess.py:93} INFO - 25/12/07 15:05:56 INFO DAGScheduler: Missing parents: List()
[2025-12-07T15:05:56.758+0000] {subprocess.py:93} INFO - 25/12/07 15:05:56 INFO DAGScheduler: Submitting ShuffleMapStage 1 (MapPartitionsRDD[5] at count at NativeMethodAccessorImpl.java:0), which has no missing parents
[2025-12-07T15:05:56.810+0000] {subprocess.py:93} INFO - 25/12/07 15:05:56 INFO MemoryStore: Block broadcast_2 stored as values in memory (estimated size 16.8 KiB, free 434.1 MiB)
[2025-12-07T15:05:56.820+0000] {subprocess.py:93} INFO - 25/12/07 15:05:56 INFO MemoryStore: Block broadcast_2_piece0 stored as bytes in memory (estimated size 7.7 KiB, free 434.1 MiB)
[2025-12-07T15:05:56.823+0000] {subprocess.py:93} INFO - 25/12/07 15:05:56 INFO BlockManagerInfo: Added broadcast_2_piece0 in memory on 3db08845f297:41051 (size: 7.7 KiB, free: 434.4 MiB)
[2025-12-07T15:05:56.824+0000] {subprocess.py:93} INFO - 25/12/07 15:05:56 INFO SparkContext: Created broadcast 2 from broadcast at DAGScheduler.scala:1580
[2025-12-07T15:05:56.827+0000] {subprocess.py:93} INFO - 25/12/07 15:05:56 INFO DAGScheduler: Submitting 2 missing tasks from ShuffleMapStage 1 (MapPartitionsRDD[5] at count at NativeMethodAccessorImpl.java:0) (first 15 tasks are for partitions Vector(0, 1))
[2025-12-07T15:05:56.828+0000] {subprocess.py:93} INFO - 25/12/07 15:05:56 INFO TaskSchedulerImpl: Adding task set 1.0 with 2 tasks resource profile 0
[2025-12-07T15:05:56.841+0000] {subprocess.py:93} INFO - 25/12/07 15:05:56 INFO TaskSetManager: Starting task 0.0 in stage 1.0 (TID 1) (3db08845f297, executor driver, partition 0, PROCESS_LOCAL, 9463 bytes)
[2025-12-07T15:05:56.844+0000] {subprocess.py:93} INFO - 25/12/07 15:05:56 INFO TaskSetManager: Starting task 1.0 in stage 1.0 (TID 2) (3db08845f297, executor driver, partition 1, PROCESS_LOCAL, 9305 bytes)
[2025-12-07T15:05:56.845+0000] {subprocess.py:93} INFO - 25/12/07 15:05:56 INFO Executor: Running task 0.0 in stage 1.0 (TID 1)
[2025-12-07T15:05:56.846+0000] {subprocess.py:93} INFO - 25/12/07 15:05:56 INFO Executor: Running task 1.0 in stage 1.0 (TID 2)
[2025-12-07T15:05:56.964+0000] {subprocess.py:93} INFO - 25/12/07 15:05:56 INFO CodeGenerator: Code generated in 24.13045 ms
[2025-12-07T15:05:56.984+0000] {subprocess.py:93} INFO - 25/12/07 15:05:56 INFO FileScanRDD: Reading File path: s3a://datalake/gold/daily_summary/part-00000-bf3a7951-d7ed-4aa8-87fe-f58fff658b97-c000.snappy.parquet, range: 0-2401, partition values: [empty row]
[2025-12-07T15:05:56.986+0000] {subprocess.py:93} INFO - 25/12/07 15:05:56 INFO FileScanRDD: Reading File path: s3a://datalake/gold/daily_summary/part-00000-256bcf41-5037-42a4-b7fb-085f536dc06b-c000.snappy.parquet, range: 0-2401, partition values: [empty row]
[2025-12-07T15:05:57.019+0000] {subprocess.py:93} INFO - 25/12/07 15:05:57 INFO S3AInputStream: Switching to Random IO seek policy
[2025-12-07T15:05:57.020+0000] {subprocess.py:93} INFO - 25/12/07 15:05:57 INFO S3AInputStream: Switching to Random IO seek policy
[2025-12-07T15:05:57.180+0000] {subprocess.py:93} INFO - 25/12/07 15:05:57 INFO FileScanRDD: Reading File path: s3a://datalake/gold/daily_summary/part-00000-9af84648-87bb-45de-bdf4-948aa35c31ee-c000.snappy.parquet, range: 0-2401, partition values: [empty row]
[2025-12-07T15:05:57.206+0000] {subprocess.py:93} INFO - 25/12/07 15:05:57 INFO S3AInputStream: Switching to Random IO seek policy
[2025-12-07T15:05:57.220+0000] {subprocess.py:93} INFO - 25/12/07 15:05:57 INFO Executor: Finished task 1.0 in stage 1.0 (TID 2). 2179 bytes result sent to driver
[2025-12-07T15:05:57.226+0000] {subprocess.py:93} INFO - 25/12/07 15:05:57 INFO TaskSetManager: Finished task 1.0 in stage 1.0 (TID 2) in 384 ms on 3db08845f297 (executor driver) (1/2)
[2025-12-07T15:05:57.244+0000] {subprocess.py:93} INFO - 25/12/07 15:05:57 INFO Executor: Finished task 0.0 in stage 1.0 (TID 1). 2136 bytes result sent to driver
[2025-12-07T15:05:57.247+0000] {subprocess.py:93} INFO - 25/12/07 15:05:57 INFO TaskSetManager: Finished task 0.0 in stage 1.0 (TID 1) in 417 ms on 3db08845f297 (executor driver) (2/2)
[2025-12-07T15:05:57.249+0000] {subprocess.py:93} INFO - 25/12/07 15:05:57 INFO TaskSchedulerImpl: Removed TaskSet 1.0, whose tasks have all completed, from pool
[2025-12-07T15:05:57.250+0000] {subprocess.py:93} INFO - 25/12/07 15:05:57 INFO DAGScheduler: ShuffleMapStage 1 (count at NativeMethodAccessorImpl.java:0) finished in 0.480 s
[2025-12-07T15:05:57.251+0000] {subprocess.py:93} INFO - 25/12/07 15:05:57 INFO DAGScheduler: looking for newly runnable stages
[2025-12-07T15:05:57.251+0000] {subprocess.py:93} INFO - 25/12/07 15:05:57 INFO DAGScheduler: running: Set()
[2025-12-07T15:05:57.252+0000] {subprocess.py:93} INFO - 25/12/07 15:05:57 INFO DAGScheduler: waiting: Set()
[2025-12-07T15:05:57.252+0000] {subprocess.py:93} INFO - 25/12/07 15:05:57 INFO DAGScheduler: failed: Set()
[2025-12-07T15:05:57.305+0000] {subprocess.py:93} INFO - 25/12/07 15:05:57 INFO CodeGenerator: Code generated in 17.381371 ms
[2025-12-07T15:05:57.338+0000] {subprocess.py:93} INFO - 25/12/07 15:05:57 INFO SparkContext: Starting job: count at NativeMethodAccessorImpl.java:0
[2025-12-07T15:05:57.346+0000] {subprocess.py:93} INFO - 25/12/07 15:05:57 INFO DAGScheduler: Got job 2 (count at NativeMethodAccessorImpl.java:0) with 1 output partitions
[2025-12-07T15:05:57.348+0000] {subprocess.py:93} INFO - 25/12/07 15:05:57 INFO DAGScheduler: Final stage: ResultStage 3 (count at NativeMethodAccessorImpl.java:0)
[2025-12-07T15:05:57.350+0000] {subprocess.py:93} INFO - 25/12/07 15:05:57 INFO DAGScheduler: Parents of final stage: List(ShuffleMapStage 2)
[2025-12-07T15:05:57.351+0000] {subprocess.py:93} INFO - 25/12/07 15:05:57 INFO DAGScheduler: Missing parents: List()
[2025-12-07T15:05:57.352+0000] {subprocess.py:93} INFO - 25/12/07 15:05:57 INFO DAGScheduler: Submitting ResultStage 3 (MapPartitionsRDD[8] at count at NativeMethodAccessorImpl.java:0), which has no missing parents
[2025-12-07T15:05:57.362+0000] {subprocess.py:93} INFO - 25/12/07 15:05:57 INFO MemoryStore: Block broadcast_3 stored as values in memory (estimated size 12.5 KiB, free 434.1 MiB)
[2025-12-07T15:05:57.366+0000] {subprocess.py:93} INFO - 25/12/07 15:05:57 INFO MemoryStore: Block broadcast_3_piece0 stored as bytes in memory (estimated size 5.9 KiB, free 434.1 MiB)
[2025-12-07T15:05:57.367+0000] {subprocess.py:93} INFO - 25/12/07 15:05:57 INFO BlockManagerInfo: Added broadcast_3_piece0 in memory on 3db08845f297:41051 (size: 5.9 KiB, free: 434.4 MiB)
[2025-12-07T15:05:57.368+0000] {subprocess.py:93} INFO - 25/12/07 15:05:57 INFO SparkContext: Created broadcast 3 from broadcast at DAGScheduler.scala:1580
[2025-12-07T15:05:57.369+0000] {subprocess.py:93} INFO - 25/12/07 15:05:57 INFO DAGScheduler: Submitting 1 missing tasks from ResultStage 3 (MapPartitionsRDD[8] at count at NativeMethodAccessorImpl.java:0) (first 15 tasks are for partitions Vector(0))
[2025-12-07T15:05:57.370+0000] {subprocess.py:93} INFO - 25/12/07 15:05:57 INFO TaskSchedulerImpl: Adding task set 3.0 with 1 tasks resource profile 0
[2025-12-07T15:05:57.382+0000] {subprocess.py:93} INFO - 25/12/07 15:05:57 INFO TaskSetManager: Starting task 0.0 in stage 3.0 (TID 3) (3db08845f297, executor driver, partition 0, NODE_LOCAL, 8652 bytes)
[2025-12-07T15:05:57.385+0000] {subprocess.py:93} INFO - 25/12/07 15:05:57 INFO Executor: Running task 0.0 in stage 3.0 (TID 3)
[2025-12-07T15:05:57.426+0000] {subprocess.py:93} INFO - 25/12/07 15:05:57 INFO BlockManagerInfo: Removed broadcast_2_piece0 on 3db08845f297:41051 in memory (size: 7.7 KiB, free: 434.4 MiB)
[2025-12-07T15:05:57.445+0000] {subprocess.py:93} INFO - 25/12/07 15:05:57 INFO ShuffleBlockFetcherIterator: Getting 2 (120.0 B) non-empty blocks including 2 (120.0 B) local and 0 (0.0 B) host-local and 0 (0.0 B) push-merged-local and 0 (0.0 B) remote blocks
[2025-12-07T15:05:57.450+0000] {subprocess.py:93} INFO - 25/12/07 15:05:57 INFO ShuffleBlockFetcherIterator: Started 0 remote fetches in 12 ms
[2025-12-07T15:05:57.477+0000] {subprocess.py:93} INFO - 25/12/07 15:05:57 INFO CodeGenerator: Code generated in 21.303685 ms
[2025-12-07T15:05:57.500+0000] {subprocess.py:93} INFO - 25/12/07 15:05:57 INFO Executor: Finished task 0.0 in stage 3.0 (TID 3). 4081 bytes result sent to driver
[2025-12-07T15:05:57.506+0000] {subprocess.py:93} INFO - 25/12/07 15:05:57 INFO TaskSetManager: Finished task 0.0 in stage 3.0 (TID 3) in 130 ms on 3db08845f297 (executor driver) (1/1)
[2025-12-07T15:05:57.508+0000] {subprocess.py:93} INFO - 25/12/07 15:05:57 INFO TaskSchedulerImpl: Removed TaskSet 3.0, whose tasks have all completed, from pool
[2025-12-07T15:05:57.510+0000] {subprocess.py:93} INFO - 25/12/07 15:05:57 INFO DAGScheduler: ResultStage 3 (count at NativeMethodAccessorImpl.java:0) finished in 0.153 s
[2025-12-07T15:05:57.513+0000] {subprocess.py:93} INFO - 25/12/07 15:05:57 INFO DAGScheduler: Job 2 is finished. Cancelling potential speculative or zombie tasks for this job
[2025-12-07T15:05:57.515+0000] {subprocess.py:93} INFO - 25/12/07 15:05:57 INFO TaskSchedulerImpl: Killing all running tasks in stage 3: Stage finished
[2025-12-07T15:05:57.517+0000] {subprocess.py:93} INFO - 25/12/07 15:05:57 INFO DAGScheduler: Job 2 finished: count at NativeMethodAccessorImpl.java:0, took 0.172611 s
[2025-12-07T15:05:57.521+0000] {subprocess.py:93} INFO - ✅ Gold layer loaded: 3 records
[2025-12-07T15:05:57.525+0000] {subprocess.py:93} INFO - 
[2025-12-07T15:05:57.527+0000] {subprocess.py:93} INFO - 📌 Step 2: Exporting to PostgreSQL table 'email_daily_summary'...
[2025-12-07T15:05:57.538+0000] {subprocess.py:93} INFO - ❌ Error exporting to PostgreSQL: An error occurred while calling o46.mode. Trace:
[2025-12-07T15:05:57.539+0000] {subprocess.py:93} INFO - py4j.Py4JException: Method mode([class java.util.HashMap]) does not exist
[2025-12-07T15:05:57.540+0000] {subprocess.py:93} INFO - 	at py4j.reflection.ReflectionEngine.getMethod(ReflectionEngine.java:321)
[2025-12-07T15:05:57.542+0000] {subprocess.py:93} INFO - 	at py4j.reflection.ReflectionEngine.getMethod(ReflectionEngine.java:329)
[2025-12-07T15:05:57.542+0000] {subprocess.py:93} INFO - 	at py4j.Gateway.invoke(Gateway.java:274)
[2025-12-07T15:05:57.543+0000] {subprocess.py:93} INFO - 	at py4j.commands.AbstractCommand.invokeMethod(AbstractCommand.java:132)
[2025-12-07T15:05:57.544+0000] {subprocess.py:93} INFO - 	at py4j.commands.CallCommand.execute(CallCommand.java:79)
[2025-12-07T15:05:57.545+0000] {subprocess.py:93} INFO - 	at py4j.ClientServerConnection.waitForCommands(ClientServerConnection.java:182)
[2025-12-07T15:05:57.546+0000] {subprocess.py:93} INFO - 	at py4j.ClientServerConnection.run(ClientServerConnection.java:106)
[2025-12-07T15:05:57.547+0000] {subprocess.py:93} INFO - 	at java.base/java.lang.Thread.run(Thread.java:840)
[2025-12-07T15:05:57.548+0000] {subprocess.py:93} INFO - 
[2025-12-07T15:05:57.549+0000] {subprocess.py:93} INFO - 
[2025-12-07T15:05:57.550+0000] {subprocess.py:93} INFO - 
[2025-12-07T15:05:57.550+0000] {subprocess.py:93} INFO - ❌ EXPORT FAILED
[2025-12-07T15:05:57.552+0000] {subprocess.py:93} INFO - 25/12/07 15:05:57 INFO SparkContext: SparkContext is stopping with exitCode 0.
[2025-12-07T15:05:57.558+0000] {subprocess.py:93} INFO - 25/12/07 15:05:57 INFO SparkUI: Stopped Spark web UI at http://3db08845f297:4040
[2025-12-07T15:05:57.589+0000] {subprocess.py:93} INFO - 25/12/07 15:05:57 INFO MapOutputTrackerMasterEndpoint: MapOutputTrackerMasterEndpoint stopped!
[2025-12-07T15:05:57.629+0000] {subprocess.py:93} INFO - 25/12/07 15:05:57 INFO MemoryStore: MemoryStore cleared
[2025-12-07T15:05:57.631+0000] {subprocess.py:93} INFO - 25/12/07 15:05:57 INFO BlockManager: BlockManager stopped
[2025-12-07T15:05:57.636+0000] {subprocess.py:93} INFO - 25/12/07 15:05:57 INFO BlockManagerMaster: BlockManagerMaster stopped
[2025-12-07T15:05:57.644+0000] {subprocess.py:93} INFO - 25/12/07 15:05:57 INFO OutputCommitCoordinator$OutputCommitCoordinatorEndpoint: OutputCommitCoordinator stopped!
[2025-12-07T15:05:57.656+0000] {subprocess.py:93} INFO - 25/12/07 15:05:57 INFO SparkContext: Successfully stopped SparkContext
[2025-12-07T15:05:58.212+0000] {subprocess.py:93} INFO - 25/12/07 15:05:58 INFO ShutdownHookManager: Shutdown hook called
[2025-12-07T15:05:58.213+0000] {subprocess.py:93} INFO - 25/12/07 15:05:58 INFO ShutdownHookManager: Deleting directory /tmp/spark-da8eedb1-3c3a-4189-9ffd-a2976f805d19
[2025-12-07T15:05:58.222+0000] {subprocess.py:93} INFO - 25/12/07 15:05:58 INFO ShutdownHookManager: Deleting directory /tmp/spark-ce47ce55-dcaa-42f7-a6d6-6b17a731a7ae
[2025-12-07T15:05:58.229+0000] {subprocess.py:93} INFO - 25/12/07 15:05:58 INFO ShutdownHookManager: Deleting directory /tmp/spark-ce47ce55-dcaa-42f7-a6d6-6b17a731a7ae/pyspark-0b862bf4-0bde-4aab-800c-e2774dca2ad3
[2025-12-07T15:05:58.237+0000] {subprocess.py:93} INFO - 25/12/07 15:05:58 INFO MetricsSystemImpl: Stopping s3a-file-system metrics system...
[2025-12-07T15:05:58.238+0000] {subprocess.py:93} INFO - 25/12/07 15:05:58 INFO MetricsSystemImpl: s3a-file-system metrics system stopped.
[2025-12-07T15:05:58.240+0000] {subprocess.py:93} INFO - 25/12/07 15:05:58 INFO MetricsSystemImpl: s3a-file-system metrics system shutdown complete.
[2025-12-07T15:05:58.334+0000] {subprocess.py:97} INFO - Command exited with return code 1
[2025-12-07T15:05:58.348+0000] {taskinstance.py:2698} ERROR - Task failed with exception
Traceback (most recent call last):
  File "/home/airflow/.local/lib/python3.8/site-packages/airflow/models/taskinstance.py", line 428, in _execute_task
    result = execute_callable(context=context, **execute_callable_kwargs)
  File "/home/airflow/.local/lib/python3.8/site-packages/airflow/operators/bash.py", line 212, in execute
    raise AirflowException(
airflow.exceptions.AirflowException: Bash command failed. The command returned a non-zero exit code 1.
[2025-12-07T15:05:58.358+0000] {taskinstance.py:1138} INFO - Marking task as FAILED. dag_id=email_intelligence_pipeline, task_id=export_to_postgres, execution_date=20251207T150416, start_date=20251207T150541, end_date=20251207T150558
[2025-12-07T15:05:58.388+0000] {standard_task_runner.py:107} ERROR - Failed to execute job 102 for task export_to_postgres (Bash command failed. The command returned a non-zero exit code 1.; 1269)
[2025-12-07T15:05:58.426+0000] {local_task_job_runner.py:234} INFO - Task exited with return code 1
[2025-12-07T15:05:58.455+0000] {taskinstance.py:3280} INFO - 0 downstream tasks scheduled from follow-on schedule check
