[2025-12-04T14:44:49.775+0000] {taskinstance.py:1956} INFO - Dependencies all met for dep_context=non-requeueable deps ti=<TaskInstance: email_pipeline_dag.kafka_producer manual__2025-12-04T14:44:48.488028+00:00 [queued]>
[2025-12-04T14:44:49.803+0000] {taskinstance.py:1956} INFO - Dependencies all met for dep_context=requeueable deps ti=<TaskInstance: email_pipeline_dag.kafka_producer manual__2025-12-04T14:44:48.488028+00:00 [queued]>
[2025-12-04T14:44:49.804+0000] {taskinstance.py:2170} INFO - Starting attempt 1 of 2
[2025-12-04T14:44:49.830+0000] {taskinstance.py:2191} INFO - Executing <Task(BashOperator): kafka_producer> on 2025-12-04 14:44:48.488028+00:00
[2025-12-04T14:44:49.863+0000] {standard_task_runner.py:60} INFO - Started process 417 to run task
[2025-12-04T14:44:49.951+0000] {standard_task_runner.py:87} INFO - Running: ['***', 'tasks', 'run', 'email_pipeline_dag', 'kafka_producer', 'manual__2025-12-04T14:44:48.488028+00:00', '--job-id', '15', '--raw', '--subdir', 'DAGS_FOLDER/email_pipeline_dag.py', '--cfg-path', '/tmp/tmpd2_ticcg']
[2025-12-04T14:44:50.078+0000] {standard_task_runner.py:88} INFO - Job 15: Subtask kafka_producer
[2025-12-04T14:44:50.326+0000] {task_command.py:423} INFO - Running <TaskInstance: email_pipeline_dag.kafka_producer manual__2025-12-04T14:44:48.488028+00:00 [running]> on host 6e7292567bd4
[2025-12-04T14:44:50.603+0000] {taskinstance.py:2480} INFO - Exporting env vars: AIRFLOW_CTX_DAG_OWNER='***' AIRFLOW_CTX_DAG_ID='email_pipeline_dag' AIRFLOW_CTX_TASK_ID='kafka_producer' AIRFLOW_CTX_EXECUTION_DATE='2025-12-04T14:44:48.488028+00:00' AIRFLOW_CTX_TRY_NUMBER='1' AIRFLOW_CTX_DAG_RUN_ID='manual__2025-12-04T14:44:48.488028+00:00'
[2025-12-04T14:44:50.605+0000] {subprocess.py:63} INFO - Tmp dir root location: /tmp
[2025-12-04T14:44:50.606+0000] {subprocess.py:75} INFO - Running command: ['/usr/bin/bash', '-c', 'python /opt/***/kafka/Producer/email_producer.py']
[2025-12-04T14:44:50.621+0000] {subprocess.py:86} INFO - Output:
[2025-12-04T14:44:52.311+0000] {subprocess.py:93} INFO - 2025-12-04 14:44:52,311 - __main__ - INFO - 🚀 Starting Producer + Consumer...
[2025-12-04T14:44:52.313+0000] {subprocess.py:93} INFO - 2025-12-04 14:44:52,311 - __main__ - INFO - 🔐 Authenticating with Gmail API...
[2025-12-04T14:44:52.323+0000] {subprocess.py:93} INFO - 2025-12-04 14:44:52,311 - __main__ - ERROR - ❌ Error: [Errno 2] No such file or directory: 'credentials.json'
[2025-12-04T14:44:52.325+0000] {subprocess.py:93} INFO - Traceback (most recent call last):
[2025-12-04T14:44:52.326+0000] {subprocess.py:93} INFO -   File "/opt/***/kafka/Producer/email_producer.py", line 226, in main
[2025-12-04T14:44:52.326+0000] {subprocess.py:93} INFO -     service = authenticate_gmail()
[2025-12-04T14:44:52.327+0000] {subprocess.py:93} INFO -   File "/opt/***/kafka/Producer/email_producer.py", line 48, in authenticate_gmail
[2025-12-04T14:44:52.327+0000] {subprocess.py:93} INFO -     flow = InstalledAppFlow.from_client_secrets_file(
[2025-12-04T14:44:52.328+0000] {subprocess.py:93} INFO -   File "/home/***/.local/lib/python3.8/site-packages/google_auth_oauthlib/flow.py", line 198, in from_client_secrets_file
[2025-12-04T14:44:52.329+0000] {subprocess.py:93} INFO -     with open(client_secrets_file, "r") as json_file:
[2025-12-04T14:44:52.329+0000] {subprocess.py:93} INFO - FileNotFoundError: [Errno 2] No such file or directory: 'credentials.json'
[2025-12-04T14:44:52.342+0000] {subprocess.py:93} INFO - Traceback (most recent call last):
[2025-12-04T14:44:52.343+0000] {subprocess.py:93} INFO -   File "/opt/***/kafka/Producer/email_producer.py", line 264, in <module>
[2025-12-04T14:44:52.344+0000] {subprocess.py:93} INFO -     main()
[2025-12-04T14:44:52.344+0000] {subprocess.py:93} INFO -   File "/opt/***/kafka/Producer/email_producer.py", line 226, in main
[2025-12-04T14:44:52.345+0000] {subprocess.py:93} INFO -     service = authenticate_gmail()
[2025-12-04T14:44:52.346+0000] {subprocess.py:93} INFO -   File "/opt/***/kafka/Producer/email_producer.py", line 48, in authenticate_gmail
[2025-12-04T14:44:52.347+0000] {subprocess.py:93} INFO -     flow = InstalledAppFlow.from_client_secrets_file(
[2025-12-04T14:44:52.348+0000] {subprocess.py:93} INFO -   File "/home/***/.local/lib/python3.8/site-packages/google_auth_oauthlib/flow.py", line 198, in from_client_secrets_file
[2025-12-04T14:44:52.349+0000] {subprocess.py:93} INFO -     with open(client_secrets_file, "r") as json_file:
[2025-12-04T14:44:52.350+0000] {subprocess.py:93} INFO - FileNotFoundError: [Errno 2] No such file or directory: 'credentials.json'
[2025-12-04T14:44:52.491+0000] {subprocess.py:97} INFO - Command exited with return code 1
[2025-12-04T14:44:52.505+0000] {taskinstance.py:2698} ERROR - Task failed with exception
Traceback (most recent call last):
  File "/home/airflow/.local/lib/python3.8/site-packages/airflow/models/taskinstance.py", line 433, in _execute_task
    result = execute_callable(context=context, **execute_callable_kwargs)
  File "/home/airflow/.local/lib/python3.8/site-packages/airflow/operators/bash.py", line 212, in execute
    raise AirflowException(
airflow.exceptions.AirflowException: Bash command failed. The command returned a non-zero exit code 1.
[2025-12-04T14:44:52.510+0000] {taskinstance.py:1138} INFO - Marking task as UP_FOR_RETRY. dag_id=email_pipeline_dag, task_id=kafka_producer, execution_date=20251204T144448, start_date=20251204T144449, end_date=20251204T144452
[2025-12-04T14:44:52.538+0000] {standard_task_runner.py:107} ERROR - Failed to execute job 15 for task kafka_producer (Bash command failed. The command returned a non-zero exit code 1.; 417)
[2025-12-04T14:44:52.586+0000] {local_task_job_runner.py:234} INFO - Task exited with return code 1
[2025-12-04T14:44:52.634+0000] {taskinstance.py:3280} INFO - 0 downstream tasks scheduled from follow-on schedule check
