[2025-12-07T15:17:00.678+0000] {taskinstance.py:1956} INFO - Dependencies all met for dep_context=non-requeueable deps ti=<TaskInstance: email_intelligence_pipeline.export_to_postgres manual__2025-12-07T15:15:43.134565+00:00 [queued]>
[2025-12-07T15:17:00.691+0000] {taskinstance.py:1956} INFO - Dependencies all met for dep_context=requeueable deps ti=<TaskInstance: email_intelligence_pipeline.export_to_postgres manual__2025-12-07T15:15:43.134565+00:00 [queued]>
[2025-12-07T15:17:00.693+0000] {taskinstance.py:2170} INFO - Starting attempt 1 of 1
[2025-12-07T15:17:00.717+0000] {taskinstance.py:2191} INFO - Executing <Task(BashOperator): export_to_postgres> on 2025-12-07 15:15:43.134565+00:00
[2025-12-07T15:17:00.796+0000] {standard_task_runner.py:60} INFO - Started process 2603 to run task
[2025-12-07T15:17:00.803+0000] {standard_task_runner.py:87} INFO - Running: ['***', 'tasks', 'run', 'email_intelligence_pipeline', 'export_to_postgres', 'manual__2025-12-07T15:15:43.134565+00:00', '--job-id', '108', '--raw', '--subdir', 'DAGS_FOLDER/email_pipeline_dag.py', '--cfg-path', '/tmp/tmpynqm0y6a']
[2025-12-07T15:17:00.813+0000] {standard_task_runner.py:88} INFO - Job 108: Subtask export_to_postgres
[2025-12-07T15:17:00.969+0000] {task_command.py:423} INFO - Running <TaskInstance: email_intelligence_pipeline.export_to_postgres manual__2025-12-07T15:15:43.134565+00:00 [running]> on host 3db08845f297
[2025-12-07T15:17:01.098+0000] {taskinstance.py:2480} INFO - Exporting env vars: AIRFLOW_CTX_DAG_OWNER='data_team' AIRFLOW_CTX_DAG_ID='email_intelligence_pipeline' AIRFLOW_CTX_TASK_ID='export_to_postgres' AIRFLOW_CTX_EXECUTION_DATE='2025-12-07T15:15:43.134565+00:00' AIRFLOW_CTX_TRY_NUMBER='1' AIRFLOW_CTX_DAG_RUN_ID='manual__2025-12-07T15:15:43.134565+00:00'
[2025-12-07T15:17:01.102+0000] {subprocess.py:63} INFO - Tmp dir root location: /tmp
[2025-12-07T15:17:00.538+0000] {subprocess.py:75} INFO - Running command: ['/usr/bin/bash', '-c', '/opt/spark/bin/spark-submit --master local[2] --packages org.apache.hadoop:hadoop-aws:3.3.4,org.postgresql:postgresql:42.7.1 --name GoldToPostgres /opt/spark/jobs/gold_to_postgres.py']
[2025-12-07T15:17:00.554+0000] {subprocess.py:86} INFO - Output:
[2025-12-07T15:17:00.570+0000] {subprocess.py:93} INFO - /opt/spark/bin/load-spark-env.sh: line 68: ps: command not found
[2025-12-07T15:17:01.987+0000] {subprocess.py:93} INFO - :: loading settings :: url = jar:file:/opt/spark/jars/ivy-2.5.1.jar!/org/apache/ivy/core/settings/ivysettings.xml
[2025-12-07T15:17:02.064+0000] {subprocess.py:93} INFO - Ivy Default Cache set to: /home/***/.ivy2/cache
[2025-12-07T15:17:02.066+0000] {subprocess.py:93} INFO - The jars for the packages stored in: /home/***/.ivy2/jars
[2025-12-07T15:17:02.072+0000] {subprocess.py:93} INFO - org.apache.hadoop#hadoop-aws added as a dependency
[2025-12-07T15:17:02.074+0000] {subprocess.py:93} INFO - org.postgresql#postgresql added as a dependency
[2025-12-07T15:17:02.076+0000] {subprocess.py:93} INFO - :: resolving dependencies :: org.apache.spark#spark-submit-parent-c08b65ca-889e-4482-ba6d-585beda89383;1.0
[2025-12-07T15:17:02.077+0000] {subprocess.py:93} INFO - 	confs: [default]
[2025-12-07T15:17:02.315+0000] {subprocess.py:93} INFO - 	found org.apache.hadoop#hadoop-aws;3.3.4 in central
[2025-12-07T15:17:02.353+0000] {subprocess.py:93} INFO - 	found com.amazonaws#aws-java-sdk-bundle;1.12.262 in central
[2025-12-07T15:17:02.380+0000] {subprocess.py:93} INFO - 	found org.wildfly.openssl#wildfly-openssl;1.0.7.Final in central
[2025-12-07T15:17:02.403+0000] {subprocess.py:93} INFO - 	found org.postgresql#postgresql;42.7.1 in central
[2025-12-07T15:17:02.430+0000] {subprocess.py:93} INFO - 	found org.checkerframework#checker-qual;3.41.0 in central
[2025-12-07T15:17:02.473+0000] {subprocess.py:93} INFO - :: resolution report :: resolve 382ms :: artifacts dl 17ms
[2025-12-07T15:17:02.474+0000] {subprocess.py:93} INFO - 	:: modules in use:
[2025-12-07T15:17:02.475+0000] {subprocess.py:93} INFO - 	com.amazonaws#aws-java-sdk-bundle;1.12.262 from central in [default]
[2025-12-07T15:17:02.476+0000] {subprocess.py:93} INFO - 	org.apache.hadoop#hadoop-aws;3.3.4 from central in [default]
[2025-12-07T15:17:02.477+0000] {subprocess.py:93} INFO - 	org.checkerframework#checker-qual;3.41.0 from central in [default]
[2025-12-07T15:17:02.478+0000] {subprocess.py:93} INFO - 	org.postgresql#postgresql;42.7.1 from central in [default]
[2025-12-07T15:17:02.480+0000] {subprocess.py:93} INFO - 	org.wildfly.openssl#wildfly-openssl;1.0.7.Final from central in [default]
[2025-12-07T15:17:02.480+0000] {subprocess.py:93} INFO - 	---------------------------------------------------------------------
[2025-12-07T15:17:02.481+0000] {subprocess.py:93} INFO - 	|                  |            modules            ||   artifacts   |
[2025-12-07T15:17:02.481+0000] {subprocess.py:93} INFO - 	|       conf       | number| search|dwnlded|evicted|| number|dwnlded|
[2025-12-07T15:17:02.482+0000] {subprocess.py:93} INFO - 	---------------------------------------------------------------------
[2025-12-07T15:17:02.483+0000] {subprocess.py:93} INFO - 	|      default     |   5   |   0   |   0   |   0   ||   5   |   0   |
[2025-12-07T15:17:02.483+0000] {subprocess.py:93} INFO - 	---------------------------------------------------------------------
[2025-12-07T15:17:02.484+0000] {subprocess.py:93} INFO - :: retrieving :: org.apache.spark#spark-submit-parent-c08b65ca-889e-4482-ba6d-585beda89383
[2025-12-07T15:17:02.485+0000] {subprocess.py:93} INFO - 	confs: [default]
[2025-12-07T15:17:02.491+0000] {subprocess.py:93} INFO - 	0 artifacts copied, 5 already retrieved (0kB/7ms)
[2025-12-07T15:17:02.784+0000] {subprocess.py:93} INFO - 25/12/07 15:17:02 WARN NativeCodeLoader: Unable to load native-hadoop library for your platform... using builtin-java classes where applicable
[2025-12-07T15:17:03.848+0000] {subprocess.py:93} INFO - 
[2025-12-07T15:17:03.848+0000] {subprocess.py:93} INFO - ============================================================
[2025-12-07T15:17:03.849+0000] {subprocess.py:93} INFO - 🚀 GOLD TO POSTGRESQL EXPORT JOB STARTED
[2025-12-07T15:17:03.850+0000] {subprocess.py:93} INFO -    Timestamp: 2025-12-07 15:17:03.847711
[2025-12-07T15:17:03.850+0000] {subprocess.py:93} INFO - ============================================================
[2025-12-07T15:17:04.003+0000] {subprocess.py:93} INFO - 25/12/07 15:17:04 INFO SparkContext: Running Spark version 3.5.0
[2025-12-07T15:17:04.004+0000] {subprocess.py:93} INFO - 25/12/07 15:17:04 INFO SparkContext: OS info Linux, 6.6.87.2-microsoft-standard-WSL2, amd64
[2025-12-07T15:17:04.005+0000] {subprocess.py:93} INFO - 25/12/07 15:17:04 INFO SparkContext: Java version 17.0.17
[2025-12-07T15:17:04.036+0000] {subprocess.py:93} INFO - 25/12/07 15:17:04 INFO ResourceUtils: ==============================================================
[2025-12-07T15:17:04.037+0000] {subprocess.py:93} INFO - 25/12/07 15:17:04 INFO ResourceUtils: No custom resources configured for spark.driver.
[2025-12-07T15:17:04.039+0000] {subprocess.py:93} INFO - 25/12/07 15:17:04 INFO ResourceUtils: ==============================================================
[2025-12-07T15:17:04.040+0000] {subprocess.py:93} INFO - 25/12/07 15:17:04 INFO SparkContext: Submitted application: GoldToPostgres
[2025-12-07T15:17:04.059+0000] {subprocess.py:93} INFO - 25/12/07 15:17:04 INFO ResourceProfile: Default ResourceProfile created, executor resources: Map(cores -> name: cores, amount: 1, script: , vendor: , memory -> name: memory, amount: 1024, script: , vendor: , offHeap -> name: offHeap, amount: 0, script: , vendor: ), task resources: Map(cpus -> name: cpus, amount: 1.0)
[2025-12-07T15:17:04.066+0000] {subprocess.py:93} INFO - 25/12/07 15:17:04 INFO ResourceProfile: Limiting resource is cpu
[2025-12-07T15:17:04.067+0000] {subprocess.py:93} INFO - 25/12/07 15:17:04 INFO ResourceProfileManager: Added ResourceProfile id: 0
[2025-12-07T15:17:04.114+0000] {subprocess.py:93} INFO - 25/12/07 15:17:04 INFO SecurityManager: Changing view acls to: ***
[2025-12-07T15:17:04.115+0000] {subprocess.py:93} INFO - 25/12/07 15:17:04 INFO SecurityManager: Changing modify acls to: ***
[2025-12-07T15:17:04.116+0000] {subprocess.py:93} INFO - 25/12/07 15:17:04 INFO SecurityManager: Changing view acls groups to:
[2025-12-07T15:17:04.117+0000] {subprocess.py:93} INFO - 25/12/07 15:17:04 INFO SecurityManager: Changing modify acls groups to:
[2025-12-07T15:17:04.118+0000] {subprocess.py:93} INFO - 25/12/07 15:17:04 INFO SecurityManager: SecurityManager: authentication disabled; ui acls disabled; users with view permissions: ***; groups with view permissions: EMPTY; users with modify permissions: ***; groups with modify permissions: EMPTY
[2025-12-07T15:17:04.331+0000] {subprocess.py:93} INFO - 25/12/07 15:17:04 INFO Utils: Successfully started service 'sparkDriver' on port 38615.
[2025-12-07T15:17:04.378+0000] {subprocess.py:93} INFO - 25/12/07 15:17:04 INFO SparkEnv: Registering MapOutputTracker
[2025-12-07T15:17:04.439+0000] {subprocess.py:93} INFO - 25/12/07 15:17:04 INFO SparkEnv: Registering BlockManagerMaster
[2025-12-07T15:17:04.460+0000] {subprocess.py:93} INFO - 25/12/07 15:17:04 INFO BlockManagerMasterEndpoint: Using org.apache.spark.storage.DefaultTopologyMapper for getting topology information
[2025-12-07T15:17:04.463+0000] {subprocess.py:93} INFO - 25/12/07 15:17:04 INFO BlockManagerMasterEndpoint: BlockManagerMasterEndpoint up
[2025-12-07T15:17:04.469+0000] {subprocess.py:93} INFO - 25/12/07 15:17:04 INFO SparkEnv: Registering BlockManagerMasterHeartbeat
[2025-12-07T15:17:04.500+0000] {subprocess.py:93} INFO - 25/12/07 15:17:04 INFO DiskBlockManager: Created local directory at /tmp/blockmgr-9fc59e32-b78b-452e-b609-e96cd5a6a677
[2025-12-07T15:17:04.543+0000] {subprocess.py:93} INFO - 25/12/07 15:17:04 INFO MemoryStore: MemoryStore started with capacity 434.4 MiB
[2025-12-07T15:17:04.574+0000] {subprocess.py:93} INFO - 25/12/07 15:17:04 INFO SparkEnv: Registering OutputCommitCoordinator
[2025-12-07T15:17:04.698+0000] {subprocess.py:93} INFO - 25/12/07 15:17:04 INFO JettyUtils: Start Jetty 0.0.0.0:4040 for SparkUI
[2025-12-07T15:17:04.762+0000] {subprocess.py:93} INFO - 25/12/07 15:17:04 INFO Utils: Successfully started service 'SparkUI' on port 4040.
[2025-12-07T15:17:04.806+0000] {subprocess.py:93} INFO - 25/12/07 15:17:04 INFO SparkContext: Added JAR file:///home/***/.ivy2/jars/org.apache.hadoop_hadoop-aws-3.3.4.jar at spark://3db08845f297:38615/jars/org.apache.hadoop_hadoop-aws-3.3.4.jar with timestamp 1765120623996
[2025-12-07T15:17:04.808+0000] {subprocess.py:93} INFO - 25/12/07 15:17:04 INFO SparkContext: Added JAR file:///home/***/.ivy2/jars/org.postgresql_postgresql-42.7.1.jar at spark://3db08845f297:38615/jars/org.postgresql_postgresql-42.7.1.jar with timestamp 1765120623996
[2025-12-07T15:17:04.810+0000] {subprocess.py:93} INFO - 25/12/07 15:17:04 INFO SparkContext: Added JAR file:///home/***/.ivy2/jars/com.amazonaws_aws-java-sdk-bundle-1.12.262.jar at spark://3db08845f297:38615/jars/com.amazonaws_aws-java-sdk-bundle-1.12.262.jar with timestamp 1765120623996
[2025-12-07T15:17:04.811+0000] {subprocess.py:93} INFO - 25/12/07 15:17:04 INFO SparkContext: Added JAR file:///home/***/.ivy2/jars/org.wildfly.openssl_wildfly-openssl-1.0.7.Final.jar at spark://3db08845f297:38615/jars/org.wildfly.openssl_wildfly-openssl-1.0.7.Final.jar with timestamp 1765120623996
[2025-12-07T15:17:04.812+0000] {subprocess.py:93} INFO - 25/12/07 15:17:04 INFO SparkContext: Added JAR file:///home/***/.ivy2/jars/org.checkerframework_checker-qual-3.41.0.jar at spark://3db08845f297:38615/jars/org.checkerframework_checker-qual-3.41.0.jar with timestamp 1765120623996
[2025-12-07T15:17:04.814+0000] {subprocess.py:93} INFO - 25/12/07 15:17:04 INFO SparkContext: Added file file:///home/***/.ivy2/jars/org.apache.hadoop_hadoop-aws-3.3.4.jar at file:///home/***/.ivy2/jars/org.apache.hadoop_hadoop-aws-3.3.4.jar with timestamp 1765120623996
[2025-12-07T15:17:04.816+0000] {subprocess.py:93} INFO - 25/12/07 15:17:04 INFO Utils: Copying /home/***/.ivy2/jars/org.apache.hadoop_hadoop-aws-3.3.4.jar to /tmp/spark-67498c64-8d90-4b56-bbe3-ab2bf7a40cc6/userFiles-c6c96e34-78c7-41c0-a75b-18179b104698/org.apache.hadoop_hadoop-aws-3.3.4.jar
[2025-12-07T15:17:04.830+0000] {subprocess.py:93} INFO - 25/12/07 15:17:04 INFO SparkContext: Added file file:///home/***/.ivy2/jars/org.postgresql_postgresql-42.7.1.jar at file:///home/***/.ivy2/jars/org.postgresql_postgresql-42.7.1.jar with timestamp 1765120623996
[2025-12-07T15:17:04.832+0000] {subprocess.py:93} INFO - 25/12/07 15:17:04 INFO Utils: Copying /home/***/.ivy2/jars/org.postgresql_postgresql-42.7.1.jar to /tmp/spark-67498c64-8d90-4b56-bbe3-ab2bf7a40cc6/userFiles-c6c96e34-78c7-41c0-a75b-18179b104698/org.postgresql_postgresql-42.7.1.jar
[2025-12-07T15:17:04.866+0000] {subprocess.py:93} INFO - 25/12/07 15:17:04 INFO SparkContext: Added file file:///home/***/.ivy2/jars/com.amazonaws_aws-java-sdk-bundle-1.12.262.jar at file:///home/***/.ivy2/jars/com.amazonaws_aws-java-sdk-bundle-1.12.262.jar with timestamp 1765120623996
[2025-12-07T15:17:04.867+0000] {subprocess.py:93} INFO - 25/12/07 15:17:04 INFO Utils: Copying /home/***/.ivy2/jars/com.amazonaws_aws-java-sdk-bundle-1.12.262.jar to /tmp/spark-67498c64-8d90-4b56-bbe3-ab2bf7a40cc6/userFiles-c6c96e34-78c7-41c0-a75b-18179b104698/com.amazonaws_aws-java-sdk-bundle-1.12.262.jar
[2025-12-07T15:17:05.321+0000] {subprocess.py:93} INFO - 25/12/07 15:17:05 INFO SparkContext: Added file file:///home/***/.ivy2/jars/org.wildfly.openssl_wildfly-openssl-1.0.7.Final.jar at file:///home/***/.ivy2/jars/org.wildfly.openssl_wildfly-openssl-1.0.7.Final.jar with timestamp 1765120623996
[2025-12-07T15:17:05.323+0000] {subprocess.py:93} INFO - 25/12/07 15:17:05 INFO Utils: Copying /home/***/.ivy2/jars/org.wildfly.openssl_wildfly-openssl-1.0.7.Final.jar to /tmp/spark-67498c64-8d90-4b56-bbe3-ab2bf7a40cc6/userFiles-c6c96e34-78c7-41c0-a75b-18179b104698/org.wildfly.openssl_wildfly-openssl-1.0.7.Final.jar
[2025-12-07T15:17:05.328+0000] {subprocess.py:93} INFO - 25/12/07 15:17:05 INFO SparkContext: Added file file:///home/***/.ivy2/jars/org.checkerframework_checker-qual-3.41.0.jar at file:///home/***/.ivy2/jars/org.checkerframework_checker-qual-3.41.0.jar with timestamp 1765120623996
[2025-12-07T15:17:05.329+0000] {subprocess.py:93} INFO - 25/12/07 15:17:05 INFO Utils: Copying /home/***/.ivy2/jars/org.checkerframework_checker-qual-3.41.0.jar to /tmp/spark-67498c64-8d90-4b56-bbe3-ab2bf7a40cc6/userFiles-c6c96e34-78c7-41c0-a75b-18179b104698/org.checkerframework_checker-qual-3.41.0.jar
[2025-12-07T15:17:05.409+0000] {subprocess.py:93} INFO - 25/12/07 15:17:05 INFO Executor: Starting executor ID driver on host 3db08845f297
[2025-12-07T15:17:05.411+0000] {subprocess.py:93} INFO - 25/12/07 15:17:05 INFO Executor: OS info Linux, 6.6.87.2-microsoft-standard-WSL2, amd64
[2025-12-07T15:17:05.412+0000] {subprocess.py:93} INFO - 25/12/07 15:17:05 INFO Executor: Java version 17.0.17
[2025-12-07T15:17:05.416+0000] {subprocess.py:93} INFO - 25/12/07 15:17:05 INFO Executor: Starting executor with user classpath (userClassPathFirst = false): ''
[2025-12-07T15:17:05.417+0000] {subprocess.py:93} INFO - 25/12/07 15:17:05 INFO Executor: Created or updated repl class loader org.apache.spark.util.MutableURLClassLoader@d4f4b26 for default.
[2025-12-07T15:17:05.431+0000] {subprocess.py:93} INFO - 25/12/07 15:17:05 INFO Executor: Fetching file:///home/***/.ivy2/jars/org.apache.hadoop_hadoop-aws-3.3.4.jar with timestamp 1765120623996
[2025-12-07T15:17:05.450+0000] {subprocess.py:93} INFO - 25/12/07 15:17:05 INFO Utils: /home/***/.ivy2/jars/org.apache.hadoop_hadoop-aws-3.3.4.jar has been previously copied to /tmp/spark-67498c64-8d90-4b56-bbe3-ab2bf7a40cc6/userFiles-c6c96e34-78c7-41c0-a75b-18179b104698/org.apache.hadoop_hadoop-aws-3.3.4.jar
[2025-12-07T15:17:05.455+0000] {subprocess.py:93} INFO - 25/12/07 15:17:05 INFO Executor: Fetching file:///home/***/.ivy2/jars/org.checkerframework_checker-qual-3.41.0.jar with timestamp 1765120623996
[2025-12-07T15:17:05.457+0000] {subprocess.py:93} INFO - 25/12/07 15:17:05 INFO Utils: /home/***/.ivy2/jars/org.checkerframework_checker-qual-3.41.0.jar has been previously copied to /tmp/spark-67498c64-8d90-4b56-bbe3-ab2bf7a40cc6/userFiles-c6c96e34-78c7-41c0-a75b-18179b104698/org.checkerframework_checker-qual-3.41.0.jar
[2025-12-07T15:17:05.462+0000] {subprocess.py:93} INFO - 25/12/07 15:17:05 INFO Executor: Fetching file:///home/***/.ivy2/jars/org.wildfly.openssl_wildfly-openssl-1.0.7.Final.jar with timestamp 1765120623996
[2025-12-07T15:17:05.463+0000] {subprocess.py:93} INFO - 25/12/07 15:17:05 INFO Utils: /home/***/.ivy2/jars/org.wildfly.openssl_wildfly-openssl-1.0.7.Final.jar has been previously copied to /tmp/spark-67498c64-8d90-4b56-bbe3-ab2bf7a40cc6/userFiles-c6c96e34-78c7-41c0-a75b-18179b104698/org.wildfly.openssl_wildfly-openssl-1.0.7.Final.jar
[2025-12-07T15:17:05.468+0000] {subprocess.py:93} INFO - 25/12/07 15:17:05 INFO Executor: Fetching file:///home/***/.ivy2/jars/org.postgresql_postgresql-42.7.1.jar with timestamp 1765120623996
[2025-12-07T15:17:05.471+0000] {subprocess.py:93} INFO - 25/12/07 15:17:05 INFO Utils: /home/***/.ivy2/jars/org.postgresql_postgresql-42.7.1.jar has been previously copied to /tmp/spark-67498c64-8d90-4b56-bbe3-ab2bf7a40cc6/userFiles-c6c96e34-78c7-41c0-a75b-18179b104698/org.postgresql_postgresql-42.7.1.jar
[2025-12-07T15:17:05.477+0000] {subprocess.py:93} INFO - 25/12/07 15:17:05 INFO Executor: Fetching file:///home/***/.ivy2/jars/com.amazonaws_aws-java-sdk-bundle-1.12.262.jar with timestamp 1765120623996
[2025-12-07T15:17:05.658+0000] {subprocess.py:93} INFO - 25/12/07 15:17:05 INFO Utils: /home/***/.ivy2/jars/com.amazonaws_aws-java-sdk-bundle-1.12.262.jar has been previously copied to /tmp/spark-67498c64-8d90-4b56-bbe3-ab2bf7a40cc6/userFiles-c6c96e34-78c7-41c0-a75b-18179b104698/com.amazonaws_aws-java-sdk-bundle-1.12.262.jar
[2025-12-07T15:17:05.666+0000] {subprocess.py:93} INFO - 25/12/07 15:17:05 INFO Executor: Fetching spark://3db08845f297:38615/jars/com.amazonaws_aws-java-sdk-bundle-1.12.262.jar with timestamp 1765120623996
[2025-12-07T15:17:05.698+0000] {subprocess.py:93} INFO - 25/12/07 15:17:05 INFO TransportClientFactory: Successfully created connection to 3db08845f297/172.20.0.8:38615 after 21 ms (0 ms spent in bootstraps)
[2025-12-07T15:17:05.703+0000] {subprocess.py:93} INFO - 25/12/07 15:17:05 INFO Utils: Fetching spark://3db08845f297:38615/jars/com.amazonaws_aws-java-sdk-bundle-1.12.262.jar to /tmp/spark-67498c64-8d90-4b56-bbe3-ab2bf7a40cc6/userFiles-c6c96e34-78c7-41c0-a75b-18179b104698/fetchFileTemp14739312325686007365.tmp
[2025-12-07T15:17:06.641+0000] {subprocess.py:93} INFO - 25/12/07 15:17:06 INFO Utils: /tmp/spark-67498c64-8d90-4b56-bbe3-ab2bf7a40cc6/userFiles-c6c96e34-78c7-41c0-a75b-18179b104698/fetchFileTemp14739312325686007365.tmp has been previously copied to /tmp/spark-67498c64-8d90-4b56-bbe3-ab2bf7a40cc6/userFiles-c6c96e34-78c7-41c0-a75b-18179b104698/com.amazonaws_aws-java-sdk-bundle-1.12.262.jar
[2025-12-07T15:17:06.689+0000] {subprocess.py:93} INFO - 25/12/07 15:17:06 INFO Executor: Adding file:/tmp/spark-67498c64-8d90-4b56-bbe3-ab2bf7a40cc6/userFiles-c6c96e34-78c7-41c0-a75b-18179b104698/com.amazonaws_aws-java-sdk-bundle-1.12.262.jar to class loader default
[2025-12-07T15:17:06.690+0000] {subprocess.py:93} INFO - 25/12/07 15:17:06 INFO Executor: Fetching spark://3db08845f297:38615/jars/org.apache.hadoop_hadoop-aws-3.3.4.jar with timestamp 1765120623996
[2025-12-07T15:17:06.691+0000] {subprocess.py:93} INFO - 25/12/07 15:17:06 INFO Utils: Fetching spark://3db08845f297:38615/jars/org.apache.hadoop_hadoop-aws-3.3.4.jar to /tmp/spark-67498c64-8d90-4b56-bbe3-ab2bf7a40cc6/userFiles-c6c96e34-78c7-41c0-a75b-18179b104698/fetchFileTemp17609261798308837824.tmp
[2025-12-07T15:17:06.697+0000] {subprocess.py:93} INFO - 25/12/07 15:17:06 INFO Utils: /tmp/spark-67498c64-8d90-4b56-bbe3-ab2bf7a40cc6/userFiles-c6c96e34-78c7-41c0-a75b-18179b104698/fetchFileTemp17609261798308837824.tmp has been previously copied to /tmp/spark-67498c64-8d90-4b56-bbe3-ab2bf7a40cc6/userFiles-c6c96e34-78c7-41c0-a75b-18179b104698/org.apache.hadoop_hadoop-aws-3.3.4.jar
[2025-12-07T15:17:06.703+0000] {subprocess.py:93} INFO - 25/12/07 15:17:06 INFO Executor: Adding file:/tmp/spark-67498c64-8d90-4b56-bbe3-ab2bf7a40cc6/userFiles-c6c96e34-78c7-41c0-a75b-18179b104698/org.apache.hadoop_hadoop-aws-3.3.4.jar to class loader default
[2025-12-07T15:17:06.704+0000] {subprocess.py:93} INFO - 25/12/07 15:17:06 INFO Executor: Fetching spark://3db08845f297:38615/jars/org.checkerframework_checker-qual-3.41.0.jar with timestamp 1765120623996
[2025-12-07T15:17:06.705+0000] {subprocess.py:93} INFO - 25/12/07 15:17:06 INFO Utils: Fetching spark://3db08845f297:38615/jars/org.checkerframework_checker-qual-3.41.0.jar to /tmp/spark-67498c64-8d90-4b56-bbe3-ab2bf7a40cc6/userFiles-c6c96e34-78c7-41c0-a75b-18179b104698/fetchFileTemp2258005183841751548.tmp
[2025-12-07T15:17:06.707+0000] {subprocess.py:93} INFO - 25/12/07 15:17:06 INFO Utils: /tmp/spark-67498c64-8d90-4b56-bbe3-ab2bf7a40cc6/userFiles-c6c96e34-78c7-41c0-a75b-18179b104698/fetchFileTemp2258005183841751548.tmp has been previously copied to /tmp/spark-67498c64-8d90-4b56-bbe3-ab2bf7a40cc6/userFiles-c6c96e34-78c7-41c0-a75b-18179b104698/org.checkerframework_checker-qual-3.41.0.jar
[2025-12-07T15:17:06.713+0000] {subprocess.py:93} INFO - 25/12/07 15:17:06 INFO Executor: Adding file:/tmp/spark-67498c64-8d90-4b56-bbe3-ab2bf7a40cc6/userFiles-c6c96e34-78c7-41c0-a75b-18179b104698/org.checkerframework_checker-qual-3.41.0.jar to class loader default
[2025-12-07T15:17:06.714+0000] {subprocess.py:93} INFO - 25/12/07 15:17:06 INFO Executor: Fetching spark://3db08845f297:38615/jars/org.wildfly.openssl_wildfly-openssl-1.0.7.Final.jar with timestamp 1765120623996
[2025-12-07T15:17:06.715+0000] {subprocess.py:93} INFO - 25/12/07 15:17:06 INFO Utils: Fetching spark://3db08845f297:38615/jars/org.wildfly.openssl_wildfly-openssl-1.0.7.Final.jar to /tmp/spark-67498c64-8d90-4b56-bbe3-ab2bf7a40cc6/userFiles-c6c96e34-78c7-41c0-a75b-18179b104698/fetchFileTemp2870247011871144608.tmp
[2025-12-07T15:17:06.720+0000] {subprocess.py:93} INFO - 25/12/07 15:17:06 INFO Utils: /tmp/spark-67498c64-8d90-4b56-bbe3-ab2bf7a40cc6/userFiles-c6c96e34-78c7-41c0-a75b-18179b104698/fetchFileTemp2870247011871144608.tmp has been previously copied to /tmp/spark-67498c64-8d90-4b56-bbe3-ab2bf7a40cc6/userFiles-c6c96e34-78c7-41c0-a75b-18179b104698/org.wildfly.openssl_wildfly-openssl-1.0.7.Final.jar
[2025-12-07T15:17:06.725+0000] {subprocess.py:93} INFO - 25/12/07 15:17:06 INFO Executor: Adding file:/tmp/spark-67498c64-8d90-4b56-bbe3-ab2bf7a40cc6/userFiles-c6c96e34-78c7-41c0-a75b-18179b104698/org.wildfly.openssl_wildfly-openssl-1.0.7.Final.jar to class loader default
[2025-12-07T15:17:06.726+0000] {subprocess.py:93} INFO - 25/12/07 15:17:06 INFO Executor: Fetching spark://3db08845f297:38615/jars/org.postgresql_postgresql-42.7.1.jar with timestamp 1765120623996
[2025-12-07T15:17:06.728+0000] {subprocess.py:93} INFO - 25/12/07 15:17:06 INFO Utils: Fetching spark://3db08845f297:38615/jars/org.postgresql_postgresql-42.7.1.jar to /tmp/spark-67498c64-8d90-4b56-bbe3-ab2bf7a40cc6/userFiles-c6c96e34-78c7-41c0-a75b-18179b104698/fetchFileTemp3320646194927301570.tmp
[2025-12-07T15:17:06.733+0000] {subprocess.py:93} INFO - 25/12/07 15:17:06 INFO Utils: /tmp/spark-67498c64-8d90-4b56-bbe3-ab2bf7a40cc6/userFiles-c6c96e34-78c7-41c0-a75b-18179b104698/fetchFileTemp3320646194927301570.tmp has been previously copied to /tmp/spark-67498c64-8d90-4b56-bbe3-ab2bf7a40cc6/userFiles-c6c96e34-78c7-41c0-a75b-18179b104698/org.postgresql_postgresql-42.7.1.jar
[2025-12-07T15:17:06.741+0000] {subprocess.py:93} INFO - 25/12/07 15:17:06 INFO Executor: Adding file:/tmp/spark-67498c64-8d90-4b56-bbe3-ab2bf7a40cc6/userFiles-c6c96e34-78c7-41c0-a75b-18179b104698/org.postgresql_postgresql-42.7.1.jar to class loader default
[2025-12-07T15:17:06.750+0000] {subprocess.py:93} INFO - 25/12/07 15:17:06 INFO Utils: Successfully started service 'org.apache.spark.network.netty.NettyBlockTransferService' on port 43077.
[2025-12-07T15:17:06.751+0000] {subprocess.py:93} INFO - 25/12/07 15:17:06 INFO NettyBlockTransferService: Server created on 3db08845f297:43077
[2025-12-07T15:17:06.754+0000] {subprocess.py:93} INFO - 25/12/07 15:17:06 INFO BlockManager: Using org.apache.spark.storage.RandomBlockReplicationPolicy for block replication policy
[2025-12-07T15:17:06.760+0000] {subprocess.py:93} INFO - 25/12/07 15:17:06 INFO BlockManagerMaster: Registering BlockManager BlockManagerId(driver, 3db08845f297, 43077, None)
[2025-12-07T15:17:06.763+0000] {subprocess.py:93} INFO - 25/12/07 15:17:06 INFO BlockManagerMasterEndpoint: Registering block manager 3db08845f297:43077 with 434.4 MiB RAM, BlockManagerId(driver, 3db08845f297, 43077, None)
[2025-12-07T15:17:06.766+0000] {subprocess.py:93} INFO - 25/12/07 15:17:06 INFO BlockManagerMaster: Registered BlockManager BlockManagerId(driver, 3db08845f297, 43077, None)
[2025-12-07T15:17:06.767+0000] {subprocess.py:93} INFO - 25/12/07 15:17:06 INFO BlockManager: Initialized BlockManager: BlockManagerId(driver, 3db08845f297, 43077, None)
[2025-12-07T15:17:07.077+0000] {subprocess.py:93} INFO - 📌 Step 1: Reading Gold layer from MinIO...
[2025-12-07T15:17:07.083+0000] {subprocess.py:93} INFO - 25/12/07 15:17:07 INFO SharedState: Setting hive.metastore.warehouse.dir ('null') to the value of spark.sql.warehouse.dir.
[2025-12-07T15:17:07.085+0000] {subprocess.py:93} INFO - 25/12/07 15:17:07 INFO SharedState: Warehouse path is 'file:/tmp/***tmp4g0iy2do/spark-warehouse'.
[2025-12-07T15:17:07.799+0000] {subprocess.py:93} INFO - 25/12/07 15:17:07 WARN MetricsConfig: Cannot locate configuration: tried hadoop-metrics2-s3a-file-system.properties,hadoop-metrics2.properties
[2025-12-07T15:17:07.815+0000] {subprocess.py:93} INFO - 25/12/07 15:17:07 INFO MetricsSystemImpl: Scheduled Metric snapshot period at 10 second(s).
[2025-12-07T15:17:07.816+0000] {subprocess.py:93} INFO - 25/12/07 15:17:07 INFO MetricsSystemImpl: s3a-file-system metrics system started
[2025-12-07T15:17:08.680+0000] {subprocess.py:93} INFO - 25/12/07 15:17:08 INFO InMemoryFileIndex: It took 76 ms to list leaf files for 1 paths.
[2025-12-07T15:17:09.022+0000] {subprocess.py:93} INFO - 25/12/07 15:17:09 INFO SparkContext: Starting job: parquet at NativeMethodAccessorImpl.java:0
[2025-12-07T15:17:09.035+0000] {subprocess.py:93} INFO - 25/12/07 15:17:09 INFO DAGScheduler: Got job 0 (parquet at NativeMethodAccessorImpl.java:0) with 1 output partitions
[2025-12-07T15:17:09.036+0000] {subprocess.py:93} INFO - 25/12/07 15:17:09 INFO DAGScheduler: Final stage: ResultStage 0 (parquet at NativeMethodAccessorImpl.java:0)
[2025-12-07T15:17:09.038+0000] {subprocess.py:93} INFO - 25/12/07 15:17:09 INFO DAGScheduler: Parents of final stage: List()
[2025-12-07T15:17:09.039+0000] {subprocess.py:93} INFO - 25/12/07 15:17:09 INFO DAGScheduler: Missing parents: List()
[2025-12-07T15:17:09.041+0000] {subprocess.py:93} INFO - 25/12/07 15:17:09 INFO DAGScheduler: Submitting ResultStage 0 (MapPartitionsRDD[1] at parquet at NativeMethodAccessorImpl.java:0), which has no missing parents
[2025-12-07T15:17:09.094+0000] {subprocess.py:93} INFO - 25/12/07 15:17:09 INFO MemoryStore: Block broadcast_0 stored as values in memory (estimated size 106.5 KiB, free 434.3 MiB)
[2025-12-07T15:17:09.140+0000] {subprocess.py:93} INFO - 25/12/07 15:17:09 INFO MemoryStore: Block broadcast_0_piece0 stored as bytes in memory (estimated size 38.5 KiB, free 434.3 MiB)
[2025-12-07T15:17:09.145+0000] {subprocess.py:93} INFO - 25/12/07 15:17:09 INFO BlockManagerInfo: Added broadcast_0_piece0 in memory on 3db08845f297:43077 (size: 38.5 KiB, free: 434.4 MiB)
[2025-12-07T15:17:09.149+0000] {subprocess.py:93} INFO - 25/12/07 15:17:09 INFO SparkContext: Created broadcast 0 from broadcast at DAGScheduler.scala:1580
[2025-12-07T15:17:09.162+0000] {subprocess.py:93} INFO - 25/12/07 15:17:09 INFO DAGScheduler: Submitting 1 missing tasks from ResultStage 0 (MapPartitionsRDD[1] at parquet at NativeMethodAccessorImpl.java:0) (first 15 tasks are for partitions Vector(0))
[2025-12-07T15:17:09.163+0000] {subprocess.py:93} INFO - 25/12/07 15:17:09 INFO TaskSchedulerImpl: Adding task set 0.0 with 1 tasks resource profile 0
[2025-12-07T15:17:09.208+0000] {subprocess.py:93} INFO - 25/12/07 15:17:09 INFO TaskSetManager: Starting task 0.0 in stage 0.0 (TID 0) (3db08845f297, executor driver, partition 0, PROCESS_LOCAL, 8811 bytes)
[2025-12-07T15:17:09.221+0000] {subprocess.py:93} INFO - 25/12/07 15:17:09 INFO Executor: Running task 0.0 in stage 0.0 (TID 0)
[2025-12-07T15:17:09.419+0000] {subprocess.py:93} INFO - 25/12/07 15:17:09 INFO S3AInputStream: Switching to Random IO seek policy
[2025-12-07T15:17:09.634+0000] {subprocess.py:93} INFO - 25/12/07 15:17:09 INFO Executor: Finished task 0.0 in stage 0.0 (TID 0). 2033 bytes result sent to driver
[2025-12-07T15:17:09.653+0000] {subprocess.py:93} INFO - 25/12/07 15:17:09 INFO TaskSetManager: Finished task 0.0 in stage 0.0 (TID 0) in 464 ms on 3db08845f297 (executor driver) (1/1)
[2025-12-07T15:17:09.657+0000] {subprocess.py:93} INFO - 25/12/07 15:17:09 INFO TaskSchedulerImpl: Removed TaskSet 0.0, whose tasks have all completed, from pool
[2025-12-07T15:17:09.662+0000] {subprocess.py:93} INFO - 25/12/07 15:17:09 INFO DAGScheduler: ResultStage 0 (parquet at NativeMethodAccessorImpl.java:0) finished in 0.611 s
[2025-12-07T15:17:09.665+0000] {subprocess.py:93} INFO - 25/12/07 15:17:09 INFO DAGScheduler: Job 0 is finished. Cancelling potential speculative or zombie tasks for this job
[2025-12-07T15:17:09.666+0000] {subprocess.py:93} INFO - 25/12/07 15:17:09 INFO TaskSchedulerImpl: Killing all running tasks in stage 0: Stage finished
[2025-12-07T15:17:09.667+0000] {subprocess.py:93} INFO - 25/12/07 15:17:09 INFO DAGScheduler: Job 0 finished: parquet at NativeMethodAccessorImpl.java:0, took 0.644643 s
[2025-12-07T15:17:10.358+0000] {subprocess.py:93} INFO - 25/12/07 15:17:10 INFO BlockManagerInfo: Removed broadcast_0_piece0 on 3db08845f297:43077 in memory (size: 38.5 KiB, free: 434.4 MiB)
[2025-12-07T15:17:10.620+0000] {subprocess.py:93} INFO - 25/12/07 15:17:10 INFO FileSourceStrategy: Pushed Filters:
[2025-12-07T15:17:10.625+0000] {subprocess.py:93} INFO - 25/12/07 15:17:10 INFO FileSourceStrategy: Post-Scan Filters:
[2025-12-07T15:17:11.061+0000] {subprocess.py:93} INFO - 25/12/07 15:17:11 INFO CodeGenerator: Code generated in 192.017412 ms
[2025-12-07T15:17:11.094+0000] {subprocess.py:93} INFO - 25/12/07 15:17:11 INFO MemoryStore: Block broadcast_1 stored as values in memory (estimated size 205.5 KiB, free 434.2 MiB)
[2025-12-07T15:17:11.123+0000] {subprocess.py:93} INFO - 25/12/07 15:17:11 INFO MemoryStore: Block broadcast_1_piece0 stored as bytes in memory (estimated size 36.1 KiB, free 434.2 MiB)
[2025-12-07T15:17:11.125+0000] {subprocess.py:93} INFO - 25/12/07 15:17:11 INFO BlockManagerInfo: Added broadcast_1_piece0 in memory on 3db08845f297:43077 (size: 36.1 KiB, free: 434.4 MiB)
[2025-12-07T15:17:11.127+0000] {subprocess.py:93} INFO - 25/12/07 15:17:11 INFO SparkContext: Created broadcast 1 from count at NativeMethodAccessorImpl.java:0
[2025-12-07T15:17:11.152+0000] {subprocess.py:93} INFO - 25/12/07 15:17:11 INFO FileSourceScanExec: Planning scan with bin packing, max size: 8393410 bytes, open cost is considered as scanning 4194304 bytes.
[2025-12-07T15:17:11.192+0000] {subprocess.py:93} INFO - 25/12/07 15:17:11 INFO DAGScheduler: Registering RDD 5 (count at NativeMethodAccessorImpl.java:0) as input to shuffle 0
[2025-12-07T15:17:11.197+0000] {subprocess.py:93} INFO - 25/12/07 15:17:11 INFO DAGScheduler: Got map stage job 1 (count at NativeMethodAccessorImpl.java:0) with 2 output partitions
[2025-12-07T15:17:11.198+0000] {subprocess.py:93} INFO - 25/12/07 15:17:11 INFO DAGScheduler: Final stage: ShuffleMapStage 1 (count at NativeMethodAccessorImpl.java:0)
[2025-12-07T15:17:11.199+0000] {subprocess.py:93} INFO - 25/12/07 15:17:11 INFO DAGScheduler: Parents of final stage: List()
[2025-12-07T15:17:11.200+0000] {subprocess.py:93} INFO - 25/12/07 15:17:11 INFO DAGScheduler: Missing parents: List()
[2025-12-07T15:17:11.201+0000] {subprocess.py:93} INFO - 25/12/07 15:17:11 INFO DAGScheduler: Submitting ShuffleMapStage 1 (MapPartitionsRDD[5] at count at NativeMethodAccessorImpl.java:0), which has no missing parents
[2025-12-07T15:17:11.227+0000] {subprocess.py:93} INFO - 25/12/07 15:17:11 INFO MemoryStore: Block broadcast_2 stored as values in memory (estimated size 16.8 KiB, free 434.1 MiB)
[2025-12-07T15:17:11.239+0000] {subprocess.py:93} INFO - 25/12/07 15:17:11 INFO MemoryStore: Block broadcast_2_piece0 stored as bytes in memory (estimated size 7.7 KiB, free 434.1 MiB)
[2025-12-07T15:17:11.246+0000] {subprocess.py:93} INFO - 25/12/07 15:17:11 INFO BlockManagerInfo: Added broadcast_2_piece0 in memory on 3db08845f297:43077 (size: 7.7 KiB, free: 434.4 MiB)
[2025-12-07T15:17:11.248+0000] {subprocess.py:93} INFO - 25/12/07 15:17:11 INFO SparkContext: Created broadcast 2 from broadcast at DAGScheduler.scala:1580
[2025-12-07T15:17:11.250+0000] {subprocess.py:93} INFO - 25/12/07 15:17:11 INFO DAGScheduler: Submitting 2 missing tasks from ShuffleMapStage 1 (MapPartitionsRDD[5] at count at NativeMethodAccessorImpl.java:0) (first 15 tasks are for partitions Vector(0, 1))
[2025-12-07T15:17:11.251+0000] {subprocess.py:93} INFO - 25/12/07 15:17:11 INFO TaskSchedulerImpl: Adding task set 1.0 with 2 tasks resource profile 0
[2025-12-07T15:17:11.256+0000] {subprocess.py:93} INFO - 25/12/07 15:17:11 INFO TaskSetManager: Starting task 0.0 in stage 1.0 (TID 1) (3db08845f297, executor driver, partition 0, PROCESS_LOCAL, 9463 bytes)
[2025-12-07T15:17:11.258+0000] {subprocess.py:93} INFO - 25/12/07 15:17:11 INFO TaskSetManager: Starting task 1.0 in stage 1.0 (TID 2) (3db08845f297, executor driver, partition 1, PROCESS_LOCAL, 9463 bytes)
[2025-12-07T15:17:11.261+0000] {subprocess.py:93} INFO - 25/12/07 15:17:11 INFO Executor: Running task 0.0 in stage 1.0 (TID 1)
[2025-12-07T15:17:11.269+0000] {subprocess.py:93} INFO - 25/12/07 15:17:11 INFO Executor: Running task 1.0 in stage 1.0 (TID 2)
[2025-12-07T15:17:11.334+0000] {subprocess.py:93} INFO - 25/12/07 15:17:11 INFO CodeGenerator: Code generated in 10.01406 ms
[2025-12-07T15:17:11.348+0000] {subprocess.py:93} INFO - 25/12/07 15:17:11 INFO FileScanRDD: Reading File path: s3a://datalake/gold/daily_summary/part-00000-256bcf41-5037-42a4-b7fb-085f536dc06b-c000.snappy.parquet, range: 0-2401, partition values: [empty row]
[2025-12-07T15:17:11.349+0000] {subprocess.py:93} INFO - 25/12/07 15:17:11 INFO FileScanRDD: Reading File path: s3a://datalake/gold/daily_summary/part-00000-9af84648-87bb-45de-bdf4-948aa35c31ee-c000.snappy.parquet, range: 0-2401, partition values: [empty row]
[2025-12-07T15:17:11.369+0000] {subprocess.py:93} INFO - 25/12/07 15:17:11 INFO S3AInputStream: Switching to Random IO seek policy
[2025-12-07T15:17:11.371+0000] {subprocess.py:93} INFO - 25/12/07 15:17:11 INFO S3AInputStream: Switching to Random IO seek policy
[2025-12-07T15:17:11.453+0000] {subprocess.py:93} INFO - 25/12/07 15:17:11 INFO FileScanRDD: Reading File path: s3a://datalake/gold/daily_summary/part-00000-407f95c6-7ad7-4635-9bad-c1cdfaed0244-c000.snappy.parquet, range: 0-2401, partition values: [empty row]
[2025-12-07T15:17:11.454+0000] {subprocess.py:93} INFO - 25/12/07 15:17:11 INFO FileScanRDD: Reading File path: s3a://datalake/gold/daily_summary/part-00000-bf3a7951-d7ed-4aa8-87fe-f58fff658b97-c000.snappy.parquet, range: 0-2401, partition values: [empty row]
[2025-12-07T15:17:11.467+0000] {subprocess.py:93} INFO - 25/12/07 15:17:11 INFO S3AInputStream: Switching to Random IO seek policy
[2025-12-07T15:17:11.468+0000] {subprocess.py:93} INFO - 25/12/07 15:17:11 INFO S3AInputStream: Switching to Random IO seek policy
[2025-12-07T15:17:11.518+0000] {subprocess.py:93} INFO - 25/12/07 15:17:11 INFO Executor: Finished task 1.0 in stage 1.0 (TID 2). 2179 bytes result sent to driver
[2025-12-07T15:17:11.519+0000] {subprocess.py:93} INFO - 25/12/07 15:17:11 INFO Executor: Finished task 0.0 in stage 1.0 (TID 1). 2179 bytes result sent to driver
[2025-12-07T15:17:11.525+0000] {subprocess.py:93} INFO - 25/12/07 15:17:11 INFO TaskSetManager: Finished task 1.0 in stage 1.0 (TID 2) in 268 ms on 3db08845f297 (executor driver) (1/2)
[2025-12-07T15:17:11.526+0000] {subprocess.py:93} INFO - 25/12/07 15:17:11 INFO TaskSetManager: Finished task 0.0 in stage 1.0 (TID 1) in 277 ms on 3db08845f297 (executor driver) (2/2)
[2025-12-07T15:17:11.527+0000] {subprocess.py:93} INFO - 25/12/07 15:17:11 INFO TaskSchedulerImpl: Removed TaskSet 1.0, whose tasks have all completed, from pool
[2025-12-07T15:17:11.530+0000] {subprocess.py:93} INFO - 25/12/07 15:17:11 INFO DAGScheduler: ShuffleMapStage 1 (count at NativeMethodAccessorImpl.java:0) finished in 0.324 s
[2025-12-07T15:17:11.531+0000] {subprocess.py:93} INFO - 25/12/07 15:17:11 INFO DAGScheduler: looking for newly runnable stages
[2025-12-07T15:17:11.532+0000] {subprocess.py:93} INFO - 25/12/07 15:17:11 INFO DAGScheduler: running: Set()
[2025-12-07T15:17:11.533+0000] {subprocess.py:93} INFO - 25/12/07 15:17:11 INFO DAGScheduler: waiting: Set()
[2025-12-07T15:17:11.534+0000] {subprocess.py:93} INFO - 25/12/07 15:17:11 INFO DAGScheduler: failed: Set()
[2025-12-07T15:17:11.570+0000] {subprocess.py:93} INFO - 25/12/07 15:17:11 INFO CodeGenerator: Code generated in 9.489411 ms
[2025-12-07T15:17:11.590+0000] {subprocess.py:93} INFO - 25/12/07 15:17:11 INFO SparkContext: Starting job: count at NativeMethodAccessorImpl.java:0
[2025-12-07T15:17:11.594+0000] {subprocess.py:93} INFO - 25/12/07 15:17:11 INFO DAGScheduler: Got job 2 (count at NativeMethodAccessorImpl.java:0) with 1 output partitions
[2025-12-07T15:17:11.596+0000] {subprocess.py:93} INFO - 25/12/07 15:17:11 INFO DAGScheduler: Final stage: ResultStage 3 (count at NativeMethodAccessorImpl.java:0)
[2025-12-07T15:17:11.597+0000] {subprocess.py:93} INFO - 25/12/07 15:17:11 INFO DAGScheduler: Parents of final stage: List(ShuffleMapStage 2)
[2025-12-07T15:17:11.598+0000] {subprocess.py:93} INFO - 25/12/07 15:17:11 INFO DAGScheduler: Missing parents: List()
[2025-12-07T15:17:11.599+0000] {subprocess.py:93} INFO - 25/12/07 15:17:11 INFO DAGScheduler: Submitting ResultStage 3 (MapPartitionsRDD[8] at count at NativeMethodAccessorImpl.java:0), which has no missing parents
[2025-12-07T15:17:11.604+0000] {subprocess.py:93} INFO - 25/12/07 15:17:11 INFO MemoryStore: Block broadcast_3 stored as values in memory (estimated size 12.5 KiB, free 434.1 MiB)
[2025-12-07T15:17:11.606+0000] {subprocess.py:93} INFO - 25/12/07 15:17:11 INFO MemoryStore: Block broadcast_3_piece0 stored as bytes in memory (estimated size 5.9 KiB, free 434.1 MiB)
[2025-12-07T15:17:11.607+0000] {subprocess.py:93} INFO - 25/12/07 15:17:11 INFO BlockManagerInfo: Added broadcast_3_piece0 in memory on 3db08845f297:43077 (size: 5.9 KiB, free: 434.4 MiB)
[2025-12-07T15:17:11.608+0000] {subprocess.py:93} INFO - 25/12/07 15:17:11 INFO SparkContext: Created broadcast 3 from broadcast at DAGScheduler.scala:1580
[2025-12-07T15:17:11.609+0000] {subprocess.py:93} INFO - 25/12/07 15:17:11 INFO DAGScheduler: Submitting 1 missing tasks from ResultStage 3 (MapPartitionsRDD[8] at count at NativeMethodAccessorImpl.java:0) (first 15 tasks are for partitions Vector(0))
[2025-12-07T15:17:11.610+0000] {subprocess.py:93} INFO - 25/12/07 15:17:11 INFO TaskSchedulerImpl: Adding task set 3.0 with 1 tasks resource profile 0
[2025-12-07T15:17:11.616+0000] {subprocess.py:93} INFO - 25/12/07 15:17:11 INFO TaskSetManager: Starting task 0.0 in stage 3.0 (TID 3) (3db08845f297, executor driver, partition 0, NODE_LOCAL, 8652 bytes)
[2025-12-07T15:17:11.617+0000] {subprocess.py:93} INFO - 25/12/07 15:17:11 INFO Executor: Running task 0.0 in stage 3.0 (TID 3)
[2025-12-07T15:17:11.653+0000] {subprocess.py:93} INFO - 25/12/07 15:17:11 INFO ShuffleBlockFetcherIterator: Getting 2 (120.0 B) non-empty blocks including 2 (120.0 B) local and 0 (0.0 B) host-local and 0 (0.0 B) push-merged-local and 0 (0.0 B) remote blocks
[2025-12-07T15:17:11.655+0000] {subprocess.py:93} INFO - 25/12/07 15:17:11 INFO ShuffleBlockFetcherIterator: Started 0 remote fetches in 12 ms
[2025-12-07T15:17:11.669+0000] {subprocess.py:93} INFO - 25/12/07 15:17:11 INFO CodeGenerator: Code generated in 11.249845 ms
[2025-12-07T15:17:11.684+0000] {subprocess.py:93} INFO - 25/12/07 15:17:11 INFO Executor: Finished task 0.0 in stage 3.0 (TID 3). 4038 bytes result sent to driver
[2025-12-07T15:17:11.686+0000] {subprocess.py:93} INFO - 25/12/07 15:17:11 INFO TaskSetManager: Finished task 0.0 in stage 3.0 (TID 3) in 72 ms on 3db08845f297 (executor driver) (1/1)
[2025-12-07T15:17:11.687+0000] {subprocess.py:93} INFO - 25/12/07 15:17:11 INFO TaskSchedulerImpl: Removed TaskSet 3.0, whose tasks have all completed, from pool
[2025-12-07T15:17:11.688+0000] {subprocess.py:93} INFO - 25/12/07 15:17:11 INFO DAGScheduler: ResultStage 3 (count at NativeMethodAccessorImpl.java:0) finished in 0.086 s
[2025-12-07T15:17:11.690+0000] {subprocess.py:93} INFO - 25/12/07 15:17:11 INFO DAGScheduler: Job 2 is finished. Cancelling potential speculative or zombie tasks for this job
[2025-12-07T15:17:11.690+0000] {subprocess.py:93} INFO - 25/12/07 15:17:11 INFO TaskSchedulerImpl: Killing all running tasks in stage 3: Stage finished
[2025-12-07T15:17:11.691+0000] {subprocess.py:93} INFO - 25/12/07 15:17:11 INFO DAGScheduler: Job 2 finished: count at NativeMethodAccessorImpl.java:0, took 0.099237 s
[2025-12-07T15:17:11.695+0000] {subprocess.py:93} INFO - ✅ Gold layer loaded: 4 records
[2025-12-07T15:17:11.697+0000] {subprocess.py:93} INFO - 
[2025-12-07T15:17:11.698+0000] {subprocess.py:93} INFO - 📌 Step 2: Exporting to PostgreSQL table 'email_daily_summary'...
[2025-12-07T15:17:12.078+0000] {subprocess.py:93} INFO - 25/12/07 15:17:12 INFO FileSourceStrategy: Pushed Filters:
[2025-12-07T15:17:12.079+0000] {subprocess.py:93} INFO - 25/12/07 15:17:12 INFO FileSourceStrategy: Post-Scan Filters:
[2025-12-07T15:17:12.111+0000] {subprocess.py:93} INFO - 25/12/07 15:17:12 INFO CodeGenerator: Code generated in 21.28225 ms
[2025-12-07T15:17:12.121+0000] {subprocess.py:93} INFO - 25/12/07 15:17:12 INFO MemoryStore: Block broadcast_4 stored as values in memory (estimated size 206.2 KiB, free 433.9 MiB)
[2025-12-07T15:17:12.134+0000] {subprocess.py:93} INFO - 25/12/07 15:17:12 INFO MemoryStore: Block broadcast_4_piece0 stored as bytes in memory (estimated size 36.4 KiB, free 433.9 MiB)
[2025-12-07T15:17:12.136+0000] {subprocess.py:93} INFO - 25/12/07 15:17:12 INFO BlockManagerInfo: Added broadcast_4_piece0 in memory on 3db08845f297:43077 (size: 36.4 KiB, free: 434.3 MiB)
[2025-12-07T15:17:12.137+0000] {subprocess.py:93} INFO - 25/12/07 15:17:12 INFO SparkContext: Created broadcast 4 from jdbc at NativeMethodAccessorImpl.java:0
[2025-12-07T15:17:12.141+0000] {subprocess.py:93} INFO - 25/12/07 15:17:12 INFO FileSourceScanExec: Planning scan with bin packing, max size: 8393410 bytes, open cost is considered as scanning 4194304 bytes.
[2025-12-07T15:17:12.181+0000] {subprocess.py:93} INFO - 25/12/07 15:17:12 INFO BlockManagerInfo: Removed broadcast_3_piece0 on 3db08845f297:43077 in memory (size: 5.9 KiB, free: 434.3 MiB)
[2025-12-07T15:17:12.190+0000] {subprocess.py:93} INFO - 25/12/07 15:17:12 INFO BlockManagerInfo: Removed broadcast_2_piece0 on 3db08845f297:43077 in memory (size: 7.7 KiB, free: 434.3 MiB)
[2025-12-07T15:17:12.227+0000] {subprocess.py:93} INFO - 25/12/07 15:17:12 INFO SparkContext: Starting job: jdbc at NativeMethodAccessorImpl.java:0
[2025-12-07T15:17:12.231+0000] {subprocess.py:93} INFO - 25/12/07 15:17:12 INFO DAGScheduler: Got job 3 (jdbc at NativeMethodAccessorImpl.java:0) with 2 output partitions
[2025-12-07T15:17:12.233+0000] {subprocess.py:93} INFO - 25/12/07 15:17:12 INFO DAGScheduler: Final stage: ResultStage 4 (jdbc at NativeMethodAccessorImpl.java:0)
[2025-12-07T15:17:12.235+0000] {subprocess.py:93} INFO - 25/12/07 15:17:12 INFO DAGScheduler: Parents of final stage: List()
[2025-12-07T15:17:12.236+0000] {subprocess.py:93} INFO - 25/12/07 15:17:12 INFO DAGScheduler: Missing parents: List()
[2025-12-07T15:17:12.237+0000] {subprocess.py:93} INFO - 25/12/07 15:17:12 INFO DAGScheduler: Submitting ResultStage 4 (MapPartitionsRDD[14] at jdbc at NativeMethodAccessorImpl.java:0), which has no missing parents
[2025-12-07T15:17:12.253+0000] {subprocess.py:93} INFO - 25/12/07 15:17:12 INFO MemoryStore: Block broadcast_5 stored as values in memory (estimated size 36.8 KiB, free 433.9 MiB)
[2025-12-07T15:17:12.263+0000] {subprocess.py:93} INFO - 25/12/07 15:17:12 INFO MemoryStore: Block broadcast_5_piece0 stored as bytes in memory (estimated size 16.0 KiB, free 433.9 MiB)
[2025-12-07T15:17:12.265+0000] {subprocess.py:93} INFO - 25/12/07 15:17:12 INFO BlockManagerInfo: Added broadcast_5_piece0 in memory on 3db08845f297:43077 (size: 16.0 KiB, free: 434.3 MiB)
[2025-12-07T15:17:12.266+0000] {subprocess.py:93} INFO - 25/12/07 15:17:12 INFO SparkContext: Created broadcast 5 from broadcast at DAGScheduler.scala:1580
[2025-12-07T15:17:12.267+0000] {subprocess.py:93} INFO - 25/12/07 15:17:12 INFO DAGScheduler: Submitting 2 missing tasks from ResultStage 4 (MapPartitionsRDD[14] at jdbc at NativeMethodAccessorImpl.java:0) (first 15 tasks are for partitions Vector(0, 1))
[2025-12-07T15:17:12.269+0000] {subprocess.py:93} INFO - 25/12/07 15:17:12 INFO TaskSchedulerImpl: Adding task set 4.0 with 2 tasks resource profile 0
[2025-12-07T15:17:12.270+0000] {subprocess.py:93} INFO - 25/12/07 15:17:12 INFO TaskSetManager: Starting task 0.0 in stage 4.0 (TID 4) (3db08845f297, executor driver, partition 0, PROCESS_LOCAL, 9474 bytes)
[2025-12-07T15:17:12.271+0000] {subprocess.py:93} INFO - 25/12/07 15:17:12 INFO TaskSetManager: Starting task 1.0 in stage 4.0 (TID 5) (3db08845f297, executor driver, partition 1, PROCESS_LOCAL, 9474 bytes)
[2025-12-07T15:17:12.272+0000] {subprocess.py:93} INFO - 25/12/07 15:17:12 INFO Executor: Running task 1.0 in stage 4.0 (TID 5)
[2025-12-07T15:17:12.273+0000] {subprocess.py:93} INFO - 25/12/07 15:17:12 INFO Executor: Running task 0.0 in stage 4.0 (TID 4)
[2025-12-07T15:17:12.313+0000] {subprocess.py:93} INFO - 25/12/07 15:17:12 INFO CodeGenerator: Code generated in 14.403571 ms
[2025-12-07T15:17:13.273+0000] {subprocess.py:93} INFO - 25/12/07 15:17:13 INFO CodeGenerator: Code generated in 37.392159 ms
[2025-12-07T15:17:13.279+0000] {subprocess.py:93} INFO - 25/12/07 15:17:13 INFO FileScanRDD: Reading File path: s3a://datalake/gold/daily_summary/part-00000-9af84648-87bb-45de-bdf4-948aa35c31ee-c000.snappy.parquet, range: 0-2401, partition values: [empty row]
[2025-12-07T15:17:13.281+0000] {subprocess.py:93} INFO - 25/12/07 15:17:13 INFO FileScanRDD: Reading File path: s3a://datalake/gold/daily_summary/part-00000-256bcf41-5037-42a4-b7fb-085f536dc06b-c000.snappy.parquet, range: 0-2401, partition values: [empty row]
[2025-12-07T15:17:13.299+0000] {subprocess.py:93} INFO - 25/12/07 15:17:13 INFO S3AInputStream: Switching to Random IO seek policy
[2025-12-07T15:17:13.300+0000] {subprocess.py:93} INFO - 25/12/07 15:17:13 INFO S3AInputStream: Switching to Random IO seek policy
[2025-12-07T15:17:13.378+0000] {subprocess.py:93} INFO - 25/12/07 15:17:13 INFO CodecPool: Got brand-new decompressor [.snappy]
[2025-12-07T15:17:13.379+0000] {subprocess.py:93} INFO - 25/12/07 15:17:13 INFO CodecPool: Got brand-new decompressor [.snappy]
[2025-12-07T15:17:13.628+0000] {subprocess.py:93} INFO - 25/12/07 15:17:13 INFO FileScanRDD: Reading File path: s3a://datalake/gold/daily_summary/part-00000-bf3a7951-d7ed-4aa8-87fe-f58fff658b97-c000.snappy.parquet, range: 0-2401, partition values: [empty row]
[2025-12-07T15:17:13.630+0000] {subprocess.py:93} INFO - 25/12/07 15:17:13 INFO FileScanRDD: Reading File path: s3a://datalake/gold/daily_summary/part-00000-407f95c6-7ad7-4635-9bad-c1cdfaed0244-c000.snappy.parquet, range: 0-2401, partition values: [empty row]
[2025-12-07T15:17:13.644+0000] {subprocess.py:93} INFO - 25/12/07 15:17:13 INFO S3AInputStream: Switching to Random IO seek policy
[2025-12-07T15:17:13.646+0000] {subprocess.py:93} INFO - 25/12/07 15:17:13 INFO S3AInputStream: Switching to Random IO seek policy
[2025-12-07T15:17:13.687+0000] {subprocess.py:93} INFO - 25/12/07 15:17:13 INFO Executor: Finished task 0.0 in stage 4.0 (TID 4). 1800 bytes result sent to driver
[2025-12-07T15:17:13.689+0000] {subprocess.py:93} INFO - 25/12/07 15:17:13 INFO Executor: Finished task 1.0 in stage 4.0 (TID 5). 1800 bytes result sent to driver
[2025-12-07T15:17:13.694+0000] {subprocess.py:93} INFO - 25/12/07 15:17:13 INFO TaskSetManager: Finished task 0.0 in stage 4.0 (TID 4) in 1422 ms on 3db08845f297 (executor driver) (1/2)
[2025-12-07T15:17:13.696+0000] {subprocess.py:93} INFO - 25/12/07 15:17:13 INFO TaskSetManager: Finished task 1.0 in stage 4.0 (TID 5) in 1423 ms on 3db08845f297 (executor driver) (2/2)
[2025-12-07T15:17:13.697+0000] {subprocess.py:93} INFO - 25/12/07 15:17:13 INFO TaskSchedulerImpl: Removed TaskSet 4.0, whose tasks have all completed, from pool
[2025-12-07T15:17:13.698+0000] {subprocess.py:93} INFO - 25/12/07 15:17:13 INFO DAGScheduler: ResultStage 4 (jdbc at NativeMethodAccessorImpl.java:0) finished in 1.459 s
[2025-12-07T15:17:13.698+0000] {subprocess.py:93} INFO - 25/12/07 15:17:13 INFO DAGScheduler: Job 3 is finished. Cancelling potential speculative or zombie tasks for this job
[2025-12-07T15:17:13.699+0000] {subprocess.py:93} INFO - 25/12/07 15:17:13 INFO TaskSchedulerImpl: Killing all running tasks in stage 4: Stage finished
[2025-12-07T15:17:13.700+0000] {subprocess.py:93} INFO - 25/12/07 15:17:13 INFO DAGScheduler: Job 3 finished: jdbc at NativeMethodAccessorImpl.java:0, took 1.467415 s
[2025-12-07T15:17:13.732+0000] {subprocess.py:93} INFO - ✅ Successfully exported to PostgreSQL table: email_daily_summary
[2025-12-07T15:17:13.733+0000] {subprocess.py:93} INFO - 
[2025-12-07T15:17:13.735+0000] {subprocess.py:93} INFO - ============================================================
[2025-12-07T15:17:13.736+0000] {subprocess.py:93} INFO - 📊 EXPORT SUMMARY REPORT
[2025-12-07T15:17:13.736+0000] {subprocess.py:93} INFO - ============================================================
[2025-12-07T15:17:13.737+0000] {subprocess.py:93} INFO - Timestamp: 2025-12-07 15:17:13.732303
[2025-12-07T15:17:13.751+0000] {subprocess.py:93} INFO - 25/12/07 15:17:13 INFO FileSourceStrategy: Pushed Filters:
[2025-12-07T15:17:13.753+0000] {subprocess.py:93} INFO - 25/12/07 15:17:13 INFO FileSourceStrategy: Post-Scan Filters:
[2025-12-07T15:17:13.771+0000] {subprocess.py:93} INFO - 25/12/07 15:17:13 INFO MemoryStore: Block broadcast_6 stored as values in memory (estimated size 205.5 KiB, free 433.7 MiB)
[2025-12-07T15:17:13.779+0000] {subprocess.py:93} INFO - 25/12/07 15:17:13 INFO MemoryStore: Block broadcast_6_piece0 stored as bytes in memory (estimated size 36.1 KiB, free 433.6 MiB)
[2025-12-07T15:17:13.781+0000] {subprocess.py:93} INFO - 25/12/07 15:17:13 INFO BlockManagerInfo: Added broadcast_6_piece0 in memory on 3db08845f297:43077 (size: 36.1 KiB, free: 434.3 MiB)
[2025-12-07T15:17:13.782+0000] {subprocess.py:93} INFO - 25/12/07 15:17:13 INFO SparkContext: Created broadcast 6 from count at NativeMethodAccessorImpl.java:0
[2025-12-07T15:17:13.783+0000] {subprocess.py:93} INFO - 25/12/07 15:17:13 INFO FileSourceScanExec: Planning scan with bin packing, max size: 8393410 bytes, open cost is considered as scanning 4194304 bytes.
[2025-12-07T15:17:13.789+0000] {subprocess.py:93} INFO - 25/12/07 15:17:13 INFO DAGScheduler: Registering RDD 18 (count at NativeMethodAccessorImpl.java:0) as input to shuffle 1
[2025-12-07T15:17:13.790+0000] {subprocess.py:93} INFO - 25/12/07 15:17:13 INFO DAGScheduler: Got map stage job 4 (count at NativeMethodAccessorImpl.java:0) with 2 output partitions
[2025-12-07T15:17:13.791+0000] {subprocess.py:93} INFO - 25/12/07 15:17:13 INFO DAGScheduler: Final stage: ShuffleMapStage 5 (count at NativeMethodAccessorImpl.java:0)
[2025-12-07T15:17:13.792+0000] {subprocess.py:93} INFO - 25/12/07 15:17:13 INFO DAGScheduler: Parents of final stage: List()
[2025-12-07T15:17:13.793+0000] {subprocess.py:93} INFO - 25/12/07 15:17:13 INFO DAGScheduler: Missing parents: List()
[2025-12-07T15:17:13.794+0000] {subprocess.py:93} INFO - 25/12/07 15:17:13 INFO DAGScheduler: Submitting ShuffleMapStage 5 (MapPartitionsRDD[18] at count at NativeMethodAccessorImpl.java:0), which has no missing parents
[2025-12-07T15:17:13.794+0000] {subprocess.py:93} INFO - 25/12/07 15:17:13 INFO MemoryStore: Block broadcast_7 stored as values in memory (estimated size 16.8 KiB, free 433.6 MiB)
[2025-12-07T15:17:13.798+0000] {subprocess.py:93} INFO - 25/12/07 15:17:13 INFO MemoryStore: Block broadcast_7_piece0 stored as bytes in memory (estimated size 7.7 KiB, free 433.6 MiB)
[2025-12-07T15:17:13.799+0000] {subprocess.py:93} INFO - 25/12/07 15:17:13 INFO BlockManagerInfo: Added broadcast_7_piece0 in memory on 3db08845f297:43077 (size: 7.7 KiB, free: 434.3 MiB)
[2025-12-07T15:17:13.800+0000] {subprocess.py:93} INFO - 25/12/07 15:17:13 INFO SparkContext: Created broadcast 7 from broadcast at DAGScheduler.scala:1580
[2025-12-07T15:17:13.801+0000] {subprocess.py:93} INFO - 25/12/07 15:17:13 INFO DAGScheduler: Submitting 2 missing tasks from ShuffleMapStage 5 (MapPartitionsRDD[18] at count at NativeMethodAccessorImpl.java:0) (first 15 tasks are for partitions Vector(0, 1))
[2025-12-07T15:17:13.802+0000] {subprocess.py:93} INFO - 25/12/07 15:17:13 INFO TaskSchedulerImpl: Adding task set 5.0 with 2 tasks resource profile 0
[2025-12-07T15:17:13.803+0000] {subprocess.py:93} INFO - 25/12/07 15:17:13 INFO TaskSetManager: Starting task 0.0 in stage 5.0 (TID 6) (3db08845f297, executor driver, partition 0, PROCESS_LOCAL, 9463 bytes)
[2025-12-07T15:17:13.804+0000] {subprocess.py:93} INFO - 25/12/07 15:17:13 INFO TaskSetManager: Starting task 1.0 in stage 5.0 (TID 7) (3db08845f297, executor driver, partition 1, PROCESS_LOCAL, 9463 bytes)
[2025-12-07T15:17:13.804+0000] {subprocess.py:93} INFO - 25/12/07 15:17:13 INFO Executor: Running task 0.0 in stage 5.0 (TID 6)
[2025-12-07T15:17:13.806+0000] {subprocess.py:93} INFO - 25/12/07 15:17:13 INFO Executor: Running task 1.0 in stage 5.0 (TID 7)
[2025-12-07T15:17:13.811+0000] {subprocess.py:93} INFO - 25/12/07 15:17:13 INFO FileScanRDD: Reading File path: s3a://datalake/gold/daily_summary/part-00000-256bcf41-5037-42a4-b7fb-085f536dc06b-c000.snappy.parquet, range: 0-2401, partition values: [empty row]
[2025-12-07T15:17:13.813+0000] {subprocess.py:93} INFO - 25/12/07 15:17:13 INFO FileScanRDD: Reading File path: s3a://datalake/gold/daily_summary/part-00000-9af84648-87bb-45de-bdf4-948aa35c31ee-c000.snappy.parquet, range: 0-2401, partition values: [empty row]
[2025-12-07T15:17:13.826+0000] {subprocess.py:93} INFO - 25/12/07 15:17:13 INFO S3AInputStream: Switching to Random IO seek policy
[2025-12-07T15:17:13.827+0000] {subprocess.py:93} INFO - 25/12/07 15:17:13 INFO S3AInputStream: Switching to Random IO seek policy
[2025-12-07T15:17:13.845+0000] {subprocess.py:93} INFO - 25/12/07 15:17:13 INFO FileScanRDD: Reading File path: s3a://datalake/gold/daily_summary/part-00000-407f95c6-7ad7-4635-9bad-c1cdfaed0244-c000.snappy.parquet, range: 0-2401, partition values: [empty row]
[2025-12-07T15:17:13.847+0000] {subprocess.py:93} INFO - 25/12/07 15:17:13 INFO FileScanRDD: Reading File path: s3a://datalake/gold/daily_summary/part-00000-bf3a7951-d7ed-4aa8-87fe-f58fff658b97-c000.snappy.parquet, range: 0-2401, partition values: [empty row]
[2025-12-07T15:17:13.863+0000] {subprocess.py:93} INFO - 25/12/07 15:17:13 INFO S3AInputStream: Switching to Random IO seek policy
[2025-12-07T15:17:13.864+0000] {subprocess.py:93} INFO - 25/12/07 15:17:13 INFO S3AInputStream: Switching to Random IO seek policy
[2025-12-07T15:17:13.897+0000] {subprocess.py:93} INFO - 25/12/07 15:17:13 INFO Executor: Finished task 0.0 in stage 5.0 (TID 6). 2136 bytes result sent to driver
[2025-12-07T15:17:13.900+0000] {subprocess.py:93} INFO - 25/12/07 15:17:13 INFO TaskSetManager: Finished task 0.0 in stage 5.0 (TID 6) in 97 ms on 3db08845f297 (executor driver) (1/2)
[2025-12-07T15:17:13.908+0000] {subprocess.py:93} INFO - 25/12/07 15:17:13 INFO Executor: Finished task 1.0 in stage 5.0 (TID 7). 2136 bytes result sent to driver
[2025-12-07T15:17:13.910+0000] {subprocess.py:93} INFO - 25/12/07 15:17:13 INFO TaskSetManager: Finished task 1.0 in stage 5.0 (TID 7) in 106 ms on 3db08845f297 (executor driver) (2/2)
[2025-12-07T15:17:13.911+0000] {subprocess.py:93} INFO - 25/12/07 15:17:13 INFO TaskSchedulerImpl: Removed TaskSet 5.0, whose tasks have all completed, from pool
[2025-12-07T15:17:13.912+0000] {subprocess.py:93} INFO - 25/12/07 15:17:13 INFO DAGScheduler: ShuffleMapStage 5 (count at NativeMethodAccessorImpl.java:0) finished in 0.120 s
[2025-12-07T15:17:13.913+0000] {subprocess.py:93} INFO - 25/12/07 15:17:13 INFO DAGScheduler: looking for newly runnable stages
[2025-12-07T15:17:13.914+0000] {subprocess.py:93} INFO - 25/12/07 15:17:13 INFO DAGScheduler: running: Set()
[2025-12-07T15:17:13.915+0000] {subprocess.py:93} INFO - 25/12/07 15:17:13 INFO DAGScheduler: waiting: Set()
[2025-12-07T15:17:13.915+0000] {subprocess.py:93} INFO - 25/12/07 15:17:13 INFO DAGScheduler: failed: Set()
[2025-12-07T15:17:13.997+0000] {subprocess.py:93} INFO - 25/12/07 15:17:13 INFO SparkContext: Starting job: count at NativeMethodAccessorImpl.java:0
[2025-12-07T15:17:13.999+0000] {subprocess.py:93} INFO - 25/12/07 15:17:13 INFO DAGScheduler: Got job 5 (count at NativeMethodAccessorImpl.java:0) with 1 output partitions
[2025-12-07T15:17:14.000+0000] {subprocess.py:93} INFO - 25/12/07 15:17:13 INFO DAGScheduler: Final stage: ResultStage 7 (count at NativeMethodAccessorImpl.java:0)
[2025-12-07T15:17:14.003+0000] {subprocess.py:93} INFO - 25/12/07 15:17:13 INFO DAGScheduler: Parents of final stage: List(ShuffleMapStage 6)
[2025-12-07T15:17:14.004+0000] {subprocess.py:93} INFO - 25/12/07 15:17:14 INFO DAGScheduler: Missing parents: List()
[2025-12-07T15:17:14.005+0000] {subprocess.py:93} INFO - 25/12/07 15:17:14 INFO DAGScheduler: Submitting ResultStage 7 (MapPartitionsRDD[21] at count at NativeMethodAccessorImpl.java:0), which has no missing parents
[2025-12-07T15:17:14.005+0000] {subprocess.py:93} INFO - 25/12/07 15:17:14 INFO MemoryStore: Block broadcast_8 stored as values in memory (estimated size 12.5 KiB, free 433.6 MiB)
[2025-12-07T15:17:14.008+0000] {subprocess.py:93} INFO - 25/12/07 15:17:14 INFO MemoryStore: Block broadcast_8_piece0 stored as bytes in memory (estimated size 5.9 KiB, free 433.6 MiB)
[2025-12-07T15:17:14.010+0000] {subprocess.py:93} INFO - 25/12/07 15:17:14 INFO BlockManagerInfo: Added broadcast_8_piece0 in memory on 3db08845f297:43077 (size: 5.9 KiB, free: 434.3 MiB)
[2025-12-07T15:17:14.011+0000] {subprocess.py:93} INFO - 25/12/07 15:17:14 INFO SparkContext: Created broadcast 8 from broadcast at DAGScheduler.scala:1580
[2025-12-07T15:17:14.012+0000] {subprocess.py:93} INFO - 25/12/07 15:17:14 INFO DAGScheduler: Submitting 1 missing tasks from ResultStage 7 (MapPartitionsRDD[21] at count at NativeMethodAccessorImpl.java:0) (first 15 tasks are for partitions Vector(0))
[2025-12-07T15:17:14.012+0000] {subprocess.py:93} INFO - 25/12/07 15:17:14 INFO TaskSchedulerImpl: Adding task set 7.0 with 1 tasks resource profile 0
[2025-12-07T15:17:14.014+0000] {subprocess.py:93} INFO - 25/12/07 15:17:14 INFO TaskSetManager: Starting task 0.0 in stage 7.0 (TID 8) (3db08845f297, executor driver, partition 0, NODE_LOCAL, 8652 bytes)
[2025-12-07T15:17:14.016+0000] {subprocess.py:93} INFO - 25/12/07 15:17:14 INFO Executor: Running task 0.0 in stage 7.0 (TID 8)
[2025-12-07T15:17:14.022+0000] {subprocess.py:93} INFO - 25/12/07 15:17:14 INFO ShuffleBlockFetcherIterator: Getting 2 (120.0 B) non-empty blocks including 2 (120.0 B) local and 0 (0.0 B) host-local and 0 (0.0 B) push-merged-local and 0 (0.0 B) remote blocks
[2025-12-07T15:17:14.023+0000] {subprocess.py:93} INFO - 25/12/07 15:17:14 INFO ShuffleBlockFetcherIterator: Started 0 remote fetches in 1 ms
[2025-12-07T15:17:14.028+0000] {subprocess.py:93} INFO - 25/12/07 15:17:14 INFO Executor: Finished task 0.0 in stage 7.0 (TID 8). 3995 bytes result sent to driver
[2025-12-07T15:17:14.031+0000] {subprocess.py:93} INFO - 25/12/07 15:17:14 INFO TaskSetManager: Finished task 0.0 in stage 7.0 (TID 8) in 18 ms on 3db08845f297 (executor driver) (1/1)
[2025-12-07T15:17:14.032+0000] {subprocess.py:93} INFO - 25/12/07 15:17:14 INFO TaskSchedulerImpl: Removed TaskSet 7.0, whose tasks have all completed, from pool
[2025-12-07T15:17:14.033+0000] {subprocess.py:93} INFO - 25/12/07 15:17:14 INFO DAGScheduler: ResultStage 7 (count at NativeMethodAccessorImpl.java:0) finished in 0.030 s
[2025-12-07T15:17:14.033+0000] {subprocess.py:93} INFO - 25/12/07 15:17:14 INFO DAGScheduler: Job 5 is finished. Cancelling potential speculative or zombie tasks for this job
[2025-12-07T15:17:14.034+0000] {subprocess.py:93} INFO - 25/12/07 15:17:14 INFO TaskSchedulerImpl: Killing all running tasks in stage 7: Stage finished
[2025-12-07T15:17:14.035+0000] {subprocess.py:93} INFO - 25/12/07 15:17:14 INFO DAGScheduler: Job 5 finished: count at NativeMethodAccessorImpl.java:0, took 0.036603 s
[2025-12-07T15:17:14.037+0000] {subprocess.py:93} INFO - 
[2025-12-07T15:17:14.039+0000] {subprocess.py:93} INFO - 📈 Records exported: 4
[2025-12-07T15:17:14.040+0000] {subprocess.py:93} INFO - 
[2025-12-07T15:17:14.041+0000] {subprocess.py:93} INFO - 📄 Sample data:
[2025-12-07T15:17:14.129+0000] {subprocess.py:93} INFO - 25/12/07 15:17:14 INFO FileSourceStrategy: Pushed Filters:
[2025-12-07T15:17:14.132+0000] {subprocess.py:93} INFO - 25/12/07 15:17:14 INFO FileSourceStrategy: Post-Scan Filters:
[2025-12-07T15:17:14.282+0000] {subprocess.py:93} INFO - 25/12/07 15:17:14 INFO CodeGenerator: Code generated in 70.099626 ms
[2025-12-07T15:17:14.301+0000] {subprocess.py:93} INFO - 25/12/07 15:17:14 INFO MemoryStore: Block broadcast_9 stored as values in memory (estimated size 206.2 KiB, free 433.4 MiB)
[2025-12-07T15:17:14.352+0000] {subprocess.py:93} INFO - 25/12/07 15:17:14 INFO MemoryStore: Block broadcast_9_piece0 stored as bytes in memory (estimated size 36.4 KiB, free 433.4 MiB)
[2025-12-07T15:17:14.355+0000] {subprocess.py:93} INFO - 25/12/07 15:17:14 INFO BlockManagerInfo: Added broadcast_9_piece0 in memory on 3db08845f297:43077 (size: 36.4 KiB, free: 434.2 MiB)
[2025-12-07T15:17:14.358+0000] {subprocess.py:93} INFO - 25/12/07 15:17:14 INFO SparkContext: Created broadcast 9 from showString at NativeMethodAccessorImpl.java:0
[2025-12-07T15:17:14.364+0000] {subprocess.py:93} INFO - 25/12/07 15:17:14 INFO FileSourceScanExec: Planning scan with bin packing, max size: 8393410 bytes, open cost is considered as scanning 4194304 bytes.
[2025-12-07T15:17:14.367+0000] {subprocess.py:93} INFO - 25/12/07 15:17:14 INFO BlockManagerInfo: Removed broadcast_8_piece0 on 3db08845f297:43077 in memory (size: 5.9 KiB, free: 434.2 MiB)
[2025-12-07T15:17:14.388+0000] {subprocess.py:93} INFO - 25/12/07 15:17:14 INFO SparkContext: Starting job: showString at NativeMethodAccessorImpl.java:0
[2025-12-07T15:17:14.390+0000] {subprocess.py:93} INFO - 25/12/07 15:17:14 INFO DAGScheduler: Got job 6 (showString at NativeMethodAccessorImpl.java:0) with 1 output partitions
[2025-12-07T15:17:14.391+0000] {subprocess.py:93} INFO - 25/12/07 15:17:14 INFO DAGScheduler: Final stage: ResultStage 8 (showString at NativeMethodAccessorImpl.java:0)
[2025-12-07T15:17:14.393+0000] {subprocess.py:93} INFO - 25/12/07 15:17:14 INFO DAGScheduler: Parents of final stage: List()
[2025-12-07T15:17:14.394+0000] {subprocess.py:93} INFO - 25/12/07 15:17:14 INFO DAGScheduler: Missing parents: List()
[2025-12-07T15:17:14.396+0000] {subprocess.py:93} INFO - 25/12/07 15:17:14 INFO DAGScheduler: Submitting ResultStage 8 (MapPartitionsRDD[25] at showString at NativeMethodAccessorImpl.java:0), which has no missing parents
[2025-12-07T15:17:14.397+0000] {subprocess.py:93} INFO - 25/12/07 15:17:14 INFO BlockManagerInfo: Removed broadcast_7_piece0 on 3db08845f297:43077 in memory (size: 7.7 KiB, free: 434.2 MiB)
[2025-12-07T15:17:14.398+0000] {subprocess.py:93} INFO - 25/12/07 15:17:14 INFO MemoryStore: Block broadcast_10 stored as values in memory (estimated size 17.7 KiB, free 433.4 MiB)
[2025-12-07T15:17:14.399+0000] {subprocess.py:93} INFO - 25/12/07 15:17:14 INFO MemoryStore: Block broadcast_10_piece0 stored as bytes in memory (estimated size 7.2 KiB, free 433.4 MiB)
[2025-12-07T15:17:14.400+0000] {subprocess.py:93} INFO - 25/12/07 15:17:14 INFO BlockManagerInfo: Added broadcast_10_piece0 in memory on 3db08845f297:43077 (size: 7.2 KiB, free: 434.2 MiB)
[2025-12-07T15:17:14.402+0000] {subprocess.py:93} INFO - 25/12/07 15:17:14 INFO SparkContext: Created broadcast 10 from broadcast at DAGScheduler.scala:1580
[2025-12-07T15:17:14.404+0000] {subprocess.py:93} INFO - 25/12/07 15:17:14 INFO DAGScheduler: Submitting 1 missing tasks from ResultStage 8 (MapPartitionsRDD[25] at showString at NativeMethodAccessorImpl.java:0) (first 15 tasks are for partitions Vector(0))
[2025-12-07T15:17:14.405+0000] {subprocess.py:93} INFO - 25/12/07 15:17:14 INFO TaskSchedulerImpl: Adding task set 8.0 with 1 tasks resource profile 0
[2025-12-07T15:17:14.406+0000] {subprocess.py:93} INFO - 25/12/07 15:17:14 INFO BlockManagerInfo: Removed broadcast_6_piece0 on 3db08845f297:43077 in memory (size: 36.1 KiB, free: 434.3 MiB)
[2025-12-07T15:17:14.407+0000] {subprocess.py:93} INFO - 25/12/07 15:17:14 INFO TaskSetManager: Starting task 0.0 in stage 8.0 (TID 9) (3db08845f297, executor driver, partition 0, PROCESS_LOCAL, 9474 bytes)
[2025-12-07T15:17:14.408+0000] {subprocess.py:93} INFO - 25/12/07 15:17:14 INFO Executor: Running task 0.0 in stage 8.0 (TID 9)
[2025-12-07T15:17:14.424+0000] {subprocess.py:93} INFO - 25/12/07 15:17:14 INFO CodeGenerator: Code generated in 12.494033 ms
[2025-12-07T15:17:14.427+0000] {subprocess.py:93} INFO - 25/12/07 15:17:14 INFO BlockManagerInfo: Removed broadcast_5_piece0 on 3db08845f297:43077 in memory (size: 16.0 KiB, free: 434.3 MiB)
[2025-12-07T15:17:14.428+0000] {subprocess.py:93} INFO - 25/12/07 15:17:14 INFO FileScanRDD: Reading File path: s3a://datalake/gold/daily_summary/part-00000-256bcf41-5037-42a4-b7fb-085f536dc06b-c000.snappy.parquet, range: 0-2401, partition values: [empty row]
[2025-12-07T15:17:14.450+0000] {subprocess.py:93} INFO - 25/12/07 15:17:14 INFO S3AInputStream: Switching to Random IO seek policy
[2025-12-07T15:17:14.491+0000] {subprocess.py:93} INFO - 25/12/07 15:17:14 INFO FileScanRDD: Reading File path: s3a://datalake/gold/daily_summary/part-00000-407f95c6-7ad7-4635-9bad-c1cdfaed0244-c000.snappy.parquet, range: 0-2401, partition values: [empty row]
[2025-12-07T15:17:14.514+0000] {subprocess.py:93} INFO - 25/12/07 15:17:14 INFO S3AInputStream: Switching to Random IO seek policy
[2025-12-07T15:17:14.544+0000] {subprocess.py:93} INFO - 25/12/07 15:17:14 INFO Executor: Finished task 0.0 in stage 8.0 (TID 9). 1926 bytes result sent to driver
[2025-12-07T15:17:14.547+0000] {subprocess.py:93} INFO - 25/12/07 15:17:14 INFO TaskSetManager: Finished task 0.0 in stage 8.0 (TID 9) in 141 ms on 3db08845f297 (executor driver) (1/1)
[2025-12-07T15:17:14.549+0000] {subprocess.py:93} INFO - 25/12/07 15:17:14 INFO TaskSchedulerImpl: Removed TaskSet 8.0, whose tasks have all completed, from pool
[2025-12-07T15:17:14.551+0000] {subprocess.py:93} INFO - 25/12/07 15:17:14 INFO DAGScheduler: ResultStage 8 (showString at NativeMethodAccessorImpl.java:0) finished in 0.156 s
[2025-12-07T15:17:14.552+0000] {subprocess.py:93} INFO - 25/12/07 15:17:14 INFO DAGScheduler: Job 6 is finished. Cancelling potential speculative or zombie tasks for this job
[2025-12-07T15:17:14.553+0000] {subprocess.py:93} INFO - 25/12/07 15:17:14 INFO TaskSchedulerImpl: Killing all running tasks in stage 8: Stage finished
[2025-12-07T15:17:14.553+0000] {subprocess.py:93} INFO - 25/12/07 15:17:14 INFO DAGScheduler: Job 6 finished: showString at NativeMethodAccessorImpl.java:0, took 0.160875 s
[2025-12-07T15:17:14.558+0000] {subprocess.py:93} INFO - 25/12/07 15:17:14 INFO SparkContext: Starting job: showString at NativeMethodAccessorImpl.java:0
[2025-12-07T15:17:14.560+0000] {subprocess.py:93} INFO - 25/12/07 15:17:14 INFO DAGScheduler: Got job 7 (showString at NativeMethodAccessorImpl.java:0) with 1 output partitions
[2025-12-07T15:17:14.562+0000] {subprocess.py:93} INFO - 25/12/07 15:17:14 INFO DAGScheduler: Final stage: ResultStage 9 (showString at NativeMethodAccessorImpl.java:0)
[2025-12-07T15:17:14.563+0000] {subprocess.py:93} INFO - 25/12/07 15:17:14 INFO DAGScheduler: Parents of final stage: List()
[2025-12-07T15:17:14.564+0000] {subprocess.py:93} INFO - 25/12/07 15:17:14 INFO DAGScheduler: Missing parents: List()
[2025-12-07T15:17:14.565+0000] {subprocess.py:93} INFO - 25/12/07 15:17:14 INFO DAGScheduler: Submitting ResultStage 9 (MapPartitionsRDD[25] at showString at NativeMethodAccessorImpl.java:0), which has no missing parents
[2025-12-07T15:17:14.565+0000] {subprocess.py:93} INFO - 25/12/07 15:17:14 INFO MemoryStore: Block broadcast_11 stored as values in memory (estimated size 17.7 KiB, free 433.6 MiB)
[2025-12-07T15:17:14.566+0000] {subprocess.py:93} INFO - 25/12/07 15:17:14 INFO MemoryStore: Block broadcast_11_piece0 stored as bytes in memory (estimated size 7.3 KiB, free 433.6 MiB)
[2025-12-07T15:17:14.567+0000] {subprocess.py:93} INFO - 25/12/07 15:17:14 INFO BlockManagerInfo: Added broadcast_11_piece0 in memory on 3db08845f297:43077 (size: 7.3 KiB, free: 434.3 MiB)
[2025-12-07T15:17:14.568+0000] {subprocess.py:93} INFO - 25/12/07 15:17:14 INFO SparkContext: Created broadcast 11 from broadcast at DAGScheduler.scala:1580
[2025-12-07T15:17:14.568+0000] {subprocess.py:93} INFO - 25/12/07 15:17:14 INFO DAGScheduler: Submitting 1 missing tasks from ResultStage 9 (MapPartitionsRDD[25] at showString at NativeMethodAccessorImpl.java:0) (first 15 tasks are for partitions Vector(1))
[2025-12-07T15:17:14.569+0000] {subprocess.py:93} INFO - 25/12/07 15:17:14 INFO TaskSchedulerImpl: Adding task set 9.0 with 1 tasks resource profile 0
[2025-12-07T15:17:14.573+0000] {subprocess.py:93} INFO - 25/12/07 15:17:14 INFO TaskSetManager: Starting task 0.0 in stage 9.0 (TID 10) (3db08845f297, executor driver, partition 1, PROCESS_LOCAL, 9474 bytes)
[2025-12-07T15:17:14.574+0000] {subprocess.py:93} INFO - 25/12/07 15:17:14 INFO Executor: Running task 0.0 in stage 9.0 (TID 10)
[2025-12-07T15:17:14.580+0000] {subprocess.py:93} INFO - 25/12/07 15:17:14 INFO FileScanRDD: Reading File path: s3a://datalake/gold/daily_summary/part-00000-9af84648-87bb-45de-bdf4-948aa35c31ee-c000.snappy.parquet, range: 0-2401, partition values: [empty row]
[2025-12-07T15:17:14.593+0000] {subprocess.py:93} INFO - 25/12/07 15:17:14 INFO S3AInputStream: Switching to Random IO seek policy
[2025-12-07T15:17:14.618+0000] {subprocess.py:93} INFO - 25/12/07 15:17:14 INFO FileScanRDD: Reading File path: s3a://datalake/gold/daily_summary/part-00000-bf3a7951-d7ed-4aa8-87fe-f58fff658b97-c000.snappy.parquet, range: 0-2401, partition values: [empty row]
[2025-12-07T15:17:14.632+0000] {subprocess.py:93} INFO - 25/12/07 15:17:14 INFO S3AInputStream: Switching to Random IO seek policy
[2025-12-07T15:17:14.654+0000] {subprocess.py:93} INFO - 25/12/07 15:17:14 INFO Executor: Finished task 0.0 in stage 9.0 (TID 10). 1926 bytes result sent to driver
[2025-12-07T15:17:14.655+0000] {subprocess.py:93} INFO - 25/12/07 15:17:14 INFO TaskSetManager: Finished task 0.0 in stage 9.0 (TID 10) in 85 ms on 3db08845f297 (executor driver) (1/1)
[2025-12-07T15:17:14.656+0000] {subprocess.py:93} INFO - 25/12/07 15:17:14 INFO TaskSchedulerImpl: Removed TaskSet 9.0, whose tasks have all completed, from pool
[2025-12-07T15:17:14.657+0000] {subprocess.py:93} INFO - 25/12/07 15:17:14 INFO DAGScheduler: ResultStage 9 (showString at NativeMethodAccessorImpl.java:0) finished in 0.095 s
[2025-12-07T15:17:14.658+0000] {subprocess.py:93} INFO - 25/12/07 15:17:14 INFO DAGScheduler: Job 7 is finished. Cancelling potential speculative or zombie tasks for this job
[2025-12-07T15:17:14.659+0000] {subprocess.py:93} INFO - 25/12/07 15:17:14 INFO TaskSchedulerImpl: Killing all running tasks in stage 9: Stage finished
[2025-12-07T15:17:14.659+0000] {subprocess.py:93} INFO - 25/12/07 15:17:14 INFO DAGScheduler: Job 7 finished: showString at NativeMethodAccessorImpl.java:0, took 0.099363 s
[2025-12-07T15:17:14.671+0000] {subprocess.py:93} INFO - 25/12/07 15:17:14 INFO CodeGenerator: Code generated in 7.094541 ms
[2025-12-07T15:17:14.677+0000] {subprocess.py:93} INFO - +----------+------------+------------------------------------------------------------------------------------------------------------------------------------------------------------+------------+------------------+
[2025-12-07T15:17:14.679+0000] {subprocess.py:93} INFO - |date      |total_emails|domain_counts                                                                                                                                               |busiest_hour|busiest_hour_count|
[2025-12-07T15:17:14.680+0000] {subprocess.py:93} INFO - +----------+------------+------------------------------------------------------------------------------------------------------------------------------------------------------------+------------+------------------+
[2025-12-07T15:17:14.681+0000] {subprocess.py:93} INFO - |2025-12-07|70          |linkedin.com>:17|indeed.com>:15|etu.uae.ac.ma>:12|commerce.temuemail.com>:12|datascientist.fr>:7|gmail.com>:5|mail.grammarly.com>:1|inspire.pinterest.com>:1|8           |17                |
[2025-12-07T15:17:14.681+0000] {subprocess.py:93} INFO - |2025-12-07|70          |linkedin.com>:17|indeed.com>:15|etu.uae.ac.ma>:12|commerce.temuemail.com>:12|datascientist.fr>:7|gmail.com>:5|mail.grammarly.com>:1|inspire.pinterest.com>:1|8           |17                |
[2025-12-07T15:17:14.682+0000] {subprocess.py:93} INFO - |2025-12-07|70          |linkedin.com>:17|indeed.com>:15|etu.uae.ac.ma>:12|commerce.temuemail.com>:12|datascientist.fr>:7|gmail.com>:5|mail.grammarly.com>:1|inspire.pinterest.com>:1|8           |17                |
[2025-12-07T15:17:14.682+0000] {subprocess.py:93} INFO - |2025-12-07|70          |linkedin.com>:17|indeed.com>:15|etu.uae.ac.ma>:12|commerce.temuemail.com>:12|datascientist.fr>:7|gmail.com>:5|mail.grammarly.com>:1|inspire.pinterest.com>:1|8           |17                |
[2025-12-07T15:17:14.683+0000] {subprocess.py:93} INFO - +----------+------------+------------------------------------------------------------------------------------------------------------------------------------------------------------+------------+------------------+
[2025-12-07T15:17:14.683+0000] {subprocess.py:93} INFO - 
[2025-12-07T15:17:14.684+0000] {subprocess.py:93} INFO - ============================================================
[2025-12-07T15:17:14.684+0000] {subprocess.py:93} INFO - 
[2025-12-07T15:17:14.685+0000] {subprocess.py:93} INFO - ✅ EXPORT COMPLETED SUCCESSFULLY
[2025-12-07T15:17:14.685+0000] {subprocess.py:93} INFO - 25/12/07 15:17:14 INFO SparkContext: SparkContext is stopping with exitCode 0.
[2025-12-07T15:17:14.696+0000] {subprocess.py:93} INFO - 25/12/07 15:17:14 INFO SparkUI: Stopped Spark web UI at http://3db08845f297:4040
[2025-12-07T15:17:14.709+0000] {subprocess.py:93} INFO - 25/12/07 15:17:14 INFO MapOutputTrackerMasterEndpoint: MapOutputTrackerMasterEndpoint stopped!
[2025-12-07T15:17:14.725+0000] {subprocess.py:93} INFO - 25/12/07 15:17:14 INFO MemoryStore: MemoryStore cleared
[2025-12-07T15:17:14.727+0000] {subprocess.py:93} INFO - 25/12/07 15:17:14 INFO BlockManager: BlockManager stopped
[2025-12-07T15:17:14.731+0000] {subprocess.py:93} INFO - 25/12/07 15:17:14 INFO BlockManagerMaster: BlockManagerMaster stopped
[2025-12-07T15:17:14.733+0000] {subprocess.py:93} INFO - 25/12/07 15:17:14 INFO OutputCommitCoordinator$OutputCommitCoordinatorEndpoint: OutputCommitCoordinator stopped!
[2025-12-07T15:17:14.742+0000] {subprocess.py:93} INFO - 25/12/07 15:17:14 INFO SparkContext: Successfully stopped SparkContext
[2025-12-07T15:17:15.033+0000] {subprocess.py:93} INFO - 25/12/07 15:17:15 INFO ShutdownHookManager: Shutdown hook called
[2025-12-07T15:17:15.034+0000] {subprocess.py:93} INFO - 25/12/07 15:17:15 INFO ShutdownHookManager: Deleting directory /tmp/spark-2eea19c1-6ba5-4afa-a7f8-48dcfc01e1ad
[2025-12-07T15:17:15.042+0000] {subprocess.py:93} INFO - 25/12/07 15:17:15 INFO ShutdownHookManager: Deleting directory /tmp/spark-67498c64-8d90-4b56-bbe3-ab2bf7a40cc6/pyspark-91e6476a-8ec7-41b5-846f-e74cba54cadc
[2025-12-07T15:17:15.048+0000] {subprocess.py:93} INFO - 25/12/07 15:17:15 INFO ShutdownHookManager: Deleting directory /tmp/spark-67498c64-8d90-4b56-bbe3-ab2bf7a40cc6
[2025-12-07T15:17:15.057+0000] {subprocess.py:93} INFO - 25/12/07 15:17:15 INFO MetricsSystemImpl: Stopping s3a-file-system metrics system...
[2025-12-07T15:17:15.058+0000] {subprocess.py:93} INFO - 25/12/07 15:17:15 INFO MetricsSystemImpl: s3a-file-system metrics system stopped.
[2025-12-07T15:17:15.059+0000] {subprocess.py:93} INFO - 25/12/07 15:17:15 INFO MetricsSystemImpl: s3a-file-system metrics system shutdown complete.
[2025-12-07T15:17:15.134+0000] {subprocess.py:97} INFO - Command exited with return code 0
[2025-12-07T15:17:15.174+0000] {taskinstance.py:1138} INFO - Marking task as SUCCESS. dag_id=email_intelligence_pipeline, task_id=export_to_postgres, execution_date=20251207T151543, start_date=20251207T151700, end_date=20251207T151715
[2025-12-07T15:17:15.218+0000] {local_task_job_runner.py:234} INFO - Task exited with return code 0
[2025-12-07T15:17:15.250+0000] {taskinstance.py:3280} INFO - 0 downstream tasks scheduled from follow-on schedule check
