[2025-12-10T13:42:53.070+0000] {taskinstance.py:1956} INFO - Dependencies all met for dep_context=non-requeueable deps ti=<TaskInstance: email_intelligence_pipeline.gmail_extraction manual__2025-12-10T13:42:51.035910+00:00 [queued]>
[2025-12-10T13:42:53.085+0000] {taskinstance.py:1956} INFO - Dependencies all met for dep_context=requeueable deps ti=<TaskInstance: email_intelligence_pipeline.gmail_extraction manual__2025-12-10T13:42:51.035910+00:00 [queued]>
[2025-12-10T13:42:53.086+0000] {taskinstance.py:2170} INFO - Starting attempt 1 of 1
[2025-12-10T13:42:53.105+0000] {taskinstance.py:2191} INFO - Executing <Task(BashOperator): gmail_extraction> on 2025-12-10 13:42:51.035910+00:00
[2025-12-10T13:42:53.125+0000] {standard_task_runner.py:60} INFO - Started process 199 to run task
[2025-12-10T13:42:53.150+0000] {standard_task_runner.py:87} INFO - Running: ['***', 'tasks', 'run', 'email_intelligence_pipeline', 'gmail_extraction', 'manual__2025-12-10T13:42:51.035910+00:00', '--job-id', '4', '--raw', '--subdir', 'DAGS_FOLDER/email_pipeline_dag.py', '--cfg-path', '/tmp/tmpxyd7qpcp']
[2025-12-10T13:42:53.158+0000] {standard_task_runner.py:88} INFO - Job 4: Subtask gmail_extraction
[2025-12-10T13:42:53.337+0000] {task_command.py:423} INFO - Running <TaskInstance: email_intelligence_pipeline.gmail_extraction manual__2025-12-10T13:42:51.035910+00:00 [running]> on host d7e466cb886a
[2025-12-10T13:42:53.518+0000] {taskinstance.py:2480} INFO - Exporting env vars: AIRFLOW_CTX_DAG_OWNER='data_team' AIRFLOW_CTX_DAG_ID='email_intelligence_pipeline' AIRFLOW_CTX_TASK_ID='gmail_extraction' AIRFLOW_CTX_EXECUTION_DATE='2025-12-10T13:42:51.035910+00:00' AIRFLOW_CTX_TRY_NUMBER='1' AIRFLOW_CTX_DAG_RUN_ID='manual__2025-12-10T13:42:51.035910+00:00'
[2025-12-10T13:42:53.520+0000] {subprocess.py:63} INFO - Tmp dir root location: /tmp
[2025-12-10T13:42:53.522+0000] {subprocess.py:75} INFO - Running command: ['/usr/bin/bash', '-c', 'python /opt/***/kafka/Producer/email_producer.py']
[2025-12-10T13:42:53.537+0000] {subprocess.py:86} INFO - Output:
[2025-12-10T13:42:55.532+0000] {subprocess.py:93} INFO - 2025-12-10 13:42:55,532 - __main__ - INFO - 🚀 Starting Producer + Consumer...
[2025-12-10T13:42:55.533+0000] {subprocess.py:93} INFO - 2025-12-10 13:42:55,532 - __main__ - INFO - 🔐 Authenticating with Gmail API...
[2025-12-10T13:42:55.538+0000] {subprocess.py:93} INFO - 2025-12-10 13:42:55,533 - __main__ - ERROR - ❌ Error: [Errno 21] Is a directory: '/opt/***/token.json'
[2025-12-10T13:42:55.538+0000] {subprocess.py:93} INFO - Traceback (most recent call last):
[2025-12-10T13:42:55.539+0000] {subprocess.py:93} INFO -   File "/opt/***/kafka/Producer/email_producer.py", line 231, in main
[2025-12-10T13:42:55.540+0000] {subprocess.py:93} INFO -     service = authenticate_gmail()
[2025-12-10T13:42:55.540+0000] {subprocess.py:93} INFO -   File "/opt/***/kafka/Producer/email_producer.py", line 47, in authenticate_gmail
[2025-12-10T13:42:55.541+0000] {subprocess.py:93} INFO -     creds = Credentials.from_authorized_user_file(TOKEN_FILE, SCOPES)
[2025-12-10T13:42:55.541+0000] {subprocess.py:93} INFO -   File "/home/***/.local/lib/python3.8/site-packages/google/oauth2/credentials.py", line 495, in from_authorized_user_file
[2025-12-10T13:42:55.542+0000] {subprocess.py:93} INFO -     with io.open(filename, "r", encoding="utf-8") as json_file:
[2025-12-10T13:42:55.542+0000] {subprocess.py:93} INFO - IsADirectoryError: [Errno 21] Is a directory: '/opt/***/token.json'
[2025-12-10T13:42:55.545+0000] {subprocess.py:93} INFO - Traceback (most recent call last):
[2025-12-10T13:42:55.545+0000] {subprocess.py:93} INFO -   File "/opt/***/kafka/Producer/email_producer.py", line 273, in <module>
[2025-12-10T13:42:55.546+0000] {subprocess.py:93} INFO -     main()
[2025-12-10T13:42:55.546+0000] {subprocess.py:93} INFO -   File "/opt/***/kafka/Producer/email_producer.py", line 231, in main
[2025-12-10T13:42:55.547+0000] {subprocess.py:93} INFO -     service = authenticate_gmail()
[2025-12-10T13:42:55.547+0000] {subprocess.py:93} INFO -   File "/opt/***/kafka/Producer/email_producer.py", line 47, in authenticate_gmail
[2025-12-10T13:42:55.548+0000] {subprocess.py:93} INFO -     creds = Credentials.from_authorized_user_file(TOKEN_FILE, SCOPES)
[2025-12-10T13:42:55.548+0000] {subprocess.py:93} INFO -   File "/home/***/.local/lib/python3.8/site-packages/google/oauth2/credentials.py", line 495, in from_authorized_user_file
[2025-12-10T13:42:55.549+0000] {subprocess.py:93} INFO -     with io.open(filename, "r", encoding="utf-8") as json_file:
[2025-12-10T13:42:55.549+0000] {subprocess.py:93} INFO - IsADirectoryError: [Errno 21] Is a directory: '/opt/***/token.json'
[2025-12-10T13:42:55.640+0000] {subprocess.py:97} INFO - Command exited with return code 1
[2025-12-10T13:42:55.654+0000] {taskinstance.py:2698} ERROR - Task failed with exception
Traceback (most recent call last):
  File "/home/airflow/.local/lib/python3.8/site-packages/airflow/models/taskinstance.py", line 428, in _execute_task
    result = execute_callable(context=context, **execute_callable_kwargs)
  File "/home/airflow/.local/lib/python3.8/site-packages/airflow/operators/bash.py", line 212, in execute
    raise AirflowException(
airflow.exceptions.AirflowException: Bash command failed. The command returned a non-zero exit code 1.
[2025-12-10T13:42:55.659+0000] {taskinstance.py:1138} INFO - Marking task as FAILED. dag_id=email_intelligence_pipeline, task_id=gmail_extraction, execution_date=20251210T134251, start_date=20251210T134253, end_date=20251210T134255
[2025-12-10T13:42:55.680+0000] {standard_task_runner.py:107} ERROR - Failed to execute job 4 for task gmail_extraction (Bash command failed. The command returned a non-zero exit code 1.; 199)
[2025-12-10T13:42:55.697+0000] {local_task_job_runner.py:234} INFO - Task exited with return code 1
[2025-12-10T13:42:55.731+0000] {taskinstance.py:3280} INFO - 1 downstream tasks scheduled from follow-on schedule check
