[2025-12-05T14:38:39.238+0000] {taskinstance.py:1956} INFO - Dependencies all met for dep_context=non-requeueable deps ti=<TaskInstance: email_pipeline_dag.kafka_producer manual__2025-12-05T14:38:37.436604+00:00 [queued]>
[2025-12-05T14:38:39.255+0000] {taskinstance.py:1956} INFO - Dependencies all met for dep_context=requeueable deps ti=<TaskInstance: email_pipeline_dag.kafka_producer manual__2025-12-05T14:38:37.436604+00:00 [queued]>
[2025-12-05T14:38:39.256+0000] {taskinstance.py:2170} INFO - Starting attempt 1 of 1
[2025-12-05T14:38:39.279+0000] {taskinstance.py:2191} INFO - Executing <Task(BashOperator): kafka_producer> on 2025-12-05 14:38:37.436604+00:00
[2025-12-05T14:38:39.294+0000] {standard_task_runner.py:60} INFO - Started process 204 to run task
[2025-12-05T14:38:39.301+0000] {standard_task_runner.py:87} INFO - Running: ['***', 'tasks', 'run', 'email_pipeline_dag', 'kafka_producer', 'manual__2025-12-05T14:38:37.436604+00:00', '--job-id', '100', '--raw', '--subdir', 'DAGS_FOLDER/email_pipeline_dag.py', '--cfg-path', '/tmp/tmphxbuqrel']
[2025-12-05T14:38:39.305+0000] {standard_task_runner.py:88} INFO - Job 100: Subtask kafka_producer
[2025-12-05T14:38:39.585+0000] {task_command.py:423} INFO - Running <TaskInstance: email_pipeline_dag.kafka_producer manual__2025-12-05T14:38:37.436604+00:00 [running]> on host 8f96d9e72a9f
[2025-12-05T14:38:39.774+0000] {taskinstance.py:2480} INFO - Exporting env vars: AIRFLOW_CTX_DAG_OWNER='***' AIRFLOW_CTX_DAG_ID='email_pipeline_dag' AIRFLOW_CTX_TASK_ID='kafka_producer' AIRFLOW_CTX_EXECUTION_DATE='2025-12-05T14:38:37.436604+00:00' AIRFLOW_CTX_TRY_NUMBER='1' AIRFLOW_CTX_DAG_RUN_ID='manual__2025-12-05T14:38:37.436604+00:00'
[2025-12-05T14:38:39.776+0000] {subprocess.py:63} INFO - Tmp dir root location: /tmp
[2025-12-05T14:38:39.778+0000] {subprocess.py:75} INFO - Running command: ['/usr/bin/bash', '-c', 'python /opt/***/kafka/Producer/email_producer.py']
[2025-12-05T14:38:39.787+0000] {subprocess.py:86} INFO - Output:
[2025-12-05T14:38:41.366+0000] {subprocess.py:93} INFO - 2025-12-05 14:38:41,365 - __main__ - INFO - 🚀 Starting Producer + Consumer...
[2025-12-05T14:38:41.367+0000] {subprocess.py:93} INFO - 2025-12-05 14:38:41,366 - __main__ - INFO - 🔐 Authenticating with Gmail API...
[2025-12-05T14:38:41.405+0000] {subprocess.py:93} INFO - 2025-12-05 14:38:41,405 - googleapiclient.discovery_cache - INFO - file_cache is only supported with oauth2client<4.0.0
[2025-12-05T14:38:41.411+0000] {subprocess.py:93} INFO - 2025-12-05 14:38:41,411 - __main__ - INFO - 📨 Connecting to Kafka...
[2025-12-05T14:38:45.205+0000] {subprocess.py:93} INFO - 2025-12-05 14:38:45,205 - kafka.conn - WARNING - DNS lookup failed for kafka:29092, exception was [Errno -2] Name or service not known. Is your advertised.listeners (called advertised.host.name before Kafka 9) correct and resolvable?
[2025-12-05T14:38:45.207+0000] {subprocess.py:93} INFO - 2025-12-05 14:38:45,205 - kafka.conn - ERROR - <BrokerConnection client_id=kafka-python-producer-1, node_id=bootstrap-0 host=kafka:29092 <connecting> [unspecified None]>: DNS lookup failed for kafka:29092 (AddressFamily.AF_UNSPEC)
[2025-12-05T14:38:45.209+0000] {subprocess.py:93} INFO - 2025-12-05 14:38:45,205 - kafka.conn - ERROR - <BrokerConnection client_id=kafka-python-producer-1, node_id=bootstrap-0 host=kafka:29092 <connecting> [unspecified None]>: Closing connection. KafkaConnectionError: DNS failure
[2025-12-05T14:38:45.233+0000] {subprocess.py:93} INFO - 2025-12-05 14:38:45,206 - __main__ - ERROR - ❌ Error: NoBrokersAvailable
[2025-12-05T14:38:45.234+0000] {subprocess.py:93} INFO - Traceback (most recent call last):
[2025-12-05T14:38:45.235+0000] {subprocess.py:93} INFO -   File "/opt/***/kafka/Producer/email_producer.py", line 235, in main
[2025-12-05T14:38:45.236+0000] {subprocess.py:93} INFO -     producer = KafkaProducer(
[2025-12-05T14:38:45.237+0000] {subprocess.py:93} INFO -   File "/home/***/.local/lib/python3.8/site-packages/kafka/producer/kafka.py", line 485, in __init__
[2025-12-05T14:38:45.239+0000] {subprocess.py:93} INFO -     client = self.config['kafka_client'](
[2025-12-05T14:38:45.240+0000] {subprocess.py:93} INFO -   File "/home/***/.local/lib/python3.8/site-packages/kafka/client_async.py", line 262, in __init__
[2025-12-05T14:38:45.241+0000] {subprocess.py:93} INFO -     self.config['api_version'] = self.check_version()
[2025-12-05T14:38:45.243+0000] {subprocess.py:93} INFO -   File "/home/***/.local/lib/python3.8/site-packages/kafka/client_async.py", line 1076, in check_version
[2025-12-05T14:38:45.244+0000] {subprocess.py:93} INFO -     raise Errors.NoBrokersAvailable()
[2025-12-05T14:38:45.245+0000] {subprocess.py:93} INFO - kafka.errors.NoBrokersAvailable: NoBrokersAvailable
[2025-12-05T14:38:45.255+0000] {subprocess.py:93} INFO - Traceback (most recent call last):
[2025-12-05T14:38:45.256+0000] {subprocess.py:93} INFO -   File "/opt/***/kafka/Producer/email_producer.py", line 273, in <module>
[2025-12-05T14:38:45.258+0000] {subprocess.py:93} INFO -     main()
[2025-12-05T14:38:45.260+0000] {subprocess.py:93} INFO -   File "/opt/***/kafka/Producer/email_producer.py", line 235, in main
[2025-12-05T14:38:45.261+0000] {subprocess.py:93} INFO -     producer = KafkaProducer(
[2025-12-05T14:38:45.263+0000] {subprocess.py:93} INFO -   File "/home/***/.local/lib/python3.8/site-packages/kafka/producer/kafka.py", line 485, in __init__
[2025-12-05T14:38:45.264+0000] {subprocess.py:93} INFO -     client = self.config['kafka_client'](
[2025-12-05T14:38:45.265+0000] {subprocess.py:93} INFO -   File "/home/***/.local/lib/python3.8/site-packages/kafka/client_async.py", line 262, in __init__
[2025-12-05T14:38:45.266+0000] {subprocess.py:93} INFO -     self.config['api_version'] = self.check_version()
[2025-12-05T14:38:45.267+0000] {subprocess.py:93} INFO -   File "/home/***/.local/lib/python3.8/site-packages/kafka/client_async.py", line 1076, in check_version
[2025-12-05T14:38:45.268+0000] {subprocess.py:93} INFO -     raise Errors.NoBrokersAvailable()
[2025-12-05T14:38:45.270+0000] {subprocess.py:93} INFO - kafka.errors.NoBrokersAvailable: NoBrokersAvailable
[2025-12-05T14:38:45.366+0000] {subprocess.py:97} INFO - Command exited with return code 1
[2025-12-05T14:38:45.385+0000] {taskinstance.py:2698} ERROR - Task failed with exception
Traceback (most recent call last):
  File "/home/airflow/.local/lib/python3.8/site-packages/airflow/models/taskinstance.py", line 428, in _execute_task
    result = execute_callable(context=context, **execute_callable_kwargs)
  File "/home/airflow/.local/lib/python3.8/site-packages/airflow/operators/bash.py", line 212, in execute
    raise AirflowException(
airflow.exceptions.AirflowException: Bash command failed. The command returned a non-zero exit code 1.
[2025-12-05T14:38:45.390+0000] {taskinstance.py:1138} INFO - Marking task as FAILED. dag_id=email_pipeline_dag, task_id=kafka_producer, execution_date=20251205T143837, start_date=20251205T143839, end_date=20251205T143845
[2025-12-05T14:38:45.417+0000] {standard_task_runner.py:107} ERROR - Failed to execute job 100 for task kafka_producer (Bash command failed. The command returned a non-zero exit code 1.; 204)
[2025-12-05T14:38:45.452+0000] {local_task_job_runner.py:234} INFO - Task exited with return code 1
[2025-12-05T14:38:45.482+0000] {taskinstance.py:3280} INFO - 1 downstream tasks scheduled from follow-on schedule check
