[2025-12-07T15:44:25.571+0000] {taskinstance.py:1956} INFO - Dependencies all met for dep_context=non-requeueable deps ti=<TaskInstance: email_intelligence_pipeline.export_to_postgres manual__2025-12-07T15:43:12.013760+00:00 [queued]>
[2025-12-07T15:44:25.578+0000] {taskinstance.py:1956} INFO - Dependencies all met for dep_context=requeueable deps ti=<TaskInstance: email_intelligence_pipeline.export_to_postgres manual__2025-12-07T15:43:12.013760+00:00 [queued]>
[2025-12-07T15:44:25.580+0000] {taskinstance.py:2170} INFO - Starting attempt 1 of 1
[2025-12-07T15:44:25.592+0000] {taskinstance.py:2191} INFO - Executing <Task(BashOperator): export_to_postgres> on 2025-12-07 15:43:12.013760+00:00
[2025-12-07T15:44:25.598+0000] {standard_task_runner.py:60} INFO - Started process 7965 to run task
[2025-12-07T15:44:25.604+0000] {standard_task_runner.py:87} INFO - Running: ['***', 'tasks', 'run', 'email_intelligence_pipeline', 'export_to_postgres', 'manual__2025-12-07T15:43:12.013760+00:00', '--job-id', '132', '--raw', '--subdir', 'DAGS_FOLDER/email_pipeline_dag.py', '--cfg-path', '/tmp/tmpxey1ut4r']
[2025-12-07T15:44:25.606+0000] {standard_task_runner.py:88} INFO - Job 132: Subtask export_to_postgres
[2025-12-07T15:44:25.707+0000] {task_command.py:423} INFO - Running <TaskInstance: email_intelligence_pipeline.export_to_postgres manual__2025-12-07T15:43:12.013760+00:00 [running]> on host 3db08845f297
[2025-12-07T15:44:25.885+0000] {taskinstance.py:2480} INFO - Exporting env vars: AIRFLOW_CTX_DAG_OWNER='data_team' AIRFLOW_CTX_DAG_ID='email_intelligence_pipeline' AIRFLOW_CTX_TASK_ID='export_to_postgres' AIRFLOW_CTX_EXECUTION_DATE='2025-12-07T15:43:12.013760+00:00' AIRFLOW_CTX_TRY_NUMBER='1' AIRFLOW_CTX_DAG_RUN_ID='manual__2025-12-07T15:43:12.013760+00:00'
[2025-12-07T15:44:25.887+0000] {subprocess.py:63} INFO - Tmp dir root location: /tmp
[2025-12-07T15:44:25.889+0000] {subprocess.py:75} INFO - Running command: ['/usr/bin/bash', '-c', '/opt/spark/bin/spark-submit --master local[2] --packages org.apache.hadoop:hadoop-aws:3.3.4,org.postgresql:postgresql:42.7.1 --name GoldToPostgres /opt/spark/jobs/gold_to_postgres.py']
[2025-12-07T15:44:25.903+0000] {subprocess.py:86} INFO - Output:
[2025-12-07T15:44:25.918+0000] {subprocess.py:93} INFO - /opt/spark/bin/load-spark-env.sh: line 68: ps: command not found
[2025-12-07T15:44:28.042+0000] {subprocess.py:93} INFO - :: loading settings :: url = jar:file:/opt/spark/jars/ivy-2.5.1.jar!/org/apache/ivy/core/settings/ivysettings.xml
[2025-12-07T15:44:28.129+0000] {subprocess.py:93} INFO - Ivy Default Cache set to: /home/***/.ivy2/cache
[2025-12-07T15:44:28.130+0000] {subprocess.py:93} INFO - The jars for the packages stored in: /home/***/.ivy2/jars
[2025-12-07T15:44:28.134+0000] {subprocess.py:93} INFO - org.apache.hadoop#hadoop-aws added as a dependency
[2025-12-07T15:44:28.134+0000] {subprocess.py:93} INFO - org.postgresql#postgresql added as a dependency
[2025-12-07T15:44:28.135+0000] {subprocess.py:93} INFO - :: resolving dependencies :: org.apache.spark#spark-submit-parent-662bde84-b241-4dbb-a44c-5acb61dd8967;1.0
[2025-12-07T15:44:28.135+0000] {subprocess.py:93} INFO - 	confs: [default]
[2025-12-07T15:44:28.306+0000] {subprocess.py:93} INFO - 	found org.apache.hadoop#hadoop-aws;3.3.4 in central
[2025-12-07T15:44:28.332+0000] {subprocess.py:93} INFO - 	found com.amazonaws#aws-java-sdk-bundle;1.12.262 in central
[2025-12-07T15:44:28.356+0000] {subprocess.py:93} INFO - 	found org.wildfly.openssl#wildfly-openssl;1.0.7.Final in central
[2025-12-07T15:44:28.374+0000] {subprocess.py:93} INFO - 	found org.postgresql#postgresql;42.7.1 in central
[2025-12-07T15:44:28.393+0000] {subprocess.py:93} INFO - 	found org.checkerframework#checker-qual;3.41.0 in central
[2025-12-07T15:44:28.415+0000] {subprocess.py:93} INFO - :: resolution report :: resolve 271ms :: artifacts dl 9ms
[2025-12-07T15:44:28.416+0000] {subprocess.py:93} INFO - 	:: modules in use:
[2025-12-07T15:44:28.417+0000] {subprocess.py:93} INFO - 	com.amazonaws#aws-java-sdk-bundle;1.12.262 from central in [default]
[2025-12-07T15:44:28.418+0000] {subprocess.py:93} INFO - 	org.apache.hadoop#hadoop-aws;3.3.4 from central in [default]
[2025-12-07T15:44:28.418+0000] {subprocess.py:93} INFO - 	org.checkerframework#checker-qual;3.41.0 from central in [default]
[2025-12-07T15:44:28.419+0000] {subprocess.py:93} INFO - 	org.postgresql#postgresql;42.7.1 from central in [default]
[2025-12-07T15:44:28.420+0000] {subprocess.py:93} INFO - 	org.wildfly.openssl#wildfly-openssl;1.0.7.Final from central in [default]
[2025-12-07T15:44:28.421+0000] {subprocess.py:93} INFO - 	---------------------------------------------------------------------
[2025-12-07T15:44:28.421+0000] {subprocess.py:93} INFO - 	|                  |            modules            ||   artifacts   |
[2025-12-07T15:44:28.422+0000] {subprocess.py:93} INFO - 	|       conf       | number| search|dwnlded|evicted|| number|dwnlded|
[2025-12-07T15:44:28.423+0000] {subprocess.py:93} INFO - 	---------------------------------------------------------------------
[2025-12-07T15:44:28.423+0000] {subprocess.py:93} INFO - 	|      default     |   5   |   0   |   0   |   0   ||   5   |   0   |
[2025-12-07T15:44:28.424+0000] {subprocess.py:93} INFO - 	---------------------------------------------------------------------
[2025-12-07T15:44:28.425+0000] {subprocess.py:93} INFO - :: retrieving :: org.apache.spark#spark-submit-parent-662bde84-b241-4dbb-a44c-5acb61dd8967
[2025-12-07T15:44:28.425+0000] {subprocess.py:93} INFO - 	confs: [default]
[2025-12-07T15:44:28.432+0000] {subprocess.py:93} INFO - 	0 artifacts copied, 5 already retrieved (0kB/7ms)
[2025-12-07T15:44:28.663+0000] {subprocess.py:93} INFO - 25/12/07 15:44:28 WARN NativeCodeLoader: Unable to load native-hadoop library for your platform... using builtin-java classes where applicable
[2025-12-07T15:44:29.713+0000] {subprocess.py:93} INFO - 
[2025-12-07T15:44:29.714+0000] {subprocess.py:93} INFO - ============================================================
[2025-12-07T15:44:29.715+0000] {subprocess.py:93} INFO - 🚀 GOLD TO POSTGRESQL EXPORT JOB STARTED
[2025-12-07T15:44:29.716+0000] {subprocess.py:93} INFO -    Timestamp: 2025-12-07 15:44:29.713021
[2025-12-07T15:44:29.717+0000] {subprocess.py:93} INFO - ============================================================
[2025-12-07T15:44:29.891+0000] {subprocess.py:93} INFO - 25/12/07 15:44:29 INFO SparkContext: Running Spark version 3.5.0
[2025-12-07T15:44:29.893+0000] {subprocess.py:93} INFO - 25/12/07 15:44:29 INFO SparkContext: OS info Linux, 6.6.87.2-microsoft-standard-WSL2, amd64
[2025-12-07T15:44:29.894+0000] {subprocess.py:93} INFO - 25/12/07 15:44:29 INFO SparkContext: Java version 17.0.17
[2025-12-07T15:44:29.920+0000] {subprocess.py:93} INFO - 25/12/07 15:44:29 INFO ResourceUtils: ==============================================================
[2025-12-07T15:44:29.922+0000] {subprocess.py:93} INFO - 25/12/07 15:44:29 INFO ResourceUtils: No custom resources configured for spark.driver.
[2025-12-07T15:44:29.922+0000] {subprocess.py:93} INFO - 25/12/07 15:44:29 INFO ResourceUtils: ==============================================================
[2025-12-07T15:44:29.923+0000] {subprocess.py:93} INFO - 25/12/07 15:44:29 INFO SparkContext: Submitted application: GoldToPostgres
[2025-12-07T15:44:29.947+0000] {subprocess.py:93} INFO - 25/12/07 15:44:29 INFO ResourceProfile: Default ResourceProfile created, executor resources: Map(cores -> name: cores, amount: 1, script: , vendor: , memory -> name: memory, amount: 1024, script: , vendor: , offHeap -> name: offHeap, amount: 0, script: , vendor: ), task resources: Map(cpus -> name: cpus, amount: 1.0)
[2025-12-07T15:44:29.953+0000] {subprocess.py:93} INFO - 25/12/07 15:44:29 INFO ResourceProfile: Limiting resource is cpu
[2025-12-07T15:44:29.955+0000] {subprocess.py:93} INFO - 25/12/07 15:44:29 INFO ResourceProfileManager: Added ResourceProfile id: 0
[2025-12-07T15:44:30.031+0000] {subprocess.py:93} INFO - 25/12/07 15:44:30 INFO SecurityManager: Changing view acls to: ***
[2025-12-07T15:44:30.032+0000] {subprocess.py:93} INFO - 25/12/07 15:44:30 INFO SecurityManager: Changing modify acls to: ***
[2025-12-07T15:44:30.032+0000] {subprocess.py:93} INFO - 25/12/07 15:44:30 INFO SecurityManager: Changing view acls groups to:
[2025-12-07T15:44:30.033+0000] {subprocess.py:93} INFO - 25/12/07 15:44:30 INFO SecurityManager: Changing modify acls groups to:
[2025-12-07T15:44:30.033+0000] {subprocess.py:93} INFO - 25/12/07 15:44:30 INFO SecurityManager: SecurityManager: authentication disabled; ui acls disabled; users with view permissions: ***; groups with view permissions: EMPTY; users with modify permissions: ***; groups with modify permissions: EMPTY
[2025-12-07T15:44:30.261+0000] {subprocess.py:93} INFO - 25/12/07 15:44:30 INFO Utils: Successfully started service 'sparkDriver' on port 46327.
[2025-12-07T15:44:30.302+0000] {subprocess.py:93} INFO - 25/12/07 15:44:30 INFO SparkEnv: Registering MapOutputTracker
[2025-12-07T15:44:30.351+0000] {subprocess.py:93} INFO - 25/12/07 15:44:30 INFO SparkEnv: Registering BlockManagerMaster
[2025-12-07T15:44:30.376+0000] {subprocess.py:93} INFO - 25/12/07 15:44:30 INFO BlockManagerMasterEndpoint: Using org.apache.spark.storage.DefaultTopologyMapper for getting topology information
[2025-12-07T15:44:30.378+0000] {subprocess.py:93} INFO - 25/12/07 15:44:30 INFO BlockManagerMasterEndpoint: BlockManagerMasterEndpoint up
[2025-12-07T15:44:30.383+0000] {subprocess.py:93} INFO - 25/12/07 15:44:30 INFO SparkEnv: Registering BlockManagerMasterHeartbeat
[2025-12-07T15:44:30.408+0000] {subprocess.py:93} INFO - 25/12/07 15:44:30 INFO DiskBlockManager: Created local directory at /tmp/blockmgr-45cb1b70-d4e2-4d99-818f-988ca20986df
[2025-12-07T15:44:30.442+0000] {subprocess.py:93} INFO - 25/12/07 15:44:30 INFO MemoryStore: MemoryStore started with capacity 434.4 MiB
[2025-12-07T15:44:30.466+0000] {subprocess.py:93} INFO - 25/12/07 15:44:30 INFO SparkEnv: Registering OutputCommitCoordinator
[2025-12-07T15:44:30.618+0000] {subprocess.py:93} INFO - 25/12/07 15:44:30 INFO JettyUtils: Start Jetty 0.0.0.0:4040 for SparkUI
[2025-12-07T15:44:30.700+0000] {subprocess.py:93} INFO - 25/12/07 15:44:30 INFO Utils: Successfully started service 'SparkUI' on port 4040.
[2025-12-07T15:44:30.741+0000] {subprocess.py:93} INFO - 25/12/07 15:44:30 INFO SparkContext: Added JAR file:///home/***/.ivy2/jars/org.apache.hadoop_hadoop-aws-3.3.4.jar at spark://3db08845f297:46327/jars/org.apache.hadoop_hadoop-aws-3.3.4.jar with timestamp 1765122269883
[2025-12-07T15:44:30.742+0000] {subprocess.py:93} INFO - 25/12/07 15:44:30 INFO SparkContext: Added JAR file:///home/***/.ivy2/jars/org.postgresql_postgresql-42.7.1.jar at spark://3db08845f297:46327/jars/org.postgresql_postgresql-42.7.1.jar with timestamp 1765122269883
[2025-12-07T15:44:30.743+0000] {subprocess.py:93} INFO - 25/12/07 15:44:30 INFO SparkContext: Added JAR file:///home/***/.ivy2/jars/com.amazonaws_aws-java-sdk-bundle-1.12.262.jar at spark://3db08845f297:46327/jars/com.amazonaws_aws-java-sdk-bundle-1.12.262.jar with timestamp 1765122269883
[2025-12-07T15:44:30.744+0000] {subprocess.py:93} INFO - 25/12/07 15:44:30 INFO SparkContext: Added JAR file:///home/***/.ivy2/jars/org.wildfly.openssl_wildfly-openssl-1.0.7.Final.jar at spark://3db08845f297:46327/jars/org.wildfly.openssl_wildfly-openssl-1.0.7.Final.jar with timestamp 1765122269883
[2025-12-07T15:44:30.745+0000] {subprocess.py:93} INFO - 25/12/07 15:44:30 INFO SparkContext: Added JAR file:///home/***/.ivy2/jars/org.checkerframework_checker-qual-3.41.0.jar at spark://3db08845f297:46327/jars/org.checkerframework_checker-qual-3.41.0.jar with timestamp 1765122269883
[2025-12-07T15:44:30.746+0000] {subprocess.py:93} INFO - 25/12/07 15:44:30 INFO SparkContext: Added file file:///home/***/.ivy2/jars/org.apache.hadoop_hadoop-aws-3.3.4.jar at file:///home/***/.ivy2/jars/org.apache.hadoop_hadoop-aws-3.3.4.jar with timestamp 1765122269883
[2025-12-07T15:44:30.747+0000] {subprocess.py:93} INFO - 25/12/07 15:44:30 INFO Utils: Copying /home/***/.ivy2/jars/org.apache.hadoop_hadoop-aws-3.3.4.jar to /tmp/spark-0ca816a0-869b-48fc-b47c-9fda7534e3ac/userFiles-8dfb0560-1f4c-4328-8964-b53113e9ff64/org.apache.hadoop_hadoop-aws-3.3.4.jar
[2025-12-07T15:44:30.769+0000] {subprocess.py:93} INFO - 25/12/07 15:44:30 INFO SparkContext: Added file file:///home/***/.ivy2/jars/org.postgresql_postgresql-42.7.1.jar at file:///home/***/.ivy2/jars/org.postgresql_postgresql-42.7.1.jar with timestamp 1765122269883
[2025-12-07T15:44:30.771+0000] {subprocess.py:93} INFO - 25/12/07 15:44:30 INFO Utils: Copying /home/***/.ivy2/jars/org.postgresql_postgresql-42.7.1.jar to /tmp/spark-0ca816a0-869b-48fc-b47c-9fda7534e3ac/userFiles-8dfb0560-1f4c-4328-8964-b53113e9ff64/org.postgresql_postgresql-42.7.1.jar
[2025-12-07T15:44:30.779+0000] {subprocess.py:93} INFO - 25/12/07 15:44:30 INFO SparkContext: Added file file:///home/***/.ivy2/jars/com.amazonaws_aws-java-sdk-bundle-1.12.262.jar at file:///home/***/.ivy2/jars/com.amazonaws_aws-java-sdk-bundle-1.12.262.jar with timestamp 1765122269883
[2025-12-07T15:44:30.780+0000] {subprocess.py:93} INFO - 25/12/07 15:44:30 INFO Utils: Copying /home/***/.ivy2/jars/com.amazonaws_aws-java-sdk-bundle-1.12.262.jar to /tmp/spark-0ca816a0-869b-48fc-b47c-9fda7534e3ac/userFiles-8dfb0560-1f4c-4328-8964-b53113e9ff64/com.amazonaws_aws-java-sdk-bundle-1.12.262.jar
[2025-12-07T15:44:31.597+0000] {subprocess.py:93} INFO - 25/12/07 15:44:31 INFO SparkContext: Added file file:///home/***/.ivy2/jars/org.wildfly.openssl_wildfly-openssl-1.0.7.Final.jar at file:///home/***/.ivy2/jars/org.wildfly.openssl_wildfly-openssl-1.0.7.Final.jar with timestamp 1765122269883
[2025-12-07T15:44:31.599+0000] {subprocess.py:93} INFO - 25/12/07 15:44:31 INFO Utils: Copying /home/***/.ivy2/jars/org.wildfly.openssl_wildfly-openssl-1.0.7.Final.jar to /tmp/spark-0ca816a0-869b-48fc-b47c-9fda7534e3ac/userFiles-8dfb0560-1f4c-4328-8964-b53113e9ff64/org.wildfly.openssl_wildfly-openssl-1.0.7.Final.jar
[2025-12-07T15:44:31.604+0000] {subprocess.py:93} INFO - 25/12/07 15:44:31 INFO SparkContext: Added file file:///home/***/.ivy2/jars/org.checkerframework_checker-qual-3.41.0.jar at file:///home/***/.ivy2/jars/org.checkerframework_checker-qual-3.41.0.jar with timestamp 1765122269883
[2025-12-07T15:44:31.605+0000] {subprocess.py:93} INFO - 25/12/07 15:44:31 INFO Utils: Copying /home/***/.ivy2/jars/org.checkerframework_checker-qual-3.41.0.jar to /tmp/spark-0ca816a0-869b-48fc-b47c-9fda7534e3ac/userFiles-8dfb0560-1f4c-4328-8964-b53113e9ff64/org.checkerframework_checker-qual-3.41.0.jar
[2025-12-07T15:44:31.680+0000] {subprocess.py:93} INFO - 25/12/07 15:44:31 INFO Executor: Starting executor ID driver on host 3db08845f297
[2025-12-07T15:44:31.682+0000] {subprocess.py:93} INFO - 25/12/07 15:44:31 INFO Executor: OS info Linux, 6.6.87.2-microsoft-standard-WSL2, amd64
[2025-12-07T15:44:31.682+0000] {subprocess.py:93} INFO - 25/12/07 15:44:31 INFO Executor: Java version 17.0.17
[2025-12-07T15:44:31.688+0000] {subprocess.py:93} INFO - 25/12/07 15:44:31 INFO Executor: Starting executor with user classpath (userClassPathFirst = false): ''
[2025-12-07T15:44:31.689+0000] {subprocess.py:93} INFO - 25/12/07 15:44:31 INFO Executor: Created or updated repl class loader org.apache.spark.util.MutableURLClassLoader@6d126482 for default.
[2025-12-07T15:44:31.702+0000] {subprocess.py:93} INFO - 25/12/07 15:44:31 INFO Executor: Fetching file:///home/***/.ivy2/jars/org.apache.hadoop_hadoop-aws-3.3.4.jar with timestamp 1765122269883
[2025-12-07T15:44:31.731+0000] {subprocess.py:93} INFO - 25/12/07 15:44:31 INFO Utils: /home/***/.ivy2/jars/org.apache.hadoop_hadoop-aws-3.3.4.jar has been previously copied to /tmp/spark-0ca816a0-869b-48fc-b47c-9fda7534e3ac/userFiles-8dfb0560-1f4c-4328-8964-b53113e9ff64/org.apache.hadoop_hadoop-aws-3.3.4.jar
[2025-12-07T15:44:31.736+0000] {subprocess.py:93} INFO - 25/12/07 15:44:31 INFO Executor: Fetching file:///home/***/.ivy2/jars/org.checkerframework_checker-qual-3.41.0.jar with timestamp 1765122269883
[2025-12-07T15:44:31.737+0000] {subprocess.py:93} INFO - 25/12/07 15:44:31 INFO Utils: /home/***/.ivy2/jars/org.checkerframework_checker-qual-3.41.0.jar has been previously copied to /tmp/spark-0ca816a0-869b-48fc-b47c-9fda7534e3ac/userFiles-8dfb0560-1f4c-4328-8964-b53113e9ff64/org.checkerframework_checker-qual-3.41.0.jar
[2025-12-07T15:44:31.741+0000] {subprocess.py:93} INFO - 25/12/07 15:44:31 INFO Executor: Fetching file:///home/***/.ivy2/jars/org.wildfly.openssl_wildfly-openssl-1.0.7.Final.jar with timestamp 1765122269883
[2025-12-07T15:44:31.742+0000] {subprocess.py:93} INFO - 25/12/07 15:44:31 INFO Utils: /home/***/.ivy2/jars/org.wildfly.openssl_wildfly-openssl-1.0.7.Final.jar has been previously copied to /tmp/spark-0ca816a0-869b-48fc-b47c-9fda7534e3ac/userFiles-8dfb0560-1f4c-4328-8964-b53113e9ff64/org.wildfly.openssl_wildfly-openssl-1.0.7.Final.jar
[2025-12-07T15:44:31.746+0000] {subprocess.py:93} INFO - 25/12/07 15:44:31 INFO Executor: Fetching file:///home/***/.ivy2/jars/org.postgresql_postgresql-42.7.1.jar with timestamp 1765122269883
[2025-12-07T15:44:31.748+0000] {subprocess.py:93} INFO - 25/12/07 15:44:31 INFO Utils: /home/***/.ivy2/jars/org.postgresql_postgresql-42.7.1.jar has been previously copied to /tmp/spark-0ca816a0-869b-48fc-b47c-9fda7534e3ac/userFiles-8dfb0560-1f4c-4328-8964-b53113e9ff64/org.postgresql_postgresql-42.7.1.jar
[2025-12-07T15:44:31.753+0000] {subprocess.py:93} INFO - 25/12/07 15:44:31 INFO Executor: Fetching file:///home/***/.ivy2/jars/com.amazonaws_aws-java-sdk-bundle-1.12.262.jar with timestamp 1765122269883
[2025-12-07T15:44:31.943+0000] {subprocess.py:93} INFO - 25/12/07 15:44:31 INFO Utils: /home/***/.ivy2/jars/com.amazonaws_aws-java-sdk-bundle-1.12.262.jar has been previously copied to /tmp/spark-0ca816a0-869b-48fc-b47c-9fda7534e3ac/userFiles-8dfb0560-1f4c-4328-8964-b53113e9ff64/com.amazonaws_aws-java-sdk-bundle-1.12.262.jar
[2025-12-07T15:44:31.952+0000] {subprocess.py:93} INFO - 25/12/07 15:44:31 INFO Executor: Fetching spark://3db08845f297:46327/jars/com.amazonaws_aws-java-sdk-bundle-1.12.262.jar with timestamp 1765122269883
[2025-12-07T15:44:32.004+0000] {subprocess.py:93} INFO - 25/12/07 15:44:32 INFO TransportClientFactory: Successfully created connection to 3db08845f297/172.20.0.8:46327 after 28 ms (0 ms spent in bootstraps)
[2025-12-07T15:44:32.010+0000] {subprocess.py:93} INFO - 25/12/07 15:44:32 INFO Utils: Fetching spark://3db08845f297:46327/jars/com.amazonaws_aws-java-sdk-bundle-1.12.262.jar to /tmp/spark-0ca816a0-869b-48fc-b47c-9fda7534e3ac/userFiles-8dfb0560-1f4c-4328-8964-b53113e9ff64/fetchFileTemp5952582619645208178.tmp
[2025-12-07T15:44:33.531+0000] {subprocess.py:93} INFO - 25/12/07 15:44:33 INFO Utils: /tmp/spark-0ca816a0-869b-48fc-b47c-9fda7534e3ac/userFiles-8dfb0560-1f4c-4328-8964-b53113e9ff64/fetchFileTemp5952582619645208178.tmp has been previously copied to /tmp/spark-0ca816a0-869b-48fc-b47c-9fda7534e3ac/userFiles-8dfb0560-1f4c-4328-8964-b53113e9ff64/com.amazonaws_aws-java-sdk-bundle-1.12.262.jar
[2025-12-07T15:44:33.563+0000] {subprocess.py:93} INFO - 25/12/07 15:44:33 INFO Executor: Adding file:/tmp/spark-0ca816a0-869b-48fc-b47c-9fda7534e3ac/userFiles-8dfb0560-1f4c-4328-8964-b53113e9ff64/com.amazonaws_aws-java-sdk-bundle-1.12.262.jar to class loader default
[2025-12-07T15:44:33.564+0000] {subprocess.py:93} INFO - 25/12/07 15:44:33 INFO Executor: Fetching spark://3db08845f297:46327/jars/org.checkerframework_checker-qual-3.41.0.jar with timestamp 1765122269883
[2025-12-07T15:44:33.565+0000] {subprocess.py:93} INFO - 25/12/07 15:44:33 INFO Utils: Fetching spark://3db08845f297:46327/jars/org.checkerframework_checker-qual-3.41.0.jar to /tmp/spark-0ca816a0-869b-48fc-b47c-9fda7534e3ac/userFiles-8dfb0560-1f4c-4328-8964-b53113e9ff64/fetchFileTemp8672069114490456473.tmp
[2025-12-07T15:44:33.569+0000] {subprocess.py:93} INFO - 25/12/07 15:44:33 INFO Utils: /tmp/spark-0ca816a0-869b-48fc-b47c-9fda7534e3ac/userFiles-8dfb0560-1f4c-4328-8964-b53113e9ff64/fetchFileTemp8672069114490456473.tmp has been previously copied to /tmp/spark-0ca816a0-869b-48fc-b47c-9fda7534e3ac/userFiles-8dfb0560-1f4c-4328-8964-b53113e9ff64/org.checkerframework_checker-qual-3.41.0.jar
[2025-12-07T15:44:33.575+0000] {subprocess.py:93} INFO - 25/12/07 15:44:33 INFO Executor: Adding file:/tmp/spark-0ca816a0-869b-48fc-b47c-9fda7534e3ac/userFiles-8dfb0560-1f4c-4328-8964-b53113e9ff64/org.checkerframework_checker-qual-3.41.0.jar to class loader default
[2025-12-07T15:44:33.576+0000] {subprocess.py:93} INFO - 25/12/07 15:44:33 INFO Executor: Fetching spark://3db08845f297:46327/jars/org.wildfly.openssl_wildfly-openssl-1.0.7.Final.jar with timestamp 1765122269883
[2025-12-07T15:44:33.576+0000] {subprocess.py:93} INFO - 25/12/07 15:44:33 INFO Utils: Fetching spark://3db08845f297:46327/jars/org.wildfly.openssl_wildfly-openssl-1.0.7.Final.jar to /tmp/spark-0ca816a0-869b-48fc-b47c-9fda7534e3ac/userFiles-8dfb0560-1f4c-4328-8964-b53113e9ff64/fetchFileTemp7847163193193625815.tmp
[2025-12-07T15:44:33.582+0000] {subprocess.py:93} INFO - 25/12/07 15:44:33 INFO Utils: /tmp/spark-0ca816a0-869b-48fc-b47c-9fda7534e3ac/userFiles-8dfb0560-1f4c-4328-8964-b53113e9ff64/fetchFileTemp7847163193193625815.tmp has been previously copied to /tmp/spark-0ca816a0-869b-48fc-b47c-9fda7534e3ac/userFiles-8dfb0560-1f4c-4328-8964-b53113e9ff64/org.wildfly.openssl_wildfly-openssl-1.0.7.Final.jar
[2025-12-07T15:44:33.587+0000] {subprocess.py:93} INFO - 25/12/07 15:44:33 INFO Executor: Adding file:/tmp/spark-0ca816a0-869b-48fc-b47c-9fda7534e3ac/userFiles-8dfb0560-1f4c-4328-8964-b53113e9ff64/org.wildfly.openssl_wildfly-openssl-1.0.7.Final.jar to class loader default
[2025-12-07T15:44:33.588+0000] {subprocess.py:93} INFO - 25/12/07 15:44:33 INFO Executor: Fetching spark://3db08845f297:46327/jars/org.apache.hadoop_hadoop-aws-3.3.4.jar with timestamp 1765122269883
[2025-12-07T15:44:33.588+0000] {subprocess.py:93} INFO - 25/12/07 15:44:33 INFO Utils: Fetching spark://3db08845f297:46327/jars/org.apache.hadoop_hadoop-aws-3.3.4.jar to /tmp/spark-0ca816a0-869b-48fc-b47c-9fda7534e3ac/userFiles-8dfb0560-1f4c-4328-8964-b53113e9ff64/fetchFileTemp12198618002205806656.tmp
[2025-12-07T15:44:33.597+0000] {subprocess.py:93} INFO - 25/12/07 15:44:33 INFO Utils: /tmp/spark-0ca816a0-869b-48fc-b47c-9fda7534e3ac/userFiles-8dfb0560-1f4c-4328-8964-b53113e9ff64/fetchFileTemp12198618002205806656.tmp has been previously copied to /tmp/spark-0ca816a0-869b-48fc-b47c-9fda7534e3ac/userFiles-8dfb0560-1f4c-4328-8964-b53113e9ff64/org.apache.hadoop_hadoop-aws-3.3.4.jar
[2025-12-07T15:44:33.603+0000] {subprocess.py:93} INFO - 25/12/07 15:44:33 INFO Executor: Adding file:/tmp/spark-0ca816a0-869b-48fc-b47c-9fda7534e3ac/userFiles-8dfb0560-1f4c-4328-8964-b53113e9ff64/org.apache.hadoop_hadoop-aws-3.3.4.jar to class loader default
[2025-12-07T15:44:33.604+0000] {subprocess.py:93} INFO - 25/12/07 15:44:33 INFO Executor: Fetching spark://3db08845f297:46327/jars/org.postgresql_postgresql-42.7.1.jar with timestamp 1765122269883
[2025-12-07T15:44:33.606+0000] {subprocess.py:93} INFO - 25/12/07 15:44:33 INFO Utils: Fetching spark://3db08845f297:46327/jars/org.postgresql_postgresql-42.7.1.jar to /tmp/spark-0ca816a0-869b-48fc-b47c-9fda7534e3ac/userFiles-8dfb0560-1f4c-4328-8964-b53113e9ff64/fetchFileTemp2310009864601997398.tmp
[2025-12-07T15:44:33.614+0000] {subprocess.py:93} INFO - 25/12/07 15:44:33 INFO Utils: /tmp/spark-0ca816a0-869b-48fc-b47c-9fda7534e3ac/userFiles-8dfb0560-1f4c-4328-8964-b53113e9ff64/fetchFileTemp2310009864601997398.tmp has been previously copied to /tmp/spark-0ca816a0-869b-48fc-b47c-9fda7534e3ac/userFiles-8dfb0560-1f4c-4328-8964-b53113e9ff64/org.postgresql_postgresql-42.7.1.jar
[2025-12-07T15:44:33.620+0000] {subprocess.py:93} INFO - 25/12/07 15:44:33 INFO Executor: Adding file:/tmp/spark-0ca816a0-869b-48fc-b47c-9fda7534e3ac/userFiles-8dfb0560-1f4c-4328-8964-b53113e9ff64/org.postgresql_postgresql-42.7.1.jar to class loader default
[2025-12-07T15:44:33.632+0000] {subprocess.py:93} INFO - 25/12/07 15:44:33 INFO Utils: Successfully started service 'org.apache.spark.network.netty.NettyBlockTransferService' on port 33807.
[2025-12-07T15:44:33.633+0000] {subprocess.py:93} INFO - 25/12/07 15:44:33 INFO NettyBlockTransferService: Server created on 3db08845f297:33807
[2025-12-07T15:44:33.636+0000] {subprocess.py:93} INFO - 25/12/07 15:44:33 INFO BlockManager: Using org.apache.spark.storage.RandomBlockReplicationPolicy for block replication policy
[2025-12-07T15:44:33.646+0000] {subprocess.py:93} INFO - 25/12/07 15:44:33 INFO BlockManagerMaster: Registering BlockManager BlockManagerId(driver, 3db08845f297, 33807, None)
[2025-12-07T15:44:33.649+0000] {subprocess.py:93} INFO - 25/12/07 15:44:33 INFO BlockManagerMasterEndpoint: Registering block manager 3db08845f297:33807 with 434.4 MiB RAM, BlockManagerId(driver, 3db08845f297, 33807, None)
[2025-12-07T15:44:33.651+0000] {subprocess.py:93} INFO - 25/12/07 15:44:33 INFO BlockManagerMaster: Registered BlockManager BlockManagerId(driver, 3db08845f297, 33807, None)
[2025-12-07T15:44:33.652+0000] {subprocess.py:93} INFO - 25/12/07 15:44:33 INFO BlockManager: Initialized BlockManager: BlockManagerId(driver, 3db08845f297, 33807, None)
[2025-12-07T15:44:34.038+0000] {subprocess.py:93} INFO - 📌 Step 1: Reading Gold layer from MinIO...
[2025-12-07T15:44:34.044+0000] {subprocess.py:93} INFO - 25/12/07 15:44:34 INFO SharedState: Setting hive.metastore.warehouse.dir ('null') to the value of spark.sql.warehouse.dir.
[2025-12-07T15:44:34.046+0000] {subprocess.py:93} INFO - 25/12/07 15:44:34 INFO SharedState: Warehouse path is 'file:/tmp/***tmp0aiy8jpn/spark-warehouse'.
[2025-12-07T15:44:34.947+0000] {subprocess.py:93} INFO - 25/12/07 15:44:34 WARN MetricsConfig: Cannot locate configuration: tried hadoop-metrics2-s3a-file-system.properties,hadoop-metrics2.properties
[2025-12-07T15:44:34.956+0000] {subprocess.py:93} INFO - 25/12/07 15:44:34 INFO MetricsSystemImpl: Scheduled Metric snapshot period at 10 second(s).
[2025-12-07T15:44:34.957+0000] {subprocess.py:93} INFO - 25/12/07 15:44:34 INFO MetricsSystemImpl: s3a-file-system metrics system started
[2025-12-07T15:44:35.810+0000] {subprocess.py:93} INFO - 25/12/07 15:44:35 INFO InMemoryFileIndex: It took 62 ms to list leaf files for 1 paths.
[2025-12-07T15:44:36.192+0000] {subprocess.py:93} INFO - 25/12/07 15:44:36 INFO SparkContext: Starting job: parquet at NativeMethodAccessorImpl.java:0
[2025-12-07T15:44:36.207+0000] {subprocess.py:93} INFO - 25/12/07 15:44:36 INFO DAGScheduler: Got job 0 (parquet at NativeMethodAccessorImpl.java:0) with 1 output partitions
[2025-12-07T15:44:36.209+0000] {subprocess.py:93} INFO - 25/12/07 15:44:36 INFO DAGScheduler: Final stage: ResultStage 0 (parquet at NativeMethodAccessorImpl.java:0)
[2025-12-07T15:44:36.210+0000] {subprocess.py:93} INFO - 25/12/07 15:44:36 INFO DAGScheduler: Parents of final stage: List()
[2025-12-07T15:44:36.210+0000] {subprocess.py:93} INFO - 25/12/07 15:44:36 INFO DAGScheduler: Missing parents: List()
[2025-12-07T15:44:36.213+0000] {subprocess.py:93} INFO - 25/12/07 15:44:36 INFO DAGScheduler: Submitting ResultStage 0 (MapPartitionsRDD[1] at parquet at NativeMethodAccessorImpl.java:0), which has no missing parents
[2025-12-07T15:44:36.273+0000] {subprocess.py:93} INFO - 25/12/07 15:44:36 INFO MemoryStore: Block broadcast_0 stored as values in memory (estimated size 106.5 KiB, free 434.3 MiB)
[2025-12-07T15:44:36.321+0000] {subprocess.py:93} INFO - 25/12/07 15:44:36 INFO MemoryStore: Block broadcast_0_piece0 stored as bytes in memory (estimated size 38.5 KiB, free 434.3 MiB)
[2025-12-07T15:44:36.325+0000] {subprocess.py:93} INFO - 25/12/07 15:44:36 INFO BlockManagerInfo: Added broadcast_0_piece0 in memory on 3db08845f297:33807 (size: 38.5 KiB, free: 434.4 MiB)
[2025-12-07T15:44:36.330+0000] {subprocess.py:93} INFO - 25/12/07 15:44:36 INFO SparkContext: Created broadcast 0 from broadcast at DAGScheduler.scala:1580
[2025-12-07T15:44:36.342+0000] {subprocess.py:93} INFO - 25/12/07 15:44:36 INFO DAGScheduler: Submitting 1 missing tasks from ResultStage 0 (MapPartitionsRDD[1] at parquet at NativeMethodAccessorImpl.java:0) (first 15 tasks are for partitions Vector(0))
[2025-12-07T15:44:36.343+0000] {subprocess.py:93} INFO - 25/12/07 15:44:36 INFO TaskSchedulerImpl: Adding task set 0.0 with 1 tasks resource profile 0
[2025-12-07T15:44:36.387+0000] {subprocess.py:93} INFO - 25/12/07 15:44:36 INFO TaskSetManager: Starting task 0.0 in stage 0.0 (TID 0) (3db08845f297, executor driver, partition 0, PROCESS_LOCAL, 8811 bytes)
[2025-12-07T15:44:36.402+0000] {subprocess.py:93} INFO - 25/12/07 15:44:36 INFO Executor: Running task 0.0 in stage 0.0 (TID 0)
[2025-12-07T15:44:36.580+0000] {subprocess.py:93} INFO - 25/12/07 15:44:36 INFO S3AInputStream: Switching to Random IO seek policy
[2025-12-07T15:44:36.900+0000] {subprocess.py:93} INFO - 25/12/07 15:44:36 INFO Executor: Finished task 0.0 in stage 0.0 (TID 0). 2033 bytes result sent to driver
[2025-12-07T15:44:36.948+0000] {subprocess.py:93} INFO - 25/12/07 15:44:36 INFO TaskSetManager: Finished task 0.0 in stage 0.0 (TID 0) in 580 ms on 3db08845f297 (executor driver) (1/1)
[2025-12-07T15:44:36.952+0000] {subprocess.py:93} INFO - 25/12/07 15:44:36 INFO TaskSchedulerImpl: Removed TaskSet 0.0, whose tasks have all completed, from pool
[2025-12-07T15:44:36.963+0000] {subprocess.py:93} INFO - 25/12/07 15:44:36 INFO DAGScheduler: ResultStage 0 (parquet at NativeMethodAccessorImpl.java:0) finished in 0.734 s
[2025-12-07T15:44:36.977+0000] {subprocess.py:93} INFO - 25/12/07 15:44:36 INFO DAGScheduler: Job 0 is finished. Cancelling potential speculative or zombie tasks for this job
[2025-12-07T15:44:36.981+0000] {subprocess.py:93} INFO - 25/12/07 15:44:36 INFO TaskSchedulerImpl: Killing all running tasks in stage 0: Stage finished
[2025-12-07T15:44:36.994+0000] {subprocess.py:93} INFO - 25/12/07 15:44:36 INFO DAGScheduler: Job 0 finished: parquet at NativeMethodAccessorImpl.java:0, took 0.799903 s
[2025-12-07T15:44:37.984+0000] {subprocess.py:93} INFO - 25/12/07 15:44:37 INFO FileSourceStrategy: Pushed Filters:
[2025-12-07T15:44:37.986+0000] {subprocess.py:93} INFO - 25/12/07 15:44:37 INFO FileSourceStrategy: Post-Scan Filters:
[2025-12-07T15:44:38.330+0000] {subprocess.py:93} INFO - 25/12/07 15:44:38 INFO CodeGenerator: Code generated in 159.814331 ms
[2025-12-07T15:44:38.358+0000] {subprocess.py:93} INFO - 25/12/07 15:44:38 INFO MemoryStore: Block broadcast_1 stored as values in memory (estimated size 205.5 KiB, free 434.1 MiB)
[2025-12-07T15:44:38.378+0000] {subprocess.py:93} INFO - 25/12/07 15:44:38 INFO MemoryStore: Block broadcast_1_piece0 stored as bytes in memory (estimated size 36.1 KiB, free 434.0 MiB)
[2025-12-07T15:44:38.379+0000] {subprocess.py:93} INFO - 25/12/07 15:44:38 INFO BlockManagerInfo: Added broadcast_1_piece0 in memory on 3db08845f297:33807 (size: 36.1 KiB, free: 434.3 MiB)
[2025-12-07T15:44:38.382+0000] {subprocess.py:93} INFO - 25/12/07 15:44:38 INFO SparkContext: Created broadcast 1 from count at NativeMethodAccessorImpl.java:0
[2025-12-07T15:44:38.403+0000] {subprocess.py:93} INFO - 25/12/07 15:44:38 INFO FileSourceScanExec: Planning scan with bin packing, max size: 4194304 bytes, open cost is considered as scanning 4194304 bytes.
[2025-12-07T15:44:38.463+0000] {subprocess.py:93} INFO - 25/12/07 15:44:38 INFO DAGScheduler: Registering RDD 5 (count at NativeMethodAccessorImpl.java:0) as input to shuffle 0
[2025-12-07T15:44:38.469+0000] {subprocess.py:93} INFO - 25/12/07 15:44:38 INFO DAGScheduler: Got map stage job 1 (count at NativeMethodAccessorImpl.java:0) with 1 output partitions
[2025-12-07T15:44:38.470+0000] {subprocess.py:93} INFO - 25/12/07 15:44:38 INFO DAGScheduler: Final stage: ShuffleMapStage 1 (count at NativeMethodAccessorImpl.java:0)
[2025-12-07T15:44:38.471+0000] {subprocess.py:93} INFO - 25/12/07 15:44:38 INFO DAGScheduler: Parents of final stage: List()
[2025-12-07T15:44:38.472+0000] {subprocess.py:93} INFO - 25/12/07 15:44:38 INFO DAGScheduler: Missing parents: List()
[2025-12-07T15:44:38.473+0000] {subprocess.py:93} INFO - 25/12/07 15:44:38 INFO DAGScheduler: Submitting ShuffleMapStage 1 (MapPartitionsRDD[5] at count at NativeMethodAccessorImpl.java:0), which has no missing parents
[2025-12-07T15:44:38.500+0000] {subprocess.py:93} INFO - 25/12/07 15:44:38 INFO MemoryStore: Block broadcast_2 stored as values in memory (estimated size 16.8 KiB, free 434.0 MiB)
[2025-12-07T15:44:38.503+0000] {subprocess.py:93} INFO - 25/12/07 15:44:38 INFO MemoryStore: Block broadcast_2_piece0 stored as bytes in memory (estimated size 7.7 KiB, free 434.0 MiB)
[2025-12-07T15:44:38.504+0000] {subprocess.py:93} INFO - 25/12/07 15:44:38 INFO BlockManagerInfo: Added broadcast_2_piece0 in memory on 3db08845f297:33807 (size: 7.7 KiB, free: 434.3 MiB)
[2025-12-07T15:44:38.505+0000] {subprocess.py:93} INFO - 25/12/07 15:44:38 INFO SparkContext: Created broadcast 2 from broadcast at DAGScheduler.scala:1580
[2025-12-07T15:44:38.507+0000] {subprocess.py:93} INFO - 25/12/07 15:44:38 INFO DAGScheduler: Submitting 1 missing tasks from ShuffleMapStage 1 (MapPartitionsRDD[5] at count at NativeMethodAccessorImpl.java:0) (first 15 tasks are for partitions Vector(0))
[2025-12-07T15:44:38.509+0000] {subprocess.py:93} INFO - 25/12/07 15:44:38 INFO TaskSchedulerImpl: Adding task set 1.0 with 1 tasks resource profile 0
[2025-12-07T15:44:38.515+0000] {subprocess.py:93} INFO - 25/12/07 15:44:38 INFO TaskSetManager: Starting task 0.0 in stage 1.0 (TID 1) (3db08845f297, executor driver, partition 0, PROCESS_LOCAL, 9305 bytes)
[2025-12-07T15:44:38.517+0000] {subprocess.py:93} INFO - 25/12/07 15:44:38 INFO Executor: Running task 0.0 in stage 1.0 (TID 1)
[2025-12-07T15:44:38.567+0000] {subprocess.py:93} INFO - 25/12/07 15:44:38 INFO CodeGenerator: Code generated in 12.087599 ms
[2025-12-07T15:44:38.578+0000] {subprocess.py:93} INFO - 25/12/07 15:44:38 INFO FileScanRDD: Reading File path: s3a://datalake/gold/daily_summary/part-00000-4e68d1c9-eb7d-4e71-9939-37fd54233646-c000.snappy.parquet, range: 0-2401, partition values: [empty row]
[2025-12-07T15:44:38.595+0000] {subprocess.py:93} INFO - 25/12/07 15:44:38 INFO S3AInputStream: Switching to Random IO seek policy
[2025-12-07T15:44:38.722+0000] {subprocess.py:93} INFO - 25/12/07 15:44:38 INFO Executor: Finished task 0.0 in stage 1.0 (TID 1). 2179 bytes result sent to driver
[2025-12-07T15:44:38.727+0000] {subprocess.py:93} INFO - 25/12/07 15:44:38 INFO TaskSetManager: Finished task 0.0 in stage 1.0 (TID 1) in 217 ms on 3db08845f297 (executor driver) (1/1)
[2025-12-07T15:44:38.728+0000] {subprocess.py:93} INFO - 25/12/07 15:44:38 INFO TaskSchedulerImpl: Removed TaskSet 1.0, whose tasks have all completed, from pool
[2025-12-07T15:44:38.731+0000] {subprocess.py:93} INFO - 25/12/07 15:44:38 INFO DAGScheduler: ShuffleMapStage 1 (count at NativeMethodAccessorImpl.java:0) finished in 0.254 s
[2025-12-07T15:44:38.732+0000] {subprocess.py:93} INFO - 25/12/07 15:44:38 INFO DAGScheduler: looking for newly runnable stages
[2025-12-07T15:44:38.733+0000] {subprocess.py:93} INFO - 25/12/07 15:44:38 INFO DAGScheduler: running: Set()
[2025-12-07T15:44:38.734+0000] {subprocess.py:93} INFO - 25/12/07 15:44:38 INFO DAGScheduler: waiting: Set()
[2025-12-07T15:44:38.736+0000] {subprocess.py:93} INFO - 25/12/07 15:44:38 INFO DAGScheduler: failed: Set()
[2025-12-07T15:44:38.769+0000] {subprocess.py:93} INFO - 25/12/07 15:44:38 INFO CodeGenerator: Code generated in 8.864819 ms
[2025-12-07T15:44:38.792+0000] {subprocess.py:93} INFO - 25/12/07 15:44:38 INFO SparkContext: Starting job: count at NativeMethodAccessorImpl.java:0
[2025-12-07T15:44:38.795+0000] {subprocess.py:93} INFO - 25/12/07 15:44:38 INFO DAGScheduler: Got job 2 (count at NativeMethodAccessorImpl.java:0) with 1 output partitions
[2025-12-07T15:44:38.796+0000] {subprocess.py:93} INFO - 25/12/07 15:44:38 INFO DAGScheduler: Final stage: ResultStage 3 (count at NativeMethodAccessorImpl.java:0)
[2025-12-07T15:44:38.796+0000] {subprocess.py:93} INFO - 25/12/07 15:44:38 INFO DAGScheduler: Parents of final stage: List(ShuffleMapStage 2)
[2025-12-07T15:44:38.797+0000] {subprocess.py:93} INFO - 25/12/07 15:44:38 INFO DAGScheduler: Missing parents: List()
[2025-12-07T15:44:38.797+0000] {subprocess.py:93} INFO - 25/12/07 15:44:38 INFO DAGScheduler: Submitting ResultStage 3 (MapPartitionsRDD[8] at count at NativeMethodAccessorImpl.java:0), which has no missing parents
[2025-12-07T15:44:38.804+0000] {subprocess.py:93} INFO - 25/12/07 15:44:38 INFO MemoryStore: Block broadcast_3 stored as values in memory (estimated size 12.5 KiB, free 434.0 MiB)
[2025-12-07T15:44:38.807+0000] {subprocess.py:93} INFO - 25/12/07 15:44:38 INFO MemoryStore: Block broadcast_3_piece0 stored as bytes in memory (estimated size 5.9 KiB, free 434.0 MiB)
[2025-12-07T15:44:38.808+0000] {subprocess.py:93} INFO - 25/12/07 15:44:38 INFO BlockManagerInfo: Added broadcast_3_piece0 in memory on 3db08845f297:33807 (size: 5.9 KiB, free: 434.3 MiB)
[2025-12-07T15:44:38.809+0000] {subprocess.py:93} INFO - 25/12/07 15:44:38 INFO SparkContext: Created broadcast 3 from broadcast at DAGScheduler.scala:1580
[2025-12-07T15:44:38.810+0000] {subprocess.py:93} INFO - 25/12/07 15:44:38 INFO DAGScheduler: Submitting 1 missing tasks from ResultStage 3 (MapPartitionsRDD[8] at count at NativeMethodAccessorImpl.java:0) (first 15 tasks are for partitions Vector(0))
[2025-12-07T15:44:38.810+0000] {subprocess.py:93} INFO - 25/12/07 15:44:38 INFO TaskSchedulerImpl: Adding task set 3.0 with 1 tasks resource profile 0
[2025-12-07T15:44:38.815+0000] {subprocess.py:93} INFO - 25/12/07 15:44:38 INFO TaskSetManager: Starting task 0.0 in stage 3.0 (TID 2) (3db08845f297, executor driver, partition 0, NODE_LOCAL, 8652 bytes)
[2025-12-07T15:44:38.817+0000] {subprocess.py:93} INFO - 25/12/07 15:44:38 INFO Executor: Running task 0.0 in stage 3.0 (TID 2)
[2025-12-07T15:44:38.851+0000] {subprocess.py:93} INFO - 25/12/07 15:44:38 INFO ShuffleBlockFetcherIterator: Getting 1 (60.0 B) non-empty blocks including 1 (60.0 B) local and 0 (0.0 B) host-local and 0 (0.0 B) push-merged-local and 0 (0.0 B) remote blocks
[2025-12-07T15:44:38.855+0000] {subprocess.py:93} INFO - 25/12/07 15:44:38 INFO ShuffleBlockFetcherIterator: Started 0 remote fetches in 12 ms
[2025-12-07T15:44:38.866+0000] {subprocess.py:93} INFO - 25/12/07 15:44:38 INFO CodeGenerator: Code generated in 7.782426 ms
[2025-12-07T15:44:38.880+0000] {subprocess.py:93} INFO - 25/12/07 15:44:38 INFO Executor: Finished task 0.0 in stage 3.0 (TID 2). 4038 bytes result sent to driver
[2025-12-07T15:44:38.883+0000] {subprocess.py:93} INFO - 25/12/07 15:44:38 INFO TaskSetManager: Finished task 0.0 in stage 3.0 (TID 2) in 69 ms on 3db08845f297 (executor driver) (1/1)
[2025-12-07T15:44:38.884+0000] {subprocess.py:93} INFO - 25/12/07 15:44:38 INFO TaskSchedulerImpl: Removed TaskSet 3.0, whose tasks have all completed, from pool
[2025-12-07T15:44:38.885+0000] {subprocess.py:93} INFO - 25/12/07 15:44:38 INFO DAGScheduler: ResultStage 3 (count at NativeMethodAccessorImpl.java:0) finished in 0.082 s
[2025-12-07T15:44:38.886+0000] {subprocess.py:93} INFO - 25/12/07 15:44:38 INFO DAGScheduler: Job 2 is finished. Cancelling potential speculative or zombie tasks for this job
[2025-12-07T15:44:38.886+0000] {subprocess.py:93} INFO - 25/12/07 15:44:38 INFO TaskSchedulerImpl: Killing all running tasks in stage 3: Stage finished
[2025-12-07T15:44:38.887+0000] {subprocess.py:93} INFO - 25/12/07 15:44:38 INFO DAGScheduler: Job 2 finished: count at NativeMethodAccessorImpl.java:0, took 0.093774 s
[2025-12-07T15:44:38.891+0000] {subprocess.py:93} INFO - ✅ Gold layer loaded: 1 records
[2025-12-07T15:44:38.892+0000] {subprocess.py:93} INFO - 
[2025-12-07T15:44:38.893+0000] {subprocess.py:93} INFO - 📌 Step 2: Exporting to PostgreSQL table 'email_daily_summary'...
[2025-12-07T15:44:39.174+0000] {subprocess.py:93} INFO - 25/12/07 15:44:39 INFO FileSourceStrategy: Pushed Filters:
[2025-12-07T15:44:39.175+0000] {subprocess.py:93} INFO - 25/12/07 15:44:39 INFO FileSourceStrategy: Post-Scan Filters:
[2025-12-07T15:44:39.206+0000] {subprocess.py:93} INFO - 25/12/07 15:44:39 INFO CodeGenerator: Code generated in 23.659667 ms
[2025-12-07T15:44:39.215+0000] {subprocess.py:93} INFO - 25/12/07 15:44:39 INFO MemoryStore: Block broadcast_4 stored as values in memory (estimated size 206.2 KiB, free 433.8 MiB)
[2025-12-07T15:44:39.236+0000] {subprocess.py:93} INFO - 25/12/07 15:44:39 INFO MemoryStore: Block broadcast_4_piece0 stored as bytes in memory (estimated size 36.4 KiB, free 433.7 MiB)
[2025-12-07T15:44:39.242+0000] {subprocess.py:93} INFO - 25/12/07 15:44:39 INFO BlockManagerInfo: Added broadcast_4_piece0 in memory on 3db08845f297:33807 (size: 36.4 KiB, free: 434.3 MiB)
[2025-12-07T15:44:39.244+0000] {subprocess.py:93} INFO - 25/12/07 15:44:39 INFO SparkContext: Created broadcast 4 from jdbc at NativeMethodAccessorImpl.java:0
[2025-12-07T15:44:39.247+0000] {subprocess.py:93} INFO - 25/12/07 15:44:39 INFO FileSourceScanExec: Planning scan with bin packing, max size: 4194304 bytes, open cost is considered as scanning 4194304 bytes.
[2025-12-07T15:44:39.266+0000] {subprocess.py:93} INFO - 25/12/07 15:44:39 INFO BlockManagerInfo: Removed broadcast_1_piece0 on 3db08845f297:33807 in memory (size: 36.1 KiB, free: 434.3 MiB)
[2025-12-07T15:44:39.278+0000] {subprocess.py:93} INFO - 25/12/07 15:44:39 INFO BlockManagerInfo: Removed broadcast_3_piece0 on 3db08845f297:33807 in memory (size: 5.9 KiB, free: 434.3 MiB)
[2025-12-07T15:44:39.301+0000] {subprocess.py:93} INFO - 25/12/07 15:44:39 INFO BlockManagerInfo: Removed broadcast_2_piece0 on 3db08845f297:33807 in memory (size: 7.7 KiB, free: 434.3 MiB)
[2025-12-07T15:44:39.353+0000] {subprocess.py:93} INFO - 25/12/07 15:44:39 INFO SparkContext: Starting job: jdbc at NativeMethodAccessorImpl.java:0
[2025-12-07T15:44:39.356+0000] {subprocess.py:93} INFO - 25/12/07 15:44:39 INFO DAGScheduler: Got job 3 (jdbc at NativeMethodAccessorImpl.java:0) with 1 output partitions
[2025-12-07T15:44:39.358+0000] {subprocess.py:93} INFO - 25/12/07 15:44:39 INFO DAGScheduler: Final stage: ResultStage 4 (jdbc at NativeMethodAccessorImpl.java:0)
[2025-12-07T15:44:39.361+0000] {subprocess.py:93} INFO - 25/12/07 15:44:39 INFO DAGScheduler: Parents of final stage: List()
[2025-12-07T15:44:39.364+0000] {subprocess.py:93} INFO - 25/12/07 15:44:39 INFO DAGScheduler: Missing parents: List()
[2025-12-07T15:44:39.366+0000] {subprocess.py:93} INFO - 25/12/07 15:44:39 INFO DAGScheduler: Submitting ResultStage 4 (MapPartitionsRDD[14] at jdbc at NativeMethodAccessorImpl.java:0), which has no missing parents
[2025-12-07T15:44:39.388+0000] {subprocess.py:93} INFO - 25/12/07 15:44:39 INFO MemoryStore: Block broadcast_5 stored as values in memory (estimated size 36.8 KiB, free 434.0 MiB)
[2025-12-07T15:44:39.397+0000] {subprocess.py:93} INFO - 25/12/07 15:44:39 INFO MemoryStore: Block broadcast_5_piece0 stored as bytes in memory (estimated size 16.0 KiB, free 434.0 MiB)
[2025-12-07T15:44:39.400+0000] {subprocess.py:93} INFO - 25/12/07 15:44:39 INFO BlockManagerInfo: Added broadcast_5_piece0 in memory on 3db08845f297:33807 (size: 16.0 KiB, free: 434.3 MiB)
[2025-12-07T15:44:39.406+0000] {subprocess.py:93} INFO - 25/12/07 15:44:39 INFO SparkContext: Created broadcast 5 from broadcast at DAGScheduler.scala:1580
[2025-12-07T15:44:39.407+0000] {subprocess.py:93} INFO - 25/12/07 15:44:39 INFO DAGScheduler: Submitting 1 missing tasks from ResultStage 4 (MapPartitionsRDD[14] at jdbc at NativeMethodAccessorImpl.java:0) (first 15 tasks are for partitions Vector(0))
[2025-12-07T15:44:39.409+0000] {subprocess.py:93} INFO - 25/12/07 15:44:39 INFO TaskSchedulerImpl: Adding task set 4.0 with 1 tasks resource profile 0
[2025-12-07T15:44:39.412+0000] {subprocess.py:93} INFO - 25/12/07 15:44:39 INFO TaskSetManager: Starting task 0.0 in stage 4.0 (TID 3) (3db08845f297, executor driver, partition 0, PROCESS_LOCAL, 9316 bytes)
[2025-12-07T15:44:39.415+0000] {subprocess.py:93} INFO - 25/12/07 15:44:39 INFO Executor: Running task 0.0 in stage 4.0 (TID 3)
[2025-12-07T15:44:39.464+0000] {subprocess.py:93} INFO - 25/12/07 15:44:39 INFO BlockManagerInfo: Removed broadcast_0_piece0 on 3db08845f297:33807 in memory (size: 38.5 KiB, free: 434.3 MiB)
[2025-12-07T15:44:39.499+0000] {subprocess.py:93} INFO - 25/12/07 15:44:39 INFO CodeGenerator: Code generated in 11.79252 ms
[2025-12-07T15:44:40.931+0000] {subprocess.py:93} INFO - 25/12/07 15:44:40 INFO CodeGenerator: Code generated in 32.005482 ms
[2025-12-07T15:44:40.938+0000] {subprocess.py:93} INFO - 25/12/07 15:44:40 INFO FileScanRDD: Reading File path: s3a://datalake/gold/daily_summary/part-00000-4e68d1c9-eb7d-4e71-9939-37fd54233646-c000.snappy.parquet, range: 0-2401, partition values: [empty row]
[2025-12-07T15:44:40.960+0000] {subprocess.py:93} INFO - 25/12/07 15:44:40 INFO S3AInputStream: Switching to Random IO seek policy
[2025-12-07T15:44:41.046+0000] {subprocess.py:93} INFO - 25/12/07 15:44:41 INFO CodecPool: Got brand-new decompressor [.snappy]
[2025-12-07T15:44:41.405+0000] {subprocess.py:93} INFO - 25/12/07 15:44:41 INFO Executor: Finished task 0.0 in stage 4.0 (TID 3). 1843 bytes result sent to driver
[2025-12-07T15:44:41.412+0000] {subprocess.py:93} INFO - 25/12/07 15:44:41 INFO TaskSetManager: Finished task 0.0 in stage 4.0 (TID 3) in 2001 ms on 3db08845f297 (executor driver) (1/1)
[2025-12-07T15:44:41.413+0000] {subprocess.py:93} INFO - 25/12/07 15:44:41 INFO TaskSchedulerImpl: Removed TaskSet 4.0, whose tasks have all completed, from pool
[2025-12-07T15:44:41.417+0000] {subprocess.py:93} INFO - 25/12/07 15:44:41 INFO DAGScheduler: ResultStage 4 (jdbc at NativeMethodAccessorImpl.java:0) finished in 2.050 s
[2025-12-07T15:44:41.419+0000] {subprocess.py:93} INFO - 25/12/07 15:44:41 INFO DAGScheduler: Job 3 is finished. Cancelling potential speculative or zombie tasks for this job
[2025-12-07T15:44:41.421+0000] {subprocess.py:93} INFO - 25/12/07 15:44:41 INFO TaskSchedulerImpl: Killing all running tasks in stage 4: Stage finished
[2025-12-07T15:44:41.422+0000] {subprocess.py:93} INFO - 25/12/07 15:44:41 INFO DAGScheduler: Job 3 finished: jdbc at NativeMethodAccessorImpl.java:0, took 2.061657 s
[2025-12-07T15:44:41.487+0000] {subprocess.py:93} INFO - ✅ Successfully exported to PostgreSQL table: email_daily_summary
[2025-12-07T15:44:41.488+0000] {subprocess.py:93} INFO - 
[2025-12-07T15:44:41.489+0000] {subprocess.py:93} INFO - ============================================================
[2025-12-07T15:44:41.490+0000] {subprocess.py:93} INFO - 📊 EXPORT SUMMARY REPORT
[2025-12-07T15:44:41.491+0000] {subprocess.py:93} INFO - ============================================================
[2025-12-07T15:44:41.492+0000] {subprocess.py:93} INFO - Timestamp: 2025-12-07 15:44:41.486737
[2025-12-07T15:44:41.517+0000] {subprocess.py:93} INFO - 25/12/07 15:44:41 INFO FileSourceStrategy: Pushed Filters:
[2025-12-07T15:44:41.519+0000] {subprocess.py:93} INFO - 25/12/07 15:44:41 INFO FileSourceStrategy: Post-Scan Filters:
[2025-12-07T15:44:41.546+0000] {subprocess.py:93} INFO - 25/12/07 15:44:41 INFO MemoryStore: Block broadcast_6 stored as values in memory (estimated size 205.5 KiB, free 433.9 MiB)
[2025-12-07T15:44:41.554+0000] {subprocess.py:93} INFO - 25/12/07 15:44:41 INFO MemoryStore: Block broadcast_6_piece0 stored as bytes in memory (estimated size 36.1 KiB, free 433.9 MiB)
[2025-12-07T15:44:41.556+0000] {subprocess.py:93} INFO - 25/12/07 15:44:41 INFO BlockManagerInfo: Added broadcast_6_piece0 in memory on 3db08845f297:33807 (size: 36.1 KiB, free: 434.3 MiB)
[2025-12-07T15:44:41.561+0000] {subprocess.py:93} INFO - 25/12/07 15:44:41 INFO SparkContext: Created broadcast 6 from count at NativeMethodAccessorImpl.java:0
[2025-12-07T15:44:41.563+0000] {subprocess.py:93} INFO - 25/12/07 15:44:41 INFO FileSourceScanExec: Planning scan with bin packing, max size: 4194304 bytes, open cost is considered as scanning 4194304 bytes.
[2025-12-07T15:44:41.565+0000] {subprocess.py:93} INFO - 25/12/07 15:44:41 INFO DAGScheduler: Registering RDD 18 (count at NativeMethodAccessorImpl.java:0) as input to shuffle 1
[2025-12-07T15:44:41.566+0000] {subprocess.py:93} INFO - 25/12/07 15:44:41 INFO DAGScheduler: Got map stage job 4 (count at NativeMethodAccessorImpl.java:0) with 1 output partitions
[2025-12-07T15:44:41.567+0000] {subprocess.py:93} INFO - 25/12/07 15:44:41 INFO DAGScheduler: Final stage: ShuffleMapStage 5 (count at NativeMethodAccessorImpl.java:0)
[2025-12-07T15:44:41.569+0000] {subprocess.py:93} INFO - 25/12/07 15:44:41 INFO DAGScheduler: Parents of final stage: List()
[2025-12-07T15:44:41.571+0000] {subprocess.py:93} INFO - 25/12/07 15:44:41 INFO DAGScheduler: Missing parents: List()
[2025-12-07T15:44:41.573+0000] {subprocess.py:93} INFO - 25/12/07 15:44:41 INFO DAGScheduler: Submitting ShuffleMapStage 5 (MapPartitionsRDD[18] at count at NativeMethodAccessorImpl.java:0), which has no missing parents
[2025-12-07T15:44:41.574+0000] {subprocess.py:93} INFO - 25/12/07 15:44:41 INFO MemoryStore: Block broadcast_7 stored as values in memory (estimated size 16.8 KiB, free 433.9 MiB)
[2025-12-07T15:44:41.576+0000] {subprocess.py:93} INFO - 25/12/07 15:44:41 INFO MemoryStore: Block broadcast_7_piece0 stored as bytes in memory (estimated size 7.7 KiB, free 433.9 MiB)
[2025-12-07T15:44:41.578+0000] {subprocess.py:93} INFO - 25/12/07 15:44:41 INFO BlockManagerInfo: Added broadcast_7_piece0 in memory on 3db08845f297:33807 (size: 7.7 KiB, free: 434.3 MiB)
[2025-12-07T15:44:41.579+0000] {subprocess.py:93} INFO - 25/12/07 15:44:41 INFO SparkContext: Created broadcast 7 from broadcast at DAGScheduler.scala:1580
[2025-12-07T15:44:41.581+0000] {subprocess.py:93} INFO - 25/12/07 15:44:41 INFO DAGScheduler: Submitting 1 missing tasks from ShuffleMapStage 5 (MapPartitionsRDD[18] at count at NativeMethodAccessorImpl.java:0) (first 15 tasks are for partitions Vector(0))
[2025-12-07T15:44:41.582+0000] {subprocess.py:93} INFO - 25/12/07 15:44:41 INFO TaskSchedulerImpl: Adding task set 5.0 with 1 tasks resource profile 0
[2025-12-07T15:44:41.583+0000] {subprocess.py:93} INFO - 25/12/07 15:44:41 INFO TaskSetManager: Starting task 0.0 in stage 5.0 (TID 4) (3db08845f297, executor driver, partition 0, PROCESS_LOCAL, 9305 bytes)
[2025-12-07T15:44:41.585+0000] {subprocess.py:93} INFO - 25/12/07 15:44:41 INFO Executor: Running task 0.0 in stage 5.0 (TID 4)
[2025-12-07T15:44:41.595+0000] {subprocess.py:93} INFO - 25/12/07 15:44:41 INFO FileScanRDD: Reading File path: s3a://datalake/gold/daily_summary/part-00000-4e68d1c9-eb7d-4e71-9939-37fd54233646-c000.snappy.parquet, range: 0-2401, partition values: [empty row]
[2025-12-07T15:44:41.612+0000] {subprocess.py:93} INFO - 25/12/07 15:44:41 INFO S3AInputStream: Switching to Random IO seek policy
[2025-12-07T15:44:41.682+0000] {subprocess.py:93} INFO - 25/12/07 15:44:41 INFO Executor: Finished task 0.0 in stage 5.0 (TID 4). 2136 bytes result sent to driver
[2025-12-07T15:44:41.684+0000] {subprocess.py:93} INFO - 25/12/07 15:44:41 INFO TaskSetManager: Finished task 0.0 in stage 5.0 (TID 4) in 100 ms on 3db08845f297 (executor driver) (1/1)
[2025-12-07T15:44:41.686+0000] {subprocess.py:93} INFO - 25/12/07 15:44:41 INFO TaskSchedulerImpl: Removed TaskSet 5.0, whose tasks have all completed, from pool
[2025-12-07T15:44:41.687+0000] {subprocess.py:93} INFO - 25/12/07 15:44:41 INFO DAGScheduler: ShuffleMapStage 5 (count at NativeMethodAccessorImpl.java:0) finished in 0.116 s
[2025-12-07T15:44:41.688+0000] {subprocess.py:93} INFO - 25/12/07 15:44:41 INFO DAGScheduler: looking for newly runnable stages
[2025-12-07T15:44:41.689+0000] {subprocess.py:93} INFO - 25/12/07 15:44:41 INFO DAGScheduler: running: Set()
[2025-12-07T15:44:41.694+0000] {subprocess.py:93} INFO - 25/12/07 15:44:41 INFO DAGScheduler: waiting: Set()
[2025-12-07T15:44:41.695+0000] {subprocess.py:93} INFO - 25/12/07 15:44:41 INFO DAGScheduler: failed: Set()
[2025-12-07T15:44:41.717+0000] {subprocess.py:93} INFO - 25/12/07 15:44:41 INFO SparkContext: Starting job: count at NativeMethodAccessorImpl.java:0
[2025-12-07T15:44:41.719+0000] {subprocess.py:93} INFO - 25/12/07 15:44:41 INFO DAGScheduler: Got job 5 (count at NativeMethodAccessorImpl.java:0) with 1 output partitions
[2025-12-07T15:44:41.720+0000] {subprocess.py:93} INFO - 25/12/07 15:44:41 INFO DAGScheduler: Final stage: ResultStage 7 (count at NativeMethodAccessorImpl.java:0)
[2025-12-07T15:44:41.721+0000] {subprocess.py:93} INFO - 25/12/07 15:44:41 INFO DAGScheduler: Parents of final stage: List(ShuffleMapStage 6)
[2025-12-07T15:44:41.722+0000] {subprocess.py:93} INFO - 25/12/07 15:44:41 INFO DAGScheduler: Missing parents: List()
[2025-12-07T15:44:41.723+0000] {subprocess.py:93} INFO - 25/12/07 15:44:41 INFO DAGScheduler: Submitting ResultStage 7 (MapPartitionsRDD[21] at count at NativeMethodAccessorImpl.java:0), which has no missing parents
[2025-12-07T15:44:41.724+0000] {subprocess.py:93} INFO - 25/12/07 15:44:41 INFO MemoryStore: Block broadcast_8 stored as values in memory (estimated size 12.5 KiB, free 433.8 MiB)
[2025-12-07T15:44:41.728+0000] {subprocess.py:93} INFO - 25/12/07 15:44:41 INFO MemoryStore: Block broadcast_8_piece0 stored as bytes in memory (estimated size 5.9 KiB, free 433.8 MiB)
[2025-12-07T15:44:41.731+0000] {subprocess.py:93} INFO - 25/12/07 15:44:41 INFO BlockManagerInfo: Added broadcast_8_piece0 in memory on 3db08845f297:33807 (size: 5.9 KiB, free: 434.3 MiB)
[2025-12-07T15:44:41.731+0000] {subprocess.py:93} INFO - 25/12/07 15:44:41 INFO SparkContext: Created broadcast 8 from broadcast at DAGScheduler.scala:1580
[2025-12-07T15:44:41.732+0000] {subprocess.py:93} INFO - 25/12/07 15:44:41 INFO DAGScheduler: Submitting 1 missing tasks from ResultStage 7 (MapPartitionsRDD[21] at count at NativeMethodAccessorImpl.java:0) (first 15 tasks are for partitions Vector(0))
[2025-12-07T15:44:41.733+0000] {subprocess.py:93} INFO - 25/12/07 15:44:41 INFO TaskSchedulerImpl: Adding task set 7.0 with 1 tasks resource profile 0
[2025-12-07T15:44:41.734+0000] {subprocess.py:93} INFO - 25/12/07 15:44:41 INFO TaskSetManager: Starting task 0.0 in stage 7.0 (TID 5) (3db08845f297, executor driver, partition 0, NODE_LOCAL, 8652 bytes)
[2025-12-07T15:44:41.735+0000] {subprocess.py:93} INFO - 25/12/07 15:44:41 INFO Executor: Running task 0.0 in stage 7.0 (TID 5)
[2025-12-07T15:44:41.740+0000] {subprocess.py:93} INFO - 25/12/07 15:44:41 INFO ShuffleBlockFetcherIterator: Getting 1 (60.0 B) non-empty blocks including 1 (60.0 B) local and 0 (0.0 B) host-local and 0 (0.0 B) push-merged-local and 0 (0.0 B) remote blocks
[2025-12-07T15:44:41.741+0000] {subprocess.py:93} INFO - 25/12/07 15:44:41 INFO ShuffleBlockFetcherIterator: Started 0 remote fetches in 0 ms
[2025-12-07T15:44:41.744+0000] {subprocess.py:93} INFO - 25/12/07 15:44:41 INFO Executor: Finished task 0.0 in stage 7.0 (TID 5). 3995 bytes result sent to driver
[2025-12-07T15:44:41.748+0000] {subprocess.py:93} INFO - 25/12/07 15:44:41 INFO TaskSetManager: Finished task 0.0 in stage 7.0 (TID 5) in 13 ms on 3db08845f297 (executor driver) (1/1)
[2025-12-07T15:44:41.750+0000] {subprocess.py:93} INFO - 25/12/07 15:44:41 INFO TaskSchedulerImpl: Removed TaskSet 7.0, whose tasks have all completed, from pool
[2025-12-07T15:44:41.751+0000] {subprocess.py:93} INFO - 25/12/07 15:44:41 INFO DAGScheduler: ResultStage 7 (count at NativeMethodAccessorImpl.java:0) finished in 0.028 s
[2025-12-07T15:44:41.753+0000] {subprocess.py:93} INFO - 25/12/07 15:44:41 INFO DAGScheduler: Job 5 is finished. Cancelling potential speculative or zombie tasks for this job
[2025-12-07T15:44:41.754+0000] {subprocess.py:93} INFO - 25/12/07 15:44:41 INFO TaskSchedulerImpl: Killing all running tasks in stage 7: Stage finished
[2025-12-07T15:44:41.755+0000] {subprocess.py:93} INFO - 25/12/07 15:44:41 INFO DAGScheduler: Job 5 finished: count at NativeMethodAccessorImpl.java:0, took 0.034279 s
[2025-12-07T15:44:41.756+0000] {subprocess.py:93} INFO - 
[2025-12-07T15:44:41.757+0000] {subprocess.py:93} INFO - 📈 Records exported: 1
[2025-12-07T15:44:41.758+0000] {subprocess.py:93} INFO - 
[2025-12-07T15:44:41.758+0000] {subprocess.py:93} INFO - 📄 Sample data:
[2025-12-07T15:44:41.840+0000] {subprocess.py:93} INFO - 25/12/07 15:44:41 INFO FileSourceStrategy: Pushed Filters:
[2025-12-07T15:44:41.841+0000] {subprocess.py:93} INFO - 25/12/07 15:44:41 INFO FileSourceStrategy: Post-Scan Filters:
[2025-12-07T15:44:41.891+0000] {subprocess.py:93} INFO - 25/12/07 15:44:41 INFO CodeGenerator: Code generated in 16.204789 ms
[2025-12-07T15:44:41.895+0000] {subprocess.py:93} INFO - 25/12/07 15:44:41 INFO MemoryStore: Block broadcast_9 stored as values in memory (estimated size 206.2 KiB, free 433.6 MiB)
[2025-12-07T15:44:41.908+0000] {subprocess.py:93} INFO - 25/12/07 15:44:41 INFO MemoryStore: Block broadcast_9_piece0 stored as bytes in memory (estimated size 36.4 KiB, free 433.6 MiB)
[2025-12-07T15:44:41.910+0000] {subprocess.py:93} INFO - 25/12/07 15:44:41 INFO BlockManagerInfo: Added broadcast_9_piece0 in memory on 3db08845f297:33807 (size: 36.4 KiB, free: 434.3 MiB)
[2025-12-07T15:44:41.912+0000] {subprocess.py:93} INFO - 25/12/07 15:44:41 INFO SparkContext: Created broadcast 9 from showString at NativeMethodAccessorImpl.java:0
[2025-12-07T15:44:41.913+0000] {subprocess.py:93} INFO - 25/12/07 15:44:41 INFO FileSourceScanExec: Planning scan with bin packing, max size: 4194304 bytes, open cost is considered as scanning 4194304 bytes.
[2025-12-07T15:44:41.928+0000] {subprocess.py:93} INFO - 25/12/07 15:44:41 INFO SparkContext: Starting job: showString at NativeMethodAccessorImpl.java:0
[2025-12-07T15:44:41.931+0000] {subprocess.py:93} INFO - 25/12/07 15:44:41 INFO DAGScheduler: Got job 6 (showString at NativeMethodAccessorImpl.java:0) with 1 output partitions
[2025-12-07T15:44:41.934+0000] {subprocess.py:93} INFO - 25/12/07 15:44:41 INFO DAGScheduler: Final stage: ResultStage 8 (showString at NativeMethodAccessorImpl.java:0)
[2025-12-07T15:44:41.935+0000] {subprocess.py:93} INFO - 25/12/07 15:44:41 INFO DAGScheduler: Parents of final stage: List()
[2025-12-07T15:44:41.936+0000] {subprocess.py:93} INFO - 25/12/07 15:44:41 INFO DAGScheduler: Missing parents: List()
[2025-12-07T15:44:41.936+0000] {subprocess.py:93} INFO - 25/12/07 15:44:41 INFO DAGScheduler: Submitting ResultStage 8 (MapPartitionsRDD[25] at showString at NativeMethodAccessorImpl.java:0), which has no missing parents
[2025-12-07T15:44:41.937+0000] {subprocess.py:93} INFO - 25/12/07 15:44:41 INFO MemoryStore: Block broadcast_10 stored as values in memory (estimated size 17.7 KiB, free 433.6 MiB)
[2025-12-07T15:44:41.939+0000] {subprocess.py:93} INFO - 25/12/07 15:44:41 INFO MemoryStore: Block broadcast_10_piece0 stored as bytes in memory (estimated size 7.2 KiB, free 433.6 MiB)
[2025-12-07T15:44:41.942+0000] {subprocess.py:93} INFO - 25/12/07 15:44:41 INFO BlockManagerInfo: Added broadcast_10_piece0 in memory on 3db08845f297:33807 (size: 7.2 KiB, free: 434.3 MiB)
[2025-12-07T15:44:41.943+0000] {subprocess.py:93} INFO - 25/12/07 15:44:41 INFO SparkContext: Created broadcast 10 from broadcast at DAGScheduler.scala:1580
[2025-12-07T15:44:41.944+0000] {subprocess.py:93} INFO - 25/12/07 15:44:41 INFO DAGScheduler: Submitting 1 missing tasks from ResultStage 8 (MapPartitionsRDD[25] at showString at NativeMethodAccessorImpl.java:0) (first 15 tasks are for partitions Vector(0))
[2025-12-07T15:44:41.944+0000] {subprocess.py:93} INFO - 25/12/07 15:44:41 INFO TaskSchedulerImpl: Adding task set 8.0 with 1 tasks resource profile 0
[2025-12-07T15:44:41.945+0000] {subprocess.py:93} INFO - 25/12/07 15:44:41 INFO TaskSetManager: Starting task 0.0 in stage 8.0 (TID 6) (3db08845f297, executor driver, partition 0, PROCESS_LOCAL, 9316 bytes)
[2025-12-07T15:44:41.946+0000] {subprocess.py:93} INFO - 25/12/07 15:44:41 INFO Executor: Running task 0.0 in stage 8.0 (TID 6)
[2025-12-07T15:44:41.969+0000] {subprocess.py:93} INFO - 25/12/07 15:44:41 INFO CodeGenerator: Code generated in 17.110355 ms
[2025-12-07T15:44:41.971+0000] {subprocess.py:93} INFO - 25/12/07 15:44:41 INFO FileScanRDD: Reading File path: s3a://datalake/gold/daily_summary/part-00000-4e68d1c9-eb7d-4e71-9939-37fd54233646-c000.snappy.parquet, range: 0-2401, partition values: [empty row]
[2025-12-07T15:44:41.991+0000] {subprocess.py:93} INFO - 25/12/07 15:44:41 INFO S3AInputStream: Switching to Random IO seek policy
[2025-12-07T15:44:42.020+0000] {subprocess.py:93} INFO - 25/12/07 15:44:42 INFO Executor: Finished task 0.0 in stage 8.0 (TID 6). 1926 bytes result sent to driver
[2025-12-07T15:44:42.022+0000] {subprocess.py:93} INFO - 25/12/07 15:44:42 INFO TaskSetManager: Finished task 0.0 in stage 8.0 (TID 6) in 76 ms on 3db08845f297 (executor driver) (1/1)
[2025-12-07T15:44:42.023+0000] {subprocess.py:93} INFO - 25/12/07 15:44:42 INFO TaskSchedulerImpl: Removed TaskSet 8.0, whose tasks have all completed, from pool
[2025-12-07T15:44:42.024+0000] {subprocess.py:93} INFO - 25/12/07 15:44:42 INFO DAGScheduler: ResultStage 8 (showString at NativeMethodAccessorImpl.java:0) finished in 0.090 s
[2025-12-07T15:44:42.025+0000] {subprocess.py:93} INFO - 25/12/07 15:44:42 INFO DAGScheduler: Job 6 is finished. Cancelling potential speculative or zombie tasks for this job
[2025-12-07T15:44:42.026+0000] {subprocess.py:93} INFO - 25/12/07 15:44:42 INFO TaskSchedulerImpl: Killing all running tasks in stage 8: Stage finished
[2025-12-07T15:44:42.027+0000] {subprocess.py:93} INFO - 25/12/07 15:44:42 INFO DAGScheduler: Job 6 finished: showString at NativeMethodAccessorImpl.java:0, took 0.096130 s
[2025-12-07T15:44:42.043+0000] {subprocess.py:93} INFO - 25/12/07 15:44:42 INFO CodeGenerator: Code generated in 10.441874 ms
[2025-12-07T15:44:42.050+0000] {subprocess.py:93} INFO - +----------+------------+------------------------------------------------------------------------------------------------------------------------------------------------------------+------------+------------------+
[2025-12-07T15:44:42.051+0000] {subprocess.py:93} INFO - |date      |total_emails|domain_counts                                                                                                                                               |busiest_hour|busiest_hour_count|
[2025-12-07T15:44:42.052+0000] {subprocess.py:93} INFO - +----------+------------+------------------------------------------------------------------------------------------------------------------------------------------------------------+------------+------------------+
[2025-12-07T15:44:42.053+0000] {subprocess.py:93} INFO - |2025-12-07|70          |linkedin.com>:17|indeed.com>:15|etu.uae.ac.ma>:12|commerce.temuemail.com>:12|datascientist.fr>:7|gmail.com>:5|mail.grammarly.com>:1|inspire.pinterest.com>:1|8           |17                |
[2025-12-07T15:44:42.053+0000] {subprocess.py:93} INFO - +----------+------------+------------------------------------------------------------------------------------------------------------------------------------------------------------+------------+------------------+
[2025-12-07T15:44:42.054+0000] {subprocess.py:93} INFO - 
[2025-12-07T15:44:42.055+0000] {subprocess.py:93} INFO - ============================================================
[2025-12-07T15:44:42.057+0000] {subprocess.py:93} INFO - 
[2025-12-07T15:44:42.058+0000] {subprocess.py:93} INFO - ✅ EXPORT COMPLETED SUCCESSFULLY
[2025-12-07T15:44:42.058+0000] {subprocess.py:93} INFO - 25/12/07 15:44:42 INFO SparkContext: SparkContext is stopping with exitCode 0.
[2025-12-07T15:44:42.114+0000] {subprocess.py:93} INFO - 25/12/07 15:44:42 INFO SparkUI: Stopped Spark web UI at http://3db08845f297:4040
[2025-12-07T15:44:42.132+0000] {subprocess.py:93} INFO - 25/12/07 15:44:42 INFO MapOutputTrackerMasterEndpoint: MapOutputTrackerMasterEndpoint stopped!
[2025-12-07T15:44:42.160+0000] {subprocess.py:93} INFO - 25/12/07 15:44:42 INFO MemoryStore: MemoryStore cleared
[2025-12-07T15:44:42.162+0000] {subprocess.py:93} INFO - 25/12/07 15:44:42 INFO BlockManager: BlockManager stopped
[2025-12-07T15:44:42.166+0000] {subprocess.py:93} INFO - 25/12/07 15:44:42 INFO BlockManagerMaster: BlockManagerMaster stopped
[2025-12-07T15:44:42.169+0000] {subprocess.py:93} INFO - 25/12/07 15:44:42 INFO OutputCommitCoordinator$OutputCommitCoordinatorEndpoint: OutputCommitCoordinator stopped!
[2025-12-07T15:44:42.178+0000] {subprocess.py:93} INFO - 25/12/07 15:44:42 INFO SparkContext: Successfully stopped SparkContext
[2025-12-07T15:44:42.487+0000] {subprocess.py:93} INFO - 25/12/07 15:44:42 INFO ShutdownHookManager: Shutdown hook called
[2025-12-07T15:44:42.488+0000] {subprocess.py:93} INFO - 25/12/07 15:44:42 INFO ShutdownHookManager: Deleting directory /tmp/spark-0ca816a0-869b-48fc-b47c-9fda7534e3ac
[2025-12-07T15:44:42.493+0000] {subprocess.py:93} INFO - 25/12/07 15:44:42 INFO ShutdownHookManager: Deleting directory /tmp/spark-d06a4d47-1cb3-48fe-984b-5123fb9bc62e
[2025-12-07T15:44:42.498+0000] {subprocess.py:93} INFO - 25/12/07 15:44:42 INFO ShutdownHookManager: Deleting directory /tmp/spark-0ca816a0-869b-48fc-b47c-9fda7534e3ac/pyspark-e273e8ef-e8b1-4caa-9a6a-93907541cd4d
[2025-12-07T15:44:42.507+0000] {subprocess.py:93} INFO - 25/12/07 15:44:42 INFO MetricsSystemImpl: Stopping s3a-file-system metrics system...
[2025-12-07T15:44:42.508+0000] {subprocess.py:93} INFO - 25/12/07 15:44:42 INFO MetricsSystemImpl: s3a-file-system metrics system stopped.
[2025-12-07T15:44:42.508+0000] {subprocess.py:93} INFO - 25/12/07 15:44:42 INFO MetricsSystemImpl: s3a-file-system metrics system shutdown complete.
[2025-12-07T15:44:42.575+0000] {subprocess.py:97} INFO - Command exited with return code 0
[2025-12-07T15:44:42.616+0000] {taskinstance.py:1138} INFO - Marking task as SUCCESS. dag_id=email_intelligence_pipeline, task_id=export_to_postgres, execution_date=20251207T154312, start_date=20251207T154425, end_date=20251207T154442
[2025-12-07T15:44:42.675+0000] {local_task_job_runner.py:234} INFO - Task exited with return code 0
[2025-12-07T15:44:42.709+0000] {taskinstance.py:3280} INFO - 0 downstream tasks scheduled from follow-on schedule check
