[2025-12-09T08:19:19.803+0000] {taskinstance.py:1956} INFO - Dependencies all met for dep_context=non-requeueable deps ti=<TaskInstance: email_intelligence_pipeline.quality_assurance_gate scheduled__2025-12-08T02:00:00+00:00 [queued]>
[2025-12-09T08:19:19.829+0000] {taskinstance.py:1956} INFO - Dependencies all met for dep_context=requeueable deps ti=<TaskInstance: email_intelligence_pipeline.quality_assurance_gate scheduled__2025-12-08T02:00:00+00:00 [queued]>
[2025-12-09T08:19:19.831+0000] {taskinstance.py:2170} INFO - Starting attempt 1 of 1
[2025-12-09T08:19:19.872+0000] {taskinstance.py:2191} INFO - Executing <Task(BashOperator): quality_assurance_gate> on 2025-12-08 02:00:00+00:00
[2025-12-09T08:19:19.912+0000] {standard_task_runner.py:60} INFO - Started process 377 to run task
[2025-12-09T08:19:19.938+0000] {standard_task_runner.py:87} INFO - Running: ['***', 'tasks', 'run', 'email_intelligence_pipeline', 'quality_assurance_gate', 'scheduled__2025-12-08T02:00:00+00:00', '--job-id', '255', '--raw', '--subdir', 'DAGS_FOLDER/email_pipeline_dag.py', '--cfg-path', '/tmp/tmpm698fk8h']
[2025-12-09T08:19:19.959+0000] {standard_task_runner.py:88} INFO - Job 255: Subtask quality_assurance_gate
[2025-12-09T08:19:20.499+0000] {task_command.py:423} INFO - Running <TaskInstance: email_intelligence_pipeline.quality_assurance_gate scheduled__2025-12-08T02:00:00+00:00 [running]> on host e1d30f150489
[2025-12-09T08:19:21.175+0000] {taskinstance.py:2480} INFO - Exporting env vars: AIRFLOW_CTX_DAG_OWNER='data_team' AIRFLOW_CTX_DAG_ID='email_intelligence_pipeline' AIRFLOW_CTX_TASK_ID='quality_assurance_gate' AIRFLOW_CTX_EXECUTION_DATE='2025-12-08T02:00:00+00:00' AIRFLOW_CTX_TRY_NUMBER='1' AIRFLOW_CTX_DAG_RUN_ID='scheduled__2025-12-08T02:00:00+00:00'
[2025-12-09T08:19:21.180+0000] {subprocess.py:63} INFO - Tmp dir root location: /tmp
[2025-12-09T08:19:21.183+0000] {subprocess.py:75} INFO - Running command: ['/usr/bin/bash', '-c', '\n        /opt/spark/bin/spark-submit --master local[2] --packages org.apache.hadoop:hadoop-aws:3.3.4             --name QualityAssuranceGate /opt/spark/jobs/data_quality_check.py\n        \n        # Vérifier le résultat du quality check\n        QUALITY_EXIT_CODE=$?\n        \n        if [ $QUALITY_EXIT_CODE -ne 0 ]; then\n            echo "❌ Quality check FAILED (score < 95%)"\n            echo "⛔ Downstream tasks will be SKIPPED"\n            # Toujours retourner 0 pour que quality_gate = SUCCESS\n            exit 0\n        else\n            echo "✅ Quality check PASSED (score >= 95%)"\n            echo "✅ Proceeding to daily aggregation..."\n            exit 0\n        fi\n        ']
[2025-12-09T08:19:21.217+0000] {subprocess.py:86} INFO - Output:
[2025-12-09T08:19:21.272+0000] {subprocess.py:93} INFO - /opt/spark/bin/load-spark-env.sh: line 68: ps: command not found
[2025-12-09T08:19:27.495+0000] {subprocess.py:93} INFO - :: loading settings :: url = jar:file:/opt/spark/jars/ivy-2.5.1.jar!/org/apache/ivy/core/settings/ivysettings.xml
[2025-12-09T08:19:27.841+0000] {subprocess.py:93} INFO - Ivy Default Cache set to: /home/***/.ivy2/cache
[2025-12-09T08:19:27.844+0000] {subprocess.py:93} INFO - The jars for the packages stored in: /home/***/.ivy2/jars
[2025-12-09T08:19:27.851+0000] {subprocess.py:93} INFO - org.apache.hadoop#hadoop-aws added as a dependency
[2025-12-09T08:19:27.854+0000] {subprocess.py:93} INFO - :: resolving dependencies :: org.apache.spark#spark-submit-parent-6612d8d9-726b-43a8-aba8-5ca46ed35871;1.0
[2025-12-09T08:19:27.856+0000] {subprocess.py:93} INFO - 	confs: [default]
[2025-12-09T08:19:28.865+0000] {subprocess.py:93} INFO - 	found org.apache.hadoop#hadoop-aws;3.3.4 in central
[2025-12-09T08:19:28.949+0000] {subprocess.py:93} INFO - 	found com.amazonaws#aws-java-sdk-bundle;1.12.262 in central
[2025-12-09T08:19:29.057+0000] {subprocess.py:93} INFO - 	found org.wildfly.openssl#wildfly-openssl;1.0.7.Final in central
[2025-12-09T08:19:29.105+0000] {subprocess.py:93} INFO - :: resolution report :: resolve 1227ms :: artifacts dl 23ms
[2025-12-09T08:19:29.107+0000] {subprocess.py:93} INFO - 	:: modules in use:
[2025-12-09T08:19:29.108+0000] {subprocess.py:93} INFO - 	com.amazonaws#aws-java-sdk-bundle;1.12.262 from central in [default]
[2025-12-09T08:19:29.109+0000] {subprocess.py:93} INFO - 	org.apache.hadoop#hadoop-aws;3.3.4 from central in [default]
[2025-12-09T08:19:29.110+0000] {subprocess.py:93} INFO - 	org.wildfly.openssl#wildfly-openssl;1.0.7.Final from central in [default]
[2025-12-09T08:19:29.112+0000] {subprocess.py:93} INFO - 	---------------------------------------------------------------------
[2025-12-09T08:19:29.113+0000] {subprocess.py:93} INFO - 	|                  |            modules            ||   artifacts   |
[2025-12-09T08:19:29.114+0000] {subprocess.py:93} INFO - 	|       conf       | number| search|dwnlded|evicted|| number|dwnlded|
[2025-12-09T08:19:29.121+0000] {subprocess.py:93} INFO - 	---------------------------------------------------------------------
[2025-12-09T08:19:29.123+0000] {subprocess.py:93} INFO - 	|      default     |   3   |   0   |   0   |   0   ||   3   |   0   |
[2025-12-09T08:19:29.127+0000] {subprocess.py:93} INFO - 	---------------------------------------------------------------------
[2025-12-09T08:19:29.130+0000] {subprocess.py:93} INFO - :: retrieving :: org.apache.spark#spark-submit-parent-6612d8d9-726b-43a8-aba8-5ca46ed35871
[2025-12-09T08:19:29.136+0000] {subprocess.py:93} INFO - 	confs: [default]
[2025-12-09T08:19:29.144+0000] {subprocess.py:93} INFO - 	0 artifacts copied, 3 already retrieved (0kB/24ms)
[2025-12-09T08:19:29.817+0000] {subprocess.py:93} INFO - 25/12/09 08:19:29 WARN NativeCodeLoader: Unable to load native-hadoop library for your platform... using builtin-java classes where applicable
[2025-12-09T08:19:35.254+0000] {subprocess.py:93} INFO - 🚀 Starting Data Quality Check
[2025-12-09T08:19:35.267+0000] {subprocess.py:93} INFO - 📋 Required fields: id, from, to, subject, body, date, sender_domain
[2025-12-09T08:19:35.268+0000] {subprocess.py:93} INFO - 📈 Quality threshold: 95%
[2025-12-09T08:19:35.271+0000] {subprocess.py:93} INFO - 
[2025-12-09T08:19:35.273+0000] {subprocess.py:93} INFO - 📍 Step 1: Creating Spark Session...
[2025-12-09T08:19:36.255+0000] {subprocess.py:93} INFO - 25/12/09 08:19:36 INFO SparkContext: Running Spark version 3.5.0
[2025-12-09T08:19:36.257+0000] {subprocess.py:93} INFO - 25/12/09 08:19:36 INFO SparkContext: OS info Linux, 6.6.87.2-microsoft-standard-WSL2, amd64
[2025-12-09T08:19:36.258+0000] {subprocess.py:93} INFO - 25/12/09 08:19:36 INFO SparkContext: Java version 17.0.17
[2025-12-09T08:19:36.352+0000] {subprocess.py:93} INFO - 25/12/09 08:19:36 INFO ResourceUtils: ==============================================================
[2025-12-09T08:19:36.355+0000] {subprocess.py:93} INFO - 25/12/09 08:19:36 INFO ResourceUtils: No custom resources configured for spark.driver.
[2025-12-09T08:19:36.359+0000] {subprocess.py:93} INFO - 25/12/09 08:19:36 INFO ResourceUtils: ==============================================================
[2025-12-09T08:19:36.366+0000] {subprocess.py:93} INFO - 25/12/09 08:19:36 INFO SparkContext: Submitted application: DataQualityCheck
[2025-12-09T08:19:36.451+0000] {subprocess.py:93} INFO - 25/12/09 08:19:36 INFO ResourceProfile: Default ResourceProfile created, executor resources: Map(cores -> name: cores, amount: 1, script: , vendor: , memory -> name: memory, amount: 1024, script: , vendor: , offHeap -> name: offHeap, amount: 0, script: , vendor: ), task resources: Map(cpus -> name: cpus, amount: 1.0)
[2025-12-09T08:19:36.478+0000] {subprocess.py:93} INFO - 25/12/09 08:19:36 INFO ResourceProfile: Limiting resource is cpu
[2025-12-09T08:19:36.481+0000] {subprocess.py:93} INFO - 25/12/09 08:19:36 INFO ResourceProfileManager: Added ResourceProfile id: 0
[2025-12-09T08:19:36.748+0000] {subprocess.py:93} INFO - 25/12/09 08:19:36 INFO SecurityManager: Changing view acls to: ***
[2025-12-09T08:19:36.751+0000] {subprocess.py:93} INFO - 25/12/09 08:19:36 INFO SecurityManager: Changing modify acls to: ***
[2025-12-09T08:19:36.753+0000] {subprocess.py:93} INFO - 25/12/09 08:19:36 INFO SecurityManager: Changing view acls groups to:
[2025-12-09T08:19:36.759+0000] {subprocess.py:93} INFO - 25/12/09 08:19:36 INFO SecurityManager: Changing modify acls groups to:
[2025-12-09T08:19:36.761+0000] {subprocess.py:93} INFO - 25/12/09 08:19:36 INFO SecurityManager: SecurityManager: authentication disabled; ui acls disabled; users with view permissions: ***; groups with view permissions: EMPTY; users with modify permissions: ***; groups with modify permissions: EMPTY
[2025-12-09T08:19:38.922+0000] {subprocess.py:93} INFO - 25/12/09 08:19:38 INFO Utils: Successfully started service 'sparkDriver' on port 42139.
[2025-12-09T08:19:39.063+0000] {subprocess.py:93} INFO - 25/12/09 08:19:39 INFO SparkEnv: Registering MapOutputTracker
[2025-12-09T08:19:39.420+0000] {subprocess.py:93} INFO - 25/12/09 08:19:39 INFO SparkEnv: Registering BlockManagerMaster
[2025-12-09T08:19:39.488+0000] {subprocess.py:93} INFO - 25/12/09 08:19:39 INFO BlockManagerMasterEndpoint: Using org.apache.spark.storage.DefaultTopologyMapper for getting topology information
[2025-12-09T08:19:39.489+0000] {subprocess.py:93} INFO - 25/12/09 08:19:39 INFO BlockManagerMasterEndpoint: BlockManagerMasterEndpoint up
[2025-12-09T08:19:39.505+0000] {subprocess.py:93} INFO - 25/12/09 08:19:39 INFO SparkEnv: Registering BlockManagerMasterHeartbeat
[2025-12-09T08:19:39.626+0000] {subprocess.py:93} INFO - 25/12/09 08:19:39 INFO DiskBlockManager: Created local directory at /tmp/blockmgr-00cb95ab-c72c-42c2-a4b1-5a29f871c519
[2025-12-09T08:19:39.683+0000] {subprocess.py:93} INFO - 25/12/09 08:19:39 INFO MemoryStore: MemoryStore started with capacity 434.4 MiB
[2025-12-09T08:19:39.710+0000] {subprocess.py:93} INFO - 25/12/09 08:19:39 INFO SparkEnv: Registering OutputCommitCoordinator
[2025-12-09T08:19:40.180+0000] {subprocess.py:93} INFO - 25/12/09 08:19:40 INFO JettyUtils: Start Jetty 0.0.0.0:4040 for SparkUI
[2025-12-09T08:19:40.341+0000] {subprocess.py:93} INFO - 25/12/09 08:19:40 WARN Utils: Service 'SparkUI' could not bind on port 4040. Attempting port 4041.
[2025-12-09T08:19:40.361+0000] {subprocess.py:93} INFO - 25/12/09 08:19:40 INFO Utils: Successfully started service 'SparkUI' on port 4041.
[2025-12-09T08:19:40.485+0000] {subprocess.py:93} INFO - 25/12/09 08:19:40 INFO SparkContext: Added JAR file:///home/***/.ivy2/jars/org.apache.hadoop_hadoop-aws-3.3.4.jar at spark://e1d30f150489:42139/jars/org.apache.hadoop_hadoop-aws-3.3.4.jar with timestamp 1765268376240
[2025-12-09T08:19:40.487+0000] {subprocess.py:93} INFO - 25/12/09 08:19:40 INFO SparkContext: Added JAR file:///home/***/.ivy2/jars/com.amazonaws_aws-java-sdk-bundle-1.12.262.jar at spark://e1d30f150489:42139/jars/com.amazonaws_aws-java-sdk-bundle-1.12.262.jar with timestamp 1765268376240
[2025-12-09T08:19:40.490+0000] {subprocess.py:93} INFO - 25/12/09 08:19:40 INFO SparkContext: Added JAR file:///home/***/.ivy2/jars/org.wildfly.openssl_wildfly-openssl-1.0.7.Final.jar at spark://e1d30f150489:42139/jars/org.wildfly.openssl_wildfly-openssl-1.0.7.Final.jar with timestamp 1765268376240
[2025-12-09T08:19:40.509+0000] {subprocess.py:93} INFO - 25/12/09 08:19:40 INFO SparkContext: Added file file:///home/***/.ivy2/jars/org.apache.hadoop_hadoop-aws-3.3.4.jar at file:///home/***/.ivy2/jars/org.apache.hadoop_hadoop-aws-3.3.4.jar with timestamp 1765268376240
[2025-12-09T08:19:40.518+0000] {subprocess.py:93} INFO - 25/12/09 08:19:40 INFO Utils: Copying /home/***/.ivy2/jars/org.apache.hadoop_hadoop-aws-3.3.4.jar to /tmp/spark-890f7842-efae-4433-b408-8ca7e2477b32/userFiles-8c522f11-bbe7-409b-9cdf-99d8459a9767/org.apache.hadoop_hadoop-aws-3.3.4.jar
[2025-12-09T08:19:40.607+0000] {subprocess.py:93} INFO - 25/12/09 08:19:40 INFO SparkContext: Added file file:///home/***/.ivy2/jars/com.amazonaws_aws-java-sdk-bundle-1.12.262.jar at file:///home/***/.ivy2/jars/com.amazonaws_aws-java-sdk-bundle-1.12.262.jar with timestamp 1765268376240
[2025-12-09T08:19:40.608+0000] {subprocess.py:93} INFO - 25/12/09 08:19:40 INFO Utils: Copying /home/***/.ivy2/jars/com.amazonaws_aws-java-sdk-bundle-1.12.262.jar to /tmp/spark-890f7842-efae-4433-b408-8ca7e2477b32/userFiles-8c522f11-bbe7-409b-9cdf-99d8459a9767/com.amazonaws_aws-java-sdk-bundle-1.12.262.jar
[2025-12-09T08:19:42.029+0000] {subprocess.py:93} INFO - 25/12/09 08:19:42 INFO SparkContext: Added file file:///home/***/.ivy2/jars/org.wildfly.openssl_wildfly-openssl-1.0.7.Final.jar at file:///home/***/.ivy2/jars/org.wildfly.openssl_wildfly-openssl-1.0.7.Final.jar with timestamp 1765268376240
[2025-12-09T08:19:42.032+0000] {subprocess.py:93} INFO - 25/12/09 08:19:42 INFO Utils: Copying /home/***/.ivy2/jars/org.wildfly.openssl_wildfly-openssl-1.0.7.Final.jar to /tmp/spark-890f7842-efae-4433-b408-8ca7e2477b32/userFiles-8c522f11-bbe7-409b-9cdf-99d8459a9767/org.wildfly.openssl_wildfly-openssl-1.0.7.Final.jar
[2025-12-09T08:19:42.180+0000] {subprocess.py:93} INFO - 25/12/09 08:19:42 INFO Executor: Starting executor ID driver on host e1d30f150489
[2025-12-09T08:19:42.181+0000] {subprocess.py:93} INFO - 25/12/09 08:19:42 INFO Executor: OS info Linux, 6.6.87.2-microsoft-standard-WSL2, amd64
[2025-12-09T08:19:42.182+0000] {subprocess.py:93} INFO - 25/12/09 08:19:42 INFO Executor: Java version 17.0.17
[2025-12-09T08:19:42.198+0000] {subprocess.py:93} INFO - 25/12/09 08:19:42 INFO Executor: Starting executor with user classpath (userClassPathFirst = false): ''
[2025-12-09T08:19:42.200+0000] {subprocess.py:93} INFO - 25/12/09 08:19:42 INFO Executor: Created or updated repl class loader org.apache.spark.util.MutableURLClassLoader@549aa95a for default.
[2025-12-09T08:19:42.254+0000] {subprocess.py:93} INFO - 25/12/09 08:19:42 INFO Executor: Fetching file:///home/***/.ivy2/jars/com.amazonaws_aws-java-sdk-bundle-1.12.262.jar with timestamp 1765268376240
[2025-12-09T08:19:43.827+0000] {subprocess.py:93} INFO - 25/12/09 08:19:43 INFO Utils: /home/***/.ivy2/jars/com.amazonaws_aws-java-sdk-bundle-1.12.262.jar has been previously copied to /tmp/spark-890f7842-efae-4433-b408-8ca7e2477b32/userFiles-8c522f11-bbe7-409b-9cdf-99d8459a9767/com.amazonaws_aws-java-sdk-bundle-1.12.262.jar
[2025-12-09T08:19:43.912+0000] {subprocess.py:93} INFO - 25/12/09 08:19:43 INFO Executor: Fetching file:///home/***/.ivy2/jars/org.wildfly.openssl_wildfly-openssl-1.0.7.Final.jar with timestamp 1765268376240
[2025-12-09T08:19:43.917+0000] {subprocess.py:93} INFO - 25/12/09 08:19:43 INFO Utils: /home/***/.ivy2/jars/org.wildfly.openssl_wildfly-openssl-1.0.7.Final.jar has been previously copied to /tmp/spark-890f7842-efae-4433-b408-8ca7e2477b32/userFiles-8c522f11-bbe7-409b-9cdf-99d8459a9767/org.wildfly.openssl_wildfly-openssl-1.0.7.Final.jar
[2025-12-09T08:19:43.964+0000] {subprocess.py:93} INFO - 25/12/09 08:19:43 INFO Executor: Fetching file:///home/***/.ivy2/jars/org.apache.hadoop_hadoop-aws-3.3.4.jar with timestamp 1765268376240
[2025-12-09T08:19:43.978+0000] {subprocess.py:93} INFO - 25/12/09 08:19:43 INFO Utils: /home/***/.ivy2/jars/org.apache.hadoop_hadoop-aws-3.3.4.jar has been previously copied to /tmp/spark-890f7842-efae-4433-b408-8ca7e2477b32/userFiles-8c522f11-bbe7-409b-9cdf-99d8459a9767/org.apache.hadoop_hadoop-aws-3.3.4.jar
[2025-12-09T08:19:44.024+0000] {subprocess.py:93} INFO - 25/12/09 08:19:44 INFO Executor: Fetching spark://e1d30f150489:42139/jars/org.wildfly.openssl_wildfly-openssl-1.0.7.Final.jar with timestamp 1765268376240
[2025-12-09T08:19:44.213+0000] {subprocess.py:93} INFO - 25/12/09 08:19:44 INFO TransportClientFactory: Successfully created connection to e1d30f150489/172.20.0.7:42139 after 126 ms (0 ms spent in bootstraps)
[2025-12-09T08:19:44.251+0000] {subprocess.py:93} INFO - 25/12/09 08:19:44 INFO Utils: Fetching spark://e1d30f150489:42139/jars/org.wildfly.openssl_wildfly-openssl-1.0.7.Final.jar to /tmp/spark-890f7842-efae-4433-b408-8ca7e2477b32/userFiles-8c522f11-bbe7-409b-9cdf-99d8459a9767/fetchFileTemp10296750067844054008.tmp
[2025-12-09T08:19:44.351+0000] {subprocess.py:93} INFO - 25/12/09 08:19:44 INFO Utils: /tmp/spark-890f7842-efae-4433-b408-8ca7e2477b32/userFiles-8c522f11-bbe7-409b-9cdf-99d8459a9767/fetchFileTemp10296750067844054008.tmp has been previously copied to /tmp/spark-890f7842-efae-4433-b408-8ca7e2477b32/userFiles-8c522f11-bbe7-409b-9cdf-99d8459a9767/org.wildfly.openssl_wildfly-openssl-1.0.7.Final.jar
[2025-12-09T08:19:44.395+0000] {subprocess.py:93} INFO - 25/12/09 08:19:44 INFO Executor: Adding file:/tmp/spark-890f7842-efae-4433-b408-8ca7e2477b32/userFiles-8c522f11-bbe7-409b-9cdf-99d8459a9767/org.wildfly.openssl_wildfly-openssl-1.0.7.Final.jar to class loader default
[2025-12-09T08:19:44.397+0000] {subprocess.py:93} INFO - 25/12/09 08:19:44 INFO Executor: Fetching spark://e1d30f150489:42139/jars/com.amazonaws_aws-java-sdk-bundle-1.12.262.jar with timestamp 1765268376240
[2025-12-09T08:19:44.399+0000] {subprocess.py:93} INFO - 25/12/09 08:19:44 INFO Utils: Fetching spark://e1d30f150489:42139/jars/com.amazonaws_aws-java-sdk-bundle-1.12.262.jar to /tmp/spark-890f7842-efae-4433-b408-8ca7e2477b32/userFiles-8c522f11-bbe7-409b-9cdf-99d8459a9767/fetchFileTemp16436177446295664844.tmp
[2025-12-09T08:19:47.600+0000] {subprocess.py:93} INFO - 25/12/09 08:19:47 INFO Utils: /tmp/spark-890f7842-efae-4433-b408-8ca7e2477b32/userFiles-8c522f11-bbe7-409b-9cdf-99d8459a9767/fetchFileTemp16436177446295664844.tmp has been previously copied to /tmp/spark-890f7842-efae-4433-b408-8ca7e2477b32/userFiles-8c522f11-bbe7-409b-9cdf-99d8459a9767/com.amazonaws_aws-java-sdk-bundle-1.12.262.jar
[2025-12-09T08:19:47.637+0000] {subprocess.py:93} INFO - 25/12/09 08:19:47 INFO Executor: Adding file:/tmp/spark-890f7842-efae-4433-b408-8ca7e2477b32/userFiles-8c522f11-bbe7-409b-9cdf-99d8459a9767/com.amazonaws_aws-java-sdk-bundle-1.12.262.jar to class loader default
[2025-12-09T08:19:47.639+0000] {subprocess.py:93} INFO - 25/12/09 08:19:47 INFO Executor: Fetching spark://e1d30f150489:42139/jars/org.apache.hadoop_hadoop-aws-3.3.4.jar with timestamp 1765268376240
[2025-12-09T08:19:47.640+0000] {subprocess.py:93} INFO - 25/12/09 08:19:47 INFO Utils: Fetching spark://e1d30f150489:42139/jars/org.apache.hadoop_hadoop-aws-3.3.4.jar to /tmp/spark-890f7842-efae-4433-b408-8ca7e2477b32/userFiles-8c522f11-bbe7-409b-9cdf-99d8459a9767/fetchFileTemp7496800890036565312.tmp
[2025-12-09T08:19:47.653+0000] {subprocess.py:93} INFO - 25/12/09 08:19:47 INFO Utils: /tmp/spark-890f7842-efae-4433-b408-8ca7e2477b32/userFiles-8c522f11-bbe7-409b-9cdf-99d8459a9767/fetchFileTemp7496800890036565312.tmp has been previously copied to /tmp/spark-890f7842-efae-4433-b408-8ca7e2477b32/userFiles-8c522f11-bbe7-409b-9cdf-99d8459a9767/org.apache.hadoop_hadoop-aws-3.3.4.jar
[2025-12-09T08:19:47.662+0000] {subprocess.py:93} INFO - 25/12/09 08:19:47 INFO Executor: Adding file:/tmp/spark-890f7842-efae-4433-b408-8ca7e2477b32/userFiles-8c522f11-bbe7-409b-9cdf-99d8459a9767/org.apache.hadoop_hadoop-aws-3.3.4.jar to class loader default
[2025-12-09T08:19:47.683+0000] {subprocess.py:93} INFO - 25/12/09 08:19:47 INFO Utils: Successfully started service 'org.apache.spark.network.netty.NettyBlockTransferService' on port 33545.
[2025-12-09T08:19:47.684+0000] {subprocess.py:93} INFO - 25/12/09 08:19:47 INFO NettyBlockTransferService: Server created on e1d30f150489:33545
[2025-12-09T08:19:47.688+0000] {subprocess.py:93} INFO - 25/12/09 08:19:47 INFO BlockManager: Using org.apache.spark.storage.RandomBlockReplicationPolicy for block replication policy
[2025-12-09T08:19:47.715+0000] {subprocess.py:93} INFO - 25/12/09 08:19:47 INFO BlockManagerMaster: Registering BlockManager BlockManagerId(driver, e1d30f150489, 33545, None)
[2025-12-09T08:19:47.727+0000] {subprocess.py:93} INFO - 25/12/09 08:19:47 INFO BlockManagerMasterEndpoint: Registering block manager e1d30f150489:33545 with 434.4 MiB RAM, BlockManagerId(driver, e1d30f150489, 33545, None)
[2025-12-09T08:19:47.735+0000] {subprocess.py:93} INFO - 25/12/09 08:19:47 INFO BlockManagerMaster: Registered BlockManager BlockManagerId(driver, e1d30f150489, 33545, None)
[2025-12-09T08:19:47.738+0000] {subprocess.py:93} INFO - 25/12/09 08:19:47 INFO BlockManager: Initialized BlockManager: BlockManagerId(driver, e1d30f150489, 33545, None)
[2025-12-09T08:19:48.552+0000] {subprocess.py:93} INFO - ✅ Spark Session created successfully!
[2025-12-09T08:19:48.553+0000] {subprocess.py:93} INFO - 
[2025-12-09T08:19:48.554+0000] {subprocess.py:93} INFO - 📍 Step 2: Reading Bronze Layer...
[2025-12-09T08:19:48.555+0000] {subprocess.py:93} INFO - 📂 Reading from: s3a://datalake/bronze/emails/
[2025-12-09T08:19:48.566+0000] {subprocess.py:93} INFO - 25/12/09 08:19:48 INFO SharedState: Setting hive.metastore.warehouse.dir ('null') to the value of spark.sql.warehouse.dir.
[2025-12-09T08:19:48.569+0000] {subprocess.py:93} INFO - 25/12/09 08:19:48 INFO SharedState: Warehouse path is 'file:/tmp/***tmp237tegj2/spark-warehouse'.
[2025-12-09T08:19:50.714+0000] {subprocess.py:93} INFO - 25/12/09 08:19:50 WARN MetricsConfig: Cannot locate configuration: tried hadoop-metrics2-s3a-file-system.properties,hadoop-metrics2.properties
[2025-12-09T08:19:50.790+0000] {subprocess.py:93} INFO - 25/12/09 08:19:50 INFO MetricsSystemImpl: Scheduled Metric snapshot period at 10 second(s).
[2025-12-09T08:19:50.795+0000] {subprocess.py:93} INFO - 25/12/09 08:19:50 INFO MetricsSystemImpl: s3a-file-system metrics system started
[2025-12-09T08:19:50.806+0000] {subprocess.py:93} INFO - 25/12/09 08:19:50 INFO MetadataLogFileIndex: Reading streaming file log from s3a://datalake/bronze/emails/_spark_metadata
[2025-12-09T08:19:50.990+0000] {subprocess.py:93} INFO - 25/12/09 08:19:50 INFO FileStreamSinkLog: BatchIds found from listing:
[2025-12-09T08:19:51.739+0000] {subprocess.py:93} INFO - 25/12/09 08:19:51 INFO SparkContext: Starting job: parquet at NativeMethodAccessorImpl.java:0
[2025-12-09T08:19:51.760+0000] {subprocess.py:93} INFO - 25/12/09 08:19:51 INFO DAGScheduler: Got job 0 (parquet at NativeMethodAccessorImpl.java:0) with 1 output partitions
[2025-12-09T08:19:51.761+0000] {subprocess.py:93} INFO - 25/12/09 08:19:51 INFO DAGScheduler: Final stage: ResultStage 0 (parquet at NativeMethodAccessorImpl.java:0)
[2025-12-09T08:19:51.762+0000] {subprocess.py:93} INFO - 25/12/09 08:19:51 INFO DAGScheduler: Parents of final stage: List()
[2025-12-09T08:19:51.763+0000] {subprocess.py:93} INFO - 25/12/09 08:19:51 INFO DAGScheduler: Missing parents: List()
[2025-12-09T08:19:51.767+0000] {subprocess.py:93} INFO - 25/12/09 08:19:51 INFO DAGScheduler: Submitting ResultStage 0 (MapPartitionsRDD[1] at parquet at NativeMethodAccessorImpl.java:0), which has no missing parents
[2025-12-09T08:19:51.954+0000] {subprocess.py:93} INFO - 25/12/09 08:19:51 INFO MemoryStore: Block broadcast_0 stored as values in memory (estimated size 105.5 KiB, free 434.3 MiB)
[2025-12-09T08:19:52.043+0000] {subprocess.py:93} INFO - 25/12/09 08:19:52 INFO MemoryStore: Block broadcast_0_piece0 stored as bytes in memory (estimated size 38.2 KiB, free 434.3 MiB)
[2025-12-09T08:19:52.048+0000] {subprocess.py:93} INFO - 25/12/09 08:19:52 INFO BlockManagerInfo: Added broadcast_0_piece0 in memory on e1d30f150489:33545 (size: 38.2 KiB, free: 434.4 MiB)
[2025-12-09T08:19:52.057+0000] {subprocess.py:93} INFO - 25/12/09 08:19:52 INFO SparkContext: Created broadcast 0 from broadcast at DAGScheduler.scala:1580
[2025-12-09T08:19:52.088+0000] {subprocess.py:93} INFO - 25/12/09 08:19:52 INFO DAGScheduler: Submitting 1 missing tasks from ResultStage 0 (MapPartitionsRDD[1] at parquet at NativeMethodAccessorImpl.java:0) (first 15 tasks are for partitions Vector(0))
[2025-12-09T08:19:52.091+0000] {subprocess.py:93} INFO - 25/12/09 08:19:52 INFO TaskSchedulerImpl: Adding task set 0.0 with 1 tasks resource profile 0
[2025-12-09T08:19:52.167+0000] {subprocess.py:93} INFO - 25/12/09 08:19:52 INFO TaskSetManager: Starting task 0.0 in stage 0.0 (TID 0) (e1d30f150489, executor driver, partition 0, PROCESS_LOCAL, 8334 bytes)
[2025-12-09T08:19:52.199+0000] {subprocess.py:93} INFO - 25/12/09 08:19:52 INFO Executor: Running task 0.0 in stage 0.0 (TID 0)
[2025-12-09T08:19:52.369+0000] {subprocess.py:93} INFO - 25/12/09 08:19:52 INFO Executor: Finished task 0.0 in stage 0.0 (TID 0). 956 bytes result sent to driver
[2025-12-09T08:19:52.395+0000] {subprocess.py:93} INFO - 25/12/09 08:19:52 INFO TaskSetManager: Finished task 0.0 in stage 0.0 (TID 0) in 250 ms on e1d30f150489 (executor driver) (1/1)
[2025-12-09T08:19:52.397+0000] {subprocess.py:93} INFO - 25/12/09 08:19:52 INFO TaskSchedulerImpl: Removed TaskSet 0.0, whose tasks have all completed, from pool
[2025-12-09T08:19:52.405+0000] {subprocess.py:93} INFO - 25/12/09 08:19:52 INFO DAGScheduler: ResultStage 0 (parquet at NativeMethodAccessorImpl.java:0) finished in 0.590 s
[2025-12-09T08:19:52.410+0000] {subprocess.py:93} INFO - 25/12/09 08:19:52 INFO DAGScheduler: Job 0 is finished. Cancelling potential speculative or zombie tasks for this job
[2025-12-09T08:19:52.412+0000] {subprocess.py:93} INFO - 25/12/09 08:19:52 INFO TaskSchedulerImpl: Killing all running tasks in stage 0: Stage finished
[2025-12-09T08:19:52.415+0000] {subprocess.py:93} INFO - 25/12/09 08:19:52 INFO DAGScheduler: Job 0 finished: parquet at NativeMethodAccessorImpl.java:0, took 0.674165 s
[2025-12-09T08:19:52.665+0000] {subprocess.py:93} INFO - ❌ Error reading Bronze: Unable to infer schema for Parquet at . It must be specified manually.
[2025-12-09T08:19:52.667+0000] {subprocess.py:93} INFO - ❌ No data found in Bronze layer!
[2025-12-09T08:19:52.671+0000] {subprocess.py:93} INFO - 25/12/09 08:19:52 INFO SparkContext: SparkContext is stopping with exitCode 0.
[2025-12-09T08:19:52.698+0000] {subprocess.py:93} INFO - 25/12/09 08:19:52 INFO SparkUI: Stopped Spark web UI at http://e1d30f150489:4041
[2025-12-09T08:19:52.723+0000] {subprocess.py:93} INFO - 25/12/09 08:19:52 INFO MapOutputTrackerMasterEndpoint: MapOutputTrackerMasterEndpoint stopped!
[2025-12-09T08:19:52.757+0000] {subprocess.py:93} INFO - 25/12/09 08:19:52 INFO MemoryStore: MemoryStore cleared
[2025-12-09T08:19:52.759+0000] {subprocess.py:93} INFO - 25/12/09 08:19:52 INFO BlockManager: BlockManager stopped
[2025-12-09T08:19:52.773+0000] {subprocess.py:93} INFO - 25/12/09 08:19:52 INFO BlockManagerMaster: BlockManagerMaster stopped
[2025-12-09T08:19:52.776+0000] {subprocess.py:93} INFO - 25/12/09 08:19:52 INFO OutputCommitCoordinator$OutputCommitCoordinatorEndpoint: OutputCommitCoordinator stopped!
[2025-12-09T08:19:52.805+0000] {subprocess.py:93} INFO - 25/12/09 08:19:52 INFO SparkContext: Successfully stopped SparkContext
[2025-12-09T08:19:53.193+0000] {subprocess.py:93} INFO - 25/12/09 08:19:53 INFO ShutdownHookManager: Shutdown hook called
[2025-12-09T08:19:53.196+0000] {subprocess.py:93} INFO - 25/12/09 08:19:53 INFO ShutdownHookManager: Deleting directory /tmp/spark-7ea850ac-fa85-4d02-bbaa-ece063f2730b
[2025-12-09T08:19:53.209+0000] {subprocess.py:93} INFO - 25/12/09 08:19:53 INFO ShutdownHookManager: Deleting directory /tmp/spark-890f7842-efae-4433-b408-8ca7e2477b32
[2025-12-09T08:19:53.218+0000] {subprocess.py:93} INFO - 25/12/09 08:19:53 INFO ShutdownHookManager: Deleting directory /tmp/spark-890f7842-efae-4433-b408-8ca7e2477b32/pyspark-cbaa3145-07a7-465d-b0a3-a97f82da95a0
[2025-12-09T08:19:53.318+0000] {subprocess.py:93} INFO - ❌ Quality check FAILED (score < 95%)
[2025-12-09T08:19:53.320+0000] {subprocess.py:93} INFO - ⛔ Downstream tasks will be SKIPPED
[2025-12-09T08:19:53.330+0000] {subprocess.py:97} INFO - Command exited with return code 0
[2025-12-09T08:19:53.755+0000] {taskinstance.py:1138} INFO - Marking task as SUCCESS. dag_id=email_intelligence_pipeline, task_id=quality_assurance_gate, execution_date=20251208T020000, start_date=20251209T081919, end_date=20251209T081953
[2025-12-09T08:19:55.617+0000] {local_task_job_runner.py:234} INFO - Task exited with return code 0
[2025-12-09T08:19:55.815+0000] {taskinstance.py:3280} INFO - 0 downstream tasks scheduled from follow-on schedule check
