[2025-12-10T19:53:20.901+0000] {taskinstance.py:1956} INFO - Dependencies all met for dep_context=non-requeueable deps ti=<TaskInstance: email_intelligence_pipeline.gmail_extraction manual__2025-12-10T19:53:18.537261+00:00 [queued]>
[2025-12-10T19:53:20.915+0000] {taskinstance.py:1956} INFO - Dependencies all met for dep_context=requeueable deps ti=<TaskInstance: email_intelligence_pipeline.gmail_extraction manual__2025-12-10T19:53:18.537261+00:00 [queued]>
[2025-12-10T19:53:20.916+0000] {taskinstance.py:2170} INFO - Starting attempt 1 of 1
[2025-12-10T19:53:20.943+0000] {taskinstance.py:2191} INFO - Executing <Task(BashOperator): gmail_extraction> on 2025-12-10 19:53:18.537261+00:00
[2025-12-10T19:53:20.951+0000] {standard_task_runner.py:60} INFO - Started process 183 to run task
[2025-12-10T19:53:20.979+0000] {standard_task_runner.py:87} INFO - Running: ['***', 'tasks', 'run', 'email_intelligence_pipeline', 'gmail_extraction', 'manual__2025-12-10T19:53:18.537261+00:00', '--job-id', '433', '--raw', '--subdir', 'DAGS_FOLDER/email_pipeline_dag.py', '--cfg-path', '/tmp/tmpw1z4g65e']
[2025-12-10T19:53:21.010+0000] {standard_task_runner.py:88} INFO - Job 433: Subtask gmail_extraction
[2025-12-10T19:53:21.307+0000] {task_command.py:423} INFO - Running <TaskInstance: email_intelligence_pipeline.gmail_extraction manual__2025-12-10T19:53:18.537261+00:00 [running]> on host e428b2e16328
[2025-12-10T19:53:21.578+0000] {taskinstance.py:2480} INFO - Exporting env vars: AIRFLOW_CTX_DAG_OWNER='data_team' AIRFLOW_CTX_DAG_ID='email_intelligence_pipeline' AIRFLOW_CTX_TASK_ID='gmail_extraction' AIRFLOW_CTX_EXECUTION_DATE='2025-12-10T19:53:18.537261+00:00' AIRFLOW_CTX_TRY_NUMBER='1' AIRFLOW_CTX_DAG_RUN_ID='manual__2025-12-10T19:53:18.537261+00:00'
[2025-12-10T19:53:21.586+0000] {subprocess.py:63} INFO - Tmp dir root location: /tmp
[2025-12-10T19:53:21.588+0000] {subprocess.py:75} INFO - Running command: ['/usr/bin/bash', '-c', 'python /opt/***/kafka/Producer/email_producer.py']
[2025-12-10T19:53:21.606+0000] {subprocess.py:86} INFO - Output:
[2025-12-10T19:53:22.933+0000] {subprocess.py:93} INFO - 2025-12-10 19:53:22,932 - INFO - 🔄 Connecting to Kafka broker: kafka:29092
[2025-12-10T19:53:26.957+0000] {subprocess.py:93} INFO - 2025-12-10 19:53:26,957 - WARNING - DNS lookup failed for kafka:29092, exception was [Errno -5] No address associated with hostname. Is your advertised.listeners (called advertised.host.name before Kafka 9) correct and resolvable?
[2025-12-10T19:53:26.958+0000] {subprocess.py:93} INFO - 2025-12-10 19:53:26,957 - ERROR - <BrokerConnection client_id=kafka-python-2.3.0, node_id=bootstrap-0 host=kafka:29092 <connecting> [unspecified None]>: DNS lookup failed for kafka:29092 (AddressFamily.AF_UNSPEC)
[2025-12-10T19:53:26.959+0000] {subprocess.py:93} INFO - 2025-12-10 19:53:26,957 - ERROR - <BrokerConnection client_id=kafka-python-2.3.0, node_id=bootstrap-0 host=kafka:29092 <connecting> [unspecified None]>: Closing connection. KafkaConnectionError: DNS failure
[2025-12-10T19:53:26.969+0000] {subprocess.py:93} INFO - Traceback (most recent call last):
[2025-12-10T19:53:26.970+0000] {subprocess.py:93} INFO -   File "/opt/***/kafka/Producer/email_producer.py", line 103, in <module>
[2025-12-10T19:53:26.971+0000] {subprocess.py:93} INFO -     main()
[2025-12-10T19:53:26.972+0000] {subprocess.py:93} INFO -   File "/opt/***/kafka/Producer/email_producer.py", line 46, in main
[2025-12-10T19:53:26.972+0000] {subprocess.py:93} INFO -     consumer = KafkaConsumer(
[2025-12-10T19:53:26.973+0000] {subprocess.py:93} INFO -   File "/home/***/.local/lib/python3.8/site-packages/kafka/consumer/group.py", line 397, in __init__
[2025-12-10T19:53:26.973+0000] {subprocess.py:93} INFO -     self._client = self.config['kafka_client'](metrics=self._metrics, **self.config)
[2025-12-10T19:53:26.974+0000] {subprocess.py:93} INFO -   File "/home/***/.local/lib/python3.8/site-packages/kafka/client_async.py", line 262, in __init__
[2025-12-10T19:53:26.975+0000] {subprocess.py:93} INFO -     self.config['api_version'] = self.check_version()
[2025-12-10T19:53:26.975+0000] {subprocess.py:93} INFO -   File "/home/***/.local/lib/python3.8/site-packages/kafka/client_async.py", line 1076, in check_version
[2025-12-10T19:53:26.976+0000] {subprocess.py:93} INFO -     raise Errors.NoBrokersAvailable()
[2025-12-10T19:53:26.977+0000] {subprocess.py:93} INFO - kafka.errors.NoBrokersAvailable: NoBrokersAvailable
[2025-12-10T19:53:27.026+0000] {subprocess.py:97} INFO - Command exited with return code 1
[2025-12-10T19:53:27.038+0000] {taskinstance.py:2698} ERROR - Task failed with exception
Traceback (most recent call last):
  File "/home/airflow/.local/lib/python3.8/site-packages/airflow/models/taskinstance.py", line 428, in _execute_task
    result = execute_callable(context=context, **execute_callable_kwargs)
  File "/home/airflow/.local/lib/python3.8/site-packages/airflow/operators/bash.py", line 212, in execute
    raise AirflowException(
airflow.exceptions.AirflowException: Bash command failed. The command returned a non-zero exit code 1.
[2025-12-10T19:53:27.042+0000] {taskinstance.py:1138} INFO - Marking task as FAILED. dag_id=email_intelligence_pipeline, task_id=gmail_extraction, execution_date=20251210T195318, start_date=20251210T195320, end_date=20251210T195327
[2025-12-10T19:53:27.067+0000] {standard_task_runner.py:107} ERROR - Failed to execute job 433 for task gmail_extraction (Bash command failed. The command returned a non-zero exit code 1.; 183)
[2025-12-10T19:53:27.099+0000] {local_task_job_runner.py:234} INFO - Task exited with return code 1
[2025-12-10T19:53:27.135+0000] {taskinstance.py:3280} INFO - 1 downstream tasks scheduled from follow-on schedule check
