[2025-12-05T14:16:15.798+0000] {taskinstance.py:1956} INFO - Dependencies all met for dep_context=non-requeueable deps ti=<TaskInstance: email_pipeline_dag.kafka_producer manual__2025-12-05T14:16:13.242863+00:00 [queued]>
[2025-12-05T14:16:15.833+0000] {taskinstance.py:1956} INFO - Dependencies all met for dep_context=requeueable deps ti=<TaskInstance: email_pipeline_dag.kafka_producer manual__2025-12-05T14:16:13.242863+00:00 [queued]>
[2025-12-05T14:16:15.837+0000] {taskinstance.py:2170} INFO - Starting attempt 1 of 1
[2025-12-05T14:16:15.888+0000] {taskinstance.py:2191} INFO - Executing <Task(BashOperator): kafka_producer> on 2025-12-05 14:16:13.242863+00:00
[2025-12-05T14:16:15.898+0000] {standard_task_runner.py:60} INFO - Started process 182 to run task
[2025-12-05T14:16:15.911+0000] {standard_task_runner.py:87} INFO - Running: ['***', 'tasks', 'run', 'email_pipeline_dag', 'kafka_producer', 'manual__2025-12-05T14:16:13.242863+00:00', '--job-id', '76', '--raw', '--subdir', 'DAGS_FOLDER/email_pipeline_dag.py', '--cfg-path', '/tmp/tmpbn8kzr0r']
[2025-12-05T14:16:15.927+0000] {standard_task_runner.py:88} INFO - Job 76: Subtask kafka_producer
[2025-12-05T14:16:16.295+0000] {task_command.py:423} INFO - Running <TaskInstance: email_pipeline_dag.kafka_producer manual__2025-12-05T14:16:13.242863+00:00 [running]> on host 2f37ffd1c359
[2025-12-05T14:16:16.660+0000] {taskinstance.py:2480} INFO - Exporting env vars: AIRFLOW_CTX_DAG_OWNER='***' AIRFLOW_CTX_DAG_ID='email_pipeline_dag' AIRFLOW_CTX_TASK_ID='kafka_producer' AIRFLOW_CTX_EXECUTION_DATE='2025-12-05T14:16:13.242863+00:00' AIRFLOW_CTX_TRY_NUMBER='1' AIRFLOW_CTX_DAG_RUN_ID='manual__2025-12-05T14:16:13.242863+00:00'
[2025-12-05T14:16:16.668+0000] {subprocess.py:63} INFO - Tmp dir root location: /tmp
[2025-12-05T14:16:16.677+0000] {subprocess.py:75} INFO - Running command: ['/usr/bin/bash', '-c', 'python /opt/***/kafka/Producer/email_producer.py']
[2025-12-05T14:16:16.725+0000] {subprocess.py:86} INFO - Output:
[2025-12-05T14:16:18.649+0000] {subprocess.py:93} INFO - 2025-12-05 14:16:18,648 - __main__ - INFO - 🚀 Starting Producer + Consumer...
[2025-12-05T14:16:18.650+0000] {subprocess.py:93} INFO - 2025-12-05 14:16:18,648 - __main__ - INFO - 🔐 Authenticating with Gmail API...
[2025-12-05T14:16:19.344+0000] {subprocess.py:93} INFO - 2025-12-05 14:16:19,344 - googleapiclient.discovery_cache - INFO - file_cache is only supported with oauth2client<4.0.0
[2025-12-05T14:16:19.358+0000] {subprocess.py:93} INFO - 2025-12-05 14:16:19,358 - __main__ - INFO - 📨 Connecting to Kafka...
[2025-12-05T14:16:23.179+0000] {subprocess.py:93} INFO - 2025-12-05 14:16:23,177 - kafka.conn - WARNING - DNS lookup failed for kafka:29092, exception was [Errno -2] Name or service not known. Is your advertised.listeners (called advertised.host.name before Kafka 9) correct and resolvable?
[2025-12-05T14:16:23.182+0000] {subprocess.py:93} INFO - 2025-12-05 14:16:23,178 - kafka.conn - ERROR - <BrokerConnection client_id=kafka-python-producer-1, node_id=bootstrap-0 host=kafka:29092 <connecting> [unspecified None]>: DNS lookup failed for kafka:29092 (AddressFamily.AF_UNSPEC)
[2025-12-05T14:16:23.183+0000] {subprocess.py:93} INFO - 2025-12-05 14:16:23,179 - kafka.conn - ERROR - <BrokerConnection client_id=kafka-python-producer-1, node_id=bootstrap-0 host=kafka:29092 <connecting> [unspecified None]>: Closing connection. KafkaConnectionError: DNS failure
[2025-12-05T14:16:23.214+0000] {subprocess.py:93} INFO - 2025-12-05 14:16:23,180 - __main__ - ERROR - ❌ Error: NoBrokersAvailable
[2025-12-05T14:16:23.216+0000] {subprocess.py:93} INFO - Traceback (most recent call last):
[2025-12-05T14:16:23.218+0000] {subprocess.py:93} INFO -   File "/opt/***/kafka/Producer/email_producer.py", line 235, in main
[2025-12-05T14:16:23.220+0000] {subprocess.py:93} INFO -     producer = KafkaProducer(
[2025-12-05T14:16:23.221+0000] {subprocess.py:93} INFO -   File "/home/***/.local/lib/python3.8/site-packages/kafka/producer/kafka.py", line 485, in __init__
[2025-12-05T14:16:23.223+0000] {subprocess.py:93} INFO -     client = self.config['kafka_client'](
[2025-12-05T14:16:23.224+0000] {subprocess.py:93} INFO -   File "/home/***/.local/lib/python3.8/site-packages/kafka/client_async.py", line 262, in __init__
[2025-12-05T14:16:23.226+0000] {subprocess.py:93} INFO -     self.config['api_version'] = self.check_version()
[2025-12-05T14:16:23.227+0000] {subprocess.py:93} INFO -   File "/home/***/.local/lib/python3.8/site-packages/kafka/client_async.py", line 1076, in check_version
[2025-12-05T14:16:23.228+0000] {subprocess.py:93} INFO -     raise Errors.NoBrokersAvailable()
[2025-12-05T14:16:23.230+0000] {subprocess.py:93} INFO - kafka.errors.NoBrokersAvailable: NoBrokersAvailable
[2025-12-05T14:16:23.240+0000] {subprocess.py:93} INFO - Traceback (most recent call last):
[2025-12-05T14:16:23.241+0000] {subprocess.py:93} INFO -   File "/opt/***/kafka/Producer/email_producer.py", line 273, in <module>
[2025-12-05T14:16:23.242+0000] {subprocess.py:93} INFO -     main()
[2025-12-05T14:16:23.244+0000] {subprocess.py:93} INFO -   File "/opt/***/kafka/Producer/email_producer.py", line 235, in main
[2025-12-05T14:16:23.245+0000] {subprocess.py:93} INFO -     producer = KafkaProducer(
[2025-12-05T14:16:23.246+0000] {subprocess.py:93} INFO -   File "/home/***/.local/lib/python3.8/site-packages/kafka/producer/kafka.py", line 485, in __init__
[2025-12-05T14:16:23.248+0000] {subprocess.py:93} INFO -     client = self.config['kafka_client'](
[2025-12-05T14:16:23.248+0000] {subprocess.py:93} INFO -   File "/home/***/.local/lib/python3.8/site-packages/kafka/client_async.py", line 262, in __init__
[2025-12-05T14:16:23.249+0000] {subprocess.py:93} INFO -     self.config['api_version'] = self.check_version()
[2025-12-05T14:16:23.250+0000] {subprocess.py:93} INFO -   File "/home/***/.local/lib/python3.8/site-packages/kafka/client_async.py", line 1076, in check_version
[2025-12-05T14:16:23.251+0000] {subprocess.py:93} INFO -     raise Errors.NoBrokersAvailable()
[2025-12-05T14:16:23.252+0000] {subprocess.py:93} INFO - kafka.errors.NoBrokersAvailable: NoBrokersAvailable
[2025-12-05T14:16:23.353+0000] {subprocess.py:97} INFO - Command exited with return code 1
[2025-12-05T14:16:23.383+0000] {taskinstance.py:2698} ERROR - Task failed with exception
Traceback (most recent call last):
  File "/home/airflow/.local/lib/python3.8/site-packages/airflow/models/taskinstance.py", line 428, in _execute_task
    result = execute_callable(context=context, **execute_callable_kwargs)
  File "/home/airflow/.local/lib/python3.8/site-packages/airflow/operators/bash.py", line 212, in execute
    raise AirflowException(
airflow.exceptions.AirflowException: Bash command failed. The command returned a non-zero exit code 1.
[2025-12-05T14:16:23.392+0000] {taskinstance.py:1138} INFO - Marking task as FAILED. dag_id=email_pipeline_dag, task_id=kafka_producer, execution_date=20251205T141613, start_date=20251205T141615, end_date=20251205T141623
[2025-12-05T14:16:23.430+0000] {standard_task_runner.py:107} ERROR - Failed to execute job 76 for task kafka_producer (Bash command failed. The command returned a non-zero exit code 1.; 182)
[2025-12-05T14:16:23.468+0000] {local_task_job_runner.py:234} INFO - Task exited with return code 1
[2025-12-05T14:16:23.521+0000] {taskinstance.py:3280} INFO - 1 downstream tasks scheduled from follow-on schedule check
