[2025-12-05T14:34:34.193+0000] {taskinstance.py:1956} INFO - Dependencies all met for dep_context=non-requeueable deps ti=<TaskInstance: email_pipeline_dag.kafka_producer manual__2025-12-05T14:34:32.299974+00:00 [queued]>
[2025-12-05T14:34:34.217+0000] {taskinstance.py:1956} INFO - Dependencies all met for dep_context=requeueable deps ti=<TaskInstance: email_pipeline_dag.kafka_producer manual__2025-12-05T14:34:32.299974+00:00 [queued]>
[2025-12-05T14:34:34.218+0000] {taskinstance.py:2170} INFO - Starting attempt 1 of 1
[2025-12-05T14:34:34.245+0000] {taskinstance.py:2191} INFO - Executing <Task(BashOperator): kafka_producer> on 2025-12-05 14:34:32.299974+00:00
[2025-12-05T14:34:34.261+0000] {standard_task_runner.py:60} INFO - Started process 217 to run task
[2025-12-05T14:34:34.273+0000] {standard_task_runner.py:87} INFO - Running: ['***', 'tasks', 'run', 'email_pipeline_dag', 'kafka_producer', 'manual__2025-12-05T14:34:32.299974+00:00', '--job-id', '96', '--raw', '--subdir', 'DAGS_FOLDER/email_pipeline_dag.py', '--cfg-path', '/tmp/tmpyqvv7t2j']
[2025-12-05T14:34:34.278+0000] {standard_task_runner.py:88} INFO - Job 96: Subtask kafka_producer
[2025-12-05T14:34:34.642+0000] {task_command.py:423} INFO - Running <TaskInstance: email_pipeline_dag.kafka_producer manual__2025-12-05T14:34:32.299974+00:00 [running]> on host a93e3640be57
[2025-12-05T14:34:34.955+0000] {taskinstance.py:2480} INFO - Exporting env vars: AIRFLOW_CTX_DAG_OWNER='***' AIRFLOW_CTX_DAG_ID='email_pipeline_dag' AIRFLOW_CTX_TASK_ID='kafka_producer' AIRFLOW_CTX_EXECUTION_DATE='2025-12-05T14:34:32.299974+00:00' AIRFLOW_CTX_TRY_NUMBER='1' AIRFLOW_CTX_DAG_RUN_ID='manual__2025-12-05T14:34:32.299974+00:00'
[2025-12-05T14:34:34.963+0000] {subprocess.py:63} INFO - Tmp dir root location: /tmp
[2025-12-05T14:34:34.969+0000] {subprocess.py:75} INFO - Running command: ['/usr/bin/bash', '-c', 'python /opt/***/kafka/Producer/email_producer.py']
[2025-12-05T14:34:34.987+0000] {subprocess.py:86} INFO - Output:
[2025-12-05T14:34:36.713+0000] {subprocess.py:93} INFO - 2025-12-05 14:34:36,711 - __main__ - INFO - 🚀 Starting Producer + Consumer...
[2025-12-05T14:34:36.714+0000] {subprocess.py:93} INFO - 2025-12-05 14:34:36,713 - __main__ - INFO - 🔐 Authenticating with Gmail API...
[2025-12-05T14:34:36.825+0000] {subprocess.py:93} INFO - 2025-12-05 14:34:36,825 - googleapiclient.discovery_cache - INFO - file_cache is only supported with oauth2client<4.0.0
[2025-12-05T14:34:36.834+0000] {subprocess.py:93} INFO - 2025-12-05 14:34:36,833 - __main__ - INFO - 📨 Connecting to Kafka...
[2025-12-05T14:34:40.660+0000] {subprocess.py:93} INFO - 2025-12-05 14:34:40,660 - kafka.conn - WARNING - DNS lookup failed for kafka:29092, exception was [Errno -2] Name or service not known. Is your advertised.listeners (called advertised.host.name before Kafka 9) correct and resolvable?
[2025-12-05T14:34:40.662+0000] {subprocess.py:93} INFO - 2025-12-05 14:34:40,660 - kafka.conn - ERROR - <BrokerConnection client_id=kafka-python-producer-1, node_id=bootstrap-0 host=kafka:29092 <connecting> [unspecified None]>: DNS lookup failed for kafka:29092 (AddressFamily.AF_UNSPEC)
[2025-12-05T14:34:40.663+0000] {subprocess.py:93} INFO - 2025-12-05 14:34:40,661 - kafka.conn - ERROR - <BrokerConnection client_id=kafka-python-producer-1, node_id=bootstrap-0 host=kafka:29092 <connecting> [unspecified None]>: Closing connection. KafkaConnectionError: DNS failure
[2025-12-05T14:34:40.675+0000] {subprocess.py:93} INFO - 2025-12-05 14:34:40,662 - __main__ - ERROR - ❌ Error: NoBrokersAvailable
[2025-12-05T14:34:40.678+0000] {subprocess.py:93} INFO - Traceback (most recent call last):
[2025-12-05T14:34:40.682+0000] {subprocess.py:93} INFO -   File "/opt/***/kafka/Producer/email_producer.py", line 235, in main
[2025-12-05T14:34:40.683+0000] {subprocess.py:93} INFO -     producer = KafkaProducer(
[2025-12-05T14:34:40.685+0000] {subprocess.py:93} INFO -   File "/home/***/.local/lib/python3.8/site-packages/kafka/producer/kafka.py", line 485, in __init__
[2025-12-05T14:34:40.687+0000] {subprocess.py:93} INFO -     client = self.config['kafka_client'](
[2025-12-05T14:34:40.690+0000] {subprocess.py:93} INFO -   File "/home/***/.local/lib/python3.8/site-packages/kafka/client_async.py", line 262, in __init__
[2025-12-05T14:34:40.691+0000] {subprocess.py:93} INFO -     self.config['api_version'] = self.check_version()
[2025-12-05T14:34:40.693+0000] {subprocess.py:93} INFO -   File "/home/***/.local/lib/python3.8/site-packages/kafka/client_async.py", line 1076, in check_version
[2025-12-05T14:34:40.697+0000] {subprocess.py:93} INFO -     raise Errors.NoBrokersAvailable()
[2025-12-05T14:34:40.702+0000] {subprocess.py:93} INFO - kafka.errors.NoBrokersAvailable: NoBrokersAvailable
[2025-12-05T14:34:40.720+0000] {subprocess.py:93} INFO - Traceback (most recent call last):
[2025-12-05T14:34:40.722+0000] {subprocess.py:93} INFO -   File "/opt/***/kafka/Producer/email_producer.py", line 273, in <module>
[2025-12-05T14:34:40.726+0000] {subprocess.py:93} INFO -     main()
[2025-12-05T14:34:40.729+0000] {subprocess.py:93} INFO -   File "/opt/***/kafka/Producer/email_producer.py", line 235, in main
[2025-12-05T14:34:40.731+0000] {subprocess.py:93} INFO -     producer = KafkaProducer(
[2025-12-05T14:34:40.732+0000] {subprocess.py:93} INFO -   File "/home/***/.local/lib/python3.8/site-packages/kafka/producer/kafka.py", line 485, in __init__
[2025-12-05T14:34:40.733+0000] {subprocess.py:93} INFO -     client = self.config['kafka_client'](
[2025-12-05T14:34:40.735+0000] {subprocess.py:93} INFO -   File "/home/***/.local/lib/python3.8/site-packages/kafka/client_async.py", line 262, in __init__
[2025-12-05T14:34:40.736+0000] {subprocess.py:93} INFO -     self.config['api_version'] = self.check_version()
[2025-12-05T14:34:40.737+0000] {subprocess.py:93} INFO -   File "/home/***/.local/lib/python3.8/site-packages/kafka/client_async.py", line 1076, in check_version
[2025-12-05T14:34:40.738+0000] {subprocess.py:93} INFO -     raise Errors.NoBrokersAvailable()
[2025-12-05T14:34:40.739+0000] {subprocess.py:93} INFO - kafka.errors.NoBrokersAvailable: NoBrokersAvailable
[2025-12-05T14:34:40.833+0000] {subprocess.py:97} INFO - Command exited with return code 1
[2025-12-05T14:34:40.856+0000] {taskinstance.py:2698} ERROR - Task failed with exception
Traceback (most recent call last):
  File "/home/airflow/.local/lib/python3.8/site-packages/airflow/models/taskinstance.py", line 428, in _execute_task
    result = execute_callable(context=context, **execute_callable_kwargs)
  File "/home/airflow/.local/lib/python3.8/site-packages/airflow/operators/bash.py", line 212, in execute
    raise AirflowException(
airflow.exceptions.AirflowException: Bash command failed. The command returned a non-zero exit code 1.
[2025-12-05T14:34:40.863+0000] {taskinstance.py:1138} INFO - Marking task as FAILED. dag_id=email_pipeline_dag, task_id=kafka_producer, execution_date=20251205T143432, start_date=20251205T143434, end_date=20251205T143440
[2025-12-05T14:34:40.889+0000] {standard_task_runner.py:107} ERROR - Failed to execute job 96 for task kafka_producer (Bash command failed. The command returned a non-zero exit code 1.; 217)
[2025-12-05T14:34:40.907+0000] {local_task_job_runner.py:234} INFO - Task exited with return code 1
[2025-12-05T14:34:40.934+0000] {taskinstance.py:3280} INFO - 1 downstream tasks scheduled from follow-on schedule check
