[2025-12-05T14:29:44.000+0000] {taskinstance.py:1956} INFO - Dependencies all met for dep_context=non-requeueable deps ti=<TaskInstance: email_pipeline_dag.kafka_producer manual__2025-12-05T14:29:41.580615+00:00 [queued]>
[2025-12-05T14:29:44.023+0000] {taskinstance.py:1956} INFO - Dependencies all met for dep_context=requeueable deps ti=<TaskInstance: email_pipeline_dag.kafka_producer manual__2025-12-05T14:29:41.580615+00:00 [queued]>
[2025-12-05T14:29:44.025+0000] {taskinstance.py:2170} INFO - Starting attempt 1 of 1
[2025-12-05T14:29:44.058+0000] {taskinstance.py:2191} INFO - Executing <Task(BashOperator): kafka_producer> on 2025-12-05 14:29:41.580615+00:00
[2025-12-05T14:29:44.081+0000] {standard_task_runner.py:60} INFO - Started process 199 to run task
[2025-12-05T14:29:44.087+0000] {standard_task_runner.py:87} INFO - Running: ['***', 'tasks', 'run', 'email_pipeline_dag', 'kafka_producer', 'manual__2025-12-05T14:29:41.580615+00:00', '--job-id', '91', '--raw', '--subdir', 'DAGS_FOLDER/email_pipeline_dag.py', '--cfg-path', '/tmp/tmpjnv0hig4']
[2025-12-05T14:29:44.098+0000] {standard_task_runner.py:88} INFO - Job 91: Subtask kafka_producer
[2025-12-05T14:29:44.299+0000] {task_command.py:423} INFO - Running <TaskInstance: email_pipeline_dag.kafka_producer manual__2025-12-05T14:29:41.580615+00:00 [running]> on host af503dfe5368
[2025-12-05T14:29:44.513+0000] {taskinstance.py:2480} INFO - Exporting env vars: AIRFLOW_CTX_DAG_OWNER='***' AIRFLOW_CTX_DAG_ID='email_pipeline_dag' AIRFLOW_CTX_TASK_ID='kafka_producer' AIRFLOW_CTX_EXECUTION_DATE='2025-12-05T14:29:41.580615+00:00' AIRFLOW_CTX_TRY_NUMBER='1' AIRFLOW_CTX_DAG_RUN_ID='manual__2025-12-05T14:29:41.580615+00:00'
[2025-12-05T14:29:44.516+0000] {subprocess.py:63} INFO - Tmp dir root location: /tmp
[2025-12-05T14:29:44.517+0000] {subprocess.py:75} INFO - Running command: ['/usr/bin/bash', '-c', 'python /opt/***/kafka/Producer/email_producer.py']
[2025-12-05T14:29:44.535+0000] {subprocess.py:86} INFO - Output:
[2025-12-05T14:29:46.140+0000] {subprocess.py:93} INFO - 2025-12-05 14:29:46,139 - __main__ - INFO - 🚀 Starting Producer + Consumer...
[2025-12-05T14:29:46.141+0000] {subprocess.py:93} INFO - 2025-12-05 14:29:46,139 - __main__ - INFO - 🔐 Authenticating with Gmail API...
[2025-12-05T14:29:46.173+0000] {subprocess.py:93} INFO - 2025-12-05 14:29:46,173 - googleapiclient.discovery_cache - INFO - file_cache is only supported with oauth2client<4.0.0
[2025-12-05T14:29:46.178+0000] {subprocess.py:93} INFO - 2025-12-05 14:29:46,178 - __main__ - INFO - 📨 Connecting to Kafka...
[2025-12-05T14:29:49.861+0000] {subprocess.py:93} INFO - 2025-12-05 14:29:49,861 - kafka.conn - WARNING - DNS lookup failed for kafka:29092, exception was [Errno -2] Name or service not known. Is your advertised.listeners (called advertised.host.name before Kafka 9) correct and resolvable?
[2025-12-05T14:29:49.862+0000] {subprocess.py:93} INFO - 2025-12-05 14:29:49,861 - kafka.conn - ERROR - <BrokerConnection client_id=kafka-python-producer-1, node_id=bootstrap-0 host=kafka:29092 <connecting> [unspecified None]>: DNS lookup failed for kafka:29092 (AddressFamily.AF_UNSPEC)
[2025-12-05T14:29:49.863+0000] {subprocess.py:93} INFO - 2025-12-05 14:29:49,861 - kafka.conn - ERROR - <BrokerConnection client_id=kafka-python-producer-1, node_id=bootstrap-0 host=kafka:29092 <connecting> [unspecified None]>: Closing connection. KafkaConnectionError: DNS failure
[2025-12-05T14:29:49.874+0000] {subprocess.py:93} INFO - 2025-12-05 14:29:49,862 - __main__ - ERROR - ❌ Error: NoBrokersAvailable
[2025-12-05T14:29:49.875+0000] {subprocess.py:93} INFO - Traceback (most recent call last):
[2025-12-05T14:29:49.876+0000] {subprocess.py:93} INFO -   File "/opt/***/kafka/Producer/email_producer.py", line 235, in main
[2025-12-05T14:29:49.876+0000] {subprocess.py:93} INFO -     producer = KafkaProducer(
[2025-12-05T14:29:49.877+0000] {subprocess.py:93} INFO -   File "/home/***/.local/lib/python3.8/site-packages/kafka/producer/kafka.py", line 485, in __init__
[2025-12-05T14:29:49.878+0000] {subprocess.py:93} INFO -     client = self.config['kafka_client'](
[2025-12-05T14:29:49.878+0000] {subprocess.py:93} INFO -   File "/home/***/.local/lib/python3.8/site-packages/kafka/client_async.py", line 262, in __init__
[2025-12-05T14:29:49.879+0000] {subprocess.py:93} INFO -     self.config['api_version'] = self.check_version()
[2025-12-05T14:29:49.880+0000] {subprocess.py:93} INFO -   File "/home/***/.local/lib/python3.8/site-packages/kafka/client_async.py", line 1076, in check_version
[2025-12-05T14:29:49.880+0000] {subprocess.py:93} INFO -     raise Errors.NoBrokersAvailable()
[2025-12-05T14:29:49.881+0000] {subprocess.py:93} INFO - kafka.errors.NoBrokersAvailable: NoBrokersAvailable
[2025-12-05T14:29:49.884+0000] {subprocess.py:93} INFO - Traceback (most recent call last):
[2025-12-05T14:29:49.885+0000] {subprocess.py:93} INFO -   File "/opt/***/kafka/Producer/email_producer.py", line 273, in <module>
[2025-12-05T14:29:49.886+0000] {subprocess.py:93} INFO -     main()
[2025-12-05T14:29:49.886+0000] {subprocess.py:93} INFO -   File "/opt/***/kafka/Producer/email_producer.py", line 235, in main
[2025-12-05T14:29:49.887+0000] {subprocess.py:93} INFO -     producer = KafkaProducer(
[2025-12-05T14:29:49.887+0000] {subprocess.py:93} INFO -   File "/home/***/.local/lib/python3.8/site-packages/kafka/producer/kafka.py", line 485, in __init__
[2025-12-05T14:29:49.888+0000] {subprocess.py:93} INFO -     client = self.config['kafka_client'](
[2025-12-05T14:29:49.888+0000] {subprocess.py:93} INFO -   File "/home/***/.local/lib/python3.8/site-packages/kafka/client_async.py", line 262, in __init__
[2025-12-05T14:29:49.889+0000] {subprocess.py:93} INFO -     self.config['api_version'] = self.check_version()
[2025-12-05T14:29:49.890+0000] {subprocess.py:93} INFO -   File "/home/***/.local/lib/python3.8/site-packages/kafka/client_async.py", line 1076, in check_version
[2025-12-05T14:29:49.890+0000] {subprocess.py:93} INFO -     raise Errors.NoBrokersAvailable()
[2025-12-05T14:29:49.891+0000] {subprocess.py:93} INFO - kafka.errors.NoBrokersAvailable: NoBrokersAvailable
[2025-12-05T14:29:50.015+0000] {subprocess.py:97} INFO - Command exited with return code 1
[2025-12-05T14:29:50.057+0000] {taskinstance.py:2698} ERROR - Task failed with exception
Traceback (most recent call last):
  File "/home/airflow/.local/lib/python3.8/site-packages/airflow/models/taskinstance.py", line 428, in _execute_task
    result = execute_callable(context=context, **execute_callable_kwargs)
  File "/home/airflow/.local/lib/python3.8/site-packages/airflow/operators/bash.py", line 212, in execute
    raise AirflowException(
airflow.exceptions.AirflowException: Bash command failed. The command returned a non-zero exit code 1.
[2025-12-05T14:29:50.067+0000] {taskinstance.py:1138} INFO - Marking task as FAILED. dag_id=email_pipeline_dag, task_id=kafka_producer, execution_date=20251205T142941, start_date=20251205T142944, end_date=20251205T142950
[2025-12-05T14:29:50.106+0000] {standard_task_runner.py:107} ERROR - Failed to execute job 91 for task kafka_producer (Bash command failed. The command returned a non-zero exit code 1.; 199)
[2025-12-05T14:29:50.142+0000] {local_task_job_runner.py:234} INFO - Task exited with return code 1
[2025-12-05T14:29:50.173+0000] {taskinstance.py:3280} INFO - 1 downstream tasks scheduled from follow-on schedule check
