[2025-12-11T09:00:57.752+0000] {taskinstance.py:1956} INFO - Dependencies all met for dep_context=non-requeueable deps ti=<TaskInstance: email_intelligence_pipeline.quality_assurance_gate manual__2025-12-10T19:53:41.886028+00:00 [queued]>
[2025-12-11T09:00:57.771+0000] {taskinstance.py:1956} INFO - Dependencies all met for dep_context=requeueable deps ti=<TaskInstance: email_intelligence_pipeline.quality_assurance_gate manual__2025-12-10T19:53:41.886028+00:00 [queued]>
[2025-12-11T09:00:57.593+0000] {taskinstance.py:2170} INFO - Starting attempt 1 of 1
[2025-12-11T09:00:57.623+0000] {taskinstance.py:2191} INFO - Executing <Task(BashOperator): quality_assurance_gate> on 2025-12-10 19:53:41.886028+00:00
[2025-12-11T09:00:57.661+0000] {standard_task_runner.py:60} INFO - Started process 180 to run task
[2025-12-11T09:00:57.693+0000] {standard_task_runner.py:87} INFO - Running: ['***', 'tasks', 'run', 'email_intelligence_pipeline', 'quality_assurance_gate', 'manual__2025-12-10T19:53:41.886028+00:00', '--job-id', '477', '--raw', '--subdir', 'DAGS_FOLDER/email_pipeline_dag.py', '--cfg-path', '/tmp/tmp7a3cbm49']
[2025-12-11T09:00:57.726+0000] {standard_task_runner.py:88} INFO - Job 477: Subtask quality_assurance_gate
[2025-12-11T09:00:56.003+0000] {task_command.py:423} INFO - Running <TaskInstance: email_intelligence_pipeline.quality_assurance_gate manual__2025-12-10T19:53:41.886028+00:00 [running]> on host e428b2e16328
[2025-12-11T09:00:56.224+0000] {taskinstance.py:2480} INFO - Exporting env vars: AIRFLOW_CTX_DAG_OWNER='data_team' AIRFLOW_CTX_DAG_ID='email_intelligence_pipeline' AIRFLOW_CTX_TASK_ID='quality_assurance_gate' AIRFLOW_CTX_EXECUTION_DATE='2025-12-10T19:53:41.886028+00:00' AIRFLOW_CTX_TRY_NUMBER='1' AIRFLOW_CTX_DAG_RUN_ID='manual__2025-12-10T19:53:41.886028+00:00'
[2025-12-11T09:00:56.229+0000] {subprocess.py:63} INFO - Tmp dir root location: /tmp
[2025-12-11T09:00:56.231+0000] {subprocess.py:75} INFO - Running command: ['/usr/bin/bash', '-c', '\n        export REPORT_PATH="/opt/***/logs/quality_report.json"\n        \n        /opt/spark/bin/spark-submit --master local[2] --packages org.apache.hadoop:hadoop-aws:3.3.4             --name QualityAssuranceGate /opt/spark/jobs/data_quality_check.py "$REPORT_PATH"\n        \n        # Vérifier le résultat du quality check\n        QUALITY_EXIT_CODE=$?\n        \n        if [ $QUALITY_EXIT_CODE -ne 0 ]; then\n            echo "❌ Quality check FAILED (score < 95%)"\n            echo "⛔ Downstream tasks will be SKIPPED"\n            # Créer un fichier vide pour indiquer l\'échec\n            echo \'{"overall_score": 0, "status": "FAILED"}\' > "$REPORT_PATH"\n            exit 0\n        else\n            echo "✅ Quality check PASSED (score >= 95%)"\n            echo "✅ Proceeding to daily aggregation..."\n            exit 0\n        fi\n        ']
[2025-12-11T09:00:56.246+0000] {subprocess.py:86} INFO - Output:
[2025-12-11T09:00:56.271+0000] {subprocess.py:93} INFO - /opt/spark/bin/load-spark-env.sh: line 68: ps: command not found
[2025-12-11T09:01:02.773+0000] {subprocess.py:93} INFO - :: loading settings :: url = jar:file:/opt/spark/jars/ivy-2.5.1.jar!/org/apache/ivy/core/settings/ivysettings.xml
[2025-12-11T09:01:03.032+0000] {subprocess.py:93} INFO - Ivy Default Cache set to: /home/***/.ivy2/cache
[2025-12-11T09:01:03.035+0000] {subprocess.py:93} INFO - The jars for the packages stored in: /home/***/.ivy2/jars
[2025-12-11T09:01:03.053+0000] {subprocess.py:93} INFO - org.apache.hadoop#hadoop-aws added as a dependency
[2025-12-11T09:01:03.063+0000] {subprocess.py:93} INFO - :: resolving dependencies :: org.apache.spark#spark-submit-parent-3dd3fcd3-09b2-4832-a91e-0bab6ac6172f;1.0
[2025-12-11T09:01:03.067+0000] {subprocess.py:93} INFO - 	confs: [default]
[2025-12-11T09:01:03.754+0000] {subprocess.py:93} INFO - 	found org.apache.hadoop#hadoop-aws;3.3.4 in central
[2025-12-11T09:01:03.897+0000] {subprocess.py:93} INFO - 	found com.amazonaws#aws-java-sdk-bundle;1.12.262 in central
[2025-12-11T09:01:04.008+0000] {subprocess.py:93} INFO - 	found org.wildfly.openssl#wildfly-openssl;1.0.7.Final in central
[2025-12-11T09:01:04.172+0000] {subprocess.py:93} INFO - :: resolution report :: resolve 1044ms :: artifacts dl 65ms
[2025-12-11T09:01:04.177+0000] {subprocess.py:93} INFO - 	:: modules in use:
[2025-12-11T09:01:04.180+0000] {subprocess.py:93} INFO - 	com.amazonaws#aws-java-sdk-bundle;1.12.262 from central in [default]
[2025-12-11T09:01:04.184+0000] {subprocess.py:93} INFO - 	org.apache.hadoop#hadoop-aws;3.3.4 from central in [default]
[2025-12-11T09:01:04.188+0000] {subprocess.py:93} INFO - 	org.wildfly.openssl#wildfly-openssl;1.0.7.Final from central in [default]
[2025-12-11T09:01:04.191+0000] {subprocess.py:93} INFO - 	---------------------------------------------------------------------
[2025-12-11T09:01:04.193+0000] {subprocess.py:93} INFO - 	|                  |            modules            ||   artifacts   |
[2025-12-11T09:01:04.196+0000] {subprocess.py:93} INFO - 	|       conf       | number| search|dwnlded|evicted|| number|dwnlded|
[2025-12-11T09:01:04.203+0000] {subprocess.py:93} INFO - 	---------------------------------------------------------------------
[2025-12-11T09:01:04.207+0000] {subprocess.py:93} INFO - 	|      default     |   3   |   0   |   0   |   0   ||   3   |   0   |
[2025-12-11T09:01:04.209+0000] {subprocess.py:93} INFO - 	---------------------------------------------------------------------
[2025-12-11T09:01:04.211+0000] {subprocess.py:93} INFO - :: retrieving :: org.apache.spark#spark-submit-parent-3dd3fcd3-09b2-4832-a91e-0bab6ac6172f
[2025-12-11T09:01:04.217+0000] {subprocess.py:93} INFO - 	confs: [default]
[2025-12-11T09:01:04.263+0000] {subprocess.py:93} INFO - 	0 artifacts copied, 3 already retrieved (0kB/64ms)
[2025-12-11T09:01:06.236+0000] {subprocess.py:93} INFO - 25/12/11 09:01:06 WARN NativeCodeLoader: Unable to load native-hadoop library for your platform... using builtin-java classes where applicable
[2025-12-11T09:01:09.544+0000] {subprocess.py:93} INFO - 🚀 Starting Data Quality Check
[2025-12-11T09:01:09.546+0000] {subprocess.py:93} INFO - 📋 Required fields: id, from, to, subject, body, date, sender_domain
[2025-12-11T09:01:09.547+0000] {subprocess.py:93} INFO - 📈 Quality threshold: 95%
[2025-12-11T09:01:09.549+0000] {subprocess.py:93} INFO - 
[2025-12-11T09:01:09.550+0000] {subprocess.py:93} INFO - 📍 Step 1: Creating Spark Session...
[2025-12-11T09:01:10.300+0000] {subprocess.py:93} INFO - 25/12/11 09:01:10 INFO SparkContext: Running Spark version 3.5.0
[2025-12-11T09:01:10.302+0000] {subprocess.py:93} INFO - 25/12/11 09:01:10 INFO SparkContext: OS info Linux, 6.6.87.2-microsoft-standard-WSL2, amd64
[2025-12-11T09:01:10.307+0000] {subprocess.py:93} INFO - 25/12/11 09:01:10 INFO SparkContext: Java version 17.0.17
[2025-12-11T09:01:10.456+0000] {subprocess.py:93} INFO - 25/12/11 09:01:10 INFO ResourceUtils: ==============================================================
[2025-12-11T09:01:10.459+0000] {subprocess.py:93} INFO - 25/12/11 09:01:10 INFO ResourceUtils: No custom resources configured for spark.driver.
[2025-12-11T09:01:10.464+0000] {subprocess.py:93} INFO - 25/12/11 09:01:10 INFO ResourceUtils: ==============================================================
[2025-12-11T09:01:10.465+0000] {subprocess.py:93} INFO - 25/12/11 09:01:10 INFO SparkContext: Submitted application: DataQualityCheck
[2025-12-11T09:01:10.599+0000] {subprocess.py:93} INFO - 25/12/11 09:01:10 INFO ResourceProfile: Default ResourceProfile created, executor resources: Map(cores -> name: cores, amount: 1, script: , vendor: , memory -> name: memory, amount: 1024, script: , vendor: , offHeap -> name: offHeap, amount: 0, script: , vendor: ), task resources: Map(cpus -> name: cpus, amount: 1.0)
[2025-12-11T09:01:10.628+0000] {subprocess.py:93} INFO - 25/12/11 09:01:10 INFO ResourceProfile: Limiting resource is cpu
[2025-12-11T09:01:10.631+0000] {subprocess.py:93} INFO - 25/12/11 09:01:10 INFO ResourceProfileManager: Added ResourceProfile id: 0
[2025-12-11T09:01:10.942+0000] {subprocess.py:93} INFO - 25/12/11 09:01:10 INFO SecurityManager: Changing view acls to: ***
[2025-12-11T09:01:10.943+0000] {subprocess.py:93} INFO - 25/12/11 09:01:10 INFO SecurityManager: Changing modify acls to: ***
[2025-12-11T09:01:10.945+0000] {subprocess.py:93} INFO - 25/12/11 09:01:10 INFO SecurityManager: Changing view acls groups to:
[2025-12-11T09:01:10.948+0000] {subprocess.py:93} INFO - 25/12/11 09:01:10 INFO SecurityManager: Changing modify acls groups to:
[2025-12-11T09:01:10.949+0000] {subprocess.py:93} INFO - 25/12/11 09:01:10 INFO SecurityManager: SecurityManager: authentication disabled; ui acls disabled; users with view permissions: ***; groups with view permissions: EMPTY; users with modify permissions: ***; groups with modify permissions: EMPTY
[2025-12-11T09:01:12.288+0000] {subprocess.py:93} INFO - 25/12/11 09:01:12 INFO Utils: Successfully started service 'sparkDriver' on port 34381.
[2025-12-11T09:01:12.428+0000] {subprocess.py:93} INFO - 25/12/11 09:01:12 INFO SparkEnv: Registering MapOutputTracker
[2025-12-11T09:01:12.599+0000] {subprocess.py:93} INFO - 25/12/11 09:01:12 INFO SparkEnv: Registering BlockManagerMaster
[2025-12-11T09:01:12.688+0000] {subprocess.py:93} INFO - 25/12/11 09:01:12 INFO BlockManagerMasterEndpoint: Using org.apache.spark.storage.DefaultTopologyMapper for getting topology information
[2025-12-11T09:01:12.690+0000] {subprocess.py:93} INFO - 25/12/11 09:01:12 INFO BlockManagerMasterEndpoint: BlockManagerMasterEndpoint up
[2025-12-11T09:01:12.712+0000] {subprocess.py:93} INFO - 25/12/11 09:01:12 INFO SparkEnv: Registering BlockManagerMasterHeartbeat
[2025-12-11T09:01:12.853+0000] {subprocess.py:93} INFO - 25/12/11 09:01:12 INFO DiskBlockManager: Created local directory at /tmp/blockmgr-faafb70e-0085-4262-bd47-5a9469baef11
[2025-12-11T09:01:12.943+0000] {subprocess.py:93} INFO - 25/12/11 09:01:12 INFO MemoryStore: MemoryStore started with capacity 434.4 MiB
[2025-12-11T09:01:13.005+0000] {subprocess.py:93} INFO - 25/12/11 09:01:13 INFO SparkEnv: Registering OutputCommitCoordinator
[2025-12-11T09:01:13.532+0000] {subprocess.py:93} INFO - 25/12/11 09:01:13 INFO JettyUtils: Start Jetty 0.0.0.0:4040 for SparkUI
[2025-12-11T09:01:13.864+0000] {subprocess.py:93} INFO - 25/12/11 09:01:13 WARN Utils: Service 'SparkUI' could not bind on port 4040. Attempting port 4041.
[2025-12-11T09:01:13.949+0000] {subprocess.py:93} INFO - 25/12/11 09:01:13 INFO Utils: Successfully started service 'SparkUI' on port 4041.
[2025-12-11T09:01:14.200+0000] {subprocess.py:93} INFO - 25/12/11 09:01:14 INFO SparkContext: Added JAR file:///home/***/.ivy2/jars/org.apache.hadoop_hadoop-aws-3.3.4.jar at spark://e428b2e16328:34381/jars/org.apache.hadoop_hadoop-aws-3.3.4.jar with timestamp 1765443670225
[2025-12-11T09:01:14.204+0000] {subprocess.py:93} INFO - 25/12/11 09:01:14 INFO SparkContext: Added JAR file:///home/***/.ivy2/jars/com.amazonaws_aws-java-sdk-bundle-1.12.262.jar at spark://e428b2e16328:34381/jars/com.amazonaws_aws-java-sdk-bundle-1.12.262.jar with timestamp 1765443670225
[2025-12-11T09:01:14.209+0000] {subprocess.py:93} INFO - 25/12/11 09:01:14 INFO SparkContext: Added JAR file:///home/***/.ivy2/jars/org.wildfly.openssl_wildfly-openssl-1.0.7.Final.jar at spark://e428b2e16328:34381/jars/org.wildfly.openssl_wildfly-openssl-1.0.7.Final.jar with timestamp 1765443670225
[2025-12-11T09:01:14.231+0000] {subprocess.py:93} INFO - 25/12/11 09:01:14 INFO SparkContext: Added file file:///home/***/.ivy2/jars/org.apache.hadoop_hadoop-aws-3.3.4.jar at file:///home/***/.ivy2/jars/org.apache.hadoop_hadoop-aws-3.3.4.jar with timestamp 1765443670225
[2025-12-11T09:01:14.245+0000] {subprocess.py:93} INFO - 25/12/11 09:01:14 INFO Utils: Copying /home/***/.ivy2/jars/org.apache.hadoop_hadoop-aws-3.3.4.jar to /tmp/spark-3936daba-6e9b-48e3-a16b-5765d94a0cf0/userFiles-4745e903-269e-40de-bd0f-8ce360601d2a/org.apache.hadoop_hadoop-aws-3.3.4.jar
[2025-12-11T09:01:14.431+0000] {subprocess.py:93} INFO - 25/12/11 09:01:14 INFO SparkContext: Added file file:///home/***/.ivy2/jars/com.amazonaws_aws-java-sdk-bundle-1.12.262.jar at file:///home/***/.ivy2/jars/com.amazonaws_aws-java-sdk-bundle-1.12.262.jar with timestamp 1765443670225
[2025-12-11T09:01:14.434+0000] {subprocess.py:93} INFO - 25/12/11 09:01:14 INFO Utils: Copying /home/***/.ivy2/jars/com.amazonaws_aws-java-sdk-bundle-1.12.262.jar to /tmp/spark-3936daba-6e9b-48e3-a16b-5765d94a0cf0/userFiles-4745e903-269e-40de-bd0f-8ce360601d2a/com.amazonaws_aws-java-sdk-bundle-1.12.262.jar
[2025-12-11T09:01:23.165+0000] {subprocess.py:93} INFO - 25/12/11 09:01:23 INFO SparkContext: Added file file:///home/***/.ivy2/jars/org.wildfly.openssl_wildfly-openssl-1.0.7.Final.jar at file:///home/***/.ivy2/jars/org.wildfly.openssl_wildfly-openssl-1.0.7.Final.jar with timestamp 1765443670225
[2025-12-11T09:01:23.176+0000] {subprocess.py:93} INFO - 25/12/11 09:01:23 INFO Utils: Copying /home/***/.ivy2/jars/org.wildfly.openssl_wildfly-openssl-1.0.7.Final.jar to /tmp/spark-3936daba-6e9b-48e3-a16b-5765d94a0cf0/userFiles-4745e903-269e-40de-bd0f-8ce360601d2a/org.wildfly.openssl_wildfly-openssl-1.0.7.Final.jar
[2025-12-11T09:01:24.057+0000] {subprocess.py:93} INFO - 25/12/11 09:01:24 INFO Executor: Starting executor ID driver on host e428b2e16328
[2025-12-11T09:01:24.068+0000] {subprocess.py:93} INFO - 25/12/11 09:01:24 INFO Executor: OS info Linux, 6.6.87.2-microsoft-standard-WSL2, amd64
[2025-12-11T09:01:24.071+0000] {subprocess.py:93} INFO - 25/12/11 09:01:24 INFO Executor: Java version 17.0.17
[2025-12-11T09:01:24.137+0000] {subprocess.py:93} INFO - 25/12/11 09:01:24 INFO Executor: Starting executor with user classpath (userClassPathFirst = false): ''
[2025-12-11T09:01:24.150+0000] {subprocess.py:93} INFO - 25/12/11 09:01:24 INFO Executor: Created or updated repl class loader org.apache.spark.util.MutableURLClassLoader@549aa95a for default.
[2025-12-11T09:01:24.601+0000] {subprocess.py:93} INFO - 25/12/11 09:01:24 INFO Executor: Fetching file:///home/***/.ivy2/jars/com.amazonaws_aws-java-sdk-bundle-1.12.262.jar with timestamp 1765443670225
[2025-12-11T09:01:29.184+0000] {subprocess.py:93} INFO - 25/12/11 09:01:29 INFO Utils: /home/***/.ivy2/jars/com.amazonaws_aws-java-sdk-bundle-1.12.262.jar has been previously copied to /tmp/spark-3936daba-6e9b-48e3-a16b-5765d94a0cf0/userFiles-4745e903-269e-40de-bd0f-8ce360601d2a/com.amazonaws_aws-java-sdk-bundle-1.12.262.jar
[2025-12-11T09:01:29.201+0000] {subprocess.py:93} INFO - 25/12/11 09:01:29 INFO Executor: Fetching file:///home/***/.ivy2/jars/org.wildfly.openssl_wildfly-openssl-1.0.7.Final.jar with timestamp 1765443670225
[2025-12-11T09:01:29.205+0000] {subprocess.py:93} INFO - 25/12/11 09:01:29 INFO Utils: /home/***/.ivy2/jars/org.wildfly.openssl_wildfly-openssl-1.0.7.Final.jar has been previously copied to /tmp/spark-3936daba-6e9b-48e3-a16b-5765d94a0cf0/userFiles-4745e903-269e-40de-bd0f-8ce360601d2a/org.wildfly.openssl_wildfly-openssl-1.0.7.Final.jar
[2025-12-11T09:01:29.215+0000] {subprocess.py:93} INFO - 25/12/11 09:01:29 INFO Executor: Fetching file:///home/***/.ivy2/jars/org.apache.hadoop_hadoop-aws-3.3.4.jar with timestamp 1765443670225
[2025-12-11T09:01:29.227+0000] {subprocess.py:93} INFO - 25/12/11 09:01:29 INFO Utils: /home/***/.ivy2/jars/org.apache.hadoop_hadoop-aws-3.3.4.jar has been previously copied to /tmp/spark-3936daba-6e9b-48e3-a16b-5765d94a0cf0/userFiles-4745e903-269e-40de-bd0f-8ce360601d2a/org.apache.hadoop_hadoop-aws-3.3.4.jar
[2025-12-11T09:01:29.246+0000] {subprocess.py:93} INFO - 25/12/11 09:01:29 INFO Executor: Fetching spark://e428b2e16328:34381/jars/org.apache.hadoop_hadoop-aws-3.3.4.jar with timestamp 1765443670225
[2025-12-11T09:01:29.572+0000] {subprocess.py:93} INFO - 25/12/11 09:01:29 INFO TransportClientFactory: Successfully created connection to e428b2e16328/172.20.0.9:34381 after 52 ms (0 ms spent in bootstraps)
[2025-12-11T09:01:29.608+0000] {subprocess.py:93} INFO - 25/12/11 09:01:29 INFO Utils: Fetching spark://e428b2e16328:34381/jars/org.apache.hadoop_hadoop-aws-3.3.4.jar to /tmp/spark-3936daba-6e9b-48e3-a16b-5765d94a0cf0/userFiles-4745e903-269e-40de-bd0f-8ce360601d2a/fetchFileTemp13444838944550729964.tmp
[2025-12-11T09:01:29.786+0000] {subprocess.py:93} INFO - 25/12/11 09:01:29 INFO Utils: /tmp/spark-3936daba-6e9b-48e3-a16b-5765d94a0cf0/userFiles-4745e903-269e-40de-bd0f-8ce360601d2a/fetchFileTemp13444838944550729964.tmp has been previously copied to /tmp/spark-3936daba-6e9b-48e3-a16b-5765d94a0cf0/userFiles-4745e903-269e-40de-bd0f-8ce360601d2a/org.apache.hadoop_hadoop-aws-3.3.4.jar
[2025-12-11T09:01:29.805+0000] {subprocess.py:93} INFO - 25/12/11 09:01:29 INFO Executor: Adding file:/tmp/spark-3936daba-6e9b-48e3-a16b-5765d94a0cf0/userFiles-4745e903-269e-40de-bd0f-8ce360601d2a/org.apache.hadoop_hadoop-aws-3.3.4.jar to class loader default
[2025-12-11T09:01:29.807+0000] {subprocess.py:93} INFO - 25/12/11 09:01:29 INFO Executor: Fetching spark://e428b2e16328:34381/jars/com.amazonaws_aws-java-sdk-bundle-1.12.262.jar with timestamp 1765443670225
[2025-12-11T09:01:29.816+0000] {subprocess.py:93} INFO - 25/12/11 09:01:29 INFO Utils: Fetching spark://e428b2e16328:34381/jars/com.amazonaws_aws-java-sdk-bundle-1.12.262.jar to /tmp/spark-3936daba-6e9b-48e3-a16b-5765d94a0cf0/userFiles-4745e903-269e-40de-bd0f-8ce360601d2a/fetchFileTemp16705470533346484048.tmp
[2025-12-11T09:01:37.286+0000] {subprocess.py:93} INFO - 25/12/11 09:01:37 INFO Executor: Told to re-register on heartbeat
[2025-12-11T09:01:37.294+0000] {subprocess.py:93} INFO - 25/12/11 09:01:37 INFO BlockManager: BlockManager null re-registering with master
[2025-12-11T09:01:37.295+0000] {subprocess.py:93} INFO - 25/12/11 09:01:37 INFO BlockManagerMaster: Registering BlockManager null
[2025-12-11T09:01:37.355+0000] {subprocess.py:93} INFO - 25/12/11 09:01:37 ERROR Inbox: Ignoring error
[2025-12-11T09:01:37.357+0000] {subprocess.py:93} INFO - java.lang.NullPointerException: Cannot invoke "org.apache.spark.storage.BlockManagerId.executorId()" because "idWithoutTopologyInfo" is null
[2025-12-11T09:01:37.359+0000] {subprocess.py:93} INFO - 	at org.apache.spark.storage.BlockManagerMasterEndpoint.org$apache$spark$storage$BlockManagerMasterEndpoint$$register(BlockManagerMasterEndpoint.scala:677)
[2025-12-11T09:01:37.361+0000] {subprocess.py:93} INFO - 	at org.apache.spark.storage.BlockManagerMasterEndpoint$$anonfun$receiveAndReply$1.applyOrElse(BlockManagerMasterEndpoint.scala:133)
[2025-12-11T09:01:37.363+0000] {subprocess.py:93} INFO - 	at org.apache.spark.rpc.netty.Inbox.$anonfun$process$1(Inbox.scala:103)
[2025-12-11T09:01:37.370+0000] {subprocess.py:93} INFO - 	at org.apache.spark.rpc.netty.Inbox.safelyCall(Inbox.scala:213)
[2025-12-11T09:01:37.372+0000] {subprocess.py:93} INFO - 	at org.apache.spark.rpc.netty.Inbox.process(Inbox.scala:100)
[2025-12-11T09:01:37.374+0000] {subprocess.py:93} INFO - 	at org.apache.spark.rpc.netty.MessageLoop.org$apache$spark$rpc$netty$MessageLoop$$receiveLoop(MessageLoop.scala:75)
[2025-12-11T09:01:37.376+0000] {subprocess.py:93} INFO - 	at org.apache.spark.rpc.netty.MessageLoop$$anon$1.run(MessageLoop.scala:41)
[2025-12-11T09:01:37.378+0000] {subprocess.py:93} INFO - 	at java.base/java.util.concurrent.ThreadPoolExecutor.runWorker(ThreadPoolExecutor.java:1136)
[2025-12-11T09:01:37.380+0000] {subprocess.py:93} INFO - 	at java.base/java.util.concurrent.ThreadPoolExecutor$Worker.run(ThreadPoolExecutor.java:635)
[2025-12-11T09:01:37.385+0000] {subprocess.py:93} INFO - 	at java.base/java.lang.Thread.run(Thread.java:840)
[2025-12-11T09:01:37.387+0000] {subprocess.py:93} INFO - 25/12/11 09:01:37 WARN Executor: Issue communicating with driver in heartbeater
[2025-12-11T09:01:37.393+0000] {subprocess.py:93} INFO - org.apache.spark.SparkException: Exception thrown in awaitResult:
[2025-12-11T09:01:37.396+0000] {subprocess.py:93} INFO - 	at org.apache.spark.util.SparkThreadUtils$.awaitResult(SparkThreadUtils.scala:56)
[2025-12-11T09:01:37.397+0000] {subprocess.py:93} INFO - 	at org.apache.spark.util.ThreadUtils$.awaitResult(ThreadUtils.scala:310)
[2025-12-11T09:01:37.405+0000] {subprocess.py:93} INFO - 	at org.apache.spark.rpc.RpcTimeout.awaitResult(RpcTimeout.scala:75)
[2025-12-11T09:01:37.407+0000] {subprocess.py:93} INFO - 	at org.apache.spark.rpc.RpcEndpointRef.askSync(RpcEndpointRef.scala:101)
[2025-12-11T09:01:37.410+0000] {subprocess.py:93} INFO - 	at org.apache.spark.rpc.RpcEndpointRef.askSync(RpcEndpointRef.scala:85)
[2025-12-11T09:01:37.416+0000] {subprocess.py:93} INFO - 	at org.apache.spark.storage.BlockManagerMaster.registerBlockManager(BlockManagerMaster.scala:80)
[2025-12-11T09:01:37.423+0000] {subprocess.py:93} INFO - 	at org.apache.spark.storage.BlockManager.reregister(BlockManager.scala:642)
[2025-12-11T09:01:37.425+0000] {subprocess.py:93} INFO - 	at org.apache.spark.executor.Executor.reportHeartBeat(Executor.scala:1223)
[2025-12-11T09:01:37.428+0000] {subprocess.py:93} INFO - 	at org.apache.spark.executor.Executor.$anonfun$heartbeater$1(Executor.scala:295)
[2025-12-11T09:01:37.429+0000] {subprocess.py:93} INFO - 	at scala.runtime.java8.JFunction0$mcV$sp.apply(JFunction0$mcV$sp.java:23)
[2025-12-11T09:01:37.432+0000] {subprocess.py:93} INFO - 	at org.apache.spark.util.Utils$.logUncaughtExceptions(Utils.scala:1928)
[2025-12-11T09:01:37.437+0000] {subprocess.py:93} INFO - 	at org.apache.spark.Heartbeater$$anon$1.run(Heartbeater.scala:46)
[2025-12-11T09:01:37.449+0000] {subprocess.py:93} INFO - 	at java.base/java.util.concurrent.Executors$RunnableAdapter.call(Executors.java:539)
[2025-12-11T09:01:37.452+0000] {subprocess.py:93} INFO - 	at java.base/java.util.concurrent.FutureTask.runAndReset(FutureTask.java:305)
[2025-12-11T09:01:37.459+0000] {subprocess.py:93} INFO - 	at java.base/java.util.concurrent.ScheduledThreadPoolExecutor$ScheduledFutureTask.run(ScheduledThreadPoolExecutor.java:305)
[2025-12-11T09:01:37.468+0000] {subprocess.py:93} INFO - 	at java.base/java.util.concurrent.ThreadPoolExecutor.runWorker(ThreadPoolExecutor.java:1136)
[2025-12-11T09:01:37.476+0000] {subprocess.py:93} INFO - 	at java.base/java.util.concurrent.ThreadPoolExecutor$Worker.run(ThreadPoolExecutor.java:635)
[2025-12-11T09:01:37.482+0000] {subprocess.py:93} INFO - 	at java.base/java.lang.Thread.run(Thread.java:840)
[2025-12-11T09:01:37.486+0000] {subprocess.py:93} INFO - Caused by: java.lang.NullPointerException: Cannot invoke "org.apache.spark.storage.BlockManagerId.executorId()" because "idWithoutTopologyInfo" is null
[2025-12-11T09:01:37.491+0000] {subprocess.py:93} INFO - 	at org.apache.spark.storage.BlockManagerMasterEndpoint.org$apache$spark$storage$BlockManagerMasterEndpoint$$register(BlockManagerMasterEndpoint.scala:677)
[2025-12-11T09:01:37.493+0000] {subprocess.py:93} INFO - 	at org.apache.spark.storage.BlockManagerMasterEndpoint$$anonfun$receiveAndReply$1.applyOrElse(BlockManagerMasterEndpoint.scala:133)
[2025-12-11T09:01:37.497+0000] {subprocess.py:93} INFO - 	at org.apache.spark.rpc.netty.Inbox.$anonfun$process$1(Inbox.scala:103)
[2025-12-11T09:01:37.505+0000] {subprocess.py:93} INFO - 	at org.apache.spark.rpc.netty.Inbox.safelyCall(Inbox.scala:213)
[2025-12-11T09:01:37.507+0000] {subprocess.py:93} INFO - 	at org.apache.spark.rpc.netty.Inbox.process(Inbox.scala:100)
[2025-12-11T09:01:37.509+0000] {subprocess.py:93} INFO - 	at org.apache.spark.rpc.netty.MessageLoop.org$apache$spark$rpc$netty$MessageLoop$$receiveLoop(MessageLoop.scala:75)
[2025-12-11T09:01:37.512+0000] {subprocess.py:93} INFO - 	at org.apache.spark.rpc.netty.MessageLoop$$anon$1.run(MessageLoop.scala:41)
[2025-12-11T09:01:37.522+0000] {subprocess.py:93} INFO - 	... 3 more
[2025-12-11T09:01:38.807+0000] {subprocess.py:93} INFO - 25/12/11 09:01:38 INFO Utils: /tmp/spark-3936daba-6e9b-48e3-a16b-5765d94a0cf0/userFiles-4745e903-269e-40de-bd0f-8ce360601d2a/fetchFileTemp16705470533346484048.tmp has been previously copied to /tmp/spark-3936daba-6e9b-48e3-a16b-5765d94a0cf0/userFiles-4745e903-269e-40de-bd0f-8ce360601d2a/com.amazonaws_aws-java-sdk-bundle-1.12.262.jar
[2025-12-11T09:01:38.924+0000] {subprocess.py:93} INFO - 25/12/11 09:01:38 INFO Executor: Adding file:/tmp/spark-3936daba-6e9b-48e3-a16b-5765d94a0cf0/userFiles-4745e903-269e-40de-bd0f-8ce360601d2a/com.amazonaws_aws-java-sdk-bundle-1.12.262.jar to class loader default
[2025-12-11T09:01:38.935+0000] {subprocess.py:93} INFO - 25/12/11 09:01:38 INFO Executor: Fetching spark://e428b2e16328:34381/jars/org.wildfly.openssl_wildfly-openssl-1.0.7.Final.jar with timestamp 1765443670225
[2025-12-11T09:01:38.946+0000] {subprocess.py:93} INFO - 25/12/11 09:01:38 INFO Utils: Fetching spark://e428b2e16328:34381/jars/org.wildfly.openssl_wildfly-openssl-1.0.7.Final.jar to /tmp/spark-3936daba-6e9b-48e3-a16b-5765d94a0cf0/userFiles-4745e903-269e-40de-bd0f-8ce360601d2a/fetchFileTemp16543740256222403467.tmp
[2025-12-11T09:01:38.994+0000] {subprocess.py:93} INFO - 25/12/11 09:01:38 INFO Utils: /tmp/spark-3936daba-6e9b-48e3-a16b-5765d94a0cf0/userFiles-4745e903-269e-40de-bd0f-8ce360601d2a/fetchFileTemp16543740256222403467.tmp has been previously copied to /tmp/spark-3936daba-6e9b-48e3-a16b-5765d94a0cf0/userFiles-4745e903-269e-40de-bd0f-8ce360601d2a/org.wildfly.openssl_wildfly-openssl-1.0.7.Final.jar
[2025-12-11T09:01:39.056+0000] {subprocess.py:93} INFO - 25/12/11 09:01:39 INFO Executor: Adding file:/tmp/spark-3936daba-6e9b-48e3-a16b-5765d94a0cf0/userFiles-4745e903-269e-40de-bd0f-8ce360601d2a/org.wildfly.openssl_wildfly-openssl-1.0.7.Final.jar to class loader default
[2025-12-11T09:01:39.286+0000] {subprocess.py:93} INFO - 25/12/11 09:01:39 INFO Utils: Successfully started service 'org.apache.spark.network.netty.NettyBlockTransferService' on port 35563.
[2025-12-11T09:01:39.290+0000] {subprocess.py:93} INFO - 25/12/11 09:01:39 INFO NettyBlockTransferService: Server created on e428b2e16328:35563
[2025-12-11T09:01:39.311+0000] {subprocess.py:93} INFO - 25/12/11 09:01:39 INFO BlockManager: Using org.apache.spark.storage.RandomBlockReplicationPolicy for block replication policy
[2025-12-11T09:01:39.504+0000] {subprocess.py:93} INFO - 25/12/11 09:01:39 INFO BlockManagerMaster: Registering BlockManager BlockManagerId(driver, e428b2e16328, 35563, None)
[2025-12-11T09:01:39.572+0000] {subprocess.py:93} INFO - 25/12/11 09:01:39 INFO BlockManagerMasterEndpoint: Registering block manager e428b2e16328:35563 with 434.4 MiB RAM, BlockManagerId(driver, e428b2e16328, 35563, None)
[2025-12-11T09:01:39.600+0000] {subprocess.py:93} INFO - 25/12/11 09:01:39 INFO BlockManagerMaster: Registered BlockManager BlockManagerId(driver, e428b2e16328, 35563, None)
[2025-12-11T09:01:39.616+0000] {subprocess.py:93} INFO - 25/12/11 09:01:39 INFO BlockManager: Initialized BlockManager: BlockManagerId(driver, e428b2e16328, 35563, None)
[2025-12-11T09:01:43.474+0000] {subprocess.py:93} INFO - ✅ Spark Session created successfully!
[2025-12-11T09:01:43.477+0000] {subprocess.py:93} INFO - 
[2025-12-11T09:01:43.478+0000] {subprocess.py:93} INFO - 📍 Step 2: Reading Bronze Layer...
[2025-12-11T09:01:43.481+0000] {subprocess.py:93} INFO - 📂 Reading from: s3a://datalake/bronze/emails/
[2025-12-11T09:01:43.528+0000] {subprocess.py:93} INFO - 25/12/11 09:01:43 INFO SharedState: Setting hive.metastore.warehouse.dir ('null') to the value of spark.sql.warehouse.dir.
[2025-12-11T09:01:43.544+0000] {subprocess.py:93} INFO - 25/12/11 09:01:43 INFO SharedState: Warehouse path is 'file:/tmp/***tmpckj1sv3t/spark-warehouse'.
[2025-12-11T09:01:56.250+0000] {subprocess.py:93} INFO - 25/12/11 09:01:56 WARN MetricsConfig: Cannot locate configuration: tried hadoop-metrics2-s3a-file-system.properties,hadoop-metrics2.properties
[2025-12-11T09:01:56.137+0000] {subprocess.py:93} INFO - 25/12/11 09:01:56 INFO MetricsSystemImpl: Scheduled Metric snapshot period at 10 second(s).
[2025-12-11T09:01:56.152+0000] {subprocess.py:93} INFO - 25/12/11 09:01:56 INFO MetricsSystemImpl: s3a-file-system metrics system started
[2025-12-11T09:02:10.721+0000] {subprocess.py:93} INFO - 25/12/11 09:02:10 INFO MetadataLogFileIndex: Reading streaming file log from s3a://datalake/bronze/emails/_spark_metadata
[2025-12-11T09:02:11.448+0000] {subprocess.py:93} INFO - 25/12/11 09:02:11 INFO FileStreamSinkLog: BatchIds found from listing: 0, 1, 2, 3, 4, 5, 6, 7, 8, 9, 10, 11
[2025-12-11T09:02:11.550+0000] {subprocess.py:93} INFO - 25/12/11 09:02:11 INFO FileStreamSinkLog: Set the compact interval to 10 [defaultCompactInterval: 10]
[2025-12-11T09:02:11.614+0000] {subprocess.py:93} INFO - 25/12/11 09:02:11 INFO deprecation: org.apache.hadoop.shaded.io.bytes.per.checksum is deprecated. Instead, use dfs.bytes-per-checksum
[2025-12-11T09:02:17.971+0000] {subprocess.py:93} INFO - 25/12/11 09:02:17 INFO SparkContext: Starting job: parquet at NativeMethodAccessorImpl.java:0
[2025-12-11T09:02:18.085+0000] {subprocess.py:93} INFO - 25/12/11 09:02:18 INFO DAGScheduler: Got job 0 (parquet at NativeMethodAccessorImpl.java:0) with 1 output partitions
[2025-12-11T09:02:18.088+0000] {subprocess.py:93} INFO - 25/12/11 09:02:18 INFO DAGScheduler: Final stage: ResultStage 0 (parquet at NativeMethodAccessorImpl.java:0)
[2025-12-11T09:02:18.091+0000] {subprocess.py:93} INFO - 25/12/11 09:02:18 INFO DAGScheduler: Parents of final stage: List()
[2025-12-11T09:02:18.094+0000] {subprocess.py:93} INFO - 25/12/11 09:02:18 INFO DAGScheduler: Missing parents: List()
[2025-12-11T09:02:18.114+0000] {subprocess.py:93} INFO - 25/12/11 09:02:18 INFO DAGScheduler: Submitting ResultStage 0 (MapPartitionsRDD[1] at parquet at NativeMethodAccessorImpl.java:0), which has no missing parents
[2025-12-11T09:02:18.839+0000] {subprocess.py:93} INFO - 25/12/11 09:02:18 INFO MemoryStore: Block broadcast_0 stored as values in memory (estimated size 105.5 KiB, free 434.3 MiB)
[2025-12-11T09:02:19.398+0000] {subprocess.py:93} INFO - 25/12/11 09:02:19 INFO MemoryStore: Block broadcast_0_piece0 stored as bytes in memory (estimated size 38.2 KiB, free 434.3 MiB)
[2025-12-11T09:02:19.438+0000] {subprocess.py:93} INFO - 25/12/11 09:02:19 INFO BlockManagerInfo: Added broadcast_0_piece0 in memory on e428b2e16328:35563 (size: 38.2 KiB, free: 434.4 MiB)
[2025-12-11T09:02:19.478+0000] {subprocess.py:93} INFO - 25/12/11 09:02:19 INFO SparkContext: Created broadcast 0 from broadcast at DAGScheduler.scala:1580
[2025-12-11T09:02:19.589+0000] {subprocess.py:93} INFO - 25/12/11 09:02:19 INFO DAGScheduler: Submitting 1 missing tasks from ResultStage 0 (MapPartitionsRDD[1] at parquet at NativeMethodAccessorImpl.java:0) (first 15 tasks are for partitions Vector(0))
[2025-12-11T09:02:19.600+0000] {subprocess.py:93} INFO - 25/12/11 09:02:19 INFO TaskSchedulerImpl: Adding task set 0.0 with 1 tasks resource profile 0
[2025-12-11T09:02:20.014+0000] {subprocess.py:93} INFO - 25/12/11 09:02:20 INFO TaskSetManager: Starting task 0.0 in stage 0.0 (TID 0) (e428b2e16328, executor driver, partition 0, PROCESS_LOCAL, 8496 bytes)
[2025-12-11T09:02:20.204+0000] {subprocess.py:93} INFO - 25/12/11 09:02:20 INFO Executor: Running task 0.0 in stage 0.0 (TID 0)
[2025-12-11T09:02:22.135+0000] {subprocess.py:93} INFO - 25/12/11 09:02:22 ERROR Executor: Exception in task 0.0 in stage 0.0 (TID 0)
[2025-12-11T09:02:22.154+0000] {subprocess.py:93} INFO - org.apache.spark.SparkException: Exception thrown in awaitResult:
[2025-12-11T09:02:22.159+0000] {subprocess.py:93} INFO - 	at org.apache.spark.util.SparkThreadUtils$.awaitResult(SparkThreadUtils.scala:56)
[2025-12-11T09:02:22.161+0000] {subprocess.py:93} INFO - 	at org.apache.spark.util.ThreadUtils$.awaitResult(ThreadUtils.scala:310)
[2025-12-11T09:02:22.163+0000] {subprocess.py:93} INFO - 	at org.apache.spark.util.ThreadUtils$.parmap(ThreadUtils.scala:383)
[2025-12-11T09:02:22.170+0000] {subprocess.py:93} INFO - 	at org.apache.spark.sql.execution.datasources.parquet.ParquetFileFormat$.readParquetFootersInParallel(ParquetFileFormat.scala:443)
[2025-12-11T09:02:22.175+0000] {subprocess.py:93} INFO - 	at org.apache.spark.sql.execution.datasources.parquet.ParquetFileFormat$.$anonfun$mergeSchemasInParallel$1(ParquetFileFormat.scala:493)
[2025-12-11T09:02:22.176+0000] {subprocess.py:93} INFO - 	at org.apache.spark.sql.execution.datasources.parquet.ParquetFileFormat$.$anonfun$mergeSchemasInParallel$1$adapted(ParquetFileFormat.scala:485)
[2025-12-11T09:02:22.182+0000] {subprocess.py:93} INFO - 	at org.apache.spark.sql.execution.datasources.SchemaMergeUtils$.$anonfun$mergeSchemasInParallel$2(SchemaMergeUtils.scala:79)
[2025-12-11T09:02:22.184+0000] {subprocess.py:93} INFO - 	at org.apache.spark.rdd.RDD.$anonfun$mapPartitions$2(RDD.scala:855)
[2025-12-11T09:02:22.186+0000] {subprocess.py:93} INFO - 	at org.apache.spark.rdd.RDD.$anonfun$mapPartitions$2$adapted(RDD.scala:855)
[2025-12-11T09:02:22.191+0000] {subprocess.py:93} INFO - 	at org.apache.spark.rdd.MapPartitionsRDD.compute(MapPartitionsRDD.scala:52)
[2025-12-11T09:02:22.197+0000] {subprocess.py:93} INFO - 	at org.apache.spark.rdd.RDD.computeOrReadCheckpoint(RDD.scala:364)
[2025-12-11T09:02:22.203+0000] {subprocess.py:93} INFO - 	at org.apache.spark.rdd.RDD.iterator(RDD.scala:328)
[2025-12-11T09:02:22.207+0000] {subprocess.py:93} INFO - 	at org.apache.spark.scheduler.ResultTask.runTask(ResultTask.scala:93)
[2025-12-11T09:02:22.211+0000] {subprocess.py:93} INFO - 	at org.apache.spark.TaskContext.runTaskWithListeners(TaskContext.scala:161)
[2025-12-11T09:02:22.221+0000] {subprocess.py:93} INFO - 	at org.apache.spark.scheduler.Task.run(Task.scala:141)
[2025-12-11T09:02:22.226+0000] {subprocess.py:93} INFO - 	at org.apache.spark.executor.Executor$TaskRunner.$anonfun$run$4(Executor.scala:620)
[2025-12-11T09:02:22.228+0000] {subprocess.py:93} INFO - 	at org.apache.spark.util.SparkErrorUtils.tryWithSafeFinally(SparkErrorUtils.scala:64)
[2025-12-11T09:02:22.230+0000] {subprocess.py:93} INFO - 	at org.apache.spark.util.SparkErrorUtils.tryWithSafeFinally$(SparkErrorUtils.scala:61)
[2025-12-11T09:02:22.237+0000] {subprocess.py:93} INFO - 	at org.apache.spark.util.Utils$.tryWithSafeFinally(Utils.scala:94)
[2025-12-11T09:02:22.252+0000] {subprocess.py:93} INFO - 	at org.apache.spark.executor.Executor$TaskRunner.run(Executor.scala:623)
[2025-12-11T09:02:22.280+0000] {subprocess.py:93} INFO - 	at java.base/java.util.concurrent.ThreadPoolExecutor.runWorker(ThreadPoolExecutor.java:1136)
[2025-12-11T09:02:22.282+0000] {subprocess.py:93} INFO - 	at java.base/java.util.concurrent.ThreadPoolExecutor$Worker.run(ThreadPoolExecutor.java:635)
[2025-12-11T09:02:22.285+0000] {subprocess.py:93} INFO - 	at java.base/java.lang.Thread.run(Thread.java:840)
[2025-12-11T09:02:22.297+0000] {subprocess.py:93} INFO - Caused by: java.io.FileNotFoundException: No such file or directory: s3a://datalake/bronze/emails/part-00000-1c68fb81-6134-41dd-8365-c442546d28c7-c000.snappy.parquet
[2025-12-11T09:02:22.310+0000] {subprocess.py:93} INFO - 	at org.apache.hadoop.fs.s3a.S3AFileSystem.s3GetFileStatus(S3AFileSystem.java:3866)
[2025-12-11T09:02:22.316+0000] {subprocess.py:93} INFO - 	at org.apache.hadoop.fs.s3a.S3AFileSystem.innerGetFileStatus(S3AFileSystem.java:3688)
[2025-12-11T09:02:22.320+0000] {subprocess.py:93} INFO - 	at org.apache.hadoop.fs.s3a.S3AFileSystem.extractOrFetchSimpleFileStatus(S3AFileSystem.java:5401)
[2025-12-11T09:02:22.336+0000] {subprocess.py:93} INFO - 	at org.apache.hadoop.fs.s3a.S3AFileSystem.open(S3AFileSystem.java:1465)
[2025-12-11T09:02:22.340+0000] {subprocess.py:93} INFO - 	at org.apache.hadoop.fs.s3a.S3AFileSystem.open(S3AFileSystem.java:1441)
[2025-12-11T09:02:22.345+0000] {subprocess.py:93} INFO - 	at org.apache.hadoop.fs.FileSystem.open(FileSystem.java:976)
[2025-12-11T09:02:22.361+0000] {subprocess.py:93} INFO - 	at org.apache.parquet.hadoop.util.HadoopInputFile.newStream(HadoopInputFile.java:69)
[2025-12-11T09:02:22.365+0000] {subprocess.py:93} INFO - 	at org.apache.parquet.hadoop.ParquetFileReader.<init>(ParquetFileReader.java:796)
[2025-12-11T09:02:22.374+0000] {subprocess.py:93} INFO - 	at org.apache.parquet.hadoop.ParquetFileReader.open(ParquetFileReader.java:666)
[2025-12-11T09:02:22.377+0000] {subprocess.py:93} INFO - 	at org.apache.spark.sql.execution.datasources.parquet.ParquetFooterReader.readFooter(ParquetFooterReader.java:85)
[2025-12-11T09:02:22.389+0000] {subprocess.py:93} INFO - 	at org.apache.spark.sql.execution.datasources.parquet.ParquetFooterReader.readFooter(ParquetFooterReader.java:76)
[2025-12-11T09:02:22.403+0000] {subprocess.py:93} INFO - 	at org.apache.spark.sql.execution.datasources.parquet.ParquetFileFormat$.$anonfun$readParquetFootersInParallel$1(ParquetFileFormat.scala:450)
[2025-12-11T09:02:22.406+0000] {subprocess.py:93} INFO - 	at org.apache.spark.util.ThreadUtils$.$anonfun$parmap$2(ThreadUtils.scala:380)
[2025-12-11T09:02:22.408+0000] {subprocess.py:93} INFO - 	at scala.concurrent.Future$.$anonfun$apply$1(Future.scala:659)
[2025-12-11T09:02:22.410+0000] {subprocess.py:93} INFO - 	at scala.util.Success.$anonfun$map$1(Try.scala:255)
[2025-12-11T09:02:22.414+0000] {subprocess.py:93} INFO - 	at scala.util.Success.map(Try.scala:213)
[2025-12-11T09:02:22.417+0000] {subprocess.py:93} INFO - 	at scala.concurrent.Future.$anonfun$map$1(Future.scala:292)
[2025-12-11T09:02:22.420+0000] {subprocess.py:93} INFO - 	at scala.concurrent.impl.Promise.liftedTree1$1(Promise.scala:33)
[2025-12-11T09:02:22.426+0000] {subprocess.py:93} INFO - 	at scala.concurrent.impl.Promise.$anonfun$transform$1(Promise.scala:33)
[2025-12-11T09:02:22.430+0000] {subprocess.py:93} INFO - 	at scala.concurrent.impl.CallbackRunnable.run(Promise.scala:64)
[2025-12-11T09:02:22.436+0000] {subprocess.py:93} INFO - 	at java.base/java.util.concurrent.ForkJoinTask$RunnableExecuteAction.exec(ForkJoinTask.java:1395)
[2025-12-11T09:02:22.440+0000] {subprocess.py:93} INFO - 	at java.base/java.util.concurrent.ForkJoinTask.doExec(ForkJoinTask.java:373)
[2025-12-11T09:02:22.443+0000] {subprocess.py:93} INFO - 	at java.base/java.util.concurrent.ForkJoinPool$WorkQueue.topLevelExec(ForkJoinPool.java:1182)
[2025-12-11T09:02:22.445+0000] {subprocess.py:93} INFO - 	at java.base/java.util.concurrent.ForkJoinPool.scan(ForkJoinPool.java:1655)
[2025-12-11T09:02:22.455+0000] {subprocess.py:93} INFO - 	at java.base/java.util.concurrent.ForkJoinPool.runWorker(ForkJoinPool.java:1622)
[2025-12-11T09:02:22.458+0000] {subprocess.py:93} INFO - 	at java.base/java.util.concurrent.ForkJoinWorkerThread.run(ForkJoinWorkerThread.java:165)
[2025-12-11T09:02:22.461+0000] {subprocess.py:93} INFO - 25/12/11 09:02:22 WARN TaskSetManager: Lost task 0.0 in stage 0.0 (TID 0) (e428b2e16328 executor driver): org.apache.spark.SparkException: Exception thrown in awaitResult:
[2025-12-11T09:02:22.469+0000] {subprocess.py:93} INFO - 	at org.apache.spark.util.SparkThreadUtils$.awaitResult(SparkThreadUtils.scala:56)
[2025-12-11T09:02:22.472+0000] {subprocess.py:93} INFO - 	at org.apache.spark.util.ThreadUtils$.awaitResult(ThreadUtils.scala:310)
[2025-12-11T09:02:22.473+0000] {subprocess.py:93} INFO - 	at org.apache.spark.util.ThreadUtils$.parmap(ThreadUtils.scala:383)
[2025-12-11T09:02:22.475+0000] {subprocess.py:93} INFO - 	at org.apache.spark.sql.execution.datasources.parquet.ParquetFileFormat$.readParquetFootersInParallel(ParquetFileFormat.scala:443)
[2025-12-11T09:02:22.476+0000] {subprocess.py:93} INFO - 	at org.apache.spark.sql.execution.datasources.parquet.ParquetFileFormat$.$anonfun$mergeSchemasInParallel$1(ParquetFileFormat.scala:493)
[2025-12-11T09:02:22.477+0000] {subprocess.py:93} INFO - 	at org.apache.spark.sql.execution.datasources.parquet.ParquetFileFormat$.$anonfun$mergeSchemasInParallel$1$adapted(ParquetFileFormat.scala:485)
[2025-12-11T09:02:22.478+0000] {subprocess.py:93} INFO - 	at org.apache.spark.sql.execution.datasources.SchemaMergeUtils$.$anonfun$mergeSchemasInParallel$2(SchemaMergeUtils.scala:79)
[2025-12-11T09:02:22.479+0000] {subprocess.py:93} INFO - 	at org.apache.spark.rdd.RDD.$anonfun$mapPartitions$2(RDD.scala:855)
[2025-12-11T09:02:22.480+0000] {subprocess.py:93} INFO - 	at org.apache.spark.rdd.RDD.$anonfun$mapPartitions$2$adapted(RDD.scala:855)
[2025-12-11T09:02:22.480+0000] {subprocess.py:93} INFO - 	at org.apache.spark.rdd.MapPartitionsRDD.compute(MapPartitionsRDD.scala:52)
[2025-12-11T09:02:22.481+0000] {subprocess.py:93} INFO - 	at org.apache.spark.rdd.RDD.computeOrReadCheckpoint(RDD.scala:364)
[2025-12-11T09:02:22.482+0000] {subprocess.py:93} INFO - 	at org.apache.spark.rdd.RDD.iterator(RDD.scala:328)
[2025-12-11T09:02:22.483+0000] {subprocess.py:93} INFO - 	at org.apache.spark.scheduler.ResultTask.runTask(ResultTask.scala:93)
[2025-12-11T09:02:22.484+0000] {subprocess.py:93} INFO - 	at org.apache.spark.TaskContext.runTaskWithListeners(TaskContext.scala:161)
[2025-12-11T09:02:22.485+0000] {subprocess.py:93} INFO - 	at org.apache.spark.scheduler.Task.run(Task.scala:141)
[2025-12-11T09:02:22.486+0000] {subprocess.py:93} INFO - 	at org.apache.spark.executor.Executor$TaskRunner.$anonfun$run$4(Executor.scala:620)
[2025-12-11T09:02:22.486+0000] {subprocess.py:93} INFO - 	at org.apache.spark.util.SparkErrorUtils.tryWithSafeFinally(SparkErrorUtils.scala:64)
[2025-12-11T09:02:22.487+0000] {subprocess.py:93} INFO - 	at org.apache.spark.util.SparkErrorUtils.tryWithSafeFinally$(SparkErrorUtils.scala:61)
[2025-12-11T09:02:22.487+0000] {subprocess.py:93} INFO - 	at org.apache.spark.util.Utils$.tryWithSafeFinally(Utils.scala:94)
[2025-12-11T09:02:22.488+0000] {subprocess.py:93} INFO - 	at org.apache.spark.executor.Executor$TaskRunner.run(Executor.scala:623)
[2025-12-11T09:02:22.489+0000] {subprocess.py:93} INFO - 	at java.base/java.util.concurrent.ThreadPoolExecutor.runWorker(ThreadPoolExecutor.java:1136)
[2025-12-11T09:02:22.489+0000] {subprocess.py:93} INFO - 	at java.base/java.util.concurrent.ThreadPoolExecutor$Worker.run(ThreadPoolExecutor.java:635)
[2025-12-11T09:02:22.490+0000] {subprocess.py:93} INFO - 	at java.base/java.lang.Thread.run(Thread.java:840)
[2025-12-11T09:02:22.491+0000] {subprocess.py:93} INFO - Caused by: java.io.FileNotFoundException: No such file or directory: s3a://datalake/bronze/emails/part-00000-1c68fb81-6134-41dd-8365-c442546d28c7-c000.snappy.parquet
[2025-12-11T09:02:22.491+0000] {subprocess.py:93} INFO - 	at org.apache.hadoop.fs.s3a.S3AFileSystem.s3GetFileStatus(S3AFileSystem.java:3866)
[2025-12-11T09:02:22.492+0000] {subprocess.py:93} INFO - 	at org.apache.hadoop.fs.s3a.S3AFileSystem.innerGetFileStatus(S3AFileSystem.java:3688)
[2025-12-11T09:02:22.493+0000] {subprocess.py:93} INFO - 	at org.apache.hadoop.fs.s3a.S3AFileSystem.extractOrFetchSimpleFileStatus(S3AFileSystem.java:5401)
[2025-12-11T09:02:22.493+0000] {subprocess.py:93} INFO - 	at org.apache.hadoop.fs.s3a.S3AFileSystem.open(S3AFileSystem.java:1465)
[2025-12-11T09:02:22.494+0000] {subprocess.py:93} INFO - 	at org.apache.hadoop.fs.s3a.S3AFileSystem.open(S3AFileSystem.java:1441)
[2025-12-11T09:02:22.495+0000] {subprocess.py:93} INFO - 	at org.apache.hadoop.fs.FileSystem.open(FileSystem.java:976)
[2025-12-11T09:02:22.495+0000] {subprocess.py:93} INFO - 	at org.apache.parquet.hadoop.util.HadoopInputFile.newStream(HadoopInputFile.java:69)
[2025-12-11T09:02:22.496+0000] {subprocess.py:93} INFO - 	at org.apache.parquet.hadoop.ParquetFileReader.<init>(ParquetFileReader.java:796)
[2025-12-11T09:02:22.496+0000] {subprocess.py:93} INFO - 	at org.apache.parquet.hadoop.ParquetFileReader.open(ParquetFileReader.java:666)
[2025-12-11T09:02:22.497+0000] {subprocess.py:93} INFO - 	at org.apache.spark.sql.execution.datasources.parquet.ParquetFooterReader.readFooter(ParquetFooterReader.java:85)
[2025-12-11T09:02:22.498+0000] {subprocess.py:93} INFO - 	at org.apache.spark.sql.execution.datasources.parquet.ParquetFooterReader.readFooter(ParquetFooterReader.java:76)
[2025-12-11T09:02:22.500+0000] {subprocess.py:93} INFO - 	at org.apache.spark.sql.execution.datasources.parquet.ParquetFileFormat$.$anonfun$readParquetFootersInParallel$1(ParquetFileFormat.scala:450)
[2025-12-11T09:02:22.504+0000] {subprocess.py:93} INFO - 	at org.apache.spark.util.ThreadUtils$.$anonfun$parmap$2(ThreadUtils.scala:380)
[2025-12-11T09:02:22.509+0000] {subprocess.py:93} INFO - 	at scala.concurrent.Future$.$anonfun$apply$1(Future.scala:659)
[2025-12-11T09:02:22.515+0000] {subprocess.py:93} INFO - 	at scala.util.Success.$anonfun$map$1(Try.scala:255)
[2025-12-11T09:02:22.518+0000] {subprocess.py:93} INFO - 	at scala.util.Success.map(Try.scala:213)
[2025-12-11T09:02:22.521+0000] {subprocess.py:93} INFO - 	at scala.concurrent.Future.$anonfun$map$1(Future.scala:292)
[2025-12-11T09:02:22.526+0000] {subprocess.py:93} INFO - 	at scala.concurrent.impl.Promise.liftedTree1$1(Promise.scala:33)
[2025-12-11T09:02:22.530+0000] {subprocess.py:93} INFO - 	at scala.concurrent.impl.Promise.$anonfun$transform$1(Promise.scala:33)
[2025-12-11T09:02:22.532+0000] {subprocess.py:93} INFO - 	at scala.concurrent.impl.CallbackRunnable.run(Promise.scala:64)
[2025-12-11T09:02:22.535+0000] {subprocess.py:93} INFO - 	at java.base/java.util.concurrent.ForkJoinTask$RunnableExecuteAction.exec(ForkJoinTask.java:1395)
[2025-12-11T09:02:22.541+0000] {subprocess.py:93} INFO - 	at java.base/java.util.concurrent.ForkJoinTask.doExec(ForkJoinTask.java:373)
[2025-12-11T09:02:22.543+0000] {subprocess.py:93} INFO - 	at java.base/java.util.concurrent.ForkJoinPool$WorkQueue.topLevelExec(ForkJoinPool.java:1182)
[2025-12-11T09:02:22.546+0000] {subprocess.py:93} INFO - 	at java.base/java.util.concurrent.ForkJoinPool.scan(ForkJoinPool.java:1655)
[2025-12-11T09:02:22.551+0000] {subprocess.py:93} INFO - 	at java.base/java.util.concurrent.ForkJoinPool.runWorker(ForkJoinPool.java:1622)
[2025-12-11T09:02:22.553+0000] {subprocess.py:93} INFO - 	at java.base/java.util.concurrent.ForkJoinWorkerThread.run(ForkJoinWorkerThread.java:165)
[2025-12-11T09:02:22.557+0000] {subprocess.py:93} INFO - 
[2025-12-11T09:02:22.559+0000] {subprocess.py:93} INFO - 25/12/11 09:02:22 ERROR TaskSetManager: Task 0 in stage 0.0 failed 1 times; aborting job
[2025-12-11T09:02:22.560+0000] {subprocess.py:93} INFO - 25/12/11 09:02:22 INFO TaskSchedulerImpl: Removed TaskSet 0.0, whose tasks have all completed, from pool
[2025-12-11T09:02:22.566+0000] {subprocess.py:93} INFO - 25/12/11 09:02:22 INFO TaskSchedulerImpl: Cancelling stage 0
[2025-12-11T09:02:22.571+0000] {subprocess.py:93} INFO - 25/12/11 09:02:22 INFO TaskSchedulerImpl: Killing all running tasks in stage 0: Stage cancelled: Job aborted due to stage failure: Task 0 in stage 0.0 failed 1 times, most recent failure: Lost task 0.0 in stage 0.0 (TID 0) (e428b2e16328 executor driver): org.apache.spark.SparkException: Exception thrown in awaitResult:
[2025-12-11T09:02:22.574+0000] {subprocess.py:93} INFO - 	at org.apache.spark.util.SparkThreadUtils$.awaitResult(SparkThreadUtils.scala:56)
[2025-12-11T09:02:22.576+0000] {subprocess.py:93} INFO - 	at org.apache.spark.util.ThreadUtils$.awaitResult(ThreadUtils.scala:310)
[2025-12-11T09:02:22.577+0000] {subprocess.py:93} INFO - 	at org.apache.spark.util.ThreadUtils$.parmap(ThreadUtils.scala:383)
[2025-12-11T09:02:22.579+0000] {subprocess.py:93} INFO - 	at org.apache.spark.sql.execution.datasources.parquet.ParquetFileFormat$.readParquetFootersInParallel(ParquetFileFormat.scala:443)
[2025-12-11T09:02:22.584+0000] {subprocess.py:93} INFO - 	at org.apache.spark.sql.execution.datasources.parquet.ParquetFileFormat$.$anonfun$mergeSchemasInParallel$1(ParquetFileFormat.scala:493)
[2025-12-11T09:02:22.593+0000] {subprocess.py:93} INFO - 	at org.apache.spark.sql.execution.datasources.parquet.ParquetFileFormat$.$anonfun$mergeSchemasInParallel$1$adapted(ParquetFileFormat.scala:485)
[2025-12-11T09:02:22.596+0000] {subprocess.py:93} INFO - 	at org.apache.spark.sql.execution.datasources.SchemaMergeUtils$.$anonfun$mergeSchemasInParallel$2(SchemaMergeUtils.scala:79)
[2025-12-11T09:02:22.601+0000] {subprocess.py:93} INFO - 	at org.apache.spark.rdd.RDD.$anonfun$mapPartitions$2(RDD.scala:855)
[2025-12-11T09:02:22.604+0000] {subprocess.py:93} INFO - 	at org.apache.spark.rdd.RDD.$anonfun$mapPartitions$2$adapted(RDD.scala:855)
[2025-12-11T09:02:22.607+0000] {subprocess.py:93} INFO - 	at org.apache.spark.rdd.MapPartitionsRDD.compute(MapPartitionsRDD.scala:52)
[2025-12-11T09:02:22.614+0000] {subprocess.py:93} INFO - 	at org.apache.spark.rdd.RDD.computeOrReadCheckpoint(RDD.scala:364)
[2025-12-11T09:02:22.618+0000] {subprocess.py:93} INFO - 	at org.apache.spark.rdd.RDD.iterator(RDD.scala:328)
[2025-12-11T09:02:22.620+0000] {subprocess.py:93} INFO - 	at org.apache.spark.scheduler.ResultTask.runTask(ResultTask.scala:93)
[2025-12-11T09:02:22.622+0000] {subprocess.py:93} INFO - 	at org.apache.spark.TaskContext.runTaskWithListeners(TaskContext.scala:161)
[2025-12-11T09:02:22.624+0000] {subprocess.py:93} INFO - 	at org.apache.spark.scheduler.Task.run(Task.scala:141)
[2025-12-11T09:02:22.625+0000] {subprocess.py:93} INFO - 	at org.apache.spark.executor.Executor$TaskRunner.$anonfun$run$4(Executor.scala:620)
[2025-12-11T09:02:22.627+0000] {subprocess.py:93} INFO - 	at org.apache.spark.util.SparkErrorUtils.tryWithSafeFinally(SparkErrorUtils.scala:64)
[2025-12-11T09:02:22.628+0000] {subprocess.py:93} INFO - 	at org.apache.spark.util.SparkErrorUtils.tryWithSafeFinally$(SparkErrorUtils.scala:61)
[2025-12-11T09:02:22.631+0000] {subprocess.py:93} INFO - 	at org.apache.spark.util.Utils$.tryWithSafeFinally(Utils.scala:94)
[2025-12-11T09:02:22.636+0000] {subprocess.py:93} INFO - 	at org.apache.spark.executor.Executor$TaskRunner.run(Executor.scala:623)
[2025-12-11T09:02:22.638+0000] {subprocess.py:93} INFO - 	at java.base/java.util.concurrent.ThreadPoolExecutor.runWorker(ThreadPoolExecutor.java:1136)
[2025-12-11T09:02:22.642+0000] {subprocess.py:93} INFO - 	at java.base/java.util.concurrent.ThreadPoolExecutor$Worker.run(ThreadPoolExecutor.java:635)
[2025-12-11T09:02:22.645+0000] {subprocess.py:93} INFO - 	at java.base/java.lang.Thread.run(Thread.java:840)
[2025-12-11T09:02:22.646+0000] {subprocess.py:93} INFO - Caused by: java.io.FileNotFoundException: No such file or directory: s3a://datalake/bronze/emails/part-00000-1c68fb81-6134-41dd-8365-c442546d28c7-c000.snappy.parquet
[2025-12-11T09:02:22.653+0000] {subprocess.py:93} INFO - 	at org.apache.hadoop.fs.s3a.S3AFileSystem.s3GetFileStatus(S3AFileSystem.java:3866)
[2025-12-11T09:02:22.660+0000] {subprocess.py:93} INFO - 	at org.apache.hadoop.fs.s3a.S3AFileSystem.innerGetFileStatus(S3AFileSystem.java:3688)
[2025-12-11T09:02:22.664+0000] {subprocess.py:93} INFO - 	at org.apache.hadoop.fs.s3a.S3AFileSystem.extractOrFetchSimpleFileStatus(S3AFileSystem.java:5401)
[2025-12-11T09:02:22.666+0000] {subprocess.py:93} INFO - 	at org.apache.hadoop.fs.s3a.S3AFileSystem.open(S3AFileSystem.java:1465)
[2025-12-11T09:02:22.667+0000] {subprocess.py:93} INFO - 	at org.apache.hadoop.fs.s3a.S3AFileSystem.open(S3AFileSystem.java:1441)
[2025-12-11T09:02:22.670+0000] {subprocess.py:93} INFO - 	at org.apache.hadoop.fs.FileSystem.open(FileSystem.java:976)
[2025-12-11T09:02:22.672+0000] {subprocess.py:93} INFO - 	at org.apache.parquet.hadoop.util.HadoopInputFile.newStream(HadoopInputFile.java:69)
[2025-12-11T09:02:22.674+0000] {subprocess.py:93} INFO - 	at org.apache.parquet.hadoop.ParquetFileReader.<init>(ParquetFileReader.java:796)
[2025-12-11T09:02:22.675+0000] {subprocess.py:93} INFO - 	at org.apache.parquet.hadoop.ParquetFileReader.open(ParquetFileReader.java:666)
[2025-12-11T09:02:22.677+0000] {subprocess.py:93} INFO - 	at org.apache.spark.sql.execution.datasources.parquet.ParquetFooterReader.readFooter(ParquetFooterReader.java:85)
[2025-12-11T09:02:22.678+0000] {subprocess.py:93} INFO - 	at org.apache.spark.sql.execution.datasources.parquet.ParquetFooterReader.readFooter(ParquetFooterReader.java:76)
[2025-12-11T09:02:22.680+0000] {subprocess.py:93} INFO - 	at org.apache.spark.sql.execution.datasources.parquet.ParquetFileFormat$.$anonfun$readParquetFootersInParallel$1(ParquetFileFormat.scala:450)
[2025-12-11T09:02:22.681+0000] {subprocess.py:93} INFO - 	at org.apache.spark.util.ThreadUtils$.$anonfun$parmap$2(ThreadUtils.scala:380)
[2025-12-11T09:02:22.684+0000] {subprocess.py:93} INFO - 	at scala.concurrent.Future$.$anonfun$apply$1(Future.scala:659)
[2025-12-11T09:02:22.685+0000] {subprocess.py:93} INFO - 	at scala.util.Success.$anonfun$map$1(Try.scala:255)
[2025-12-11T09:02:22.687+0000] {subprocess.py:93} INFO - 	at scala.util.Success.map(Try.scala:213)
[2025-12-11T09:02:22.689+0000] {subprocess.py:93} INFO - 	at scala.concurrent.Future.$anonfun$map$1(Future.scala:292)
[2025-12-11T09:02:22.690+0000] {subprocess.py:93} INFO - 	at scala.concurrent.impl.Promise.liftedTree1$1(Promise.scala:33)
[2025-12-11T09:02:22.694+0000] {subprocess.py:93} INFO - 	at scala.concurrent.impl.Promise.$anonfun$transform$1(Promise.scala:33)
[2025-12-11T09:02:22.695+0000] {subprocess.py:93} INFO - 	at scala.concurrent.impl.CallbackRunnable.run(Promise.scala:64)
[2025-12-11T09:02:22.696+0000] {subprocess.py:93} INFO - 	at java.base/java.util.concurrent.ForkJoinTask$RunnableExecuteAction.exec(ForkJoinTask.java:1395)
[2025-12-11T09:02:22.700+0000] {subprocess.py:93} INFO - 	at java.base/java.util.concurrent.ForkJoinTask.doExec(ForkJoinTask.java:373)
[2025-12-11T09:02:22.701+0000] {subprocess.py:93} INFO - 	at java.base/java.util.concurrent.ForkJoinPool$WorkQueue.topLevelExec(ForkJoinPool.java:1182)
[2025-12-11T09:02:22.703+0000] {subprocess.py:93} INFO - 	at java.base/java.util.concurrent.ForkJoinPool.scan(ForkJoinPool.java:1655)
[2025-12-11T09:02:22.708+0000] {subprocess.py:93} INFO - 	at java.base/java.util.concurrent.ForkJoinPool.runWorker(ForkJoinPool.java:1622)
[2025-12-11T09:02:22.709+0000] {subprocess.py:93} INFO - 	at java.base/java.util.concurrent.ForkJoinWorkerThread.run(ForkJoinWorkerThread.java:165)
[2025-12-11T09:02:22.711+0000] {subprocess.py:93} INFO - 
[2025-12-11T09:02:22.713+0000] {subprocess.py:93} INFO - Driver stacktrace:
[2025-12-11T09:02:22.715+0000] {subprocess.py:93} INFO - 25/12/11 09:02:22 INFO DAGScheduler: ResultStage 0 (parquet at NativeMethodAccessorImpl.java:0) failed in 4.342 s due to Job aborted due to stage failure: Task 0 in stage 0.0 failed 1 times, most recent failure: Lost task 0.0 in stage 0.0 (TID 0) (e428b2e16328 executor driver): org.apache.spark.SparkException: Exception thrown in awaitResult:
[2025-12-11T09:02:22.718+0000] {subprocess.py:93} INFO - 	at org.apache.spark.util.SparkThreadUtils$.awaitResult(SparkThreadUtils.scala:56)
[2025-12-11T09:02:22.719+0000] {subprocess.py:93} INFO - 	at org.apache.spark.util.ThreadUtils$.awaitResult(ThreadUtils.scala:310)
[2025-12-11T09:02:22.720+0000] {subprocess.py:93} INFO - 	at org.apache.spark.util.ThreadUtils$.parmap(ThreadUtils.scala:383)
[2025-12-11T09:02:22.721+0000] {subprocess.py:93} INFO - 	at org.apache.spark.sql.execution.datasources.parquet.ParquetFileFormat$.readParquetFootersInParallel(ParquetFileFormat.scala:443)
[2025-12-11T09:02:22.722+0000] {subprocess.py:93} INFO - 	at org.apache.spark.sql.execution.datasources.parquet.ParquetFileFormat$.$anonfun$mergeSchemasInParallel$1(ParquetFileFormat.scala:493)
[2025-12-11T09:02:22.723+0000] {subprocess.py:93} INFO - 	at org.apache.spark.sql.execution.datasources.parquet.ParquetFileFormat$.$anonfun$mergeSchemasInParallel$1$adapted(ParquetFileFormat.scala:485)
[2025-12-11T09:02:22.724+0000] {subprocess.py:93} INFO - 	at org.apache.spark.sql.execution.datasources.SchemaMergeUtils$.$anonfun$mergeSchemasInParallel$2(SchemaMergeUtils.scala:79)
[2025-12-11T09:02:22.724+0000] {subprocess.py:93} INFO - 	at org.apache.spark.rdd.RDD.$anonfun$mapPartitions$2(RDD.scala:855)
[2025-12-11T09:02:22.725+0000] {subprocess.py:93} INFO - 	at org.apache.spark.rdd.RDD.$anonfun$mapPartitions$2$adapted(RDD.scala:855)
[2025-12-11T09:02:22.725+0000] {subprocess.py:93} INFO - 	at org.apache.spark.rdd.MapPartitionsRDD.compute(MapPartitionsRDD.scala:52)
[2025-12-11T09:02:22.726+0000] {subprocess.py:93} INFO - 	at org.apache.spark.rdd.RDD.computeOrReadCheckpoint(RDD.scala:364)
[2025-12-11T09:02:22.726+0000] {subprocess.py:93} INFO - 	at org.apache.spark.rdd.RDD.iterator(RDD.scala:328)
[2025-12-11T09:02:22.727+0000] {subprocess.py:93} INFO - 	at org.apache.spark.scheduler.ResultTask.runTask(ResultTask.scala:93)
[2025-12-11T09:02:22.727+0000] {subprocess.py:93} INFO - 	at org.apache.spark.TaskContext.runTaskWithListeners(TaskContext.scala:161)
[2025-12-11T09:02:22.727+0000] {subprocess.py:93} INFO - 	at org.apache.spark.scheduler.Task.run(Task.scala:141)
[2025-12-11T09:02:22.728+0000] {subprocess.py:93} INFO - 	at org.apache.spark.executor.Executor$TaskRunner.$anonfun$run$4(Executor.scala:620)
[2025-12-11T09:02:22.729+0000] {subprocess.py:93} INFO - 	at org.apache.spark.util.SparkErrorUtils.tryWithSafeFinally(SparkErrorUtils.scala:64)
[2025-12-11T09:02:22.731+0000] {subprocess.py:93} INFO - 	at org.apache.spark.util.SparkErrorUtils.tryWithSafeFinally$(SparkErrorUtils.scala:61)
[2025-12-11T09:02:22.732+0000] {subprocess.py:93} INFO - 	at org.apache.spark.util.Utils$.tryWithSafeFinally(Utils.scala:94)
[2025-12-11T09:02:22.738+0000] {subprocess.py:93} INFO - 	at org.apache.spark.executor.Executor$TaskRunner.run(Executor.scala:623)
[2025-12-11T09:02:22.739+0000] {subprocess.py:93} INFO - 	at java.base/java.util.concurrent.ThreadPoolExecutor.runWorker(ThreadPoolExecutor.java:1136)
[2025-12-11T09:02:22.740+0000] {subprocess.py:93} INFO - 	at java.base/java.util.concurrent.ThreadPoolExecutor$Worker.run(ThreadPoolExecutor.java:635)
[2025-12-11T09:02:22.741+0000] {subprocess.py:93} INFO - 	at java.base/java.lang.Thread.run(Thread.java:840)
[2025-12-11T09:02:22.741+0000] {subprocess.py:93} INFO - Caused by: java.io.FileNotFoundException: No such file or directory: s3a://datalake/bronze/emails/part-00000-1c68fb81-6134-41dd-8365-c442546d28c7-c000.snappy.parquet
[2025-12-11T09:02:22.743+0000] {subprocess.py:93} INFO - 	at org.apache.hadoop.fs.s3a.S3AFileSystem.s3GetFileStatus(S3AFileSystem.java:3866)
[2025-12-11T09:02:22.750+0000] {subprocess.py:93} INFO - 	at org.apache.hadoop.fs.s3a.S3AFileSystem.innerGetFileStatus(S3AFileSystem.java:3688)
[2025-12-11T09:02:22.752+0000] {subprocess.py:93} INFO - 	at org.apache.hadoop.fs.s3a.S3AFileSystem.extractOrFetchSimpleFileStatus(S3AFileSystem.java:5401)
[2025-12-11T09:02:22.755+0000] {subprocess.py:93} INFO - 	at org.apache.hadoop.fs.s3a.S3AFileSystem.open(S3AFileSystem.java:1465)
[2025-12-11T09:02:22.757+0000] {subprocess.py:93} INFO - 	at org.apache.hadoop.fs.s3a.S3AFileSystem.open(S3AFileSystem.java:1441)
[2025-12-11T09:02:22.758+0000] {subprocess.py:93} INFO - 	at org.apache.hadoop.fs.FileSystem.open(FileSystem.java:976)
[2025-12-11T09:02:22.760+0000] {subprocess.py:93} INFO - 	at org.apache.parquet.hadoop.util.HadoopInputFile.newStream(HadoopInputFile.java:69)
[2025-12-11T09:02:22.762+0000] {subprocess.py:93} INFO - 	at org.apache.parquet.hadoop.ParquetFileReader.<init>(ParquetFileReader.java:796)
[2025-12-11T09:02:22.763+0000] {subprocess.py:93} INFO - 	at org.apache.parquet.hadoop.ParquetFileReader.open(ParquetFileReader.java:666)
[2025-12-11T09:02:22.765+0000] {subprocess.py:93} INFO - 	at org.apache.spark.sql.execution.datasources.parquet.ParquetFooterReader.readFooter(ParquetFooterReader.java:85)
[2025-12-11T09:02:22.766+0000] {subprocess.py:93} INFO - 	at org.apache.spark.sql.execution.datasources.parquet.ParquetFooterReader.readFooter(ParquetFooterReader.java:76)
[2025-12-11T09:02:22.767+0000] {subprocess.py:93} INFO - 	at org.apache.spark.sql.execution.datasources.parquet.ParquetFileFormat$.$anonfun$readParquetFootersInParallel$1(ParquetFileFormat.scala:450)
[2025-12-11T09:02:22.770+0000] {subprocess.py:93} INFO - 	at org.apache.spark.util.ThreadUtils$.$anonfun$parmap$2(ThreadUtils.scala:380)
[2025-12-11T09:02:22.772+0000] {subprocess.py:93} INFO - 	at scala.concurrent.Future$.$anonfun$apply$1(Future.scala:659)
[2025-12-11T09:02:22.774+0000] {subprocess.py:93} INFO - 	at scala.util.Success.$anonfun$map$1(Try.scala:255)
[2025-12-11T09:02:22.775+0000] {subprocess.py:93} INFO - 	at scala.util.Success.map(Try.scala:213)
[2025-12-11T09:02:22.777+0000] {subprocess.py:93} INFO - 	at scala.concurrent.Future.$anonfun$map$1(Future.scala:292)
[2025-12-11T09:02:22.779+0000] {subprocess.py:93} INFO - 	at scala.concurrent.impl.Promise.liftedTree1$1(Promise.scala:33)
[2025-12-11T09:02:22.780+0000] {subprocess.py:93} INFO - 	at scala.concurrent.impl.Promise.$anonfun$transform$1(Promise.scala:33)
[2025-12-11T09:02:22.782+0000] {subprocess.py:93} INFO - 	at scala.concurrent.impl.CallbackRunnable.run(Promise.scala:64)
[2025-12-11T09:02:22.784+0000] {subprocess.py:93} INFO - 	at java.base/java.util.concurrent.ForkJoinTask$RunnableExecuteAction.exec(ForkJoinTask.java:1395)
[2025-12-11T09:02:22.786+0000] {subprocess.py:93} INFO - 	at java.base/java.util.concurrent.ForkJoinTask.doExec(ForkJoinTask.java:373)
[2025-12-11T09:02:22.787+0000] {subprocess.py:93} INFO - 	at java.base/java.util.concurrent.ForkJoinPool$WorkQueue.topLevelExec(ForkJoinPool.java:1182)
[2025-12-11T09:02:22.790+0000] {subprocess.py:93} INFO - 	at java.base/java.util.concurrent.ForkJoinPool.scan(ForkJoinPool.java:1655)
[2025-12-11T09:02:22.794+0000] {subprocess.py:93} INFO - 	at java.base/java.util.concurrent.ForkJoinPool.runWorker(ForkJoinPool.java:1622)
[2025-12-11T09:02:22.795+0000] {subprocess.py:93} INFO - 	at java.base/java.util.concurrent.ForkJoinWorkerThread.run(ForkJoinWorkerThread.java:165)
[2025-12-11T09:02:22.797+0000] {subprocess.py:93} INFO - 
[2025-12-11T09:02:22.800+0000] {subprocess.py:93} INFO - Driver stacktrace:
[2025-12-11T09:02:22.802+0000] {subprocess.py:93} INFO - 25/12/11 09:02:22 INFO DAGScheduler: Job 0 failed: parquet at NativeMethodAccessorImpl.java:0, took 4.595544 s
[2025-12-11T09:02:23.314+0000] {subprocess.py:93} INFO - ❌ Error reading Bronze: An error occurred while calling o39.parquet.
[2025-12-11T09:02:23.322+0000] {subprocess.py:93} INFO - : org.apache.spark.SparkException: Job aborted due to stage failure: Task 0 in stage 0.0 failed 1 times, most recent failure: Lost task 0.0 in stage 0.0 (TID 0) (e428b2e16328 executor driver): org.apache.spark.SparkException: Exception thrown in awaitResult:
[2025-12-11T09:02:23.325+0000] {subprocess.py:93} INFO - 	at org.apache.spark.util.SparkThreadUtils$.awaitResult(SparkThreadUtils.scala:56)
[2025-12-11T09:02:23.329+0000] {subprocess.py:93} INFO - 	at org.apache.spark.util.ThreadUtils$.awaitResult(ThreadUtils.scala:310)
[2025-12-11T09:02:23.336+0000] {subprocess.py:93} INFO - 	at org.apache.spark.util.ThreadUtils$.parmap(ThreadUtils.scala:383)
[2025-12-11T09:02:23.341+0000] {subprocess.py:93} INFO - 	at org.apache.spark.sql.execution.datasources.parquet.ParquetFileFormat$.readParquetFootersInParallel(ParquetFileFormat.scala:443)
[2025-12-11T09:02:23.343+0000] {subprocess.py:93} INFO - 	at org.apache.spark.sql.execution.datasources.parquet.ParquetFileFormat$.$anonfun$mergeSchemasInParallel$1(ParquetFileFormat.scala:493)
[2025-12-11T09:02:23.348+0000] {subprocess.py:93} INFO - 	at org.apache.spark.sql.execution.datasources.parquet.ParquetFileFormat$.$anonfun$mergeSchemasInParallel$1$adapted(ParquetFileFormat.scala:485)
[2025-12-11T09:02:23.350+0000] {subprocess.py:93} INFO - 	at org.apache.spark.sql.execution.datasources.SchemaMergeUtils$.$anonfun$mergeSchemasInParallel$2(SchemaMergeUtils.scala:79)
[2025-12-11T09:02:23.353+0000] {subprocess.py:93} INFO - 	at org.apache.spark.rdd.RDD.$anonfun$mapPartitions$2(RDD.scala:855)
[2025-12-11T09:02:23.358+0000] {subprocess.py:93} INFO - 	at org.apache.spark.rdd.RDD.$anonfun$mapPartitions$2$adapted(RDD.scala:855)
[2025-12-11T09:02:23.360+0000] {subprocess.py:93} INFO - 	at org.apache.spark.rdd.MapPartitionsRDD.compute(MapPartitionsRDD.scala:52)
[2025-12-11T09:02:23.363+0000] {subprocess.py:93} INFO - 	at org.apache.spark.rdd.RDD.computeOrReadCheckpoint(RDD.scala:364)
[2025-12-11T09:02:23.366+0000] {subprocess.py:93} INFO - 	at org.apache.spark.rdd.RDD.iterator(RDD.scala:328)
[2025-12-11T09:02:23.369+0000] {subprocess.py:93} INFO - 	at org.apache.spark.scheduler.ResultTask.runTask(ResultTask.scala:93)
[2025-12-11T09:02:23.379+0000] {subprocess.py:93} INFO - 	at org.apache.spark.TaskContext.runTaskWithListeners(TaskContext.scala:161)
[2025-12-11T09:02:23.381+0000] {subprocess.py:93} INFO - 	at org.apache.spark.scheduler.Task.run(Task.scala:141)
[2025-12-11T09:02:23.383+0000] {subprocess.py:93} INFO - 	at org.apache.spark.executor.Executor$TaskRunner.$anonfun$run$4(Executor.scala:620)
[2025-12-11T09:02:23.386+0000] {subprocess.py:93} INFO - 	at org.apache.spark.util.SparkErrorUtils.tryWithSafeFinally(SparkErrorUtils.scala:64)
[2025-12-11T09:02:23.387+0000] {subprocess.py:93} INFO - 	at org.apache.spark.util.SparkErrorUtils.tryWithSafeFinally$(SparkErrorUtils.scala:61)
[2025-12-11T09:02:23.389+0000] {subprocess.py:93} INFO - 	at org.apache.spark.util.Utils$.tryWithSafeFinally(Utils.scala:94)
[2025-12-11T09:02:23.391+0000] {subprocess.py:93} INFO - 	at org.apache.spark.executor.Executor$TaskRunner.run(Executor.scala:623)
[2025-12-11T09:02:23.393+0000] {subprocess.py:93} INFO - 	at java.base/java.util.concurrent.ThreadPoolExecutor.runWorker(ThreadPoolExecutor.java:1136)
[2025-12-11T09:02:23.395+0000] {subprocess.py:93} INFO - 	at java.base/java.util.concurrent.ThreadPoolExecutor$Worker.run(ThreadPoolExecutor.java:635)
[2025-12-11T09:02:23.399+0000] {subprocess.py:93} INFO - 	at java.base/java.lang.Thread.run(Thread.java:840)
[2025-12-11T09:02:23.404+0000] {subprocess.py:93} INFO - Caused by: java.io.FileNotFoundException: No such file or directory: s3a://datalake/bronze/emails/part-00000-1c68fb81-6134-41dd-8365-c442546d28c7-c000.snappy.parquet
[2025-12-11T09:02:23.406+0000] {subprocess.py:93} INFO - 	at org.apache.hadoop.fs.s3a.S3AFileSystem.s3GetFileStatus(S3AFileSystem.java:3866)
[2025-12-11T09:02:23.408+0000] {subprocess.py:93} INFO - 	at org.apache.hadoop.fs.s3a.S3AFileSystem.innerGetFileStatus(S3AFileSystem.java:3688)
[2025-12-11T09:02:23.410+0000] {subprocess.py:93} INFO - 	at org.apache.hadoop.fs.s3a.S3AFileSystem.extractOrFetchSimpleFileStatus(S3AFileSystem.java:5401)
[2025-12-11T09:02:23.412+0000] {subprocess.py:93} INFO - 	at org.apache.hadoop.fs.s3a.S3AFileSystem.open(S3AFileSystem.java:1465)
[2025-12-11T09:02:23.414+0000] {subprocess.py:93} INFO - 	at org.apache.hadoop.fs.s3a.S3AFileSystem.open(S3AFileSystem.java:1441)
[2025-12-11T09:02:23.417+0000] {subprocess.py:93} INFO - 	at org.apache.hadoop.fs.FileSystem.open(FileSystem.java:976)
[2025-12-11T09:02:23.418+0000] {subprocess.py:93} INFO - 	at org.apache.parquet.hadoop.util.HadoopInputFile.newStream(HadoopInputFile.java:69)
[2025-12-11T09:02:23.420+0000] {subprocess.py:93} INFO - 	at org.apache.parquet.hadoop.ParquetFileReader.<init>(ParquetFileReader.java:796)
[2025-12-11T09:02:23.422+0000] {subprocess.py:93} INFO - 	at org.apache.parquet.hadoop.ParquetFileReader.open(ParquetFileReader.java:666)
[2025-12-11T09:02:23.423+0000] {subprocess.py:93} INFO - 	at org.apache.spark.sql.execution.datasources.parquet.ParquetFooterReader.readFooter(ParquetFooterReader.java:85)
[2025-12-11T09:02:23.424+0000] {subprocess.py:93} INFO - 	at org.apache.spark.sql.execution.datasources.parquet.ParquetFooterReader.readFooter(ParquetFooterReader.java:76)
[2025-12-11T09:02:23.426+0000] {subprocess.py:93} INFO - 	at org.apache.spark.sql.execution.datasources.parquet.ParquetFileFormat$.$anonfun$readParquetFootersInParallel$1(ParquetFileFormat.scala:450)
[2025-12-11T09:02:23.428+0000] {subprocess.py:93} INFO - 	at org.apache.spark.util.ThreadUtils$.$anonfun$parmap$2(ThreadUtils.scala:380)
[2025-12-11T09:02:23.429+0000] {subprocess.py:93} INFO - 	at scala.concurrent.Future$.$anonfun$apply$1(Future.scala:659)
[2025-12-11T09:02:23.430+0000] {subprocess.py:93} INFO - 	at scala.util.Success.$anonfun$map$1(Try.scala:255)
[2025-12-11T09:02:23.433+0000] {subprocess.py:93} INFO - 	at scala.util.Success.map(Try.scala:213)
[2025-12-11T09:02:23.437+0000] {subprocess.py:93} INFO - 	at scala.concurrent.Future.$anonfun$map$1(Future.scala:292)
[2025-12-11T09:02:23.442+0000] {subprocess.py:93} INFO - 	at scala.concurrent.impl.Promise.liftedTree1$1(Promise.scala:33)
[2025-12-11T09:02:23.444+0000] {subprocess.py:93} INFO - 	at scala.concurrent.impl.Promise.$anonfun$transform$1(Promise.scala:33)
[2025-12-11T09:02:23.445+0000] {subprocess.py:93} INFO - 	at scala.concurrent.impl.CallbackRunnable.run(Promise.scala:64)
[2025-12-11T09:02:23.449+0000] {subprocess.py:93} INFO - 	at java.base/java.util.concurrent.ForkJoinTask$RunnableExecuteAction.exec(ForkJoinTask.java:1395)
[2025-12-11T09:02:23.452+0000] {subprocess.py:93} INFO - 	at java.base/java.util.concurrent.ForkJoinTask.doExec(ForkJoinTask.java:373)
[2025-12-11T09:02:23.453+0000] {subprocess.py:93} INFO - 	at java.base/java.util.concurrent.ForkJoinPool$WorkQueue.topLevelExec(ForkJoinPool.java:1182)
[2025-12-11T09:02:23.458+0000] {subprocess.py:93} INFO - 	at java.base/java.util.concurrent.ForkJoinPool.scan(ForkJoinPool.java:1655)
[2025-12-11T09:02:23.461+0000] {subprocess.py:93} INFO - 	at java.base/java.util.concurrent.ForkJoinPool.runWorker(ForkJoinPool.java:1622)
[2025-12-11T09:02:23.463+0000] {subprocess.py:93} INFO - 	at java.base/java.util.concurrent.ForkJoinWorkerThread.run(ForkJoinWorkerThread.java:165)
[2025-12-11T09:02:23.467+0000] {subprocess.py:93} INFO - 
[2025-12-11T09:02:23.469+0000] {subprocess.py:93} INFO - Driver stacktrace:
[2025-12-11T09:02:23.470+0000] {subprocess.py:93} INFO - 	at org.apache.spark.scheduler.DAGScheduler.failJobAndIndependentStages(DAGScheduler.scala:2844)
[2025-12-11T09:02:23.471+0000] {subprocess.py:93} INFO - 	at org.apache.spark.scheduler.DAGScheduler.$anonfun$abortStage$2(DAGScheduler.scala:2780)
[2025-12-11T09:02:23.473+0000] {subprocess.py:93} INFO - 	at org.apache.spark.scheduler.DAGScheduler.$anonfun$abortStage$2$adapted(DAGScheduler.scala:2779)
[2025-12-11T09:02:23.474+0000] {subprocess.py:93} INFO - 	at scala.collection.mutable.ResizableArray.foreach(ResizableArray.scala:62)
[2025-12-11T09:02:23.476+0000] {subprocess.py:93} INFO - 	at scala.collection.mutable.ResizableArray.foreach$(ResizableArray.scala:55)
[2025-12-11T09:02:23.477+0000] {subprocess.py:93} INFO - 	at scala.collection.mutable.ArrayBuffer.foreach(ArrayBuffer.scala:49)
[2025-12-11T09:02:23.479+0000] {subprocess.py:93} INFO - 	at org.apache.spark.scheduler.DAGScheduler.abortStage(DAGScheduler.scala:2779)
[2025-12-11T09:02:23.486+0000] {subprocess.py:93} INFO - 	at org.apache.spark.scheduler.DAGScheduler.$anonfun$handleTaskSetFailed$1(DAGScheduler.scala:1242)
[2025-12-11T09:02:23.491+0000] {subprocess.py:93} INFO - 	at org.apache.spark.scheduler.DAGScheduler.$anonfun$handleTaskSetFailed$1$adapted(DAGScheduler.scala:1242)
[2025-12-11T09:02:23.493+0000] {subprocess.py:93} INFO - 	at scala.Option.foreach(Option.scala:407)
[2025-12-11T09:02:23.495+0000] {subprocess.py:93} INFO - 	at org.apache.spark.scheduler.DAGScheduler.handleTaskSetFailed(DAGScheduler.scala:1242)
[2025-12-11T09:02:23.498+0000] {subprocess.py:93} INFO - 	at org.apache.spark.scheduler.DAGSchedulerEventProcessLoop.doOnReceive(DAGScheduler.scala:3048)
[2025-12-11T09:02:23.502+0000] {subprocess.py:93} INFO - 	at org.apache.spark.scheduler.DAGSchedulerEventProcessLoop.onReceive(DAGScheduler.scala:2982)
[2025-12-11T09:02:23.504+0000] {subprocess.py:93} INFO - 	at org.apache.spark.scheduler.DAGSchedulerEventProcessLoop.onReceive(DAGScheduler.scala:2971)
[2025-12-11T09:02:23.505+0000] {subprocess.py:93} INFO - 	at org.apache.spark.util.EventLoop$$anon$1.run(EventLoop.scala:49)
[2025-12-11T09:02:23.506+0000] {subprocess.py:93} INFO - 	at org.apache.spark.scheduler.DAGScheduler.runJob(DAGScheduler.scala:984)
[2025-12-11T09:02:23.509+0000] {subprocess.py:93} INFO - 	at org.apache.spark.SparkContext.runJob(SparkContext.scala:2398)
[2025-12-11T09:02:23.510+0000] {subprocess.py:93} INFO - 	at org.apache.spark.SparkContext.runJob(SparkContext.scala:2419)
[2025-12-11T09:02:23.515+0000] {subprocess.py:93} INFO - 	at org.apache.spark.SparkContext.runJob(SparkContext.scala:2438)
[2025-12-11T09:02:23.518+0000] {subprocess.py:93} INFO - 	at org.apache.spark.SparkContext.runJob(SparkContext.scala:2463)
[2025-12-11T09:02:23.520+0000] {subprocess.py:93} INFO - 	at org.apache.spark.rdd.RDD.$anonfun$collect$1(RDD.scala:1046)
[2025-12-11T09:02:23.522+0000] {subprocess.py:93} INFO - 	at org.apache.spark.rdd.RDDOperationScope$.withScope(RDDOperationScope.scala:151)
[2025-12-11T09:02:23.524+0000] {subprocess.py:93} INFO - 	at org.apache.spark.rdd.RDDOperationScope$.withScope(RDDOperationScope.scala:112)
[2025-12-11T09:02:23.527+0000] {subprocess.py:93} INFO - 	at org.apache.spark.rdd.RDD.withScope(RDD.scala:407)
[2025-12-11T09:02:23.529+0000] {subprocess.py:93} INFO - 	at org.apache.spark.rdd.RDD.collect(RDD.scala:1045)
[2025-12-11T09:02:23.530+0000] {subprocess.py:93} INFO - 	at org.apache.spark.sql.execution.datasources.SchemaMergeUtils$.mergeSchemasInParallel(SchemaMergeUtils.scala:73)
[2025-12-11T09:02:23.531+0000] {subprocess.py:93} INFO - 	at org.apache.spark.sql.execution.datasources.parquet.ParquetFileFormat$.mergeSchemasInParallel(ParquetFileFormat.scala:497)
[2025-12-11T09:02:23.533+0000] {subprocess.py:93} INFO - 	at org.apache.spark.sql.execution.datasources.parquet.ParquetUtils$.inferSchema(ParquetUtils.scala:132)
[2025-12-11T09:02:23.534+0000] {subprocess.py:93} INFO - 	at org.apache.spark.sql.execution.datasources.parquet.ParquetFileFormat.inferSchema(ParquetFileFormat.scala:79)
[2025-12-11T09:02:23.536+0000] {subprocess.py:93} INFO - 	at org.apache.spark.sql.execution.datasources.DataSource.$anonfun$resolveRelation$1(DataSource.scala:376)
[2025-12-11T09:02:23.537+0000] {subprocess.py:93} INFO - 	at scala.Option.orElse(Option.scala:447)
[2025-12-11T09:02:23.540+0000] {subprocess.py:93} INFO - 	at org.apache.spark.sql.execution.datasources.DataSource.resolveRelation(DataSource.scala:373)
[2025-12-11T09:02:23.542+0000] {subprocess.py:93} INFO - 	at org.apache.spark.sql.DataFrameReader.loadV1Source(DataFrameReader.scala:229)
[2025-12-11T09:02:23.544+0000] {subprocess.py:93} INFO - 	at org.apache.spark.sql.DataFrameReader.$anonfun$load$2(DataFrameReader.scala:211)
[2025-12-11T09:02:23.546+0000] {subprocess.py:93} INFO - 	at scala.Option.getOrElse(Option.scala:189)
[2025-12-11T09:02:23.548+0000] {subprocess.py:93} INFO - 	at org.apache.spark.sql.DataFrameReader.load(DataFrameReader.scala:211)
[2025-12-11T09:02:23.550+0000] {subprocess.py:93} INFO - 	at org.apache.spark.sql.DataFrameReader.parquet(DataFrameReader.scala:563)
[2025-12-11T09:02:23.552+0000] {subprocess.py:93} INFO - 	at java.base/jdk.internal.reflect.NativeMethodAccessorImpl.invoke0(Native Method)
[2025-12-11T09:02:23.556+0000] {subprocess.py:93} INFO - 	at java.base/jdk.internal.reflect.NativeMethodAccessorImpl.invoke(NativeMethodAccessorImpl.java:77)
[2025-12-11T09:02:23.557+0000] {subprocess.py:93} INFO - 	at java.base/jdk.internal.reflect.DelegatingMethodAccessorImpl.invoke(DelegatingMethodAccessorImpl.java:43)
[2025-12-11T09:02:23.559+0000] {subprocess.py:93} INFO - 	at java.base/java.lang.reflect.Method.invoke(Method.java:569)
[2025-12-11T09:02:23.564+0000] {subprocess.py:93} INFO - 	at py4j.reflection.MethodInvoker.invoke(MethodInvoker.java:244)
[2025-12-11T09:02:23.566+0000] {subprocess.py:93} INFO - 	at py4j.reflection.ReflectionEngine.invoke(ReflectionEngine.java:374)
[2025-12-11T09:02:23.568+0000] {subprocess.py:93} INFO - 	at py4j.Gateway.invoke(Gateway.java:282)
[2025-12-11T09:02:23.570+0000] {subprocess.py:93} INFO - 	at py4j.commands.AbstractCommand.invokeMethod(AbstractCommand.java:132)
[2025-12-11T09:02:23.572+0000] {subprocess.py:93} INFO - 	at py4j.commands.CallCommand.execute(CallCommand.java:79)
[2025-12-11T09:02:23.573+0000] {subprocess.py:93} INFO - 	at py4j.ClientServerConnection.waitForCommands(ClientServerConnection.java:182)
[2025-12-11T09:02:23.575+0000] {subprocess.py:93} INFO - 	at py4j.ClientServerConnection.run(ClientServerConnection.java:106)
[2025-12-11T09:02:23.582+0000] {subprocess.py:93} INFO - 	at java.base/java.lang.Thread.run(Thread.java:840)
[2025-12-11T09:02:23.584+0000] {subprocess.py:93} INFO - Caused by: org.apache.spark.SparkException: Exception thrown in awaitResult:
[2025-12-11T09:02:23.588+0000] {subprocess.py:93} INFO - 	at org.apache.spark.util.SparkThreadUtils$.awaitResult(SparkThreadUtils.scala:56)
[2025-12-11T09:02:23.589+0000] {subprocess.py:93} INFO - 	at org.apache.spark.util.ThreadUtils$.awaitResult(ThreadUtils.scala:310)
[2025-12-11T09:02:23.594+0000] {subprocess.py:93} INFO - 	at org.apache.spark.util.ThreadUtils$.parmap(ThreadUtils.scala:383)
[2025-12-11T09:02:23.598+0000] {subprocess.py:93} INFO - 	at org.apache.spark.sql.execution.datasources.parquet.ParquetFileFormat$.readParquetFootersInParallel(ParquetFileFormat.scala:443)
[2025-12-11T09:02:23.601+0000] {subprocess.py:93} INFO - 	at org.apache.spark.sql.execution.datasources.parquet.ParquetFileFormat$.$anonfun$mergeSchemasInParallel$1(ParquetFileFormat.scala:493)
[2025-12-11T09:02:23.608+0000] {subprocess.py:93} INFO - 	at org.apache.spark.sql.execution.datasources.parquet.ParquetFileFormat$.$anonfun$mergeSchemasInParallel$1$adapted(ParquetFileFormat.scala:485)
[2025-12-11T09:02:23.610+0000] {subprocess.py:93} INFO - 	at org.apache.spark.sql.execution.datasources.SchemaMergeUtils$.$anonfun$mergeSchemasInParallel$2(SchemaMergeUtils.scala:79)
[2025-12-11T09:02:23.611+0000] {subprocess.py:93} INFO - 	at org.apache.spark.rdd.RDD.$anonfun$mapPartitions$2(RDD.scala:855)
[2025-12-11T09:02:23.613+0000] {subprocess.py:93} INFO - 	at org.apache.spark.rdd.RDD.$anonfun$mapPartitions$2$adapted(RDD.scala:855)
[2025-12-11T09:02:23.614+0000] {subprocess.py:93} INFO - 	at org.apache.spark.rdd.MapPartitionsRDD.compute(MapPartitionsRDD.scala:52)
[2025-12-11T09:02:23.615+0000] {subprocess.py:93} INFO - 	at org.apache.spark.rdd.RDD.computeOrReadCheckpoint(RDD.scala:364)
[2025-12-11T09:02:23.617+0000] {subprocess.py:93} INFO - 	at org.apache.spark.rdd.RDD.iterator(RDD.scala:328)
[2025-12-11T09:02:23.617+0000] {subprocess.py:93} INFO - 	at org.apache.spark.scheduler.ResultTask.runTask(ResultTask.scala:93)
[2025-12-11T09:02:23.618+0000] {subprocess.py:93} INFO - 	at org.apache.spark.TaskContext.runTaskWithListeners(TaskContext.scala:161)
[2025-12-11T09:02:23.620+0000] {subprocess.py:93} INFO - 	at org.apache.spark.scheduler.Task.run(Task.scala:141)
[2025-12-11T09:02:23.621+0000] {subprocess.py:93} INFO - 	at org.apache.spark.executor.Executor$TaskRunner.$anonfun$run$4(Executor.scala:620)
[2025-12-11T09:02:23.623+0000] {subprocess.py:93} INFO - 	at org.apache.spark.util.SparkErrorUtils.tryWithSafeFinally(SparkErrorUtils.scala:64)
[2025-12-11T09:02:23.624+0000] {subprocess.py:93} INFO - 	at org.apache.spark.util.SparkErrorUtils.tryWithSafeFinally$(SparkErrorUtils.scala:61)
[2025-12-11T09:02:23.625+0000] {subprocess.py:93} INFO - 	at org.apache.spark.util.Utils$.tryWithSafeFinally(Utils.scala:94)
[2025-12-11T09:02:23.629+0000] {subprocess.py:93} INFO - 	at org.apache.spark.executor.Executor$TaskRunner.run(Executor.scala:623)
[2025-12-11T09:02:23.631+0000] {subprocess.py:93} INFO - 	at java.base/java.util.concurrent.ThreadPoolExecutor.runWorker(ThreadPoolExecutor.java:1136)
[2025-12-11T09:02:23.633+0000] {subprocess.py:93} INFO - 	at java.base/java.util.concurrent.ThreadPoolExecutor$Worker.run(ThreadPoolExecutor.java:635)
[2025-12-11T09:02:23.635+0000] {subprocess.py:93} INFO - 	... 1 more
[2025-12-11T09:02:23.637+0000] {subprocess.py:93} INFO - Caused by: java.io.FileNotFoundException: No such file or directory: s3a://datalake/bronze/emails/part-00000-1c68fb81-6134-41dd-8365-c442546d28c7-c000.snappy.parquet
[2025-12-11T09:02:23.639+0000] {subprocess.py:93} INFO - 	at org.apache.hadoop.fs.s3a.S3AFileSystem.s3GetFileStatus(S3AFileSystem.java:3866)
[2025-12-11T09:02:23.641+0000] {subprocess.py:93} INFO - 	at org.apache.hadoop.fs.s3a.S3AFileSystem.innerGetFileStatus(S3AFileSystem.java:3688)
[2025-12-11T09:02:23.643+0000] {subprocess.py:93} INFO - 	at org.apache.hadoop.fs.s3a.S3AFileSystem.extractOrFetchSimpleFileStatus(S3AFileSystem.java:5401)
[2025-12-11T09:02:23.644+0000] {subprocess.py:93} INFO - 	at org.apache.hadoop.fs.s3a.S3AFileSystem.open(S3AFileSystem.java:1465)
[2025-12-11T09:02:23.645+0000] {subprocess.py:93} INFO - 	at org.apache.hadoop.fs.s3a.S3AFileSystem.open(S3AFileSystem.java:1441)
[2025-12-11T09:02:23.647+0000] {subprocess.py:93} INFO - 	at org.apache.hadoop.fs.FileSystem.open(FileSystem.java:976)
[2025-12-11T09:02:23.648+0000] {subprocess.py:93} INFO - 	at org.apache.parquet.hadoop.util.HadoopInputFile.newStream(HadoopInputFile.java:69)
[2025-12-11T09:02:23.649+0000] {subprocess.py:93} INFO - 	at org.apache.parquet.hadoop.ParquetFileReader.<init>(ParquetFileReader.java:796)
[2025-12-11T09:02:23.650+0000] {subprocess.py:93} INFO - 	at org.apache.parquet.hadoop.ParquetFileReader.open(ParquetFileReader.java:666)
[2025-12-11T09:02:23.651+0000] {subprocess.py:93} INFO - 	at org.apache.spark.sql.execution.datasources.parquet.ParquetFooterReader.readFooter(ParquetFooterReader.java:85)
[2025-12-11T09:02:23.653+0000] {subprocess.py:93} INFO - 	at org.apache.spark.sql.execution.datasources.parquet.ParquetFooterReader.readFooter(ParquetFooterReader.java:76)
[2025-12-11T09:02:23.655+0000] {subprocess.py:93} INFO - 	at org.apache.spark.sql.execution.datasources.parquet.ParquetFileFormat$.$anonfun$readParquetFootersInParallel$1(ParquetFileFormat.scala:450)
[2025-12-11T09:02:23.656+0000] {subprocess.py:93} INFO - 	at org.apache.spark.util.ThreadUtils$.$anonfun$parmap$2(ThreadUtils.scala:380)
[2025-12-11T09:02:23.657+0000] {subprocess.py:93} INFO - 	at scala.concurrent.Future$.$anonfun$apply$1(Future.scala:659)
[2025-12-11T09:02:23.658+0000] {subprocess.py:93} INFO - 	at scala.util.Success.$anonfun$map$1(Try.scala:255)
[2025-12-11T09:02:23.659+0000] {subprocess.py:93} INFO - 	at scala.util.Success.map(Try.scala:213)
[2025-12-11T09:02:23.660+0000] {subprocess.py:93} INFO - 	at scala.concurrent.Future.$anonfun$map$1(Future.scala:292)
[2025-12-11T09:02:23.661+0000] {subprocess.py:93} INFO - 	at scala.concurrent.impl.Promise.liftedTree1$1(Promise.scala:33)
[2025-12-11T09:02:23.663+0000] {subprocess.py:93} INFO - 	at scala.concurrent.impl.Promise.$anonfun$transform$1(Promise.scala:33)
[2025-12-11T09:02:23.665+0000] {subprocess.py:93} INFO - 	at scala.concurrent.impl.CallbackRunnable.run(Promise.scala:64)
[2025-12-11T09:02:23.666+0000] {subprocess.py:93} INFO - 	at java.base/java.util.concurrent.ForkJoinTask$RunnableExecuteAction.exec(ForkJoinTask.java:1395)
[2025-12-11T09:02:23.668+0000] {subprocess.py:93} INFO - 	at java.base/java.util.concurrent.ForkJoinTask.doExec(ForkJoinTask.java:373)
[2025-12-11T09:02:23.672+0000] {subprocess.py:93} INFO - 	at java.base/java.util.concurrent.ForkJoinPool$WorkQueue.topLevelExec(ForkJoinPool.java:1182)
[2025-12-11T09:02:23.673+0000] {subprocess.py:93} INFO - 	at java.base/java.util.concurrent.ForkJoinPool.scan(ForkJoinPool.java:1655)
[2025-12-11T09:02:23.676+0000] {subprocess.py:93} INFO - 	at java.base/java.util.concurrent.ForkJoinPool.runWorker(ForkJoinPool.java:1622)
[2025-12-11T09:02:23.676+0000] {subprocess.py:93} INFO - 	at java.base/java.util.concurrent.ForkJoinWorkerThread.run(ForkJoinWorkerThread.java:165)
[2025-12-11T09:02:23.677+0000] {subprocess.py:93} INFO - 
[2025-12-11T09:02:23.678+0000] {subprocess.py:93} INFO - ❌ No data found in Bronze layer!
[2025-12-11T09:02:23.679+0000] {subprocess.py:93} INFO - 25/12/11 09:02:23 INFO SparkContext: SparkContext is stopping with exitCode 0.
[2025-12-11T09:02:23.681+0000] {subprocess.py:93} INFO - 25/12/11 09:02:23 INFO SparkUI: Stopped Spark web UI at http://e428b2e16328:4041
[2025-12-11T09:02:23.682+0000] {subprocess.py:93} INFO - 25/12/11 09:02:23 INFO MapOutputTrackerMasterEndpoint: MapOutputTrackerMasterEndpoint stopped!
[2025-12-11T09:02:23.945+0000] {subprocess.py:93} INFO - 25/12/11 09:02:23 INFO MemoryStore: MemoryStore cleared
[2025-12-11T09:02:23.948+0000] {subprocess.py:93} INFO - 25/12/11 09:02:23 INFO BlockManager: BlockManager stopped
[2025-12-11T09:02:24.034+0000] {subprocess.py:93} INFO - 25/12/11 09:02:24 INFO BlockManagerMaster: BlockManagerMaster stopped
[2025-12-11T09:02:24.063+0000] {subprocess.py:93} INFO - 25/12/11 09:02:24 INFO OutputCommitCoordinator$OutputCommitCoordinatorEndpoint: OutputCommitCoordinator stopped!
[2025-12-11T09:02:24.210+0000] {subprocess.py:93} INFO - 25/12/11 09:02:24 INFO SparkContext: Successfully stopped SparkContext
[2025-12-11T09:02:27.308+0000] {subprocess.py:93} INFO - 25/12/11 09:02:27 INFO ShutdownHookManager: Shutdown hook called
[2025-12-11T09:02:27.323+0000] {subprocess.py:93} INFO - 25/12/11 09:02:27 INFO ShutdownHookManager: Deleting directory /tmp/spark-3936daba-6e9b-48e3-a16b-5765d94a0cf0
[2025-12-11T09:02:27.486+0000] {subprocess.py:93} INFO - 25/12/11 09:02:27 INFO ShutdownHookManager: Deleting directory /tmp/spark-64c0042f-5087-4d63-bd1e-2e4584aad2de
[2025-12-11T09:02:27.499+0000] {subprocess.py:93} INFO - 25/12/11 09:02:27 INFO ShutdownHookManager: Deleting directory /tmp/spark-3936daba-6e9b-48e3-a16b-5765d94a0cf0/pyspark-54ddf67c-e154-40f9-aeb8-7d599fc9581f
[2025-12-11T09:02:28.093+0000] {subprocess.py:93} INFO - ❌ Quality check FAILED (score < 95%)
[2025-12-11T09:02:28.106+0000] {subprocess.py:93} INFO - ⛔ Downstream tasks will be SKIPPED
[2025-12-11T09:02:28.354+0000] {subprocess.py:97} INFO - Command exited with return code 0
[2025-12-11T09:02:31.206+0000] {taskinstance.py:1138} INFO - Marking task as SUCCESS. dag_id=email_intelligence_pipeline, task_id=quality_assurance_gate, execution_date=20251210T195341, start_date=20251211T090057, end_date=20251211T090231
[2025-12-11T09:02:31.743+0000] {local_task_job_runner.py:234} INFO - Task exited with return code 0
[2025-12-11T09:02:32.279+0000] {taskinstance.py:3280} INFO - 1 downstream tasks scheduled from follow-on schedule check
