[2025-12-07T15:27:03.306+0000] {taskinstance.py:1956} INFO - Dependencies all met for dep_context=non-requeueable deps ti=<TaskInstance: email_intelligence_pipeline.export_to_postgres manual__2025-12-07T15:25:52.126534+00:00 [queued]>
[2025-12-07T15:27:03.320+0000] {taskinstance.py:1956} INFO - Dependencies all met for dep_context=requeueable deps ti=<TaskInstance: email_intelligence_pipeline.export_to_postgres manual__2025-12-07T15:25:52.126534+00:00 [queued]>
[2025-12-07T15:27:03.321+0000] {taskinstance.py:2170} INFO - Starting attempt 1 of 1
[2025-12-07T15:27:03.345+0000] {taskinstance.py:2191} INFO - Executing <Task(BashOperator): export_to_postgres> on 2025-12-07 15:25:52.126534+00:00
[2025-12-07T15:27:03.362+0000] {standard_task_runner.py:60} INFO - Started process 5217 to run task
[2025-12-07T15:27:03.371+0000] {standard_task_runner.py:87} INFO - Running: ['***', 'tasks', 'run', 'email_intelligence_pipeline', 'export_to_postgres', 'manual__2025-12-07T15:25:52.126534+00:00', '--job-id', '120', '--raw', '--subdir', 'DAGS_FOLDER/email_pipeline_dag.py', '--cfg-path', '/tmp/tmpvnmzp755']
[2025-12-07T15:27:03.378+0000] {standard_task_runner.py:88} INFO - Job 120: Subtask export_to_postgres
[2025-12-07T15:27:03.569+0000] {task_command.py:423} INFO - Running <TaskInstance: email_intelligence_pipeline.export_to_postgres manual__2025-12-07T15:25:52.126534+00:00 [running]> on host 3db08845f297
[2025-12-07T15:27:03.718+0000] {taskinstance.py:2480} INFO - Exporting env vars: AIRFLOW_CTX_DAG_OWNER='data_team' AIRFLOW_CTX_DAG_ID='email_intelligence_pipeline' AIRFLOW_CTX_TASK_ID='export_to_postgres' AIRFLOW_CTX_EXECUTION_DATE='2025-12-07T15:25:52.126534+00:00' AIRFLOW_CTX_TRY_NUMBER='1' AIRFLOW_CTX_DAG_RUN_ID='manual__2025-12-07T15:25:52.126534+00:00'
[2025-12-07T15:27:03.720+0000] {subprocess.py:63} INFO - Tmp dir root location: /tmp
[2025-12-07T15:27:03.722+0000] {subprocess.py:75} INFO - Running command: ['/usr/bin/bash', '-c', '/opt/spark/bin/spark-submit --master local[2] --packages org.apache.hadoop:hadoop-aws:3.3.4,org.postgresql:postgresql:42.7.1 --name GoldToPostgres /opt/spark/jobs/gold_to_postgres.py']
[2025-12-07T15:27:03.735+0000] {subprocess.py:86} INFO - Output:
[2025-12-07T15:27:03.752+0000] {subprocess.py:93} INFO - /opt/spark/bin/load-spark-env.sh: line 68: ps: command not found
[2025-12-07T15:27:06.184+0000] {subprocess.py:93} INFO - :: loading settings :: url = jar:file:/opt/spark/jars/ivy-2.5.1.jar!/org/apache/ivy/core/settings/ivysettings.xml
[2025-12-07T15:27:06.291+0000] {subprocess.py:93} INFO - Ivy Default Cache set to: /home/***/.ivy2/cache
[2025-12-07T15:27:06.293+0000] {subprocess.py:93} INFO - The jars for the packages stored in: /home/***/.ivy2/jars
[2025-12-07T15:27:06.296+0000] {subprocess.py:93} INFO - org.apache.hadoop#hadoop-aws added as a dependency
[2025-12-07T15:27:06.297+0000] {subprocess.py:93} INFO - org.postgresql#postgresql added as a dependency
[2025-12-07T15:27:06.298+0000] {subprocess.py:93} INFO - :: resolving dependencies :: org.apache.spark#spark-submit-parent-f0f56e58-b5c0-44bf-82d7-593650655dbd;1.0
[2025-12-07T15:27:06.298+0000] {subprocess.py:93} INFO - 	confs: [default]
[2025-12-07T15:27:06.555+0000] {subprocess.py:93} INFO - 	found org.apache.hadoop#hadoop-aws;3.3.4 in central
[2025-12-07T15:27:06.594+0000] {subprocess.py:93} INFO - 	found com.amazonaws#aws-java-sdk-bundle;1.12.262 in central
[2025-12-07T15:27:06.628+0000] {subprocess.py:93} INFO - 	found org.wildfly.openssl#wildfly-openssl;1.0.7.Final in central
[2025-12-07T15:27:06.651+0000] {subprocess.py:93} INFO - 	found org.postgresql#postgresql;42.7.1 in central
[2025-12-07T15:27:06.670+0000] {subprocess.py:93} INFO - 	found org.checkerframework#checker-qual;3.41.0 in central
[2025-12-07T15:27:06.695+0000] {subprocess.py:93} INFO - :: resolution report :: resolve 387ms :: artifacts dl 10ms
[2025-12-07T15:27:06.698+0000] {subprocess.py:93} INFO - 	:: modules in use:
[2025-12-07T15:27:06.700+0000] {subprocess.py:93} INFO - 	com.amazonaws#aws-java-sdk-bundle;1.12.262 from central in [default]
[2025-12-07T15:27:06.701+0000] {subprocess.py:93} INFO - 	org.apache.hadoop#hadoop-aws;3.3.4 from central in [default]
[2025-12-07T15:27:06.703+0000] {subprocess.py:93} INFO - 	org.checkerframework#checker-qual;3.41.0 from central in [default]
[2025-12-07T15:27:06.705+0000] {subprocess.py:93} INFO - 	org.postgresql#postgresql;42.7.1 from central in [default]
[2025-12-07T15:27:06.706+0000] {subprocess.py:93} INFO - 	org.wildfly.openssl#wildfly-openssl;1.0.7.Final from central in [default]
[2025-12-07T15:27:06.707+0000] {subprocess.py:93} INFO - 	---------------------------------------------------------------------
[2025-12-07T15:27:06.709+0000] {subprocess.py:93} INFO - 	|                  |            modules            ||   artifacts   |
[2025-12-07T15:27:06.710+0000] {subprocess.py:93} INFO - 	|       conf       | number| search|dwnlded|evicted|| number|dwnlded|
[2025-12-07T15:27:06.712+0000] {subprocess.py:93} INFO - 	---------------------------------------------------------------------
[2025-12-07T15:27:06.713+0000] {subprocess.py:93} INFO - 	|      default     |   5   |   0   |   0   |   0   ||   5   |   0   |
[2025-12-07T15:27:06.715+0000] {subprocess.py:93} INFO - 	---------------------------------------------------------------------
[2025-12-07T15:27:06.716+0000] {subprocess.py:93} INFO - :: retrieving :: org.apache.spark#spark-submit-parent-f0f56e58-b5c0-44bf-82d7-593650655dbd
[2025-12-07T15:27:06.717+0000] {subprocess.py:93} INFO - 	confs: [default]
[2025-12-07T15:27:06.718+0000] {subprocess.py:93} INFO - 	0 artifacts copied, 5 already retrieved (0kB/12ms)
[2025-12-07T15:27:07.019+0000] {subprocess.py:93} INFO - 25/12/07 15:27:07 WARN NativeCodeLoader: Unable to load native-hadoop library for your platform... using builtin-java classes where applicable
[2025-12-07T15:27:08.138+0000] {subprocess.py:93} INFO - 
[2025-12-07T15:27:08.139+0000] {subprocess.py:93} INFO - ============================================================
[2025-12-07T15:27:08.140+0000] {subprocess.py:93} INFO - 🚀 GOLD TO POSTGRESQL EXPORT JOB STARTED
[2025-12-07T15:27:08.141+0000] {subprocess.py:93} INFO -    Timestamp: 2025-12-07 15:27:08.138280
[2025-12-07T15:27:08.142+0000] {subprocess.py:93} INFO - ============================================================
[2025-12-07T15:27:08.296+0000] {subprocess.py:93} INFO - 25/12/07 15:27:08 INFO SparkContext: Running Spark version 3.5.0
[2025-12-07T15:27:08.298+0000] {subprocess.py:93} INFO - 25/12/07 15:27:08 INFO SparkContext: OS info Linux, 6.6.87.2-microsoft-standard-WSL2, amd64
[2025-12-07T15:27:08.299+0000] {subprocess.py:93} INFO - 25/12/07 15:27:08 INFO SparkContext: Java version 17.0.17
[2025-12-07T15:27:08.318+0000] {subprocess.py:93} INFO - 25/12/07 15:27:08 INFO ResourceUtils: ==============================================================
[2025-12-07T15:27:08.319+0000] {subprocess.py:93} INFO - 25/12/07 15:27:08 INFO ResourceUtils: No custom resources configured for spark.driver.
[2025-12-07T15:27:08.320+0000] {subprocess.py:93} INFO - 25/12/07 15:27:08 INFO ResourceUtils: ==============================================================
[2025-12-07T15:27:08.321+0000] {subprocess.py:93} INFO - 25/12/07 15:27:08 INFO SparkContext: Submitted application: GoldToPostgres
[2025-12-07T15:27:08.344+0000] {subprocess.py:93} INFO - 25/12/07 15:27:08 INFO ResourceProfile: Default ResourceProfile created, executor resources: Map(cores -> name: cores, amount: 1, script: , vendor: , memory -> name: memory, amount: 1024, script: , vendor: , offHeap -> name: offHeap, amount: 0, script: , vendor: ), task resources: Map(cpus -> name: cpus, amount: 1.0)
[2025-12-07T15:27:08.353+0000] {subprocess.py:93} INFO - 25/12/07 15:27:08 INFO ResourceProfile: Limiting resource is cpu
[2025-12-07T15:27:08.354+0000] {subprocess.py:93} INFO - 25/12/07 15:27:08 INFO ResourceProfileManager: Added ResourceProfile id: 0
[2025-12-07T15:27:08.424+0000] {subprocess.py:93} INFO - 25/12/07 15:27:08 INFO SecurityManager: Changing view acls to: ***
[2025-12-07T15:27:08.425+0000] {subprocess.py:93} INFO - 25/12/07 15:27:08 INFO SecurityManager: Changing modify acls to: ***
[2025-12-07T15:27:08.426+0000] {subprocess.py:93} INFO - 25/12/07 15:27:08 INFO SecurityManager: Changing view acls groups to:
[2025-12-07T15:27:08.427+0000] {subprocess.py:93} INFO - 25/12/07 15:27:08 INFO SecurityManager: Changing modify acls groups to:
[2025-12-07T15:27:08.431+0000] {subprocess.py:93} INFO - 25/12/07 15:27:08 INFO SecurityManager: SecurityManager: authentication disabled; ui acls disabled; users with view permissions: ***; groups with view permissions: EMPTY; users with modify permissions: ***; groups with modify permissions: EMPTY
[2025-12-07T15:27:08.654+0000] {subprocess.py:93} INFO - 25/12/07 15:27:08 INFO Utils: Successfully started service 'sparkDriver' on port 35395.
[2025-12-07T15:27:08.686+0000] {subprocess.py:93} INFO - 25/12/07 15:27:08 INFO SparkEnv: Registering MapOutputTracker
[2025-12-07T15:27:08.715+0000] {subprocess.py:93} INFO - 25/12/07 15:27:08 INFO SparkEnv: Registering BlockManagerMaster
[2025-12-07T15:27:08.730+0000] {subprocess.py:93} INFO - 25/12/07 15:27:08 INFO BlockManagerMasterEndpoint: Using org.apache.spark.storage.DefaultTopologyMapper for getting topology information
[2025-12-07T15:27:08.732+0000] {subprocess.py:93} INFO - 25/12/07 15:27:08 INFO BlockManagerMasterEndpoint: BlockManagerMasterEndpoint up
[2025-12-07T15:27:08.734+0000] {subprocess.py:93} INFO - 25/12/07 15:27:08 INFO SparkEnv: Registering BlockManagerMasterHeartbeat
[2025-12-07T15:27:08.763+0000] {subprocess.py:93} INFO - 25/12/07 15:27:08 INFO DiskBlockManager: Created local directory at /tmp/blockmgr-0fac6ce9-3a1e-4169-adc7-d984c7a57542
[2025-12-07T15:27:08.785+0000] {subprocess.py:93} INFO - 25/12/07 15:27:08 INFO MemoryStore: MemoryStore started with capacity 434.4 MiB
[2025-12-07T15:27:08.799+0000] {subprocess.py:93} INFO - 25/12/07 15:27:08 INFO SparkEnv: Registering OutputCommitCoordinator
[2025-12-07T15:27:08.901+0000] {subprocess.py:93} INFO - 25/12/07 15:27:08 INFO JettyUtils: Start Jetty 0.0.0.0:4040 for SparkUI
[2025-12-07T15:27:08.959+0000] {subprocess.py:93} INFO - 25/12/07 15:27:08 INFO Utils: Successfully started service 'SparkUI' on port 4040.
[2025-12-07T15:27:08.992+0000] {subprocess.py:93} INFO - 25/12/07 15:27:08 INFO SparkContext: Added JAR file:///home/***/.ivy2/jars/org.apache.hadoop_hadoop-aws-3.3.4.jar at spark://3db08845f297:35395/jars/org.apache.hadoop_hadoop-aws-3.3.4.jar with timestamp 1765121228289
[2025-12-07T15:27:08.993+0000] {subprocess.py:93} INFO - 25/12/07 15:27:08 INFO SparkContext: Added JAR file:///home/***/.ivy2/jars/org.postgresql_postgresql-42.7.1.jar at spark://3db08845f297:35395/jars/org.postgresql_postgresql-42.7.1.jar with timestamp 1765121228289
[2025-12-07T15:27:08.994+0000] {subprocess.py:93} INFO - 25/12/07 15:27:08 INFO SparkContext: Added JAR file:///home/***/.ivy2/jars/com.amazonaws_aws-java-sdk-bundle-1.12.262.jar at spark://3db08845f297:35395/jars/com.amazonaws_aws-java-sdk-bundle-1.12.262.jar with timestamp 1765121228289
[2025-12-07T15:27:08.995+0000] {subprocess.py:93} INFO - 25/12/07 15:27:08 INFO SparkContext: Added JAR file:///home/***/.ivy2/jars/org.wildfly.openssl_wildfly-openssl-1.0.7.Final.jar at spark://3db08845f297:35395/jars/org.wildfly.openssl_wildfly-openssl-1.0.7.Final.jar with timestamp 1765121228289
[2025-12-07T15:27:08.996+0000] {subprocess.py:93} INFO - 25/12/07 15:27:08 INFO SparkContext: Added JAR file:///home/***/.ivy2/jars/org.checkerframework_checker-qual-3.41.0.jar at spark://3db08845f297:35395/jars/org.checkerframework_checker-qual-3.41.0.jar with timestamp 1765121228289
[2025-12-07T15:27:08.996+0000] {subprocess.py:93} INFO - 25/12/07 15:27:08 INFO SparkContext: Added file file:///home/***/.ivy2/jars/org.apache.hadoop_hadoop-aws-3.3.4.jar at file:///home/***/.ivy2/jars/org.apache.hadoop_hadoop-aws-3.3.4.jar with timestamp 1765121228289
[2025-12-07T15:27:08.998+0000] {subprocess.py:93} INFO - 25/12/07 15:27:08 INFO Utils: Copying /home/***/.ivy2/jars/org.apache.hadoop_hadoop-aws-3.3.4.jar to /tmp/spark-1159a5aa-84d0-4f13-b7c7-508b7850a407/userFiles-940f1339-dc45-4d4d-8ce8-1cca995be0e4/org.apache.hadoop_hadoop-aws-3.3.4.jar
[2025-12-07T15:27:09.012+0000] {subprocess.py:93} INFO - 25/12/07 15:27:09 INFO SparkContext: Added file file:///home/***/.ivy2/jars/org.postgresql_postgresql-42.7.1.jar at file:///home/***/.ivy2/jars/org.postgresql_postgresql-42.7.1.jar with timestamp 1765121228289
[2025-12-07T15:27:09.013+0000] {subprocess.py:93} INFO - 25/12/07 15:27:09 INFO Utils: Copying /home/***/.ivy2/jars/org.postgresql_postgresql-42.7.1.jar to /tmp/spark-1159a5aa-84d0-4f13-b7c7-508b7850a407/userFiles-940f1339-dc45-4d4d-8ce8-1cca995be0e4/org.postgresql_postgresql-42.7.1.jar
[2025-12-07T15:27:09.020+0000] {subprocess.py:93} INFO - 25/12/07 15:27:09 INFO SparkContext: Added file file:///home/***/.ivy2/jars/com.amazonaws_aws-java-sdk-bundle-1.12.262.jar at file:///home/***/.ivy2/jars/com.amazonaws_aws-java-sdk-bundle-1.12.262.jar with timestamp 1765121228289
[2025-12-07T15:27:09.022+0000] {subprocess.py:93} INFO - 25/12/07 15:27:09 INFO Utils: Copying /home/***/.ivy2/jars/com.amazonaws_aws-java-sdk-bundle-1.12.262.jar to /tmp/spark-1159a5aa-84d0-4f13-b7c7-508b7850a407/userFiles-940f1339-dc45-4d4d-8ce8-1cca995be0e4/com.amazonaws_aws-java-sdk-bundle-1.12.262.jar
[2025-12-07T15:27:09.628+0000] {subprocess.py:93} INFO - 25/12/07 15:27:09 INFO SparkContext: Added file file:///home/***/.ivy2/jars/org.wildfly.openssl_wildfly-openssl-1.0.7.Final.jar at file:///home/***/.ivy2/jars/org.wildfly.openssl_wildfly-openssl-1.0.7.Final.jar with timestamp 1765121228289
[2025-12-07T15:27:09.629+0000] {subprocess.py:93} INFO - 25/12/07 15:27:09 INFO Utils: Copying /home/***/.ivy2/jars/org.wildfly.openssl_wildfly-openssl-1.0.7.Final.jar to /tmp/spark-1159a5aa-84d0-4f13-b7c7-508b7850a407/userFiles-940f1339-dc45-4d4d-8ce8-1cca995be0e4/org.wildfly.openssl_wildfly-openssl-1.0.7.Final.jar
[2025-12-07T15:27:09.637+0000] {subprocess.py:93} INFO - 25/12/07 15:27:09 INFO SparkContext: Added file file:///home/***/.ivy2/jars/org.checkerframework_checker-qual-3.41.0.jar at file:///home/***/.ivy2/jars/org.checkerframework_checker-qual-3.41.0.jar with timestamp 1765121228289
[2025-12-07T15:27:09.639+0000] {subprocess.py:93} INFO - 25/12/07 15:27:09 INFO Utils: Copying /home/***/.ivy2/jars/org.checkerframework_checker-qual-3.41.0.jar to /tmp/spark-1159a5aa-84d0-4f13-b7c7-508b7850a407/userFiles-940f1339-dc45-4d4d-8ce8-1cca995be0e4/org.checkerframework_checker-qual-3.41.0.jar
[2025-12-07T15:27:09.715+0000] {subprocess.py:93} INFO - 25/12/07 15:27:09 INFO Executor: Starting executor ID driver on host 3db08845f297
[2025-12-07T15:27:09.716+0000] {subprocess.py:93} INFO - 25/12/07 15:27:09 INFO Executor: OS info Linux, 6.6.87.2-microsoft-standard-WSL2, amd64
[2025-12-07T15:27:09.717+0000] {subprocess.py:93} INFO - 25/12/07 15:27:09 INFO Executor: Java version 17.0.17
[2025-12-07T15:27:09.723+0000] {subprocess.py:93} INFO - 25/12/07 15:27:09 INFO Executor: Starting executor with user classpath (userClassPathFirst = false): ''
[2025-12-07T15:27:09.724+0000] {subprocess.py:93} INFO - 25/12/07 15:27:09 INFO Executor: Created or updated repl class loader org.apache.spark.util.MutableURLClassLoader@13f8e453 for default.
[2025-12-07T15:27:09.735+0000] {subprocess.py:93} INFO - 25/12/07 15:27:09 INFO Executor: Fetching file:///home/***/.ivy2/jars/org.apache.hadoop_hadoop-aws-3.3.4.jar with timestamp 1765121228289
[2025-12-07T15:27:09.757+0000] {subprocess.py:93} INFO - 25/12/07 15:27:09 INFO Utils: /home/***/.ivy2/jars/org.apache.hadoop_hadoop-aws-3.3.4.jar has been previously copied to /tmp/spark-1159a5aa-84d0-4f13-b7c7-508b7850a407/userFiles-940f1339-dc45-4d4d-8ce8-1cca995be0e4/org.apache.hadoop_hadoop-aws-3.3.4.jar
[2025-12-07T15:27:09.763+0000] {subprocess.py:93} INFO - 25/12/07 15:27:09 INFO Executor: Fetching file:///home/***/.ivy2/jars/org.checkerframework_checker-qual-3.41.0.jar with timestamp 1765121228289
[2025-12-07T15:27:09.763+0000] {subprocess.py:93} INFO - 25/12/07 15:27:09 INFO Utils: /home/***/.ivy2/jars/org.checkerframework_checker-qual-3.41.0.jar has been previously copied to /tmp/spark-1159a5aa-84d0-4f13-b7c7-508b7850a407/userFiles-940f1339-dc45-4d4d-8ce8-1cca995be0e4/org.checkerframework_checker-qual-3.41.0.jar
[2025-12-07T15:27:09.767+0000] {subprocess.py:93} INFO - 25/12/07 15:27:09 INFO Executor: Fetching file:///home/***/.ivy2/jars/org.wildfly.openssl_wildfly-openssl-1.0.7.Final.jar with timestamp 1765121228289
[2025-12-07T15:27:09.768+0000] {subprocess.py:93} INFO - 25/12/07 15:27:09 INFO Utils: /home/***/.ivy2/jars/org.wildfly.openssl_wildfly-openssl-1.0.7.Final.jar has been previously copied to /tmp/spark-1159a5aa-84d0-4f13-b7c7-508b7850a407/userFiles-940f1339-dc45-4d4d-8ce8-1cca995be0e4/org.wildfly.openssl_wildfly-openssl-1.0.7.Final.jar
[2025-12-07T15:27:09.773+0000] {subprocess.py:93} INFO - 25/12/07 15:27:09 INFO Executor: Fetching file:///home/***/.ivy2/jars/org.postgresql_postgresql-42.7.1.jar with timestamp 1765121228289
[2025-12-07T15:27:09.774+0000] {subprocess.py:93} INFO - 25/12/07 15:27:09 INFO Utils: /home/***/.ivy2/jars/org.postgresql_postgresql-42.7.1.jar has been previously copied to /tmp/spark-1159a5aa-84d0-4f13-b7c7-508b7850a407/userFiles-940f1339-dc45-4d4d-8ce8-1cca995be0e4/org.postgresql_postgresql-42.7.1.jar
[2025-12-07T15:27:09.780+0000] {subprocess.py:93} INFO - 25/12/07 15:27:09 INFO Executor: Fetching file:///home/***/.ivy2/jars/com.amazonaws_aws-java-sdk-bundle-1.12.262.jar with timestamp 1765121228289
[2025-12-07T15:27:09.996+0000] {subprocess.py:93} INFO - 25/12/07 15:27:09 INFO Utils: /home/***/.ivy2/jars/com.amazonaws_aws-java-sdk-bundle-1.12.262.jar has been previously copied to /tmp/spark-1159a5aa-84d0-4f13-b7c7-508b7850a407/userFiles-940f1339-dc45-4d4d-8ce8-1cca995be0e4/com.amazonaws_aws-java-sdk-bundle-1.12.262.jar
[2025-12-07T15:27:10.008+0000] {subprocess.py:93} INFO - 25/12/07 15:27:10 INFO Executor: Fetching spark://3db08845f297:35395/jars/org.wildfly.openssl_wildfly-openssl-1.0.7.Final.jar with timestamp 1765121228289
[2025-12-07T15:27:10.064+0000] {subprocess.py:93} INFO - 25/12/07 15:27:10 INFO TransportClientFactory: Successfully created connection to 3db08845f297/172.20.0.8:35395 after 39 ms (0 ms spent in bootstraps)
[2025-12-07T15:27:10.071+0000] {subprocess.py:93} INFO - 25/12/07 15:27:10 INFO Utils: Fetching spark://3db08845f297:35395/jars/org.wildfly.openssl_wildfly-openssl-1.0.7.Final.jar to /tmp/spark-1159a5aa-84d0-4f13-b7c7-508b7850a407/userFiles-940f1339-dc45-4d4d-8ce8-1cca995be0e4/fetchFileTemp15062002867153358117.tmp
[2025-12-07T15:27:10.123+0000] {subprocess.py:93} INFO - 25/12/07 15:27:10 INFO Utils: /tmp/spark-1159a5aa-84d0-4f13-b7c7-508b7850a407/userFiles-940f1339-dc45-4d4d-8ce8-1cca995be0e4/fetchFileTemp15062002867153358117.tmp has been previously copied to /tmp/spark-1159a5aa-84d0-4f13-b7c7-508b7850a407/userFiles-940f1339-dc45-4d4d-8ce8-1cca995be0e4/org.wildfly.openssl_wildfly-openssl-1.0.7.Final.jar
[2025-12-07T15:27:10.128+0000] {subprocess.py:93} INFO - 25/12/07 15:27:10 INFO Executor: Adding file:/tmp/spark-1159a5aa-84d0-4f13-b7c7-508b7850a407/userFiles-940f1339-dc45-4d4d-8ce8-1cca995be0e4/org.wildfly.openssl_wildfly-openssl-1.0.7.Final.jar to class loader default
[2025-12-07T15:27:10.130+0000] {subprocess.py:93} INFO - 25/12/07 15:27:10 INFO Executor: Fetching spark://3db08845f297:35395/jars/org.checkerframework_checker-qual-3.41.0.jar with timestamp 1765121228289
[2025-12-07T15:27:10.131+0000] {subprocess.py:93} INFO - 25/12/07 15:27:10 INFO Utils: Fetching spark://3db08845f297:35395/jars/org.checkerframework_checker-qual-3.41.0.jar to /tmp/spark-1159a5aa-84d0-4f13-b7c7-508b7850a407/userFiles-940f1339-dc45-4d4d-8ce8-1cca995be0e4/fetchFileTemp17323218457772512699.tmp
[2025-12-07T15:27:10.134+0000] {subprocess.py:93} INFO - 25/12/07 15:27:10 INFO Utils: /tmp/spark-1159a5aa-84d0-4f13-b7c7-508b7850a407/userFiles-940f1339-dc45-4d4d-8ce8-1cca995be0e4/fetchFileTemp17323218457772512699.tmp has been previously copied to /tmp/spark-1159a5aa-84d0-4f13-b7c7-508b7850a407/userFiles-940f1339-dc45-4d4d-8ce8-1cca995be0e4/org.checkerframework_checker-qual-3.41.0.jar
[2025-12-07T15:27:10.140+0000] {subprocess.py:93} INFO - 25/12/07 15:27:10 INFO Executor: Adding file:/tmp/spark-1159a5aa-84d0-4f13-b7c7-508b7850a407/userFiles-940f1339-dc45-4d4d-8ce8-1cca995be0e4/org.checkerframework_checker-qual-3.41.0.jar to class loader default
[2025-12-07T15:27:10.141+0000] {subprocess.py:93} INFO - 25/12/07 15:27:10 INFO Executor: Fetching spark://3db08845f297:35395/jars/com.amazonaws_aws-java-sdk-bundle-1.12.262.jar with timestamp 1765121228289
[2025-12-07T15:27:10.142+0000] {subprocess.py:93} INFO - 25/12/07 15:27:10 INFO Utils: Fetching spark://3db08845f297:35395/jars/com.amazonaws_aws-java-sdk-bundle-1.12.262.jar to /tmp/spark-1159a5aa-84d0-4f13-b7c7-508b7850a407/userFiles-940f1339-dc45-4d4d-8ce8-1cca995be0e4/fetchFileTemp9398845989714171325.tmp
[2025-12-07T15:27:11.348+0000] {subprocess.py:93} INFO - 25/12/07 15:27:11 INFO Utils: /tmp/spark-1159a5aa-84d0-4f13-b7c7-508b7850a407/userFiles-940f1339-dc45-4d4d-8ce8-1cca995be0e4/fetchFileTemp9398845989714171325.tmp has been previously copied to /tmp/spark-1159a5aa-84d0-4f13-b7c7-508b7850a407/userFiles-940f1339-dc45-4d4d-8ce8-1cca995be0e4/com.amazonaws_aws-java-sdk-bundle-1.12.262.jar
[2025-12-07T15:27:11.380+0000] {subprocess.py:93} INFO - 25/12/07 15:27:11 INFO Executor: Adding file:/tmp/spark-1159a5aa-84d0-4f13-b7c7-508b7850a407/userFiles-940f1339-dc45-4d4d-8ce8-1cca995be0e4/com.amazonaws_aws-java-sdk-bundle-1.12.262.jar to class loader default
[2025-12-07T15:27:11.381+0000] {subprocess.py:93} INFO - 25/12/07 15:27:11 INFO Executor: Fetching spark://3db08845f297:35395/jars/org.postgresql_postgresql-42.7.1.jar with timestamp 1765121228289
[2025-12-07T15:27:11.382+0000] {subprocess.py:93} INFO - 25/12/07 15:27:11 INFO Utils: Fetching spark://3db08845f297:35395/jars/org.postgresql_postgresql-42.7.1.jar to /tmp/spark-1159a5aa-84d0-4f13-b7c7-508b7850a407/userFiles-940f1339-dc45-4d4d-8ce8-1cca995be0e4/fetchFileTemp16820570952938598477.tmp
[2025-12-07T15:27:11.388+0000] {subprocess.py:93} INFO - 25/12/07 15:27:11 INFO Utils: /tmp/spark-1159a5aa-84d0-4f13-b7c7-508b7850a407/userFiles-940f1339-dc45-4d4d-8ce8-1cca995be0e4/fetchFileTemp16820570952938598477.tmp has been previously copied to /tmp/spark-1159a5aa-84d0-4f13-b7c7-508b7850a407/userFiles-940f1339-dc45-4d4d-8ce8-1cca995be0e4/org.postgresql_postgresql-42.7.1.jar
[2025-12-07T15:27:11.405+0000] {subprocess.py:93} INFO - 25/12/07 15:27:11 INFO Executor: Adding file:/tmp/spark-1159a5aa-84d0-4f13-b7c7-508b7850a407/userFiles-940f1339-dc45-4d4d-8ce8-1cca995be0e4/org.postgresql_postgresql-42.7.1.jar to class loader default
[2025-12-07T15:27:11.406+0000] {subprocess.py:93} INFO - 25/12/07 15:27:11 INFO Executor: Fetching spark://3db08845f297:35395/jars/org.apache.hadoop_hadoop-aws-3.3.4.jar with timestamp 1765121228289
[2025-12-07T15:27:11.407+0000] {subprocess.py:93} INFO - 25/12/07 15:27:11 INFO Utils: Fetching spark://3db08845f297:35395/jars/org.apache.hadoop_hadoop-aws-3.3.4.jar to /tmp/spark-1159a5aa-84d0-4f13-b7c7-508b7850a407/userFiles-940f1339-dc45-4d4d-8ce8-1cca995be0e4/fetchFileTemp7978589894116811660.tmp
[2025-12-07T15:27:11.411+0000] {subprocess.py:93} INFO - 25/12/07 15:27:11 INFO Utils: /tmp/spark-1159a5aa-84d0-4f13-b7c7-508b7850a407/userFiles-940f1339-dc45-4d4d-8ce8-1cca995be0e4/fetchFileTemp7978589894116811660.tmp has been previously copied to /tmp/spark-1159a5aa-84d0-4f13-b7c7-508b7850a407/userFiles-940f1339-dc45-4d4d-8ce8-1cca995be0e4/org.apache.hadoop_hadoop-aws-3.3.4.jar
[2025-12-07T15:27:11.417+0000] {subprocess.py:93} INFO - 25/12/07 15:27:11 INFO Executor: Adding file:/tmp/spark-1159a5aa-84d0-4f13-b7c7-508b7850a407/userFiles-940f1339-dc45-4d4d-8ce8-1cca995be0e4/org.apache.hadoop_hadoop-aws-3.3.4.jar to class loader default
[2025-12-07T15:27:11.432+0000] {subprocess.py:93} INFO - 25/12/07 15:27:11 INFO Utils: Successfully started service 'org.apache.spark.network.netty.NettyBlockTransferService' on port 38245.
[2025-12-07T15:27:11.433+0000] {subprocess.py:93} INFO - 25/12/07 15:27:11 INFO NettyBlockTransferService: Server created on 3db08845f297:38245
[2025-12-07T15:27:11.437+0000] {subprocess.py:93} INFO - 25/12/07 15:27:11 INFO BlockManager: Using org.apache.spark.storage.RandomBlockReplicationPolicy for block replication policy
[2025-12-07T15:27:11.446+0000] {subprocess.py:93} INFO - 25/12/07 15:27:11 INFO BlockManagerMaster: Registering BlockManager BlockManagerId(driver, 3db08845f297, 38245, None)
[2025-12-07T15:27:11.449+0000] {subprocess.py:93} INFO - 25/12/07 15:27:11 INFO BlockManagerMasterEndpoint: Registering block manager 3db08845f297:38245 with 434.4 MiB RAM, BlockManagerId(driver, 3db08845f297, 38245, None)
[2025-12-07T15:27:11.452+0000] {subprocess.py:93} INFO - 25/12/07 15:27:11 INFO BlockManagerMaster: Registered BlockManager BlockManagerId(driver, 3db08845f297, 38245, None)
[2025-12-07T15:27:11.454+0000] {subprocess.py:93} INFO - 25/12/07 15:27:11 INFO BlockManager: Initialized BlockManager: BlockManagerId(driver, 3db08845f297, 38245, None)
[2025-12-07T15:27:11.948+0000] {subprocess.py:93} INFO - 📌 Step 1: Reading Gold layer from MinIO...
[2025-12-07T15:27:11.957+0000] {subprocess.py:93} INFO - 25/12/07 15:27:11 INFO SharedState: Setting hive.metastore.warehouse.dir ('null') to the value of spark.sql.warehouse.dir.
[2025-12-07T15:27:11.960+0000] {subprocess.py:93} INFO - 25/12/07 15:27:11 INFO SharedState: Warehouse path is 'file:/tmp/***tmp85uu6rm7/spark-warehouse'.
[2025-12-07T15:27:13.205+0000] {subprocess.py:93} INFO - 25/12/07 15:27:13 WARN MetricsConfig: Cannot locate configuration: tried hadoop-metrics2-s3a-file-system.properties,hadoop-metrics2.properties
[2025-12-07T15:27:13.215+0000] {subprocess.py:93} INFO - 25/12/07 15:27:13 INFO MetricsSystemImpl: Scheduled Metric snapshot period at 10 second(s).
[2025-12-07T15:27:13.216+0000] {subprocess.py:93} INFO - 25/12/07 15:27:13 INFO MetricsSystemImpl: s3a-file-system metrics system started
[2025-12-07T15:27:14.244+0000] {subprocess.py:93} INFO - 25/12/07 15:27:14 INFO InMemoryFileIndex: It took 64 ms to list leaf files for 1 paths.
[2025-12-07T15:27:14.654+0000] {subprocess.py:93} INFO - 25/12/07 15:27:14 INFO SparkContext: Starting job: parquet at NativeMethodAccessorImpl.java:0
[2025-12-07T15:27:14.666+0000] {subprocess.py:93} INFO - 25/12/07 15:27:14 INFO DAGScheduler: Got job 0 (parquet at NativeMethodAccessorImpl.java:0) with 1 output partitions
[2025-12-07T15:27:14.667+0000] {subprocess.py:93} INFO - 25/12/07 15:27:14 INFO DAGScheduler: Final stage: ResultStage 0 (parquet at NativeMethodAccessorImpl.java:0)
[2025-12-07T15:27:14.668+0000] {subprocess.py:93} INFO - 25/12/07 15:27:14 INFO DAGScheduler: Parents of final stage: List()
[2025-12-07T15:27:14.669+0000] {subprocess.py:93} INFO - 25/12/07 15:27:14 INFO DAGScheduler: Missing parents: List()
[2025-12-07T15:27:14.672+0000] {subprocess.py:93} INFO - 25/12/07 15:27:14 INFO DAGScheduler: Submitting ResultStage 0 (MapPartitionsRDD[1] at parquet at NativeMethodAccessorImpl.java:0), which has no missing parents
[2025-12-07T15:27:14.741+0000] {subprocess.py:93} INFO - 25/12/07 15:27:14 INFO MemoryStore: Block broadcast_0 stored as values in memory (estimated size 106.5 KiB, free 434.3 MiB)
[2025-12-07T15:27:14.788+0000] {subprocess.py:93} INFO - 25/12/07 15:27:14 INFO MemoryStore: Block broadcast_0_piece0 stored as bytes in memory (estimated size 38.5 KiB, free 434.3 MiB)
[2025-12-07T15:27:14.792+0000] {subprocess.py:93} INFO - 25/12/07 15:27:14 INFO BlockManagerInfo: Added broadcast_0_piece0 in memory on 3db08845f297:38245 (size: 38.5 KiB, free: 434.4 MiB)
[2025-12-07T15:27:14.797+0000] {subprocess.py:93} INFO - 25/12/07 15:27:14 INFO SparkContext: Created broadcast 0 from broadcast at DAGScheduler.scala:1580
[2025-12-07T15:27:14.824+0000] {subprocess.py:93} INFO - 25/12/07 15:27:14 INFO DAGScheduler: Submitting 1 missing tasks from ResultStage 0 (MapPartitionsRDD[1] at parquet at NativeMethodAccessorImpl.java:0) (first 15 tasks are for partitions Vector(0))
[2025-12-07T15:27:14.825+0000] {subprocess.py:93} INFO - 25/12/07 15:27:14 INFO TaskSchedulerImpl: Adding task set 0.0 with 1 tasks resource profile 0
[2025-12-07T15:27:14.902+0000] {subprocess.py:93} INFO - 25/12/07 15:27:14 INFO TaskSetManager: Starting task 0.0 in stage 0.0 (TID 0) (3db08845f297, executor driver, partition 0, PROCESS_LOCAL, 8811 bytes)
[2025-12-07T15:27:14.928+0000] {subprocess.py:93} INFO - 25/12/07 15:27:14 INFO Executor: Running task 0.0 in stage 0.0 (TID 0)
[2025-12-07T15:27:15.167+0000] {subprocess.py:93} INFO - 25/12/07 15:27:15 INFO S3AInputStream: Switching to Random IO seek policy
[2025-12-07T15:27:15.473+0000] {subprocess.py:93} INFO - 25/12/07 15:27:15 INFO Executor: Finished task 0.0 in stage 0.0 (TID 0). 2033 bytes result sent to driver
[2025-12-07T15:27:15.494+0000] {subprocess.py:93} INFO - 25/12/07 15:27:15 INFO TaskSetManager: Finished task 0.0 in stage 0.0 (TID 0) in 627 ms on 3db08845f297 (executor driver) (1/1)
[2025-12-07T15:27:15.500+0000] {subprocess.py:93} INFO - 25/12/07 15:27:15 INFO TaskSchedulerImpl: Removed TaskSet 0.0, whose tasks have all completed, from pool
[2025-12-07T15:27:15.501+0000] {subprocess.py:93} INFO - 25/12/07 15:27:15 INFO DAGScheduler: ResultStage 0 (parquet at NativeMethodAccessorImpl.java:0) finished in 0.809 s
[2025-12-07T15:27:15.502+0000] {subprocess.py:93} INFO - 25/12/07 15:27:15 INFO DAGScheduler: Job 0 is finished. Cancelling potential speculative or zombie tasks for this job
[2025-12-07T15:27:15.503+0000] {subprocess.py:93} INFO - 25/12/07 15:27:15 INFO TaskSchedulerImpl: Killing all running tasks in stage 0: Stage finished
[2025-12-07T15:27:15.506+0000] {subprocess.py:93} INFO - 25/12/07 15:27:15 INFO DAGScheduler: Job 0 finished: parquet at NativeMethodAccessorImpl.java:0, took 0.850400 s
[2025-12-07T15:27:16.748+0000] {subprocess.py:93} INFO - 25/12/07 15:27:16 INFO FileSourceStrategy: Pushed Filters:
[2025-12-07T15:27:16.749+0000] {subprocess.py:93} INFO - 25/12/07 15:27:16 INFO FileSourceStrategy: Post-Scan Filters:
[2025-12-07T15:27:17.126+0000] {subprocess.py:93} INFO - 25/12/07 15:27:17 INFO CodeGenerator: Code generated in 172.934946 ms
[2025-12-07T15:27:17.147+0000] {subprocess.py:93} INFO - 25/12/07 15:27:17 INFO MemoryStore: Block broadcast_1 stored as values in memory (estimated size 205.5 KiB, free 434.1 MiB)
[2025-12-07T15:27:17.166+0000] {subprocess.py:93} INFO - 25/12/07 15:27:17 INFO MemoryStore: Block broadcast_1_piece0 stored as bytes in memory (estimated size 36.1 KiB, free 434.0 MiB)
[2025-12-07T15:27:17.168+0000] {subprocess.py:93} INFO - 25/12/07 15:27:17 INFO BlockManagerInfo: Added broadcast_1_piece0 in memory on 3db08845f297:38245 (size: 36.1 KiB, free: 434.3 MiB)
[2025-12-07T15:27:17.169+0000] {subprocess.py:93} INFO - 25/12/07 15:27:17 INFO SparkContext: Created broadcast 1 from count at NativeMethodAccessorImpl.java:0
[2025-12-07T15:27:17.193+0000] {subprocess.py:93} INFO - 25/12/07 15:27:17 INFO FileSourceScanExec: Planning scan with bin packing, max size: 4194304 bytes, open cost is considered as scanning 4194304 bytes.
[2025-12-07T15:27:17.248+0000] {subprocess.py:93} INFO - 25/12/07 15:27:17 INFO DAGScheduler: Registering RDD 5 (count at NativeMethodAccessorImpl.java:0) as input to shuffle 0
[2025-12-07T15:27:17.253+0000] {subprocess.py:93} INFO - 25/12/07 15:27:17 INFO DAGScheduler: Got map stage job 1 (count at NativeMethodAccessorImpl.java:0) with 1 output partitions
[2025-12-07T15:27:17.257+0000] {subprocess.py:93} INFO - 25/12/07 15:27:17 INFO DAGScheduler: Final stage: ShuffleMapStage 1 (count at NativeMethodAccessorImpl.java:0)
[2025-12-07T15:27:17.259+0000] {subprocess.py:93} INFO - 25/12/07 15:27:17 INFO DAGScheduler: Parents of final stage: List()
[2025-12-07T15:27:17.260+0000] {subprocess.py:93} INFO - 25/12/07 15:27:17 INFO DAGScheduler: Missing parents: List()
[2025-12-07T15:27:17.261+0000] {subprocess.py:93} INFO - 25/12/07 15:27:17 INFO DAGScheduler: Submitting ShuffleMapStage 1 (MapPartitionsRDD[5] at count at NativeMethodAccessorImpl.java:0), which has no missing parents
[2025-12-07T15:27:17.291+0000] {subprocess.py:93} INFO - 25/12/07 15:27:17 INFO MemoryStore: Block broadcast_2 stored as values in memory (estimated size 16.8 KiB, free 434.0 MiB)
[2025-12-07T15:27:17.304+0000] {subprocess.py:93} INFO - 25/12/07 15:27:17 INFO MemoryStore: Block broadcast_2_piece0 stored as bytes in memory (estimated size 7.7 KiB, free 434.0 MiB)
[2025-12-07T15:27:17.306+0000] {subprocess.py:93} INFO - 25/12/07 15:27:17 INFO BlockManagerInfo: Added broadcast_2_piece0 in memory on 3db08845f297:38245 (size: 7.7 KiB, free: 434.3 MiB)
[2025-12-07T15:27:17.308+0000] {subprocess.py:93} INFO - 25/12/07 15:27:17 INFO SparkContext: Created broadcast 2 from broadcast at DAGScheduler.scala:1580
[2025-12-07T15:27:17.311+0000] {subprocess.py:93} INFO - 25/12/07 15:27:17 INFO DAGScheduler: Submitting 1 missing tasks from ShuffleMapStage 1 (MapPartitionsRDD[5] at count at NativeMethodAccessorImpl.java:0) (first 15 tasks are for partitions Vector(0))
[2025-12-07T15:27:17.312+0000] {subprocess.py:93} INFO - 25/12/07 15:27:17 INFO TaskSchedulerImpl: Adding task set 1.0 with 1 tasks resource profile 0
[2025-12-07T15:27:17.318+0000] {subprocess.py:93} INFO - 25/12/07 15:27:17 INFO TaskSetManager: Starting task 0.0 in stage 1.0 (TID 1) (3db08845f297, executor driver, partition 0, PROCESS_LOCAL, 9305 bytes)
[2025-12-07T15:27:17.320+0000] {subprocess.py:93} INFO - 25/12/07 15:27:17 INFO Executor: Running task 0.0 in stage 1.0 (TID 1)
[2025-12-07T15:27:17.351+0000] {subprocess.py:93} INFO - 25/12/07 15:27:17 INFO BlockManagerInfo: Removed broadcast_0_piece0 on 3db08845f297:38245 in memory (size: 38.5 KiB, free: 434.4 MiB)
[2025-12-07T15:27:17.387+0000] {subprocess.py:93} INFO - 25/12/07 15:27:17 INFO CodeGenerator: Code generated in 12.810504 ms
[2025-12-07T15:27:17.398+0000] {subprocess.py:93} INFO - 25/12/07 15:27:17 INFO FileScanRDD: Reading File path: s3a://datalake/gold/daily_summary/part-00000-032586db-7ec7-4f25-b78b-342a8059092a-c000.snappy.parquet, range: 0-2401, partition values: [empty row]
[2025-12-07T15:27:17.421+0000] {subprocess.py:93} INFO - 25/12/07 15:27:17 INFO S3AInputStream: Switching to Random IO seek policy
[2025-12-07T15:27:17.545+0000] {subprocess.py:93} INFO - 25/12/07 15:27:17 INFO Executor: Finished task 0.0 in stage 1.0 (TID 1). 2222 bytes result sent to driver
[2025-12-07T15:27:17.556+0000] {subprocess.py:93} INFO - 25/12/07 15:27:17 INFO TaskSetManager: Finished task 0.0 in stage 1.0 (TID 1) in 242 ms on 3db08845f297 (executor driver) (1/1)
[2025-12-07T15:27:17.559+0000] {subprocess.py:93} INFO - 25/12/07 15:27:17 INFO TaskSchedulerImpl: Removed TaskSet 1.0, whose tasks have all completed, from pool
[2025-12-07T15:27:17.565+0000] {subprocess.py:93} INFO - 25/12/07 15:27:17 INFO DAGScheduler: ShuffleMapStage 1 (count at NativeMethodAccessorImpl.java:0) finished in 0.298 s
[2025-12-07T15:27:17.566+0000] {subprocess.py:93} INFO - 25/12/07 15:27:17 INFO DAGScheduler: looking for newly runnable stages
[2025-12-07T15:27:17.568+0000] {subprocess.py:93} INFO - 25/12/07 15:27:17 INFO DAGScheduler: running: Set()
[2025-12-07T15:27:17.569+0000] {subprocess.py:93} INFO - 25/12/07 15:27:17 INFO DAGScheduler: waiting: Set()
[2025-12-07T15:27:17.571+0000] {subprocess.py:93} INFO - 25/12/07 15:27:17 INFO DAGScheduler: failed: Set()
[2025-12-07T15:27:17.617+0000] {subprocess.py:93} INFO - 25/12/07 15:27:17 INFO CodeGenerator: Code generated in 10.956076 ms
[2025-12-07T15:27:17.647+0000] {subprocess.py:93} INFO - 25/12/07 15:27:17 INFO SparkContext: Starting job: count at NativeMethodAccessorImpl.java:0
[2025-12-07T15:27:17.651+0000] {subprocess.py:93} INFO - 25/12/07 15:27:17 INFO DAGScheduler: Got job 2 (count at NativeMethodAccessorImpl.java:0) with 1 output partitions
[2025-12-07T15:27:17.655+0000] {subprocess.py:93} INFO - 25/12/07 15:27:17 INFO DAGScheduler: Final stage: ResultStage 3 (count at NativeMethodAccessorImpl.java:0)
[2025-12-07T15:27:17.658+0000] {subprocess.py:93} INFO - 25/12/07 15:27:17 INFO DAGScheduler: Parents of final stage: List(ShuffleMapStage 2)
[2025-12-07T15:27:17.659+0000] {subprocess.py:93} INFO - 25/12/07 15:27:17 INFO DAGScheduler: Missing parents: List()
[2025-12-07T15:27:17.660+0000] {subprocess.py:93} INFO - 25/12/07 15:27:17 INFO DAGScheduler: Submitting ResultStage 3 (MapPartitionsRDD[8] at count at NativeMethodAccessorImpl.java:0), which has no missing parents
[2025-12-07T15:27:17.666+0000] {subprocess.py:93} INFO - 25/12/07 15:27:17 INFO MemoryStore: Block broadcast_3 stored as values in memory (estimated size 12.5 KiB, free 434.1 MiB)
[2025-12-07T15:27:17.676+0000] {subprocess.py:93} INFO - 25/12/07 15:27:17 INFO MemoryStore: Block broadcast_3_piece0 stored as bytes in memory (estimated size 5.9 KiB, free 434.1 MiB)
[2025-12-07T15:27:17.678+0000] {subprocess.py:93} INFO - 25/12/07 15:27:17 INFO BlockManagerInfo: Added broadcast_3_piece0 in memory on 3db08845f297:38245 (size: 5.9 KiB, free: 434.4 MiB)
[2025-12-07T15:27:17.680+0000] {subprocess.py:93} INFO - 25/12/07 15:27:17 INFO BlockManagerInfo: Removed broadcast_2_piece0 on 3db08845f297:38245 in memory (size: 7.7 KiB, free: 434.4 MiB)
[2025-12-07T15:27:17.682+0000] {subprocess.py:93} INFO - 25/12/07 15:27:17 INFO SparkContext: Created broadcast 3 from broadcast at DAGScheduler.scala:1580
[2025-12-07T15:27:17.683+0000] {subprocess.py:93} INFO - 25/12/07 15:27:17 INFO DAGScheduler: Submitting 1 missing tasks from ResultStage 3 (MapPartitionsRDD[8] at count at NativeMethodAccessorImpl.java:0) (first 15 tasks are for partitions Vector(0))
[2025-12-07T15:27:17.685+0000] {subprocess.py:93} INFO - 25/12/07 15:27:17 INFO TaskSchedulerImpl: Adding task set 3.0 with 1 tasks resource profile 0
[2025-12-07T15:27:17.693+0000] {subprocess.py:93} INFO - 25/12/07 15:27:17 INFO TaskSetManager: Starting task 0.0 in stage 3.0 (TID 2) (3db08845f297, executor driver, partition 0, NODE_LOCAL, 8652 bytes)
[2025-12-07T15:27:17.695+0000] {subprocess.py:93} INFO - 25/12/07 15:27:17 INFO Executor: Running task 0.0 in stage 3.0 (TID 2)
[2025-12-07T15:27:17.746+0000] {subprocess.py:93} INFO - 25/12/07 15:27:17 INFO ShuffleBlockFetcherIterator: Getting 1 (60.0 B) non-empty blocks including 1 (60.0 B) local and 0 (0.0 B) host-local and 0 (0.0 B) push-merged-local and 0 (0.0 B) remote blocks
[2025-12-07T15:27:17.748+0000] {subprocess.py:93} INFO - 25/12/07 15:27:17 INFO ShuffleBlockFetcherIterator: Started 0 remote fetches in 7 ms
[2025-12-07T15:27:17.759+0000] {subprocess.py:93} INFO - 25/12/07 15:27:17 INFO CodeGenerator: Code generated in 7.429005 ms
[2025-12-07T15:27:17.781+0000] {subprocess.py:93} INFO - 25/12/07 15:27:17 INFO Executor: Finished task 0.0 in stage 3.0 (TID 2). 4081 bytes result sent to driver
[2025-12-07T15:27:17.787+0000] {subprocess.py:93} INFO - 25/12/07 15:27:17 INFO TaskSetManager: Finished task 0.0 in stage 3.0 (TID 2) in 96 ms on 3db08845f297 (executor driver) (1/1)
[2025-12-07T15:27:17.789+0000] {subprocess.py:93} INFO - 25/12/07 15:27:17 INFO TaskSchedulerImpl: Removed TaskSet 3.0, whose tasks have all completed, from pool
[2025-12-07T15:27:17.792+0000] {subprocess.py:93} INFO - 25/12/07 15:27:17 INFO DAGScheduler: ResultStage 3 (count at NativeMethodAccessorImpl.java:0) finished in 0.126 s
[2025-12-07T15:27:17.794+0000] {subprocess.py:93} INFO - 25/12/07 15:27:17 INFO DAGScheduler: Job 2 is finished. Cancelling potential speculative or zombie tasks for this job
[2025-12-07T15:27:17.795+0000] {subprocess.py:93} INFO - 25/12/07 15:27:17 INFO TaskSchedulerImpl: Killing all running tasks in stage 3: Stage finished
[2025-12-07T15:27:17.796+0000] {subprocess.py:93} INFO - 25/12/07 15:27:17 INFO DAGScheduler: Job 2 finished: count at NativeMethodAccessorImpl.java:0, took 0.144849 s
[2025-12-07T15:27:17.806+0000] {subprocess.py:93} INFO - ✅ Gold layer loaded: 1 records
[2025-12-07T15:27:17.808+0000] {subprocess.py:93} INFO - 
[2025-12-07T15:27:17.810+0000] {subprocess.py:93} INFO - 📌 Step 2: Exporting to PostgreSQL table 'email_daily_summary'...
[2025-12-07T15:27:18.081+0000] {subprocess.py:93} INFO - 25/12/07 15:27:18 INFO FileSourceStrategy: Pushed Filters:
[2025-12-07T15:27:18.082+0000] {subprocess.py:93} INFO - 25/12/07 15:27:18 INFO FileSourceStrategy: Post-Scan Filters:
[2025-12-07T15:27:18.117+0000] {subprocess.py:93} INFO - 25/12/07 15:27:18 INFO CodeGenerator: Code generated in 22.570968 ms
[2025-12-07T15:27:18.128+0000] {subprocess.py:93} INFO - 25/12/07 15:27:18 INFO MemoryStore: Block broadcast_4 stored as values in memory (estimated size 206.2 KiB, free 433.9 MiB)
[2025-12-07T15:27:18.149+0000] {subprocess.py:93} INFO - 25/12/07 15:27:18 INFO BlockManagerInfo: Removed broadcast_3_piece0 on 3db08845f297:38245 in memory (size: 5.9 KiB, free: 434.4 MiB)
[2025-12-07T15:27:18.152+0000] {subprocess.py:93} INFO - 25/12/07 15:27:18 INFO MemoryStore: Block broadcast_4_piece0 stored as bytes in memory (estimated size 36.5 KiB, free 433.9 MiB)
[2025-12-07T15:27:18.157+0000] {subprocess.py:93} INFO - 25/12/07 15:27:18 INFO BlockManagerInfo: Added broadcast_4_piece0 in memory on 3db08845f297:38245 (size: 36.5 KiB, free: 434.3 MiB)
[2025-12-07T15:27:18.161+0000] {subprocess.py:93} INFO - 25/12/07 15:27:18 INFO SparkContext: Created broadcast 4 from jdbc at NativeMethodAccessorImpl.java:0
[2025-12-07T15:27:18.162+0000] {subprocess.py:93} INFO - 25/12/07 15:27:18 INFO FileSourceScanExec: Planning scan with bin packing, max size: 4194304 bytes, open cost is considered as scanning 4194304 bytes.
[2025-12-07T15:27:18.248+0000] {subprocess.py:93} INFO - 25/12/07 15:27:18 INFO SparkContext: Starting job: jdbc at NativeMethodAccessorImpl.java:0
[2025-12-07T15:27:18.252+0000] {subprocess.py:93} INFO - 25/12/07 15:27:18 INFO DAGScheduler: Got job 3 (jdbc at NativeMethodAccessorImpl.java:0) with 1 output partitions
[2025-12-07T15:27:18.254+0000] {subprocess.py:93} INFO - 25/12/07 15:27:18 INFO DAGScheduler: Final stage: ResultStage 4 (jdbc at NativeMethodAccessorImpl.java:0)
[2025-12-07T15:27:18.255+0000] {subprocess.py:93} INFO - 25/12/07 15:27:18 INFO DAGScheduler: Parents of final stage: List()
[2025-12-07T15:27:18.257+0000] {subprocess.py:93} INFO - 25/12/07 15:27:18 INFO DAGScheduler: Missing parents: List()
[2025-12-07T15:27:18.258+0000] {subprocess.py:93} INFO - 25/12/07 15:27:18 INFO DAGScheduler: Submitting ResultStage 4 (MapPartitionsRDD[14] at jdbc at NativeMethodAccessorImpl.java:0), which has no missing parents
[2025-12-07T15:27:18.280+0000] {subprocess.py:93} INFO - 25/12/07 15:27:18 INFO MemoryStore: Block broadcast_5 stored as values in memory (estimated size 36.8 KiB, free 433.9 MiB)
[2025-12-07T15:27:18.294+0000] {subprocess.py:93} INFO - 25/12/07 15:27:18 INFO MemoryStore: Block broadcast_5_piece0 stored as bytes in memory (estimated size 16.0 KiB, free 433.9 MiB)
[2025-12-07T15:27:18.298+0000] {subprocess.py:93} INFO - 25/12/07 15:27:18 INFO BlockManagerInfo: Added broadcast_5_piece0 in memory on 3db08845f297:38245 (size: 16.0 KiB, free: 434.3 MiB)
[2025-12-07T15:27:18.300+0000] {subprocess.py:93} INFO - 25/12/07 15:27:18 INFO SparkContext: Created broadcast 5 from broadcast at DAGScheduler.scala:1580
[2025-12-07T15:27:18.302+0000] {subprocess.py:93} INFO - 25/12/07 15:27:18 INFO DAGScheduler: Submitting 1 missing tasks from ResultStage 4 (MapPartitionsRDD[14] at jdbc at NativeMethodAccessorImpl.java:0) (first 15 tasks are for partitions Vector(0))
[2025-12-07T15:27:18.305+0000] {subprocess.py:93} INFO - 25/12/07 15:27:18 INFO TaskSchedulerImpl: Adding task set 4.0 with 1 tasks resource profile 0
[2025-12-07T15:27:18.307+0000] {subprocess.py:93} INFO - 25/12/07 15:27:18 INFO TaskSetManager: Starting task 0.0 in stage 4.0 (TID 3) (3db08845f297, executor driver, partition 0, PROCESS_LOCAL, 9316 bytes)
[2025-12-07T15:27:18.309+0000] {subprocess.py:93} INFO - 25/12/07 15:27:18 INFO Executor: Running task 0.0 in stage 4.0 (TID 3)
[2025-12-07T15:27:18.372+0000] {subprocess.py:93} INFO - 25/12/07 15:27:18 INFO CodeGenerator: Code generated in 19.787414 ms
[2025-12-07T15:27:19.314+0000] {subprocess.py:93} INFO - 25/12/07 15:27:19 INFO CodeGenerator: Code generated in 27.201277 ms
[2025-12-07T15:27:19.319+0000] {subprocess.py:93} INFO - 25/12/07 15:27:19 INFO FileScanRDD: Reading File path: s3a://datalake/gold/daily_summary/part-00000-032586db-7ec7-4f25-b78b-342a8059092a-c000.snappy.parquet, range: 0-2401, partition values: [empty row]
[2025-12-07T15:27:19.338+0000] {subprocess.py:93} INFO - 25/12/07 15:27:19 INFO S3AInputStream: Switching to Random IO seek policy
[2025-12-07T15:27:19.396+0000] {subprocess.py:93} INFO - 25/12/07 15:27:19 INFO CodecPool: Got brand-new decompressor [.snappy]
[2025-12-07T15:27:19.661+0000] {subprocess.py:93} INFO - 25/12/07 15:27:19 INFO Executor: Finished task 0.0 in stage 4.0 (TID 3). 1843 bytes result sent to driver
[2025-12-07T15:27:19.666+0000] {subprocess.py:93} INFO - 25/12/07 15:27:19 INFO TaskSetManager: Finished task 0.0 in stage 4.0 (TID 3) in 1362 ms on 3db08845f297 (executor driver) (1/1)
[2025-12-07T15:27:19.668+0000] {subprocess.py:93} INFO - 25/12/07 15:27:19 INFO TaskSchedulerImpl: Removed TaskSet 4.0, whose tasks have all completed, from pool
[2025-12-07T15:27:19.670+0000] {subprocess.py:93} INFO - 25/12/07 15:27:19 INFO DAGScheduler: ResultStage 4 (jdbc at NativeMethodAccessorImpl.java:0) finished in 1.413 s
[2025-12-07T15:27:19.671+0000] {subprocess.py:93} INFO - 25/12/07 15:27:19 INFO DAGScheduler: Job 3 is finished. Cancelling potential speculative or zombie tasks for this job
[2025-12-07T15:27:19.671+0000] {subprocess.py:93} INFO - 25/12/07 15:27:19 INFO TaskSchedulerImpl: Killing all running tasks in stage 4: Stage finished
[2025-12-07T15:27:19.672+0000] {subprocess.py:93} INFO - 25/12/07 15:27:19 INFO DAGScheduler: Job 3 finished: jdbc at NativeMethodAccessorImpl.java:0, took 1.421003 s
[2025-12-07T15:27:19.719+0000] {subprocess.py:93} INFO - ✅ Successfully exported to PostgreSQL table: email_daily_summary
[2025-12-07T15:27:19.720+0000] {subprocess.py:93} INFO - 
[2025-12-07T15:27:19.721+0000] {subprocess.py:93} INFO - ============================================================
[2025-12-07T15:27:19.722+0000] {subprocess.py:93} INFO - 📊 EXPORT SUMMARY REPORT
[2025-12-07T15:27:19.723+0000] {subprocess.py:93} INFO - ============================================================
[2025-12-07T15:27:19.723+0000] {subprocess.py:93} INFO - Timestamp: 2025-12-07 15:27:19.719206
[2025-12-07T15:27:19.767+0000] {subprocess.py:93} INFO - 25/12/07 15:27:19 INFO FileSourceStrategy: Pushed Filters:
[2025-12-07T15:27:19.769+0000] {subprocess.py:93} INFO - 25/12/07 15:27:19 INFO FileSourceStrategy: Post-Scan Filters:
[2025-12-07T15:27:19.809+0000] {subprocess.py:93} INFO - 25/12/07 15:27:19 INFO MemoryStore: Block broadcast_6 stored as values in memory (estimated size 205.5 KiB, free 433.7 MiB)
[2025-12-07T15:27:19.838+0000] {subprocess.py:93} INFO - 25/12/07 15:27:19 INFO BlockManagerInfo: Removed broadcast_5_piece0 on 3db08845f297:38245 in memory (size: 16.0 KiB, free: 434.3 MiB)
[2025-12-07T15:27:19.843+0000] {subprocess.py:93} INFO - 25/12/07 15:27:19 INFO MemoryStore: Block broadcast_6_piece0 stored as bytes in memory (estimated size 36.1 KiB, free 433.7 MiB)
[2025-12-07T15:27:19.845+0000] {subprocess.py:93} INFO - 25/12/07 15:27:19 INFO BlockManagerInfo: Added broadcast_6_piece0 in memory on 3db08845f297:38245 (size: 36.1 KiB, free: 434.3 MiB)
[2025-12-07T15:27:19.847+0000] {subprocess.py:93} INFO - 25/12/07 15:27:19 INFO SparkContext: Created broadcast 6 from count at NativeMethodAccessorImpl.java:0
[2025-12-07T15:27:19.850+0000] {subprocess.py:93} INFO - 25/12/07 15:27:19 INFO BlockManagerInfo: Removed broadcast_4_piece0 on 3db08845f297:38245 in memory (size: 36.5 KiB, free: 434.3 MiB)
[2025-12-07T15:27:19.853+0000] {subprocess.py:93} INFO - 25/12/07 15:27:19 INFO FileSourceScanExec: Planning scan with bin packing, max size: 4194304 bytes, open cost is considered as scanning 4194304 bytes.
[2025-12-07T15:27:19.862+0000] {subprocess.py:93} INFO - 25/12/07 15:27:19 INFO DAGScheduler: Registering RDD 18 (count at NativeMethodAccessorImpl.java:0) as input to shuffle 1
[2025-12-07T15:27:19.864+0000] {subprocess.py:93} INFO - 25/12/07 15:27:19 INFO DAGScheduler: Got map stage job 4 (count at NativeMethodAccessorImpl.java:0) with 1 output partitions
[2025-12-07T15:27:19.865+0000] {subprocess.py:93} INFO - 25/12/07 15:27:19 INFO DAGScheduler: Final stage: ShuffleMapStage 5 (count at NativeMethodAccessorImpl.java:0)
[2025-12-07T15:27:19.867+0000] {subprocess.py:93} INFO - 25/12/07 15:27:19 INFO DAGScheduler: Parents of final stage: List()
[2025-12-07T15:27:19.869+0000] {subprocess.py:93} INFO - 25/12/07 15:27:19 INFO DAGScheduler: Missing parents: List()
[2025-12-07T15:27:19.871+0000] {subprocess.py:93} INFO - 25/12/07 15:27:19 INFO DAGScheduler: Submitting ShuffleMapStage 5 (MapPartitionsRDD[18] at count at NativeMethodAccessorImpl.java:0), which has no missing parents
[2025-12-07T15:27:19.873+0000] {subprocess.py:93} INFO - 25/12/07 15:27:19 INFO MemoryStore: Block broadcast_7 stored as values in memory (estimated size 16.8 KiB, free 433.9 MiB)
[2025-12-07T15:27:19.886+0000] {subprocess.py:93} INFO - 25/12/07 15:27:19 INFO MemoryStore: Block broadcast_7_piece0 stored as bytes in memory (estimated size 7.7 KiB, free 433.9 MiB)
[2025-12-07T15:27:19.889+0000] {subprocess.py:93} INFO - 25/12/07 15:27:19 INFO BlockManagerInfo: Added broadcast_7_piece0 in memory on 3db08845f297:38245 (size: 7.7 KiB, free: 434.3 MiB)
[2025-12-07T15:27:19.890+0000] {subprocess.py:93} INFO - 25/12/07 15:27:19 INFO SparkContext: Created broadcast 7 from broadcast at DAGScheduler.scala:1580
[2025-12-07T15:27:19.891+0000] {subprocess.py:93} INFO - 25/12/07 15:27:19 INFO DAGScheduler: Submitting 1 missing tasks from ShuffleMapStage 5 (MapPartitionsRDD[18] at count at NativeMethodAccessorImpl.java:0) (first 15 tasks are for partitions Vector(0))
[2025-12-07T15:27:19.892+0000] {subprocess.py:93} INFO - 25/12/07 15:27:19 INFO TaskSchedulerImpl: Adding task set 5.0 with 1 tasks resource profile 0
[2025-12-07T15:27:19.893+0000] {subprocess.py:93} INFO - 25/12/07 15:27:19 INFO TaskSetManager: Starting task 0.0 in stage 5.0 (TID 4) (3db08845f297, executor driver, partition 0, PROCESS_LOCAL, 9305 bytes)
[2025-12-07T15:27:19.895+0000] {subprocess.py:93} INFO - 25/12/07 15:27:19 INFO Executor: Running task 0.0 in stage 5.0 (TID 4)
[2025-12-07T15:27:19.905+0000] {subprocess.py:93} INFO - 25/12/07 15:27:19 INFO FileScanRDD: Reading File path: s3a://datalake/gold/daily_summary/part-00000-032586db-7ec7-4f25-b78b-342a8059092a-c000.snappy.parquet, range: 0-2401, partition values: [empty row]
[2025-12-07T15:27:19.918+0000] {subprocess.py:93} INFO - 25/12/07 15:27:19 INFO S3AInputStream: Switching to Random IO seek policy
[2025-12-07T15:27:19.947+0000] {subprocess.py:93} INFO - 25/12/07 15:27:19 INFO Executor: Finished task 0.0 in stage 5.0 (TID 4). 2222 bytes result sent to driver
[2025-12-07T15:27:19.949+0000] {subprocess.py:93} INFO - 25/12/07 15:27:19 INFO TaskSetManager: Finished task 0.0 in stage 5.0 (TID 4) in 57 ms on 3db08845f297 (executor driver) (1/1)
[2025-12-07T15:27:19.950+0000] {subprocess.py:93} INFO - 25/12/07 15:27:19 INFO TaskSchedulerImpl: Removed TaskSet 5.0, whose tasks have all completed, from pool
[2025-12-07T15:27:19.950+0000] {subprocess.py:93} INFO - 25/12/07 15:27:19 INFO DAGScheduler: ShuffleMapStage 5 (count at NativeMethodAccessorImpl.java:0) finished in 0.084 s
[2025-12-07T15:27:19.951+0000] {subprocess.py:93} INFO - 25/12/07 15:27:19 INFO DAGScheduler: looking for newly runnable stages
[2025-12-07T15:27:19.952+0000] {subprocess.py:93} INFO - 25/12/07 15:27:19 INFO DAGScheduler: running: Set()
[2025-12-07T15:27:19.957+0000] {subprocess.py:93} INFO - 25/12/07 15:27:19 INFO DAGScheduler: waiting: Set()
[2025-12-07T15:27:19.958+0000] {subprocess.py:93} INFO - 25/12/07 15:27:19 INFO DAGScheduler: failed: Set()
[2025-12-07T15:27:19.971+0000] {subprocess.py:93} INFO - 25/12/07 15:27:19 INFO SparkContext: Starting job: count at NativeMethodAccessorImpl.java:0
[2025-12-07T15:27:19.974+0000] {subprocess.py:93} INFO - 25/12/07 15:27:19 INFO DAGScheduler: Got job 5 (count at NativeMethodAccessorImpl.java:0) with 1 output partitions
[2025-12-07T15:27:19.975+0000] {subprocess.py:93} INFO - 25/12/07 15:27:19 INFO DAGScheduler: Final stage: ResultStage 7 (count at NativeMethodAccessorImpl.java:0)
[2025-12-07T15:27:19.976+0000] {subprocess.py:93} INFO - 25/12/07 15:27:19 INFO DAGScheduler: Parents of final stage: List(ShuffleMapStage 6)
[2025-12-07T15:27:19.978+0000] {subprocess.py:93} INFO - 25/12/07 15:27:19 INFO DAGScheduler: Missing parents: List()
[2025-12-07T15:27:19.979+0000] {subprocess.py:93} INFO - 25/12/07 15:27:19 INFO DAGScheduler: Submitting ResultStage 7 (MapPartitionsRDD[21] at count at NativeMethodAccessorImpl.java:0), which has no missing parents
[2025-12-07T15:27:19.980+0000] {subprocess.py:93} INFO - 25/12/07 15:27:19 INFO MemoryStore: Block broadcast_8 stored as values in memory (estimated size 12.5 KiB, free 433.9 MiB)
[2025-12-07T15:27:19.990+0000] {subprocess.py:93} INFO - 25/12/07 15:27:19 INFO MemoryStore: Block broadcast_8_piece0 stored as bytes in memory (estimated size 5.9 KiB, free 433.9 MiB)
[2025-12-07T15:27:19.993+0000] {subprocess.py:93} INFO - 25/12/07 15:27:19 INFO BlockManagerInfo: Added broadcast_8_piece0 in memory on 3db08845f297:38245 (size: 5.9 KiB, free: 434.3 MiB)
[2025-12-07T15:27:19.994+0000] {subprocess.py:93} INFO - 25/12/07 15:27:19 INFO BlockManagerInfo: Removed broadcast_7_piece0 on 3db08845f297:38245 in memory (size: 7.7 KiB, free: 434.3 MiB)
[2025-12-07T15:27:19.995+0000] {subprocess.py:93} INFO - 25/12/07 15:27:19 INFO SparkContext: Created broadcast 8 from broadcast at DAGScheduler.scala:1580
[2025-12-07T15:27:19.996+0000] {subprocess.py:93} INFO - 25/12/07 15:27:19 INFO DAGScheduler: Submitting 1 missing tasks from ResultStage 7 (MapPartitionsRDD[21] at count at NativeMethodAccessorImpl.java:0) (first 15 tasks are for partitions Vector(0))
[2025-12-07T15:27:19.998+0000] {subprocess.py:93} INFO - 25/12/07 15:27:19 INFO TaskSchedulerImpl: Adding task set 7.0 with 1 tasks resource profile 0
[2025-12-07T15:27:19.998+0000] {subprocess.py:93} INFO - 25/12/07 15:27:19 INFO TaskSetManager: Starting task 0.0 in stage 7.0 (TID 5) (3db08845f297, executor driver, partition 0, NODE_LOCAL, 8652 bytes)
[2025-12-07T15:27:19.999+0000] {subprocess.py:93} INFO - 25/12/07 15:27:19 INFO Executor: Running task 0.0 in stage 7.0 (TID 5)
[2025-12-07T15:27:20.002+0000] {subprocess.py:93} INFO - 25/12/07 15:27:20 INFO ShuffleBlockFetcherIterator: Getting 1 (60.0 B) non-empty blocks including 1 (60.0 B) local and 0 (0.0 B) host-local and 0 (0.0 B) push-merged-local and 0 (0.0 B) remote blocks
[2025-12-07T15:27:20.003+0000] {subprocess.py:93} INFO - 25/12/07 15:27:20 INFO ShuffleBlockFetcherIterator: Started 0 remote fetches in 0 ms
[2025-12-07T15:27:20.023+0000] {subprocess.py:93} INFO - 25/12/07 15:27:20 INFO Executor: Finished task 0.0 in stage 7.0 (TID 5). 4081 bytes result sent to driver
[2025-12-07T15:27:20.025+0000] {subprocess.py:93} INFO - 25/12/07 15:27:20 INFO TaskSetManager: Finished task 0.0 in stage 7.0 (TID 5) in 30 ms on 3db08845f297 (executor driver) (1/1)
[2025-12-07T15:27:20.029+0000] {subprocess.py:93} INFO - 25/12/07 15:27:20 INFO TaskSchedulerImpl: Removed TaskSet 7.0, whose tasks have all completed, from pool
[2025-12-07T15:27:20.030+0000] {subprocess.py:93} INFO - 25/12/07 15:27:20 INFO DAGScheduler: ResultStage 7 (count at NativeMethodAccessorImpl.java:0) finished in 0.050 s
[2025-12-07T15:27:20.035+0000] {subprocess.py:93} INFO - 25/12/07 15:27:20 INFO DAGScheduler: Job 5 is finished. Cancelling potential speculative or zombie tasks for this job
[2025-12-07T15:27:20.036+0000] {subprocess.py:93} INFO - 25/12/07 15:27:20 INFO TaskSchedulerImpl: Killing all running tasks in stage 7: Stage finished
[2025-12-07T15:27:20.037+0000] {subprocess.py:93} INFO - 25/12/07 15:27:20 INFO DAGScheduler: Job 5 finished: count at NativeMethodAccessorImpl.java:0, took 0.057672 s
[2025-12-07T15:27:20.038+0000] {subprocess.py:93} INFO - 
[2025-12-07T15:27:20.039+0000] {subprocess.py:93} INFO - 📈 Records exported: 1
[2025-12-07T15:27:20.039+0000] {subprocess.py:93} INFO - 
[2025-12-07T15:27:20.040+0000] {subprocess.py:93} INFO - 📄 Sample data:
[2025-12-07T15:27:20.094+0000] {subprocess.py:93} INFO - 25/12/07 15:27:20 INFO FileSourceStrategy: Pushed Filters:
[2025-12-07T15:27:20.095+0000] {subprocess.py:93} INFO - 25/12/07 15:27:20 INFO FileSourceStrategy: Post-Scan Filters:
[2025-12-07T15:27:20.163+0000] {subprocess.py:93} INFO - 25/12/07 15:27:20 INFO CodeGenerator: Code generated in 21.186819 ms
[2025-12-07T15:27:20.171+0000] {subprocess.py:93} INFO - 25/12/07 15:27:20 INFO MemoryStore: Block broadcast_9 stored as values in memory (estimated size 206.2 KiB, free 433.7 MiB)
[2025-12-07T15:27:20.180+0000] {subprocess.py:93} INFO - 25/12/07 15:27:20 INFO MemoryStore: Block broadcast_9_piece0 stored as bytes in memory (estimated size 36.5 KiB, free 433.7 MiB)
[2025-12-07T15:27:20.182+0000] {subprocess.py:93} INFO - 25/12/07 15:27:20 INFO BlockManagerInfo: Added broadcast_9_piece0 in memory on 3db08845f297:38245 (size: 36.5 KiB, free: 434.3 MiB)
[2025-12-07T15:27:20.183+0000] {subprocess.py:93} INFO - 25/12/07 15:27:20 INFO SparkContext: Created broadcast 9 from showString at NativeMethodAccessorImpl.java:0
[2025-12-07T15:27:20.185+0000] {subprocess.py:93} INFO - 25/12/07 15:27:20 INFO FileSourceScanExec: Planning scan with bin packing, max size: 4194304 bytes, open cost is considered as scanning 4194304 bytes.
[2025-12-07T15:27:20.201+0000] {subprocess.py:93} INFO - 25/12/07 15:27:20 INFO SparkContext: Starting job: showString at NativeMethodAccessorImpl.java:0
[2025-12-07T15:27:20.209+0000] {subprocess.py:93} INFO - 25/12/07 15:27:20 INFO DAGScheduler: Got job 6 (showString at NativeMethodAccessorImpl.java:0) with 1 output partitions
[2025-12-07T15:27:20.211+0000] {subprocess.py:93} INFO - 25/12/07 15:27:20 INFO DAGScheduler: Final stage: ResultStage 8 (showString at NativeMethodAccessorImpl.java:0)
[2025-12-07T15:27:20.212+0000] {subprocess.py:93} INFO - 25/12/07 15:27:20 INFO DAGScheduler: Parents of final stage: List()
[2025-12-07T15:27:20.213+0000] {subprocess.py:93} INFO - 25/12/07 15:27:20 INFO DAGScheduler: Missing parents: List()
[2025-12-07T15:27:20.214+0000] {subprocess.py:93} INFO - 25/12/07 15:27:20 INFO DAGScheduler: Submitting ResultStage 8 (MapPartitionsRDD[25] at showString at NativeMethodAccessorImpl.java:0), which has no missing parents
[2025-12-07T15:27:20.215+0000] {subprocess.py:93} INFO - 25/12/07 15:27:20 INFO MemoryStore: Block broadcast_10 stored as values in memory (estimated size 17.7 KiB, free 433.7 MiB)
[2025-12-07T15:27:20.215+0000] {subprocess.py:93} INFO - 25/12/07 15:27:20 INFO MemoryStore: Block broadcast_10_piece0 stored as bytes in memory (estimated size 7.2 KiB, free 433.6 MiB)
[2025-12-07T15:27:20.216+0000] {subprocess.py:93} INFO - 25/12/07 15:27:20 INFO BlockManagerInfo: Added broadcast_10_piece0 in memory on 3db08845f297:38245 (size: 7.2 KiB, free: 434.3 MiB)
[2025-12-07T15:27:20.216+0000] {subprocess.py:93} INFO - 25/12/07 15:27:20 INFO SparkContext: Created broadcast 10 from broadcast at DAGScheduler.scala:1580
[2025-12-07T15:27:20.217+0000] {subprocess.py:93} INFO - 25/12/07 15:27:20 INFO DAGScheduler: Submitting 1 missing tasks from ResultStage 8 (MapPartitionsRDD[25] at showString at NativeMethodAccessorImpl.java:0) (first 15 tasks are for partitions Vector(0))
[2025-12-07T15:27:20.218+0000] {subprocess.py:93} INFO - 25/12/07 15:27:20 INFO TaskSchedulerImpl: Adding task set 8.0 with 1 tasks resource profile 0
[2025-12-07T15:27:20.218+0000] {subprocess.py:93} INFO - 25/12/07 15:27:20 INFO TaskSetManager: Starting task 0.0 in stage 8.0 (TID 6) (3db08845f297, executor driver, partition 0, PROCESS_LOCAL, 9316 bytes)
[2025-12-07T15:27:20.219+0000] {subprocess.py:93} INFO - 25/12/07 15:27:20 INFO Executor: Running task 0.0 in stage 8.0 (TID 6)
[2025-12-07T15:27:20.241+0000] {subprocess.py:93} INFO - 25/12/07 15:27:20 INFO CodeGenerator: Code generated in 16.102777 ms
[2025-12-07T15:27:20.242+0000] {subprocess.py:93} INFO - 25/12/07 15:27:20 INFO FileScanRDD: Reading File path: s3a://datalake/gold/daily_summary/part-00000-032586db-7ec7-4f25-b78b-342a8059092a-c000.snappy.parquet, range: 0-2401, partition values: [empty row]
[2025-12-07T15:27:20.253+0000] {subprocess.py:93} INFO - 25/12/07 15:27:20 INFO S3AInputStream: Switching to Random IO seek policy
[2025-12-07T15:27:20.279+0000] {subprocess.py:93} INFO - 25/12/07 15:27:20 INFO Executor: Finished task 0.0 in stage 8.0 (TID 6). 1926 bytes result sent to driver
[2025-12-07T15:27:20.280+0000] {subprocess.py:93} INFO - 25/12/07 15:27:20 INFO TaskSetManager: Finished task 0.0 in stage 8.0 (TID 6) in 64 ms on 3db08845f297 (executor driver) (1/1)
[2025-12-07T15:27:20.281+0000] {subprocess.py:93} INFO - 25/12/07 15:27:20 INFO TaskSchedulerImpl: Removed TaskSet 8.0, whose tasks have all completed, from pool
[2025-12-07T15:27:20.282+0000] {subprocess.py:93} INFO - 25/12/07 15:27:20 INFO DAGScheduler: ResultStage 8 (showString at NativeMethodAccessorImpl.java:0) finished in 0.075 s
[2025-12-07T15:27:20.283+0000] {subprocess.py:93} INFO - 25/12/07 15:27:20 INFO DAGScheduler: Job 6 is finished. Cancelling potential speculative or zombie tasks for this job
[2025-12-07T15:27:20.283+0000] {subprocess.py:93} INFO - 25/12/07 15:27:20 INFO TaskSchedulerImpl: Killing all running tasks in stage 8: Stage finished
[2025-12-07T15:27:20.284+0000] {subprocess.py:93} INFO - 25/12/07 15:27:20 INFO DAGScheduler: Job 6 finished: showString at NativeMethodAccessorImpl.java:0, took 0.081342 s
[2025-12-07T15:27:20.303+0000] {subprocess.py:93} INFO - 25/12/07 15:27:20 INFO CodeGenerator: Code generated in 13.08867 ms
[2025-12-07T15:27:20.310+0000] {subprocess.py:93} INFO - +----------+------------+------------------------------------------------------------------------------------------------------------------------------------------------------------+------------+------------------+
[2025-12-07T15:27:20.311+0000] {subprocess.py:93} INFO - |date      |total_emails|domain_counts                                                                                                                                               |busiest_hour|busiest_hour_count|
[2025-12-07T15:27:20.312+0000] {subprocess.py:93} INFO - +----------+------------+------------------------------------------------------------------------------------------------------------------------------------------------------------+------------+------------------+
[2025-12-07T15:27:20.313+0000] {subprocess.py:93} INFO - |2025-12-07|70          |linkedin.com>:17|indeed.com>:15|etu.uae.ac.ma>:12|commerce.temuemail.com>:12|datascientist.fr>:7|gmail.com>:5|mail.grammarly.com>:1|inspire.pinterest.com>:1|8           |17                |
[2025-12-07T15:27:20.314+0000] {subprocess.py:93} INFO - +----------+------------+------------------------------------------------------------------------------------------------------------------------------------------------------------+------------+------------------+
[2025-12-07T15:27:20.314+0000] {subprocess.py:93} INFO - 
[2025-12-07T15:27:20.315+0000] {subprocess.py:93} INFO - ============================================================
[2025-12-07T15:27:20.315+0000] {subprocess.py:93} INFO - 
[2025-12-07T15:27:20.316+0000] {subprocess.py:93} INFO - ✅ EXPORT COMPLETED SUCCESSFULLY
[2025-12-07T15:27:20.316+0000] {subprocess.py:93} INFO - 25/12/07 15:27:20 INFO SparkContext: SparkContext is stopping with exitCode 0.
[2025-12-07T15:27:20.324+0000] {subprocess.py:93} INFO - 25/12/07 15:27:20 INFO SparkUI: Stopped Spark web UI at http://3db08845f297:4040
[2025-12-07T15:27:20.336+0000] {subprocess.py:93} INFO - 25/12/07 15:27:20 INFO MapOutputTrackerMasterEndpoint: MapOutputTrackerMasterEndpoint stopped!
[2025-12-07T15:27:20.349+0000] {subprocess.py:93} INFO - 25/12/07 15:27:20 INFO MemoryStore: MemoryStore cleared
[2025-12-07T15:27:20.351+0000] {subprocess.py:93} INFO - 25/12/07 15:27:20 INFO BlockManager: BlockManager stopped
[2025-12-07T15:27:20.354+0000] {subprocess.py:93} INFO - 25/12/07 15:27:20 INFO BlockManagerMaster: BlockManagerMaster stopped
[2025-12-07T15:27:20.356+0000] {subprocess.py:93} INFO - 25/12/07 15:27:20 INFO OutputCommitCoordinator$OutputCommitCoordinatorEndpoint: OutputCommitCoordinator stopped!
[2025-12-07T15:27:20.364+0000] {subprocess.py:93} INFO - 25/12/07 15:27:20 INFO SparkContext: Successfully stopped SparkContext
[2025-12-07T15:27:20.831+0000] {subprocess.py:93} INFO - 25/12/07 15:27:20 INFO ShutdownHookManager: Shutdown hook called
[2025-12-07T15:27:20.833+0000] {subprocess.py:93} INFO - 25/12/07 15:27:20 INFO ShutdownHookManager: Deleting directory /tmp/spark-71e70ce3-2aa4-41e9-b54e-d7b3bccdd3f5
[2025-12-07T15:27:20.842+0000] {subprocess.py:93} INFO - 25/12/07 15:27:20 INFO ShutdownHookManager: Deleting directory /tmp/spark-1159a5aa-84d0-4f13-b7c7-508b7850a407/pyspark-dcc3b911-236b-4e58-a201-a3a77c96e16d
[2025-12-07T15:27:20.849+0000] {subprocess.py:93} INFO - 25/12/07 15:27:20 INFO ShutdownHookManager: Deleting directory /tmp/spark-1159a5aa-84d0-4f13-b7c7-508b7850a407
[2025-12-07T15:27:20.858+0000] {subprocess.py:93} INFO - 25/12/07 15:27:20 INFO MetricsSystemImpl: Stopping s3a-file-system metrics system...
[2025-12-07T15:27:20.859+0000] {subprocess.py:93} INFO - 25/12/07 15:27:20 INFO MetricsSystemImpl: s3a-file-system metrics system stopped.
[2025-12-07T15:27:20.860+0000] {subprocess.py:93} INFO - 25/12/07 15:27:20 INFO MetricsSystemImpl: s3a-file-system metrics system shutdown complete.
[2025-12-07T15:27:20.957+0000] {subprocess.py:97} INFO - Command exited with return code 0
[2025-12-07T15:27:20.991+0000] {taskinstance.py:1138} INFO - Marking task as SUCCESS. dag_id=email_intelligence_pipeline, task_id=export_to_postgres, execution_date=20251207T152552, start_date=20251207T152703, end_date=20251207T152720
[2025-12-07T15:27:21.030+0000] {local_task_job_runner.py:234} INFO - Task exited with return code 0
[2025-12-07T15:27:21.065+0000] {taskinstance.py:3280} INFO - 0 downstream tasks scheduled from follow-on schedule check
