[2025-12-04T15:27:37.163+0000] {taskinstance.py:1956} INFO - Dependencies all met for dep_context=non-requeueable deps ti=<TaskInstance: email_pipeline_dag.kafka_producer manual__2025-12-04T15:20:04+00:00 [queued]>
[2025-12-04T15:27:37.189+0000] {taskinstance.py:1956} INFO - Dependencies all met for dep_context=requeueable deps ti=<TaskInstance: email_pipeline_dag.kafka_producer manual__2025-12-04T15:20:04+00:00 [queued]>
[2025-12-04T15:27:37.192+0000] {taskinstance.py:2170} INFO - Starting attempt 1 of 2
[2025-12-04T15:27:37.237+0000] {taskinstance.py:2191} INFO - Executing <Task(BashOperator): kafka_producer> on 2025-12-04 15:20:04+00:00
[2025-12-04T15:27:37.253+0000] {standard_task_runner.py:60} INFO - Started process 259 to run task
[2025-12-04T15:27:37.262+0000] {standard_task_runner.py:87} INFO - Running: ['***', 'tasks', 'run', 'email_pipeline_dag', 'kafka_producer', 'manual__2025-12-04T15:20:04+00:00', '--job-id', '68', '--raw', '--subdir', 'DAGS_FOLDER/email_pipeline_dag.py', '--cfg-path', '/tmp/tmpdabu8909']
[2025-12-04T15:27:37.265+0000] {standard_task_runner.py:88} INFO - Job 68: Subtask kafka_producer
[2025-12-04T15:27:37.428+0000] {task_command.py:423} INFO - Running <TaskInstance: email_pipeline_dag.kafka_producer manual__2025-12-04T15:20:04+00:00 [running]> on host 17d26709f247
[2025-12-04T15:27:37.779+0000] {taskinstance.py:2480} INFO - Exporting env vars: AIRFLOW_CTX_DAG_OWNER='***' AIRFLOW_CTX_DAG_ID='email_pipeline_dag' AIRFLOW_CTX_TASK_ID='kafka_producer' AIRFLOW_CTX_EXECUTION_DATE='2025-12-04T15:20:04+00:00' AIRFLOW_CTX_TRY_NUMBER='1' AIRFLOW_CTX_DAG_RUN_ID='manual__2025-12-04T15:20:04+00:00'
[2025-12-04T15:27:37.789+0000] {subprocess.py:63} INFO - Tmp dir root location: /tmp
[2025-12-04T15:27:37.792+0000] {subprocess.py:75} INFO - Running command: ['/usr/bin/bash', '-c', 'python /opt/***/kafka/Producer/email_producer.py']
[2025-12-04T15:27:37.841+0000] {subprocess.py:86} INFO - Output:
[2025-12-04T15:27:38.630+0000] {subprocess.py:93} INFO - Traceback (most recent call last):
[2025-12-04T15:27:38.632+0000] {subprocess.py:93} INFO -   File "/opt/***/kafka/Producer/email_producer.py", line 17, in <module>
[2025-12-04T15:27:38.633+0000] {subprocess.py:93} INFO -     from kafka import KafkaProducer, KafkaConsumer
[2025-12-04T15:27:38.637+0000] {subprocess.py:93} INFO - ModuleNotFoundError: No module named 'kafka'
[2025-12-04T15:27:38.875+0000] {subprocess.py:97} INFO - Command exited with return code 1
[2025-12-04T15:27:38.918+0000] {taskinstance.py:2698} ERROR - Task failed with exception
Traceback (most recent call last):
  File "/home/airflow/.local/lib/python3.8/site-packages/airflow/models/taskinstance.py", line 433, in _execute_task
    result = execute_callable(context=context, **execute_callable_kwargs)
  File "/home/airflow/.local/lib/python3.8/site-packages/airflow/operators/bash.py", line 212, in execute
    raise AirflowException(
airflow.exceptions.AirflowException: Bash command failed. The command returned a non-zero exit code 1.
[2025-12-04T15:27:38.929+0000] {taskinstance.py:1138} INFO - Marking task as UP_FOR_RETRY. dag_id=email_pipeline_dag, task_id=kafka_producer, execution_date=20251204T152004, start_date=20251204T152737, end_date=20251204T152738
[2025-12-04T15:27:38.977+0000] {standard_task_runner.py:107} ERROR - Failed to execute job 68 for task kafka_producer (Bash command failed. The command returned a non-zero exit code 1.; 259)
[2025-12-04T15:27:39.010+0000] {local_task_job_runner.py:234} INFO - Task exited with return code 1
[2025-12-04T15:27:39.066+0000] {taskinstance.py:3280} INFO - 0 downstream tasks scheduled from follow-on schedule check
