[2025-12-04T15:32:41.165+0000] {taskinstance.py:1956} INFO - Dependencies all met for dep_context=non-requeueable deps ti=<TaskInstance: email_pipeline_dag.kafka_producer manual__2025-12-04T15:20:04+00:00 [queued]>
[2025-12-04T15:32:41.203+0000] {taskinstance.py:1956} INFO - Dependencies all met for dep_context=requeueable deps ti=<TaskInstance: email_pipeline_dag.kafka_producer manual__2025-12-04T15:20:04+00:00 [queued]>
[2025-12-04T15:32:41.204+0000] {taskinstance.py:2170} INFO - Starting attempt 2 of 2
[2025-12-04T15:32:41.253+0000] {taskinstance.py:2191} INFO - Executing <Task(BashOperator): kafka_producer> on 2025-12-04 15:20:04+00:00
[2025-12-04T15:32:41.276+0000] {standard_task_runner.py:60} INFO - Started process 418 to run task
[2025-12-04T15:32:41.338+0000] {standard_task_runner.py:87} INFO - Running: ['***', 'tasks', 'run', 'email_pipeline_dag', 'kafka_producer', 'manual__2025-12-04T15:20:04+00:00', '--job-id', '84', '--raw', '--subdir', 'DAGS_FOLDER/email_pipeline_dag.py', '--cfg-path', '/tmp/tmp12o5964p']
[2025-12-04T15:32:41.394+0000] {standard_task_runner.py:88} INFO - Job 84: Subtask kafka_producer
[2025-12-04T15:32:41.971+0000] {task_command.py:423} INFO - Running <TaskInstance: email_pipeline_dag.kafka_producer manual__2025-12-04T15:20:04+00:00 [running]> on host 17d26709f247
[2025-12-04T15:32:42.860+0000] {taskinstance.py:2480} INFO - Exporting env vars: AIRFLOW_CTX_DAG_OWNER='***' AIRFLOW_CTX_DAG_ID='email_pipeline_dag' AIRFLOW_CTX_TASK_ID='kafka_producer' AIRFLOW_CTX_EXECUTION_DATE='2025-12-04T15:20:04+00:00' AIRFLOW_CTX_TRY_NUMBER='2' AIRFLOW_CTX_DAG_RUN_ID='manual__2025-12-04T15:20:04+00:00'
[2025-12-04T15:32:42.862+0000] {subprocess.py:63} INFO - Tmp dir root location: /tmp
[2025-12-04T15:32:42.884+0000] {subprocess.py:75} INFO - Running command: ['/usr/bin/bash', '-c', 'python /opt/***/kafka/Producer/email_producer.py']
[2025-12-04T15:32:42.978+0000] {subprocess.py:86} INFO - Output:
[2025-12-04T15:32:46.734+0000] {subprocess.py:93} INFO - 2025-12-04 15:32:46,718 - __main__ - INFO - 🚀 Starting Producer + Consumer...
[2025-12-04T15:32:46.775+0000] {subprocess.py:93} INFO - 2025-12-04 15:32:46,733 - __main__ - INFO - 🔐 Authenticating with Gmail API...
[2025-12-04T15:32:46.931+0000] {subprocess.py:93} INFO - 2025-12-04 15:32:46,931 - googleapiclient.discovery_cache - INFO - file_cache is only supported with oauth2client<4.0.0
[2025-12-04T15:32:46.977+0000] {subprocess.py:93} INFO - 2025-12-04 15:32:46,975 - __main__ - INFO - 📨 Connecting to Kafka...
[2025-12-04T15:32:46.991+0000] {subprocess.py:93} INFO - 2025-12-04 15:32:46,990 - kafka.conn - INFO - <BrokerConnection client_id=kafka-python-producer-1, node_id=bootstrap-0 host=kafka:29092 <connecting> [IPv4 ('172.20.0.4', 29092)]>: connecting to kafka:29092 [('172.20.0.4', 29092) IPv4]
[2025-12-04T15:32:47.024+0000] {subprocess.py:93} INFO - 2025-12-04 15:32:47,023 - kafka.conn - INFO - <BrokerConnection client_id=kafka-python-producer-1, node_id=bootstrap-0 host=kafka:29092 <checking_api_versions_recv> [IPv4 ('172.20.0.4', 29092)]>: Broker version identified as 2.6
[2025-12-04T15:32:47.028+0000] {subprocess.py:93} INFO - 2025-12-04 15:32:47,023 - kafka.conn - INFO - <BrokerConnection client_id=kafka-python-producer-1, node_id=bootstrap-0 host=kafka:29092 <connected> [IPv4 ('172.20.0.4', 29092)]>: Connection complete.
[2025-12-04T15:32:47.049+0000] {subprocess.py:93} INFO - 2025-12-04 15:32:47,046 - __main__ - INFO - 🎬 Démarrage du visualiseur temps réel...
[2025-12-04T15:32:47.058+0000] {subprocess.py:93} INFO - 2025-12-04 15:32:47,048 - __main__ - INFO - ✓ Consumer thread started
[2025-12-04T15:32:47.062+0000] {subprocess.py:93} INFO - 2025-12-04 15:32:47,048 - __main__ - INFO - 📧 Fetching recent emails...
[2025-12-04T15:32:47.105+0000] {subprocess.py:93} INFO - 2025-12-04 15:32:47,102 - kafka.conn - INFO - <BrokerConnection client_id=kafka-python-2.3.0, node_id=bootstrap-0 host=kafka:29092 <connecting> [IPv4 ('172.20.0.4', 29092)]>: connecting to kafka:29092 [('172.20.0.4', 29092) IPv4]
[2025-12-04T15:32:47.158+0000] {subprocess.py:93} INFO - 2025-12-04 15:32:47,156 - kafka.conn - INFO - <BrokerConnection client_id=kafka-python-2.3.0, node_id=bootstrap-0 host=kafka:29092 <checking_api_versions_recv> [IPv4 ('172.20.0.4', 29092)]>: Broker version identified as 2.6
[2025-12-04T15:32:47.171+0000] {subprocess.py:93} INFO - 2025-12-04 15:32:47,164 - kafka.conn - INFO - <BrokerConnection client_id=kafka-python-2.3.0, node_id=bootstrap-0 host=kafka:29092 <connected> [IPv4 ('172.20.0.4', 29092)]>: Connection complete.
[2025-12-04T15:32:47.200+0000] {subprocess.py:93} INFO - 2025-12-04 15:32:47,196 - kafka.consumer.subscription_state - INFO - Updating subscribed topics to: ('emails-topic',)
[2025-12-04T15:32:47.241+0000] {subprocess.py:93} INFO - 2025-12-04 15:32:47,241 - kafka.conn - INFO - <BrokerConnection client_id=kafka-python-2.3.0, node_id=1 host=kafka:29092 <connecting> [IPv4 ('172.20.0.4', 29092)]>: connecting to kafka:29092 [('172.20.0.4', 29092) IPv4]
[2025-12-04T15:32:47.251+0000] {subprocess.py:93} INFO - 2025-12-04 15:32:47,250 - kafka.conn - INFO - <BrokerConnection client_id=kafka-python-2.3.0, node_id=1 host=kafka:29092 <connected> [IPv4 ('172.20.0.4', 29092)]>: Connection complete.
[2025-12-04T15:32:47.256+0000] {subprocess.py:93} INFO - 2025-12-04 15:32:47,251 - kafka.conn - INFO - <BrokerConnection client_id=kafka-python-2.3.0, node_id=bootstrap-0 host=kafka:29092 <connected> [IPv4 ('172.20.0.4', 29092)]>: Closing connection.
[2025-12-04T15:32:47.361+0000] {subprocess.py:93} INFO - 2025-12-04 15:32:47,360 - kafka.cluster - INFO - Coordinator for group/unified-viewer is BrokerMetadata(nodeId='coordinator-1', host='kafka', port=29092, rack=None)
[2025-12-04T15:32:47.364+0000] {subprocess.py:93} INFO - 2025-12-04 15:32:47,361 - kafka.coordinator - INFO - Discovered coordinator coordinator-1 for group unified-viewer
[2025-12-04T15:32:47.366+0000] {subprocess.py:93} INFO - 2025-12-04 15:32:47,361 - kafka.coordinator.heartbeat - INFO - Starting new heartbeat thread
[2025-12-04T15:32:47.371+0000] {subprocess.py:93} INFO - 2025-12-04 15:32:47,365 - kafka.coordinator.consumer - INFO - Revoking previously assigned partitions set() for group unified-viewer
[2025-12-04T15:32:47.373+0000] {subprocess.py:93} INFO - 2025-12-04 15:32:47,365 - kafka.coordinator - INFO - Failed to join group unified-viewer: NodeNotReadyError: coordinator-1
[2025-12-04T15:32:47.375+0000] {subprocess.py:93} INFO - 2025-12-04 15:32:47,368 - kafka.conn - INFO - <BrokerConnection client_id=kafka-python-2.3.0, node_id=coordinator-1 host=kafka:29092 <connecting> [IPv4 ('172.20.0.4', 29092)]>: connecting to kafka:29092 [('172.20.0.4', 29092) IPv4]
[2025-12-04T15:32:47.376+0000] {subprocess.py:93} INFO - 2025-12-04 15:32:47,369 - kafka.conn - INFO - <BrokerConnection client_id=kafka-python-2.3.0, node_id=coordinator-1 host=kafka:29092 <connected> [IPv4 ('172.20.0.4', 29092)]>: Connection complete.
[2025-12-04T15:32:47.470+0000] {subprocess.py:93} INFO - 2025-12-04 15:32:47,470 - kafka.coordinator - INFO - (Re-)joining group unified-viewer
[2025-12-04T15:32:47.473+0000] {subprocess.py:93} INFO - 2025-12-04 15:32:47,473 - kafka.coordinator - INFO - Received member id kafka-python-2.3.0-e91b6402-d6d2-4d8d-8a5d-e42b23f5bce6 for group unified-viewer; will retry join-group
[2025-12-04T15:32:47.474+0000] {subprocess.py:93} INFO - 2025-12-04 15:32:47,473 - kafka.coordinator - INFO - Failed to join group unified-viewer: [Error 79] MemberIdRequiredError
[2025-12-04T15:32:47.475+0000] {subprocess.py:93} INFO - 2025-12-04 15:32:47,473 - kafka.coordinator - INFO - (Re-)joining group unified-viewer
[2025-12-04T15:32:48.157+0000] {subprocess.py:93} INFO - 2025-12-04 15:32:48,156 - __main__ - INFO - Found 10 emails in last 24 hours
[2025-12-04T15:32:49.354+0000] {subprocess.py:93} INFO - 2025-12-04 15:32:49,354 - kafka.coordinator - INFO - Successfully joined group unified-viewer <Generation 5 (member_id: kafka-python-2.3.0-e91b6402-d6d2-4d8d-8a5d-e42b23f5bce6, protocol: range)>
[2025-12-04T15:32:49.385+0000] {subprocess.py:93} INFO - 2025-12-04 15:32:49,383 - kafka.consumer.subscription_state - INFO - Updated partition assignment: []
[2025-12-04T15:32:49.389+0000] {subprocess.py:93} INFO - 2025-12-04 15:32:49,386 - kafka.coordinator.consumer - INFO - Setting newly assigned partitions set() for group unified-viewer
[2025-12-04T15:32:50.809+0000] {subprocess.py:93} INFO - 2025-12-04 15:32:50,808 - kafka.conn - INFO - <BrokerConnection client_id=kafka-python-producer-1, node_id=1 host=kafka:29092 <connecting> [IPv4 ('172.20.0.4', 29092)]>: connecting to kafka:29092 [('172.20.0.4', 29092) IPv4]
[2025-12-04T15:32:50.812+0000] {subprocess.py:93} INFO - 2025-12-04 15:32:50,809 - kafka.conn - INFO - <BrokerConnection client_id=kafka-python-producer-1, node_id=1 host=kafka:29092 <connected> [IPv4 ('172.20.0.4', 29092)]>: Connection complete.
[2025-12-04T15:32:50.814+0000] {subprocess.py:93} INFO - 2025-12-04 15:32:50,809 - kafka.conn - INFO - <BrokerConnection client_id=kafka-python-producer-1, node_id=bootstrap-0 host=kafka:29092 <connected> [IPv4 ('172.20.0.4', 29092)]>: Closing connection.
[2025-12-04T15:32:50.835+0000] {subprocess.py:93} INFO - 2025-12-04 15:32:50,834 - __main__ - INFO - ✓ Email sent to Kafka - Offset: 30
[2025-12-04T15:32:51.019+0000] {subprocess.py:93} INFO - 2025-12-04 15:32:51,019 - __main__ - INFO - ✓ Email sent to Kafka - Offset: 31
[2025-12-04T15:32:51.032+0000] {subprocess.py:93} INFO - 2025-12-04 15:32:51,031 - __main__ - INFO - ✓ Email sent to Kafka - Offset: 32
[2025-12-04T15:32:51.052+0000] {subprocess.py:93} INFO - 2025-12-04 15:32:51,052 - __main__ - INFO - ✓ Email sent to Kafka - Offset: 36
[2025-12-04T15:32:51.062+0000] {subprocess.py:93} INFO - 2025-12-04 15:32:51,062 - __main__ - INFO - ✓ Email sent to Kafka - Offset: 37
[2025-12-04T15:32:51.077+0000] {subprocess.py:93} INFO - 2025-12-04 15:32:51,077 - __main__ - INFO - ✓ Email sent to Kafka - Offset: 39
[2025-12-04T15:32:51.103+0000] {subprocess.py:93} INFO - 2025-12-04 15:32:51,100 - __main__ - INFO - ✓ Email sent to Kafka - Offset: 41
[2025-12-04T15:32:51.116+0000] {subprocess.py:93} INFO - 2025-12-04 15:32:51,114 - __main__ - INFO - ✓ Email sent to Kafka - Offset: 43
[2025-12-04T15:32:51.122+0000] {subprocess.py:93} INFO - 2025-12-04 15:32:51,121 - __main__ - INFO - ✓ Email sent to Kafka - Offset: 45
[2025-12-04T15:32:51.147+0000] {subprocess.py:93} INFO - 2025-12-04 15:32:51,147 - __main__ - INFO - ✓ Email sent to Kafka - Offset: 46
[2025-12-04T15:32:51.149+0000] {subprocess.py:93} INFO - 2025-12-04 15:32:51,148 - __main__ - INFO - ✅ Successfully sent 10 emails to Kafka
[2025-12-04T15:34:25.562+0000] {subprocess.py:93} INFO - 2025-12-04 15:34:25,561 - kafka.coordinator.heartbeat - WARNING - Heartbeat failed for group unified-viewer because it is rebalancing
[2025-12-04T15:34:25.563+0000] {subprocess.py:93} INFO - 2025-12-04 15:34:25,562 - kafka.coordinator.consumer - INFO - Revoking previously assigned partitions set() for group unified-viewer
[2025-12-04T15:34:25.564+0000] {subprocess.py:93} INFO - 2025-12-04 15:34:25,562 - kafka.coordinator - INFO - (Re-)joining group unified-viewer
[2025-12-04T15:34:25.742+0000] {subprocess.py:93} INFO - 2025-12-04 15:34:25,742 - kafka.coordinator - INFO - Successfully joined group unified-viewer <Generation 6 (member_id: kafka-python-2.3.0-e91b6402-d6d2-4d8d-8a5d-e42b23f5bce6, protocol: range)>
[2025-12-04T15:34:25.758+0000] {subprocess.py:93} INFO - 2025-12-04 15:34:25,758 - kafka.consumer.subscription_state - INFO - Updated partition assignment: []
[2025-12-04T15:34:25.764+0000] {subprocess.py:93} INFO - 2025-12-04 15:34:25,758 - kafka.coordinator.consumer - INFO - Setting newly assigned partitions set() for group unified-viewer
[2025-12-04T15:36:38.196+0000] {subprocess.py:93} INFO - 2025-12-04 15:36:38,182 - kafka.coordinator.heartbeat - WARNING - Heartbeat failed for group unified-viewer because it is rebalancing
[2025-12-04T15:36:38.216+0000] {subprocess.py:93} INFO - 2025-12-04 15:36:38,189 - kafka.coordinator.consumer - INFO - Revoking previously assigned partitions set() for group unified-viewer
[2025-12-04T15:36:38.216+0000] {subprocess.py:93} INFO - 2025-12-04 15:36:38,189 - kafka.coordinator - INFO - (Re-)joining group unified-viewer
[2025-12-04T15:36:38.413+0000] {subprocess.py:93} INFO - 2025-12-04 15:36:38,413 - kafka.coordinator - INFO - Successfully joined group unified-viewer <Generation 7 (member_id: kafka-python-2.3.0-e91b6402-d6d2-4d8d-8a5d-e42b23f5bce6, protocol: range)>
[2025-12-04T15:36:38.443+0000] {subprocess.py:93} INFO - 2025-12-04 15:36:38,440 - kafka.consumer.subscription_state - INFO - Updated partition assignment: []
[2025-12-04T15:36:38.451+0000] {subprocess.py:93} INFO - 2025-12-04 15:36:38,441 - kafka.coordinator.consumer - INFO - Setting newly assigned partitions set() for group unified-viewer
[2025-12-04T15:38:08.886+0000] {subprocess.py:93} INFO - 2025-12-04 15:38:08,877 - kafka.coordinator.heartbeat - WARNING - Heartbeat failed for group unified-viewer because it is rebalancing
[2025-12-04T15:38:08.903+0000] {subprocess.py:93} INFO - 2025-12-04 15:38:08,884 - kafka.coordinator.consumer - INFO - Revoking previously assigned partitions set() for group unified-viewer
[2025-12-04T15:38:08.914+0000] {subprocess.py:93} INFO - 2025-12-04 15:38:08,885 - kafka.coordinator - INFO - (Re-)joining group unified-viewer
[2025-12-04T15:38:08.963+0000] {subprocess.py:93} INFO - 2025-12-04 15:38:08,962 - kafka.coordinator - INFO - Successfully joined group unified-viewer <Generation 8 (member_id: kafka-python-2.3.0-e91b6402-d6d2-4d8d-8a5d-e42b23f5bce6, protocol: range)>
[2025-12-04T15:38:08.982+0000] {subprocess.py:93} INFO - 2025-12-04 15:38:08,982 - kafka.consumer.subscription_state - INFO - Updated partition assignment: []
[2025-12-04T15:38:08.989+0000] {subprocess.py:93} INFO - 2025-12-04 15:38:08,985 - kafka.coordinator.consumer - INFO - Setting newly assigned partitions set() for group unified-viewer
[2025-12-04T15:46:40.463+0000] {subprocess.py:93} INFO - 2025-12-04 15:46:40,404 - kafka.coordinator.heartbeat - WARNING - Heartbeat session expired, marking coordinator dead
[2025-12-04T15:46:40.506+0000] {subprocess.py:93} INFO - 2025-12-04 15:46:40,414 - kafka.coordinator - WARNING - Marking the coordinator dead (node coordinator-1) for group unified-viewer: Heartbeat session expired.
[2025-12-04T15:46:40.508+0000] {subprocess.py:93} INFO - 2025-12-04 15:46:40,441 - kafka.cluster - INFO - Coordinator for group/unified-viewer is BrokerMetadata(nodeId='coordinator-1', host='kafka', port=29092, rack=None)
[2025-12-04T15:46:40.509+0000] {subprocess.py:93} INFO - 2025-12-04 15:46:40,446 - kafka.coordinator - INFO - Discovered coordinator coordinator-1 for group unified-viewer
[2025-12-04T15:46:55.465+0000] {subprocess.py:93} INFO - 2025-12-04 15:46:55,463 - kafka.coordinator.heartbeat - WARNING - Heartbeat failed for group unified-viewer because it is rebalancing
[2025-12-04T15:46:55.466+0000] {subprocess.py:93} INFO - 2025-12-04 15:46:55,465 - kafka.coordinator.consumer - INFO - Revoking previously assigned partitions set() for group unified-viewer
[2025-12-04T15:46:55.467+0000] {subprocess.py:93} INFO - 2025-12-04 15:46:55,465 - kafka.coordinator - INFO - (Re-)joining group unified-viewer
[2025-12-04T15:46:58.505+0000] {subprocess.py:93} INFO - 2025-12-04 15:46:58,503 - kafka.coordinator - INFO - Successfully joined group unified-viewer <Generation 9 (member_id: kafka-python-2.3.0-e91b6402-d6d2-4d8d-8a5d-e42b23f5bce6, protocol: range)>
[2025-12-04T15:46:58.547+0000] {subprocess.py:93} INFO - 2025-12-04 15:46:58,545 - kafka.consumer.subscription_state - INFO - Updated partition assignment: []
[2025-12-04T15:46:58.550+0000] {subprocess.py:93} INFO - 2025-12-04 15:46:58,546 - kafka.coordinator.consumer - INFO - Setting newly assigned partitions set() for group unified-viewer
[2025-12-04T15:49:10.753+0000] {subprocess.py:93} INFO - 2025-12-04 15:49:10,749 - kafka.coordinator.heartbeat - WARNING - Heartbeat failed for group unified-viewer because it is rebalancing
[2025-12-04T15:49:10.757+0000] {subprocess.py:93} INFO - 2025-12-04 15:49:10,750 - kafka.coordinator.consumer - INFO - Revoking previously assigned partitions set() for group unified-viewer
[2025-12-04T15:49:10.767+0000] {subprocess.py:93} INFO - 2025-12-04 15:49:10,750 - kafka.coordinator - INFO - (Re-)joining group unified-viewer
[2025-12-04T15:49:11.054+0000] {subprocess.py:93} INFO - 2025-12-04 15:49:11,053 - kafka.coordinator - INFO - Successfully joined group unified-viewer <Generation 10 (member_id: kafka-python-2.3.0-e91b6402-d6d2-4d8d-8a5d-e42b23f5bce6, protocol: range)>
[2025-12-04T15:49:11.070+0000] {subprocess.py:93} INFO - 2025-12-04 15:49:11,069 - kafka.consumer.subscription_state - INFO - Updated partition assignment: []
[2025-12-04T15:49:11.074+0000] {subprocess.py:93} INFO - 2025-12-04 15:49:11,069 - kafka.coordinator.consumer - INFO - Setting newly assigned partitions set() for group unified-viewer
[2025-12-04T15:50:38.489+0000] {subprocess.py:93} INFO - 2025-12-04 15:50:38,488 - kafka.coordinator.heartbeat - WARNING - Heartbeat failed for group unified-viewer because it is rebalancing
[2025-12-04T15:50:38.494+0000] {subprocess.py:93} INFO - 2025-12-04 15:50:38,489 - kafka.coordinator.consumer - INFO - Revoking previously assigned partitions set() for group unified-viewer
[2025-12-04T15:50:38.495+0000] {subprocess.py:93} INFO - 2025-12-04 15:50:38,489 - kafka.coordinator - INFO - (Re-)joining group unified-viewer
[2025-12-04T15:50:38.622+0000] {subprocess.py:93} INFO - 2025-12-04 15:50:38,619 - kafka.coordinator - INFO - Successfully joined group unified-viewer <Generation 11 (member_id: kafka-python-2.3.0-e91b6402-d6d2-4d8d-8a5d-e42b23f5bce6, protocol: range)>
[2025-12-04T15:50:38.634+0000] {subprocess.py:93} INFO - 2025-12-04 15:50:38,633 - kafka.consumer.subscription_state - INFO - Updated partition assignment: []
[2025-12-04T15:50:38.637+0000] {subprocess.py:93} INFO - 2025-12-04 15:50:38,636 - kafka.coordinator.consumer - INFO - Setting newly assigned partitions set() for group unified-viewer
