[2025-12-05T08:11:09.889+0000] {taskinstance.py:1956} INFO - Dependencies all met for dep_context=non-requeueable deps ti=<TaskInstance: email_pipeline_dag.kafka_producer manual__2025-12-04T15:20:04+00:00 [queued]>
[2025-12-05T08:11:09.963+0000] {taskinstance.py:1956} INFO - Dependencies all met for dep_context=requeueable deps ti=<TaskInstance: email_pipeline_dag.kafka_producer manual__2025-12-04T15:20:04+00:00 [queued]>
[2025-12-05T08:11:09.966+0000] {taskinstance.py:2170} INFO - Starting attempt 3 of 2
[2025-12-05T08:11:10.246+0000] {taskinstance.py:2191} INFO - Executing <Task(BashOperator): kafka_producer> on 2025-12-04 15:20:04+00:00
[2025-12-05T08:11:10.501+0000] {standard_task_runner.py:60} INFO - Started process 199 to run task
[2025-12-05T08:11:10.563+0000] {standard_task_runner.py:87} INFO - Running: ['***', 'tasks', 'run', 'email_pipeline_dag', 'kafka_producer', 'manual__2025-12-04T15:20:04+00:00', '--job-id', '128', '--raw', '--subdir', 'DAGS_FOLDER/email_pipeline_dag.py', '--cfg-path', '/tmp/tmp21vz5gj_']
[2025-12-05T08:11:10.666+0000] {standard_task_runner.py:88} INFO - Job 128: Subtask kafka_producer
[2025-12-05T08:11:11.232+0000] {task_command.py:423} INFO - Running <TaskInstance: email_pipeline_dag.kafka_producer manual__2025-12-04T15:20:04+00:00 [running]> on host 17d26709f247
[2025-12-05T08:11:12.670+0000] {taskinstance.py:2480} INFO - Exporting env vars: AIRFLOW_CTX_DAG_OWNER='***' AIRFLOW_CTX_DAG_ID='email_pipeline_dag' AIRFLOW_CTX_TASK_ID='kafka_producer' AIRFLOW_CTX_EXECUTION_DATE='2025-12-04T15:20:04+00:00' AIRFLOW_CTX_TRY_NUMBER='3' AIRFLOW_CTX_DAG_RUN_ID='manual__2025-12-04T15:20:04+00:00'
[2025-12-05T08:11:12.712+0000] {subprocess.py:63} INFO - Tmp dir root location: /tmp
[2025-12-05T08:11:12.737+0000] {subprocess.py:75} INFO - Running command: ['/usr/bin/bash', '-c', 'python /opt/***/kafka/Producer/email_producer.py']
[2025-12-05T08:11:12.823+0000] {subprocess.py:86} INFO - Output:
[2025-12-05T08:11:18.236+0000] {subprocess.py:93} INFO - 2025-12-05 08:11:18,204 - __main__ - INFO - 🚀 Starting Producer + Consumer...
[2025-12-05T08:11:18.274+0000] {subprocess.py:93} INFO - 2025-12-05 08:11:18,224 - __main__ - INFO - 🔐 Authenticating with Gmail API...
[2025-12-05T08:11:18.997+0000] {subprocess.py:93} INFO - 2025-12-05 08:11:18,995 - googleapiclient.discovery_cache - INFO - file_cache is only supported with oauth2client<4.0.0
[2025-12-05T08:11:19.055+0000] {subprocess.py:93} INFO - 2025-12-05 08:11:19,055 - __main__ - INFO - 📨 Connecting to Kafka...
[2025-12-05T08:11:22.832+0000] {subprocess.py:93} INFO - 2025-12-05 08:11:22,830 - kafka.conn - WARNING - DNS lookup failed for kafka:29092, exception was [Errno -2] Name or service not known. Is your advertised.listeners (called advertised.host.name before Kafka 9) correct and resolvable?
[2025-12-05T08:11:22.838+0000] {subprocess.py:93} INFO - 2025-12-05 08:11:22,831 - kafka.conn - ERROR - <BrokerConnection client_id=kafka-python-producer-1, node_id=bootstrap-0 host=kafka:29092 <connecting> [unspecified None]>: DNS lookup failed for kafka:29092 (AddressFamily.AF_UNSPEC)
[2025-12-05T08:11:22.840+0000] {subprocess.py:93} INFO - 2025-12-05 08:11:22,832 - kafka.conn - ERROR - <BrokerConnection client_id=kafka-python-producer-1, node_id=bootstrap-0 host=kafka:29092 <connecting> [unspecified None]>: Closing connection. KafkaConnectionError: DNS failure
[2025-12-05T08:11:22.872+0000] {subprocess.py:93} INFO - 2025-12-05 08:11:22,832 - __main__ - ERROR - ❌ Error: NoBrokersAvailable
[2025-12-05T08:11:22.885+0000] {subprocess.py:93} INFO - Traceback (most recent call last):
[2025-12-05T08:11:22.889+0000] {subprocess.py:93} INFO -   File "/opt/***/kafka/Producer/email_producer.py", line 235, in main
[2025-12-05T08:11:22.892+0000] {subprocess.py:93} INFO -     producer = KafkaProducer(
[2025-12-05T08:11:22.894+0000] {subprocess.py:93} INFO -   File "/home/***/.local/lib/python3.8/site-packages/kafka/producer/kafka.py", line 485, in __init__
[2025-12-05T08:11:22.915+0000] {subprocess.py:93} INFO -     client = self.config['kafka_client'](
[2025-12-05T08:11:22.930+0000] {subprocess.py:93} INFO -   File "/home/***/.local/lib/python3.8/site-packages/kafka/client_async.py", line 262, in __init__
[2025-12-05T08:11:22.948+0000] {subprocess.py:93} INFO -     self.config['api_version'] = self.check_version()
[2025-12-05T08:11:22.951+0000] {subprocess.py:93} INFO -   File "/home/***/.local/lib/python3.8/site-packages/kafka/client_async.py", line 1076, in check_version
[2025-12-05T08:11:22.955+0000] {subprocess.py:93} INFO -     raise Errors.NoBrokersAvailable()
[2025-12-05T08:11:22.966+0000] {subprocess.py:93} INFO - kafka.errors.NoBrokersAvailable: NoBrokersAvailable
[2025-12-05T08:11:22.971+0000] {subprocess.py:93} INFO - Traceback (most recent call last):
[2025-12-05T08:11:22.973+0000] {subprocess.py:93} INFO -   File "/opt/***/kafka/Producer/email_producer.py", line 273, in <module>
[2025-12-05T08:11:22.974+0000] {subprocess.py:93} INFO -     main()
[2025-12-05T08:11:22.976+0000] {subprocess.py:93} INFO -   File "/opt/***/kafka/Producer/email_producer.py", line 235, in main
[2025-12-05T08:11:22.984+0000] {subprocess.py:93} INFO -     producer = KafkaProducer(
[2025-12-05T08:11:22.986+0000] {subprocess.py:93} INFO -   File "/home/***/.local/lib/python3.8/site-packages/kafka/producer/kafka.py", line 485, in __init__
[2025-12-05T08:11:22.989+0000] {subprocess.py:93} INFO -     client = self.config['kafka_client'](
[2025-12-05T08:11:22.990+0000] {subprocess.py:93} INFO -   File "/home/***/.local/lib/python3.8/site-packages/kafka/client_async.py", line 262, in __init__
[2025-12-05T08:11:22.992+0000] {subprocess.py:93} INFO -     self.config['api_version'] = self.check_version()
[2025-12-05T08:11:22.994+0000] {subprocess.py:93} INFO -   File "/home/***/.local/lib/python3.8/site-packages/kafka/client_async.py", line 1076, in check_version
[2025-12-05T08:11:22.999+0000] {subprocess.py:93} INFO -     raise Errors.NoBrokersAvailable()
[2025-12-05T08:11:23.000+0000] {subprocess.py:93} INFO - kafka.errors.NoBrokersAvailable: NoBrokersAvailable
[2025-12-05T08:11:23.405+0000] {subprocess.py:97} INFO - Command exited with return code 1
[2025-12-05T08:11:23.524+0000] {taskinstance.py:2698} ERROR - Task failed with exception
Traceback (most recent call last):
  File "/home/airflow/.local/lib/python3.8/site-packages/airflow/models/taskinstance.py", line 428, in _execute_task
    result = execute_callable(context=context, **execute_callable_kwargs)
  File "/home/airflow/.local/lib/python3.8/site-packages/airflow/operators/bash.py", line 212, in execute
    raise AirflowException(
airflow.exceptions.AirflowException: Bash command failed. The command returned a non-zero exit code 1.
[2025-12-05T08:11:23.545+0000] {taskinstance.py:1138} INFO - Marking task as FAILED. dag_id=email_pipeline_dag, task_id=kafka_producer, execution_date=20251204T152004, start_date=20251205T081109, end_date=20251205T081123
[2025-12-05T08:11:23.698+0000] {standard_task_runner.py:107} ERROR - Failed to execute job 128 for task kafka_producer (Bash command failed. The command returned a non-zero exit code 1.; 199)
[2025-12-05T08:11:23.735+0000] {local_task_job_runner.py:234} INFO - Task exited with return code 1
[2025-12-05T08:11:23.832+0000] {taskinstance.py:3280} INFO - 1 downstream tasks scheduled from follow-on schedule check
