[2025-12-04T14:58:56.779+0000] {taskinstance.py:1956} INFO - Dependencies all met for dep_context=non-requeueable deps ti=<TaskInstance: email_pipeline_dag.kafka_producer manual__2025-12-04T14:58:55.969161+00:00 [queued]>
[2025-12-04T14:58:56.786+0000] {taskinstance.py:1956} INFO - Dependencies all met for dep_context=requeueable deps ti=<TaskInstance: email_pipeline_dag.kafka_producer manual__2025-12-04T14:58:55.969161+00:00 [queued]>
[2025-12-04T14:58:56.787+0000] {taskinstance.py:2170} INFO - Starting attempt 1 of 2
[2025-12-04T14:58:56.801+0000] {taskinstance.py:2191} INFO - Executing <Task(BashOperator): kafka_producer> on 2025-12-04 14:58:55.969161+00:00
[2025-12-04T14:58:56.806+0000] {standard_task_runner.py:60} INFO - Started process 292 to run task
[2025-12-04T14:58:56.814+0000] {standard_task_runner.py:87} INFO - Running: ['***', 'tasks', 'run', 'email_pipeline_dag', 'kafka_producer', 'manual__2025-12-04T14:58:55.969161+00:00', '--job-id', '31', '--raw', '--subdir', 'DAGS_FOLDER/email_pipeline_dag.py', '--cfg-path', '/tmp/tmpdv_2ofoa']
[2025-12-04T14:58:56.817+0000] {standard_task_runner.py:88} INFO - Job 31: Subtask kafka_producer
[2025-12-04T14:58:56.924+0000] {task_command.py:423} INFO - Running <TaskInstance: email_pipeline_dag.kafka_producer manual__2025-12-04T14:58:55.969161+00:00 [running]> on host 9661cc5961a1
[2025-12-04T14:58:57.019+0000] {taskinstance.py:2480} INFO - Exporting env vars: AIRFLOW_CTX_DAG_OWNER='***' AIRFLOW_CTX_DAG_ID='email_pipeline_dag' AIRFLOW_CTX_TASK_ID='kafka_producer' AIRFLOW_CTX_EXECUTION_DATE='2025-12-04T14:58:55.969161+00:00' AIRFLOW_CTX_TRY_NUMBER='1' AIRFLOW_CTX_DAG_RUN_ID='manual__2025-12-04T14:58:55.969161+00:00'
[2025-12-04T14:58:57.021+0000] {subprocess.py:63} INFO - Tmp dir root location: /tmp
[2025-12-04T14:58:57.026+0000] {subprocess.py:75} INFO - Running command: ['/usr/bin/bash', '-c', 'python /opt/***/kafka/Producer/email_producer.py']
[2025-12-04T14:58:57.035+0000] {subprocess.py:86} INFO - Output:
[2025-12-04T14:58:57.639+0000] {subprocess.py:93} INFO - 2025-12-04 14:58:57,638 - __main__ - INFO - 🚀 Starting Producer + Consumer...
[2025-12-04T14:58:57.639+0000] {subprocess.py:93} INFO - 2025-12-04 14:58:57,639 - __main__ - INFO - 🔐 Authenticating with Gmail API...
[2025-12-04T14:58:57.648+0000] {subprocess.py:93} INFO - 2025-12-04 14:58:57,647 - googleapiclient.discovery_cache - INFO - file_cache is only supported with oauth2client<4.0.0
[2025-12-04T14:58:57.651+0000] {subprocess.py:93} INFO - 2025-12-04 14:58:57,650 - __main__ - INFO - 📨 Connecting to Kafka...
[2025-12-04T14:58:57.652+0000] {subprocess.py:93} INFO - 2025-12-04 14:58:57,651 - kafka.conn - INFO - <BrokerConnection client_id=kafka-python-producer-1, node_id=bootstrap-0 host=kafka:29092 <connecting> [IPv4 ('172.20.0.4', 29092)]>: connecting to kafka:29092 [('172.20.0.4', 29092) IPv4]
[2025-12-04T14:58:57.663+0000] {subprocess.py:93} INFO - 2025-12-04 14:58:57,662 - kafka.conn - INFO - <BrokerConnection client_id=kafka-python-producer-1, node_id=bootstrap-0 host=kafka:29092 <checking_api_versions_recv> [IPv4 ('172.20.0.4', 29092)]>: Broker version identified as 2.6
[2025-12-04T14:58:57.664+0000] {subprocess.py:93} INFO - 2025-12-04 14:58:57,662 - kafka.conn - INFO - <BrokerConnection client_id=kafka-python-producer-1, node_id=bootstrap-0 host=kafka:29092 <connected> [IPv4 ('172.20.0.4', 29092)]>: Connection complete.
[2025-12-04T14:58:57.665+0000] {subprocess.py:93} INFO - 2025-12-04 14:58:57,664 - __main__ - INFO - 🎬 Démarrage du visualiseur temps réel...
[2025-12-04T14:58:57.666+0000] {subprocess.py:93} INFO - 2025-12-04 14:58:57,665 - __main__ - INFO - ✓ Consumer thread started
[2025-12-04T14:58:57.667+0000] {subprocess.py:93} INFO - 2025-12-04 14:58:57,665 - __main__ - INFO - 📧 Fetching recent emails...
[2025-12-04T14:58:57.669+0000] {subprocess.py:93} INFO - 2025-12-04 14:58:57,668 - kafka.conn - INFO - <BrokerConnection client_id=kafka-python-2.3.0, node_id=bootstrap-0 host=kafka:29092 <connecting> [IPv4 ('172.20.0.4', 29092)]>: connecting to kafka:29092 [('172.20.0.4', 29092) IPv4]
[2025-12-04T14:58:57.673+0000] {subprocess.py:93} INFO - 2025-12-04 14:58:57,673 - kafka.conn - INFO - <BrokerConnection client_id=kafka-python-2.3.0, node_id=bootstrap-0 host=kafka:29092 <checking_api_versions_recv> [IPv4 ('172.20.0.4', 29092)]>: Broker version identified as 2.6
[2025-12-04T14:58:57.674+0000] {subprocess.py:93} INFO - 2025-12-04 14:58:57,673 - kafka.conn - INFO - <BrokerConnection client_id=kafka-python-2.3.0, node_id=bootstrap-0 host=kafka:29092 <connected> [IPv4 ('172.20.0.4', 29092)]>: Connection complete.
[2025-12-04T14:58:57.675+0000] {subprocess.py:93} INFO - 2025-12-04 14:58:57,674 - kafka.consumer.subscription_state - INFO - Updating subscribed topics to: ('emails-topic',)
[2025-12-04T14:58:57.681+0000] {subprocess.py:93} INFO - 2025-12-04 14:58:57,681 - kafka.conn - INFO - <BrokerConnection client_id=kafka-python-2.3.0, node_id=1 host=kafka:29092 <connecting> [IPv4 ('172.20.0.4', 29092)]>: connecting to kafka:29092 [('172.20.0.4', 29092) IPv4]
[2025-12-04T14:58:57.682+0000] {subprocess.py:93} INFO - 2025-12-04 14:58:57,681 - kafka.conn - INFO - <BrokerConnection client_id=kafka-python-2.3.0, node_id=1 host=kafka:29092 <connected> [IPv4 ('172.20.0.4', 29092)]>: Connection complete.
[2025-12-04T14:58:57.684+0000] {subprocess.py:93} INFO - 2025-12-04 14:58:57,681 - kafka.conn - INFO - <BrokerConnection client_id=kafka-python-2.3.0, node_id=bootstrap-0 host=kafka:29092 <connected> [IPv4 ('172.20.0.4', 29092)]>: Closing connection.
[2025-12-04T14:58:57.790+0000] {subprocess.py:93} INFO - 2025-12-04 14:58:57,789 - kafka.cluster - INFO - Coordinator for group/unified-viewer is BrokerMetadata(nodeId='coordinator-1', host='kafka', port=29092, rack=None)
[2025-12-04T14:58:57.791+0000] {subprocess.py:93} INFO - 2025-12-04 14:58:57,790 - kafka.coordinator - INFO - Discovered coordinator coordinator-1 for group unified-viewer
[2025-12-04T14:58:57.792+0000] {subprocess.py:93} INFO - 2025-12-04 14:58:57,790 - kafka.coordinator.heartbeat - INFO - Starting new heartbeat thread
[2025-12-04T14:58:57.794+0000] {subprocess.py:93} INFO - 2025-12-04 14:58:57,791 - kafka.coordinator.consumer - INFO - Revoking previously assigned partitions set() for group unified-viewer
[2025-12-04T14:58:57.795+0000] {subprocess.py:93} INFO - 2025-12-04 14:58:57,791 - kafka.coordinator - INFO - Failed to join group unified-viewer: NodeNotReadyError: coordinator-1
[2025-12-04T14:58:57.796+0000] {subprocess.py:93} INFO - 2025-12-04 14:58:57,793 - kafka.conn - INFO - <BrokerConnection client_id=kafka-python-2.3.0, node_id=coordinator-1 host=kafka:29092 <connecting> [IPv4 ('172.20.0.4', 29092)]>: connecting to kafka:29092 [('172.20.0.4', 29092) IPv4]
[2025-12-04T14:58:57.797+0000] {subprocess.py:93} INFO - 2025-12-04 14:58:57,793 - kafka.conn - INFO - <BrokerConnection client_id=kafka-python-2.3.0, node_id=coordinator-1 host=kafka:29092 <connected> [IPv4 ('172.20.0.4', 29092)]>: Connection complete.
[2025-12-04T14:58:57.895+0000] {subprocess.py:93} INFO - 2025-12-04 14:58:57,894 - kafka.coordinator - INFO - (Re-)joining group unified-viewer
[2025-12-04T14:58:57.911+0000] {subprocess.py:93} INFO - 2025-12-04 14:58:57,911 - kafka.coordinator - INFO - Received member id kafka-python-2.3.0-d59cd49a-fa77-4af2-9d37-0c326c130d3e for group unified-viewer; will retry join-group
[2025-12-04T14:58:57.912+0000] {subprocess.py:93} INFO - 2025-12-04 14:58:57,911 - kafka.coordinator - INFO - Failed to join group unified-viewer: [Error 79] MemberIdRequiredError
[2025-12-04T14:58:57.913+0000] {subprocess.py:93} INFO - 2025-12-04 14:58:57,911 - kafka.coordinator - INFO - (Re-)joining group unified-viewer
[2025-12-04T14:58:58.068+0000] {subprocess.py:93} INFO - 2025-12-04 14:58:58,068 - kafka.coordinator - INFO - Successfully joined group unified-viewer <Generation 5 (member_id: kafka-python-2.3.0-d59cd49a-fa77-4af2-9d37-0c326c130d3e, protocol: range)>
[2025-12-04T14:58:58.077+0000] {subprocess.py:93} INFO - 2025-12-04 14:58:58,077 - kafka.consumer.subscription_state - INFO - Updated partition assignment: []
[2025-12-04T14:58:58.078+0000] {subprocess.py:93} INFO - 2025-12-04 14:58:58,077 - kafka.coordinator.consumer - INFO - Setting newly assigned partitions set() for group unified-viewer
[2025-12-04T14:58:58.082+0000] {subprocess.py:93} INFO - 2025-12-04 14:58:58,082 - __main__ - INFO - Found 10 emails in last 24 hours
[2025-12-04T14:59:00.858+0000] {subprocess.py:93} INFO - 2025-12-04 14:59:00,858 - kafka.conn - INFO - <BrokerConnection client_id=kafka-python-producer-1, node_id=1 host=kafka:29092 <connecting> [IPv4 ('172.20.0.4', 29092)]>: connecting to kafka:29092 [('172.20.0.4', 29092) IPv4]
[2025-12-04T14:59:00.864+0000] {subprocess.py:93} INFO - 2025-12-04 14:59:00,864 - kafka.conn - INFO - <BrokerConnection client_id=kafka-python-producer-1, node_id=1 host=kafka:29092 <connected> [IPv4 ('172.20.0.4', 29092)]>: Connection complete.
[2025-12-04T14:59:00.868+0000] {subprocess.py:93} INFO - 2025-12-04 14:59:00,864 - kafka.conn - INFO - <BrokerConnection client_id=kafka-python-producer-1, node_id=bootstrap-0 host=kafka:29092 <connected> [IPv4 ('172.20.0.4', 29092)]>: Closing connection.
[2025-12-04T14:59:00.871+0000] {subprocess.py:93} INFO - 2025-12-04 14:59:00,871 - __main__ - INFO - ✓ Email sent to Kafka - Offset: 20
[2025-12-04T14:59:00.877+0000] {subprocess.py:93} INFO - 2025-12-04 14:59:00,876 - __main__ - INFO - ✓ Email sent to Kafka - Offset: 21
[2025-12-04T14:59:00.890+0000] {subprocess.py:93} INFO - 2025-12-04 14:59:00,890 - __main__ - INFO - ✓ Email sent to Kafka - Offset: 22
[2025-12-04T14:59:00.896+0000] {subprocess.py:93} INFO - 2025-12-04 14:59:00,896 - __main__ - INFO - ✓ Email sent to Kafka - Offset: 23
[2025-12-04T14:59:00.901+0000] {subprocess.py:93} INFO - 2025-12-04 14:59:00,901 - __main__ - INFO - ✓ Email sent to Kafka - Offset: 24
[2025-12-04T14:59:00.910+0000] {subprocess.py:93} INFO - 2025-12-04 14:59:00,909 - __main__ - INFO - ✓ Email sent to Kafka - Offset: 25
[2025-12-04T14:59:00.916+0000] {subprocess.py:93} INFO - 2025-12-04 14:59:00,916 - __main__ - INFO - ✓ Email sent to Kafka - Offset: 26
[2025-12-04T14:59:00.952+0000] {subprocess.py:93} INFO - 2025-12-04 14:59:00,952 - __main__ - INFO - ✓ Email sent to Kafka - Offset: 27
[2025-12-04T14:59:00.956+0000] {subprocess.py:93} INFO - 2025-12-04 14:59:00,956 - __main__ - INFO - ✓ Email sent to Kafka - Offset: 28
[2025-12-04T14:59:00.959+0000] {subprocess.py:93} INFO - 2025-12-04 14:59:00,959 - __main__ - INFO - ✓ Email sent to Kafka - Offset: 29
[2025-12-04T14:59:00.960+0000] {subprocess.py:93} INFO - 2025-12-04 14:59:00,959 - __main__ - INFO - ✅ Successfully sent 10 emails to Kafka
[2025-12-04T14:59:04.186+0000] {subprocess.py:93} INFO - 2025-12-04 14:59:04,185 - kafka.coordinator.heartbeat - WARNING - Heartbeat failed for group unified-viewer because it is rebalancing
[2025-12-04T14:59:04.188+0000] {subprocess.py:93} INFO - 2025-12-04 14:59:04,186 - kafka.coordinator.consumer - INFO - Revoking previously assigned partitions set() for group unified-viewer
[2025-12-04T14:59:04.189+0000] {subprocess.py:93} INFO - 2025-12-04 14:59:04,186 - kafka.coordinator - INFO - (Re-)joining group unified-viewer
[2025-12-04T14:59:04.198+0000] {subprocess.py:93} INFO - 2025-12-04 14:59:04,198 - kafka.coordinator - INFO - Successfully joined group unified-viewer <Generation 6 (member_id: kafka-python-2.3.0-d59cd49a-fa77-4af2-9d37-0c326c130d3e, protocol: range)>
[2025-12-04T14:59:04.272+0000] {subprocess.py:93} INFO - 2025-12-04 14:59:04,272 - kafka.consumer.subscription_state - INFO - Updated partition assignment: []
[2025-12-04T14:59:04.272+0000] {subprocess.py:93} INFO - 2025-12-04 14:59:04,272 - kafka.coordinator.consumer - INFO - Setting newly assigned partitions set() for group unified-viewer
[2025-12-04T14:59:07.276+0000] {subprocess.py:93} INFO - 2025-12-04 14:59:07,276 - kafka.coordinator.heartbeat - WARNING - Heartbeat failed for group unified-viewer because it is rebalancing
[2025-12-04T14:59:07.280+0000] {subprocess.py:93} INFO - 2025-12-04 14:59:07,276 - kafka.coordinator.consumer - INFO - Revoking previously assigned partitions set() for group unified-viewer
[2025-12-04T14:59:07.288+0000] {subprocess.py:93} INFO - 2025-12-04 14:59:07,277 - kafka.coordinator - INFO - (Re-)joining group unified-viewer
[2025-12-04T14:59:07.296+0000] {subprocess.py:93} INFO - 2025-12-04 14:59:07,296 - kafka.coordinator - INFO - Successfully joined group unified-viewer <Generation 7 (member_id: kafka-python-2.3.0-d59cd49a-fa77-4af2-9d37-0c326c130d3e, protocol: range)>
[2025-12-04T14:59:07.304+0000] {subprocess.py:93} INFO - 2025-12-04 14:59:07,304 - kafka.consumer.subscription_state - INFO - Updated partition assignment: []
[2025-12-04T14:59:07.306+0000] {subprocess.py:93} INFO - 2025-12-04 14:59:07,304 - kafka.coordinator.consumer - INFO - Setting newly assigned partitions set() for group unified-viewer
[2025-12-04T14:59:43.444+0000] {subprocess.py:93} INFO - 2025-12-04 14:59:43,443 - kafka.coordinator.heartbeat - WARNING - Heartbeat failed for group unified-viewer because it is rebalancing
[2025-12-04T14:59:43.445+0000] {subprocess.py:93} INFO - 2025-12-04 14:59:43,443 - kafka.coordinator.consumer - INFO - Revoking previously assigned partitions set() for group unified-viewer
[2025-12-04T14:59:43.446+0000] {subprocess.py:93} INFO - 2025-12-04 14:59:43,443 - kafka.coordinator - INFO - (Re-)joining group unified-viewer
[2025-12-04T14:59:43.473+0000] {subprocess.py:93} INFO - 2025-12-04 14:59:43,472 - kafka.coordinator - INFO - Successfully joined group unified-viewer <Generation 8 (member_id: kafka-python-2.3.0-d59cd49a-fa77-4af2-9d37-0c326c130d3e, protocol: range)>
[2025-12-04T14:59:43.484+0000] {subprocess.py:93} INFO - 2025-12-04 14:59:43,483 - kafka.consumer.subscription_state - INFO - Updated partition assignment: []
[2025-12-04T14:59:43.485+0000] {subprocess.py:93} INFO - 2025-12-04 14:59:43,484 - kafka.coordinator.consumer - INFO - Setting newly assigned partitions set() for group unified-viewer
[2025-12-04T14:59:49.516+0000] {subprocess.py:93} INFO - 2025-12-04 14:59:49,507 - kafka.coordinator.heartbeat - WARNING - Heartbeat failed for group unified-viewer because it is rebalancing
[2025-12-04T14:59:49.531+0000] {subprocess.py:93} INFO - 2025-12-04 14:59:49,513 - kafka.coordinator.consumer - INFO - Revoking previously assigned partitions set() for group unified-viewer
[2025-12-04T14:59:49.535+0000] {subprocess.py:93} INFO - 2025-12-04 14:59:49,513 - kafka.coordinator - INFO - (Re-)joining group unified-viewer
[2025-12-04T14:59:49.538+0000] {subprocess.py:93} INFO - 2025-12-04 14:59:49,529 - kafka.coordinator - INFO - Successfully joined group unified-viewer <Generation 9 (member_id: kafka-python-2.3.0-d59cd49a-fa77-4af2-9d37-0c326c130d3e, protocol: range)>
[2025-12-04T14:59:49.541+0000] {subprocess.py:93} INFO - 2025-12-04 14:59:49,541 - kafka.consumer.subscription_state - INFO - Updated partition assignment: []
[2025-12-04T14:59:49.544+0000] {subprocess.py:93} INFO - 2025-12-04 14:59:49,541 - kafka.coordinator.consumer - INFO - Setting newly assigned partitions set() for group unified-viewer
[2025-12-04T15:01:25.865+0000] {subprocess.py:93} INFO - 2025-12-04 15:01:25,863 - kafka.coordinator.heartbeat - WARNING - Heartbeat failed for group unified-viewer because it is rebalancing
[2025-12-04T15:01:25.867+0000] {subprocess.py:93} INFO - 2025-12-04 15:01:25,864 - kafka.coordinator.consumer - INFO - Revoking previously assigned partitions set() for group unified-viewer
[2025-12-04T15:01:25.868+0000] {subprocess.py:93} INFO - 2025-12-04 15:01:25,865 - kafka.coordinator - INFO - (Re-)joining group unified-viewer
[2025-12-04T15:01:25.967+0000] {subprocess.py:93} INFO - 2025-12-04 15:01:25,966 - kafka.coordinator - INFO - Successfully joined group unified-viewer <Generation 10 (member_id: kafka-python-2.3.0-d59cd49a-fa77-4af2-9d37-0c326c130d3e, protocol: range)>
[2025-12-04T15:01:25.981+0000] {subprocess.py:93} INFO - 2025-12-04 15:01:25,980 - kafka.consumer.subscription_state - INFO - Updated partition assignment: []
[2025-12-04T15:01:25.983+0000] {subprocess.py:93} INFO - 2025-12-04 15:01:25,982 - kafka.coordinator.consumer - INFO - Setting newly assigned partitions set() for group unified-viewer
[2025-12-04T15:01:59.012+0000] {subprocess.py:93} INFO - 2025-12-04 15:01:59,011 - kafka.coordinator.heartbeat - WARNING - Heartbeat failed for group unified-viewer because it is rebalancing
[2025-12-04T15:01:59.014+0000] {subprocess.py:93} INFO - 2025-12-04 15:01:59,012 - kafka.coordinator.consumer - INFO - Revoking previously assigned partitions set() for group unified-viewer
[2025-12-04T15:01:59.015+0000] {subprocess.py:93} INFO - 2025-12-04 15:01:59,012 - kafka.coordinator - INFO - (Re-)joining group unified-viewer
[2025-12-04T15:01:59.123+0000] {subprocess.py:93} INFO - 2025-12-04 15:01:59,123 - kafka.coordinator - INFO - Successfully joined group unified-viewer <Generation 11 (member_id: kafka-python-2.3.0-d59cd49a-fa77-4af2-9d37-0c326c130d3e, protocol: range)>
[2025-12-04T15:01:59.133+0000] {subprocess.py:93} INFO - 2025-12-04 15:01:59,132 - kafka.consumer.subscription_state - INFO - Updated partition assignment: []
[2025-12-04T15:01:59.139+0000] {subprocess.py:93} INFO - 2025-12-04 15:01:59,133 - kafka.coordinator.consumer - INFO - Setting newly assigned partitions set() for group unified-viewer
[2025-12-04T15:02:20.237+0000] {subprocess.py:93} INFO - 2025-12-04 15:02:20,236 - kafka.coordinator.heartbeat - WARNING - Heartbeat failed for group unified-viewer because it is rebalancing
[2025-12-04T15:02:20.239+0000] {subprocess.py:93} INFO - 2025-12-04 15:02:20,237 - kafka.coordinator.consumer - INFO - Revoking previously assigned partitions set() for group unified-viewer
[2025-12-04T15:02:20.240+0000] {subprocess.py:93} INFO - 2025-12-04 15:02:20,237 - kafka.coordinator - INFO - (Re-)joining group unified-viewer
[2025-12-04T15:02:20.266+0000] {subprocess.py:93} INFO - 2025-12-04 15:02:20,266 - kafka.coordinator - INFO - Successfully joined group unified-viewer <Generation 12 (member_id: kafka-python-2.3.0-d59cd49a-fa77-4af2-9d37-0c326c130d3e, protocol: range)>
[2025-12-04T15:02:20.278+0000] {subprocess.py:93} INFO - 2025-12-04 15:02:20,277 - kafka.consumer.subscription_state - INFO - Updated partition assignment: []
[2025-12-04T15:02:20.280+0000] {subprocess.py:93} INFO - 2025-12-04 15:02:20,278 - kafka.coordinator.consumer - INFO - Setting newly assigned partitions set() for group unified-viewer
[2025-12-04T15:02:32.309+0000] {subprocess.py:93} INFO - 2025-12-04 15:02:32,309 - kafka.coordinator.heartbeat - WARNING - Heartbeat failed for group unified-viewer because it is rebalancing
[2025-12-04T15:02:32.311+0000] {subprocess.py:93} INFO - 2025-12-04 15:02:32,309 - kafka.coordinator.consumer - INFO - Revoking previously assigned partitions set() for group unified-viewer
[2025-12-04T15:02:32.312+0000] {subprocess.py:93} INFO - 2025-12-04 15:02:32,310 - kafka.coordinator - INFO - (Re-)joining group unified-viewer
[2025-12-04T15:02:32.360+0000] {subprocess.py:93} INFO - 2025-12-04 15:02:32,359 - kafka.coordinator - INFO - Successfully joined group unified-viewer <Generation 13 (member_id: kafka-python-2.3.0-d59cd49a-fa77-4af2-9d37-0c326c130d3e, protocol: range)>
[2025-12-04T15:02:32.375+0000] {subprocess.py:93} INFO - 2025-12-04 15:02:32,374 - kafka.consumer.subscription_state - INFO - Updated partition assignment: []
[2025-12-04T15:02:32.378+0000] {subprocess.py:93} INFO - 2025-12-04 15:02:32,374 - kafka.coordinator.consumer - INFO - Setting newly assigned partitions set() for group unified-viewer
[2025-12-04T15:05:37.347+0000] {subprocess.py:93} INFO - 2025-12-04 15:05:37,340 - kafka.coordinator.heartbeat - WARNING - Heartbeat failed for group unified-viewer because it is rebalancing
[2025-12-04T15:05:37.358+0000] {subprocess.py:93} INFO - 2025-12-04 15:05:37,343 - kafka.coordinator.consumer - INFO - Revoking previously assigned partitions set() for group unified-viewer
[2025-12-04T15:05:37.360+0000] {subprocess.py:93} INFO - 2025-12-04 15:05:37,343 - kafka.coordinator - INFO - (Re-)joining group unified-viewer
[2025-12-04T15:05:37.393+0000] {subprocess.py:93} INFO - 2025-12-04 15:05:37,391 - kafka.coordinator - INFO - Successfully joined group unified-viewer <Generation 14 (member_id: kafka-python-2.3.0-d59cd49a-fa77-4af2-9d37-0c326c130d3e, protocol: range)>
[2025-12-04T15:05:37.405+0000] {subprocess.py:93} INFO - 2025-12-04 15:05:37,405 - kafka.consumer.subscription_state - INFO - Updated partition assignment: []
[2025-12-04T15:05:37.408+0000] {subprocess.py:93} INFO - 2025-12-04 15:05:37,405 - kafka.coordinator.consumer - INFO - Setting newly assigned partitions set() for group unified-viewer
[2025-12-04T15:06:19.588+0000] {subprocess.py:93} INFO - 2025-12-04 15:06:19,587 - kafka.coordinator.heartbeat - WARNING - Heartbeat failed for group unified-viewer because it is rebalancing
[2025-12-04T15:06:19.589+0000] {subprocess.py:93} INFO - 2025-12-04 15:06:19,588 - kafka.coordinator.consumer - INFO - Revoking previously assigned partitions set() for group unified-viewer
[2025-12-04T15:06:19.590+0000] {subprocess.py:93} INFO - 2025-12-04 15:06:19,588 - kafka.coordinator - INFO - (Re-)joining group unified-viewer
[2025-12-04T15:06:19.651+0000] {subprocess.py:93} INFO - 2025-12-04 15:06:19,649 - kafka.coordinator - INFO - Successfully joined group unified-viewer <Generation 15 (member_id: kafka-python-2.3.0-d59cd49a-fa77-4af2-9d37-0c326c130d3e, protocol: range)>
[2025-12-04T15:06:19.666+0000] {subprocess.py:93} INFO - 2025-12-04 15:06:19,666 - kafka.consumer.subscription_state - INFO - Updated partition assignment: []
[2025-12-04T15:06:19.670+0000] {subprocess.py:93} INFO - 2025-12-04 15:06:19,666 - kafka.coordinator.consumer - INFO - Setting newly assigned partitions set() for group unified-viewer
[2025-12-04T15:17:21.899+0000] {job.py:213} ERROR - Job heartbeat got an exception
Traceback (most recent call last):
  File "/home/airflow/.local/lib/python3.8/site-packages/sqlalchemy/engine/base.py", line 3371, in _wrap_pool_connect
    return fn()
  File "/home/airflow/.local/lib/python3.8/site-packages/sqlalchemy/pool/base.py", line 327, in connect
    return _ConnectionFairy._checkout(self)
  File "/home/airflow/.local/lib/python3.8/site-packages/sqlalchemy/pool/base.py", line 894, in _checkout
    fairy = _ConnectionRecord.checkout(pool)
  File "/home/airflow/.local/lib/python3.8/site-packages/sqlalchemy/pool/base.py", line 493, in checkout
    rec = pool._do_get()
  File "/home/airflow/.local/lib/python3.8/site-packages/sqlalchemy/pool/impl.py", line 256, in _do_get
    return self._create_connection()
  File "/home/airflow/.local/lib/python3.8/site-packages/sqlalchemy/pool/base.py", line 273, in _create_connection
    return _ConnectionRecord(self)
  File "/home/airflow/.local/lib/python3.8/site-packages/sqlalchemy/pool/base.py", line 388, in __init__
    self.__connect()
  File "/home/airflow/.local/lib/python3.8/site-packages/sqlalchemy/pool/base.py", line 691, in __connect
    pool.logger.debug("Error on connect(): %s", e)
  File "/home/airflow/.local/lib/python3.8/site-packages/sqlalchemy/util/langhelpers.py", line 70, in __exit__
    compat.raise_(
  File "/home/airflow/.local/lib/python3.8/site-packages/sqlalchemy/util/compat.py", line 211, in raise_
    raise exception
  File "/home/airflow/.local/lib/python3.8/site-packages/sqlalchemy/pool/base.py", line 686, in __connect
    self.dbapi_connection = connection = pool._invoke_creator(self)
  File "/home/airflow/.local/lib/python3.8/site-packages/sqlalchemy/engine/create.py", line 574, in connect
    return dialect.connect(*cargs, **cparams)
  File "/home/airflow/.local/lib/python3.8/site-packages/sqlalchemy/engine/default.py", line 598, in connect
    return self.dbapi.connect(*cargs, **cparams)
  File "/home/airflow/.local/lib/python3.8/site-packages/psycopg2/__init__.py", line 122, in connect
    conn = _connect(dsn, connection_factory=connection_factory, **kwasync)
psycopg2.OperationalError: could not translate host name "postgres" to address: Temporary failure in name resolution


The above exception was the direct cause of the following exception:

Traceback (most recent call last):
  File "/home/airflow/.local/lib/python3.8/site-packages/airflow/jobs/job.py", line 187, in heartbeat
    self._merge_from(Job._fetch_from_db(self, session))
  File "/home/airflow/.local/lib/python3.8/site-packages/airflow/api_internal/internal_api_call.py", line 114, in wrapper
    return func(*args, **kwargs)
  File "/home/airflow/.local/lib/python3.8/site-packages/airflow/utils/session.py", line 76, in wrapper
    return func(*args, **kwargs)
  File "/home/airflow/.local/lib/python3.8/site-packages/airflow/jobs/job.py", line 308, in _fetch_from_db
    session.merge(job)
  File "/home/airflow/.local/lib/python3.8/site-packages/sqlalchemy/orm/session.py", line 3056, in merge
    return self._merge(
  File "/home/airflow/.local/lib/python3.8/site-packages/sqlalchemy/orm/session.py", line 3136, in _merge
    merged = self.get(
  File "/home/airflow/.local/lib/python3.8/site-packages/sqlalchemy/orm/session.py", line 2853, in get
    return self._get_impl(
  File "/home/airflow/.local/lib/python3.8/site-packages/sqlalchemy/orm/session.py", line 2975, in _get_impl
    return db_load_fn(
  File "/home/airflow/.local/lib/python3.8/site-packages/sqlalchemy/orm/loading.py", line 530, in load_on_pk_identity
    session.execute(
  File "/home/airflow/.local/lib/python3.8/site-packages/sqlalchemy/orm/session.py", line 1716, in execute
    conn = self._connection_for_bind(bind)
  File "/home/airflow/.local/lib/python3.8/site-packages/sqlalchemy/orm/session.py", line 1555, in _connection_for_bind
    return self._transaction._connection_for_bind(
  File "/home/airflow/.local/lib/python3.8/site-packages/sqlalchemy/orm/session.py", line 750, in _connection_for_bind
    conn = bind.connect()
  File "/home/airflow/.local/lib/python3.8/site-packages/sqlalchemy/future/engine.py", line 412, in connect
    return super(Engine, self).connect()
  File "/home/airflow/.local/lib/python3.8/site-packages/sqlalchemy/engine/base.py", line 3325, in connect
    return self._connection_cls(self, close_with_result=close_with_result)
  File "/home/airflow/.local/lib/python3.8/site-packages/sqlalchemy/engine/base.py", line 96, in __init__
    else engine.raw_connection()
  File "/home/airflow/.local/lib/python3.8/site-packages/sqlalchemy/engine/base.py", line 3404, in raw_connection
    return self._wrap_pool_connect(self.pool.connect, _connection)
  File "/home/airflow/.local/lib/python3.8/site-packages/sqlalchemy/engine/base.py", line 3374, in _wrap_pool_connect
    Connection._handle_dbapi_exception_noconnection(
  File "/home/airflow/.local/lib/python3.8/site-packages/sqlalchemy/engine/base.py", line 2208, in _handle_dbapi_exception_noconnection
    util.raise_(
  File "/home/airflow/.local/lib/python3.8/site-packages/sqlalchemy/util/compat.py", line 211, in raise_
    raise exception
  File "/home/airflow/.local/lib/python3.8/site-packages/sqlalchemy/engine/base.py", line 3371, in _wrap_pool_connect
    return fn()
  File "/home/airflow/.local/lib/python3.8/site-packages/sqlalchemy/pool/base.py", line 327, in connect
    return _ConnectionFairy._checkout(self)
  File "/home/airflow/.local/lib/python3.8/site-packages/sqlalchemy/pool/base.py", line 894, in _checkout
    fairy = _ConnectionRecord.checkout(pool)
  File "/home/airflow/.local/lib/python3.8/site-packages/sqlalchemy/pool/base.py", line 493, in checkout
    rec = pool._do_get()
  File "/home/airflow/.local/lib/python3.8/site-packages/sqlalchemy/pool/impl.py", line 256, in _do_get
    return self._create_connection()
  File "/home/airflow/.local/lib/python3.8/site-packages/sqlalchemy/pool/base.py", line 273, in _create_connection
    return _ConnectionRecord(self)
  File "/home/airflow/.local/lib/python3.8/site-packages/sqlalchemy/pool/base.py", line 388, in __init__
    self.__connect()
  File "/home/airflow/.local/lib/python3.8/site-packages/sqlalchemy/pool/base.py", line 691, in __connect
    pool.logger.debug("Error on connect(): %s", e)
  File "/home/airflow/.local/lib/python3.8/site-packages/sqlalchemy/util/langhelpers.py", line 70, in __exit__
    compat.raise_(
  File "/home/airflow/.local/lib/python3.8/site-packages/sqlalchemy/util/compat.py", line 211, in raise_
    raise exception
  File "/home/airflow/.local/lib/python3.8/site-packages/sqlalchemy/pool/base.py", line 686, in __connect
    self.dbapi_connection = connection = pool._invoke_creator(self)
  File "/home/airflow/.local/lib/python3.8/site-packages/sqlalchemy/engine/create.py", line 574, in connect
    return dialect.connect(*cargs, **cparams)
  File "/home/airflow/.local/lib/python3.8/site-packages/sqlalchemy/engine/default.py", line 598, in connect
    return self.dbapi.connect(*cargs, **cparams)
  File "/home/airflow/.local/lib/python3.8/site-packages/psycopg2/__init__.py", line 122, in connect
    conn = _connect(dsn, connection_factory=connection_factory, **kwasync)
sqlalchemy.exc.OperationalError: (psycopg2.OperationalError) could not translate host name "postgres" to address: Temporary failure in name resolution

(Background on this error at: https://sqlalche.me/e/14/e3q8)
[2025-12-04T15:17:25.352+0000] {job.py:221} ERROR - Job heartbeat failed with error. Scheduler is in unhealthy state
[2025-12-04T15:17:46.957+0000] {job.py:221} ERROR - Job heartbeat failed with error. Scheduler is in unhealthy state
[2025-12-04T15:17:47.270+0000] {subprocess.py:93} INFO - 2025-12-04 15:17:46,767 - kafka.coordinator.heartbeat - WARNING - Heartbeat session expired, marking coordinator dead
[2025-12-04T15:17:47.372+0000] {subprocess.py:93} INFO - 2025-12-04 15:17:47,181 - kafka.coordinator - WARNING - Marking the coordinator dead (node coordinator-1) for group unified-viewer: Heartbeat session expired.
[2025-12-04T15:18:07.178+0000] {job.py:221} ERROR - Job heartbeat failed with error. Scheduler is in unhealthy state
[2025-12-04T15:18:06.676+0000] {subprocess.py:93} INFO - 2025-12-04 15:17:55,975 - kafka.cluster - INFO - Coordinator for group/unified-viewer is BrokerMetadata(nodeId='coordinator-1', host='kafka', port=29092, rack=None)
[2025-12-04T15:18:10.363+0000] {subprocess.py:93} INFO - 2025-12-04 15:18:06,817 - kafka.coordinator - INFO - Discovered coordinator coordinator-1 for group unified-viewer
[2025-12-04T15:18:13.090+0000] {subprocess.py:93} INFO - 2025-12-04 15:18:13,084 - kafka.coordinator.heartbeat - WARNING - Heartbeat: local member_id was not recognized; this consumer needs to re-join
[2025-12-04T15:18:13.108+0000] {subprocess.py:93} INFO - 2025-12-04 15:18:13,096 - kafka.coordinator.consumer - INFO - Revoking previously assigned partitions set() for group unified-viewer
[2025-12-04T15:18:13.112+0000] {subprocess.py:93} INFO - 2025-12-04 15:18:13,098 - kafka.coordinator - INFO - (Re-)joining group unified-viewer
[2025-12-04T15:18:13.160+0000] {subprocess.py:93} INFO - 2025-12-04 15:18:13,159 - kafka.coordinator - INFO - Received member id kafka-python-2.3.0-8af36136-b8e8-45dd-875d-8b0ba80d751a for group unified-viewer; will retry join-group
[2025-12-04T15:18:13.172+0000] {subprocess.py:93} INFO - 2025-12-04 15:18:13,161 - kafka.coordinator - INFO - Failed to join group unified-viewer: [Error 79] MemberIdRequiredError
[2025-12-04T15:18:13.174+0000] {subprocess.py:93} INFO - 2025-12-04 15:18:13,164 - kafka.coordinator - INFO - (Re-)joining group unified-viewer
[2025-12-04T15:18:14.284+0000] {subprocess.py:93} INFO - 2025-12-04 15:18:14,274 - kafka.coordinator - INFO - Successfully joined group unified-viewer <Generation 16 (member_id: kafka-python-2.3.0-8af36136-b8e8-45dd-875d-8b0ba80d751a, protocol: range)>
[2025-12-04T15:18:14.401+0000] {subprocess.py:93} INFO - 2025-12-04 15:18:14,398 - kafka.coordinator - INFO - SyncGroup for group unified-viewer failed due to coordinator rebalance
[2025-12-04T15:18:14.412+0000] {subprocess.py:93} INFO - 2025-12-04 15:18:14,399 - kafka.coordinator - INFO - Failed to join group unified-viewer: [Error 27] RebalanceInProgressError: unified-viewer
[2025-12-04T15:18:14.416+0000] {subprocess.py:93} INFO - 2025-12-04 15:18:14,401 - kafka.coordinator - INFO - (Re-)joining group unified-viewer
[2025-12-04T15:18:14.499+0000] {subprocess.py:93} INFO - 2025-12-04 15:18:14,498 - kafka.coordinator - INFO - Successfully joined group unified-viewer <Generation 17 (member_id: kafka-python-2.3.0-8af36136-b8e8-45dd-875d-8b0ba80d751a, protocol: range)>
[2025-12-04T15:18:14.528+0000] {subprocess.py:93} INFO - 2025-12-04 15:18:14,526 - kafka.consumer.subscription_state - INFO - Updated partition assignment: []
[2025-12-04T15:18:14.531+0000] {subprocess.py:93} INFO - 2025-12-04 15:18:14,527 - kafka.coordinator.consumer - INFO - Setting newly assigned partitions set() for group unified-viewer
[2025-12-04T15:18:25.835+0000] {subprocess.py:93} INFO - 2025-12-04 15:18:25,834 - kafka.coordinator.heartbeat - WARNING - Heartbeat session expired, marking coordinator dead
[2025-12-04T15:18:25.801+0000] {job.py:221} ERROR - Job heartbeat failed with error. Scheduler is in unhealthy state
[2025-12-04T15:18:25.904+0000] {subprocess.py:93} INFO - 2025-12-04 15:18:25,835 - kafka.coordinator - WARNING - Marking the coordinator dead (node coordinator-1) for group unified-viewer: Heartbeat session expired.
[2025-12-04T15:18:26.019+0000] {subprocess.py:93} INFO - 2025-12-04 15:18:25,835 - kafka.conn - ERROR - <BrokerConnection client_id=kafka-python-2.3.0, node_id=coordinator-1 host=kafka:29092 <connected> [IPv4 ('172.20.0.4', 29092)]>: socket disconnected
[2025-12-04T15:18:26.045+0000] {subprocess.py:93} INFO - 2025-12-04 15:18:25,840 - kafka.conn - ERROR - <BrokerConnection client_id=kafka-python-producer-1, node_id=1 host=kafka:29092 <connected> [IPv4 ('172.20.0.4', 29092)]>: Closing connection. KafkaConnectionError: Socket EVENT_READ without in-flight-requests
[2025-12-04T15:18:26.047+0000] {subprocess.py:93} INFO - 2025-12-04 15:18:25,840 - kafka.conn - ERROR - <BrokerConnection client_id=kafka-python-2.3.0, node_id=coordinator-1 host=kafka:29092 <connected> [IPv4 ('172.20.0.4', 29092)]>: Closing connection. KafkaConnectionError: socket disconnected
[2025-12-04T15:18:26.050+0000] {subprocess.py:93} INFO - 2025-12-04 15:18:26,010 - kafka.client - WARNING - Node coordinator-1 connection failed -- refreshing metadata
[2025-12-04T15:18:26.086+0000] {subprocess.py:93} INFO - 2025-12-04 15:18:26,086 - kafka.coordinator - ERROR - Error sending HeartbeatRequest_v3 to node coordinator-1 [KafkaConnectionError: socket disconnected]
[2025-12-04T15:18:26.090+0000] {subprocess.py:93} INFO - 2025-12-04 15:18:26,087 - kafka.conn - ERROR - <BrokerConnection client_id=kafka-python-2.3.0, node_id=1 host=kafka:29092 <connected> [IPv4 ('172.20.0.4', 29092)]>: Closing connection. KafkaConnectionError: Socket EVENT_READ without in-flight-requests
[2025-12-04T15:18:26.159+0000] {subprocess.py:93} INFO - 2025-12-04 15:18:26,062 - kafka.client - WARNING - Node 1 connection failed -- refreshing metadata
[2025-12-04T15:18:26.160+0000] {subprocess.py:93} INFO - 2025-12-04 15:18:26,088 - kafka.client - WARNING - Node 1 connection failed -- refreshing metadata
[2025-12-04T15:18:26.646+0000] {subprocess.py:93} INFO - 2025-12-04 15:18:26,645 - kafka.conn - INFO - <BrokerConnection client_id=kafka-python-2.3.0, node_id=1 host=kafka:29092 <connecting> [IPv4 ('172.20.0.4', 29092)]>: connecting to kafka:29092 [('172.20.0.4', 29092) IPv4]
[2025-12-04T15:18:26.648+0000] {subprocess.py:93} INFO - 2025-12-04 15:18:26,646 - kafka.conn - INFO - <BrokerConnection client_id=kafka-python-producer-1, node_id=1 host=kafka:29092 <connecting> [IPv4 ('172.20.0.4', 29092)]>: connecting to kafka:29092 [('172.20.0.4', 29092) IPv4]
[2025-12-04T15:18:26.656+0000] {subprocess.py:93} INFO - 2025-12-04 15:18:26,650 - kafka.conn - ERROR - <BrokerConnection client_id=kafka-python-producer-1, node_id=1 host=kafka:29092 <connecting> [IPv4 ('172.20.0.4', 29092)]>: Connect attempt returned error 111. Disconnecting.
[2025-12-04T15:18:26.658+0000] {subprocess.py:93} INFO - 2025-12-04 15:18:26,654 - kafka.conn - ERROR - <BrokerConnection client_id=kafka-python-producer-1, node_id=1 host=kafka:29092 <connecting> [IPv4 ('172.20.0.4', 29092)]>: Closing connection. KafkaConnectionError: 111 ECONNREFUSED
[2025-12-04T15:18:26.665+0000] {subprocess.py:93} INFO - 2025-12-04 15:18:26,655 - kafka.client - WARNING - Node 1 connection failed -- refreshing metadata
[2025-12-04T15:18:26.674+0000] {subprocess.py:93} INFO - 2025-12-04 15:18:26,656 - kafka.conn - ERROR - <BrokerConnection client_id=kafka-python-2.3.0, node_id=1 host=kafka:29092 <connecting> [IPv4 ('172.20.0.4', 29092)]>: Connect attempt returned error 111. Disconnecting.
[2025-12-04T15:18:26.677+0000] {subprocess.py:93} INFO - 2025-12-04 15:18:26,656 - kafka.conn - ERROR - <BrokerConnection client_id=kafka-python-2.3.0, node_id=1 host=kafka:29092 <connecting> [IPv4 ('172.20.0.4', 29092)]>: Closing connection. KafkaConnectionError: 111 ECONNREFUSED
[2025-12-04T15:18:26.680+0000] {subprocess.py:93} INFO - 2025-12-04 15:18:26,656 - kafka.client - WARNING - Node 1 connection failed -- refreshing metadata
[2025-12-04T15:18:26.681+0000] {subprocess.py:93} INFO - 2025-12-04 15:18:26,675 - kafka.conn - INFO - <BrokerConnection client_id=kafka-python-producer-1, node_id=1 host=kafka:29092 <connecting> [IPv4 ('172.20.0.4', 29092)]>: connecting to kafka:29092 [('172.20.0.4', 29092) IPv4]
[2025-12-04T15:18:26.682+0000] {subprocess.py:93} INFO - 2025-12-04 15:18:26,678 - kafka.conn - ERROR - <BrokerConnection client_id=kafka-python-producer-1, node_id=1 host=kafka:29092 <connecting> [IPv4 ('172.20.0.4', 29092)]>: Connect attempt returned error 111. Disconnecting.
[2025-12-04T15:18:26.683+0000] {subprocess.py:93} INFO - 2025-12-04 15:18:26,678 - kafka.conn - ERROR - <BrokerConnection client_id=kafka-python-producer-1, node_id=1 host=kafka:29092 <connecting> [IPv4 ('172.20.0.4', 29092)]>: Closing connection. KafkaConnectionError: 111 ECONNREFUSED
[2025-12-04T15:18:26.685+0000] {subprocess.py:93} INFO - 2025-12-04 15:18:26,678 - kafka.client - WARNING - Node 1 connection failed -- refreshing metadata
[2025-12-04T15:18:26.760+0000] {subprocess.py:93} INFO - 2025-12-04 15:18:26,760 - kafka.conn - INFO - <BrokerConnection client_id=kafka-python-2.3.0, node_id=1 host=kafka:29092 <connecting> [IPv4 ('172.20.0.4', 29092)]>: connecting to kafka:29092 [('172.20.0.4', 29092) IPv4]
[2025-12-04T15:18:26.762+0000] {subprocess.py:93} INFO - 2025-12-04 15:18:26,760 - kafka.conn - ERROR - <BrokerConnection client_id=kafka-python-2.3.0, node_id=1 host=kafka:29092 <connecting> [IPv4 ('172.20.0.4', 29092)]>: Connect attempt returned error 111. Disconnecting.
[2025-12-04T15:18:26.763+0000] {subprocess.py:93} INFO - 2025-12-04 15:18:26,760 - kafka.conn - ERROR - <BrokerConnection client_id=kafka-python-2.3.0, node_id=1 host=kafka:29092 <connecting> [IPv4 ('172.20.0.4', 29092)]>: Closing connection. KafkaConnectionError: 111 ECONNREFUSED
[2025-12-04T15:18:26.764+0000] {subprocess.py:93} INFO - 2025-12-04 15:18:26,761 - kafka.client - WARNING - Node 1 connection failed -- refreshing metadata
[2025-12-04T15:18:26.850+0000] {subprocess.py:93} INFO - 2025-12-04 15:18:26,849 - kafka.conn - INFO - <BrokerConnection client_id=kafka-python-producer-1, node_id=1 host=kafka:29092 <connecting> [IPv4 ('172.20.0.4', 29092)]>: connecting to kafka:29092 [('172.20.0.4', 29092) IPv4]
[2025-12-04T15:18:26.853+0000] {subprocess.py:93} INFO - 2025-12-04 15:18:26,850 - kafka.conn - ERROR - <BrokerConnection client_id=kafka-python-producer-1, node_id=1 host=kafka:29092 <connecting> [IPv4 ('172.20.0.4', 29092)]>: Connect attempt returned error 111. Disconnecting.
[2025-12-04T15:18:26.858+0000] {subprocess.py:93} INFO - 2025-12-04 15:18:26,851 - kafka.conn - ERROR - <BrokerConnection client_id=kafka-python-producer-1, node_id=1 host=kafka:29092 <connecting> [IPv4 ('172.20.0.4', 29092)]>: Closing connection. KafkaConnectionError: 111 ECONNREFUSED
[2025-12-04T15:18:26.860+0000] {subprocess.py:93} INFO - 2025-12-04 15:18:26,852 - kafka.client - WARNING - Node 1 connection failed -- refreshing metadata
[2025-12-04T15:18:26.978+0000] {subprocess.py:93} INFO - 2025-12-04 15:18:26,978 - kafka.conn - INFO - <BrokerConnection client_id=kafka-python-2.3.0, node_id=1 host=kafka:29092 <connecting> [IPv4 ('172.20.0.4', 29092)]>: connecting to kafka:29092 [('172.20.0.4', 29092) IPv4]
[2025-12-04T15:18:26.981+0000] {subprocess.py:93} INFO - 2025-12-04 15:18:26,979 - kafka.conn - ERROR - <BrokerConnection client_id=kafka-python-2.3.0, node_id=1 host=kafka:29092 <connecting> [IPv4 ('172.20.0.4', 29092)]>: Connect attempt returned error 111. Disconnecting.
[2025-12-04T15:18:26.983+0000] {subprocess.py:93} INFO - 2025-12-04 15:18:26,979 - kafka.conn - ERROR - <BrokerConnection client_id=kafka-python-2.3.0, node_id=1 host=kafka:29092 <connecting> [IPv4 ('172.20.0.4', 29092)]>: Closing connection. KafkaConnectionError: 111 ECONNREFUSED
[2025-12-04T15:18:26.985+0000] {subprocess.py:93} INFO - 2025-12-04 15:18:26,980 - kafka.client - WARNING - Node 1 connection failed -- refreshing metadata
[2025-12-04T15:18:27.274+0000] {subprocess.py:93} INFO - 2025-12-04 15:18:27,273 - kafka.conn - INFO - <BrokerConnection client_id=kafka-python-producer-1, node_id=1 host=kafka:29092 <connecting> [IPv4 ('172.20.0.4', 29092)]>: connecting to kafka:29092 [('172.20.0.4', 29092) IPv4]
[2025-12-04T15:18:27.275+0000] {subprocess.py:93} INFO - 2025-12-04 15:18:27,273 - kafka.conn - ERROR - <BrokerConnection client_id=kafka-python-producer-1, node_id=1 host=kafka:29092 <connecting> [IPv4 ('172.20.0.4', 29092)]>: Connect attempt returned error 111. Disconnecting.
[2025-12-04T15:18:27.277+0000] {subprocess.py:93} INFO - 2025-12-04 15:18:27,273 - kafka.conn - ERROR - <BrokerConnection client_id=kafka-python-producer-1, node_id=1 host=kafka:29092 <connecting> [IPv4 ('172.20.0.4', 29092)]>: Closing connection. KafkaConnectionError: 111 ECONNREFUSED
[2025-12-04T15:18:27.278+0000] {subprocess.py:93} INFO - 2025-12-04 15:18:27,274 - kafka.client - WARNING - Node 1 connection failed -- refreshing metadata
[2025-12-04T15:18:27.436+0000] {subprocess.py:93} INFO - 2025-12-04 15:18:27,436 - kafka.conn - INFO - <BrokerConnection client_id=kafka-python-2.3.0, node_id=1 host=kafka:29092 <connecting> [IPv4 ('172.20.0.4', 29092)]>: connecting to kafka:29092 [('172.20.0.4', 29092) IPv4]
[2025-12-04T15:18:27.438+0000] {subprocess.py:93} INFO - 2025-12-04 15:18:27,437 - kafka.conn - ERROR - <BrokerConnection client_id=kafka-python-2.3.0, node_id=1 host=kafka:29092 <connecting> [IPv4 ('172.20.0.4', 29092)]>: Connect attempt returned error 111. Disconnecting.
[2025-12-04T15:18:27.441+0000] {subprocess.py:93} INFO - 2025-12-04 15:18:27,437 - kafka.conn - ERROR - <BrokerConnection client_id=kafka-python-2.3.0, node_id=1 host=kafka:29092 <connecting> [IPv4 ('172.20.0.4', 29092)]>: Closing connection. KafkaConnectionError: 111 ECONNREFUSED
[2025-12-04T15:18:27.442+0000] {subprocess.py:93} INFO - 2025-12-04 15:18:27,437 - kafka.client - WARNING - Node 1 connection failed -- refreshing metadata
[2025-12-04T15:18:27.938+0000] {subprocess.py:93} INFO - 2025-12-04 15:18:27,938 - kafka.conn - INFO - <BrokerConnection client_id=kafka-python-producer-1, node_id=1 host=kafka:29092 <connecting> [IPv4 ('172.20.0.4', 29092)]>: connecting to kafka:29092 [('172.20.0.4', 29092) IPv4]
[2025-12-04T15:18:27.958+0000] {subprocess.py:93} INFO - 2025-12-04 15:18:27,939 - kafka.conn - ERROR - <BrokerConnection client_id=kafka-python-producer-1, node_id=1 host=kafka:29092 <connecting> [IPv4 ('172.20.0.4', 29092)]>: Connect attempt returned error 111. Disconnecting.
[2025-12-04T15:18:27.959+0000] {subprocess.py:93} INFO - 2025-12-04 15:18:27,939 - kafka.conn - ERROR - <BrokerConnection client_id=kafka-python-producer-1, node_id=1 host=kafka:29092 <connecting> [IPv4 ('172.20.0.4', 29092)]>: Closing connection. KafkaConnectionError: 111 ECONNREFUSED
[2025-12-04T15:18:27.960+0000] {subprocess.py:93} INFO - 2025-12-04 15:18:27,939 - kafka.client - WARNING - Node 1 connection failed -- refreshing metadata
[2025-12-04T15:18:28.150+0000] {subprocess.py:93} INFO - 2025-12-04 15:18:28,149 - kafka.conn - INFO - <BrokerConnection client_id=kafka-python-2.3.0, node_id=1 host=kafka:29092 <connecting> [IPv4 ('172.20.0.4', 29092)]>: connecting to kafka:29092 [('172.20.0.4', 29092) IPv4]
[2025-12-04T15:18:28.154+0000] {subprocess.py:93} INFO - 2025-12-04 15:18:28,151 - kafka.conn - ERROR - <BrokerConnection client_id=kafka-python-2.3.0, node_id=1 host=kafka:29092 <connecting> [IPv4 ('172.20.0.4', 29092)]>: Connect attempt returned error 111. Disconnecting.
[2025-12-04T15:18:28.156+0000] {subprocess.py:93} INFO - 2025-12-04 15:18:28,152 - kafka.conn - ERROR - <BrokerConnection client_id=kafka-python-2.3.0, node_id=1 host=kafka:29092 <connecting> [IPv4 ('172.20.0.4', 29092)]>: Closing connection. KafkaConnectionError: 111 ECONNREFUSED
[2025-12-04T15:18:28.157+0000] {subprocess.py:93} INFO - 2025-12-04 15:18:28,154 - kafka.client - WARNING - Node 1 connection failed -- refreshing metadata
[2025-12-04T15:18:31.832+0000] {subprocess.py:93} INFO - 2025-12-04 15:18:31,832 - kafka.conn - WARNING - DNS lookup failed for kafka:29092, exception was [Errno -2] Name or service not known. Is your advertised.listeners (called advertised.host.name before Kafka 9) correct and resolvable?
[2025-12-04T15:18:31.833+0000] {subprocess.py:93} INFO - 2025-12-04 15:18:31,832 - kafka.conn - ERROR - <BrokerConnection client_id=kafka-python-2.3.0, node_id=1 host=kafka:29092 <connecting> [IPv4 ('172.20.0.4', 29092)]>: DNS lookup failed for kafka:29092 (AddressFamily.AF_UNSPEC)
[2025-12-04T15:18:31.834+0000] {subprocess.py:93} INFO - 2025-12-04 15:18:31,832 - kafka.conn - ERROR - <BrokerConnection client_id=kafka-python-2.3.0, node_id=1 host=kafka:29092 <connecting> [IPv4 ('172.20.0.4', 29092)]>: Closing connection. KafkaConnectionError: DNS failure
[2025-12-04T15:18:31.834+0000] {subprocess.py:93} INFO - 2025-12-04 15:18:31,833 - kafka.client - WARNING - Node 1 connection failed -- refreshing metadata
[2025-12-04T15:18:33.361+0000] {subprocess.py:93} INFO - 2025-12-04 15:18:33,361 - kafka.conn - WARNING - DNS lookup failed for kafka:29092, exception was [Errno -2] Name or service not known. Is your advertised.listeners (called advertised.host.name before Kafka 9) correct and resolvable?
[2025-12-04T15:18:33.364+0000] {subprocess.py:93} INFO - 2025-12-04 15:18:33,361 - kafka.conn - ERROR - <BrokerConnection client_id=kafka-python-producer-1, node_id=1 host=kafka:29092 <connecting> [IPv4 ('172.20.0.4', 29092)]>: DNS lookup failed for kafka:29092 (AddressFamily.AF_UNSPEC)
[2025-12-04T15:18:33.368+0000] {subprocess.py:93} INFO - 2025-12-04 15:18:33,361 - kafka.conn - ERROR - <BrokerConnection client_id=kafka-python-producer-1, node_id=1 host=kafka:29092 <connecting> [IPv4 ('172.20.0.4', 29092)]>: Closing connection. KafkaConnectionError: DNS failure
[2025-12-04T15:18:33.370+0000] {subprocess.py:93} INFO - 2025-12-04 15:18:33,362 - kafka.client - WARNING - Node 1 connection failed -- refreshing metadata
[2025-12-04T15:18:35.286+0000] {subprocess.py:93} INFO - 2025-12-04 15:18:35,285 - kafka.conn - WARNING - DNS lookup failed for kafka:29092, exception was [Errno -2] Name or service not known. Is your advertised.listeners (called advertised.host.name before Kafka 9) correct and resolvable?
[2025-12-04T15:18:35.287+0000] {subprocess.py:93} INFO - 2025-12-04 15:18:35,285 - kafka.conn - ERROR - <BrokerConnection client_id=kafka-python-producer-1, node_id=1 host=kafka:29092 <connecting> [IPv4 ('172.20.0.4', 29092)]>: DNS lookup failed for kafka:29092 (AddressFamily.AF_UNSPEC)
[2025-12-04T15:18:35.288+0000] {subprocess.py:93} INFO - 2025-12-04 15:18:35,286 - kafka.conn - ERROR - <BrokerConnection client_id=kafka-python-producer-1, node_id=1 host=kafka:29092 <connecting> [IPv4 ('172.20.0.4', 29092)]>: Closing connection. KafkaConnectionError: DNS failure
[2025-12-04T15:18:35.289+0000] {subprocess.py:93} INFO - 2025-12-04 15:18:35,286 - kafka.client - WARNING - Node 1 connection failed -- refreshing metadata
[2025-12-04T15:18:36.399+0000] {subprocess.py:93} INFO - 2025-12-04 15:18:36,398 - kafka.conn - WARNING - DNS lookup failed for kafka:29092, exception was [Errno -2] Name or service not known. Is your advertised.listeners (called advertised.host.name before Kafka 9) correct and resolvable?
[2025-12-04T15:18:36.400+0000] {subprocess.py:93} INFO - 2025-12-04 15:18:36,398 - kafka.conn - ERROR - <BrokerConnection client_id=kafka-python-2.3.0, node_id=1 host=kafka:29092 <connecting> [IPv4 ('172.20.0.4', 29092)]>: DNS lookup failed for kafka:29092 (AddressFamily.AF_UNSPEC)
[2025-12-04T15:18:36.401+0000] {subprocess.py:93} INFO - 2025-12-04 15:18:36,399 - kafka.conn - ERROR - <BrokerConnection client_id=kafka-python-2.3.0, node_id=1 host=kafka:29092 <connecting> [IPv4 ('172.20.0.4', 29092)]>: Closing connection. KafkaConnectionError: DNS failure
[2025-12-04T15:18:36.401+0000] {subprocess.py:93} INFO - 2025-12-04 15:18:36,399 - kafka.client - WARNING - Node 1 connection failed -- refreshing metadata
[2025-12-04T15:18:42.828+0000] {subprocess.py:93} INFO - 2025-12-04 15:18:42,826 - kafka.conn - WARNING - DNS lookup failed for kafka:29092, exception was [Errno -2] Name or service not known. Is your advertised.listeners (called advertised.host.name before Kafka 9) correct and resolvable?
[2025-12-04T15:18:42.831+0000] {subprocess.py:93} INFO - 2025-12-04 15:18:42,828 - kafka.conn - ERROR - <BrokerConnection client_id=kafka-python-producer-1, node_id=1 host=kafka:29092 <connecting> [IPv4 ('172.20.0.4', 29092)]>: DNS lookup failed for kafka:29092 (AddressFamily.AF_UNSPEC)
[2025-12-04T15:18:42.834+0000] {subprocess.py:93} INFO - 2025-12-04 15:18:42,828 - kafka.conn - ERROR - <BrokerConnection client_id=kafka-python-producer-1, node_id=1 host=kafka:29092 <connecting> [IPv4 ('172.20.0.4', 29092)]>: Closing connection. KafkaConnectionError: DNS failure
[2025-12-04T15:18:42.836+0000] {subprocess.py:93} INFO - 2025-12-04 15:18:42,829 - kafka.client - WARNING - Node 1 connection failed -- refreshing metadata
[2025-12-04T15:18:43.997+0000] {subprocess.py:93} INFO - 2025-12-04 15:18:43,997 - kafka.conn - WARNING - DNS lookup failed for kafka:29092, exception was [Errno -2] Name or service not known. Is your advertised.listeners (called advertised.host.name before Kafka 9) correct and resolvable?
[2025-12-04T15:18:43.998+0000] {subprocess.py:93} INFO - 2025-12-04 15:18:43,997 - kafka.conn - ERROR - <BrokerConnection client_id=kafka-python-2.3.0, node_id=1 host=kafka:29092 <connecting> [IPv4 ('172.20.0.4', 29092)]>: DNS lookup failed for kafka:29092 (AddressFamily.AF_UNSPEC)
[2025-12-04T15:18:43.999+0000] {subprocess.py:93} INFO - 2025-12-04 15:18:43,997 - kafka.conn - ERROR - <BrokerConnection client_id=kafka-python-2.3.0, node_id=1 host=kafka:29092 <connecting> [IPv4 ('172.20.0.4', 29092)]>: Closing connection. KafkaConnectionError: DNS failure
[2025-12-04T15:18:44.000+0000] {subprocess.py:93} INFO - 2025-12-04 15:18:43,997 - kafka.client - WARNING - Node 1 connection failed -- refreshing metadata
[2025-12-04T15:18:55.883+0000] {subprocess.py:93} INFO - 2025-12-04 15:18:55,883 - kafka.conn - WARNING - DNS lookup failed for kafka:29092, exception was [Errno -2] Name or service not known. Is your advertised.listeners (called advertised.host.name before Kafka 9) correct and resolvable?
[2025-12-04T15:18:55.885+0000] {subprocess.py:93} INFO - 2025-12-04 15:18:55,883 - kafka.conn - ERROR - <BrokerConnection client_id=kafka-python-2.3.0, node_id=1 host=kafka:29092 <connecting> [IPv4 ('172.20.0.4', 29092)]>: DNS lookup failed for kafka:29092 (AddressFamily.AF_UNSPEC)
[2025-12-04T15:18:55.885+0000] {subprocess.py:93} INFO - 2025-12-04 15:18:55,883 - kafka.conn - ERROR - <BrokerConnection client_id=kafka-python-2.3.0, node_id=1 host=kafka:29092 <connecting> [IPv4 ('172.20.0.4', 29092)]>: Closing connection. KafkaConnectionError: DNS failure
[2025-12-04T15:18:55.886+0000] {subprocess.py:93} INFO - 2025-12-04 15:18:55,883 - kafka.client - WARNING - Node 1 connection failed -- refreshing metadata
[2025-12-04T15:18:56.677+0000] {subprocess.py:93} INFO - 2025-12-04 15:18:56,677 - kafka.conn - WARNING - DNS lookup failed for kafka:29092, exception was [Errno -2] Name or service not known. Is your advertised.listeners (called advertised.host.name before Kafka 9) correct and resolvable?
[2025-12-04T15:18:56.679+0000] {subprocess.py:93} INFO - 2025-12-04 15:18:56,677 - kafka.conn - ERROR - <BrokerConnection client_id=kafka-python-producer-1, node_id=1 host=kafka:29092 <connecting> [IPv4 ('172.20.0.4', 29092)]>: DNS lookup failed for kafka:29092 (AddressFamily.AF_UNSPEC)
[2025-12-04T15:18:56.684+0000] {subprocess.py:93} INFO - 2025-12-04 15:18:56,677 - kafka.conn - ERROR - <BrokerConnection client_id=kafka-python-producer-1, node_id=1 host=kafka:29092 <connecting> [IPv4 ('172.20.0.4', 29092)]>: Closing connection. KafkaConnectionError: DNS failure
[2025-12-04T15:18:56.686+0000] {subprocess.py:93} INFO - 2025-12-04 15:18:56,677 - kafka.client - WARNING - Node 1 connection failed -- refreshing metadata
[2025-12-04T15:19:18.436+0000] {subprocess.py:93} INFO - 2025-12-04 15:19:18,435 - kafka.conn - WARNING - DNS lookup failed for kafka:29092, exception was [Errno -2] Name or service not known. Is your advertised.listeners (called advertised.host.name before Kafka 9) correct and resolvable?
[2025-12-04T15:19:18.438+0000] {subprocess.py:93} INFO - 2025-12-04 15:19:18,435 - kafka.conn - ERROR - <BrokerConnection client_id=kafka-python-producer-1, node_id=1 host=kafka:29092 <connecting> [IPv4 ('172.20.0.4', 29092)]>: DNS lookup failed for kafka:29092 (AddressFamily.AF_UNSPEC)
[2025-12-04T15:19:18.439+0000] {subprocess.py:93} INFO - 2025-12-04 15:19:18,435 - kafka.conn - ERROR - <BrokerConnection client_id=kafka-python-producer-1, node_id=1 host=kafka:29092 <connecting> [IPv4 ('172.20.0.4', 29092)]>: Closing connection. KafkaConnectionError: DNS failure
[2025-12-04T15:19:18.441+0000] {subprocess.py:93} INFO - 2025-12-04 15:19:18,436 - kafka.client - WARNING - Node 1 connection failed -- refreshing metadata
[2025-12-04T15:19:18.874+0000] {subprocess.py:93} INFO - 2025-12-04 15:19:18,873 - kafka.conn - WARNING - DNS lookup failed for kafka:29092, exception was [Errno -2] Name or service not known. Is your advertised.listeners (called advertised.host.name before Kafka 9) correct and resolvable?
[2025-12-04T15:19:18.876+0000] {subprocess.py:93} INFO - 2025-12-04 15:19:18,874 - kafka.conn - ERROR - <BrokerConnection client_id=kafka-python-2.3.0, node_id=1 host=kafka:29092 <connecting> [IPv4 ('172.20.0.4', 29092)]>: DNS lookup failed for kafka:29092 (AddressFamily.AF_UNSPEC)
[2025-12-04T15:19:18.877+0000] {subprocess.py:93} INFO - 2025-12-04 15:19:18,874 - kafka.conn - ERROR - <BrokerConnection client_id=kafka-python-2.3.0, node_id=1 host=kafka:29092 <connecting> [IPv4 ('172.20.0.4', 29092)]>: Closing connection. KafkaConnectionError: DNS failure
[2025-12-04T15:19:18.879+0000] {subprocess.py:93} INFO - 2025-12-04 15:19:18,874 - kafka.client - WARNING - Node 1 connection failed -- refreshing metadata
[2025-12-04T15:19:43.965+0000] {subprocess.py:93} INFO - 2025-12-04 15:19:43,962 - kafka.conn - WARNING - DNS lookup failed for kafka:29092, exception was [Errno -2] Name or service not known. Is your advertised.listeners (called advertised.host.name before Kafka 9) correct and resolvable?
[2025-12-04T15:19:43.969+0000] {subprocess.py:93} INFO - 2025-12-04 15:19:43,963 - kafka.conn - ERROR - <BrokerConnection client_id=kafka-python-producer-1, node_id=1 host=kafka:29092 <connecting> [IPv4 ('172.20.0.4', 29092)]>: DNS lookup failed for kafka:29092 (AddressFamily.AF_UNSPEC)
[2025-12-04T15:19:43.971+0000] {subprocess.py:93} INFO - 2025-12-04 15:19:43,963 - kafka.conn - ERROR - <BrokerConnection client_id=kafka-python-producer-1, node_id=1 host=kafka:29092 <connecting> [IPv4 ('172.20.0.4', 29092)]>: Closing connection. KafkaConnectionError: DNS failure
[2025-12-04T15:19:43.972+0000] {subprocess.py:93} INFO - 2025-12-04 15:19:43,963 - kafka.client - WARNING - Node 1 connection failed -- refreshing metadata
[2025-12-04T15:19:49.276+0000] {subprocess.py:93} INFO - 2025-12-04 15:19:49,276 - kafka.conn - WARNING - DNS lookup failed for kafka:29092, exception was [Errno -2] Name or service not known. Is your advertised.listeners (called advertised.host.name before Kafka 9) correct and resolvable?
[2025-12-04T15:19:49.279+0000] {subprocess.py:93} INFO - 2025-12-04 15:19:49,276 - kafka.conn - ERROR - <BrokerConnection client_id=kafka-python-2.3.0, node_id=1 host=kafka:29092 <connecting> [IPv4 ('172.20.0.4', 29092)]>: DNS lookup failed for kafka:29092 (AddressFamily.AF_UNSPEC)
[2025-12-04T15:19:49.281+0000] {subprocess.py:93} INFO - 2025-12-04 15:19:49,276 - kafka.conn - ERROR - <BrokerConnection client_id=kafka-python-2.3.0, node_id=1 host=kafka:29092 <connecting> [IPv4 ('172.20.0.4', 29092)]>: Closing connection. KafkaConnectionError: DNS failure
[2025-12-04T15:19:49.282+0000] {subprocess.py:93} INFO - 2025-12-04 15:19:49,277 - kafka.client - WARNING - Node 1 connection failed -- refreshing metadata
[2025-12-04T15:20:17.323+0000] {subprocess.py:93} INFO - 2025-12-04 15:20:17,322 - kafka.conn - WARNING - DNS lookup failed for kafka:29092, exception was [Errno -2] Name or service not known. Is your advertised.listeners (called advertised.host.name before Kafka 9) correct and resolvable?
[2025-12-04T15:20:17.325+0000] {subprocess.py:93} INFO - 2025-12-04 15:20:17,322 - kafka.conn - ERROR - <BrokerConnection client_id=kafka-python-producer-1, node_id=1 host=kafka:29092 <connecting> [IPv4 ('172.20.0.4', 29092)]>: DNS lookup failed for kafka:29092 (AddressFamily.AF_UNSPEC)
[2025-12-04T15:20:17.326+0000] {subprocess.py:93} INFO - 2025-12-04 15:20:17,322 - kafka.conn - ERROR - <BrokerConnection client_id=kafka-python-producer-1, node_id=1 host=kafka:29092 <connecting> [IPv4 ('172.20.0.4', 29092)]>: Closing connection. KafkaConnectionError: DNS failure
[2025-12-04T15:20:17.327+0000] {subprocess.py:93} INFO - 2025-12-04 15:20:17,323 - kafka.client - WARNING - Node 1 connection failed -- refreshing metadata
[2025-12-04T15:20:17.592+0000] {subprocess.py:93} INFO - 2025-12-04 15:20:17,592 - kafka.conn - WARNING - DNS lookup failed for kafka:29092, exception was [Errno -2] Name or service not known. Is your advertised.listeners (called advertised.host.name before Kafka 9) correct and resolvable?
[2025-12-04T15:20:17.594+0000] {subprocess.py:93} INFO - 2025-12-04 15:20:17,592 - kafka.conn - ERROR - <BrokerConnection client_id=kafka-python-2.3.0, node_id=1 host=kafka:29092 <connecting> [IPv4 ('172.20.0.4', 29092)]>: DNS lookup failed for kafka:29092 (AddressFamily.AF_UNSPEC)
[2025-12-04T15:20:17.594+0000] {subprocess.py:93} INFO - 2025-12-04 15:20:17,592 - kafka.conn - ERROR - <BrokerConnection client_id=kafka-python-2.3.0, node_id=1 host=kafka:29092 <connecting> [IPv4 ('172.20.0.4', 29092)]>: Closing connection. KafkaConnectionError: DNS failure
[2025-12-04T15:20:17.595+0000] {subprocess.py:93} INFO - 2025-12-04 15:20:17,592 - kafka.client - WARNING - Node 1 connection failed -- refreshing metadata
[2025-12-04T15:20:43.356+0000] {subprocess.py:93} INFO - 2025-12-04 15:20:43,354 - kafka.conn - WARNING - DNS lookup failed for kafka:29092, exception was [Errno -2] Name or service not known. Is your advertised.listeners (called advertised.host.name before Kafka 9) correct and resolvable?
[2025-12-04T15:20:43.358+0000] {subprocess.py:93} INFO - 2025-12-04 15:20:43,355 - kafka.conn - ERROR - <BrokerConnection client_id=kafka-python-producer-1, node_id=1 host=kafka:29092 <connecting> [IPv4 ('172.20.0.4', 29092)]>: DNS lookup failed for kafka:29092 (AddressFamily.AF_UNSPEC)
[2025-12-04T15:20:43.359+0000] {subprocess.py:93} INFO - 2025-12-04 15:20:43,355 - kafka.conn - ERROR - <BrokerConnection client_id=kafka-python-producer-1, node_id=1 host=kafka:29092 <connecting> [IPv4 ('172.20.0.4', 29092)]>: Closing connection. KafkaConnectionError: DNS failure
[2025-12-04T15:20:43.360+0000] {subprocess.py:93} INFO - 2025-12-04 15:20:43,356 - kafka.client - WARNING - Node 1 connection failed -- refreshing metadata
[2025-12-04T15:20:50.488+0000] {subprocess.py:93} INFO - 2025-12-04 15:20:50,487 - kafka.conn - WARNING - DNS lookup failed for kafka:29092, exception was [Errno -2] Name or service not known. Is your advertised.listeners (called advertised.host.name before Kafka 9) correct and resolvable?
[2025-12-04T15:20:50.489+0000] {subprocess.py:93} INFO - 2025-12-04 15:20:50,487 - kafka.conn - ERROR - <BrokerConnection client_id=kafka-python-2.3.0, node_id=1 host=kafka:29092 <connecting> [IPv4 ('172.20.0.4', 29092)]>: DNS lookup failed for kafka:29092 (AddressFamily.AF_UNSPEC)
[2025-12-04T15:20:50.490+0000] {subprocess.py:93} INFO - 2025-12-04 15:20:50,487 - kafka.conn - ERROR - <BrokerConnection client_id=kafka-python-2.3.0, node_id=1 host=kafka:29092 <connecting> [IPv4 ('172.20.0.4', 29092)]>: Closing connection. KafkaConnectionError: DNS failure
[2025-12-04T15:20:50.492+0000] {subprocess.py:93} INFO - 2025-12-04 15:20:50,488 - kafka.client - WARNING - Node 1 connection failed -- refreshing metadata
[2025-12-04T15:21:16.361+0000] {subprocess.py:93} INFO - 2025-12-04 15:21:16,360 - kafka.conn - WARNING - DNS lookup failed for kafka:29092, exception was [Errno -2] Name or service not known. Is your advertised.listeners (called advertised.host.name before Kafka 9) correct and resolvable?
[2025-12-04T15:21:16.363+0000] {subprocess.py:93} INFO - 2025-12-04 15:21:16,361 - kafka.conn - ERROR - <BrokerConnection client_id=kafka-python-producer-1, node_id=1 host=kafka:29092 <connecting> [IPv4 ('172.20.0.4', 29092)]>: DNS lookup failed for kafka:29092 (AddressFamily.AF_UNSPEC)
[2025-12-04T15:21:16.365+0000] {subprocess.py:93} INFO - 2025-12-04 15:21:16,361 - kafka.conn - ERROR - <BrokerConnection client_id=kafka-python-producer-1, node_id=1 host=kafka:29092 <connecting> [IPv4 ('172.20.0.4', 29092)]>: Closing connection. KafkaConnectionError: DNS failure
[2025-12-04T15:21:16.371+0000] {subprocess.py:93} INFO - 2025-12-04 15:21:16,361 - kafka.client - WARNING - Node 1 connection failed -- refreshing metadata
[2025-12-04T15:21:26.563+0000] {subprocess.py:93} INFO - 2025-12-04 15:21:26,563 - kafka.conn - WARNING - DNS lookup failed for kafka:29092, exception was [Errno -2] Name or service not known. Is your advertised.listeners (called advertised.host.name before Kafka 9) correct and resolvable?
[2025-12-04T15:21:26.601+0000] {subprocess.py:93} INFO - 2025-12-04 15:21:26,563 - kafka.conn - ERROR - <BrokerConnection client_id=kafka-python-2.3.0, node_id=1 host=kafka:29092 <connecting> [IPv4 ('172.20.0.4', 29092)]>: DNS lookup failed for kafka:29092 (AddressFamily.AF_UNSPEC)
[2025-12-04T15:21:26.603+0000] {subprocess.py:93} INFO - 2025-12-04 15:21:26,563 - kafka.conn - ERROR - <BrokerConnection client_id=kafka-python-2.3.0, node_id=1 host=kafka:29092 <connecting> [IPv4 ('172.20.0.4', 29092)]>: Closing connection. KafkaConnectionError: DNS failure
[2025-12-04T15:21:26.605+0000] {subprocess.py:93} INFO - 2025-12-04 15:21:26,563 - kafka.client - WARNING - Node 1 connection failed -- refreshing metadata
[2025-12-04T15:21:51.025+0000] {subprocess.py:93} INFO - 2025-12-04 15:21:51,025 - kafka.conn - WARNING - DNS lookup failed for kafka:29092, exception was [Errno -2] Name or service not known. Is your advertised.listeners (called advertised.host.name before Kafka 9) correct and resolvable?
[2025-12-04T15:21:51.054+0000] {subprocess.py:93} INFO - 2025-12-04 15:21:51,025 - kafka.conn - ERROR - <BrokerConnection client_id=kafka-python-producer-1, node_id=1 host=kafka:29092 <connecting> [IPv4 ('172.20.0.4', 29092)]>: DNS lookup failed for kafka:29092 (AddressFamily.AF_UNSPEC)
[2025-12-04T15:21:51.080+0000] {subprocess.py:93} INFO - 2025-12-04 15:21:51,025 - kafka.conn - ERROR - <BrokerConnection client_id=kafka-python-producer-1, node_id=1 host=kafka:29092 <connecting> [IPv4 ('172.20.0.4', 29092)]>: Closing connection. KafkaConnectionError: DNS failure
[2025-12-04T15:21:51.085+0000] {subprocess.py:93} INFO - 2025-12-04 15:21:51,025 - kafka.client - WARNING - Node 1 connection failed -- refreshing metadata
[2025-12-04T15:21:51.600+0000] {subprocess.py:93} INFO - 2025-12-04 15:21:51,600 - kafka.conn - WARNING - DNS lookup failed for kafka:29092, exception was [Errno -2] Name or service not known. Is your advertised.listeners (called advertised.host.name before Kafka 9) correct and resolvable?
[2025-12-04T15:21:51.625+0000] {subprocess.py:93} INFO - 2025-12-04 15:21:51,600 - kafka.conn - ERROR - <BrokerConnection client_id=kafka-python-2.3.0, node_id=1 host=kafka:29092 <connecting> [IPv4 ('172.20.0.4', 29092)]>: DNS lookup failed for kafka:29092 (AddressFamily.AF_UNSPEC)
[2025-12-04T15:21:51.634+0000] {subprocess.py:93} INFO - 2025-12-04 15:21:51,600 - kafka.conn - ERROR - <BrokerConnection client_id=kafka-python-2.3.0, node_id=1 host=kafka:29092 <connecting> [IPv4 ('172.20.0.4', 29092)]>: Closing connection. KafkaConnectionError: DNS failure
[2025-12-04T15:21:51.641+0000] {subprocess.py:93} INFO - 2025-12-04 15:21:51,601 - kafka.client - WARNING - Node 1 connection failed -- refreshing metadata
[2025-12-04T15:22:15.922+0000] {subprocess.py:93} INFO - 2025-12-04 15:22:15,921 - kafka.conn - WARNING - DNS lookup failed for kafka:29092, exception was [Errno -2] Name or service not known. Is your advertised.listeners (called advertised.host.name before Kafka 9) correct and resolvable?
[2025-12-04T15:22:15.924+0000] {subprocess.py:93} INFO - 2025-12-04 15:22:15,922 - kafka.conn - ERROR - <BrokerConnection client_id=kafka-python-2.3.0, node_id=1 host=kafka:29092 <connecting> [IPv4 ('172.20.0.4', 29092)]>: DNS lookup failed for kafka:29092 (AddressFamily.AF_UNSPEC)
[2025-12-04T15:22:15.925+0000] {subprocess.py:93} INFO - 2025-12-04 15:22:15,922 - kafka.conn - ERROR - <BrokerConnection client_id=kafka-python-2.3.0, node_id=1 host=kafka:29092 <connecting> [IPv4 ('172.20.0.4', 29092)]>: Closing connection. KafkaConnectionError: DNS failure
[2025-12-04T15:22:15.926+0000] {subprocess.py:93} INFO - 2025-12-04 15:22:15,922 - kafka.client - WARNING - Node 1 connection failed -- refreshing metadata
[2025-12-04T15:22:25.942+0000] {subprocess.py:93} INFO - 2025-12-04 15:22:25,941 - kafka.conn - WARNING - DNS lookup failed for kafka:29092, exception was [Errno -2] Name or service not known. Is your advertised.listeners (called advertised.host.name before Kafka 9) correct and resolvable?
[2025-12-04T15:22:25.944+0000] {subprocess.py:93} INFO - 2025-12-04 15:22:25,942 - kafka.conn - ERROR - <BrokerConnection client_id=kafka-python-producer-1, node_id=1 host=kafka:29092 <connecting> [IPv4 ('172.20.0.4', 29092)]>: DNS lookup failed for kafka:29092 (AddressFamily.AF_UNSPEC)
[2025-12-04T15:22:25.946+0000] {subprocess.py:93} INFO - 2025-12-04 15:22:25,942 - kafka.conn - ERROR - <BrokerConnection client_id=kafka-python-producer-1, node_id=1 host=kafka:29092 <connecting> [IPv4 ('172.20.0.4', 29092)]>: Closing connection. KafkaConnectionError: DNS failure
[2025-12-04T15:22:25.948+0000] {subprocess.py:93} INFO - 2025-12-04 15:22:25,943 - kafka.client - WARNING - Node 1 connection failed -- refreshing metadata
[2025-12-04T15:22:47.757+0000] {subprocess.py:93} INFO - 2025-12-04 15:22:47,756 - kafka.conn - WARNING - DNS lookup failed for kafka:29092, exception was [Errno -2] Name or service not known. Is your advertised.listeners (called advertised.host.name before Kafka 9) correct and resolvable?
[2025-12-04T15:22:47.759+0000] {subprocess.py:93} INFO - 2025-12-04 15:22:47,757 - kafka.conn - ERROR - <BrokerConnection client_id=kafka-python-2.3.0, node_id=1 host=kafka:29092 <connecting> [IPv4 ('172.20.0.4', 29092)]>: DNS lookup failed for kafka:29092 (AddressFamily.AF_UNSPEC)
[2025-12-04T15:22:47.760+0000] {subprocess.py:93} INFO - 2025-12-04 15:22:47,757 - kafka.conn - ERROR - <BrokerConnection client_id=kafka-python-2.3.0, node_id=1 host=kafka:29092 <connecting> [IPv4 ('172.20.0.4', 29092)]>: Closing connection. KafkaConnectionError: DNS failure
[2025-12-04T15:22:47.762+0000] {subprocess.py:93} INFO - 2025-12-04 15:22:47,757 - kafka.client - WARNING - Node 1 connection failed -- refreshing metadata
[2025-12-04T15:23:01.891+0000] {subprocess.py:93} INFO - 2025-12-04 15:23:01,891 - kafka.conn - WARNING - DNS lookup failed for kafka:29092, exception was [Errno -2] Name or service not known. Is your advertised.listeners (called advertised.host.name before Kafka 9) correct and resolvable?
[2025-12-04T15:23:01.893+0000] {subprocess.py:93} INFO - 2025-12-04 15:23:01,891 - kafka.conn - ERROR - <BrokerConnection client_id=kafka-python-producer-1, node_id=1 host=kafka:29092 <connecting> [IPv4 ('172.20.0.4', 29092)]>: DNS lookup failed for kafka:29092 (AddressFamily.AF_UNSPEC)
[2025-12-04T15:23:01.894+0000] {subprocess.py:93} INFO - 2025-12-04 15:23:01,891 - kafka.conn - ERROR - <BrokerConnection client_id=kafka-python-producer-1, node_id=1 host=kafka:29092 <connecting> [IPv4 ('172.20.0.4', 29092)]>: Closing connection. KafkaConnectionError: DNS failure
[2025-12-04T15:23:01.896+0000] {subprocess.py:93} INFO - 2025-12-04 15:23:01,892 - kafka.client - WARNING - Node 1 connection failed -- refreshing metadata
[2025-12-04T15:23:31.184+0000] {subprocess.py:93} INFO - 2025-12-04 15:23:31,183 - kafka.conn - WARNING - DNS lookup failed for kafka:29092, exception was [Errno -2] Name or service not known. Is your advertised.listeners (called advertised.host.name before Kafka 9) correct and resolvable?
[2025-12-04T15:23:31.186+0000] {subprocess.py:93} INFO - 2025-12-04 15:23:31,184 - kafka.conn - ERROR - <BrokerConnection client_id=kafka-python-2.3.0, node_id=1 host=kafka:29092 <connecting> [IPv4 ('172.20.0.4', 29092)]>: DNS lookup failed for kafka:29092 (AddressFamily.AF_UNSPEC)
[2025-12-04T15:23:31.187+0000] {subprocess.py:93} INFO - 2025-12-04 15:23:31,184 - kafka.conn - ERROR - <BrokerConnection client_id=kafka-python-2.3.0, node_id=1 host=kafka:29092 <connecting> [IPv4 ('172.20.0.4', 29092)]>: Closing connection. KafkaConnectionError: DNS failure
[2025-12-04T15:23:31.188+0000] {subprocess.py:93} INFO - 2025-12-04 15:23:31,184 - kafka.client - WARNING - Node 1 connection failed -- refreshing metadata
[2025-12-04T15:23:39.631+0000] {subprocess.py:93} INFO - 2025-12-04 15:23:39,630 - kafka.conn - WARNING - DNS lookup failed for kafka:29092, exception was [Errno -2] Name or service not known. Is your advertised.listeners (called advertised.host.name before Kafka 9) correct and resolvable?
[2025-12-04T15:23:39.633+0000] {subprocess.py:93} INFO - 2025-12-04 15:23:39,631 - kafka.conn - ERROR - <BrokerConnection client_id=kafka-python-producer-1, node_id=1 host=kafka:29092 <connecting> [IPv4 ('172.20.0.4', 29092)]>: DNS lookup failed for kafka:29092 (AddressFamily.AF_UNSPEC)
[2025-12-04T15:23:39.635+0000] {subprocess.py:93} INFO - 2025-12-04 15:23:39,631 - kafka.conn - ERROR - <BrokerConnection client_id=kafka-python-producer-1, node_id=1 host=kafka:29092 <connecting> [IPv4 ('172.20.0.4', 29092)]>: Closing connection. KafkaConnectionError: DNS failure
[2025-12-04T15:23:39.636+0000] {subprocess.py:93} INFO - 2025-12-04 15:23:39,632 - kafka.client - WARNING - Node 1 connection failed -- refreshing metadata
[2025-12-04T15:24:02.151+0000] {subprocess.py:93} INFO - 2025-12-04 15:24:02,150 - kafka.conn - WARNING - DNS lookup failed for kafka:29092, exception was [Errno -2] Name or service not known. Is your advertised.listeners (called advertised.host.name before Kafka 9) correct and resolvable?
[2025-12-04T15:24:02.153+0000] {subprocess.py:93} INFO - 2025-12-04 15:24:02,150 - kafka.conn - ERROR - <BrokerConnection client_id=kafka-python-2.3.0, node_id=1 host=kafka:29092 <connecting> [IPv4 ('172.20.0.4', 29092)]>: DNS lookup failed for kafka:29092 (AddressFamily.AF_UNSPEC)
[2025-12-04T15:24:02.154+0000] {subprocess.py:93} INFO - 2025-12-04 15:24:02,151 - kafka.conn - ERROR - <BrokerConnection client_id=kafka-python-2.3.0, node_id=1 host=kafka:29092 <connecting> [IPv4 ('172.20.0.4', 29092)]>: Closing connection. KafkaConnectionError: DNS failure
[2025-12-04T15:24:02.154+0000] {subprocess.py:93} INFO - 2025-12-04 15:24:02,151 - kafka.client - WARNING - Node 1 connection failed -- refreshing metadata
[2025-12-04T15:24:13.631+0000] {subprocess.py:93} INFO - 2025-12-04 15:24:13,631 - kafka.conn - WARNING - DNS lookup failed for kafka:29092, exception was [Errno -2] Name or service not known. Is your advertised.listeners (called advertised.host.name before Kafka 9) correct and resolvable?
[2025-12-04T15:24:13.633+0000] {subprocess.py:93} INFO - 2025-12-04 15:24:13,631 - kafka.conn - ERROR - <BrokerConnection client_id=kafka-python-producer-1, node_id=1 host=kafka:29092 <connecting> [IPv4 ('172.20.0.4', 29092)]>: DNS lookup failed for kafka:29092 (AddressFamily.AF_UNSPEC)
[2025-12-04T15:24:13.633+0000] {subprocess.py:93} INFO - 2025-12-04 15:24:13,631 - kafka.conn - ERROR - <BrokerConnection client_id=kafka-python-producer-1, node_id=1 host=kafka:29092 <connecting> [IPv4 ('172.20.0.4', 29092)]>: Closing connection. KafkaConnectionError: DNS failure
[2025-12-04T15:24:13.634+0000] {subprocess.py:93} INFO - 2025-12-04 15:24:13,631 - kafka.client - WARNING - Node 1 connection failed -- refreshing metadata
[2025-12-04T15:24:29.477+0000] {subprocess.py:93} INFO - 2025-12-04 15:24:29,476 - kafka.conn - WARNING - DNS lookup failed for kafka:29092, exception was [Errno -2] Name or service not known. Is your advertised.listeners (called advertised.host.name before Kafka 9) correct and resolvable?
[2025-12-04T15:24:29.479+0000] {subprocess.py:93} INFO - 2025-12-04 15:24:29,477 - kafka.conn - ERROR - <BrokerConnection client_id=kafka-python-2.3.0, node_id=1 host=kafka:29092 <connecting> [IPv4 ('172.20.0.4', 29092)]>: DNS lookup failed for kafka:29092 (AddressFamily.AF_UNSPEC)
[2025-12-04T15:24:29.480+0000] {subprocess.py:93} INFO - 2025-12-04 15:24:29,477 - kafka.conn - ERROR - <BrokerConnection client_id=kafka-python-2.3.0, node_id=1 host=kafka:29092 <connecting> [IPv4 ('172.20.0.4', 29092)]>: Closing connection. KafkaConnectionError: DNS failure
[2025-12-04T15:24:29.481+0000] {subprocess.py:93} INFO - 2025-12-04 15:24:29,477 - kafka.client - WARNING - Node 1 connection failed -- refreshing metadata
[2025-12-04T15:24:41.774+0000] {subprocess.py:93} INFO - 2025-12-04 15:24:41,772 - kafka.conn - WARNING - DNS lookup failed for kafka:29092, exception was [Errno -2] Name or service not known. Is your advertised.listeners (called advertised.host.name before Kafka 9) correct and resolvable?
[2025-12-04T15:24:41.776+0000] {subprocess.py:93} INFO - 2025-12-04 15:24:41,773 - kafka.conn - ERROR - <BrokerConnection client_id=kafka-python-producer-1, node_id=1 host=kafka:29092 <connecting> [IPv4 ('172.20.0.4', 29092)]>: DNS lookup failed for kafka:29092 (AddressFamily.AF_UNSPEC)
[2025-12-04T15:24:41.777+0000] {subprocess.py:93} INFO - 2025-12-04 15:24:41,773 - kafka.conn - ERROR - <BrokerConnection client_id=kafka-python-producer-1, node_id=1 host=kafka:29092 <connecting> [IPv4 ('172.20.0.4', 29092)]>: Closing connection. KafkaConnectionError: DNS failure
[2025-12-04T15:24:41.779+0000] {subprocess.py:93} INFO - 2025-12-04 15:24:41,773 - kafka.client - WARNING - Node 1 connection failed -- refreshing metadata
[2025-12-04T15:25:04.837+0000] {subprocess.py:93} INFO - 2025-12-04 15:25:04,836 - kafka.conn - WARNING - DNS lookup failed for kafka:29092, exception was [Errno -2] Name or service not known. Is your advertised.listeners (called advertised.host.name before Kafka 9) correct and resolvable?
[2025-12-04T15:25:04.839+0000] {subprocess.py:93} INFO - 2025-12-04 15:25:04,837 - kafka.conn - ERROR - <BrokerConnection client_id=kafka-python-2.3.0, node_id=1 host=kafka:29092 <connecting> [IPv4 ('172.20.0.4', 29092)]>: DNS lookup failed for kafka:29092 (AddressFamily.AF_UNSPEC)
[2025-12-04T15:25:04.842+0000] {subprocess.py:93} INFO - 2025-12-04 15:25:04,837 - kafka.conn - ERROR - <BrokerConnection client_id=kafka-python-2.3.0, node_id=1 host=kafka:29092 <connecting> [IPv4 ('172.20.0.4', 29092)]>: Closing connection. KafkaConnectionError: DNS failure
[2025-12-04T15:25:04.842+0000] {subprocess.py:93} INFO - 2025-12-04 15:25:04,837 - kafka.client - WARNING - Node 1 connection failed -- refreshing metadata
[2025-12-04T15:25:09.796+0000] {subprocess.py:93} INFO - 2025-12-04 15:25:09,796 - kafka.conn - WARNING - DNS lookup failed for kafka:29092, exception was [Errno -2] Name or service not known. Is your advertised.listeners (called advertised.host.name before Kafka 9) correct and resolvable?
[2025-12-04T15:25:09.798+0000] {subprocess.py:93} INFO - 2025-12-04 15:25:09,796 - kafka.conn - ERROR - <BrokerConnection client_id=kafka-python-producer-1, node_id=1 host=kafka:29092 <connecting> [IPv4 ('172.20.0.4', 29092)]>: DNS lookup failed for kafka:29092 (AddressFamily.AF_UNSPEC)
[2025-12-04T15:25:09.799+0000] {subprocess.py:93} INFO - 2025-12-04 15:25:09,796 - kafka.conn - ERROR - <BrokerConnection client_id=kafka-python-producer-1, node_id=1 host=kafka:29092 <connecting> [IPv4 ('172.20.0.4', 29092)]>: Closing connection. KafkaConnectionError: DNS failure
[2025-12-04T15:25:09.801+0000] {subprocess.py:93} INFO - 2025-12-04 15:25:09,796 - kafka.client - WARNING - Node 1 connection failed -- refreshing metadata
[2025-12-04T15:25:39.344+0000] {subprocess.py:93} INFO - 2025-12-04 15:25:39,344 - kafka.conn - WARNING - DNS lookup failed for kafka:29092, exception was [Errno -2] Name or service not known. Is your advertised.listeners (called advertised.host.name before Kafka 9) correct and resolvable?
[2025-12-04T15:25:39.347+0000] {subprocess.py:93} INFO - 2025-12-04 15:25:39,344 - kafka.conn - ERROR - <BrokerConnection client_id=kafka-python-2.3.0, node_id=1 host=kafka:29092 <connecting> [IPv4 ('172.20.0.4', 29092)]>: DNS lookup failed for kafka:29092 (AddressFamily.AF_UNSPEC)
[2025-12-04T15:25:39.348+0000] {subprocess.py:93} INFO - 2025-12-04 15:25:39,344 - kafka.conn - ERROR - <BrokerConnection client_id=kafka-python-2.3.0, node_id=1 host=kafka:29092 <connecting> [IPv4 ('172.20.0.4', 29092)]>: Closing connection. KafkaConnectionError: DNS failure
[2025-12-04T15:25:39.349+0000] {subprocess.py:93} INFO - 2025-12-04 15:25:39,345 - kafka.client - WARNING - Node 1 connection failed -- refreshing metadata
[2025-12-04T15:25:40.124+0000] {subprocess.py:93} INFO - 2025-12-04 15:25:40,124 - kafka.conn - WARNING - DNS lookup failed for kafka:29092, exception was [Errno -2] Name or service not known. Is your advertised.listeners (called advertised.host.name before Kafka 9) correct and resolvable?
[2025-12-04T15:25:40.127+0000] {subprocess.py:93} INFO - 2025-12-04 15:25:40,124 - kafka.conn - ERROR - <BrokerConnection client_id=kafka-python-producer-1, node_id=1 host=kafka:29092 <connecting> [IPv4 ('172.20.0.4', 29092)]>: DNS lookup failed for kafka:29092 (AddressFamily.AF_UNSPEC)
[2025-12-04T15:25:40.128+0000] {subprocess.py:93} INFO - 2025-12-04 15:25:40,124 - kafka.conn - ERROR - <BrokerConnection client_id=kafka-python-producer-1, node_id=1 host=kafka:29092 <connecting> [IPv4 ('172.20.0.4', 29092)]>: Closing connection. KafkaConnectionError: DNS failure
[2025-12-04T15:25:40.129+0000] {subprocess.py:93} INFO - 2025-12-04 15:25:40,125 - kafka.client - WARNING - Node 1 connection failed -- refreshing metadata
[2025-12-04T15:26:05.111+0000] {subprocess.py:93} INFO - 2025-12-04 15:26:05,110 - kafka.conn - WARNING - DNS lookup failed for kafka:29092, exception was [Errno -2] Name or service not known. Is your advertised.listeners (called advertised.host.name before Kafka 9) correct and resolvable?
[2025-12-04T15:26:05.116+0000] {subprocess.py:93} INFO - 2025-12-04 15:26:05,111 - kafka.conn - ERROR - <BrokerConnection client_id=kafka-python-producer-1, node_id=1 host=kafka:29092 <connecting> [IPv4 ('172.20.0.4', 29092)]>: DNS lookup failed for kafka:29092 (AddressFamily.AF_UNSPEC)
[2025-12-04T15:26:05.118+0000] {subprocess.py:93} INFO - 2025-12-04 15:26:05,111 - kafka.conn - ERROR - <BrokerConnection client_id=kafka-python-producer-1, node_id=1 host=kafka:29092 <connecting> [IPv4 ('172.20.0.4', 29092)]>: Closing connection. KafkaConnectionError: DNS failure
[2025-12-04T15:26:05.119+0000] {subprocess.py:93} INFO - 2025-12-04 15:26:05,111 - kafka.client - WARNING - Node 1 connection failed -- refreshing metadata
[2025-12-04T15:26:11.479+0000] {subprocess.py:93} INFO - 2025-12-04 15:26:11,478 - kafka.conn - WARNING - DNS lookup failed for kafka:29092, exception was [Errno -2] Name or service not known. Is your advertised.listeners (called advertised.host.name before Kafka 9) correct and resolvable?
[2025-12-04T15:26:11.482+0000] {subprocess.py:93} INFO - 2025-12-04 15:26:11,479 - kafka.conn - ERROR - <BrokerConnection client_id=kafka-python-2.3.0, node_id=1 host=kafka:29092 <connecting> [IPv4 ('172.20.0.4', 29092)]>: DNS lookup failed for kafka:29092 (AddressFamily.AF_UNSPEC)
[2025-12-04T15:26:11.483+0000] {subprocess.py:93} INFO - 2025-12-04 15:26:11,479 - kafka.conn - ERROR - <BrokerConnection client_id=kafka-python-2.3.0, node_id=1 host=kafka:29092 <connecting> [IPv4 ('172.20.0.4', 29092)]>: Closing connection. KafkaConnectionError: DNS failure
[2025-12-04T15:26:11.484+0000] {subprocess.py:93} INFO - 2025-12-04 15:26:11,480 - kafka.client - WARNING - Node 1 connection failed -- refreshing metadata
[2025-12-04T15:26:36.177+0000] {subprocess.py:93} INFO - 2025-12-04 15:26:36,176 - kafka.conn - WARNING - DNS lookup failed for kafka:29092, exception was [Errno -2] Name or service not known. Is your advertised.listeners (called advertised.host.name before Kafka 9) correct and resolvable?
[2025-12-04T15:26:36.179+0000] {subprocess.py:93} INFO - 2025-12-04 15:26:36,177 - kafka.conn - ERROR - <BrokerConnection client_id=kafka-python-producer-1, node_id=1 host=kafka:29092 <connecting> [IPv4 ('172.20.0.4', 29092)]>: DNS lookup failed for kafka:29092 (AddressFamily.AF_UNSPEC)
[2025-12-04T15:26:36.181+0000] {subprocess.py:93} INFO - 2025-12-04 15:26:36,177 - kafka.conn - ERROR - <BrokerConnection client_id=kafka-python-producer-1, node_id=1 host=kafka:29092 <connecting> [IPv4 ('172.20.0.4', 29092)]>: Closing connection. KafkaConnectionError: DNS failure
[2025-12-04T15:26:36.183+0000] {subprocess.py:93} INFO - 2025-12-04 15:26:36,177 - kafka.client - WARNING - Node 1 connection failed -- refreshing metadata
[2025-12-04T15:26:37.784+0000] {local_task_job_runner.py:121} ERROR - Received SIGTERM. Terminating subprocesses
[2025-12-04T15:26:38.018+0000] {process_utils.py:131} INFO - Sending 15 to group 292. PIDs of all processes in the group: [293, 292]
[2025-12-04T15:26:38.050+0000] {process_utils.py:86} INFO - Sending the signal 15 to group 292
[2025-12-04T15:26:38.154+0000] {taskinstance.py:2450} ERROR - Received SIGTERM. Terminating subprocesses.
[2025-12-04T15:26:38.189+0000] {subprocess.py:104} INFO - Sending SIGTERM signal to process group
