[2025-12-08T09:22:09.902+0000] {taskinstance.py:1956} INFO - Dependencies all met for dep_context=non-requeueable deps ti=<TaskInstance: email_intelligence_pipeline.gmail_extraction manual__2025-12-08T09:22:08.158102+00:00 [queued]>
[2025-12-08T09:22:09.922+0000] {taskinstance.py:1956} INFO - Dependencies all met for dep_context=requeueable deps ti=<TaskInstance: email_intelligence_pipeline.gmail_extraction manual__2025-12-08T09:22:08.158102+00:00 [queued]>
[2025-12-08T09:22:09.924+0000] {taskinstance.py:2170} INFO - Starting attempt 1 of 1
[2025-12-08T09:22:09.960+0000] {taskinstance.py:2191} INFO - Executing <Task(BashOperator): gmail_extraction> on 2025-12-08 09:22:08.158102+00:00
[2025-12-08T09:22:09.973+0000] {standard_task_runner.py:60} INFO - Started process 186 to run task
[2025-12-08T09:22:09.988+0000] {standard_task_runner.py:87} INFO - Running: ['***', 'tasks', 'run', 'email_intelligence_pipeline', 'gmail_extraction', 'manual__2025-12-08T09:22:08.158102+00:00', '--job-id', '227', '--raw', '--subdir', 'DAGS_FOLDER/email_pipeline_dag.py', '--cfg-path', '/tmp/tmpdf4hg1em']
[2025-12-08T09:22:09.992+0000] {standard_task_runner.py:88} INFO - Job 227: Subtask gmail_extraction
[2025-12-08T09:22:10.350+0000] {task_command.py:423} INFO - Running <TaskInstance: email_intelligence_pipeline.gmail_extraction manual__2025-12-08T09:22:08.158102+00:00 [running]> on host 3db08845f297
[2025-12-08T09:22:10.497+0000] {taskinstance.py:2480} INFO - Exporting env vars: AIRFLOW_CTX_DAG_OWNER='data_team' AIRFLOW_CTX_DAG_ID='email_intelligence_pipeline' AIRFLOW_CTX_TASK_ID='gmail_extraction' AIRFLOW_CTX_EXECUTION_DATE='2025-12-08T09:22:08.158102+00:00' AIRFLOW_CTX_TRY_NUMBER='1' AIRFLOW_CTX_DAG_RUN_ID='manual__2025-12-08T09:22:08.158102+00:00'
[2025-12-08T09:22:10.499+0000] {subprocess.py:63} INFO - Tmp dir root location: /tmp
[2025-12-08T09:22:10.500+0000] {subprocess.py:75} INFO - Running command: ['/usr/bin/bash', '-c', 'python /opt/***/kafka/Producer/email_producer.py']
[2025-12-08T09:22:10.510+0000] {subprocess.py:86} INFO - Output:
[2025-12-08T09:22:12.247+0000] {subprocess.py:93} INFO - 2025-12-08 09:22:12,246 - __main__ - INFO - 🚀 Starting Producer + Consumer...
[2025-12-08T09:22:12.248+0000] {subprocess.py:93} INFO - 2025-12-08 09:22:12,247 - __main__ - INFO - 🔐 Authenticating with Gmail API...
[2025-12-08T09:22:12.699+0000] {subprocess.py:93} INFO - 2025-12-08 09:22:12,698 - googleapiclient.discovery_cache - INFO - file_cache is only supported with oauth2client<4.0.0
[2025-12-08T09:22:12.721+0000] {subprocess.py:93} INFO - 2025-12-08 09:22:12,720 - __main__ - INFO - 📨 Connecting to Kafka...
[2025-12-08T09:22:16.729+0000] {subprocess.py:93} INFO - 2025-12-08 09:22:16,727 - kafka.conn - WARNING - DNS lookup failed for kafka:29092, exception was [Errno -5] No address associated with hostname. Is your advertised.listeners (called advertised.host.name before Kafka 9) correct and resolvable?
[2025-12-08T09:22:16.732+0000] {subprocess.py:93} INFO - 2025-12-08 09:22:16,728 - kafka.conn - ERROR - <BrokerConnection client_id=kafka-python-producer-1, node_id=bootstrap-0 host=kafka:29092 <connecting> [unspecified None]>: DNS lookup failed for kafka:29092 (AddressFamily.AF_UNSPEC)
[2025-12-08T09:22:16.734+0000] {subprocess.py:93} INFO - 2025-12-08 09:22:16,729 - kafka.conn - ERROR - <BrokerConnection client_id=kafka-python-producer-1, node_id=bootstrap-0 host=kafka:29092 <connecting> [unspecified None]>: Closing connection. KafkaConnectionError: DNS failure
[2025-12-08T09:22:16.755+0000] {subprocess.py:93} INFO - 2025-12-08 09:22:16,730 - __main__ - ERROR - ❌ Error: NoBrokersAvailable
[2025-12-08T09:22:16.758+0000] {subprocess.py:93} INFO - Traceback (most recent call last):
[2025-12-08T09:22:16.759+0000] {subprocess.py:93} INFO -   File "/opt/***/kafka/Producer/email_producer.py", line 235, in main
[2025-12-08T09:22:16.760+0000] {subprocess.py:93} INFO -     producer = KafkaProducer(
[2025-12-08T09:22:16.761+0000] {subprocess.py:93} INFO -   File "/home/***/.local/lib/python3.8/site-packages/kafka/producer/kafka.py", line 485, in __init__
[2025-12-08T09:22:16.763+0000] {subprocess.py:93} INFO -     client = self.config['kafka_client'](
[2025-12-08T09:22:16.764+0000] {subprocess.py:93} INFO -   File "/home/***/.local/lib/python3.8/site-packages/kafka/client_async.py", line 262, in __init__
[2025-12-08T09:22:16.765+0000] {subprocess.py:93} INFO -     self.config['api_version'] = self.check_version()
[2025-12-08T09:22:16.766+0000] {subprocess.py:93} INFO -   File "/home/***/.local/lib/python3.8/site-packages/kafka/client_async.py", line 1076, in check_version
[2025-12-08T09:22:16.767+0000] {subprocess.py:93} INFO -     raise Errors.NoBrokersAvailable()
[2025-12-08T09:22:16.768+0000] {subprocess.py:93} INFO - kafka.errors.NoBrokersAvailable: NoBrokersAvailable
[2025-12-08T09:22:16.776+0000] {subprocess.py:93} INFO - Traceback (most recent call last):
[2025-12-08T09:22:16.777+0000] {subprocess.py:93} INFO -   File "/opt/***/kafka/Producer/email_producer.py", line 273, in <module>
[2025-12-08T09:22:16.779+0000] {subprocess.py:93} INFO -     main()
[2025-12-08T09:22:16.779+0000] {subprocess.py:93} INFO -   File "/opt/***/kafka/Producer/email_producer.py", line 235, in main
[2025-12-08T09:22:16.780+0000] {subprocess.py:93} INFO -     producer = KafkaProducer(
[2025-12-08T09:22:16.782+0000] {subprocess.py:93} INFO -   File "/home/***/.local/lib/python3.8/site-packages/kafka/producer/kafka.py", line 485, in __init__
[2025-12-08T09:22:16.783+0000] {subprocess.py:93} INFO -     client = self.config['kafka_client'](
[2025-12-08T09:22:16.784+0000] {subprocess.py:93} INFO -   File "/home/***/.local/lib/python3.8/site-packages/kafka/client_async.py", line 262, in __init__
[2025-12-08T09:22:16.785+0000] {subprocess.py:93} INFO -     self.config['api_version'] = self.check_version()
[2025-12-08T09:22:16.786+0000] {subprocess.py:93} INFO -   File "/home/***/.local/lib/python3.8/site-packages/kafka/client_async.py", line 1076, in check_version
[2025-12-08T09:22:16.787+0000] {subprocess.py:93} INFO -     raise Errors.NoBrokersAvailable()
[2025-12-08T09:22:16.788+0000] {subprocess.py:93} INFO - kafka.errors.NoBrokersAvailable: NoBrokersAvailable
[2025-12-08T09:22:16.842+0000] {subprocess.py:97} INFO - Command exited with return code 1
[2025-12-08T09:22:16.857+0000] {taskinstance.py:2698} ERROR - Task failed with exception
Traceback (most recent call last):
  File "/home/airflow/.local/lib/python3.8/site-packages/airflow/models/taskinstance.py", line 428, in _execute_task
    result = execute_callable(context=context, **execute_callable_kwargs)
  File "/home/airflow/.local/lib/python3.8/site-packages/airflow/operators/bash.py", line 212, in execute
    raise AirflowException(
airflow.exceptions.AirflowException: Bash command failed. The command returned a non-zero exit code 1.
[2025-12-08T09:22:16.862+0000] {taskinstance.py:1138} INFO - Marking task as FAILED. dag_id=email_intelligence_pipeline, task_id=gmail_extraction, execution_date=20251208T092208, start_date=20251208T092209, end_date=20251208T092216
[2025-12-08T09:22:16.879+0000] {standard_task_runner.py:107} ERROR - Failed to execute job 227 for task gmail_extraction (Bash command failed. The command returned a non-zero exit code 1.; 186)
[2025-12-08T09:22:16.929+0000] {local_task_job_runner.py:234} INFO - Task exited with return code 1
[2025-12-08T09:22:16.971+0000] {taskinstance.py:3280} INFO - 1 downstream tasks scheduled from follow-on schedule check
