[2025-12-11T09:04:08.990+0000] {taskinstance.py:1956} INFO - Dependencies all met for dep_context=non-requeueable deps ti=<TaskInstance: email_intelligence_pipeline.gmail_extraction manual__2025-12-11T09:04:07.204102+00:00 [queued]>
[2025-12-11T09:04:09.003+0000] {taskinstance.py:1956} INFO - Dependencies all met for dep_context=requeueable deps ti=<TaskInstance: email_intelligence_pipeline.gmail_extraction manual__2025-12-11T09:04:07.204102+00:00 [queued]>
[2025-12-11T09:04:09.004+0000] {taskinstance.py:2170} INFO - Starting attempt 1 of 1
[2025-12-11T09:04:09.025+0000] {taskinstance.py:2191} INFO - Executing <Task(BashOperator): gmail_extraction> on 2025-12-11 09:04:07.204102+00:00
[2025-12-11T09:04:09.033+0000] {standard_task_runner.py:60} INFO - Started process 1775 to run task
[2025-12-11T09:04:09.039+0000] {standard_task_runner.py:87} INFO - Running: ['***', 'tasks', 'run', 'email_intelligence_pipeline', 'gmail_extraction', 'manual__2025-12-11T09:04:07.204102+00:00', '--job-id', '484', '--raw', '--subdir', 'DAGS_FOLDER/email_pipeline_dag.py', '--cfg-path', '/tmp/tmpudu6ukpl']
[2025-12-11T09:04:09.042+0000] {standard_task_runner.py:88} INFO - Job 484: Subtask gmail_extraction
[2025-12-11T09:04:09.130+0000] {task_command.py:423} INFO - Running <TaskInstance: email_intelligence_pipeline.gmail_extraction manual__2025-12-11T09:04:07.204102+00:00 [running]> on host e428b2e16328
[2025-12-11T09:04:09.315+0000] {taskinstance.py:2480} INFO - Exporting env vars: AIRFLOW_CTX_DAG_OWNER='data_team' AIRFLOW_CTX_DAG_ID='email_intelligence_pipeline' AIRFLOW_CTX_TASK_ID='gmail_extraction' AIRFLOW_CTX_EXECUTION_DATE='2025-12-11T09:04:07.204102+00:00' AIRFLOW_CTX_TRY_NUMBER='1' AIRFLOW_CTX_DAG_RUN_ID='manual__2025-12-11T09:04:07.204102+00:00'
[2025-12-11T09:04:09.319+0000] {subprocess.py:63} INFO - Tmp dir root location: /tmp
[2025-12-11T09:04:09.323+0000] {subprocess.py:75} INFO - Running command: ['/usr/bin/bash', '-c', 'python /opt/***/kafka/Producer/email_producer.py']
[2025-12-11T09:04:09.363+0000] {subprocess.py:86} INFO - Output:
[2025-12-11T09:04:10.867+0000] {subprocess.py:93} INFO - 2025-12-11 09:04:10,867 - __main__ - INFO - 🚀 Starting Producer with JSON Checkpoint Deduplication...
[2025-12-11T09:04:10.868+0000] {subprocess.py:93} INFO - 2025-12-11 09:04:10,867 - __main__ - INFO - 📁 Checkpoint file: /opt/***/email_checkpoint.json
[2025-12-11T09:04:10.869+0000] {subprocess.py:93} INFO - 2025-12-11 09:04:10,867 - __main__ - INFO - 📂 Loading checkpoint...
[2025-12-11T09:04:10.869+0000] {subprocess.py:93} INFO - 2025-12-11 09:04:10,868 - __main__ - INFO - ✓ Checkpoint loaded: 38 messages tracked
[2025-12-11T09:04:10.870+0000] {subprocess.py:93} INFO - 2025-12-11 09:04:10,869 - __main__ - INFO - 🔐 Authenticating with Gmail API...
[2025-12-11T09:04:11.601+0000] {subprocess.py:93} INFO - 2025-12-11 09:04:11,601 - googleapiclient.discovery_cache - INFO - file_cache is only supported with oauth2client<4.0.0
[2025-12-11T09:04:11.604+0000] {subprocess.py:93} INFO - 2025-12-11 09:04:11,604 - __main__ - INFO - 📨 Connecting to Kafka...
[2025-12-11T09:04:11.606+0000] {subprocess.py:93} INFO - 2025-12-11 09:04:11,606 - kafka.conn - INFO - <BrokerConnection client_id=kafka-python-producer-1, node_id=bootstrap-0 host=kafka:29092 <connecting> [IPv4 ('172.20.0.7', 29092)]>: connecting to kafka:29092 [('172.20.0.7', 29092) IPv4]
[2025-12-11T09:04:11.632+0000] {subprocess.py:93} INFO - 2025-12-11 09:04:11,631 - kafka.conn - INFO - <BrokerConnection client_id=kafka-python-producer-1, node_id=bootstrap-0 host=kafka:29092 <checking_api_versions_recv> [IPv4 ('172.20.0.7', 29092)]>: Broker version identified as 2.6
[2025-12-11T09:04:11.634+0000] {subprocess.py:93} INFO - 2025-12-11 09:04:11,632 - kafka.conn - INFO - <BrokerConnection client_id=kafka-python-producer-1, node_id=bootstrap-0 host=kafka:29092 <connected> [IPv4 ('172.20.0.7', 29092)]>: Connection complete.
[2025-12-11T09:04:11.635+0000] {subprocess.py:93} INFO - 2025-12-11 09:04:11,634 - __main__ - INFO - 📧 Fetching recent emails with deduplication...
[2025-12-11T09:04:12.553+0000] {subprocess.py:93} INFO - 2025-12-11 09:04:12,553 - __main__ - INFO - Found 15 emails in last 24 hours
[2025-12-11T09:04:14.544+0000] {subprocess.py:93} INFO - 2025-12-11 09:04:14,543 - __main__ - INFO - ⏭️  Skipping duplicate message: 19b09859d8fd98ff
[2025-12-11T09:04:14.545+0000] {subprocess.py:93} INFO - 2025-12-11 09:04:14,543 - __main__ - INFO - ⏭️  Skipping duplicate message: 19b097ee29b2e12d
[2025-12-11T09:04:14.545+0000] {subprocess.py:93} INFO - 2025-12-11 09:04:14,543 - __main__ - INFO - ⏭️  Skipping duplicate message: 19b097d6c4495ae3
[2025-12-11T09:04:14.546+0000] {subprocess.py:93} INFO - 2025-12-11 09:04:14,543 - __main__ - INFO - ⏭️  Skipping duplicate message: 19b089e68a21a45a
[2025-12-11T09:04:14.549+0000] {subprocess.py:93} INFO - 2025-12-11 09:04:14,543 - __main__ - INFO - ⏭️  Skipping duplicate message: 19b087a052f93e90
[2025-12-11T09:04:14.550+0000] {subprocess.py:93} INFO - 2025-12-11 09:04:14,543 - __main__ - INFO - ⏭️  Skipping duplicate message: 19b086eae3162aa3
[2025-12-11T09:04:14.552+0000] {subprocess.py:93} INFO - 2025-12-11 09:04:14,543 - __main__ - INFO - ⏭️  Skipping duplicate message: 19b085f65f3b7abf
[2025-12-11T09:04:14.553+0000] {subprocess.py:93} INFO - 2025-12-11 09:04:14,543 - __main__ - INFO - ⏭️  Skipping duplicate message: 19b0823a13f3fd6d
[2025-12-11T09:04:14.554+0000] {subprocess.py:93} INFO - 2025-12-11 09:04:14,543 - __main__ - INFO - ⏭️  Skipping duplicate message: 19b07fe6b30edc68
[2025-12-11T09:04:14.556+0000] {subprocess.py:93} INFO - 2025-12-11 09:04:14,543 - __main__ - INFO - ⏭️  Skipping duplicate message: 19b07f18b5acac29
[2025-12-11T09:04:14.557+0000] {subprocess.py:93} INFO - 2025-12-11 09:04:14,544 - __main__ - INFO - ⏭️  Skipping duplicate message: 19b0783cc3af75be
[2025-12-11T09:04:14.558+0000] {subprocess.py:93} INFO - 2025-12-11 09:04:14,544 - __main__ - INFO - 📊 Deduplication: 11 duplicates skipped, 4 new emails
[2025-12-11T09:04:14.559+0000] {subprocess.py:93} INFO - 2025-12-11 09:04:14,545 - kafka.conn - INFO - <BrokerConnection client_id=kafka-python-producer-1, node_id=1 host=kafka:29092 <connecting> [IPv4 ('172.20.0.7', 29092)]>: connecting to kafka:29092 [('172.20.0.7', 29092) IPv4]
[2025-12-11T09:04:14.559+0000] {subprocess.py:93} INFO - 2025-12-11 09:04:14,546 - kafka.conn - INFO - <BrokerConnection client_id=kafka-python-producer-1, node_id=1 host=kafka:29092 <connected> [IPv4 ('172.20.0.7', 29092)]>: Connection complete.
[2025-12-11T09:04:14.560+0000] {subprocess.py:93} INFO - 2025-12-11 09:04:14,546 - kafka.conn - INFO - <BrokerConnection client_id=kafka-python-producer-1, node_id=bootstrap-0 host=kafka:29092 <connected> [IPv4 ('172.20.0.7', 29092)]>: Closing connection.
[2025-12-11T09:04:14.605+0000] {subprocess.py:93} INFO - 2025-12-11 09:04:14,605 - __main__ - INFO - ✓ Email sent to Kafka - Offset: 122 - Message: 19b0c7287c5bccca
[2025-12-11T09:04:14.614+0000] {subprocess.py:93} INFO - 2025-12-11 09:04:14,613 - __main__ - INFO - ✓ Email sent to Kafka - Offset: 123 - Message: 19b0bae6d9796205
[2025-12-11T09:04:14.620+0000] {subprocess.py:93} INFO - 2025-12-11 09:04:14,620 - __main__ - INFO - ✓ Email sent to Kafka - Offset: 124 - Message: 19b0a43632b0c6c8
[2025-12-11T09:04:14.624+0000] {subprocess.py:93} INFO - 2025-12-11 09:04:14,624 - __main__ - INFO - ✓ Email sent to Kafka - Offset: 125 - Message: 19b0a19ad4ace8a8
[2025-12-11T09:04:14.625+0000] {subprocess.py:93} INFO - 2025-12-11 09:04:14,624 - __main__ - INFO - ✅ Successfully sent 4 NEW emails to Kafka
[2025-12-11T09:04:14.627+0000] {subprocess.py:93} INFO - 2025-12-11 09:04:14,624 - __main__ - INFO - 💾 Saving checkpoint...
[2025-12-11T09:04:14.628+0000] {subprocess.py:93} INFO - 2025-12-11 09:04:14,625 - __main__ - INFO - ✓ Checkpoint saved: 42 total messages processed
[2025-12-11T09:04:14.629+0000] {subprocess.py:93} INFO - 2025-12-11 09:04:14,626 - kafka.producer.kafka - INFO - <KafkaProducer client_id=kafka-python-producer-1 transactional_id=None>: Closing the Kafka producer with 9223372036.0 secs timeout.
[2025-12-11T09:04:14.630+0000] {subprocess.py:93} INFO - 2025-12-11 09:04:14,626 - kafka.conn - INFO - <BrokerConnection client_id=kafka-python-producer-1, node_id=1 host=kafka:29092 <connected> [IPv4 ('172.20.0.7', 29092)]>: Closing connection.
[2025-12-11T09:04:14.632+0000] {subprocess.py:93} INFO - 2025-12-11 09:04:14,627 - __main__ - INFO - 📤 Kafka producer closed
[2025-12-11T09:04:14.693+0000] {subprocess.py:97} INFO - Command exited with return code 0
[2025-12-11T09:04:14.730+0000] {taskinstance.py:1138} INFO - Marking task as SUCCESS. dag_id=email_intelligence_pipeline, task_id=gmail_extraction, execution_date=20251211T090407, start_date=20251211T090408, end_date=20251211T090414
[2025-12-11T09:04:14.781+0000] {local_task_job_runner.py:234} INFO - Task exited with return code 0
[2025-12-11T09:04:14.824+0000] {taskinstance.py:3280} INFO - 1 downstream tasks scheduled from follow-on schedule check
