[2025-12-04T14:45:27.197+0000] {taskinstance.py:1956} INFO - Dependencies all met for dep_context=non-requeueable deps ti=<TaskInstance: email_pipeline_dag.kafka_producer manual__2025-12-04T14:45:26.209081+00:00 [queued]>
[2025-12-04T14:45:27.206+0000] {taskinstance.py:1956} INFO - Dependencies all met for dep_context=requeueable deps ti=<TaskInstance: email_pipeline_dag.kafka_producer manual__2025-12-04T14:45:26.209081+00:00 [queued]>
[2025-12-04T14:45:27.207+0000] {taskinstance.py:2170} INFO - Starting attempt 1 of 2
[2025-12-04T14:45:27.226+0000] {taskinstance.py:2191} INFO - Executing <Task(BashOperator): kafka_producer> on 2025-12-04 14:45:26.209081+00:00
[2025-12-04T14:45:27.234+0000] {standard_task_runner.py:60} INFO - Started process 431 to run task
[2025-12-04T14:45:27.238+0000] {standard_task_runner.py:87} INFO - Running: ['***', 'tasks', 'run', 'email_pipeline_dag', 'kafka_producer', 'manual__2025-12-04T14:45:26.209081+00:00', '--job-id', '16', '--raw', '--subdir', 'DAGS_FOLDER/email_pipeline_dag.py', '--cfg-path', '/tmp/tmpoig59g3t']
[2025-12-04T14:45:27.240+0000] {standard_task_runner.py:88} INFO - Job 16: Subtask kafka_producer
[2025-12-04T14:45:27.434+0000] {task_command.py:423} INFO - Running <TaskInstance: email_pipeline_dag.kafka_producer manual__2025-12-04T14:45:26.209081+00:00 [running]> on host 6e7292567bd4
[2025-12-04T14:45:27.520+0000] {taskinstance.py:2480} INFO - Exporting env vars: AIRFLOW_CTX_DAG_OWNER='***' AIRFLOW_CTX_DAG_ID='email_pipeline_dag' AIRFLOW_CTX_TASK_ID='kafka_producer' AIRFLOW_CTX_EXECUTION_DATE='2025-12-04T14:45:26.209081+00:00' AIRFLOW_CTX_TRY_NUMBER='1' AIRFLOW_CTX_DAG_RUN_ID='manual__2025-12-04T14:45:26.209081+00:00'
[2025-12-04T14:45:27.522+0000] {subprocess.py:63} INFO - Tmp dir root location: /tmp
[2025-12-04T14:45:27.523+0000] {subprocess.py:75} INFO - Running command: ['/usr/bin/bash', '-c', 'python /opt/***/kafka/Producer/email_producer.py']
[2025-12-04T14:45:27.536+0000] {subprocess.py:86} INFO - Output:
[2025-12-04T14:45:28.221+0000] {subprocess.py:93} INFO - 2025-12-04 14:45:28,220 - __main__ - INFO - 🚀 Starting Producer + Consumer...
[2025-12-04T14:45:28.222+0000] {subprocess.py:93} INFO - 2025-12-04 14:45:28,220 - __main__ - INFO - 🔐 Authenticating with Gmail API...
[2025-12-04T14:45:28.228+0000] {subprocess.py:93} INFO - 2025-12-04 14:45:28,221 - __main__ - ERROR - ❌ Error: [Errno 2] No such file or directory: 'credentials.json'
[2025-12-04T14:45:28.229+0000] {subprocess.py:93} INFO - Traceback (most recent call last):
[2025-12-04T14:45:28.230+0000] {subprocess.py:93} INFO -   File "/opt/***/kafka/Producer/email_producer.py", line 226, in main
[2025-12-04T14:45:28.231+0000] {subprocess.py:93} INFO -     service = authenticate_gmail()
[2025-12-04T14:45:28.231+0000] {subprocess.py:93} INFO -   File "/opt/***/kafka/Producer/email_producer.py", line 48, in authenticate_gmail
[2025-12-04T14:45:28.231+0000] {subprocess.py:93} INFO -     flow = InstalledAppFlow.from_client_secrets_file(
[2025-12-04T14:45:28.232+0000] {subprocess.py:93} INFO -   File "/home/***/.local/lib/python3.8/site-packages/google_auth_oauthlib/flow.py", line 198, in from_client_secrets_file
[2025-12-04T14:45:28.232+0000] {subprocess.py:93} INFO -     with open(client_secrets_file, "r") as json_file:
[2025-12-04T14:45:28.233+0000] {subprocess.py:93} INFO - FileNotFoundError: [Errno 2] No such file or directory: 'credentials.json'
[2025-12-04T14:45:28.239+0000] {subprocess.py:93} INFO - Traceback (most recent call last):
[2025-12-04T14:45:28.240+0000] {subprocess.py:93} INFO -   File "/opt/***/kafka/Producer/email_producer.py", line 264, in <module>
[2025-12-04T14:45:28.241+0000] {subprocess.py:93} INFO -     main()
[2025-12-04T14:45:28.241+0000] {subprocess.py:93} INFO -   File "/opt/***/kafka/Producer/email_producer.py", line 226, in main
[2025-12-04T14:45:28.242+0000] {subprocess.py:93} INFO -     service = authenticate_gmail()
[2025-12-04T14:45:28.243+0000] {subprocess.py:93} INFO -   File "/opt/***/kafka/Producer/email_producer.py", line 48, in authenticate_gmail
[2025-12-04T14:45:28.243+0000] {subprocess.py:93} INFO -     flow = InstalledAppFlow.from_client_secrets_file(
[2025-12-04T14:45:28.245+0000] {subprocess.py:93} INFO -   File "/home/***/.local/lib/python3.8/site-packages/google_auth_oauthlib/flow.py", line 198, in from_client_secrets_file
[2025-12-04T14:45:28.245+0000] {subprocess.py:93} INFO -     with open(client_secrets_file, "r") as json_file:
[2025-12-04T14:45:28.246+0000] {subprocess.py:93} INFO - FileNotFoundError: [Errno 2] No such file or directory: 'credentials.json'
[2025-12-04T14:45:28.301+0000] {subprocess.py:97} INFO - Command exited with return code 1
[2025-12-04T14:45:28.312+0000] {taskinstance.py:2698} ERROR - Task failed with exception
Traceback (most recent call last):
  File "/home/airflow/.local/lib/python3.8/site-packages/airflow/models/taskinstance.py", line 433, in _execute_task
    result = execute_callable(context=context, **execute_callable_kwargs)
  File "/home/airflow/.local/lib/python3.8/site-packages/airflow/operators/bash.py", line 212, in execute
    raise AirflowException(
airflow.exceptions.AirflowException: Bash command failed. The command returned a non-zero exit code 1.
[2025-12-04T14:45:28.315+0000] {taskinstance.py:1138} INFO - Marking task as UP_FOR_RETRY. dag_id=email_pipeline_dag, task_id=kafka_producer, execution_date=20251204T144526, start_date=20251204T144527, end_date=20251204T144528
[2025-12-04T14:45:28.326+0000] {standard_task_runner.py:107} ERROR - Failed to execute job 16 for task kafka_producer (Bash command failed. The command returned a non-zero exit code 1.; 431)
[2025-12-04T14:45:28.368+0000] {local_task_job_runner.py:234} INFO - Task exited with return code 1
[2025-12-04T14:45:28.412+0000] {taskinstance.py:3280} INFO - 0 downstream tasks scheduled from follow-on schedule check
