[2025-12-04T14:59:02.584+0000] {taskinstance.py:1956} INFO - Dependencies all met for dep_context=non-requeueable deps ti=<TaskInstance: email_pipeline_dag.kafka_producer manual__2025-12-04T14:59:01.582237+00:00 [queued]>
[2025-12-04T14:59:02.594+0000] {taskinstance.py:1956} INFO - Dependencies all met for dep_context=requeueable deps ti=<TaskInstance: email_pipeline_dag.kafka_producer manual__2025-12-04T14:59:01.582237+00:00 [queued]>
[2025-12-04T14:59:02.595+0000] {taskinstance.py:2170} INFO - Starting attempt 1 of 2
[2025-12-04T14:59:02.608+0000] {taskinstance.py:2191} INFO - Executing <Task(BashOperator): kafka_producer> on 2025-12-04 14:59:01.582237+00:00
[2025-12-04T14:59:02.613+0000] {standard_task_runner.py:60} INFO - Started process 299 to run task
[2025-12-04T14:59:02.616+0000] {standard_task_runner.py:87} INFO - Running: ['***', 'tasks', 'run', 'email_pipeline_dag', 'kafka_producer', 'manual__2025-12-04T14:59:01.582237+00:00', '--job-id', '32', '--raw', '--subdir', 'DAGS_FOLDER/email_pipeline_dag.py', '--cfg-path', '/tmp/tmpc8388da8']
[2025-12-04T14:59:02.620+0000] {standard_task_runner.py:88} INFO - Job 32: Subtask kafka_producer
[2025-12-04T14:59:02.724+0000] {task_command.py:423} INFO - Running <TaskInstance: email_pipeline_dag.kafka_producer manual__2025-12-04T14:59:01.582237+00:00 [running]> on host 9661cc5961a1
[2025-12-04T14:59:02.828+0000] {taskinstance.py:2480} INFO - Exporting env vars: AIRFLOW_CTX_DAG_OWNER='***' AIRFLOW_CTX_DAG_ID='email_pipeline_dag' AIRFLOW_CTX_TASK_ID='kafka_producer' AIRFLOW_CTX_EXECUTION_DATE='2025-12-04T14:59:01.582237+00:00' AIRFLOW_CTX_TRY_NUMBER='1' AIRFLOW_CTX_DAG_RUN_ID='manual__2025-12-04T14:59:01.582237+00:00'
[2025-12-04T14:59:02.830+0000] {subprocess.py:63} INFO - Tmp dir root location: /tmp
[2025-12-04T14:59:02.831+0000] {subprocess.py:75} INFO - Running command: ['/usr/bin/bash', '-c', 'python /opt/***/kafka/Producer/email_producer.py']
[2025-12-04T14:59:02.844+0000] {subprocess.py:86} INFO - Output:
[2025-12-04T14:59:03.474+0000] {subprocess.py:93} INFO - 2025-12-04 14:59:03,474 - __main__ - INFO - 🚀 Starting Producer + Consumer...
[2025-12-04T14:59:03.475+0000] {subprocess.py:93} INFO - 2025-12-04 14:59:03,474 - __main__ - INFO - 🔐 Authenticating with Gmail API...
[2025-12-04T14:59:03.492+0000] {subprocess.py:93} INFO - 2025-12-04 14:59:03,491 - googleapiclient.discovery_cache - INFO - file_cache is only supported with oauth2client<4.0.0
[2025-12-04T14:59:03.494+0000] {subprocess.py:93} INFO - 2025-12-04 14:59:03,494 - __main__ - INFO - 📨 Connecting to Kafka...
[2025-12-04T14:59:03.496+0000] {subprocess.py:93} INFO - 2025-12-04 14:59:03,496 - kafka.conn - INFO - <BrokerConnection client_id=kafka-python-producer-1, node_id=bootstrap-0 host=kafka:29092 <connecting> [IPv4 ('172.20.0.4', 29092)]>: connecting to kafka:29092 [('172.20.0.4', 29092) IPv4]
[2025-12-04T14:59:03.504+0000] {subprocess.py:93} INFO - 2025-12-04 14:59:03,503 - kafka.conn - INFO - <BrokerConnection client_id=kafka-python-producer-1, node_id=bootstrap-0 host=kafka:29092 <checking_api_versions_recv> [IPv4 ('172.20.0.4', 29092)]>: Broker version identified as 2.6
[2025-12-04T14:59:03.505+0000] {subprocess.py:93} INFO - 2025-12-04 14:59:03,504 - kafka.conn - INFO - <BrokerConnection client_id=kafka-python-producer-1, node_id=bootstrap-0 host=kafka:29092 <connected> [IPv4 ('172.20.0.4', 29092)]>: Connection complete.
[2025-12-04T14:59:03.506+0000] {subprocess.py:93} INFO - 2025-12-04 14:59:03,506 - __main__ - INFO - 🎬 Démarrage du visualiseur temps réel...
[2025-12-04T14:59:03.508+0000] {subprocess.py:93} INFO - 2025-12-04 14:59:03,506 - __main__ - INFO - ✓ Consumer thread started
[2025-12-04T14:59:03.509+0000] {subprocess.py:93} INFO - 2025-12-04 14:59:03,508 - kafka.conn - INFO - <BrokerConnection client_id=kafka-python-2.3.0, node_id=bootstrap-0 host=kafka:29092 <connecting> [IPv4 ('172.20.0.4', 29092)]>: connecting to kafka:29092 [('172.20.0.4', 29092) IPv4]
[2025-12-04T14:59:03.510+0000] {subprocess.py:93} INFO - 2025-12-04 14:59:03,509 - __main__ - INFO - 📧 Fetching recent emails...
[2025-12-04T14:59:03.517+0000] {subprocess.py:93} INFO - 2025-12-04 14:59:03,517 - kafka.conn - INFO - <BrokerConnection client_id=kafka-python-2.3.0, node_id=bootstrap-0 host=kafka:29092 <checking_api_versions_recv> [IPv4 ('172.20.0.4', 29092)]>: Broker version identified as 2.6
[2025-12-04T14:59:03.519+0000] {subprocess.py:93} INFO - 2025-12-04 14:59:03,517 - kafka.conn - INFO - <BrokerConnection client_id=kafka-python-2.3.0, node_id=bootstrap-0 host=kafka:29092 <connected> [IPv4 ('172.20.0.4', 29092)]>: Connection complete.
[2025-12-04T14:59:03.520+0000] {subprocess.py:93} INFO - 2025-12-04 14:59:03,518 - kafka.consumer.subscription_state - INFO - Updating subscribed topics to: ('emails-topic',)
[2025-12-04T14:59:03.526+0000] {subprocess.py:93} INFO - 2025-12-04 14:59:03,526 - kafka.conn - INFO - <BrokerConnection client_id=kafka-python-2.3.0, node_id=1 host=kafka:29092 <connecting> [IPv4 ('172.20.0.4', 29092)]>: connecting to kafka:29092 [('172.20.0.4', 29092) IPv4]
[2025-12-04T14:59:03.527+0000] {subprocess.py:93} INFO - 2025-12-04 14:59:03,527 - kafka.conn - INFO - <BrokerConnection client_id=kafka-python-2.3.0, node_id=1 host=kafka:29092 <connected> [IPv4 ('172.20.0.4', 29092)]>: Connection complete.
[2025-12-04T14:59:03.528+0000] {subprocess.py:93} INFO - 2025-12-04 14:59:03,527 - kafka.conn - INFO - <BrokerConnection client_id=kafka-python-2.3.0, node_id=bootstrap-0 host=kafka:29092 <connected> [IPv4 ('172.20.0.4', 29092)]>: Closing connection.
[2025-12-04T14:59:03.631+0000] {subprocess.py:93} INFO - 2025-12-04 14:59:03,631 - kafka.cluster - INFO - Coordinator for group/unified-viewer is BrokerMetadata(nodeId='coordinator-1', host='kafka', port=29092, rack=None)
[2025-12-04T14:59:03.632+0000] {subprocess.py:93} INFO - 2025-12-04 14:59:03,631 - kafka.coordinator - INFO - Discovered coordinator coordinator-1 for group unified-viewer
[2025-12-04T14:59:03.633+0000] {subprocess.py:93} INFO - 2025-12-04 14:59:03,631 - kafka.coordinator.heartbeat - INFO - Starting new heartbeat thread
[2025-12-04T14:59:03.634+0000] {subprocess.py:93} INFO - 2025-12-04 14:59:03,632 - kafka.coordinator.consumer - INFO - Revoking previously assigned partitions set() for group unified-viewer
[2025-12-04T14:59:03.635+0000] {subprocess.py:93} INFO - 2025-12-04 14:59:03,632 - kafka.coordinator - INFO - Failed to join group unified-viewer: NodeNotReadyError: coordinator-1
[2025-12-04T14:59:03.636+0000] {subprocess.py:93} INFO - 2025-12-04 14:59:03,633 - kafka.conn - INFO - <BrokerConnection client_id=kafka-python-2.3.0, node_id=coordinator-1 host=kafka:29092 <connecting> [IPv4 ('172.20.0.4', 29092)]>: connecting to kafka:29092 [('172.20.0.4', 29092) IPv4]
[2025-12-04T14:59:03.636+0000] {subprocess.py:93} INFO - 2025-12-04 14:59:03,633 - kafka.conn - INFO - <BrokerConnection client_id=kafka-python-2.3.0, node_id=coordinator-1 host=kafka:29092 <connected> [IPv4 ('172.20.0.4', 29092)]>: Connection complete.
[2025-12-04T14:59:03.734+0000] {subprocess.py:93} INFO - 2025-12-04 14:59:03,734 - kafka.coordinator - INFO - (Re-)joining group unified-viewer
[2025-12-04T14:59:03.740+0000] {subprocess.py:93} INFO - 2025-12-04 14:59:03,740 - kafka.coordinator - INFO - Received member id kafka-python-2.3.0-3ca61775-a771-4e43-8f2d-534ae13b238c for group unified-viewer; will retry join-group
[2025-12-04T14:59:03.741+0000] {subprocess.py:93} INFO - 2025-12-04 14:59:03,740 - kafka.coordinator - INFO - Failed to join group unified-viewer: [Error 79] MemberIdRequiredError
[2025-12-04T14:59:03.742+0000] {subprocess.py:93} INFO - 2025-12-04 14:59:03,740 - kafka.coordinator - INFO - (Re-)joining group unified-viewer
[2025-12-04T14:59:03.916+0000] {subprocess.py:93} INFO - 2025-12-04 14:59:03,916 - __main__ - INFO - Found 10 emails in last 24 hours
[2025-12-04T14:59:04.189+0000] {subprocess.py:93} INFO - 2025-12-04 14:59:04,188 - kafka.coordinator - INFO - Successfully joined group unified-viewer <Generation 6 (member_id: kafka-python-2.3.0-3ca61775-a771-4e43-8f2d-534ae13b238c, protocol: range)>
[2025-12-04T14:59:04.269+0000] {subprocess.py:93} INFO - 2025-12-04 14:59:04,269 - kafka.consumer.subscription_state - INFO - Updated partition assignment: []
[2025-12-04T14:59:04.270+0000] {subprocess.py:93} INFO - 2025-12-04 14:59:04,269 - kafka.coordinator.consumer - INFO - Setting newly assigned partitions set() for group unified-viewer
[2025-12-04T14:59:06.642+0000] {subprocess.py:93} INFO - 2025-12-04 14:59:06,642 - kafka.conn - INFO - <BrokerConnection client_id=kafka-python-producer-1, node_id=1 host=kafka:29092 <connecting> [IPv4 ('172.20.0.4', 29092)]>: connecting to kafka:29092 [('172.20.0.4', 29092) IPv4]
[2025-12-04T14:59:06.645+0000] {subprocess.py:93} INFO - 2025-12-04 14:59:06,642 - kafka.conn - INFO - <BrokerConnection client_id=kafka-python-producer-1, node_id=1 host=kafka:29092 <connected> [IPv4 ('172.20.0.4', 29092)]>: Connection complete.
[2025-12-04T14:59:06.647+0000] {subprocess.py:93} INFO - 2025-12-04 14:59:06,643 - kafka.conn - INFO - <BrokerConnection client_id=kafka-python-producer-1, node_id=bootstrap-0 host=kafka:29092 <connected> [IPv4 ('172.20.0.4', 29092)]>: Closing connection.
[2025-12-04T14:59:06.653+0000] {subprocess.py:93} INFO - 2025-12-04 14:59:06,653 - __main__ - INFO - ✓ Email sent to Kafka - Offset: 30
[2025-12-04T14:59:06.662+0000] {subprocess.py:93} INFO - 2025-12-04 14:59:06,662 - __main__ - INFO - ✓ Email sent to Kafka - Offset: 31
[2025-12-04T14:59:06.681+0000] {subprocess.py:93} INFO - 2025-12-04 14:59:06,680 - __main__ - INFO - ✓ Email sent to Kafka - Offset: 32
[2025-12-04T14:59:06.691+0000] {subprocess.py:93} INFO - 2025-12-04 14:59:06,691 - __main__ - INFO - ✓ Email sent to Kafka - Offset: 33
[2025-12-04T14:59:06.697+0000] {subprocess.py:93} INFO - 2025-12-04 14:59:06,696 - __main__ - INFO - ✓ Email sent to Kafka - Offset: 34
[2025-12-04T14:59:06.707+0000] {subprocess.py:93} INFO - 2025-12-04 14:59:06,707 - __main__ - INFO - ✓ Email sent to Kafka - Offset: 35
[2025-12-04T14:59:06.715+0000] {subprocess.py:93} INFO - 2025-12-04 14:59:06,715 - __main__ - INFO - ✓ Email sent to Kafka - Offset: 36
[2025-12-04T14:59:06.719+0000] {subprocess.py:93} INFO - 2025-12-04 14:59:06,719 - __main__ - INFO - ✓ Email sent to Kafka - Offset: 37
[2025-12-04T14:59:06.725+0000] {subprocess.py:93} INFO - 2025-12-04 14:59:06,724 - __main__ - INFO - ✓ Email sent to Kafka - Offset: 38
[2025-12-04T14:59:06.730+0000] {subprocess.py:93} INFO - 2025-12-04 14:59:06,730 - __main__ - INFO - ✓ Email sent to Kafka - Offset: 39
[2025-12-04T14:59:06.733+0000] {subprocess.py:93} INFO - 2025-12-04 14:59:06,730 - __main__ - INFO - ✅ Successfully sent 10 emails to Kafka
[2025-12-04T14:59:07.276+0000] {subprocess.py:93} INFO - 2025-12-04 14:59:07,275 - kafka.coordinator.heartbeat - WARNING - Heartbeat failed for group unified-viewer because it is rebalancing
[2025-12-04T14:59:07.279+0000] {subprocess.py:93} INFO - 2025-12-04 14:59:07,276 - kafka.coordinator.consumer - INFO - Revoking previously assigned partitions set() for group unified-viewer
[2025-12-04T14:59:07.288+0000] {subprocess.py:93} INFO - 2025-12-04 14:59:07,276 - kafka.coordinator - INFO - (Re-)joining group unified-viewer
[2025-12-04T14:59:07.296+0000] {subprocess.py:93} INFO - 2025-12-04 14:59:07,295 - kafka.coordinator - INFO - Successfully joined group unified-viewer <Generation 7 (member_id: kafka-python-2.3.0-3ca61775-a771-4e43-8f2d-534ae13b238c, protocol: range)>
[2025-12-04T14:59:07.305+0000] {subprocess.py:93} INFO - 2025-12-04 14:59:07,304 - kafka.consumer.subscription_state - INFO - Updated partition assignment: []
[2025-12-04T14:59:07.306+0000] {subprocess.py:93} INFO - 2025-12-04 14:59:07,304 - kafka.coordinator.consumer - INFO - Setting newly assigned partitions set() for group unified-viewer
[2025-12-04T14:59:43.431+0000] {subprocess.py:93} INFO - 2025-12-04 14:59:43,430 - kafka.coordinator.heartbeat - WARNING - Heartbeat failed for group unified-viewer because it is rebalancing
[2025-12-04T14:59:43.433+0000] {subprocess.py:93} INFO - 2025-12-04 14:59:43,431 - kafka.coordinator.consumer - INFO - Revoking previously assigned partitions set() for group unified-viewer
[2025-12-04T14:59:43.434+0000] {subprocess.py:93} INFO - 2025-12-04 14:59:43,431 - kafka.coordinator - INFO - (Re-)joining group unified-viewer
[2025-12-04T14:59:43.470+0000] {subprocess.py:93} INFO - 2025-12-04 14:59:43,469 - kafka.coordinator - INFO - Successfully joined group unified-viewer <Generation 8 (member_id: kafka-python-2.3.0-3ca61775-a771-4e43-8f2d-534ae13b238c, protocol: range)>
[2025-12-04T14:59:43.483+0000] {subprocess.py:93} INFO - 2025-12-04 14:59:43,483 - kafka.consumer.subscription_state - INFO - Updated partition assignment: []
[2025-12-04T14:59:43.485+0000] {subprocess.py:93} INFO - 2025-12-04 14:59:43,483 - kafka.coordinator.consumer - INFO - Setting newly assigned partitions set() for group unified-viewer
[2025-12-04T14:59:49.508+0000] {subprocess.py:93} INFO - 2025-12-04 14:59:49,505 - kafka.coordinator.heartbeat - WARNING - Heartbeat failed for group unified-viewer because it is rebalancing
[2025-12-04T14:59:49.517+0000] {subprocess.py:93} INFO - 2025-12-04 14:59:49,506 - kafka.coordinator.consumer - INFO - Revoking previously assigned partitions set() for group unified-viewer
[2025-12-04T14:59:49.519+0000] {subprocess.py:93} INFO - 2025-12-04 14:59:49,506 - kafka.coordinator - INFO - (Re-)joining group unified-viewer
[2025-12-04T14:59:49.525+0000] {subprocess.py:93} INFO - 2025-12-04 14:59:49,524 - kafka.coordinator - INFO - Successfully joined group unified-viewer <Generation 9 (member_id: kafka-python-2.3.0-3ca61775-a771-4e43-8f2d-534ae13b238c, protocol: range)>
[2025-12-04T14:59:49.537+0000] {subprocess.py:93} INFO - 2025-12-04 14:59:49,537 - kafka.consumer.subscription_state - INFO - Updated partition assignment: []
[2025-12-04T14:59:49.541+0000] {subprocess.py:93} INFO - 2025-12-04 14:59:49,537 - kafka.coordinator.consumer - INFO - Setting newly assigned partitions set() for group unified-viewer
[2025-12-04T15:01:25.939+0000] {subprocess.py:93} INFO - 2025-12-04 15:01:25,937 - kafka.coordinator.heartbeat - WARNING - Heartbeat failed for group unified-viewer because it is rebalancing
[2025-12-04T15:01:25.942+0000] {subprocess.py:93} INFO - 2025-12-04 15:01:25,938 - kafka.coordinator.consumer - INFO - Revoking previously assigned partitions set() for group unified-viewer
[2025-12-04T15:01:25.943+0000] {subprocess.py:93} INFO - 2025-12-04 15:01:25,938 - kafka.coordinator - INFO - (Re-)joining group unified-viewer
[2025-12-04T15:01:25.963+0000] {subprocess.py:93} INFO - 2025-12-04 15:01:25,962 - kafka.coordinator - INFO - Successfully joined group unified-viewer <Generation 10 (member_id: kafka-python-2.3.0-3ca61775-a771-4e43-8f2d-534ae13b238c, protocol: range)>
[2025-12-04T15:01:25.977+0000] {subprocess.py:93} INFO - 2025-12-04 15:01:25,976 - kafka.consumer.subscription_state - INFO - Updated partition assignment: []
[2025-12-04T15:01:25.979+0000] {subprocess.py:93} INFO - 2025-12-04 15:01:25,976 - kafka.coordinator.consumer - INFO - Setting newly assigned partitions set() for group unified-viewer
[2025-12-04T15:01:59.040+0000] {subprocess.py:93} INFO - 2025-12-04 15:01:59,039 - kafka.coordinator.heartbeat - WARNING - Heartbeat failed for group unified-viewer because it is rebalancing
[2025-12-04T15:01:59.041+0000] {subprocess.py:93} INFO - 2025-12-04 15:01:59,039 - kafka.coordinator.consumer - INFO - Revoking previously assigned partitions set() for group unified-viewer
[2025-12-04T15:01:59.042+0000] {subprocess.py:93} INFO - 2025-12-04 15:01:59,040 - kafka.coordinator - INFO - (Re-)joining group unified-viewer
[2025-12-04T15:01:59.119+0000] {subprocess.py:93} INFO - 2025-12-04 15:01:59,119 - kafka.coordinator - INFO - Successfully joined group unified-viewer <Generation 11 (member_id: kafka-python-2.3.0-3ca61775-a771-4e43-8f2d-534ae13b238c, protocol: range)>
[2025-12-04T15:01:59.134+0000] {subprocess.py:93} INFO - 2025-12-04 15:01:59,134 - kafka.consumer.subscription_state - INFO - Updated partition assignment: []
[2025-12-04T15:01:59.137+0000] {subprocess.py:93} INFO - 2025-12-04 15:01:59,135 - kafka.coordinator.consumer - INFO - Setting newly assigned partitions set() for group unified-viewer
[2025-12-04T15:02:20.222+0000] {subprocess.py:93} INFO - 2025-12-04 15:02:20,221 - kafka.coordinator.heartbeat - WARNING - Heartbeat failed for group unified-viewer because it is rebalancing
[2025-12-04T15:02:20.224+0000] {subprocess.py:93} INFO - 2025-12-04 15:02:20,222 - kafka.coordinator.consumer - INFO - Revoking previously assigned partitions set() for group unified-viewer
[2025-12-04T15:02:20.226+0000] {subprocess.py:93} INFO - 2025-12-04 15:02:20,222 - kafka.coordinator - INFO - (Re-)joining group unified-viewer
[2025-12-04T15:02:20.263+0000] {subprocess.py:93} INFO - 2025-12-04 15:02:20,263 - kafka.coordinator - INFO - Successfully joined group unified-viewer <Generation 12 (member_id: kafka-python-2.3.0-3ca61775-a771-4e43-8f2d-534ae13b238c, protocol: range)>
[2025-12-04T15:02:20.277+0000] {subprocess.py:93} INFO - 2025-12-04 15:02:20,276 - kafka.consumer.subscription_state - INFO - Updated partition assignment: []
[2025-12-04T15:02:20.280+0000] {subprocess.py:93} INFO - 2025-12-04 15:02:20,277 - kafka.coordinator.consumer - INFO - Setting newly assigned partitions set() for group unified-viewer
[2025-12-04T15:02:32.301+0000] {subprocess.py:93} INFO - 2025-12-04 15:02:32,300 - kafka.coordinator.heartbeat - WARNING - Heartbeat failed for group unified-viewer because it is rebalancing
[2025-12-04T15:02:32.304+0000] {subprocess.py:93} INFO - 2025-12-04 15:02:32,301 - kafka.coordinator.consumer - INFO - Revoking previously assigned partitions set() for group unified-viewer
[2025-12-04T15:02:32.306+0000] {subprocess.py:93} INFO - 2025-12-04 15:02:32,301 - kafka.coordinator - INFO - (Re-)joining group unified-viewer
[2025-12-04T15:02:32.353+0000] {subprocess.py:93} INFO - 2025-12-04 15:02:32,353 - kafka.coordinator - INFO - Successfully joined group unified-viewer <Generation 13 (member_id: kafka-python-2.3.0-3ca61775-a771-4e43-8f2d-534ae13b238c, protocol: range)>
[2025-12-04T15:02:32.374+0000] {subprocess.py:93} INFO - 2025-12-04 15:02:32,373 - kafka.consumer.subscription_state - INFO - Updated partition assignment: []
[2025-12-04T15:02:32.377+0000] {subprocess.py:93} INFO - 2025-12-04 15:02:32,373 - kafka.coordinator.consumer - INFO - Setting newly assigned partitions set() for group unified-viewer
[2025-12-04T15:05:37.379+0000] {subprocess.py:93} INFO - 2025-12-04 15:05:37,367 - kafka.coordinator.heartbeat - WARNING - Heartbeat failed for group unified-viewer because it is rebalancing
[2025-12-04T15:05:37.394+0000] {subprocess.py:93} INFO - 2025-12-04 15:05:37,373 - kafka.coordinator.consumer - INFO - Revoking previously assigned partitions set() for group unified-viewer
[2025-12-04T15:05:37.396+0000] {subprocess.py:93} INFO - 2025-12-04 15:05:37,375 - kafka.coordinator - INFO - (Re-)joining group unified-viewer
[2025-12-04T15:05:37.398+0000] {subprocess.py:93} INFO - 2025-12-04 15:05:37,392 - kafka.coordinator - INFO - Successfully joined group unified-viewer <Generation 14 (member_id: kafka-python-2.3.0-3ca61775-a771-4e43-8f2d-534ae13b238c, protocol: range)>
[2025-12-04T15:05:37.408+0000] {subprocess.py:93} INFO - 2025-12-04 15:05:37,403 - kafka.consumer.subscription_state - INFO - Updated partition assignment: []
[2025-12-04T15:05:37.409+0000] {subprocess.py:93} INFO - 2025-12-04 15:05:37,403 - kafka.coordinator.consumer - INFO - Setting newly assigned partitions set() for group unified-viewer
[2025-12-04T15:06:19.576+0000] {subprocess.py:93} INFO - 2025-12-04 15:06:19,575 - kafka.coordinator.heartbeat - WARNING - Heartbeat failed for group unified-viewer because it is rebalancing
[2025-12-04T15:06:19.579+0000] {subprocess.py:93} INFO - 2025-12-04 15:06:19,576 - kafka.coordinator.consumer - INFO - Revoking previously assigned partitions set() for group unified-viewer
[2025-12-04T15:06:19.580+0000] {subprocess.py:93} INFO - 2025-12-04 15:06:19,576 - kafka.coordinator - INFO - (Re-)joining group unified-viewer
[2025-12-04T15:06:19.646+0000] {subprocess.py:93} INFO - 2025-12-04 15:06:19,645 - kafka.coordinator - INFO - Successfully joined group unified-viewer <Generation 15 (member_id: kafka-python-2.3.0-3ca61775-a771-4e43-8f2d-534ae13b238c, protocol: range)>
[2025-12-04T15:06:19.664+0000] {subprocess.py:93} INFO - 2025-12-04 15:06:19,662 - kafka.consumer.subscription_state - INFO - Updated partition assignment: []
[2025-12-04T15:06:19.666+0000] {subprocess.py:93} INFO - 2025-12-04 15:06:19,662 - kafka.coordinator.consumer - INFO - Setting newly assigned partitions set() for group unified-viewer
[2025-12-04T15:17:21.867+0000] {job.py:213} ERROR - Job heartbeat got an exception
Traceback (most recent call last):
  File "/home/airflow/.local/lib/python3.8/site-packages/sqlalchemy/engine/base.py", line 3371, in _wrap_pool_connect
    return fn()
  File "/home/airflow/.local/lib/python3.8/site-packages/sqlalchemy/pool/base.py", line 327, in connect
    return _ConnectionFairy._checkout(self)
  File "/home/airflow/.local/lib/python3.8/site-packages/sqlalchemy/pool/base.py", line 894, in _checkout
    fairy = _ConnectionRecord.checkout(pool)
  File "/home/airflow/.local/lib/python3.8/site-packages/sqlalchemy/pool/base.py", line 493, in checkout
    rec = pool._do_get()
  File "/home/airflow/.local/lib/python3.8/site-packages/sqlalchemy/pool/impl.py", line 256, in _do_get
    return self._create_connection()
  File "/home/airflow/.local/lib/python3.8/site-packages/sqlalchemy/pool/base.py", line 273, in _create_connection
    return _ConnectionRecord(self)
  File "/home/airflow/.local/lib/python3.8/site-packages/sqlalchemy/pool/base.py", line 388, in __init__
    self.__connect()
  File "/home/airflow/.local/lib/python3.8/site-packages/sqlalchemy/pool/base.py", line 691, in __connect
    pool.logger.debug("Error on connect(): %s", e)
  File "/home/airflow/.local/lib/python3.8/site-packages/sqlalchemy/util/langhelpers.py", line 70, in __exit__
    compat.raise_(
  File "/home/airflow/.local/lib/python3.8/site-packages/sqlalchemy/util/compat.py", line 211, in raise_
    raise exception
  File "/home/airflow/.local/lib/python3.8/site-packages/sqlalchemy/pool/base.py", line 686, in __connect
    self.dbapi_connection = connection = pool._invoke_creator(self)
  File "/home/airflow/.local/lib/python3.8/site-packages/sqlalchemy/engine/create.py", line 574, in connect
    return dialect.connect(*cargs, **cparams)
  File "/home/airflow/.local/lib/python3.8/site-packages/sqlalchemy/engine/default.py", line 598, in connect
    return self.dbapi.connect(*cargs, **cparams)
  File "/home/airflow/.local/lib/python3.8/site-packages/psycopg2/__init__.py", line 122, in connect
    conn = _connect(dsn, connection_factory=connection_factory, **kwasync)
psycopg2.OperationalError: could not translate host name "postgres" to address: Temporary failure in name resolution


The above exception was the direct cause of the following exception:

Traceback (most recent call last):
  File "/home/airflow/.local/lib/python3.8/site-packages/airflow/jobs/job.py", line 187, in heartbeat
    self._merge_from(Job._fetch_from_db(self, session))
  File "/home/airflow/.local/lib/python3.8/site-packages/airflow/api_internal/internal_api_call.py", line 114, in wrapper
    return func(*args, **kwargs)
  File "/home/airflow/.local/lib/python3.8/site-packages/airflow/utils/session.py", line 76, in wrapper
    return func(*args, **kwargs)
  File "/home/airflow/.local/lib/python3.8/site-packages/airflow/jobs/job.py", line 308, in _fetch_from_db
    session.merge(job)
  File "/home/airflow/.local/lib/python3.8/site-packages/sqlalchemy/orm/session.py", line 3056, in merge
    return self._merge(
  File "/home/airflow/.local/lib/python3.8/site-packages/sqlalchemy/orm/session.py", line 3136, in _merge
    merged = self.get(
  File "/home/airflow/.local/lib/python3.8/site-packages/sqlalchemy/orm/session.py", line 2853, in get
    return self._get_impl(
  File "/home/airflow/.local/lib/python3.8/site-packages/sqlalchemy/orm/session.py", line 2975, in _get_impl
    return db_load_fn(
  File "/home/airflow/.local/lib/python3.8/site-packages/sqlalchemy/orm/loading.py", line 530, in load_on_pk_identity
    session.execute(
  File "/home/airflow/.local/lib/python3.8/site-packages/sqlalchemy/orm/session.py", line 1716, in execute
    conn = self._connection_for_bind(bind)
  File "/home/airflow/.local/lib/python3.8/site-packages/sqlalchemy/orm/session.py", line 1555, in _connection_for_bind
    return self._transaction._connection_for_bind(
  File "/home/airflow/.local/lib/python3.8/site-packages/sqlalchemy/orm/session.py", line 750, in _connection_for_bind
    conn = bind.connect()
  File "/home/airflow/.local/lib/python3.8/site-packages/sqlalchemy/future/engine.py", line 412, in connect
    return super(Engine, self).connect()
  File "/home/airflow/.local/lib/python3.8/site-packages/sqlalchemy/engine/base.py", line 3325, in connect
    return self._connection_cls(self, close_with_result=close_with_result)
  File "/home/airflow/.local/lib/python3.8/site-packages/sqlalchemy/engine/base.py", line 96, in __init__
    else engine.raw_connection()
  File "/home/airflow/.local/lib/python3.8/site-packages/sqlalchemy/engine/base.py", line 3404, in raw_connection
    return self._wrap_pool_connect(self.pool.connect, _connection)
  File "/home/airflow/.local/lib/python3.8/site-packages/sqlalchemy/engine/base.py", line 3374, in _wrap_pool_connect
    Connection._handle_dbapi_exception_noconnection(
  File "/home/airflow/.local/lib/python3.8/site-packages/sqlalchemy/engine/base.py", line 2208, in _handle_dbapi_exception_noconnection
    util.raise_(
  File "/home/airflow/.local/lib/python3.8/site-packages/sqlalchemy/util/compat.py", line 211, in raise_
    raise exception
  File "/home/airflow/.local/lib/python3.8/site-packages/sqlalchemy/engine/base.py", line 3371, in _wrap_pool_connect
    return fn()
  File "/home/airflow/.local/lib/python3.8/site-packages/sqlalchemy/pool/base.py", line 327, in connect
    return _ConnectionFairy._checkout(self)
  File "/home/airflow/.local/lib/python3.8/site-packages/sqlalchemy/pool/base.py", line 894, in _checkout
    fairy = _ConnectionRecord.checkout(pool)
  File "/home/airflow/.local/lib/python3.8/site-packages/sqlalchemy/pool/base.py", line 493, in checkout
    rec = pool._do_get()
  File "/home/airflow/.local/lib/python3.8/site-packages/sqlalchemy/pool/impl.py", line 256, in _do_get
    return self._create_connection()
  File "/home/airflow/.local/lib/python3.8/site-packages/sqlalchemy/pool/base.py", line 273, in _create_connection
    return _ConnectionRecord(self)
  File "/home/airflow/.local/lib/python3.8/site-packages/sqlalchemy/pool/base.py", line 388, in __init__
    self.__connect()
  File "/home/airflow/.local/lib/python3.8/site-packages/sqlalchemy/pool/base.py", line 691, in __connect
    pool.logger.debug("Error on connect(): %s", e)
  File "/home/airflow/.local/lib/python3.8/site-packages/sqlalchemy/util/langhelpers.py", line 70, in __exit__
    compat.raise_(
  File "/home/airflow/.local/lib/python3.8/site-packages/sqlalchemy/util/compat.py", line 211, in raise_
    raise exception
  File "/home/airflow/.local/lib/python3.8/site-packages/sqlalchemy/pool/base.py", line 686, in __connect
    self.dbapi_connection = connection = pool._invoke_creator(self)
  File "/home/airflow/.local/lib/python3.8/site-packages/sqlalchemy/engine/create.py", line 574, in connect
    return dialect.connect(*cargs, **cparams)
  File "/home/airflow/.local/lib/python3.8/site-packages/sqlalchemy/engine/default.py", line 598, in connect
    return self.dbapi.connect(*cargs, **cparams)
  File "/home/airflow/.local/lib/python3.8/site-packages/psycopg2/__init__.py", line 122, in connect
    conn = _connect(dsn, connection_factory=connection_factory, **kwasync)
sqlalchemy.exc.OperationalError: (psycopg2.OperationalError) could not translate host name "postgres" to address: Temporary failure in name resolution

(Background on this error at: https://sqlalche.me/e/14/e3q8)
[2025-12-04T15:17:24.657+0000] {job.py:221} ERROR - Job heartbeat failed with error. Scheduler is in unhealthy state
[2025-12-04T15:17:46.951+0000] {job.py:221} ERROR - Job heartbeat failed with error. Scheduler is in unhealthy state
[2025-12-04T15:17:47.206+0000] {subprocess.py:93} INFO - 2025-12-04 15:17:46,713 - kafka.coordinator.heartbeat - WARNING - Heartbeat session expired, marking coordinator dead
[2025-12-04T15:17:47.377+0000] {subprocess.py:93} INFO - 2025-12-04 15:17:47,151 - kafka.coordinator - WARNING - Marking the coordinator dead (node coordinator-1) for group unified-viewer: Heartbeat session expired.
[2025-12-04T15:18:09.875+0000] {subprocess.py:93} INFO - 2025-12-04 15:18:07,162 - kafka.cluster - INFO - Coordinator for group/unified-viewer is BrokerMetadata(nodeId='coordinator-1', host='kafka', port=29092, rack=None)
[2025-12-04T15:18:11.089+0000] {subprocess.py:93} INFO - 2025-12-04 15:18:09,955 - kafka.coordinator - INFO - Discovered coordinator coordinator-1 for group unified-viewer
[2025-12-04T15:18:13.612+0000] {subprocess.py:93} INFO - 2025-12-04 15:18:13,611 - kafka.coordinator.heartbeat - WARNING - Heartbeat: local member_id was not recognized; this consumer needs to re-join
[2025-12-04T15:18:13.616+0000] {subprocess.py:93} INFO - 2025-12-04 15:18:13,615 - kafka.coordinator.consumer - INFO - Revoking previously assigned partitions set() for group unified-viewer
[2025-12-04T15:18:13.620+0000] {subprocess.py:93} INFO - 2025-12-04 15:18:13,617 - kafka.coordinator - INFO - (Re-)joining group unified-viewer
[2025-12-04T15:18:13.631+0000] {subprocess.py:93} INFO - 2025-12-04 15:18:13,630 - kafka.coordinator - INFO - Received member id kafka-python-2.3.0-3d8e8ad0-911e-42b3-861b-b387f45575fe for group unified-viewer; will retry join-group
[2025-12-04T15:18:13.688+0000] {subprocess.py:93} INFO - 2025-12-04 15:18:13,631 - kafka.coordinator - INFO - Failed to join group unified-viewer: [Error 79] MemberIdRequiredError
[2025-12-04T15:18:13.709+0000] {subprocess.py:93} INFO - 2025-12-04 15:18:13,634 - kafka.coordinator - INFO - (Re-)joining group unified-viewer
[2025-12-04T15:18:14.274+0000] {subprocess.py:93} INFO - 2025-12-04 15:18:14,270 - kafka.coordinator - INFO - Successfully joined group unified-viewer <Generation 16 (member_id: kafka-python-2.3.0-3d8e8ad0-911e-42b3-861b-b387f45575fe, protocol: range)>
[2025-12-04T15:18:14.465+0000] {subprocess.py:93} INFO - 2025-12-04 15:18:14,464 - kafka.coordinator - INFO - SyncGroup for group unified-viewer failed due to coordinator rebalance
[2025-12-04T15:18:14.508+0000] {subprocess.py:93} INFO - 2025-12-04 15:18:14,465 - kafka.coordinator - INFO - Failed to join group unified-viewer: [Error 27] RebalanceInProgressError: unified-viewer
[2025-12-04T15:18:14.510+0000] {subprocess.py:93} INFO - 2025-12-04 15:18:14,465 - kafka.coordinator - INFO - (Re-)joining group unified-viewer
[2025-12-04T15:18:14.514+0000] {subprocess.py:93} INFO - 2025-12-04 15:18:14,490 - kafka.coordinator - INFO - Successfully joined group unified-viewer <Generation 17 (member_id: kafka-python-2.3.0-3d8e8ad0-911e-42b3-861b-b387f45575fe, protocol: range)>
[2025-12-04T15:18:14.523+0000] {subprocess.py:93} INFO - 2025-12-04 15:18:14,521 - kafka.consumer.subscription_state - INFO - Updated partition assignment: []
[2025-12-04T15:18:14.525+0000] {subprocess.py:93} INFO - 2025-12-04 15:18:14,522 - kafka.coordinator.consumer - INFO - Setting newly assigned partitions set() for group unified-viewer
[2025-12-04T15:18:25.832+0000] {subprocess.py:93} INFO - 2025-12-04 15:18:25,828 - kafka.conn - ERROR - <BrokerConnection client_id=kafka-python-producer-1, node_id=1 host=kafka:29092 <connected> [IPv4 ('172.20.0.4', 29092)]>: Closing connection. KafkaConnectionError: Socket EVENT_READ without in-flight-requests
[2025-12-04T15:18:25.901+0000] {subprocess.py:93} INFO - 2025-12-04 15:18:25,831 - kafka.coordinator.heartbeat - WARNING - Heartbeat session expired, marking coordinator dead
[2025-12-04T15:18:25.939+0000] {subprocess.py:93} INFO - 2025-12-04 15:18:25,869 - kafka.coordinator - WARNING - Marking the coordinator dead (node coordinator-1) for group unified-viewer: Heartbeat session expired.
[2025-12-04T15:18:25.911+0000] {job.py:221} ERROR - Job heartbeat failed with error. Scheduler is in unhealthy state
[2025-12-04T15:18:25.958+0000] {subprocess.py:93} INFO - 2025-12-04 15:18:25,915 - kafka.conn - ERROR - <BrokerConnection client_id=kafka-python-2.3.0, node_id=coordinator-1 host=kafka:29092 <connected> [IPv4 ('172.20.0.4', 29092)]>: socket disconnected
[2025-12-04T15:18:25.964+0000] {subprocess.py:93} INFO - 2025-12-04 15:18:25,916 - kafka.conn - ERROR - <BrokerConnection client_id=kafka-python-2.3.0, node_id=coordinator-1 host=kafka:29092 <connected> [IPv4 ('172.20.0.4', 29092)]>: Closing connection. KafkaConnectionError: socket disconnected
[2025-12-04T15:18:25.985+0000] {subprocess.py:93} INFO - 2025-12-04 15:18:25,924 - kafka.client - WARNING - Node coordinator-1 connection failed -- refreshing metadata
[2025-12-04T15:18:25.987+0000] {subprocess.py:93} INFO - 2025-12-04 15:18:25,942 - kafka.coordinator - ERROR - Error sending HeartbeatRequest_v3 to node coordinator-1 [KafkaConnectionError: socket disconnected]
[2025-12-04T15:18:26.003+0000] {subprocess.py:93} INFO - 2025-12-04 15:18:25,943 - kafka.conn - ERROR - <BrokerConnection client_id=kafka-python-2.3.0, node_id=1 host=kafka:29092 <connected> [IPv4 ('172.20.0.4', 29092)]>: Closing connection. KafkaConnectionError: Socket EVENT_READ without in-flight-requests
[2025-12-04T15:18:26.112+0000] {subprocess.py:93} INFO - 2025-12-04 15:18:25,943 - kafka.client - WARNING - Node 1 connection failed -- refreshing metadata
[2025-12-04T15:18:26.114+0000] {subprocess.py:93} INFO - 2025-12-04 15:18:26,065 - kafka.client - WARNING - Node 1 connection failed -- refreshing metadata
[2025-12-04T15:18:26.660+0000] {subprocess.py:93} INFO - 2025-12-04 15:18:26,657 - kafka.conn - INFO - <BrokerConnection client_id=kafka-python-producer-1, node_id=1 host=kafka:29092 <connecting> [IPv4 ('172.20.0.4', 29092)]>: connecting to kafka:29092 [('172.20.0.4', 29092) IPv4]
[2025-12-04T15:18:26.665+0000] {subprocess.py:93} INFO - 2025-12-04 15:18:26,664 - kafka.conn - ERROR - <BrokerConnection client_id=kafka-python-producer-1, node_id=1 host=kafka:29092 <connecting> [IPv4 ('172.20.0.4', 29092)]>: Connect attempt returned error 111. Disconnecting.
[2025-12-04T15:18:26.669+0000] {subprocess.py:93} INFO - 2025-12-04 15:18:26,668 - kafka.conn - ERROR - <BrokerConnection client_id=kafka-python-producer-1, node_id=1 host=kafka:29092 <connecting> [IPv4 ('172.20.0.4', 29092)]>: Closing connection. KafkaConnectionError: 111 ECONNREFUSED
[2025-12-04T15:18:26.672+0000] {subprocess.py:93} INFO - 2025-12-04 15:18:26,670 - kafka.client - WARNING - Node 1 connection failed -- refreshing metadata
[2025-12-04T15:18:26.676+0000] {subprocess.py:93} INFO - 2025-12-04 15:18:26,669 - kafka.conn - INFO - <BrokerConnection client_id=kafka-python-2.3.0, node_id=1 host=kafka:29092 <connecting> [IPv4 ('172.20.0.4', 29092)]>: connecting to kafka:29092 [('172.20.0.4', 29092) IPv4]
[2025-12-04T15:18:26.680+0000] {subprocess.py:93} INFO - 2025-12-04 15:18:26,675 - kafka.conn - ERROR - <BrokerConnection client_id=kafka-python-2.3.0, node_id=1 host=kafka:29092 <connecting> [IPv4 ('172.20.0.4', 29092)]>: Connect attempt returned error 111. Disconnecting.
[2025-12-04T15:18:26.682+0000] {subprocess.py:93} INFO - 2025-12-04 15:18:26,676 - kafka.conn - ERROR - <BrokerConnection client_id=kafka-python-2.3.0, node_id=1 host=kafka:29092 <connecting> [IPv4 ('172.20.0.4', 29092)]>: Closing connection. KafkaConnectionError: 111 ECONNREFUSED
[2025-12-04T15:18:26.684+0000] {subprocess.py:93} INFO - 2025-12-04 15:18:26,676 - kafka.client - WARNING - Node 1 connection failed -- refreshing metadata
[2025-12-04T15:18:26.686+0000] {subprocess.py:93} INFO - 2025-12-04 15:18:26,680 - kafka.conn - INFO - <BrokerConnection client_id=kafka-python-producer-1, node_id=1 host=kafka:29092 <connecting> [IPv4 ('172.20.0.4', 29092)]>: connecting to kafka:29092 [('172.20.0.4', 29092) IPv4]
[2025-12-04T15:18:26.687+0000] {subprocess.py:93} INFO - 2025-12-04 15:18:26,681 - kafka.conn - ERROR - <BrokerConnection client_id=kafka-python-producer-1, node_id=1 host=kafka:29092 <connecting> [IPv4 ('172.20.0.4', 29092)]>: Connect attempt returned error 111. Disconnecting.
[2025-12-04T15:18:26.688+0000] {subprocess.py:93} INFO - 2025-12-04 15:18:26,682 - kafka.conn - ERROR - <BrokerConnection client_id=kafka-python-producer-1, node_id=1 host=kafka:29092 <connecting> [IPv4 ('172.20.0.4', 29092)]>: Closing connection. KafkaConnectionError: 111 ECONNREFUSED
[2025-12-04T15:18:26.688+0000] {subprocess.py:93} INFO - 2025-12-04 15:18:26,683 - kafka.client - WARNING - Node 1 connection failed -- refreshing metadata
[2025-12-04T15:18:26.689+0000] {subprocess.py:93} INFO - 2025-12-04 15:18:26,683 - kafka.conn - INFO - <BrokerConnection client_id=kafka-python-2.3.0, node_id=1 host=kafka:29092 <connecting> [IPv4 ('172.20.0.4', 29092)]>: connecting to kafka:29092 [('172.20.0.4', 29092) IPv4]
[2025-12-04T15:18:26.690+0000] {subprocess.py:93} INFO - 2025-12-04 15:18:26,684 - kafka.conn - ERROR - <BrokerConnection client_id=kafka-python-2.3.0, node_id=1 host=kafka:29092 <connecting> [IPv4 ('172.20.0.4', 29092)]>: Connect attempt returned error 111. Disconnecting.
[2025-12-04T15:18:26.691+0000] {subprocess.py:93} INFO - 2025-12-04 15:18:26,684 - kafka.conn - ERROR - <BrokerConnection client_id=kafka-python-2.3.0, node_id=1 host=kafka:29092 <connecting> [IPv4 ('172.20.0.4', 29092)]>: Closing connection. KafkaConnectionError: 111 ECONNREFUSED
[2025-12-04T15:18:26.691+0000] {subprocess.py:93} INFO - 2025-12-04 15:18:26,685 - kafka.client - WARNING - Node 1 connection failed -- refreshing metadata
[2025-12-04T15:18:26.855+0000] {subprocess.py:93} INFO - 2025-12-04 15:18:26,854 - kafka.conn - INFO - <BrokerConnection client_id=kafka-python-2.3.0, node_id=1 host=kafka:29092 <connecting> [IPv4 ('172.20.0.4', 29092)]>: connecting to kafka:29092 [('172.20.0.4', 29092) IPv4]
[2025-12-04T15:18:26.858+0000] {subprocess.py:93} INFO - 2025-12-04 15:18:26,856 - kafka.conn - ERROR - <BrokerConnection client_id=kafka-python-2.3.0, node_id=1 host=kafka:29092 <connecting> [IPv4 ('172.20.0.4', 29092)]>: Connect attempt returned error 111. Disconnecting.
[2025-12-04T15:18:26.860+0000] {subprocess.py:93} INFO - 2025-12-04 15:18:26,857 - kafka.conn - ERROR - <BrokerConnection client_id=kafka-python-2.3.0, node_id=1 host=kafka:29092 <connecting> [IPv4 ('172.20.0.4', 29092)]>: Closing connection. KafkaConnectionError: 111 ECONNREFUSED
[2025-12-04T15:18:26.864+0000] {subprocess.py:93} INFO - 2025-12-04 15:18:26,857 - kafka.client - WARNING - Node 1 connection failed -- refreshing metadata
[2025-12-04T15:18:26.899+0000] {subprocess.py:93} INFO - 2025-12-04 15:18:26,899 - kafka.conn - INFO - <BrokerConnection client_id=kafka-python-producer-1, node_id=1 host=kafka:29092 <connecting> [IPv4 ('172.20.0.4', 29092)]>: connecting to kafka:29092 [('172.20.0.4', 29092) IPv4]
[2025-12-04T15:18:26.900+0000] {subprocess.py:93} INFO - 2025-12-04 15:18:26,899 - kafka.conn - ERROR - <BrokerConnection client_id=kafka-python-producer-1, node_id=1 host=kafka:29092 <connecting> [IPv4 ('172.20.0.4', 29092)]>: Connect attempt returned error 111. Disconnecting.
[2025-12-04T15:18:26.901+0000] {subprocess.py:93} INFO - 2025-12-04 15:18:26,899 - kafka.conn - ERROR - <BrokerConnection client_id=kafka-python-producer-1, node_id=1 host=kafka:29092 <connecting> [IPv4 ('172.20.0.4', 29092)]>: Closing connection. KafkaConnectionError: 111 ECONNREFUSED
[2025-12-04T15:18:26.903+0000] {subprocess.py:93} INFO - 2025-12-04 15:18:26,899 - kafka.client - WARNING - Node 1 connection failed -- refreshing metadata
[2025-12-04T15:18:27.289+0000] {subprocess.py:93} INFO - 2025-12-04 15:18:27,289 - kafka.conn - INFO - <BrokerConnection client_id=kafka-python-2.3.0, node_id=1 host=kafka:29092 <connecting> [IPv4 ('172.20.0.4', 29092)]>: connecting to kafka:29092 [('172.20.0.4', 29092) IPv4]
[2025-12-04T15:18:27.290+0000] {subprocess.py:93} INFO - 2025-12-04 15:18:27,290 - kafka.conn - ERROR - <BrokerConnection client_id=kafka-python-2.3.0, node_id=1 host=kafka:29092 <connecting> [IPv4 ('172.20.0.4', 29092)]>: Connect attempt returned error 111. Disconnecting.
[2025-12-04T15:18:27.292+0000] {subprocess.py:93} INFO - 2025-12-04 15:18:27,290 - kafka.conn - ERROR - <BrokerConnection client_id=kafka-python-2.3.0, node_id=1 host=kafka:29092 <connecting> [IPv4 ('172.20.0.4', 29092)]>: Closing connection. KafkaConnectionError: 111 ECONNREFUSED
[2025-12-04T15:18:27.294+0000] {subprocess.py:93} INFO - 2025-12-04 15:18:27,290 - kafka.client - WARNING - Node 1 connection failed -- refreshing metadata
[2025-12-04T15:18:27.333+0000] {subprocess.py:93} INFO - 2025-12-04 15:18:27,333 - kafka.conn - INFO - <BrokerConnection client_id=kafka-python-producer-1, node_id=1 host=kafka:29092 <connecting> [IPv4 ('172.20.0.4', 29092)]>: connecting to kafka:29092 [('172.20.0.4', 29092) IPv4]
[2025-12-04T15:18:27.335+0000] {subprocess.py:93} INFO - 2025-12-04 15:18:27,333 - kafka.conn - ERROR - <BrokerConnection client_id=kafka-python-producer-1, node_id=1 host=kafka:29092 <connecting> [IPv4 ('172.20.0.4', 29092)]>: Connect attempt returned error 111. Disconnecting.
[2025-12-04T15:18:27.336+0000] {subprocess.py:93} INFO - 2025-12-04 15:18:27,334 - kafka.conn - ERROR - <BrokerConnection client_id=kafka-python-producer-1, node_id=1 host=kafka:29092 <connecting> [IPv4 ('172.20.0.4', 29092)]>: Closing connection. KafkaConnectionError: 111 ECONNREFUSED
[2025-12-04T15:18:27.338+0000] {subprocess.py:93} INFO - 2025-12-04 15:18:27,334 - kafka.client - WARNING - Node 1 connection failed -- refreshing metadata
[2025-12-04T15:18:28.027+0000] {subprocess.py:93} INFO - 2025-12-04 15:18:28,027 - kafka.conn - INFO - <BrokerConnection client_id=kafka-python-2.3.0, node_id=1 host=kafka:29092 <connecting> [IPv4 ('172.20.0.4', 29092)]>: connecting to kafka:29092 [('172.20.0.4', 29092) IPv4]
[2025-12-04T15:18:28.029+0000] {subprocess.py:93} INFO - 2025-12-04 15:18:28,027 - kafka.conn - ERROR - <BrokerConnection client_id=kafka-python-2.3.0, node_id=1 host=kafka:29092 <connecting> [IPv4 ('172.20.0.4', 29092)]>: Connect attempt returned error 111. Disconnecting.
[2025-12-04T15:18:28.030+0000] {subprocess.py:93} INFO - 2025-12-04 15:18:28,027 - kafka.conn - ERROR - <BrokerConnection client_id=kafka-python-2.3.0, node_id=1 host=kafka:29092 <connecting> [IPv4 ('172.20.0.4', 29092)]>: Closing connection. KafkaConnectionError: 111 ECONNREFUSED
[2025-12-04T15:18:28.030+0000] {subprocess.py:93} INFO - 2025-12-04 15:18:28,028 - kafka.client - WARNING - Node 1 connection failed -- refreshing metadata
[2025-12-04T15:18:28.053+0000] {subprocess.py:93} INFO - 2025-12-04 15:18:28,052 - kafka.conn - INFO - <BrokerConnection client_id=kafka-python-producer-1, node_id=1 host=kafka:29092 <connecting> [IPv4 ('172.20.0.4', 29092)]>: connecting to kafka:29092 [('172.20.0.4', 29092) IPv4]
[2025-12-04T15:18:28.056+0000] {subprocess.py:93} INFO - 2025-12-04 15:18:28,055 - kafka.conn - ERROR - <BrokerConnection client_id=kafka-python-producer-1, node_id=1 host=kafka:29092 <connecting> [IPv4 ('172.20.0.4', 29092)]>: Connect attempt returned error 111. Disconnecting.
[2025-12-04T15:18:28.057+0000] {subprocess.py:93} INFO - 2025-12-04 15:18:28,055 - kafka.conn - ERROR - <BrokerConnection client_id=kafka-python-producer-1, node_id=1 host=kafka:29092 <connecting> [IPv4 ('172.20.0.4', 29092)]>: Closing connection. KafkaConnectionError: 111 ECONNREFUSED
[2025-12-04T15:18:28.058+0000] {subprocess.py:93} INFO - 2025-12-04 15:18:28,056 - kafka.client - WARNING - Node 1 connection failed -- refreshing metadata
[2025-12-04T15:18:31.772+0000] {subprocess.py:93} INFO - 2025-12-04 15:18:31,771 - kafka.conn - WARNING - DNS lookup failed for kafka:29092, exception was [Errno -2] Name or service not known. Is your advertised.listeners (called advertised.host.name before Kafka 9) correct and resolvable?
[2025-12-04T15:18:31.773+0000] {subprocess.py:93} INFO - 2025-12-04 15:18:31,772 - kafka.conn - ERROR - <BrokerConnection client_id=kafka-python-2.3.0, node_id=1 host=kafka:29092 <connecting> [IPv4 ('172.20.0.4', 29092)]>: DNS lookup failed for kafka:29092 (AddressFamily.AF_UNSPEC)
[2025-12-04T15:18:31.774+0000] {subprocess.py:93} INFO - 2025-12-04 15:18:31,773 - kafka.conn - ERROR - <BrokerConnection client_id=kafka-python-2.3.0, node_id=1 host=kafka:29092 <connecting> [IPv4 ('172.20.0.4', 29092)]>: Closing connection. KafkaConnectionError: DNS failure
[2025-12-04T15:18:31.775+0000] {subprocess.py:93} INFO - 2025-12-04 15:18:31,774 - kafka.client - WARNING - Node 1 connection failed -- refreshing metadata
[2025-12-04T15:18:33.264+0000] {subprocess.py:93} INFO - 2025-12-04 15:18:33,263 - kafka.conn - WARNING - DNS lookup failed for kafka:29092, exception was [Errno -2] Name or service not known. Is your advertised.listeners (called advertised.host.name before Kafka 9) correct and resolvable?
[2025-12-04T15:18:33.267+0000] {subprocess.py:93} INFO - 2025-12-04 15:18:33,264 - kafka.conn - ERROR - <BrokerConnection client_id=kafka-python-producer-1, node_id=1 host=kafka:29092 <connecting> [IPv4 ('172.20.0.4', 29092)]>: DNS lookup failed for kafka:29092 (AddressFamily.AF_UNSPEC)
[2025-12-04T15:18:33.269+0000] {subprocess.py:93} INFO - 2025-12-04 15:18:33,264 - kafka.conn - ERROR - <BrokerConnection client_id=kafka-python-producer-1, node_id=1 host=kafka:29092 <connecting> [IPv4 ('172.20.0.4', 29092)]>: Closing connection. KafkaConnectionError: DNS failure
[2025-12-04T15:18:33.272+0000] {subprocess.py:93} INFO - 2025-12-04 15:18:33,265 - kafka.client - WARNING - Node 1 connection failed -- refreshing metadata
[2025-12-04T15:18:35.182+0000] {subprocess.py:93} INFO - 2025-12-04 15:18:35,182 - kafka.conn - WARNING - DNS lookup failed for kafka:29092, exception was [Errno -2] Name or service not known. Is your advertised.listeners (called advertised.host.name before Kafka 9) correct and resolvable?
[2025-12-04T15:18:35.183+0000] {subprocess.py:93} INFO - 2025-12-04 15:18:35,182 - kafka.conn - ERROR - <BrokerConnection client_id=kafka-python-producer-1, node_id=1 host=kafka:29092 <connecting> [IPv4 ('172.20.0.4', 29092)]>: DNS lookup failed for kafka:29092 (AddressFamily.AF_UNSPEC)
[2025-12-04T15:18:35.184+0000] {subprocess.py:93} INFO - 2025-12-04 15:18:35,182 - kafka.conn - ERROR - <BrokerConnection client_id=kafka-python-producer-1, node_id=1 host=kafka:29092 <connecting> [IPv4 ('172.20.0.4', 29092)]>: Closing connection. KafkaConnectionError: DNS failure
[2025-12-04T15:18:35.184+0000] {subprocess.py:93} INFO - 2025-12-04 15:18:35,182 - kafka.client - WARNING - Node 1 connection failed -- refreshing metadata
[2025-12-04T15:18:36.623+0000] {subprocess.py:93} INFO - 2025-12-04 15:18:36,622 - kafka.conn - WARNING - DNS lookup failed for kafka:29092, exception was [Errno -2] Name or service not known. Is your advertised.listeners (called advertised.host.name before Kafka 9) correct and resolvable?
[2025-12-04T15:18:36.625+0000] {subprocess.py:93} INFO - 2025-12-04 15:18:36,623 - kafka.conn - ERROR - <BrokerConnection client_id=kafka-python-2.3.0, node_id=1 host=kafka:29092 <connecting> [IPv4 ('172.20.0.4', 29092)]>: DNS lookup failed for kafka:29092 (AddressFamily.AF_UNSPEC)
[2025-12-04T15:18:36.626+0000] {subprocess.py:93} INFO - 2025-12-04 15:18:36,623 - kafka.conn - ERROR - <BrokerConnection client_id=kafka-python-2.3.0, node_id=1 host=kafka:29092 <connecting> [IPv4 ('172.20.0.4', 29092)]>: Closing connection. KafkaConnectionError: DNS failure
[2025-12-04T15:18:36.627+0000] {subprocess.py:93} INFO - 2025-12-04 15:18:36,624 - kafka.client - WARNING - Node 1 connection failed -- refreshing metadata
[2025-12-04T15:18:41.616+0000] {subprocess.py:93} INFO - 2025-12-04 15:18:41,615 - kafka.conn - WARNING - DNS lookup failed for kafka:29092, exception was [Errno -2] Name or service not known. Is your advertised.listeners (called advertised.host.name before Kafka 9) correct and resolvable?
[2025-12-04T15:18:41.620+0000] {subprocess.py:93} INFO - 2025-12-04 15:18:41,616 - kafka.conn - ERROR - <BrokerConnection client_id=kafka-python-producer-1, node_id=1 host=kafka:29092 <connecting> [IPv4 ('172.20.0.4', 29092)]>: DNS lookup failed for kafka:29092 (AddressFamily.AF_UNSPEC)
[2025-12-04T15:18:41.622+0000] {subprocess.py:93} INFO - 2025-12-04 15:18:41,616 - kafka.conn - ERROR - <BrokerConnection client_id=kafka-python-producer-1, node_id=1 host=kafka:29092 <connecting> [IPv4 ('172.20.0.4', 29092)]>: Closing connection. KafkaConnectionError: DNS failure
[2025-12-04T15:18:41.625+0000] {subprocess.py:93} INFO - 2025-12-04 15:18:41,616 - kafka.client - WARNING - Node 1 connection failed -- refreshing metadata
[2025-12-04T15:18:42.577+0000] {subprocess.py:93} INFO - 2025-12-04 15:18:42,577 - kafka.conn - WARNING - DNS lookup failed for kafka:29092, exception was [Errno -2] Name or service not known. Is your advertised.listeners (called advertised.host.name before Kafka 9) correct and resolvable?
[2025-12-04T15:18:42.580+0000] {subprocess.py:93} INFO - 2025-12-04 15:18:42,577 - kafka.conn - ERROR - <BrokerConnection client_id=kafka-python-2.3.0, node_id=1 host=kafka:29092 <connecting> [IPv4 ('172.20.0.4', 29092)]>: DNS lookup failed for kafka:29092 (AddressFamily.AF_UNSPEC)
[2025-12-04T15:18:42.581+0000] {subprocess.py:93} INFO - 2025-12-04 15:18:42,578 - kafka.conn - ERROR - <BrokerConnection client_id=kafka-python-2.3.0, node_id=1 host=kafka:29092 <connecting> [IPv4 ('172.20.0.4', 29092)]>: Closing connection. KafkaConnectionError: DNS failure
[2025-12-04T15:18:42.583+0000] {subprocess.py:93} INFO - 2025-12-04 15:18:42,578 - kafka.client - WARNING - Node 1 connection failed -- refreshing metadata
[2025-12-04T15:18:53.759+0000] {subprocess.py:93} INFO - 2025-12-04 15:18:53,758 - kafka.conn - WARNING - DNS lookup failed for kafka:29092, exception was [Errno -2] Name or service not known. Is your advertised.listeners (called advertised.host.name before Kafka 9) correct and resolvable?
[2025-12-04T15:18:53.761+0000] {subprocess.py:93} INFO - 2025-12-04 15:18:53,759 - kafka.conn - ERROR - <BrokerConnection client_id=kafka-python-producer-1, node_id=1 host=kafka:29092 <connecting> [IPv4 ('172.20.0.4', 29092)]>: DNS lookup failed for kafka:29092 (AddressFamily.AF_UNSPEC)
[2025-12-04T15:18:53.763+0000] {subprocess.py:93} INFO - 2025-12-04 15:18:53,760 - kafka.conn - ERROR - <BrokerConnection client_id=kafka-python-producer-1, node_id=1 host=kafka:29092 <connecting> [IPv4 ('172.20.0.4', 29092)]>: Closing connection. KafkaConnectionError: DNS failure
[2025-12-04T15:18:53.764+0000] {subprocess.py:93} INFO - 2025-12-04 15:18:53,760 - kafka.client - WARNING - Node 1 connection failed -- refreshing metadata
[2025-12-04T15:18:57.221+0000] {subprocess.py:93} INFO - 2025-12-04 15:18:57,220 - kafka.conn - WARNING - DNS lookup failed for kafka:29092, exception was [Errno -2] Name or service not known. Is your advertised.listeners (called advertised.host.name before Kafka 9) correct and resolvable?
[2025-12-04T15:18:57.224+0000] {subprocess.py:93} INFO - 2025-12-04 15:18:57,221 - kafka.conn - ERROR - <BrokerConnection client_id=kafka-python-2.3.0, node_id=1 host=kafka:29092 <connecting> [IPv4 ('172.20.0.4', 29092)]>: DNS lookup failed for kafka:29092 (AddressFamily.AF_UNSPEC)
[2025-12-04T15:18:57.226+0000] {subprocess.py:93} INFO - 2025-12-04 15:18:57,221 - kafka.conn - ERROR - <BrokerConnection client_id=kafka-python-2.3.0, node_id=1 host=kafka:29092 <connecting> [IPv4 ('172.20.0.4', 29092)]>: Closing connection. KafkaConnectionError: DNS failure
[2025-12-04T15:18:57.229+0000] {subprocess.py:93} INFO - 2025-12-04 15:18:57,222 - kafka.client - WARNING - Node 1 connection failed -- refreshing metadata
[2025-12-04T15:19:14.437+0000] {subprocess.py:93} INFO - 2025-12-04 15:19:14,436 - kafka.conn - WARNING - DNS lookup failed for kafka:29092, exception was [Errno -2] Name or service not known. Is your advertised.listeners (called advertised.host.name before Kafka 9) correct and resolvable?
[2025-12-04T15:19:14.439+0000] {subprocess.py:93} INFO - 2025-12-04 15:19:14,437 - kafka.conn - ERROR - <BrokerConnection client_id=kafka-python-producer-1, node_id=1 host=kafka:29092 <connecting> [IPv4 ('172.20.0.4', 29092)]>: DNS lookup failed for kafka:29092 (AddressFamily.AF_UNSPEC)
[2025-12-04T15:19:14.441+0000] {subprocess.py:93} INFO - 2025-12-04 15:19:14,437 - kafka.conn - ERROR - <BrokerConnection client_id=kafka-python-producer-1, node_id=1 host=kafka:29092 <connecting> [IPv4 ('172.20.0.4', 29092)]>: Closing connection. KafkaConnectionError: DNS failure
[2025-12-04T15:19:14.442+0000] {subprocess.py:93} INFO - 2025-12-04 15:19:14,437 - kafka.client - WARNING - Node 1 connection failed -- refreshing metadata
[2025-12-04T15:19:26.561+0000] {subprocess.py:93} INFO - 2025-12-04 15:19:26,560 - kafka.conn - WARNING - DNS lookup failed for kafka:29092, exception was [Errno -2] Name or service not known. Is your advertised.listeners (called advertised.host.name before Kafka 9) correct and resolvable?
[2025-12-04T15:19:26.562+0000] {subprocess.py:93} INFO - 2025-12-04 15:19:26,560 - kafka.conn - ERROR - <BrokerConnection client_id=kafka-python-2.3.0, node_id=1 host=kafka:29092 <connecting> [IPv4 ('172.20.0.4', 29092)]>: DNS lookup failed for kafka:29092 (AddressFamily.AF_UNSPEC)
[2025-12-04T15:19:26.565+0000] {subprocess.py:93} INFO - 2025-12-04 15:19:26,561 - kafka.conn - ERROR - <BrokerConnection client_id=kafka-python-2.3.0, node_id=1 host=kafka:29092 <connecting> [IPv4 ('172.20.0.4', 29092)]>: Closing connection. KafkaConnectionError: DNS failure
[2025-12-04T15:19:26.567+0000] {subprocess.py:93} INFO - 2025-12-04 15:19:26,561 - kafka.client - WARNING - Node 1 connection failed -- refreshing metadata
[2025-12-04T15:19:47.763+0000] {subprocess.py:93} INFO - 2025-12-04 15:19:47,761 - kafka.conn - WARNING - DNS lookup failed for kafka:29092, exception was [Errno -2] Name or service not known. Is your advertised.listeners (called advertised.host.name before Kafka 9) correct and resolvable?
[2025-12-04T15:19:47.768+0000] {subprocess.py:93} INFO - 2025-12-04 15:19:47,761 - kafka.conn - ERROR - <BrokerConnection client_id=kafka-python-producer-1, node_id=1 host=kafka:29092 <connecting> [IPv4 ('172.20.0.4', 29092)]>: DNS lookup failed for kafka:29092 (AddressFamily.AF_UNSPEC)
[2025-12-04T15:19:47.769+0000] {subprocess.py:93} INFO - 2025-12-04 15:19:47,762 - kafka.conn - ERROR - <BrokerConnection client_id=kafka-python-producer-1, node_id=1 host=kafka:29092 <connecting> [IPv4 ('172.20.0.4', 29092)]>: Closing connection. KafkaConnectionError: DNS failure
[2025-12-04T15:19:47.770+0000] {subprocess.py:93} INFO - 2025-12-04 15:19:47,762 - kafka.client - WARNING - Node 1 connection failed -- refreshing metadata
[2025-12-04T15:20:02.587+0000] {subprocess.py:93} INFO - 2025-12-04 15:20:02,587 - kafka.conn - WARNING - DNS lookup failed for kafka:29092, exception was [Errno -2] Name or service not known. Is your advertised.listeners (called advertised.host.name before Kafka 9) correct and resolvable?
[2025-12-04T15:20:02.590+0000] {subprocess.py:93} INFO - 2025-12-04 15:20:02,587 - kafka.conn - ERROR - <BrokerConnection client_id=kafka-python-2.3.0, node_id=1 host=kafka:29092 <connecting> [IPv4 ('172.20.0.4', 29092)]>: DNS lookup failed for kafka:29092 (AddressFamily.AF_UNSPEC)
[2025-12-04T15:20:02.591+0000] {subprocess.py:93} INFO - 2025-12-04 15:20:02,587 - kafka.conn - ERROR - <BrokerConnection client_id=kafka-python-2.3.0, node_id=1 host=kafka:29092 <connecting> [IPv4 ('172.20.0.4', 29092)]>: Closing connection. KafkaConnectionError: DNS failure
[2025-12-04T15:20:02.592+0000] {subprocess.py:93} INFO - 2025-12-04 15:20:02,587 - kafka.client - WARNING - Node 1 connection failed -- refreshing metadata
[2025-12-04T15:20:12.764+0000] {subprocess.py:93} INFO - 2025-12-04 15:20:12,764 - kafka.conn - WARNING - DNS lookup failed for kafka:29092, exception was [Errno -2] Name or service not known. Is your advertised.listeners (called advertised.host.name before Kafka 9) correct and resolvable?
[2025-12-04T15:20:12.766+0000] {subprocess.py:93} INFO - 2025-12-04 15:20:12,764 - kafka.conn - ERROR - <BrokerConnection client_id=kafka-python-producer-1, node_id=1 host=kafka:29092 <connecting> [IPv4 ('172.20.0.4', 29092)]>: DNS lookup failed for kafka:29092 (AddressFamily.AF_UNSPEC)
[2025-12-04T15:20:12.768+0000] {subprocess.py:93} INFO - 2025-12-04 15:20:12,764 - kafka.conn - ERROR - <BrokerConnection client_id=kafka-python-producer-1, node_id=1 host=kafka:29092 <connecting> [IPv4 ('172.20.0.4', 29092)]>: Closing connection. KafkaConnectionError: DNS failure
[2025-12-04T15:20:12.769+0000] {subprocess.py:93} INFO - 2025-12-04 15:20:12,764 - kafka.client - WARNING - Node 1 connection failed -- refreshing metadata
[2025-12-04T15:20:32.976+0000] {subprocess.py:93} INFO - 2025-12-04 15:20:32,975 - kafka.conn - WARNING - DNS lookup failed for kafka:29092, exception was [Errno -2] Name or service not known. Is your advertised.listeners (called advertised.host.name before Kafka 9) correct and resolvable?
[2025-12-04T15:20:32.979+0000] {subprocess.py:93} INFO - 2025-12-04 15:20:32,975 - kafka.conn - ERROR - <BrokerConnection client_id=kafka-python-2.3.0, node_id=1 host=kafka:29092 <connecting> [IPv4 ('172.20.0.4', 29092)]>: DNS lookup failed for kafka:29092 (AddressFamily.AF_UNSPEC)
[2025-12-04T15:20:32.997+0000] {subprocess.py:93} INFO - 2025-12-04 15:20:32,976 - kafka.conn - ERROR - <BrokerConnection client_id=kafka-python-2.3.0, node_id=1 host=kafka:29092 <connecting> [IPv4 ('172.20.0.4', 29092)]>: Closing connection. KafkaConnectionError: DNS failure
[2025-12-04T15:20:32.999+0000] {subprocess.py:93} INFO - 2025-12-04 15:20:32,976 - kafka.client - WARNING - Node 1 connection failed -- refreshing metadata
[2025-12-04T15:20:41.709+0000] {subprocess.py:93} INFO - 2025-12-04 15:20:41,709 - kafka.conn - WARNING - DNS lookup failed for kafka:29092, exception was [Errno -2] Name or service not known. Is your advertised.listeners (called advertised.host.name before Kafka 9) correct and resolvable?
[2025-12-04T15:20:41.712+0000] {subprocess.py:93} INFO - 2025-12-04 15:20:41,709 - kafka.conn - ERROR - <BrokerConnection client_id=kafka-python-producer-1, node_id=1 host=kafka:29092 <connecting> [IPv4 ('172.20.0.4', 29092)]>: DNS lookup failed for kafka:29092 (AddressFamily.AF_UNSPEC)
[2025-12-04T15:20:41.713+0000] {subprocess.py:93} INFO - 2025-12-04 15:20:41,710 - kafka.conn - ERROR - <BrokerConnection client_id=kafka-python-producer-1, node_id=1 host=kafka:29092 <connecting> [IPv4 ('172.20.0.4', 29092)]>: Closing connection. KafkaConnectionError: DNS failure
[2025-12-04T15:20:41.714+0000] {subprocess.py:93} INFO - 2025-12-04 15:20:41,710 - kafka.client - WARNING - Node 1 connection failed -- refreshing metadata
[2025-12-04T15:21:02.430+0000] {subprocess.py:93} INFO - 2025-12-04 15:21:02,429 - kafka.conn - WARNING - DNS lookup failed for kafka:29092, exception was [Errno -2] Name or service not known. Is your advertised.listeners (called advertised.host.name before Kafka 9) correct and resolvable?
[2025-12-04T15:21:02.431+0000] {subprocess.py:93} INFO - 2025-12-04 15:21:02,429 - kafka.conn - ERROR - <BrokerConnection client_id=kafka-python-2.3.0, node_id=1 host=kafka:29092 <connecting> [IPv4 ('172.20.0.4', 29092)]>: DNS lookup failed for kafka:29092 (AddressFamily.AF_UNSPEC)
[2025-12-04T15:21:02.433+0000] {subprocess.py:93} INFO - 2025-12-04 15:21:02,429 - kafka.conn - ERROR - <BrokerConnection client_id=kafka-python-2.3.0, node_id=1 host=kafka:29092 <connecting> [IPv4 ('172.20.0.4', 29092)]>: Closing connection. KafkaConnectionError: DNS failure
[2025-12-04T15:21:02.434+0000] {subprocess.py:93} INFO - 2025-12-04 15:21:02,430 - kafka.client - WARNING - Node 1 connection failed -- refreshing metadata
[2025-12-04T15:21:11.108+0000] {subprocess.py:93} INFO - 2025-12-04 15:21:11,108 - kafka.conn - WARNING - DNS lookup failed for kafka:29092, exception was [Errno -2] Name or service not known. Is your advertised.listeners (called advertised.host.name before Kafka 9) correct and resolvable?
[2025-12-04T15:21:11.110+0000] {subprocess.py:93} INFO - 2025-12-04 15:21:11,108 - kafka.conn - ERROR - <BrokerConnection client_id=kafka-python-producer-1, node_id=1 host=kafka:29092 <connecting> [IPv4 ('172.20.0.4', 29092)]>: DNS lookup failed for kafka:29092 (AddressFamily.AF_UNSPEC)
[2025-12-04T15:21:11.111+0000] {subprocess.py:93} INFO - 2025-12-04 15:21:11,108 - kafka.conn - ERROR - <BrokerConnection client_id=kafka-python-producer-1, node_id=1 host=kafka:29092 <connecting> [IPv4 ('172.20.0.4', 29092)]>: Closing connection. KafkaConnectionError: DNS failure
[2025-12-04T15:21:11.112+0000] {subprocess.py:93} INFO - 2025-12-04 15:21:11,109 - kafka.client - WARNING - Node 1 connection failed -- refreshing metadata
[2025-12-04T15:21:29.898+0000] {subprocess.py:93} INFO - 2025-12-04 15:21:29,898 - kafka.conn - WARNING - DNS lookup failed for kafka:29092, exception was [Errno -2] Name or service not known. Is your advertised.listeners (called advertised.host.name before Kafka 9) correct and resolvable?
[2025-12-04T15:21:29.900+0000] {subprocess.py:93} INFO - 2025-12-04 15:21:29,898 - kafka.conn - ERROR - <BrokerConnection client_id=kafka-python-2.3.0, node_id=1 host=kafka:29092 <connecting> [IPv4 ('172.20.0.4', 29092)]>: DNS lookup failed for kafka:29092 (AddressFamily.AF_UNSPEC)
[2025-12-04T15:21:29.901+0000] {subprocess.py:93} INFO - 2025-12-04 15:21:29,898 - kafka.conn - ERROR - <BrokerConnection client_id=kafka-python-2.3.0, node_id=1 host=kafka:29092 <connecting> [IPv4 ('172.20.0.4', 29092)]>: Closing connection. KafkaConnectionError: DNS failure
[2025-12-04T15:21:29.901+0000] {subprocess.py:93} INFO - 2025-12-04 15:21:29,898 - kafka.client - WARNING - Node 1 connection failed -- refreshing metadata
[2025-12-04T15:21:35.796+0000] {subprocess.py:93} INFO - 2025-12-04 15:21:35,795 - kafka.conn - WARNING - DNS lookup failed for kafka:29092, exception was [Errno -2] Name or service not known. Is your advertised.listeners (called advertised.host.name before Kafka 9) correct and resolvable?
[2025-12-04T15:21:35.798+0000] {subprocess.py:93} INFO - 2025-12-04 15:21:35,796 - kafka.conn - ERROR - <BrokerConnection client_id=kafka-python-producer-1, node_id=1 host=kafka:29092 <connecting> [IPv4 ('172.20.0.4', 29092)]>: DNS lookup failed for kafka:29092 (AddressFamily.AF_UNSPEC)
[2025-12-04T15:21:35.799+0000] {subprocess.py:93} INFO - 2025-12-04 15:21:35,796 - kafka.conn - ERROR - <BrokerConnection client_id=kafka-python-producer-1, node_id=1 host=kafka:29092 <connecting> [IPv4 ('172.20.0.4', 29092)]>: Closing connection. KafkaConnectionError: DNS failure
[2025-12-04T15:21:35.800+0000] {subprocess.py:93} INFO - 2025-12-04 15:21:35,796 - kafka.client - WARNING - Node 1 connection failed -- refreshing metadata
[2025-12-04T15:21:59.559+0000] {subprocess.py:93} INFO - 2025-12-04 15:21:59,558 - kafka.conn - WARNING - DNS lookup failed for kafka:29092, exception was [Errno -2] Name or service not known. Is your advertised.listeners (called advertised.host.name before Kafka 9) correct and resolvable?
[2025-12-04T15:21:59.563+0000] {subprocess.py:93} INFO - 2025-12-04 15:21:59,558 - kafka.conn - ERROR - <BrokerConnection client_id=kafka-python-2.3.0, node_id=1 host=kafka:29092 <connecting> [IPv4 ('172.20.0.4', 29092)]>: DNS lookup failed for kafka:29092 (AddressFamily.AF_UNSPEC)
[2025-12-04T15:21:59.564+0000] {subprocess.py:93} INFO - 2025-12-04 15:21:59,558 - kafka.conn - ERROR - <BrokerConnection client_id=kafka-python-2.3.0, node_id=1 host=kafka:29092 <connecting> [IPv4 ('172.20.0.4', 29092)]>: Closing connection. KafkaConnectionError: DNS failure
[2025-12-04T15:21:59.566+0000] {subprocess.py:93} INFO - 2025-12-04 15:21:59,559 - kafka.client - WARNING - Node 1 connection failed -- refreshing metadata
[2025-12-04T15:22:05.702+0000] {subprocess.py:93} INFO - 2025-12-04 15:22:05,702 - kafka.conn - WARNING - DNS lookup failed for kafka:29092, exception was [Errno -2] Name or service not known. Is your advertised.listeners (called advertised.host.name before Kafka 9) correct and resolvable?
[2025-12-04T15:22:05.704+0000] {subprocess.py:93} INFO - 2025-12-04 15:22:05,702 - kafka.conn - ERROR - <BrokerConnection client_id=kafka-python-producer-1, node_id=1 host=kafka:29092 <connecting> [IPv4 ('172.20.0.4', 29092)]>: DNS lookup failed for kafka:29092 (AddressFamily.AF_UNSPEC)
[2025-12-04T15:22:05.705+0000] {subprocess.py:93} INFO - 2025-12-04 15:22:05,702 - kafka.conn - ERROR - <BrokerConnection client_id=kafka-python-producer-1, node_id=1 host=kafka:29092 <connecting> [IPv4 ('172.20.0.4', 29092)]>: Closing connection. KafkaConnectionError: DNS failure
[2025-12-04T15:22:05.706+0000] {subprocess.py:93} INFO - 2025-12-04 15:22:05,702 - kafka.client - WARNING - Node 1 connection failed -- refreshing metadata
[2025-12-04T15:22:29.258+0000] {subprocess.py:93} INFO - 2025-12-04 15:22:29,258 - kafka.conn - WARNING - DNS lookup failed for kafka:29092, exception was [Errno -2] Name or service not known. Is your advertised.listeners (called advertised.host.name before Kafka 9) correct and resolvable?
[2025-12-04T15:22:29.259+0000] {subprocess.py:93} INFO - 2025-12-04 15:22:29,258 - kafka.conn - ERROR - <BrokerConnection client_id=kafka-python-2.3.0, node_id=1 host=kafka:29092 <connecting> [IPv4 ('172.20.0.4', 29092)]>: DNS lookup failed for kafka:29092 (AddressFamily.AF_UNSPEC)
[2025-12-04T15:22:29.260+0000] {subprocess.py:93} INFO - 2025-12-04 15:22:29,258 - kafka.conn - ERROR - <BrokerConnection client_id=kafka-python-2.3.0, node_id=1 host=kafka:29092 <connecting> [IPv4 ('172.20.0.4', 29092)]>: Closing connection. KafkaConnectionError: DNS failure
[2025-12-04T15:22:29.260+0000] {subprocess.py:93} INFO - 2025-12-04 15:22:29,258 - kafka.client - WARNING - Node 1 connection failed -- refreshing metadata
[2025-12-04T15:22:33.448+0000] {subprocess.py:93} INFO - 2025-12-04 15:22:33,447 - kafka.conn - WARNING - DNS lookup failed for kafka:29092, exception was [Errno -2] Name or service not known. Is your advertised.listeners (called advertised.host.name before Kafka 9) correct and resolvable?
[2025-12-04T15:22:33.449+0000] {subprocess.py:93} INFO - 2025-12-04 15:22:33,448 - kafka.conn - ERROR - <BrokerConnection client_id=kafka-python-producer-1, node_id=1 host=kafka:29092 <connecting> [IPv4 ('172.20.0.4', 29092)]>: DNS lookup failed for kafka:29092 (AddressFamily.AF_UNSPEC)
[2025-12-04T15:22:33.451+0000] {subprocess.py:93} INFO - 2025-12-04 15:22:33,448 - kafka.conn - ERROR - <BrokerConnection client_id=kafka-python-producer-1, node_id=1 host=kafka:29092 <connecting> [IPv4 ('172.20.0.4', 29092)]>: Closing connection. KafkaConnectionError: DNS failure
[2025-12-04T15:22:33.452+0000] {subprocess.py:93} INFO - 2025-12-04 15:22:33,448 - kafka.client - WARNING - Node 1 connection failed -- refreshing metadata
[2025-12-04T15:23:05.249+0000] {subprocess.py:93} INFO - 2025-12-04 15:23:05,249 - kafka.conn - WARNING - DNS lookup failed for kafka:29092, exception was [Errno -2] Name or service not known. Is your advertised.listeners (called advertised.host.name before Kafka 9) correct and resolvable?
[2025-12-04T15:23:05.251+0000] {subprocess.py:93} INFO - 2025-12-04 15:23:05,249 - kafka.conn - ERROR - <BrokerConnection client_id=kafka-python-2.3.0, node_id=1 host=kafka:29092 <connecting> [IPv4 ('172.20.0.4', 29092)]>: DNS lookup failed for kafka:29092 (AddressFamily.AF_UNSPEC)
[2025-12-04T15:23:05.251+0000] {subprocess.py:93} INFO - 2025-12-04 15:23:05,249 - kafka.conn - ERROR - <BrokerConnection client_id=kafka-python-2.3.0, node_id=1 host=kafka:29092 <connecting> [IPv4 ('172.20.0.4', 29092)]>: Closing connection. KafkaConnectionError: DNS failure
[2025-12-04T15:23:05.252+0000] {subprocess.py:93} INFO - 2025-12-04 15:23:05,249 - kafka.client - WARNING - Node 1 connection failed -- refreshing metadata
[2025-12-04T15:23:08.284+0000] {subprocess.py:93} INFO - 2025-12-04 15:23:08,284 - kafka.conn - WARNING - DNS lookup failed for kafka:29092, exception was [Errno -2] Name or service not known. Is your advertised.listeners (called advertised.host.name before Kafka 9) correct and resolvable?
[2025-12-04T15:23:08.285+0000] {subprocess.py:93} INFO - 2025-12-04 15:23:08,284 - kafka.conn - ERROR - <BrokerConnection client_id=kafka-python-producer-1, node_id=1 host=kafka:29092 <connecting> [IPv4 ('172.20.0.4', 29092)]>: DNS lookup failed for kafka:29092 (AddressFamily.AF_UNSPEC)
[2025-12-04T15:23:08.286+0000] {subprocess.py:93} INFO - 2025-12-04 15:23:08,284 - kafka.conn - ERROR - <BrokerConnection client_id=kafka-python-producer-1, node_id=1 host=kafka:29092 <connecting> [IPv4 ('172.20.0.4', 29092)]>: Closing connection. KafkaConnectionError: DNS failure
[2025-12-04T15:23:08.286+0000] {subprocess.py:93} INFO - 2025-12-04 15:23:08,284 - kafka.client - WARNING - Node 1 connection failed -- refreshing metadata
[2025-12-04T15:23:41.344+0000] {subprocess.py:93} INFO - 2025-12-04 15:23:41,343 - kafka.conn - WARNING - DNS lookup failed for kafka:29092, exception was [Errno -2] Name or service not known. Is your advertised.listeners (called advertised.host.name before Kafka 9) correct and resolvable?
[2025-12-04T15:23:41.345+0000] {subprocess.py:93} INFO - 2025-12-04 15:23:41,343 - kafka.conn - ERROR - <BrokerConnection client_id=kafka-python-producer-1, node_id=1 host=kafka:29092 <connecting> [IPv4 ('172.20.0.4', 29092)]>: DNS lookup failed for kafka:29092 (AddressFamily.AF_UNSPEC)
[2025-12-04T15:23:41.346+0000] {subprocess.py:93} INFO - 2025-12-04 15:23:41,344 - kafka.conn - ERROR - <BrokerConnection client_id=kafka-python-producer-1, node_id=1 host=kafka:29092 <connecting> [IPv4 ('172.20.0.4', 29092)]>: Closing connection. KafkaConnectionError: DNS failure
[2025-12-04T15:23:41.346+0000] {subprocess.py:93} INFO - 2025-12-04 15:23:41,344 - kafka.client - WARNING - Node 1 connection failed -- refreshing metadata
[2025-12-04T15:23:45.455+0000] {subprocess.py:93} INFO - 2025-12-04 15:23:45,455 - kafka.conn - WARNING - DNS lookup failed for kafka:29092, exception was [Errno -2] Name or service not known. Is your advertised.listeners (called advertised.host.name before Kafka 9) correct and resolvable?
[2025-12-04T15:23:45.456+0000] {subprocess.py:93} INFO - 2025-12-04 15:23:45,455 - kafka.conn - ERROR - <BrokerConnection client_id=kafka-python-2.3.0, node_id=1 host=kafka:29092 <connecting> [IPv4 ('172.20.0.4', 29092)]>: DNS lookup failed for kafka:29092 (AddressFamily.AF_UNSPEC)
[2025-12-04T15:23:45.457+0000] {subprocess.py:93} INFO - 2025-12-04 15:23:45,455 - kafka.conn - ERROR - <BrokerConnection client_id=kafka-python-2.3.0, node_id=1 host=kafka:29092 <connecting> [IPv4 ('172.20.0.4', 29092)]>: Closing connection. KafkaConnectionError: DNS failure
[2025-12-04T15:23:45.457+0000] {subprocess.py:93} INFO - 2025-12-04 15:23:45,455 - kafka.client - WARNING - Node 1 connection failed -- refreshing metadata
[2025-12-04T15:24:10.548+0000] {subprocess.py:93} INFO - 2025-12-04 15:24:10,547 - kafka.conn - WARNING - DNS lookup failed for kafka:29092, exception was [Errno -2] Name or service not known. Is your advertised.listeners (called advertised.host.name before Kafka 9) correct and resolvable?
[2025-12-04T15:24:10.551+0000] {subprocess.py:93} INFO - 2025-12-04 15:24:10,547 - kafka.conn - ERROR - <BrokerConnection client_id=kafka-python-2.3.0, node_id=1 host=kafka:29092 <connecting> [IPv4 ('172.20.0.4', 29092)]>: DNS lookup failed for kafka:29092 (AddressFamily.AF_UNSPEC)
[2025-12-04T15:24:10.553+0000] {subprocess.py:93} INFO - 2025-12-04 15:24:10,548 - kafka.conn - ERROR - <BrokerConnection client_id=kafka-python-2.3.0, node_id=1 host=kafka:29092 <connecting> [IPv4 ('172.20.0.4', 29092)]>: Closing connection. KafkaConnectionError: DNS failure
[2025-12-04T15:24:10.555+0000] {subprocess.py:93} INFO - 2025-12-04 15:24:10,548 - kafka.client - WARNING - Node 1 connection failed -- refreshing metadata
[2025-12-04T15:24:11.413+0000] {subprocess.py:93} INFO - 2025-12-04 15:24:11,413 - kafka.conn - WARNING - DNS lookup failed for kafka:29092, exception was [Errno -2] Name or service not known. Is your advertised.listeners (called advertised.host.name before Kafka 9) correct and resolvable?
[2025-12-04T15:24:11.414+0000] {subprocess.py:93} INFO - 2025-12-04 15:24:11,413 - kafka.conn - ERROR - <BrokerConnection client_id=kafka-python-producer-1, node_id=1 host=kafka:29092 <connecting> [IPv4 ('172.20.0.4', 29092)]>: DNS lookup failed for kafka:29092 (AddressFamily.AF_UNSPEC)
[2025-12-04T15:24:11.415+0000] {subprocess.py:93} INFO - 2025-12-04 15:24:11,413 - kafka.conn - ERROR - <BrokerConnection client_id=kafka-python-producer-1, node_id=1 host=kafka:29092 <connecting> [IPv4 ('172.20.0.4', 29092)]>: Closing connection. KafkaConnectionError: DNS failure
[2025-12-04T15:24:11.416+0000] {subprocess.py:93} INFO - 2025-12-04 15:24:11,413 - kafka.client - WARNING - Node 1 connection failed -- refreshing metadata
[2025-12-04T15:24:38.242+0000] {subprocess.py:93} INFO - 2025-12-04 15:24:38,241 - kafka.conn - WARNING - DNS lookup failed for kafka:29092, exception was [Errno -2] Name or service not known. Is your advertised.listeners (called advertised.host.name before Kafka 9) correct and resolvable?
[2025-12-04T15:24:38.245+0000] {subprocess.py:93} INFO - 2025-12-04 15:24:38,241 - kafka.conn - ERROR - <BrokerConnection client_id=kafka-python-producer-1, node_id=1 host=kafka:29092 <connecting> [IPv4 ('172.20.0.4', 29092)]>: DNS lookup failed for kafka:29092 (AddressFamily.AF_UNSPEC)
[2025-12-04T15:24:38.246+0000] {subprocess.py:93} INFO - 2025-12-04 15:24:38,241 - kafka.conn - ERROR - <BrokerConnection client_id=kafka-python-producer-1, node_id=1 host=kafka:29092 <connecting> [IPv4 ('172.20.0.4', 29092)]>: Closing connection. KafkaConnectionError: DNS failure
[2025-12-04T15:24:38.247+0000] {subprocess.py:93} INFO - 2025-12-04 15:24:38,242 - kafka.client - WARNING - Node 1 connection failed -- refreshing metadata
[2025-12-04T15:24:40.973+0000] {subprocess.py:93} INFO - 2025-12-04 15:24:40,973 - kafka.conn - WARNING - DNS lookup failed for kafka:29092, exception was [Errno -2] Name or service not known. Is your advertised.listeners (called advertised.host.name before Kafka 9) correct and resolvable?
[2025-12-04T15:24:40.975+0000] {subprocess.py:93} INFO - 2025-12-04 15:24:40,973 - kafka.conn - ERROR - <BrokerConnection client_id=kafka-python-2.3.0, node_id=1 host=kafka:29092 <connecting> [IPv4 ('172.20.0.4', 29092)]>: DNS lookup failed for kafka:29092 (AddressFamily.AF_UNSPEC)
[2025-12-04T15:24:40.977+0000] {subprocess.py:93} INFO - 2025-12-04 15:24:40,973 - kafka.conn - ERROR - <BrokerConnection client_id=kafka-python-2.3.0, node_id=1 host=kafka:29092 <connecting> [IPv4 ('172.20.0.4', 29092)]>: Closing connection. KafkaConnectionError: DNS failure
[2025-12-04T15:24:40.979+0000] {subprocess.py:93} INFO - 2025-12-04 15:24:40,973 - kafka.client - WARNING - Node 1 connection failed -- refreshing metadata
[2025-12-04T15:25:07.640+0000] {subprocess.py:93} INFO - 2025-12-04 15:25:07,639 - kafka.conn - WARNING - DNS lookup failed for kafka:29092, exception was [Errno -2] Name or service not known. Is your advertised.listeners (called advertised.host.name before Kafka 9) correct and resolvable?
[2025-12-04T15:25:07.643+0000] {subprocess.py:93} INFO - 2025-12-04 15:25:07,640 - kafka.conn - ERROR - <BrokerConnection client_id=kafka-python-producer-1, node_id=1 host=kafka:29092 <connecting> [IPv4 ('172.20.0.4', 29092)]>: DNS lookup failed for kafka:29092 (AddressFamily.AF_UNSPEC)
[2025-12-04T15:25:07.646+0000] {subprocess.py:93} INFO - 2025-12-04 15:25:07,640 - kafka.conn - ERROR - <BrokerConnection client_id=kafka-python-producer-1, node_id=1 host=kafka:29092 <connecting> [IPv4 ('172.20.0.4', 29092)]>: Closing connection. KafkaConnectionError: DNS failure
[2025-12-04T15:25:07.647+0000] {subprocess.py:93} INFO - 2025-12-04 15:25:07,642 - kafka.client - WARNING - Node 1 connection failed -- refreshing metadata
[2025-12-04T15:25:08.666+0000] {subprocess.py:93} INFO - 2025-12-04 15:25:08,666 - kafka.conn - WARNING - DNS lookup failed for kafka:29092, exception was [Errno -2] Name or service not known. Is your advertised.listeners (called advertised.host.name before Kafka 9) correct and resolvable?
[2025-12-04T15:25:08.669+0000] {subprocess.py:93} INFO - 2025-12-04 15:25:08,666 - kafka.conn - ERROR - <BrokerConnection client_id=kafka-python-2.3.0, node_id=1 host=kafka:29092 <connecting> [IPv4 ('172.20.0.4', 29092)]>: DNS lookup failed for kafka:29092 (AddressFamily.AF_UNSPEC)
[2025-12-04T15:25:08.670+0000] {subprocess.py:93} INFO - 2025-12-04 15:25:08,667 - kafka.conn - ERROR - <BrokerConnection client_id=kafka-python-2.3.0, node_id=1 host=kafka:29092 <connecting> [IPv4 ('172.20.0.4', 29092)]>: Closing connection. KafkaConnectionError: DNS failure
[2025-12-04T15:25:08.672+0000] {subprocess.py:93} INFO - 2025-12-04 15:25:08,667 - kafka.client - WARNING - Node 1 connection failed -- refreshing metadata
[2025-12-04T15:25:38.397+0000] {subprocess.py:93} INFO - 2025-12-04 15:25:38,397 - kafka.conn - WARNING - DNS lookup failed for kafka:29092, exception was [Errno -2] Name or service not known. Is your advertised.listeners (called advertised.host.name before Kafka 9) correct and resolvable?
[2025-12-04T15:25:38.398+0000] {subprocess.py:93} INFO - 2025-12-04 15:25:38,397 - kafka.conn - ERROR - <BrokerConnection client_id=kafka-python-producer-1, node_id=1 host=kafka:29092 <connecting> [IPv4 ('172.20.0.4', 29092)]>: DNS lookup failed for kafka:29092 (AddressFamily.AF_UNSPEC)
[2025-12-04T15:25:38.399+0000] {subprocess.py:93} INFO - 2025-12-04 15:25:38,397 - kafka.conn - ERROR - <BrokerConnection client_id=kafka-python-producer-1, node_id=1 host=kafka:29092 <connecting> [IPv4 ('172.20.0.4', 29092)]>: Closing connection. KafkaConnectionError: DNS failure
[2025-12-04T15:25:38.399+0000] {subprocess.py:93} INFO - 2025-12-04 15:25:38,397 - kafka.client - WARNING - Node 1 connection failed -- refreshing metadata
[2025-12-04T15:25:38.666+0000] {subprocess.py:93} INFO - 2025-12-04 15:25:38,665 - kafka.conn - WARNING - DNS lookup failed for kafka:29092, exception was [Errno -2] Name or service not known. Is your advertised.listeners (called advertised.host.name before Kafka 9) correct and resolvable?
[2025-12-04T15:25:38.667+0000] {subprocess.py:93} INFO - 2025-12-04 15:25:38,665 - kafka.conn - ERROR - <BrokerConnection client_id=kafka-python-2.3.0, node_id=1 host=kafka:29092 <connecting> [IPv4 ('172.20.0.4', 29092)]>: DNS lookup failed for kafka:29092 (AddressFamily.AF_UNSPEC)
[2025-12-04T15:25:38.668+0000] {subprocess.py:93} INFO - 2025-12-04 15:25:38,665 - kafka.conn - ERROR - <BrokerConnection client_id=kafka-python-2.3.0, node_id=1 host=kafka:29092 <connecting> [IPv4 ('172.20.0.4', 29092)]>: Closing connection. KafkaConnectionError: DNS failure
[2025-12-04T15:25:38.668+0000] {subprocess.py:93} INFO - 2025-12-04 15:25:38,665 - kafka.client - WARNING - Node 1 connection failed -- refreshing metadata
[2025-12-04T15:26:06.274+0000] {subprocess.py:93} INFO - 2025-12-04 15:26:06,273 - kafka.conn - WARNING - DNS lookup failed for kafka:29092, exception was [Errno -2] Name or service not known. Is your advertised.listeners (called advertised.host.name before Kafka 9) correct and resolvable?
[2025-12-04T15:26:06.276+0000] {subprocess.py:93} INFO - 2025-12-04 15:26:06,273 - kafka.conn - ERROR - <BrokerConnection client_id=kafka-python-producer-1, node_id=1 host=kafka:29092 <connecting> [IPv4 ('172.20.0.4', 29092)]>: DNS lookup failed for kafka:29092 (AddressFamily.AF_UNSPEC)
[2025-12-04T15:26:06.277+0000] {subprocess.py:93} INFO - 2025-12-04 15:26:06,273 - kafka.conn - ERROR - <BrokerConnection client_id=kafka-python-producer-1, node_id=1 host=kafka:29092 <connecting> [IPv4 ('172.20.0.4', 29092)]>: Closing connection. KafkaConnectionError: DNS failure
[2025-12-04T15:26:06.278+0000] {subprocess.py:93} INFO - 2025-12-04 15:26:06,274 - kafka.client - WARNING - Node 1 connection failed -- refreshing metadata
[2025-12-04T15:26:13.259+0000] {subprocess.py:93} INFO - 2025-12-04 15:26:13,258 - kafka.conn - WARNING - DNS lookup failed for kafka:29092, exception was [Errno -2] Name or service not known. Is your advertised.listeners (called advertised.host.name before Kafka 9) correct and resolvable?
[2025-12-04T15:26:13.261+0000] {subprocess.py:93} INFO - 2025-12-04 15:26:13,258 - kafka.conn - ERROR - <BrokerConnection client_id=kafka-python-2.3.0, node_id=1 host=kafka:29092 <connecting> [IPv4 ('172.20.0.4', 29092)]>: DNS lookup failed for kafka:29092 (AddressFamily.AF_UNSPEC)
[2025-12-04T15:26:13.263+0000] {subprocess.py:93} INFO - 2025-12-04 15:26:13,259 - kafka.conn - ERROR - <BrokerConnection client_id=kafka-python-2.3.0, node_id=1 host=kafka:29092 <connecting> [IPv4 ('172.20.0.4', 29092)]>: Closing connection. KafkaConnectionError: DNS failure
[2025-12-04T15:26:13.265+0000] {subprocess.py:93} INFO - 2025-12-04 15:26:13,259 - kafka.client - WARNING - Node 1 connection failed -- refreshing metadata
[2025-12-04T15:26:32.680+0000] {subprocess.py:93} INFO - 2025-12-04 15:26:32,679 - kafka.conn - WARNING - DNS lookup failed for kafka:29092, exception was [Errno -2] Name or service not known. Is your advertised.listeners (called advertised.host.name before Kafka 9) correct and resolvable?
[2025-12-04T15:26:32.681+0000] {subprocess.py:93} INFO - 2025-12-04 15:26:32,680 - kafka.conn - ERROR - <BrokerConnection client_id=kafka-python-producer-1, node_id=1 host=kafka:29092 <connecting> [IPv4 ('172.20.0.4', 29092)]>: DNS lookup failed for kafka:29092 (AddressFamily.AF_UNSPEC)
[2025-12-04T15:26:32.681+0000] {subprocess.py:93} INFO - 2025-12-04 15:26:32,680 - kafka.conn - ERROR - <BrokerConnection client_id=kafka-python-producer-1, node_id=1 host=kafka:29092 <connecting> [IPv4 ('172.20.0.4', 29092)]>: Closing connection. KafkaConnectionError: DNS failure
[2025-12-04T15:26:32.682+0000] {subprocess.py:93} INFO - 2025-12-04 15:26:32,680 - kafka.client - WARNING - Node 1 connection failed -- refreshing metadata
[2025-12-04T15:26:37.831+0000] {subprocess.py:93} INFO - 2025-12-04 15:26:37,827 - kafka.conn - WARNING - DNS lookup failed for kafka:29092, exception was [Errno -2] Name or service not known. Is your advertised.listeners (called advertised.host.name before Kafka 9) correct and resolvable?
[2025-12-04T15:26:37.833+0000] {subprocess.py:93} INFO - 2025-12-04 15:26:37,828 - kafka.conn - ERROR - <BrokerConnection client_id=kafka-python-2.3.0, node_id=1 host=kafka:29092 <connecting> [IPv4 ('172.20.0.4', 29092)]>: DNS lookup failed for kafka:29092 (AddressFamily.AF_UNSPEC)
[2025-12-04T15:26:37.840+0000] {subprocess.py:93} INFO - 2025-12-04 15:26:37,828 - kafka.conn - ERROR - <BrokerConnection client_id=kafka-python-2.3.0, node_id=1 host=kafka:29092 <connecting> [IPv4 ('172.20.0.4', 29092)]>: Closing connection. KafkaConnectionError: DNS failure
[2025-12-04T15:26:37.842+0000] {subprocess.py:93} INFO - 2025-12-04 15:26:37,828 - kafka.client - WARNING - Node 1 connection failed -- refreshing metadata
[2025-12-04T15:26:37.795+0000] {local_task_job_runner.py:121} ERROR - Received SIGTERM. Terminating subprocesses
[2025-12-04T15:26:38.055+0000] {process_utils.py:131} INFO - Sending 15 to group 299. PIDs of all processes in the group: [300, 299]
[2025-12-04T15:26:38.107+0000] {process_utils.py:86} INFO - Sending the signal 15 to group 299
[2025-12-04T15:26:38.339+0000] {taskinstance.py:2450} ERROR - Received SIGTERM. Terminating subprocesses.
[2025-12-04T15:26:38.437+0000] {subprocess.py:104} INFO - Sending SIGTERM signal to process group
