[2025-12-08T09:54:22.671+0000] {taskinstance.py:1956} INFO - Dependencies all met for dep_context=non-requeueable deps ti=<TaskInstance: email_intelligence_pipeline.daily_insights_aggregation manual__2025-12-08T09:22:08.158102+00:00 [queued]>
[2025-12-08T09:54:22.704+0000] {taskinstance.py:1956} INFO - Dependencies all met for dep_context=requeueable deps ti=<TaskInstance: email_intelligence_pipeline.daily_insights_aggregation manual__2025-12-08T09:22:08.158102+00:00 [queued]>
[2025-12-08T09:54:22.708+0000] {taskinstance.py:2170} INFO - Starting attempt 2 of 1
[2025-12-08T09:54:22.756+0000] {taskinstance.py:2191} INFO - Executing <Task(BashOperator): daily_insights_aggregation> on 2025-12-08 09:22:08.158102+00:00
[2025-12-08T09:54:22.772+0000] {standard_task_runner.py:60} INFO - Started process 178 to run task
[2025-12-08T09:54:22.788+0000] {standard_task_runner.py:87} INFO - Running: ['***', 'tasks', 'run', 'email_intelligence_pipeline', 'daily_insights_aggregation', 'manual__2025-12-08T09:22:08.158102+00:00', '--job-id', '241', '--raw', '--subdir', 'DAGS_FOLDER/email_pipeline_dag.py', '--cfg-path', '/tmp/tmpzqabf79m']
[2025-12-08T09:54:22.799+0000] {standard_task_runner.py:88} INFO - Job 241: Subtask daily_insights_aggregation
[2025-12-08T09:54:23.118+0000] {task_command.py:423} INFO - Running <TaskInstance: email_intelligence_pipeline.daily_insights_aggregation manual__2025-12-08T09:22:08.158102+00:00 [running]> on host 3db08845f297
[2025-12-08T09:54:23.329+0000] {taskinstance.py:2480} INFO - Exporting env vars: AIRFLOW_CTX_DAG_OWNER='data_team' AIRFLOW_CTX_DAG_ID='email_intelligence_pipeline' AIRFLOW_CTX_TASK_ID='daily_insights_aggregation' AIRFLOW_CTX_EXECUTION_DATE='2025-12-08T09:22:08.158102+00:00' AIRFLOW_CTX_TRY_NUMBER='2' AIRFLOW_CTX_DAG_RUN_ID='manual__2025-12-08T09:22:08.158102+00:00'
[2025-12-08T09:54:23.333+0000] {subprocess.py:63} INFO - Tmp dir root location: /tmp
[2025-12-08T09:54:23.335+0000] {subprocess.py:75} INFO - Running command: ['/usr/bin/bash', '-c', '\n        # Vérifier si quality check a vraiment passé\n        QUALITY_REPORT="/tmp/quality_report.json"\n        \n        if [ ! -f "$QUALITY_REPORT" ]; then\n            echo "❌ Quality report not found!"\n            exit 1\n        fi\n        \n        # Extraire le score du rapport JSON\n        QUALITY_SCORE=$(grep -o \'"overall_score": [0-9.]*\' "$QUALITY_REPORT" | grep -o \'[0-9.]*\')\n        THRESHOLD=95\n        \n        if (( $(echo "$QUALITY_SCORE < $THRESHOLD" | bc -l) )); then\n            echo "❌ Quality score ($QUALITY_SCORE%) is below threshold ($THRESHOLD%)"\n            echo "⛔ Skipping daily aggregation"\n            exit 1\n        fi\n        \n        echo "✅ Quality score ($QUALITY_SCORE%) is above threshold - Running aggregation"\n        /opt/spark/bin/spark-submit --master local[2] --packages org.apache.hadoop:hadoop-aws:3.3.4             --name DailyInsightsAggregation /opt/spark/jobs/daily_aggregation.py\n        ']
[2025-12-08T09:54:23.367+0000] {subprocess.py:86} INFO - Output:
[2025-12-08T09:54:23.422+0000] {subprocess.py:93} INFO - /usr/bin/bash: line 14: bc: command not found
[2025-12-08T09:54:23.424+0000] {subprocess.py:93} INFO - ✅ Quality score (100.0%) is above threshold - Running aggregation
[2025-12-08T09:54:23.450+0000] {subprocess.py:93} INFO - /opt/spark/bin/load-spark-env.sh: line 68: ps: command not found
[2025-12-08T09:54:31.675+0000] {subprocess.py:93} INFO - :: loading settings :: url = jar:file:/opt/spark/jars/ivy-2.5.1.jar!/org/apache/ivy/core/settings/ivysettings.xml
[2025-12-08T09:54:32.083+0000] {subprocess.py:93} INFO - Ivy Default Cache set to: /home/***/.ivy2/cache
[2025-12-08T09:54:32.087+0000] {subprocess.py:93} INFO - The jars for the packages stored in: /home/***/.ivy2/jars
[2025-12-08T09:54:32.112+0000] {subprocess.py:93} INFO - org.apache.hadoop#hadoop-aws added as a dependency
[2025-12-08T09:54:32.140+0000] {subprocess.py:93} INFO - :: resolving dependencies :: org.apache.spark#spark-submit-parent-9b314396-4d94-43f8-b116-646368dbc6dd;1.0
[2025-12-08T09:54:32.143+0000] {subprocess.py:93} INFO - 	confs: [default]
[2025-12-08T09:54:33.302+0000] {subprocess.py:93} INFO - 	found org.apache.hadoop#hadoop-aws;3.3.4 in central
[2025-12-08T09:54:33.395+0000] {subprocess.py:93} INFO - 	found com.amazonaws#aws-java-sdk-bundle;1.12.262 in central
[2025-12-08T09:54:33.480+0000] {subprocess.py:93} INFO - 	found org.wildfly.openssl#wildfly-openssl;1.0.7.Final in central
[2025-12-08T09:54:33.556+0000] {subprocess.py:93} INFO - :: resolution report :: resolve 1401ms :: artifacts dl 28ms
[2025-12-08T09:54:33.558+0000] {subprocess.py:93} INFO - 	:: modules in use:
[2025-12-08T09:54:33.562+0000] {subprocess.py:93} INFO - 	com.amazonaws#aws-java-sdk-bundle;1.12.262 from central in [default]
[2025-12-08T09:54:33.564+0000] {subprocess.py:93} INFO - 	org.apache.hadoop#hadoop-aws;3.3.4 from central in [default]
[2025-12-08T09:54:33.567+0000] {subprocess.py:93} INFO - 	org.wildfly.openssl#wildfly-openssl;1.0.7.Final from central in [default]
[2025-12-08T09:54:33.572+0000] {subprocess.py:93} INFO - 	---------------------------------------------------------------------
[2025-12-08T09:54:33.576+0000] {subprocess.py:93} INFO - 	|                  |            modules            ||   artifacts   |
[2025-12-08T09:54:33.578+0000] {subprocess.py:93} INFO - 	|       conf       | number| search|dwnlded|evicted|| number|dwnlded|
[2025-12-08T09:54:33.580+0000] {subprocess.py:93} INFO - 	---------------------------------------------------------------------
[2025-12-08T09:54:33.583+0000] {subprocess.py:93} INFO - 	|      default     |   3   |   0   |   0   |   0   ||   3   |   0   |
[2025-12-08T09:54:33.584+0000] {subprocess.py:93} INFO - 	---------------------------------------------------------------------
[2025-12-08T09:54:33.590+0000] {subprocess.py:93} INFO - :: retrieving :: org.apache.spark#spark-submit-parent-9b314396-4d94-43f8-b116-646368dbc6dd
[2025-12-08T09:54:33.595+0000] {subprocess.py:93} INFO - 	confs: [default]
[2025-12-08T09:54:33.604+0000] {subprocess.py:93} INFO - 	0 artifacts copied, 3 already retrieved (0kB/29ms)
[2025-12-08T09:54:34.621+0000] {subprocess.py:93} INFO - 25/12/08 09:54:34 WARN NativeCodeLoader: Unable to load native-hadoop library for your platform... using builtin-java classes where applicable
[2025-12-08T09:54:38.014+0000] {subprocess.py:93} INFO - ============================================================
[2025-12-08T09:54:38.015+0000] {subprocess.py:93} INFO - 🚀 DAILY AGGREGATION JOB STARTED
[2025-12-08T09:54:38.015+0000] {subprocess.py:93} INFO -    Timestamp: 2025-12-08 09:54:38.013977
[2025-12-08T09:54:38.016+0000] {subprocess.py:93} INFO - ============================================================
[2025-12-08T09:54:38.463+0000] {subprocess.py:93} INFO - 25/12/08 09:54:38 INFO SparkContext: Running Spark version 3.5.0
[2025-12-08T09:54:38.465+0000] {subprocess.py:93} INFO - 25/12/08 09:54:38 INFO SparkContext: OS info Linux, 6.6.87.2-microsoft-standard-WSL2, amd64
[2025-12-08T09:54:38.467+0000] {subprocess.py:93} INFO - 25/12/08 09:54:38 INFO SparkContext: Java version 17.0.17
[2025-12-08T09:54:38.543+0000] {subprocess.py:93} INFO - 25/12/08 09:54:38 INFO ResourceUtils: ==============================================================
[2025-12-08T09:54:38.545+0000] {subprocess.py:93} INFO - 25/12/08 09:54:38 INFO ResourceUtils: No custom resources configured for spark.driver.
[2025-12-08T09:54:38.547+0000] {subprocess.py:93} INFO - 25/12/08 09:54:38 INFO ResourceUtils: ==============================================================
[2025-12-08T09:54:38.548+0000] {subprocess.py:93} INFO - 25/12/08 09:54:38 INFO SparkContext: Submitted application: DailyAggregation
[2025-12-08T09:54:38.633+0000] {subprocess.py:93} INFO - 25/12/08 09:54:38 INFO ResourceProfile: Default ResourceProfile created, executor resources: Map(cores -> name: cores, amount: 1, script: , vendor: , memory -> name: memory, amount: 1024, script: , vendor: , offHeap -> name: offHeap, amount: 0, script: , vendor: ), task resources: Map(cpus -> name: cpus, amount: 1.0)
[2025-12-08T09:54:38.653+0000] {subprocess.py:93} INFO - 25/12/08 09:54:38 INFO ResourceProfile: Limiting resource is cpu
[2025-12-08T09:54:38.655+0000] {subprocess.py:93} INFO - 25/12/08 09:54:38 INFO ResourceProfileManager: Added ResourceProfile id: 0
[2025-12-08T09:54:38.843+0000] {subprocess.py:93} INFO - 25/12/08 09:54:38 INFO SecurityManager: Changing view acls to: ***
[2025-12-08T09:54:38.845+0000] {subprocess.py:93} INFO - 25/12/08 09:54:38 INFO SecurityManager: Changing modify acls to: ***
[2025-12-08T09:54:38.846+0000] {subprocess.py:93} INFO - 25/12/08 09:54:38 INFO SecurityManager: Changing view acls groups to:
[2025-12-08T09:54:38.847+0000] {subprocess.py:93} INFO - 25/12/08 09:54:38 INFO SecurityManager: Changing modify acls groups to:
[2025-12-08T09:54:38.849+0000] {subprocess.py:93} INFO - 25/12/08 09:54:38 INFO SecurityManager: SecurityManager: authentication disabled; ui acls disabled; users with view permissions: ***; groups with view permissions: EMPTY; users with modify permissions: ***; groups with modify permissions: EMPTY
[2025-12-08T09:54:39.531+0000] {subprocess.py:93} INFO - 25/12/08 09:54:39 INFO Utils: Successfully started service 'sparkDriver' on port 44481.
[2025-12-08T09:54:39.676+0000] {subprocess.py:93} INFO - 25/12/08 09:54:39 INFO SparkEnv: Registering MapOutputTracker
[2025-12-08T09:54:39.869+0000] {subprocess.py:93} INFO - 25/12/08 09:54:39 INFO SparkEnv: Registering BlockManagerMaster
[2025-12-08T09:54:40.003+0000] {subprocess.py:93} INFO - 25/12/08 09:54:40 INFO BlockManagerMasterEndpoint: Using org.apache.spark.storage.DefaultTopologyMapper for getting topology information
[2025-12-08T09:54:40.005+0000] {subprocess.py:93} INFO - 25/12/08 09:54:40 INFO BlockManagerMasterEndpoint: BlockManagerMasterEndpoint up
[2025-12-08T09:54:40.034+0000] {subprocess.py:93} INFO - 25/12/08 09:54:40 INFO SparkEnv: Registering BlockManagerMasterHeartbeat
[2025-12-08T09:54:40.176+0000] {subprocess.py:93} INFO - 25/12/08 09:54:40 INFO DiskBlockManager: Created local directory at /tmp/blockmgr-4c82ed9a-82a7-484b-8abf-31f506cb7ff5
[2025-12-08T09:54:40.201+0000] {subprocess.py:93} INFO - 25/12/08 09:54:40 INFO MemoryStore: MemoryStore started with capacity 434.4 MiB
[2025-12-08T09:54:40.228+0000] {subprocess.py:93} INFO - 25/12/08 09:54:40 INFO SparkEnv: Registering OutputCommitCoordinator
[2025-12-08T09:54:40.500+0000] {subprocess.py:93} INFO - 25/12/08 09:54:40 INFO JettyUtils: Start Jetty 0.0.0.0:4040 for SparkUI
[2025-12-08T09:54:40.632+0000] {subprocess.py:93} INFO - 25/12/08 09:54:40 INFO Utils: Successfully started service 'SparkUI' on port 4040.
[2025-12-08T09:54:40.748+0000] {subprocess.py:93} INFO - 25/12/08 09:54:40 INFO SparkContext: Added JAR file:///home/***/.ivy2/jars/org.apache.hadoop_hadoop-aws-3.3.4.jar at spark://3db08845f297:44481/jars/org.apache.hadoop_hadoop-aws-3.3.4.jar with timestamp 1765187678451
[2025-12-08T09:54:40.750+0000] {subprocess.py:93} INFO - 25/12/08 09:54:40 INFO SparkContext: Added JAR file:///home/***/.ivy2/jars/com.amazonaws_aws-java-sdk-bundle-1.12.262.jar at spark://3db08845f297:44481/jars/com.amazonaws_aws-java-sdk-bundle-1.12.262.jar with timestamp 1765187678451
[2025-12-08T09:54:40.751+0000] {subprocess.py:93} INFO - 25/12/08 09:54:40 INFO SparkContext: Added JAR file:///home/***/.ivy2/jars/org.wildfly.openssl_wildfly-openssl-1.0.7.Final.jar at spark://3db08845f297:44481/jars/org.wildfly.openssl_wildfly-openssl-1.0.7.Final.jar with timestamp 1765187678451
[2025-12-08T09:54:40.756+0000] {subprocess.py:93} INFO - 25/12/08 09:54:40 INFO SparkContext: Added file file:///home/***/.ivy2/jars/org.apache.hadoop_hadoop-aws-3.3.4.jar at file:///home/***/.ivy2/jars/org.apache.hadoop_hadoop-aws-3.3.4.jar with timestamp 1765187678451
[2025-12-08T09:54:40.758+0000] {subprocess.py:93} INFO - 25/12/08 09:54:40 INFO Utils: Copying /home/***/.ivy2/jars/org.apache.hadoop_hadoop-aws-3.3.4.jar to /tmp/spark-df60d4ad-7713-4eea-ad8e-1407455a04ba/userFiles-12960b5a-9b6c-4916-9a39-4926f5c534d2/org.apache.hadoop_hadoop-aws-3.3.4.jar
[2025-12-08T09:54:40.999+0000] {subprocess.py:93} INFO - 25/12/08 09:54:40 INFO SparkContext: Added file file:///home/***/.ivy2/jars/com.amazonaws_aws-java-sdk-bundle-1.12.262.jar at file:///home/***/.ivy2/jars/com.amazonaws_aws-java-sdk-bundle-1.12.262.jar with timestamp 1765187678451
[2025-12-08T09:54:41.002+0000] {subprocess.py:93} INFO - 25/12/08 09:54:40 INFO Utils: Copying /home/***/.ivy2/jars/com.amazonaws_aws-java-sdk-bundle-1.12.262.jar to /tmp/spark-df60d4ad-7713-4eea-ad8e-1407455a04ba/userFiles-12960b5a-9b6c-4916-9a39-4926f5c534d2/com.amazonaws_aws-java-sdk-bundle-1.12.262.jar
[2025-12-08T09:54:47.614+0000] {subprocess.py:93} INFO - 25/12/08 09:54:47 INFO SparkContext: Added file file:///home/***/.ivy2/jars/org.wildfly.openssl_wildfly-openssl-1.0.7.Final.jar at file:///home/***/.ivy2/jars/org.wildfly.openssl_wildfly-openssl-1.0.7.Final.jar with timestamp 1765187678451
[2025-12-08T09:54:47.649+0000] {subprocess.py:93} INFO - 25/12/08 09:54:47 INFO Utils: Copying /home/***/.ivy2/jars/org.wildfly.openssl_wildfly-openssl-1.0.7.Final.jar to /tmp/spark-df60d4ad-7713-4eea-ad8e-1407455a04ba/userFiles-12960b5a-9b6c-4916-9a39-4926f5c534d2/org.wildfly.openssl_wildfly-openssl-1.0.7.Final.jar
[2025-12-08T09:54:48.604+0000] {subprocess.py:93} INFO - 25/12/08 09:54:48 INFO Executor: Starting executor ID driver on host 3db08845f297
[2025-12-08T09:54:48.607+0000] {subprocess.py:93} INFO - 25/12/08 09:54:48 INFO Executor: OS info Linux, 6.6.87.2-microsoft-standard-WSL2, amd64
[2025-12-08T09:54:48.608+0000] {subprocess.py:93} INFO - 25/12/08 09:54:48 INFO Executor: Java version 17.0.17
[2025-12-08T09:54:48.621+0000] {subprocess.py:93} INFO - 25/12/08 09:54:48 INFO Executor: Starting executor with user classpath (userClassPathFirst = false): ''
[2025-12-08T09:54:48.623+0000] {subprocess.py:93} INFO - 25/12/08 09:54:48 INFO Executor: Created or updated repl class loader org.apache.spark.util.MutableURLClassLoader@49799050 for default.
[2025-12-08T09:54:48.654+0000] {subprocess.py:93} INFO - 25/12/08 09:54:48 INFO Executor: Fetching file:///home/***/.ivy2/jars/com.amazonaws_aws-java-sdk-bundle-1.12.262.jar with timestamp 1765187678451
[2025-12-08T09:54:52.463+0000] {subprocess.py:93} INFO - 25/12/08 09:54:52 INFO Utils: /home/***/.ivy2/jars/com.amazonaws_aws-java-sdk-bundle-1.12.262.jar has been previously copied to /tmp/spark-df60d4ad-7713-4eea-ad8e-1407455a04ba/userFiles-12960b5a-9b6c-4916-9a39-4926f5c534d2/com.amazonaws_aws-java-sdk-bundle-1.12.262.jar
[2025-12-08T09:54:52.478+0000] {subprocess.py:93} INFO - 25/12/08 09:54:52 INFO Executor: Fetching file:///home/***/.ivy2/jars/org.wildfly.openssl_wildfly-openssl-1.0.7.Final.jar with timestamp 1765187678451
[2025-12-08T09:54:52.484+0000] {subprocess.py:93} INFO - 25/12/08 09:54:52 INFO Utils: /home/***/.ivy2/jars/org.wildfly.openssl_wildfly-openssl-1.0.7.Final.jar has been previously copied to /tmp/spark-df60d4ad-7713-4eea-ad8e-1407455a04ba/userFiles-12960b5a-9b6c-4916-9a39-4926f5c534d2/org.wildfly.openssl_wildfly-openssl-1.0.7.Final.jar
[2025-12-08T09:54:52.498+0000] {subprocess.py:93} INFO - 25/12/08 09:54:52 INFO Executor: Fetching file:///home/***/.ivy2/jars/org.apache.hadoop_hadoop-aws-3.3.4.jar with timestamp 1765187678451
[2025-12-08T09:54:52.511+0000] {subprocess.py:93} INFO - 25/12/08 09:54:52 INFO Utils: /home/***/.ivy2/jars/org.apache.hadoop_hadoop-aws-3.3.4.jar has been previously copied to /tmp/spark-df60d4ad-7713-4eea-ad8e-1407455a04ba/userFiles-12960b5a-9b6c-4916-9a39-4926f5c534d2/org.apache.hadoop_hadoop-aws-3.3.4.jar
[2025-12-08T09:54:52.527+0000] {subprocess.py:93} INFO - 25/12/08 09:54:52 INFO Executor: Fetching spark://3db08845f297:44481/jars/com.amazonaws_aws-java-sdk-bundle-1.12.262.jar with timestamp 1765187678451
[2025-12-08T09:54:52.751+0000] {subprocess.py:93} INFO - 25/12/08 09:54:52 INFO TransportClientFactory: Successfully created connection to 3db08845f297/172.20.0.9:44481 after 97 ms (0 ms spent in bootstraps)
[2025-12-08T09:54:52.807+0000] {subprocess.py:93} INFO - 25/12/08 09:54:52 INFO Utils: Fetching spark://3db08845f297:44481/jars/com.amazonaws_aws-java-sdk-bundle-1.12.262.jar to /tmp/spark-df60d4ad-7713-4eea-ad8e-1407455a04ba/userFiles-12960b5a-9b6c-4916-9a39-4926f5c534d2/fetchFileTemp3146663645069455695.tmp
[2025-12-08T09:54:59.005+0000] {subprocess.py:93} INFO - 25/12/08 09:54:58 INFO Executor: Told to re-register on heartbeat
[2025-12-08T09:54:59.042+0000] {subprocess.py:93} INFO - 25/12/08 09:54:59 INFO BlockManager: BlockManager null re-registering with master
[2025-12-08T09:54:59.043+0000] {subprocess.py:93} INFO - 25/12/08 09:54:59 INFO BlockManagerMaster: Registering BlockManager null
[2025-12-08T09:54:59.086+0000] {subprocess.py:93} INFO - 25/12/08 09:54:59 ERROR Inbox: Ignoring error
[2025-12-08T09:54:59.088+0000] {subprocess.py:93} INFO - java.lang.NullPointerException: Cannot invoke "org.apache.spark.storage.BlockManagerId.executorId()" because "idWithoutTopologyInfo" is null
[2025-12-08T09:54:59.090+0000] {subprocess.py:93} INFO - 	at org.apache.spark.storage.BlockManagerMasterEndpoint.org$apache$spark$storage$BlockManagerMasterEndpoint$$register(BlockManagerMasterEndpoint.scala:677)
[2025-12-08T09:54:59.092+0000] {subprocess.py:93} INFO - 	at org.apache.spark.storage.BlockManagerMasterEndpoint$$anonfun$receiveAndReply$1.applyOrElse(BlockManagerMasterEndpoint.scala:133)
[2025-12-08T09:54:59.093+0000] {subprocess.py:93} INFO - 	at org.apache.spark.rpc.netty.Inbox.$anonfun$process$1(Inbox.scala:103)
[2025-12-08T09:54:59.094+0000] {subprocess.py:93} INFO - 	at org.apache.spark.rpc.netty.Inbox.safelyCall(Inbox.scala:213)
[2025-12-08T09:54:59.095+0000] {subprocess.py:93} INFO - 	at org.apache.spark.rpc.netty.Inbox.process(Inbox.scala:100)
[2025-12-08T09:54:59.095+0000] {subprocess.py:93} INFO - 	at org.apache.spark.rpc.netty.MessageLoop.org$apache$spark$rpc$netty$MessageLoop$$receiveLoop(MessageLoop.scala:75)
[2025-12-08T09:54:59.097+0000] {subprocess.py:93} INFO - 	at org.apache.spark.rpc.netty.MessageLoop$$anon$1.run(MessageLoop.scala:41)
[2025-12-08T09:54:59.098+0000] {subprocess.py:93} INFO - 	at java.base/java.util.concurrent.ThreadPoolExecutor.runWorker(ThreadPoolExecutor.java:1136)
[2025-12-08T09:54:59.099+0000] {subprocess.py:93} INFO - 	at java.base/java.util.concurrent.ThreadPoolExecutor$Worker.run(ThreadPoolExecutor.java:635)
[2025-12-08T09:54:59.101+0000] {subprocess.py:93} INFO - 	at java.base/java.lang.Thread.run(Thread.java:840)
[2025-12-08T09:54:59.105+0000] {subprocess.py:93} INFO - 25/12/08 09:54:59 WARN Executor: Issue communicating with driver in heartbeater
[2025-12-08T09:54:59.107+0000] {subprocess.py:93} INFO - org.apache.spark.SparkException: Exception thrown in awaitResult:
[2025-12-08T09:54:59.109+0000] {subprocess.py:93} INFO - 	at org.apache.spark.util.SparkThreadUtils$.awaitResult(SparkThreadUtils.scala:56)
[2025-12-08T09:54:59.111+0000] {subprocess.py:93} INFO - 	at org.apache.spark.util.ThreadUtils$.awaitResult(ThreadUtils.scala:310)
[2025-12-08T09:54:59.112+0000] {subprocess.py:93} INFO - 	at org.apache.spark.rpc.RpcTimeout.awaitResult(RpcTimeout.scala:75)
[2025-12-08T09:54:59.112+0000] {subprocess.py:93} INFO - 	at org.apache.spark.rpc.RpcEndpointRef.askSync(RpcEndpointRef.scala:101)
[2025-12-08T09:54:59.114+0000] {subprocess.py:93} INFO - 	at org.apache.spark.rpc.RpcEndpointRef.askSync(RpcEndpointRef.scala:85)
[2025-12-08T09:54:59.115+0000] {subprocess.py:93} INFO - 	at org.apache.spark.storage.BlockManagerMaster.registerBlockManager(BlockManagerMaster.scala:80)
[2025-12-08T09:54:59.116+0000] {subprocess.py:93} INFO - 	at org.apache.spark.storage.BlockManager.reregister(BlockManager.scala:642)
[2025-12-08T09:54:59.116+0000] {subprocess.py:93} INFO - 	at org.apache.spark.executor.Executor.reportHeartBeat(Executor.scala:1223)
[2025-12-08T09:54:59.117+0000] {subprocess.py:93} INFO - 	at org.apache.spark.executor.Executor.$anonfun$heartbeater$1(Executor.scala:295)
[2025-12-08T09:54:59.118+0000] {subprocess.py:93} INFO - 	at scala.runtime.java8.JFunction0$mcV$sp.apply(JFunction0$mcV$sp.java:23)
[2025-12-08T09:54:59.119+0000] {subprocess.py:93} INFO - 	at org.apache.spark.util.Utils$.logUncaughtExceptions(Utils.scala:1928)
[2025-12-08T09:54:59.120+0000] {subprocess.py:93} INFO - 	at org.apache.spark.Heartbeater$$anon$1.run(Heartbeater.scala:46)
[2025-12-08T09:54:59.316+0000] {subprocess.py:93} INFO - 	at java.base/java.util.concurrent.Executors$RunnableAdapter.call(Executors.java:539)
[2025-12-08T09:54:59.319+0000] {subprocess.py:93} INFO - 	at java.base/java.util.concurrent.FutureTask.runAndReset(FutureTask.java:305)
[2025-12-08T09:54:59.322+0000] {subprocess.py:93} INFO - 	at java.base/java.util.concurrent.ScheduledThreadPoolExecutor$ScheduledFutureTask.run(ScheduledThreadPoolExecutor.java:305)
[2025-12-08T09:54:59.327+0000] {subprocess.py:93} INFO - 	at java.base/java.util.concurrent.ThreadPoolExecutor.runWorker(ThreadPoolExecutor.java:1136)
[2025-12-08T09:54:59.328+0000] {subprocess.py:93} INFO - 	at java.base/java.util.concurrent.ThreadPoolExecutor$Worker.run(ThreadPoolExecutor.java:635)
[2025-12-08T09:54:59.330+0000] {subprocess.py:93} INFO - 	at java.base/java.lang.Thread.run(Thread.java:840)
[2025-12-08T09:54:59.331+0000] {subprocess.py:93} INFO - Caused by: java.lang.NullPointerException: Cannot invoke "org.apache.spark.storage.BlockManagerId.executorId()" because "idWithoutTopologyInfo" is null
[2025-12-08T09:54:59.332+0000] {subprocess.py:93} INFO - 	at org.apache.spark.storage.BlockManagerMasterEndpoint.org$apache$spark$storage$BlockManagerMasterEndpoint$$register(BlockManagerMasterEndpoint.scala:677)
[2025-12-08T09:54:59.333+0000] {subprocess.py:93} INFO - 	at org.apache.spark.storage.BlockManagerMasterEndpoint$$anonfun$receiveAndReply$1.applyOrElse(BlockManagerMasterEndpoint.scala:133)
[2025-12-08T09:54:59.335+0000] {subprocess.py:93} INFO - 	at org.apache.spark.rpc.netty.Inbox.$anonfun$process$1(Inbox.scala:103)
[2025-12-08T09:54:59.337+0000] {subprocess.py:93} INFO - 	at org.apache.spark.rpc.netty.Inbox.safelyCall(Inbox.scala:213)
[2025-12-08T09:54:59.340+0000] {subprocess.py:93} INFO - 	at org.apache.spark.rpc.netty.Inbox.process(Inbox.scala:100)
[2025-12-08T09:54:59.343+0000] {subprocess.py:93} INFO - 	at org.apache.spark.rpc.netty.MessageLoop.org$apache$spark$rpc$netty$MessageLoop$$receiveLoop(MessageLoop.scala:75)
[2025-12-08T09:54:59.345+0000] {subprocess.py:93} INFO - 	at org.apache.spark.rpc.netty.MessageLoop$$anon$1.run(MessageLoop.scala:41)
[2025-12-08T09:54:59.346+0000] {subprocess.py:93} INFO - 	... 3 more
[2025-12-08T09:55:07.417+0000] {subprocess.py:93} INFO - 25/12/08 09:55:07 INFO Utils: /tmp/spark-df60d4ad-7713-4eea-ad8e-1407455a04ba/userFiles-12960b5a-9b6c-4916-9a39-4926f5c534d2/fetchFileTemp3146663645069455695.tmp has been previously copied to /tmp/spark-df60d4ad-7713-4eea-ad8e-1407455a04ba/userFiles-12960b5a-9b6c-4916-9a39-4926f5c534d2/com.amazonaws_aws-java-sdk-bundle-1.12.262.jar
[2025-12-08T09:55:08.160+0000] {subprocess.py:93} INFO - 25/12/08 09:55:08 INFO Executor: Told to re-register on heartbeat
[2025-12-08T09:55:08.168+0000] {subprocess.py:93} INFO - 25/12/08 09:55:08 INFO BlockManager: BlockManager null re-registering with master
[2025-12-08T09:55:08.176+0000] {subprocess.py:93} INFO - 25/12/08 09:55:08 INFO BlockManagerMaster: Registering BlockManager null
[2025-12-08T09:55:08.188+0000] {subprocess.py:93} INFO - 25/12/08 09:55:08 ERROR Inbox: Ignoring error
[2025-12-08T09:55:08.194+0000] {subprocess.py:93} INFO - java.lang.NullPointerException: Cannot invoke "org.apache.spark.storage.BlockManagerId.executorId()" because "idWithoutTopologyInfo" is null
[2025-12-08T09:55:08.199+0000] {subprocess.py:93} INFO - 	at org.apache.spark.storage.BlockManagerMasterEndpoint.org$apache$spark$storage$BlockManagerMasterEndpoint$$register(BlockManagerMasterEndpoint.scala:677)
[2025-12-08T09:55:08.207+0000] {subprocess.py:93} INFO - 	at org.apache.spark.storage.BlockManagerMasterEndpoint$$anonfun$receiveAndReply$1.applyOrElse(BlockManagerMasterEndpoint.scala:133)
[2025-12-08T09:55:08.211+0000] {subprocess.py:93} INFO - 	at org.apache.spark.rpc.netty.Inbox.$anonfun$process$1(Inbox.scala:103)
[2025-12-08T09:55:08.217+0000] {subprocess.py:93} INFO - 	at org.apache.spark.rpc.netty.Inbox.safelyCall(Inbox.scala:213)
[2025-12-08T09:55:08.223+0000] {subprocess.py:93} INFO - 	at org.apache.spark.rpc.netty.Inbox.process(Inbox.scala:100)
[2025-12-08T09:55:08.227+0000] {subprocess.py:93} INFO - 	at org.apache.spark.rpc.netty.MessageLoop.org$apache$spark$rpc$netty$MessageLoop$$receiveLoop(MessageLoop.scala:75)
[2025-12-08T09:55:08.232+0000] {subprocess.py:93} INFO - 	at org.apache.spark.rpc.netty.MessageLoop$$anon$1.run(MessageLoop.scala:41)
[2025-12-08T09:55:08.236+0000] {subprocess.py:93} INFO - 	at java.base/java.util.concurrent.ThreadPoolExecutor.runWorker(ThreadPoolExecutor.java:1136)
[2025-12-08T09:55:08.241+0000] {subprocess.py:93} INFO - 	at java.base/java.util.concurrent.ThreadPoolExecutor$Worker.run(ThreadPoolExecutor.java:635)
[2025-12-08T09:55:08.245+0000] {subprocess.py:93} INFO - 	at java.base/java.lang.Thread.run(Thread.java:840)
[2025-12-08T09:55:08.249+0000] {subprocess.py:93} INFO - 25/12/08 09:55:08 WARN Executor: Issue communicating with driver in heartbeater
[2025-12-08T09:55:08.253+0000] {subprocess.py:93} INFO - org.apache.spark.SparkException: Exception thrown in awaitResult:
[2025-12-08T09:55:08.261+0000] {subprocess.py:93} INFO - 	at org.apache.spark.util.SparkThreadUtils$.awaitResult(SparkThreadUtils.scala:56)
[2025-12-08T09:55:08.267+0000] {subprocess.py:93} INFO - 	at org.apache.spark.util.ThreadUtils$.awaitResult(ThreadUtils.scala:310)
[2025-12-08T09:55:08.272+0000] {subprocess.py:93} INFO - 	at org.apache.spark.rpc.RpcTimeout.awaitResult(RpcTimeout.scala:75)
[2025-12-08T09:55:08.279+0000] {subprocess.py:93} INFO - 	at org.apache.spark.rpc.RpcEndpointRef.askSync(RpcEndpointRef.scala:101)
[2025-12-08T09:55:08.301+0000] {subprocess.py:93} INFO - 	at org.apache.spark.rpc.RpcEndpointRef.askSync(RpcEndpointRef.scala:85)
[2025-12-08T09:55:08.309+0000] {subprocess.py:93} INFO - 	at org.apache.spark.storage.BlockManagerMaster.registerBlockManager(BlockManagerMaster.scala:80)
[2025-12-08T09:55:08.327+0000] {subprocess.py:93} INFO - 	at org.apache.spark.storage.BlockManager.reregister(BlockManager.scala:642)
[2025-12-08T09:55:08.345+0000] {subprocess.py:93} INFO - 	at org.apache.spark.executor.Executor.reportHeartBeat(Executor.scala:1223)
[2025-12-08T09:55:08.377+0000] {subprocess.py:93} INFO - 	at org.apache.spark.executor.Executor.$anonfun$heartbeater$1(Executor.scala:295)
[2025-12-08T09:55:08.396+0000] {subprocess.py:93} INFO - 	at scala.runtime.java8.JFunction0$mcV$sp.apply(JFunction0$mcV$sp.java:23)
[2025-12-08T09:55:08.405+0000] {subprocess.py:93} INFO - 	at org.apache.spark.util.Utils$.logUncaughtExceptions(Utils.scala:1928)
[2025-12-08T09:55:08.443+0000] {subprocess.py:93} INFO - 	at org.apache.spark.Heartbeater$$anon$1.run(Heartbeater.scala:46)
[2025-12-08T09:55:08.473+0000] {subprocess.py:93} INFO - 	at java.base/java.util.concurrent.Executors$RunnableAdapter.call(Executors.java:539)
[2025-12-08T09:55:08.495+0000] {subprocess.py:93} INFO - 	at java.base/java.util.concurrent.FutureTask.runAndReset(FutureTask.java:305)
[2025-12-08T09:55:08.524+0000] {subprocess.py:93} INFO - 	at java.base/java.util.concurrent.ScheduledThreadPoolExecutor$ScheduledFutureTask.run(ScheduledThreadPoolExecutor.java:305)
[2025-12-08T09:55:08.539+0000] {subprocess.py:93} INFO - 	at java.base/java.util.concurrent.ThreadPoolExecutor.runWorker(ThreadPoolExecutor.java:1136)
[2025-12-08T09:55:08.560+0000] {subprocess.py:93} INFO - 	at java.base/java.util.concurrent.ThreadPoolExecutor$Worker.run(ThreadPoolExecutor.java:635)
[2025-12-08T09:55:08.574+0000] {subprocess.py:93} INFO - 	at java.base/java.lang.Thread.run(Thread.java:840)
[2025-12-08T09:55:08.592+0000] {subprocess.py:93} INFO - Caused by: java.lang.NullPointerException: Cannot invoke "org.apache.spark.storage.BlockManagerId.executorId()" because "idWithoutTopologyInfo" is null
[2025-12-08T09:55:08.604+0000] {subprocess.py:93} INFO - 	at org.apache.spark.storage.BlockManagerMasterEndpoint.org$apache$spark$storage$BlockManagerMasterEndpoint$$register(BlockManagerMasterEndpoint.scala:677)
[2025-12-08T09:55:08.623+0000] {subprocess.py:93} INFO - 	at org.apache.spark.storage.BlockManagerMasterEndpoint$$anonfun$receiveAndReply$1.applyOrElse(BlockManagerMasterEndpoint.scala:133)
[2025-12-08T09:55:08.640+0000] {subprocess.py:93} INFO - 	at org.apache.spark.rpc.netty.Inbox.$anonfun$process$1(Inbox.scala:103)
[2025-12-08T09:55:08.648+0000] {subprocess.py:93} INFO - 	at org.apache.spark.rpc.netty.Inbox.safelyCall(Inbox.scala:213)
[2025-12-08T09:55:08.664+0000] {subprocess.py:93} INFO - 	at org.apache.spark.rpc.netty.Inbox.process(Inbox.scala:100)
[2025-12-08T09:55:08.677+0000] {subprocess.py:93} INFO - 	at org.apache.spark.rpc.netty.MessageLoop.org$apache$spark$rpc$netty$MessageLoop$$receiveLoop(MessageLoop.scala:75)
[2025-12-08T09:55:08.695+0000] {subprocess.py:93} INFO - 	at org.apache.spark.rpc.netty.MessageLoop$$anon$1.run(MessageLoop.scala:41)
[2025-12-08T09:55:08.715+0000] {subprocess.py:93} INFO - 	... 3 more
[2025-12-08T09:55:10.203+0000] {subprocess.py:93} INFO - 25/12/08 09:55:10 INFO Executor: Adding file:/tmp/spark-df60d4ad-7713-4eea-ad8e-1407455a04ba/userFiles-12960b5a-9b6c-4916-9a39-4926f5c534d2/com.amazonaws_aws-java-sdk-bundle-1.12.262.jar to class loader default
[2025-12-08T09:55:10.335+0000] {subprocess.py:93} INFO - 25/12/08 09:55:10 INFO Executor: Fetching spark://3db08845f297:44481/jars/org.apache.hadoop_hadoop-aws-3.3.4.jar with timestamp 1765187678451
[2025-12-08T09:55:10.972+0000] {subprocess.py:93} INFO - 25/12/08 09:55:10 INFO Utils: Fetching spark://3db08845f297:44481/jars/org.apache.hadoop_hadoop-aws-3.3.4.jar to /tmp/spark-df60d4ad-7713-4eea-ad8e-1407455a04ba/userFiles-12960b5a-9b6c-4916-9a39-4926f5c534d2/fetchFileTemp2813536992351853951.tmp
[2025-12-08T09:55:12.142+0000] {subprocess.py:93} INFO - 25/12/08 09:55:12 INFO Utils: /tmp/spark-df60d4ad-7713-4eea-ad8e-1407455a04ba/userFiles-12960b5a-9b6c-4916-9a39-4926f5c534d2/fetchFileTemp2813536992351853951.tmp has been previously copied to /tmp/spark-df60d4ad-7713-4eea-ad8e-1407455a04ba/userFiles-12960b5a-9b6c-4916-9a39-4926f5c534d2/org.apache.hadoop_hadoop-aws-3.3.4.jar
[2025-12-08T09:55:12.182+0000] {subprocess.py:93} INFO - 25/12/08 09:55:12 INFO Executor: Adding file:/tmp/spark-df60d4ad-7713-4eea-ad8e-1407455a04ba/userFiles-12960b5a-9b6c-4916-9a39-4926f5c534d2/org.apache.hadoop_hadoop-aws-3.3.4.jar to class loader default
[2025-12-08T09:55:12.184+0000] {subprocess.py:93} INFO - 25/12/08 09:55:12 INFO Executor: Fetching spark://3db08845f297:44481/jars/org.wildfly.openssl_wildfly-openssl-1.0.7.Final.jar with timestamp 1765187678451
[2025-12-08T09:55:12.189+0000] {subprocess.py:93} INFO - 25/12/08 09:55:12 INFO Utils: Fetching spark://3db08845f297:44481/jars/org.wildfly.openssl_wildfly-openssl-1.0.7.Final.jar to /tmp/spark-df60d4ad-7713-4eea-ad8e-1407455a04ba/userFiles-12960b5a-9b6c-4916-9a39-4926f5c534d2/fetchFileTemp2990013302174579423.tmp
[2025-12-08T09:55:12.236+0000] {subprocess.py:93} INFO - 25/12/08 09:55:12 INFO Utils: /tmp/spark-df60d4ad-7713-4eea-ad8e-1407455a04ba/userFiles-12960b5a-9b6c-4916-9a39-4926f5c534d2/fetchFileTemp2990013302174579423.tmp has been previously copied to /tmp/spark-df60d4ad-7713-4eea-ad8e-1407455a04ba/userFiles-12960b5a-9b6c-4916-9a39-4926f5c534d2/org.wildfly.openssl_wildfly-openssl-1.0.7.Final.jar
[2025-12-08T09:55:12.274+0000] {subprocess.py:93} INFO - 25/12/08 09:55:12 INFO Executor: Adding file:/tmp/spark-df60d4ad-7713-4eea-ad8e-1407455a04ba/userFiles-12960b5a-9b6c-4916-9a39-4926f5c534d2/org.wildfly.openssl_wildfly-openssl-1.0.7.Final.jar to class loader default
[2025-12-08T09:55:12.557+0000] {subprocess.py:93} INFO - 25/12/08 09:55:12 INFO Utils: Successfully started service 'org.apache.spark.network.netty.NettyBlockTransferService' on port 43987.
[2025-12-08T09:55:12.559+0000] {subprocess.py:93} INFO - 25/12/08 09:55:12 INFO NettyBlockTransferService: Server created on 3db08845f297:43987
[2025-12-08T09:55:12.578+0000] {subprocess.py:93} INFO - 25/12/08 09:55:12 INFO BlockManager: Using org.apache.spark.storage.RandomBlockReplicationPolicy for block replication policy
[2025-12-08T09:55:12.674+0000] {subprocess.py:93} INFO - 25/12/08 09:55:12 INFO BlockManagerMaster: Registering BlockManager BlockManagerId(driver, 3db08845f297, 43987, None)
[2025-12-08T09:55:12.705+0000] {subprocess.py:93} INFO - 25/12/08 09:55:12 INFO BlockManagerMasterEndpoint: Registering block manager 3db08845f297:43987 with 434.4 MiB RAM, BlockManagerId(driver, 3db08845f297, 43987, None)
[2025-12-08T09:55:12.723+0000] {subprocess.py:93} INFO - 25/12/08 09:55:12 INFO BlockManagerMaster: Registered BlockManager BlockManagerId(driver, 3db08845f297, 43987, None)
[2025-12-08T09:55:12.738+0000] {subprocess.py:93} INFO - 25/12/08 09:55:12 INFO BlockManager: Initialized BlockManager: BlockManagerId(driver, 3db08845f297, 43987, None)
[2025-12-08T09:55:15.282+0000] {subprocess.py:93} INFO - 📌 Step 1: Reading Bronze layer from MinIO...
[2025-12-08T09:55:15.318+0000] {subprocess.py:93} INFO - 25/12/08 09:55:15 INFO SharedState: Setting hive.metastore.warehouse.dir ('null') to the value of spark.sql.warehouse.dir.
[2025-12-08T09:55:15.331+0000] {subprocess.py:93} INFO - 25/12/08 09:55:15 INFO SharedState: Warehouse path is 'file:/tmp/***tmpd6dp0nee/spark-warehouse'.
[2025-12-08T09:55:19.024+0000] {subprocess.py:93} INFO - 25/12/08 09:55:19 WARN MetricsConfig: Cannot locate configuration: tried hadoop-metrics2-s3a-file-system.properties,hadoop-metrics2.properties
[2025-12-08T09:55:19.080+0000] {subprocess.py:93} INFO - 25/12/08 09:55:19 INFO MetricsSystemImpl: Scheduled Metric snapshot period at 10 second(s).
[2025-12-08T09:55:19.082+0000] {subprocess.py:93} INFO - 25/12/08 09:55:19 INFO MetricsSystemImpl: s3a-file-system metrics system started
[2025-12-08T09:55:18.462+0000] {local_task_job_runner.py:121} ERROR - Received SIGTERM. Terminating subprocesses
[2025-12-08T09:55:18.722+0000] {process_utils.py:131} INFO - Sending 15 to group 178. PIDs of all processes in the group: [180, 195, 312, 178]
[2025-12-08T09:55:18.735+0000] {process_utils.py:86} INFO - Sending the signal 15 to group 178
[2025-12-08T09:55:18.814+0000] {taskinstance.py:2450} ERROR - Received SIGTERM. Terminating subprocesses.
[2025-12-08T09:55:18.825+0000] {subprocess.py:104} INFO - Sending SIGTERM signal to process group
[2025-12-08T09:55:19.273+0000] {process_utils.py:79} INFO - Process psutil.Process(pid=312, status='terminated', started='09:54:35') (312) terminated with exit code None
[2025-12-08T09:55:19.700+0000] {taskinstance.py:2698} ERROR - Task failed with exception
Traceback (most recent call last):
  File "/home/airflow/.local/lib/python3.8/site-packages/airflow/models/taskinstance.py", line 428, in _execute_task
    result = execute_callable(context=context, **execute_callable_kwargs)
  File "/home/airflow/.local/lib/python3.8/site-packages/airflow/operators/bash.py", line 203, in execute
    result = self.subprocess_hook.run_command(
  File "/home/airflow/.local/lib/python3.8/site-packages/airflow/hooks/subprocess.py", line 91, in run_command
    for raw_line in iter(self.sub_process.stdout.readline, b""):
  File "/home/airflow/.local/lib/python3.8/site-packages/airflow/models/taskinstance.py", line 2452, in signal_handler
    raise AirflowException("Task received SIGTERM signal")
airflow.exceptions.AirflowException: Task received SIGTERM signal
[2025-12-08T09:55:19.817+0000] {taskinstance.py:1138} INFO - Marking task as FAILED. dag_id=email_intelligence_pipeline, task_id=daily_insights_aggregation, execution_date=20251208T092208, start_date=20251208T095422, end_date=20251208T095519
