[2025-12-05T08:11:09.860+0000] {taskinstance.py:1956} INFO - Dependencies all met for dep_context=non-requeueable deps ti=<TaskInstance: email_pipeline_dag.kafka_producer scheduled__2025-12-04T02:00:00+00:00 [queued]>
[2025-12-05T08:11:09.922+0000] {taskinstance.py:1956} INFO - Dependencies all met for dep_context=requeueable deps ti=<TaskInstance: email_pipeline_dag.kafka_producer scheduled__2025-12-04T02:00:00+00:00 [queued]>
[2025-12-05T08:11:09.928+0000] {taskinstance.py:2170} INFO - Starting attempt 1 of 1
[2025-12-05T08:11:10.035+0000] {taskinstance.py:2191} INFO - Executing <Task(BashOperator): kafka_producer> on 2025-12-04 02:00:00+00:00
[2025-12-05T08:11:10.184+0000] {standard_task_runner.py:60} INFO - Started process 192 to run task
[2025-12-05T08:11:10.198+0000] {standard_task_runner.py:87} INFO - Running: ['***', 'tasks', 'run', 'email_pipeline_dag', 'kafka_producer', 'scheduled__2025-12-04T02:00:00+00:00', '--job-id', '125', '--raw', '--subdir', 'DAGS_FOLDER/email_pipeline_dag.py', '--cfg-path', '/tmp/tmpe77q1ake']
[2025-12-05T08:11:10.211+0000] {standard_task_runner.py:88} INFO - Job 125: Subtask kafka_producer
[2025-12-05T08:11:10.946+0000] {task_command.py:423} INFO - Running <TaskInstance: email_pipeline_dag.kafka_producer scheduled__2025-12-04T02:00:00+00:00 [running]> on host 17d26709f247
[2025-12-05T08:11:11.950+0000] {taskinstance.py:2480} INFO - Exporting env vars: AIRFLOW_CTX_DAG_OWNER='***' AIRFLOW_CTX_DAG_ID='email_pipeline_dag' AIRFLOW_CTX_TASK_ID='kafka_producer' AIRFLOW_CTX_EXECUTION_DATE='2025-12-04T02:00:00+00:00' AIRFLOW_CTX_TRY_NUMBER='1' AIRFLOW_CTX_DAG_RUN_ID='scheduled__2025-12-04T02:00:00+00:00'
[2025-12-05T08:11:11.977+0000] {subprocess.py:63} INFO - Tmp dir root location: /tmp
[2025-12-05T08:11:11.995+0000] {subprocess.py:75} INFO - Running command: ['/usr/bin/bash', '-c', 'python /opt/***/kafka/Producer/email_producer.py']
[2025-12-05T08:11:12.137+0000] {subprocess.py:86} INFO - Output:
[2025-12-05T08:11:18.234+0000] {subprocess.py:93} INFO - 2025-12-05 08:11:18,198 - __main__ - INFO - 🚀 Starting Producer + Consumer...
[2025-12-05T08:11:18.329+0000] {subprocess.py:93} INFO - 2025-12-05 08:11:18,214 - __main__ - INFO - 🔐 Authenticating with Gmail API...
[2025-12-05T08:11:18.925+0000] {subprocess.py:93} INFO - 2025-12-05 08:11:18,924 - googleapiclient.discovery_cache - INFO - file_cache is only supported with oauth2client<4.0.0
[2025-12-05T08:11:18.952+0000] {subprocess.py:93} INFO - 2025-12-05 08:11:18,951 - __main__ - INFO - 📨 Connecting to Kafka...
[2025-12-05T08:11:22.688+0000] {subprocess.py:93} INFO - 2025-12-05 08:11:22,687 - kafka.conn - WARNING - DNS lookup failed for kafka:29092, exception was [Errno -2] Name or service not known. Is your advertised.listeners (called advertised.host.name before Kafka 9) correct and resolvable?
[2025-12-05T08:11:22.690+0000] {subprocess.py:93} INFO - 2025-12-05 08:11:22,688 - kafka.conn - ERROR - <BrokerConnection client_id=kafka-python-producer-1, node_id=bootstrap-0 host=kafka:29092 <connecting> [unspecified None]>: DNS lookup failed for kafka:29092 (AddressFamily.AF_UNSPEC)
[2025-12-05T08:11:22.692+0000] {subprocess.py:93} INFO - 2025-12-05 08:11:22,688 - kafka.conn - ERROR - <BrokerConnection client_id=kafka-python-producer-1, node_id=bootstrap-0 host=kafka:29092 <connecting> [unspecified None]>: Closing connection. KafkaConnectionError: DNS failure
[2025-12-05T08:11:22.706+0000] {subprocess.py:93} INFO - 2025-12-05 08:11:22,689 - __main__ - ERROR - ❌ Error: NoBrokersAvailable
[2025-12-05T08:11:22.710+0000] {subprocess.py:93} INFO - Traceback (most recent call last):
[2025-12-05T08:11:22.712+0000] {subprocess.py:93} INFO -   File "/opt/***/kafka/Producer/email_producer.py", line 235, in main
[2025-12-05T08:11:22.716+0000] {subprocess.py:93} INFO -     producer = KafkaProducer(
[2025-12-05T08:11:22.717+0000] {subprocess.py:93} INFO -   File "/home/***/.local/lib/python3.8/site-packages/kafka/producer/kafka.py", line 485, in __init__
[2025-12-05T08:11:22.721+0000] {subprocess.py:93} INFO -     client = self.config['kafka_client'](
[2025-12-05T08:11:22.722+0000] {subprocess.py:93} INFO -   File "/home/***/.local/lib/python3.8/site-packages/kafka/client_async.py", line 262, in __init__
[2025-12-05T08:11:22.725+0000] {subprocess.py:93} INFO -     self.config['api_version'] = self.check_version()
[2025-12-05T08:11:22.727+0000] {subprocess.py:93} INFO -   File "/home/***/.local/lib/python3.8/site-packages/kafka/client_async.py", line 1076, in check_version
[2025-12-05T08:11:22.729+0000] {subprocess.py:93} INFO -     raise Errors.NoBrokersAvailable()
[2025-12-05T08:11:22.731+0000] {subprocess.py:93} INFO - kafka.errors.NoBrokersAvailable: NoBrokersAvailable
[2025-12-05T08:11:22.732+0000] {subprocess.py:93} INFO - Traceback (most recent call last):
[2025-12-05T08:11:22.733+0000] {subprocess.py:93} INFO -   File "/opt/***/kafka/Producer/email_producer.py", line 273, in <module>
[2025-12-05T08:11:22.736+0000] {subprocess.py:93} INFO -     main()
[2025-12-05T08:11:22.738+0000] {subprocess.py:93} INFO -   File "/opt/***/kafka/Producer/email_producer.py", line 235, in main
[2025-12-05T08:11:22.739+0000] {subprocess.py:93} INFO -     producer = KafkaProducer(
[2025-12-05T08:11:22.742+0000] {subprocess.py:93} INFO -   File "/home/***/.local/lib/python3.8/site-packages/kafka/producer/kafka.py", line 485, in __init__
[2025-12-05T08:11:22.746+0000] {subprocess.py:93} INFO -     client = self.config['kafka_client'](
[2025-12-05T08:11:22.748+0000] {subprocess.py:93} INFO -   File "/home/***/.local/lib/python3.8/site-packages/kafka/client_async.py", line 262, in __init__
[2025-12-05T08:11:22.750+0000] {subprocess.py:93} INFO -     self.config['api_version'] = self.check_version()
[2025-12-05T08:11:22.751+0000] {subprocess.py:93} INFO -   File "/home/***/.local/lib/python3.8/site-packages/kafka/client_async.py", line 1076, in check_version
[2025-12-05T08:11:22.753+0000] {subprocess.py:93} INFO -     raise Errors.NoBrokersAvailable()
[2025-12-05T08:11:22.755+0000] {subprocess.py:93} INFO - kafka.errors.NoBrokersAvailable: NoBrokersAvailable
[2025-12-05T08:11:23.217+0000] {subprocess.py:97} INFO - Command exited with return code 1
[2025-12-05T08:11:23.457+0000] {taskinstance.py:2698} ERROR - Task failed with exception
Traceback (most recent call last):
  File "/home/airflow/.local/lib/python3.8/site-packages/airflow/models/taskinstance.py", line 428, in _execute_task
    result = execute_callable(context=context, **execute_callable_kwargs)
  File "/home/airflow/.local/lib/python3.8/site-packages/airflow/operators/bash.py", line 212, in execute
    raise AirflowException(
airflow.exceptions.AirflowException: Bash command failed. The command returned a non-zero exit code 1.
[2025-12-05T08:11:23.488+0000] {taskinstance.py:1138} INFO - Marking task as FAILED. dag_id=email_pipeline_dag, task_id=kafka_producer, execution_date=20251204T020000, start_date=20251205T081109, end_date=20251205T081123
[2025-12-05T08:11:23.626+0000] {standard_task_runner.py:107} ERROR - Failed to execute job 125 for task kafka_producer (Bash command failed. The command returned a non-zero exit code 1.; 192)
[2025-12-05T08:11:23.738+0000] {local_task_job_runner.py:234} INFO - Task exited with return code 1
[2025-12-05T08:11:23.898+0000] {taskinstance.py:3280} INFO - 0 downstream tasks scheduled from follow-on schedule check
[2025-12-05T08:21:40.277+0000] {taskinstance.py:1956} INFO - Dependencies all met for dep_context=non-requeueable deps ti=<TaskInstance: email_pipeline_dag.kafka_producer scheduled__2025-12-04T02:00:00+00:00 [queued]>
[2025-12-05T08:21:40.296+0000] {taskinstance.py:1956} INFO - Dependencies all met for dep_context=requeueable deps ti=<TaskInstance: email_pipeline_dag.kafka_producer scheduled__2025-12-04T02:00:00+00:00 [queued]>
[2025-12-05T08:21:40.298+0000] {taskinstance.py:2170} INFO - Starting attempt 1 of 1
[2025-12-05T08:21:40.321+0000] {taskinstance.py:2191} INFO - Executing <Task(BashOperator): kafka_producer> on 2025-12-04 02:00:00+00:00
[2025-12-05T08:21:40.341+0000] {standard_task_runner.py:60} INFO - Started process 184 to run task
[2025-12-05T08:21:40.366+0000] {standard_task_runner.py:87} INFO - Running: ['***', 'tasks', 'run', 'email_pipeline_dag', 'kafka_producer', 'scheduled__2025-12-04T02:00:00+00:00', '--job-id', '3', '--raw', '--subdir', 'DAGS_FOLDER/email_pipeline_dag.py', '--cfg-path', '/tmp/tmp_y5cxpy4']
[2025-12-05T08:21:40.376+0000] {standard_task_runner.py:88} INFO - Job 3: Subtask kafka_producer
[2025-12-05T08:21:40.618+0000] {task_command.py:423} INFO - Running <TaskInstance: email_pipeline_dag.kafka_producer scheduled__2025-12-04T02:00:00+00:00 [running]> on host 2f37ffd1c359
[2025-12-05T08:21:40.770+0000] {taskinstance.py:2480} INFO - Exporting env vars: AIRFLOW_CTX_DAG_OWNER='***' AIRFLOW_CTX_DAG_ID='email_pipeline_dag' AIRFLOW_CTX_TASK_ID='kafka_producer' AIRFLOW_CTX_EXECUTION_DATE='2025-12-04T02:00:00+00:00' AIRFLOW_CTX_TRY_NUMBER='1' AIRFLOW_CTX_DAG_RUN_ID='scheduled__2025-12-04T02:00:00+00:00'
[2025-12-05T08:21:40.772+0000] {subprocess.py:63} INFO - Tmp dir root location: /tmp
[2025-12-05T08:21:40.774+0000] {subprocess.py:75} INFO - Running command: ['/usr/bin/bash', '-c', 'python /opt/***/kafka/Producer/email_producer.py']
[2025-12-05T08:21:40.803+0000] {subprocess.py:86} INFO - Output:
[2025-12-05T08:21:41.858+0000] {subprocess.py:93} INFO - Traceback (most recent call last):
[2025-12-05T08:21:41.859+0000] {subprocess.py:93} INFO -   File "/opt/***/kafka/Producer/email_producer.py", line 17, in <module>
[2025-12-05T08:21:41.860+0000] {subprocess.py:93} INFO -     from kafka import KafkaProducer, KafkaConsumer
[2025-12-05T08:21:41.860+0000] {subprocess.py:93} INFO - ModuleNotFoundError: No module named 'kafka'
[2025-12-05T08:21:41.930+0000] {subprocess.py:97} INFO - Command exited with return code 1
[2025-12-05T08:21:41.950+0000] {taskinstance.py:2698} ERROR - Task failed with exception
Traceback (most recent call last):
  File "/home/airflow/.local/lib/python3.8/site-packages/airflow/models/taskinstance.py", line 428, in _execute_task
    result = execute_callable(context=context, **execute_callable_kwargs)
  File "/home/airflow/.local/lib/python3.8/site-packages/airflow/operators/bash.py", line 212, in execute
    raise AirflowException(
airflow.exceptions.AirflowException: Bash command failed. The command returned a non-zero exit code 1.
[2025-12-05T08:21:41.955+0000] {taskinstance.py:1138} INFO - Marking task as FAILED. dag_id=email_pipeline_dag, task_id=kafka_producer, execution_date=20251204T020000, start_date=20251205T082140, end_date=20251205T082141
[2025-12-05T08:21:41.981+0000] {standard_task_runner.py:107} ERROR - Failed to execute job 3 for task kafka_producer (Bash command failed. The command returned a non-zero exit code 1.; 184)
[2025-12-05T08:21:42.029+0000] {local_task_job_runner.py:234} INFO - Task exited with return code 1
[2025-12-05T08:21:42.062+0000] {taskinstance.py:3280} INFO - 1 downstream tasks scheduled from follow-on schedule check
[2025-12-05T14:41:58.591+0000] {taskinstance.py:1956} INFO - Dependencies all met for dep_context=non-requeueable deps ti=<TaskInstance: email_pipeline_dag.kafka_producer scheduled__2025-12-04T02:00:00+00:00 [queued]>
[2025-12-05T14:41:58.600+0000] {taskinstance.py:1956} INFO - Dependencies all met for dep_context=requeueable deps ti=<TaskInstance: email_pipeline_dag.kafka_producer scheduled__2025-12-04T02:00:00+00:00 [queued]>
[2025-12-05T14:41:58.601+0000] {taskinstance.py:2170} INFO - Starting attempt 1 of 1
[2025-12-05T14:41:58.611+0000] {taskinstance.py:2191} INFO - Executing <Task(BashOperator): kafka_producer> on 2025-12-04 02:00:00+00:00
[2025-12-05T14:41:58.620+0000] {standard_task_runner.py:60} INFO - Started process 193 to run task
[2025-12-05T14:41:58.631+0000] {standard_task_runner.py:87} INFO - Running: ['***', 'tasks', 'run', 'email_pipeline_dag', 'kafka_producer', 'scheduled__2025-12-04T02:00:00+00:00', '--job-id', '2', '--raw', '--subdir', 'DAGS_FOLDER/email_pipeline_dag.py', '--cfg-path', '/tmp/tmpjppw67ib']
[2025-12-05T14:41:58.650+0000] {standard_task_runner.py:88} INFO - Job 2: Subtask kafka_producer
[2025-12-05T14:41:58.858+0000] {task_command.py:423} INFO - Running <TaskInstance: email_pipeline_dag.kafka_producer scheduled__2025-12-04T02:00:00+00:00 [running]> on host cff5fd011f9e
[2025-12-05T14:41:59.001+0000] {taskinstance.py:2480} INFO - Exporting env vars: AIRFLOW_CTX_DAG_OWNER='***' AIRFLOW_CTX_DAG_ID='email_pipeline_dag' AIRFLOW_CTX_TASK_ID='kafka_producer' AIRFLOW_CTX_EXECUTION_DATE='2025-12-04T02:00:00+00:00' AIRFLOW_CTX_TRY_NUMBER='1' AIRFLOW_CTX_DAG_RUN_ID='scheduled__2025-12-04T02:00:00+00:00'
[2025-12-05T14:41:59.007+0000] {subprocess.py:63} INFO - Tmp dir root location: /tmp
[2025-12-05T14:41:59.011+0000] {subprocess.py:75} INFO - Running command: ['/usr/bin/bash', '-c', 'python /opt/***/kafka/Producer/email_producer.py']
[2025-12-05T14:41:59.039+0000] {subprocess.py:86} INFO - Output:
[2025-12-05T14:42:00.555+0000] {subprocess.py:93} INFO - 2025-12-05 14:42:00,555 - __main__ - INFO - 🚀 Starting Producer + Consumer...
[2025-12-05T14:42:00.555+0000] {subprocess.py:93} INFO - 2025-12-05 14:42:00,555 - __main__ - INFO - 🔐 Authenticating with Gmail API...
[2025-12-05T14:42:00.585+0000] {subprocess.py:93} INFO - 2025-12-05 14:42:00,585 - googleapiclient.discovery_cache - INFO - file_cache is only supported with oauth2client<4.0.0
[2025-12-05T14:42:00.588+0000] {subprocess.py:93} INFO - 2025-12-05 14:42:00,588 - __main__ - INFO - 📨 Connecting to Kafka...
[2025-12-05T14:42:04.354+0000] {subprocess.py:93} INFO - 2025-12-05 14:42:04,354 - kafka.conn - WARNING - DNS lookup failed for kafka:29092, exception was [Errno -2] Name or service not known. Is your advertised.listeners (called advertised.host.name before Kafka 9) correct and resolvable?
[2025-12-05T14:42:04.355+0000] {subprocess.py:93} INFO - 2025-12-05 14:42:04,354 - kafka.conn - ERROR - <BrokerConnection client_id=kafka-python-producer-1, node_id=bootstrap-0 host=kafka:29092 <connecting> [unspecified None]>: DNS lookup failed for kafka:29092 (AddressFamily.AF_UNSPEC)
[2025-12-05T14:42:04.356+0000] {subprocess.py:93} INFO - 2025-12-05 14:42:04,354 - kafka.conn - ERROR - <BrokerConnection client_id=kafka-python-producer-1, node_id=bootstrap-0 host=kafka:29092 <connecting> [unspecified None]>: Closing connection. KafkaConnectionError: DNS failure
[2025-12-05T14:42:04.371+0000] {subprocess.py:93} INFO - 2025-12-05 14:42:04,355 - __main__ - ERROR - ❌ Error: NoBrokersAvailable
[2025-12-05T14:42:04.373+0000] {subprocess.py:93} INFO - Traceback (most recent call last):
[2025-12-05T14:42:04.374+0000] {subprocess.py:93} INFO -   File "/opt/***/kafka/Producer/email_producer.py", line 235, in main
[2025-12-05T14:42:04.375+0000] {subprocess.py:93} INFO -     producer = KafkaProducer(
[2025-12-05T14:42:04.376+0000] {subprocess.py:93} INFO -   File "/home/***/.local/lib/python3.8/site-packages/kafka/producer/kafka.py", line 485, in __init__
[2025-12-05T14:42:04.434+0000] {subprocess.py:93} INFO -     client = self.config['kafka_client'](
[2025-12-05T14:42:04.434+0000] {subprocess.py:93} INFO -   File "/home/***/.local/lib/python3.8/site-packages/kafka/client_async.py", line 262, in __init__
[2025-12-05T14:42:04.435+0000] {subprocess.py:93} INFO -     self.config['api_version'] = self.check_version()
[2025-12-05T14:42:04.436+0000] {subprocess.py:93} INFO -   File "/home/***/.local/lib/python3.8/site-packages/kafka/client_async.py", line 1076, in check_version
[2025-12-05T14:42:04.437+0000] {subprocess.py:93} INFO -     raise Errors.NoBrokersAvailable()
[2025-12-05T14:42:04.438+0000] {subprocess.py:93} INFO - kafka.errors.NoBrokersAvailable: NoBrokersAvailable
[2025-12-05T14:42:04.445+0000] {subprocess.py:93} INFO - Traceback (most recent call last):
[2025-12-05T14:42:04.446+0000] {subprocess.py:93} INFO -   File "/opt/***/kafka/Producer/email_producer.py", line 273, in <module>
[2025-12-05T14:42:04.447+0000] {subprocess.py:93} INFO -     main()
[2025-12-05T14:42:04.447+0000] {subprocess.py:93} INFO -   File "/opt/***/kafka/Producer/email_producer.py", line 235, in main
[2025-12-05T14:42:04.450+0000] {subprocess.py:93} INFO -     producer = KafkaProducer(
[2025-12-05T14:42:04.451+0000] {subprocess.py:93} INFO -   File "/home/***/.local/lib/python3.8/site-packages/kafka/producer/kafka.py", line 485, in __init__
[2025-12-05T14:42:04.452+0000] {subprocess.py:93} INFO -     client = self.config['kafka_client'](
[2025-12-05T14:42:04.453+0000] {subprocess.py:93} INFO -   File "/home/***/.local/lib/python3.8/site-packages/kafka/client_async.py", line 262, in __init__
[2025-12-05T14:42:04.454+0000] {subprocess.py:93} INFO -     self.config['api_version'] = self.check_version()
[2025-12-05T14:42:04.455+0000] {subprocess.py:93} INFO -   File "/home/***/.local/lib/python3.8/site-packages/kafka/client_async.py", line 1076, in check_version
[2025-12-05T14:42:04.455+0000] {subprocess.py:93} INFO -     raise Errors.NoBrokersAvailable()
[2025-12-05T14:42:04.456+0000] {subprocess.py:93} INFO - kafka.errors.NoBrokersAvailable: NoBrokersAvailable
[2025-12-05T14:42:04.524+0000] {subprocess.py:97} INFO - Command exited with return code 1
[2025-12-05T14:42:04.537+0000] {taskinstance.py:2698} ERROR - Task failed with exception
Traceback (most recent call last):
  File "/home/airflow/.local/lib/python3.8/site-packages/airflow/models/taskinstance.py", line 428, in _execute_task
    result = execute_callable(context=context, **execute_callable_kwargs)
  File "/home/airflow/.local/lib/python3.8/site-packages/airflow/operators/bash.py", line 212, in execute
    raise AirflowException(
airflow.exceptions.AirflowException: Bash command failed. The command returned a non-zero exit code 1.
[2025-12-05T14:42:04.541+0000] {taskinstance.py:1138} INFO - Marking task as FAILED. dag_id=email_pipeline_dag, task_id=kafka_producer, execution_date=20251204T020000, start_date=20251205T144158, end_date=20251205T144204
[2025-12-05T14:42:04.557+0000] {standard_task_runner.py:107} ERROR - Failed to execute job 2 for task kafka_producer (Bash command failed. The command returned a non-zero exit code 1.; 193)
[2025-12-05T14:42:04.572+0000] {local_task_job_runner.py:234} INFO - Task exited with return code 1
[2025-12-05T14:42:04.592+0000] {taskinstance.py:3280} INFO - 1 downstream tasks scheduled from follow-on schedule check
