[2025-12-05T14:22:48.475+0000] {taskinstance.py:1956} INFO - Dependencies all met for dep_context=non-requeueable deps ti=<TaskInstance: email_pipeline_dag.kafka_producer manual__2025-12-05T14:22:47.565291+00:00 [queued]>
[2025-12-05T14:22:48.500+0000] {taskinstance.py:1956} INFO - Dependencies all met for dep_context=requeueable deps ti=<TaskInstance: email_pipeline_dag.kafka_producer manual__2025-12-05T14:22:47.565291+00:00 [queued]>
[2025-12-05T14:22:48.501+0000] {taskinstance.py:2170} INFO - Starting attempt 1 of 1
[2025-12-05T14:22:48.524+0000] {taskinstance.py:2191} INFO - Executing <Task(BashOperator): kafka_producer> on 2025-12-05 14:22:47.565291+00:00
[2025-12-05T14:22:48.533+0000] {standard_task_runner.py:60} INFO - Started process 222 to run task
[2025-12-05T14:22:48.539+0000] {standard_task_runner.py:87} INFO - Running: ['***', 'tasks', 'run', 'email_pipeline_dag', 'kafka_producer', 'manual__2025-12-05T14:22:47.565291+00:00', '--job-id', '82', '--raw', '--subdir', 'DAGS_FOLDER/email_pipeline_dag.py', '--cfg-path', '/tmp/tmppwkjn1gp']
[2025-12-05T14:22:48.543+0000] {standard_task_runner.py:88} INFO - Job 82: Subtask kafka_producer
[2025-12-05T14:22:48.680+0000] {task_command.py:423} INFO - Running <TaskInstance: email_pipeline_dag.kafka_producer manual__2025-12-05T14:22:47.565291+00:00 [running]> on host 5eae14a7eeba
[2025-12-05T14:22:48.877+0000] {taskinstance.py:2480} INFO - Exporting env vars: AIRFLOW_CTX_DAG_OWNER='***' AIRFLOW_CTX_DAG_ID='email_pipeline_dag' AIRFLOW_CTX_TASK_ID='kafka_producer' AIRFLOW_CTX_EXECUTION_DATE='2025-12-05T14:22:47.565291+00:00' AIRFLOW_CTX_TRY_NUMBER='1' AIRFLOW_CTX_DAG_RUN_ID='manual__2025-12-05T14:22:47.565291+00:00'
[2025-12-05T14:22:48.879+0000] {subprocess.py:63} INFO - Tmp dir root location: /tmp
[2025-12-05T14:22:48.882+0000] {subprocess.py:75} INFO - Running command: ['/usr/bin/bash', '-c', 'python /opt/***/kafka/Producer/email_producer.py']
[2025-12-05T14:22:48.894+0000] {subprocess.py:86} INFO - Output:
[2025-12-05T14:22:49.685+0000] {subprocess.py:93} INFO - Traceback (most recent call last):
[2025-12-05T14:22:49.687+0000] {subprocess.py:93} INFO -   File "/opt/***/kafka/Producer/email_producer.py", line 17, in <module>
[2025-12-05T14:22:49.688+0000] {subprocess.py:93} INFO -     from kafka import KafkaProducer, KafkaConsumer
[2025-12-05T14:22:49.689+0000] {subprocess.py:93} INFO - ModuleNotFoundError: No module named 'kafka'
[2025-12-05T14:22:49.733+0000] {subprocess.py:97} INFO - Command exited with return code 1
[2025-12-05T14:22:49.748+0000] {taskinstance.py:2698} ERROR - Task failed with exception
Traceback (most recent call last):
  File "/home/airflow/.local/lib/python3.8/site-packages/airflow/models/taskinstance.py", line 428, in _execute_task
    result = execute_callable(context=context, **execute_callable_kwargs)
  File "/home/airflow/.local/lib/python3.8/site-packages/airflow/operators/bash.py", line 212, in execute
    raise AirflowException(
airflow.exceptions.AirflowException: Bash command failed. The command returned a non-zero exit code 1.
[2025-12-05T14:22:49.755+0000] {taskinstance.py:1138} INFO - Marking task as FAILED. dag_id=email_pipeline_dag, task_id=kafka_producer, execution_date=20251205T142247, start_date=20251205T142248, end_date=20251205T142249
[2025-12-05T14:22:49.774+0000] {standard_task_runner.py:107} ERROR - Failed to execute job 82 for task kafka_producer (Bash command failed. The command returned a non-zero exit code 1.; 222)
[2025-12-05T14:22:49.806+0000] {local_task_job_runner.py:234} INFO - Task exited with return code 1
[2025-12-05T14:22:49.845+0000] {taskinstance.py:3280} INFO - 1 downstream tasks scheduled from follow-on schedule check
