[2025-12-10T13:58:36.900+0000] {taskinstance.py:1956} INFO - Dependencies all met for dep_context=non-requeueable deps ti=<TaskInstance: email_intelligence_pipeline.daily_insights_aggregation manual__2025-12-10T13:57:19.353113+00:00 [queued]>
[2025-12-10T13:58:36.909+0000] {taskinstance.py:1956} INFO - Dependencies all met for dep_context=requeueable deps ti=<TaskInstance: email_intelligence_pipeline.daily_insights_aggregation manual__2025-12-10T13:57:19.353113+00:00 [queued]>
[2025-12-10T13:58:36.910+0000] {taskinstance.py:2170} INFO - Starting attempt 1 of 1
[2025-12-10T13:58:36.928+0000] {taskinstance.py:2191} INFO - Executing <Task(BashOperator): daily_insights_aggregation> on 2025-12-10 13:57:19.353113+00:00
[2025-12-10T13:58:36.935+0000] {standard_task_runner.py:60} INFO - Started process 653 to run task
[2025-12-10T13:58:36.940+0000] {standard_task_runner.py:87} INFO - Running: ['***', 'tasks', 'run', 'email_intelligence_pipeline', 'daily_insights_aggregation', 'manual__2025-12-10T13:57:19.353113+00:00', '--job-id', '41', '--raw', '--subdir', 'DAGS_FOLDER/email_pipeline_dag.py', '--cfg-path', '/tmp/tmp7tm4phv1']
[2025-12-10T13:58:36.944+0000] {standard_task_runner.py:88} INFO - Job 41: Subtask daily_insights_aggregation
[2025-12-10T13:58:37.032+0000] {task_command.py:423} INFO - Running <TaskInstance: email_intelligence_pipeline.daily_insights_aggregation manual__2025-12-10T13:57:19.353113+00:00 [running]> on host 354a33b1571a
[2025-12-10T13:58:37.144+0000] {taskinstance.py:2480} INFO - Exporting env vars: AIRFLOW_CTX_DAG_OWNER='data_team' AIRFLOW_CTX_DAG_ID='email_intelligence_pipeline' AIRFLOW_CTX_TASK_ID='daily_insights_aggregation' AIRFLOW_CTX_EXECUTION_DATE='2025-12-10T13:57:19.353113+00:00' AIRFLOW_CTX_TRY_NUMBER='1' AIRFLOW_CTX_DAG_RUN_ID='manual__2025-12-10T13:57:19.353113+00:00'
[2025-12-10T13:58:37.147+0000] {subprocess.py:63} INFO - Tmp dir root location: /tmp
[2025-12-10T13:58:37.149+0000] {subprocess.py:75} INFO - Running command: ['/usr/bin/bash', '-c', '\n        # Vérifier si quality check a vraiment passé\n        QUALITY_REPORT="/tmp/quality_report.json"\n        \n        if [ ! -f "$QUALITY_REPORT" ]; then\n            echo "❌ Quality report not found!"\n            exit 1\n        fi\n        \n        # Extraire le score du rapport JSON\n        QUALITY_SCORE=$(grep -o \'"overall_score": [0-9.]*\' "$QUALITY_REPORT" | grep -o \'[0-9.]*\')\n        THRESHOLD=95\n        \n        if (( $(echo "$QUALITY_SCORE < $THRESHOLD" | bc -l) )); then\n            echo "❌ Quality score ($QUALITY_SCORE%) is below threshold ($THRESHOLD%)"\n            echo "⛔ Skipping daily aggregation"\n            exit 1\n        fi\n        \n        echo "✅ Quality score ($QUALITY_SCORE%) is above threshold - Running aggregation"\n        /opt/spark/bin/spark-submit --master local[2] --packages org.apache.hadoop:hadoop-aws:3.3.4             --name DailyInsightsAggregation /opt/spark/jobs/daily_aggregation.py\n        ']
[2025-12-10T13:58:37.159+0000] {subprocess.py:86} INFO - Output:
[2025-12-10T13:58:37.162+0000] {subprocess.py:93} INFO - ❌ Quality report not found!
[2025-12-10T13:58:37.163+0000] {subprocess.py:97} INFO - Command exited with return code 1
[2025-12-10T13:58:37.173+0000] {taskinstance.py:2698} ERROR - Task failed with exception
Traceback (most recent call last):
  File "/home/airflow/.local/lib/python3.8/site-packages/airflow/models/taskinstance.py", line 428, in _execute_task
    result = execute_callable(context=context, **execute_callable_kwargs)
  File "/home/airflow/.local/lib/python3.8/site-packages/airflow/operators/bash.py", line 212, in execute
    raise AirflowException(
airflow.exceptions.AirflowException: Bash command failed. The command returned a non-zero exit code 1.
[2025-12-10T13:58:37.178+0000] {taskinstance.py:1138} INFO - Marking task as FAILED. dag_id=email_intelligence_pipeline, task_id=daily_insights_aggregation, execution_date=20251210T135719, start_date=20251210T135836, end_date=20251210T135837
[2025-12-10T13:58:37.192+0000] {standard_task_runner.py:107} ERROR - Failed to execute job 41 for task daily_insights_aggregation (Bash command failed. The command returned a non-zero exit code 1.; 653)
[2025-12-10T13:58:37.202+0000] {local_task_job_runner.py:234} INFO - Task exited with return code 1
[2025-12-10T13:58:37.222+0000] {taskinstance.py:3280} INFO - 0 downstream tasks scheduled from follow-on schedule check
