[2025-12-07T14:40:06.357+0000] {taskinstance.py:1956} INFO - Dependencies all met for dep_context=non-requeueable deps ti=<TaskInstance: email_intelligence_pipeline.daily_insights_aggregation manual__2025-12-07T14:39:00.594974+00:00 [queued]>
[2025-12-07T14:40:06.376+0000] {taskinstance.py:1956} INFO - Dependencies all met for dep_context=requeueable deps ti=<TaskInstance: email_intelligence_pipeline.daily_insights_aggregation manual__2025-12-07T14:39:00.594974+00:00 [queued]>
[2025-12-07T14:40:06.377+0000] {taskinstance.py:2170} INFO - Starting attempt 1 of 1
[2025-12-07T14:40:06.401+0000] {taskinstance.py:2191} INFO - Executing <Task(BashOperator): daily_insights_aggregation> on 2025-12-07 14:39:00.594974+00:00
[2025-12-07T14:40:06.409+0000] {standard_task_runner.py:60} INFO - Started process 1733 to run task
[2025-12-07T14:40:06.414+0000] {standard_task_runner.py:87} INFO - Running: ['***', 'tasks', 'run', 'email_intelligence_pipeline', 'daily_insights_aggregation', 'manual__2025-12-07T14:39:00.594974+00:00', '--job-id', '84', '--raw', '--subdir', 'DAGS_FOLDER/email_pipeline_dag.py', '--cfg-path', '/tmp/tmp9gxd69z2']
[2025-12-07T14:40:06.416+0000] {standard_task_runner.py:88} INFO - Job 84: Subtask daily_insights_aggregation
[2025-12-07T14:40:06.516+0000] {task_command.py:423} INFO - Running <TaskInstance: email_intelligence_pipeline.daily_insights_aggregation manual__2025-12-07T14:39:00.594974+00:00 [running]> on host 3db08845f297
[2025-12-07T14:40:06.661+0000] {taskinstance.py:2480} INFO - Exporting env vars: AIRFLOW_CTX_DAG_OWNER='data_team' AIRFLOW_CTX_DAG_ID='email_intelligence_pipeline' AIRFLOW_CTX_TASK_ID='daily_insights_aggregation' AIRFLOW_CTX_EXECUTION_DATE='2025-12-07T14:39:00.594974+00:00' AIRFLOW_CTX_TRY_NUMBER='1' AIRFLOW_CTX_DAG_RUN_ID='manual__2025-12-07T14:39:00.594974+00:00'
[2025-12-07T14:40:06.663+0000] {subprocess.py:63} INFO - Tmp dir root location: /tmp
[2025-12-07T14:40:06.665+0000] {subprocess.py:75} INFO - Running command: ['/usr/bin/bash', '-c', '\n        # Vérifier si quality check a vraiment passé\n        QUALITY_REPORT="/tmp/quality_report.json"\n        \n        if [ ! -f "$QUALITY_REPORT" ]; then\n            echo "❌ Quality report not found!"\n            exit 1\n        fi\n        \n        # Extraire le score du rapport JSON\n        QUALITY_SCORE=$(grep -o \'"overall_score": [0-9.]*\' "$QUALITY_REPORT" | grep -o \'[0-9.]*\')\n        THRESHOLD=95\n        \n        if (( $(echo "$QUALITY_SCORE < $THRESHOLD" | bc -l) )); then\n            echo "❌ Quality score ($QUALITY_SCORE%) is below threshold ($THRESHOLD%)"\n            echo "⛔ Skipping daily aggregation"\n            exit 1\n        fi\n        \n        echo "✅ Quality score ($QUALITY_SCORE%) is above threshold - Running aggregation"\n        /opt/spark/bin/spark-submit --master local[2] --packages org.apache.hadoop:hadoop-aws:3.3.4             --name DailyInsightsAggregation /opt/spark/jobs/daily_aggregation.py\n        ']
[2025-12-07T14:40:06.681+0000] {subprocess.py:86} INFO - Output:
[2025-12-07T14:40:06.716+0000] {subprocess.py:93} INFO - /usr/bin/bash: line 14: bc: command not found
[2025-12-07T14:40:06.717+0000] {subprocess.py:93} INFO - ✅ Quality score (100.0%) is above threshold - Running aggregation
[2025-12-07T14:40:06.730+0000] {subprocess.py:93} INFO - /opt/spark/bin/load-spark-env.sh: line 68: ps: command not found
[2025-12-07T14:40:09.169+0000] {subprocess.py:93} INFO - :: loading settings :: url = jar:file:/opt/spark/jars/ivy-2.5.1.jar!/org/apache/ivy/core/settings/ivysettings.xml
[2025-12-07T14:40:09.282+0000] {subprocess.py:93} INFO - Ivy Default Cache set to: /home/***/.ivy2/cache
[2025-12-07T14:40:09.284+0000] {subprocess.py:93} INFO - The jars for the packages stored in: /home/***/.ivy2/jars
[2025-12-07T14:40:09.287+0000] {subprocess.py:93} INFO - org.apache.hadoop#hadoop-aws added as a dependency
[2025-12-07T14:40:09.289+0000] {subprocess.py:93} INFO - :: resolving dependencies :: org.apache.spark#spark-submit-parent-4358bd68-9d78-4dc0-9289-e8907ff7b2c9;1.0
[2025-12-07T14:40:09.290+0000] {subprocess.py:93} INFO - 	confs: [default]
[2025-12-07T14:40:09.518+0000] {subprocess.py:93} INFO - 	found org.apache.hadoop#hadoop-aws;3.3.4 in central
[2025-12-07T14:40:09.562+0000] {subprocess.py:93} INFO - 	found com.amazonaws#aws-java-sdk-bundle;1.12.262 in central
[2025-12-07T14:40:09.595+0000] {subprocess.py:93} INFO - 	found org.wildfly.openssl#wildfly-openssl;1.0.7.Final in central
[2025-12-07T14:40:09.624+0000] {subprocess.py:93} INFO - :: resolution report :: resolve 325ms :: artifacts dl 10ms
[2025-12-07T14:40:09.625+0000] {subprocess.py:93} INFO - 	:: modules in use:
[2025-12-07T14:40:09.627+0000] {subprocess.py:93} INFO - 	com.amazonaws#aws-java-sdk-bundle;1.12.262 from central in [default]
[2025-12-07T14:40:09.627+0000] {subprocess.py:93} INFO - 	org.apache.hadoop#hadoop-aws;3.3.4 from central in [default]
[2025-12-07T14:40:09.628+0000] {subprocess.py:93} INFO - 	org.wildfly.openssl#wildfly-openssl;1.0.7.Final from central in [default]
[2025-12-07T14:40:09.629+0000] {subprocess.py:93} INFO - 	---------------------------------------------------------------------
[2025-12-07T14:40:09.631+0000] {subprocess.py:93} INFO - 	|                  |            modules            ||   artifacts   |
[2025-12-07T14:40:09.632+0000] {subprocess.py:93} INFO - 	|       conf       | number| search|dwnlded|evicted|| number|dwnlded|
[2025-12-07T14:40:09.633+0000] {subprocess.py:93} INFO - 	---------------------------------------------------------------------
[2025-12-07T14:40:09.633+0000] {subprocess.py:93} INFO - 	|      default     |   3   |   0   |   0   |   0   ||   3   |   0   |
[2025-12-07T14:40:09.635+0000] {subprocess.py:93} INFO - 	---------------------------------------------------------------------
[2025-12-07T14:40:09.637+0000] {subprocess.py:93} INFO - :: retrieving :: org.apache.spark#spark-submit-parent-4358bd68-9d78-4dc0-9289-e8907ff7b2c9
[2025-12-07T14:40:09.638+0000] {subprocess.py:93} INFO - 	confs: [default]
[2025-12-07T14:40:09.641+0000] {subprocess.py:93} INFO - 	0 artifacts copied, 3 already retrieved (0kB/11ms)
[2025-12-07T14:40:09.896+0000] {subprocess.py:93} INFO - 25/12/07 14:40:09 WARN NativeCodeLoader: Unable to load native-hadoop library for your platform... using builtin-java classes where applicable
[2025-12-07T14:40:11.003+0000] {subprocess.py:93} INFO - ============================================================
[2025-12-07T14:40:11.005+0000] {subprocess.py:93} INFO - 🚀 DAILY AGGREGATION JOB STARTED
[2025-12-07T14:40:11.006+0000] {subprocess.py:93} INFO -    Timestamp: 2025-12-07 14:40:11.003554
[2025-12-07T14:40:11.007+0000] {subprocess.py:93} INFO - ============================================================
[2025-12-07T14:40:11.139+0000] {subprocess.py:93} INFO - 25/12/07 14:40:11 INFO SparkContext: Running Spark version 3.5.0
[2025-12-07T14:40:11.140+0000] {subprocess.py:93} INFO - 25/12/07 14:40:11 INFO SparkContext: OS info Linux, 6.6.87.2-microsoft-standard-WSL2, amd64
[2025-12-07T14:40:11.141+0000] {subprocess.py:93} INFO - 25/12/07 14:40:11 INFO SparkContext: Java version 17.0.17
[2025-12-07T14:40:11.162+0000] {subprocess.py:93} INFO - 25/12/07 14:40:11 INFO ResourceUtils: ==============================================================
[2025-12-07T14:40:11.163+0000] {subprocess.py:93} INFO - 25/12/07 14:40:11 INFO ResourceUtils: No custom resources configured for spark.driver.
[2025-12-07T14:40:11.164+0000] {subprocess.py:93} INFO - 25/12/07 14:40:11 INFO ResourceUtils: ==============================================================
[2025-12-07T14:40:11.165+0000] {subprocess.py:93} INFO - 25/12/07 14:40:11 INFO SparkContext: Submitted application: DailyAggregation
[2025-12-07T14:40:11.192+0000] {subprocess.py:93} INFO - 25/12/07 14:40:11 INFO ResourceProfile: Default ResourceProfile created, executor resources: Map(memory -> name: memory, amount: 1024, script: , vendor: , offHeap -> name: offHeap, amount: 0, script: , vendor: ), task resources: Map(cpus -> name: cpus, amount: 1.0)
[2025-12-07T14:40:11.199+0000] {subprocess.py:93} INFO - 25/12/07 14:40:11 INFO ResourceProfile: Limiting resource is cpu
[2025-12-07T14:40:11.200+0000] {subprocess.py:93} INFO - 25/12/07 14:40:11 INFO ResourceProfileManager: Added ResourceProfile id: 0
[2025-12-07T14:40:11.268+0000] {subprocess.py:93} INFO - 25/12/07 14:40:11 INFO SecurityManager: Changing view acls to: ***
[2025-12-07T14:40:11.269+0000] {subprocess.py:93} INFO - 25/12/07 14:40:11 INFO SecurityManager: Changing modify acls to: ***
[2025-12-07T14:40:11.270+0000] {subprocess.py:93} INFO - 25/12/07 14:40:11 INFO SecurityManager: Changing view acls groups to:
[2025-12-07T14:40:11.271+0000] {subprocess.py:93} INFO - 25/12/07 14:40:11 INFO SecurityManager: Changing modify acls groups to:
[2025-12-07T14:40:11.271+0000] {subprocess.py:93} INFO - 25/12/07 14:40:11 INFO SecurityManager: SecurityManager: authentication disabled; ui acls disabled; users with view permissions: ***; groups with view permissions: EMPTY; users with modify permissions: ***; groups with modify permissions: EMPTY
[2025-12-07T14:40:11.582+0000] {subprocess.py:93} INFO - 25/12/07 14:40:11 INFO Utils: Successfully started service 'sparkDriver' on port 33625.
[2025-12-07T14:40:11.615+0000] {subprocess.py:93} INFO - 25/12/07 14:40:11 INFO SparkEnv: Registering MapOutputTracker
[2025-12-07T14:40:11.655+0000] {subprocess.py:93} INFO - 25/12/07 14:40:11 INFO SparkEnv: Registering BlockManagerMaster
[2025-12-07T14:40:11.688+0000] {subprocess.py:93} INFO - 25/12/07 14:40:11 INFO BlockManagerMasterEndpoint: Using org.apache.spark.storage.DefaultTopologyMapper for getting topology information
[2025-12-07T14:40:11.689+0000] {subprocess.py:93} INFO - 25/12/07 14:40:11 INFO BlockManagerMasterEndpoint: BlockManagerMasterEndpoint up
[2025-12-07T14:40:11.694+0000] {subprocess.py:93} INFO - 25/12/07 14:40:11 INFO SparkEnv: Registering BlockManagerMasterHeartbeat
[2025-12-07T14:40:11.713+0000] {subprocess.py:93} INFO - 25/12/07 14:40:11 INFO DiskBlockManager: Created local directory at /tmp/blockmgr-89fc9c43-23c1-47b9-813e-5b6008c59abc
[2025-12-07T14:40:11.728+0000] {subprocess.py:93} INFO - 25/12/07 14:40:11 INFO MemoryStore: MemoryStore started with capacity 434.4 MiB
[2025-12-07T14:40:11.741+0000] {subprocess.py:93} INFO - 25/12/07 14:40:11 INFO SparkEnv: Registering OutputCommitCoordinator
[2025-12-07T14:40:11.849+0000] {subprocess.py:93} INFO - 25/12/07 14:40:11 INFO JettyUtils: Start Jetty 0.0.0.0:4040 for SparkUI
[2025-12-07T14:40:11.904+0000] {subprocess.py:93} INFO - 25/12/07 14:40:11 INFO Utils: Successfully started service 'SparkUI' on port 4040.
[2025-12-07T14:40:11.944+0000] {subprocess.py:93} INFO - 25/12/07 14:40:11 INFO SparkContext: Added JAR file:///home/***/.ivy2/jars/org.apache.hadoop_hadoop-aws-3.3.4.jar at spark://3db08845f297:33625/jars/org.apache.hadoop_hadoop-aws-3.3.4.jar with timestamp 1765118411132
[2025-12-07T14:40:11.946+0000] {subprocess.py:93} INFO - 25/12/07 14:40:11 INFO SparkContext: Added JAR file:///home/***/.ivy2/jars/com.amazonaws_aws-java-sdk-bundle-1.12.262.jar at spark://3db08845f297:33625/jars/com.amazonaws_aws-java-sdk-bundle-1.12.262.jar with timestamp 1765118411132
[2025-12-07T14:40:11.947+0000] {subprocess.py:93} INFO - 25/12/07 14:40:11 INFO SparkContext: Added JAR file:///home/***/.ivy2/jars/org.wildfly.openssl_wildfly-openssl-1.0.7.Final.jar at spark://3db08845f297:33625/jars/org.wildfly.openssl_wildfly-openssl-1.0.7.Final.jar with timestamp 1765118411132
[2025-12-07T14:40:11.950+0000] {subprocess.py:93} INFO - 25/12/07 14:40:11 INFO SparkContext: Added file file:///home/***/.ivy2/jars/org.apache.hadoop_hadoop-aws-3.3.4.jar at spark://3db08845f297:33625/files/org.apache.hadoop_hadoop-aws-3.3.4.jar with timestamp 1765118411132
[2025-12-07T14:40:11.951+0000] {subprocess.py:93} INFO - 25/12/07 14:40:11 INFO Utils: Copying /home/***/.ivy2/jars/org.apache.hadoop_hadoop-aws-3.3.4.jar to /tmp/spark-ee91d3c3-41f4-4911-ad7f-0ed3e347ff53/userFiles-8ec2315a-0c31-4a35-aebd-63ccc79ae2d7/org.apache.hadoop_hadoop-aws-3.3.4.jar
[2025-12-07T14:40:11.961+0000] {subprocess.py:93} INFO - 25/12/07 14:40:11 INFO SparkContext: Added file file:///home/***/.ivy2/jars/com.amazonaws_aws-java-sdk-bundle-1.12.262.jar at spark://3db08845f297:33625/files/com.amazonaws_aws-java-sdk-bundle-1.12.262.jar with timestamp 1765118411132
[2025-12-07T14:40:11.963+0000] {subprocess.py:93} INFO - 25/12/07 14:40:11 INFO Utils: Copying /home/***/.ivy2/jars/com.amazonaws_aws-java-sdk-bundle-1.12.262.jar to /tmp/spark-ee91d3c3-41f4-4911-ad7f-0ed3e347ff53/userFiles-8ec2315a-0c31-4a35-aebd-63ccc79ae2d7/com.amazonaws_aws-java-sdk-bundle-1.12.262.jar
[2025-12-07T14:40:12.203+0000] {subprocess.py:93} INFO - 25/12/07 14:40:12 INFO SparkContext: Added file file:///home/***/.ivy2/jars/org.wildfly.openssl_wildfly-openssl-1.0.7.Final.jar at spark://3db08845f297:33625/files/org.wildfly.openssl_wildfly-openssl-1.0.7.Final.jar with timestamp 1765118411132
[2025-12-07T14:40:12.207+0000] {subprocess.py:93} INFO - 25/12/07 14:40:12 INFO Utils: Copying /home/***/.ivy2/jars/org.wildfly.openssl_wildfly-openssl-1.0.7.Final.jar to /tmp/spark-ee91d3c3-41f4-4911-ad7f-0ed3e347ff53/userFiles-8ec2315a-0c31-4a35-aebd-63ccc79ae2d7/org.wildfly.openssl_wildfly-openssl-1.0.7.Final.jar
[2025-12-07T14:40:12.287+0000] {subprocess.py:93} INFO - 25/12/07 14:40:12 INFO StandaloneAppClient$ClientEndpoint: Connecting to master spark://spark-master:7077...
[2025-12-07T14:40:12.328+0000] {subprocess.py:93} INFO - 25/12/07 14:40:12 INFO TransportClientFactory: Successfully created connection to spark-master/172.20.0.5:7077 after 21 ms (0 ms spent in bootstraps)
[2025-12-07T14:40:12.415+0000] {subprocess.py:93} INFO - 25/12/07 14:40:12 INFO StandaloneSchedulerBackend: Connected to Spark cluster with app ID app-20251207144012-0004
[2025-12-07T14:40:12.418+0000] {subprocess.py:93} INFO - 25/12/07 14:40:12 INFO StandaloneAppClient$ClientEndpoint: Executor added: app-20251207144012-0004/0 on worker-20251207142257-172.20.0.6-40327 (172.20.0.6:40327) with 2 core(s)
[2025-12-07T14:40:12.421+0000] {subprocess.py:93} INFO - 25/12/07 14:40:12 INFO StandaloneSchedulerBackend: Granted executor ID app-20251207144012-0004/0 on hostPort 172.20.0.6:40327 with 2 core(s), 1024.0 MiB RAM
[2025-12-07T14:40:12.427+0000] {subprocess.py:93} INFO - 25/12/07 14:40:12 INFO Utils: Successfully started service 'org.apache.spark.network.netty.NettyBlockTransferService' on port 45449.
[2025-12-07T14:40:12.428+0000] {subprocess.py:93} INFO - 25/12/07 14:40:12 INFO NettyBlockTransferService: Server created on 3db08845f297:45449
[2025-12-07T14:40:12.431+0000] {subprocess.py:93} INFO - 25/12/07 14:40:12 INFO BlockManager: Using org.apache.spark.storage.RandomBlockReplicationPolicy for block replication policy
[2025-12-07T14:40:12.442+0000] {subprocess.py:93} INFO - 25/12/07 14:40:12 INFO BlockManagerMaster: Registering BlockManager BlockManagerId(driver, 3db08845f297, 45449, None)
[2025-12-07T14:40:12.446+0000] {subprocess.py:93} INFO - 25/12/07 14:40:12 INFO BlockManagerMasterEndpoint: Registering block manager 3db08845f297:45449 with 434.4 MiB RAM, BlockManagerId(driver, 3db08845f297, 45449, None)
[2025-12-07T14:40:12.448+0000] {subprocess.py:93} INFO - 25/12/07 14:40:12 INFO BlockManagerMaster: Registered BlockManager BlockManagerId(driver, 3db08845f297, 45449, None)
[2025-12-07T14:40:12.450+0000] {subprocess.py:93} INFO - 25/12/07 14:40:12 INFO BlockManager: Initialized BlockManager: BlockManagerId(driver, 3db08845f297, 45449, None)
[2025-12-07T14:40:12.547+0000] {subprocess.py:93} INFO - 25/12/07 14:40:12 INFO StandaloneAppClient$ClientEndpoint: Executor updated: app-20251207144012-0004/0 is now RUNNING
[2025-12-07T14:40:12.678+0000] {subprocess.py:93} INFO - 25/12/07 14:40:12 INFO StandaloneSchedulerBackend: SchedulerBackend is ready for scheduling beginning after reached minRegisteredResourcesRatio: 0.0
[2025-12-07T14:40:12.946+0000] {subprocess.py:93} INFO - 📌 Step 1: Reading Bronze layer from MinIO...
[2025-12-07T14:40:12.953+0000] {subprocess.py:93} INFO - 25/12/07 14:40:12 INFO SharedState: Setting hive.metastore.warehouse.dir ('null') to the value of spark.sql.warehouse.dir.
[2025-12-07T14:40:12.956+0000] {subprocess.py:93} INFO - 25/12/07 14:40:12 INFO SharedState: Warehouse path is 'file:/tmp/***tmp5ywdax_k/spark-warehouse'.
[2025-12-07T14:40:14.030+0000] {subprocess.py:93} INFO - 25/12/07 14:40:14 WARN MetricsConfig: Cannot locate configuration: tried hadoop-metrics2-s3a-file-system.properties,hadoop-metrics2.properties
[2025-12-07T14:40:14.050+0000] {subprocess.py:93} INFO - 25/12/07 14:40:14 INFO MetricsSystemImpl: Scheduled Metric snapshot period at 10 second(s).
[2025-12-07T14:40:14.052+0000] {subprocess.py:93} INFO - 25/12/07 14:40:14 INFO MetricsSystemImpl: s3a-file-system metrics system started
[2025-12-07T14:40:16.678+0000] {subprocess.py:93} INFO - 25/12/07 14:40:16 INFO StandaloneSchedulerBackend$StandaloneDriverEndpoint: Registered executor NettyRpcEndpointRef(spark-client://Executor) (172.20.0.6:55232) with ID 0,  ResourceProfileId 0
[2025-12-07T14:40:16.785+0000] {subprocess.py:93} INFO - 25/12/07 14:40:16 INFO BlockManagerMasterEndpoint: Registering block manager 172.20.0.6:43023 with 434.4 MiB RAM, BlockManagerId(0, 172.20.0.6, 43023, None)
[2025-12-07T14:41:40.042+0000] {subprocess.py:93} INFO - 25/12/07 14:41:40 WARN FileStreamSink: Assume no metadata directory. Error while looking for metadata directory in the path: s3a://datalake/bronze/emails/.
[2025-12-07T14:41:40.049+0000] {subprocess.py:93} INFO - java.nio.file.AccessDeniedException: s3a://datalake/bronze/emails: getFileStatus on s3a://datalake/bronze/emails: com.amazonaws.services.s3.model.AmazonS3Exception: The request signature we calculated does not match the signature you provided. Check your key and signing method. (Service: Amazon S3; Status Code: 403; Error Code: SignatureDoesNotMatch; Request ID: 187EF5EC777301AD; S3 Extended Request ID: dd9025bab4ad464b049177c95eb6ebf374d3b3fd1af9251148b658df7ac2e3e8; Proxy: null), S3 Extended Request ID: dd9025bab4ad464b049177c95eb6ebf374d3b3fd1af9251148b658df7ac2e3e8:SignatureDoesNotMatch
[2025-12-07T14:41:40.050+0000] {subprocess.py:93} INFO - 	at org.apache.hadoop.fs.s3a.S3AUtils.translateException(S3AUtils.java:255)
[2025-12-07T14:41:40.051+0000] {subprocess.py:93} INFO - 	at org.apache.hadoop.fs.s3a.S3AUtils.translateException(S3AUtils.java:175)
[2025-12-07T14:41:40.052+0000] {subprocess.py:93} INFO - 	at org.apache.hadoop.fs.s3a.S3AFileSystem.s3GetFileStatus(S3AFileSystem.java:3858)
[2025-12-07T14:41:40.052+0000] {subprocess.py:93} INFO - 	at org.apache.hadoop.fs.s3a.S3AFileSystem.innerGetFileStatus(S3AFileSystem.java:3688)
[2025-12-07T14:41:40.052+0000] {subprocess.py:93} INFO - 	at org.apache.hadoop.fs.s3a.S3AFileSystem.lambda$isDirectory$35(S3AFileSystem.java:4724)
[2025-12-07T14:41:40.053+0000] {subprocess.py:93} INFO - 	at org.apache.hadoop.fs.statistics.impl.IOStatisticsBinding.lambda$trackDurationOfOperation$5(IOStatisticsBinding.java:499)
[2025-12-07T14:41:40.053+0000] {subprocess.py:93} INFO - 	at org.apache.hadoop.fs.statistics.impl.IOStatisticsBinding.trackDuration(IOStatisticsBinding.java:444)
[2025-12-07T14:41:40.054+0000] {subprocess.py:93} INFO - 	at org.apache.hadoop.fs.s3a.S3AFileSystem.trackDurationAndSpan(S3AFileSystem.java:2337)
[2025-12-07T14:41:40.054+0000] {subprocess.py:93} INFO - 	at org.apache.hadoop.fs.s3a.S3AFileSystem.trackDurationAndSpan(S3AFileSystem.java:2356)
[2025-12-07T14:41:40.055+0000] {subprocess.py:93} INFO - 	at org.apache.hadoop.fs.s3a.S3AFileSystem.isDirectory(S3AFileSystem.java:4722)
[2025-12-07T14:41:40.055+0000] {subprocess.py:93} INFO - 	at org.apache.spark.sql.execution.streaming.FileStreamSink$.hasMetadata(FileStreamSink.scala:54)
[2025-12-07T14:41:40.056+0000] {subprocess.py:93} INFO - 	at org.apache.spark.sql.execution.datasources.DataSource.resolveRelation(DataSource.scala:366)
[2025-12-07T14:41:40.056+0000] {subprocess.py:93} INFO - 	at org.apache.spark.sql.DataFrameReader.loadV1Source(DataFrameReader.scala:229)
[2025-12-07T14:41:40.057+0000] {subprocess.py:93} INFO - 	at org.apache.spark.sql.DataFrameReader.$anonfun$load$2(DataFrameReader.scala:211)
[2025-12-07T14:41:40.057+0000] {subprocess.py:93} INFO - 	at scala.Option.getOrElse(Option.scala:189)
[2025-12-07T14:41:40.057+0000] {subprocess.py:93} INFO - 	at org.apache.spark.sql.DataFrameReader.load(DataFrameReader.scala:211)
[2025-12-07T14:41:40.058+0000] {subprocess.py:93} INFO - 	at org.apache.spark.sql.DataFrameReader.parquet(DataFrameReader.scala:563)
[2025-12-07T14:41:40.058+0000] {subprocess.py:93} INFO - 	at java.base/jdk.internal.reflect.NativeMethodAccessorImpl.invoke0(Native Method)
[2025-12-07T14:41:40.058+0000] {subprocess.py:93} INFO - 	at java.base/jdk.internal.reflect.NativeMethodAccessorImpl.invoke(NativeMethodAccessorImpl.java:77)
[2025-12-07T14:41:40.058+0000] {subprocess.py:93} INFO - 	at java.base/jdk.internal.reflect.DelegatingMethodAccessorImpl.invoke(DelegatingMethodAccessorImpl.java:43)
[2025-12-07T14:41:40.059+0000] {subprocess.py:93} INFO - 	at java.base/java.lang.reflect.Method.invoke(Method.java:569)
[2025-12-07T14:41:40.059+0000] {subprocess.py:93} INFO - 	at py4j.reflection.MethodInvoker.invoke(MethodInvoker.java:244)
[2025-12-07T14:41:40.059+0000] {subprocess.py:93} INFO - 	at py4j.reflection.ReflectionEngine.invoke(ReflectionEngine.java:374)
[2025-12-07T14:41:40.060+0000] {subprocess.py:93} INFO - 	at py4j.Gateway.invoke(Gateway.java:282)
[2025-12-07T14:41:40.060+0000] {subprocess.py:93} INFO - 	at py4j.commands.AbstractCommand.invokeMethod(AbstractCommand.java:132)
[2025-12-07T14:41:40.060+0000] {subprocess.py:93} INFO - 	at py4j.commands.CallCommand.execute(CallCommand.java:79)
[2025-12-07T14:41:40.061+0000] {subprocess.py:93} INFO - 	at py4j.ClientServerConnection.waitForCommands(ClientServerConnection.java:182)
[2025-12-07T14:41:40.062+0000] {subprocess.py:93} INFO - 	at py4j.ClientServerConnection.run(ClientServerConnection.java:106)
[2025-12-07T14:41:40.062+0000] {subprocess.py:93} INFO - 	at java.base/java.lang.Thread.run(Thread.java:840)
[2025-12-07T14:41:40.063+0000] {subprocess.py:93} INFO - Caused by: com.amazonaws.services.s3.model.AmazonS3Exception: The request signature we calculated does not match the signature you provided. Check your key and signing method. (Service: Amazon S3; Status Code: 403; Error Code: SignatureDoesNotMatch; Request ID: 187EF5EC777301AD; S3 Extended Request ID: dd9025bab4ad464b049177c95eb6ebf374d3b3fd1af9251148b658df7ac2e3e8; Proxy: null), S3 Extended Request ID: dd9025bab4ad464b049177c95eb6ebf374d3b3fd1af9251148b658df7ac2e3e8
[2025-12-07T14:41:40.063+0000] {subprocess.py:93} INFO - 	at com.amazonaws.http.AmazonHttpClient$RequestExecutor.handleErrorResponse(AmazonHttpClient.java:1879)
[2025-12-07T14:41:40.063+0000] {subprocess.py:93} INFO - 	at com.amazonaws.http.AmazonHttpClient$RequestExecutor.handleServiceErrorResponse(AmazonHttpClient.java:1418)
[2025-12-07T14:41:40.064+0000] {subprocess.py:93} INFO - 	at com.amazonaws.http.AmazonHttpClient$RequestExecutor.executeOneRequest(AmazonHttpClient.java:1387)
[2025-12-07T14:41:40.064+0000] {subprocess.py:93} INFO - 	at com.amazonaws.http.AmazonHttpClient$RequestExecutor.executeHelper(AmazonHttpClient.java:1157)
[2025-12-07T14:41:40.064+0000] {subprocess.py:93} INFO - 	at com.amazonaws.http.AmazonHttpClient$RequestExecutor.doExecute(AmazonHttpClient.java:814)
[2025-12-07T14:41:40.065+0000] {subprocess.py:93} INFO - 	at com.amazonaws.http.AmazonHttpClient$RequestExecutor.executeWithTimer(AmazonHttpClient.java:781)
[2025-12-07T14:41:40.065+0000] {subprocess.py:93} INFO - 	at com.amazonaws.http.AmazonHttpClient$RequestExecutor.execute(AmazonHttpClient.java:755)
[2025-12-07T14:41:40.066+0000] {subprocess.py:93} INFO - 	at com.amazonaws.http.AmazonHttpClient$RequestExecutor.access$500(AmazonHttpClient.java:715)
[2025-12-07T14:41:40.066+0000] {subprocess.py:93} INFO - 	at com.amazonaws.http.AmazonHttpClient$RequestExecutionBuilderImpl.execute(AmazonHttpClient.java:697)
[2025-12-07T14:41:40.067+0000] {subprocess.py:93} INFO - 	at com.amazonaws.http.AmazonHttpClient.execute(AmazonHttpClient.java:561)
[2025-12-07T14:41:40.067+0000] {subprocess.py:93} INFO - 	at com.amazonaws.http.AmazonHttpClient.execute(AmazonHttpClient.java:541)
[2025-12-07T14:41:40.068+0000] {subprocess.py:93} INFO - 	at com.amazonaws.services.s3.AmazonS3Client.invoke(AmazonS3Client.java:5456)
[2025-12-07T14:41:40.068+0000] {subprocess.py:93} INFO - 	at com.amazonaws.services.s3.AmazonS3Client.invoke(AmazonS3Client.java:5403)
[2025-12-07T14:41:40.068+0000] {subprocess.py:93} INFO - 	at com.amazonaws.services.s3.AmazonS3Client.invoke(AmazonS3Client.java:5397)
[2025-12-07T14:41:40.069+0000] {subprocess.py:93} INFO - 	at com.amazonaws.services.s3.AmazonS3Client.listObjectsV2(AmazonS3Client.java:971)
[2025-12-07T14:41:40.069+0000] {subprocess.py:93} INFO - 	at org.apache.hadoop.fs.s3a.S3AFileSystem.lambda$listObjects$11(S3AFileSystem.java:2595)
[2025-12-07T14:41:40.069+0000] {subprocess.py:93} INFO - 	at org.apache.hadoop.fs.statistics.impl.IOStatisticsBinding.lambda$trackDurationOfOperation$5(IOStatisticsBinding.java:499)
[2025-12-07T14:41:40.070+0000] {subprocess.py:93} INFO - 	at org.apache.hadoop.fs.s3a.Invoker.retryUntranslated(Invoker.java:414)
[2025-12-07T14:41:40.070+0000] {subprocess.py:93} INFO - 	at org.apache.hadoop.fs.s3a.Invoker.retryUntranslated(Invoker.java:377)
[2025-12-07T14:41:40.071+0000] {subprocess.py:93} INFO - 	at org.apache.hadoop.fs.s3a.S3AFileSystem.listObjects(S3AFileSystem.java:2586)
[2025-12-07T14:41:40.071+0000] {subprocess.py:93} INFO - 	at org.apache.hadoop.fs.s3a.S3AFileSystem.s3GetFileStatus(S3AFileSystem.java:3832)
[2025-12-07T14:41:40.071+0000] {subprocess.py:93} INFO - 	... 26 more
[2025-12-07T14:41:40.172+0000] {subprocess.py:93} INFO - ❌ Error reading Bronze layer: An error occurred while calling o38.parquet.
[2025-12-07T14:41:40.173+0000] {subprocess.py:93} INFO - : java.nio.file.AccessDeniedException: s3a://datalake/bronze/emails: getFileStatus on s3a://datalake/bronze/emails: com.amazonaws.services.s3.model.AmazonS3Exception: Forbidden (Service: Amazon S3; Status Code: 403; Error Code: 403 Forbidden; Request ID: 187EF5EC81042E74; S3 Extended Request ID: dd9025bab4ad464b049177c95eb6ebf374d3b3fd1af9251148b658df7ac2e3e8; Proxy: null), S3 Extended Request ID: dd9025bab4ad464b049177c95eb6ebf374d3b3fd1af9251148b658df7ac2e3e8:403 Forbidden
[2025-12-07T14:41:40.174+0000] {subprocess.py:93} INFO - 	at org.apache.hadoop.fs.s3a.S3AUtils.translateException(S3AUtils.java:255)
[2025-12-07T14:41:40.174+0000] {subprocess.py:93} INFO - 	at org.apache.hadoop.fs.s3a.S3AUtils.translateException(S3AUtils.java:175)
[2025-12-07T14:41:40.174+0000] {subprocess.py:93} INFO - 	at org.apache.hadoop.fs.s3a.S3AFileSystem.s3GetFileStatus(S3AFileSystem.java:3796)
[2025-12-07T14:41:40.175+0000] {subprocess.py:93} INFO - 	at org.apache.hadoop.fs.s3a.S3AFileSystem.innerGetFileStatus(S3AFileSystem.java:3688)
[2025-12-07T14:41:40.175+0000] {subprocess.py:93} INFO - 	at org.apache.hadoop.fs.s3a.S3AFileSystem.lambda$exists$34(S3AFileSystem.java:4703)
[2025-12-07T14:41:40.176+0000] {subprocess.py:93} INFO - 	at org.apache.hadoop.fs.statistics.impl.IOStatisticsBinding.lambda$trackDurationOfOperation$5(IOStatisticsBinding.java:499)
[2025-12-07T14:41:40.176+0000] {subprocess.py:93} INFO - 	at org.apache.hadoop.fs.statistics.impl.IOStatisticsBinding.trackDuration(IOStatisticsBinding.java:444)
[2025-12-07T14:41:40.176+0000] {subprocess.py:93} INFO - 	at org.apache.hadoop.fs.s3a.S3AFileSystem.trackDurationAndSpan(S3AFileSystem.java:2337)
[2025-12-07T14:41:40.176+0000] {subprocess.py:93} INFO - 	at org.apache.hadoop.fs.s3a.S3AFileSystem.trackDurationAndSpan(S3AFileSystem.java:2356)
[2025-12-07T14:41:40.177+0000] {subprocess.py:93} INFO - 	at org.apache.hadoop.fs.s3a.S3AFileSystem.exists(S3AFileSystem.java:4701)
[2025-12-07T14:41:40.177+0000] {subprocess.py:93} INFO - 	at org.apache.spark.sql.execution.datasources.DataSource$.$anonfun$checkAndGlobPathIfNecessary$4(DataSource.scala:756)
[2025-12-07T14:41:40.177+0000] {subprocess.py:93} INFO - 	at org.apache.spark.sql.execution.datasources.DataSource$.$anonfun$checkAndGlobPathIfNecessary$4$adapted(DataSource.scala:754)
[2025-12-07T14:41:40.178+0000] {subprocess.py:93} INFO - 	at org.apache.spark.util.ThreadUtils$.$anonfun$parmap$2(ThreadUtils.scala:380)
[2025-12-07T14:41:40.178+0000] {subprocess.py:93} INFO - 	at scala.concurrent.Future$.$anonfun$apply$1(Future.scala:659)
[2025-12-07T14:41:40.178+0000] {subprocess.py:93} INFO - 	at scala.util.Success.$anonfun$map$1(Try.scala:255)
[2025-12-07T14:41:40.178+0000] {subprocess.py:93} INFO - 	at scala.util.Success.map(Try.scala:213)
[2025-12-07T14:41:40.179+0000] {subprocess.py:93} INFO - 	at scala.concurrent.Future.$anonfun$map$1(Future.scala:292)
[2025-12-07T14:41:40.179+0000] {subprocess.py:93} INFO - 	at scala.concurrent.impl.Promise.liftedTree1$1(Promise.scala:33)
[2025-12-07T14:41:40.179+0000] {subprocess.py:93} INFO - 	at scala.concurrent.impl.Promise.$anonfun$transform$1(Promise.scala:33)
[2025-12-07T14:41:40.179+0000] {subprocess.py:93} INFO - 	at scala.concurrent.impl.CallbackRunnable.run(Promise.scala:64)
[2025-12-07T14:41:40.180+0000] {subprocess.py:93} INFO - 	at java.base/java.util.concurrent.ForkJoinTask$RunnableExecuteAction.exec(ForkJoinTask.java:1395)
[2025-12-07T14:41:40.180+0000] {subprocess.py:93} INFO - 	at java.base/java.util.concurrent.ForkJoinTask.doExec(ForkJoinTask.java:373)
[2025-12-07T14:41:40.180+0000] {subprocess.py:93} INFO - 	at java.base/java.util.concurrent.ForkJoinPool$WorkQueue.topLevelExec(ForkJoinPool.java:1182)
[2025-12-07T14:41:40.180+0000] {subprocess.py:93} INFO - 	at java.base/java.util.concurrent.ForkJoinPool.scan(ForkJoinPool.java:1655)
[2025-12-07T14:41:40.181+0000] {subprocess.py:93} INFO - 	at java.base/java.util.concurrent.ForkJoinPool.runWorker(ForkJoinPool.java:1622)
[2025-12-07T14:41:40.181+0000] {subprocess.py:93} INFO - 	at java.base/java.util.concurrent.ForkJoinWorkerThread.run(ForkJoinWorkerThread.java:165)
[2025-12-07T14:41:40.181+0000] {subprocess.py:93} INFO - Caused by: com.amazonaws.services.s3.model.AmazonS3Exception: Forbidden (Service: Amazon S3; Status Code: 403; Error Code: 403 Forbidden; Request ID: 187EF5EC81042E74; S3 Extended Request ID: dd9025bab4ad464b049177c95eb6ebf374d3b3fd1af9251148b658df7ac2e3e8; Proxy: null), S3 Extended Request ID: dd9025bab4ad464b049177c95eb6ebf374d3b3fd1af9251148b658df7ac2e3e8
[2025-12-07T14:41:40.182+0000] {subprocess.py:93} INFO - 	at com.amazonaws.http.AmazonHttpClient$RequestExecutor.handleErrorResponse(AmazonHttpClient.java:1879)
[2025-12-07T14:41:40.182+0000] {subprocess.py:93} INFO - 	at com.amazonaws.http.AmazonHttpClient$RequestExecutor.handleServiceErrorResponse(AmazonHttpClient.java:1418)
[2025-12-07T14:41:40.183+0000] {subprocess.py:93} INFO - 	at com.amazonaws.http.AmazonHttpClient$RequestExecutor.executeOneRequest(AmazonHttpClient.java:1387)
[2025-12-07T14:41:40.183+0000] {subprocess.py:93} INFO - 	at com.amazonaws.http.AmazonHttpClient$RequestExecutor.executeHelper(AmazonHttpClient.java:1157)
[2025-12-07T14:41:40.183+0000] {subprocess.py:93} INFO - 	at com.amazonaws.http.AmazonHttpClient$RequestExecutor.doExecute(AmazonHttpClient.java:814)
[2025-12-07T14:41:40.183+0000] {subprocess.py:93} INFO - 	at com.amazonaws.http.AmazonHttpClient$RequestExecutor.executeWithTimer(AmazonHttpClient.java:781)
[2025-12-07T14:41:40.184+0000] {subprocess.py:93} INFO - 	at com.amazonaws.http.AmazonHttpClient$RequestExecutor.execute(AmazonHttpClient.java:755)
[2025-12-07T14:41:40.184+0000] {subprocess.py:93} INFO - 	at com.amazonaws.http.AmazonHttpClient$RequestExecutor.access$500(AmazonHttpClient.java:715)
[2025-12-07T14:41:40.184+0000] {subprocess.py:93} INFO - 	at com.amazonaws.http.AmazonHttpClient$RequestExecutionBuilderImpl.execute(AmazonHttpClient.java:697)
[2025-12-07T14:41:40.184+0000] {subprocess.py:93} INFO - 	at com.amazonaws.http.AmazonHttpClient.execute(AmazonHttpClient.java:561)
[2025-12-07T14:41:40.185+0000] {subprocess.py:93} INFO - 	at com.amazonaws.http.AmazonHttpClient.execute(AmazonHttpClient.java:541)
[2025-12-07T14:41:40.185+0000] {subprocess.py:93} INFO - 	at com.amazonaws.services.s3.AmazonS3Client.invoke(AmazonS3Client.java:5456)
[2025-12-07T14:41:40.185+0000] {subprocess.py:93} INFO - 	at com.amazonaws.services.s3.AmazonS3Client.invoke(AmazonS3Client.java:5403)
[2025-12-07T14:41:40.186+0000] {subprocess.py:93} INFO - 	at com.amazonaws.services.s3.AmazonS3Client.getObjectMetadata(AmazonS3Client.java:1372)
[2025-12-07T14:41:40.186+0000] {subprocess.py:93} INFO - 	at org.apache.hadoop.fs.s3a.S3AFileSystem.lambda$getObjectMetadata$10(S3AFileSystem.java:2545)
[2025-12-07T14:41:40.186+0000] {subprocess.py:93} INFO - 	at org.apache.hadoop.fs.s3a.Invoker.retryUntranslated(Invoker.java:414)
[2025-12-07T14:41:40.187+0000] {subprocess.py:93} INFO - 	at org.apache.hadoop.fs.s3a.Invoker.retryUntranslated(Invoker.java:377)
[2025-12-07T14:41:40.187+0000] {subprocess.py:93} INFO - 	at org.apache.hadoop.fs.s3a.S3AFileSystem.getObjectMetadata(S3AFileSystem.java:2533)
[2025-12-07T14:41:40.188+0000] {subprocess.py:93} INFO - 	at org.apache.hadoop.fs.s3a.S3AFileSystem.getObjectMetadata(S3AFileSystem.java:2513)
[2025-12-07T14:41:40.188+0000] {subprocess.py:93} INFO - 	at org.apache.hadoop.fs.s3a.S3AFileSystem.s3GetFileStatus(S3AFileSystem.java:3776)
[2025-12-07T14:41:40.188+0000] {subprocess.py:93} INFO - 	... 23 more
[2025-12-07T14:41:40.189+0000] {subprocess.py:93} INFO - 
[2025-12-07T14:41:40.189+0000] {subprocess.py:93} INFO - ❌ Failed to read Bronze layer. Exiting.
[2025-12-07T14:41:40.189+0000] {subprocess.py:93} INFO - 25/12/07 14:41:40 INFO SparkContext: SparkContext is stopping with exitCode 0.
[2025-12-07T14:41:40.194+0000] {subprocess.py:93} INFO - 25/12/07 14:41:40 INFO SparkUI: Stopped Spark web UI at http://3db08845f297:4040
[2025-12-07T14:41:40.199+0000] {subprocess.py:93} INFO - 25/12/07 14:41:40 INFO StandaloneSchedulerBackend: Shutting down all executors
[2025-12-07T14:41:40.200+0000] {subprocess.py:93} INFO - 25/12/07 14:41:40 INFO StandaloneSchedulerBackend$StandaloneDriverEndpoint: Asking each executor to shut down
[2025-12-07T14:41:40.229+0000] {subprocess.py:93} INFO - 25/12/07 14:41:40 INFO MapOutputTrackerMasterEndpoint: MapOutputTrackerMasterEndpoint stopped!
[2025-12-07T14:41:40.265+0000] {subprocess.py:93} INFO - 25/12/07 14:41:40 INFO MemoryStore: MemoryStore cleared
[2025-12-07T14:41:40.268+0000] {subprocess.py:93} INFO - 25/12/07 14:41:40 INFO BlockManager: BlockManager stopped
[2025-12-07T14:41:40.288+0000] {subprocess.py:93} INFO - 25/12/07 14:41:40 INFO BlockManagerMaster: BlockManagerMaster stopped
[2025-12-07T14:41:40.296+0000] {subprocess.py:93} INFO - 25/12/07 14:41:40 INFO OutputCommitCoordinator$OutputCommitCoordinatorEndpoint: OutputCommitCoordinator stopped!
[2025-12-07T14:41:40.330+0000] {subprocess.py:93} INFO - 25/12/07 14:41:40 INFO SparkContext: Successfully stopped SparkContext
[2025-12-07T14:41:40.577+0000] {subprocess.py:93} INFO - 25/12/07 14:41:40 INFO ShutdownHookManager: Shutdown hook called
[2025-12-07T14:41:40.579+0000] {subprocess.py:93} INFO - 25/12/07 14:41:40 INFO ShutdownHookManager: Deleting directory /tmp/spark-f2cb6b78-2205-4612-9397-d33fd35d9f76
[2025-12-07T14:41:40.585+0000] {subprocess.py:93} INFO - 25/12/07 14:41:40 INFO ShutdownHookManager: Deleting directory /tmp/spark-ee91d3c3-41f4-4911-ad7f-0ed3e347ff53
[2025-12-07T14:41:40.591+0000] {subprocess.py:93} INFO - 25/12/07 14:41:40 INFO ShutdownHookManager: Deleting directory /tmp/spark-ee91d3c3-41f4-4911-ad7f-0ed3e347ff53/pyspark-ae0d67bf-4cb5-4baf-b7d4-9ab7807c6135
[2025-12-07T14:41:40.604+0000] {subprocess.py:93} INFO - 25/12/07 14:41:40 INFO MetricsSystemImpl: Stopping s3a-file-system metrics system...
[2025-12-07T14:41:40.605+0000] {subprocess.py:93} INFO - 25/12/07 14:41:40 INFO MetricsSystemImpl: s3a-file-system metrics system stopped.
[2025-12-07T14:41:40.606+0000] {subprocess.py:93} INFO - 25/12/07 14:41:40 INFO MetricsSystemImpl: s3a-file-system metrics system shutdown complete.
[2025-12-07T14:41:40.656+0000] {subprocess.py:97} INFO - Command exited with return code 1
[2025-12-07T14:41:40.716+0000] {taskinstance.py:2698} ERROR - Task failed with exception
Traceback (most recent call last):
  File "/home/airflow/.local/lib/python3.8/site-packages/airflow/models/taskinstance.py", line 428, in _execute_task
    result = execute_callable(context=context, **execute_callable_kwargs)
  File "/home/airflow/.local/lib/python3.8/site-packages/airflow/operators/bash.py", line 212, in execute
    raise AirflowException(
airflow.exceptions.AirflowException: Bash command failed. The command returned a non-zero exit code 1.
[2025-12-07T14:41:40.726+0000] {taskinstance.py:1138} INFO - Marking task as FAILED. dag_id=email_intelligence_pipeline, task_id=daily_insights_aggregation, execution_date=20251207T143900, start_date=20251207T144006, end_date=20251207T144140
[2025-12-07T14:41:40.768+0000] {standard_task_runner.py:107} ERROR - Failed to execute job 84 for task daily_insights_aggregation (Bash command failed. The command returned a non-zero exit code 1.; 1733)
[2025-12-07T14:41:40.803+0000] {local_task_job_runner.py:234} INFO - Task exited with return code 1
[2025-12-07T14:41:40.833+0000] {taskinstance.py:3280} INFO - 0 downstream tasks scheduled from follow-on schedule check
