[2025-12-05T14:42:10.530+0000] {taskinstance.py:1956} INFO - Dependencies all met for dep_context=non-requeueable deps ti=<TaskInstance: email_pipeline_dag.kafka_producer manual__2025-12-05T14:42:09.090969+00:00 [queued]>
[2025-12-05T14:42:10.538+0000] {taskinstance.py:1956} INFO - Dependencies all met for dep_context=requeueable deps ti=<TaskInstance: email_pipeline_dag.kafka_producer manual__2025-12-05T14:42:09.090969+00:00 [queued]>
[2025-12-05T14:42:10.539+0000] {taskinstance.py:2170} INFO - Starting attempt 1 of 1
[2025-12-05T14:42:10.555+0000] {taskinstance.py:2191} INFO - Executing <Task(BashOperator): kafka_producer> on 2025-12-05 14:42:09.090969+00:00
[2025-12-05T14:42:10.564+0000] {standard_task_runner.py:60} INFO - Started process 206 to run task
[2025-12-05T14:42:10.569+0000] {standard_task_runner.py:87} INFO - Running: ['***', 'tasks', 'run', 'email_pipeline_dag', 'kafka_producer', 'manual__2025-12-05T14:42:09.090969+00:00', '--job-id', '4', '--raw', '--subdir', 'DAGS_FOLDER/email_pipeline_dag.py', '--cfg-path', '/tmp/tmpupyldtam']
[2025-12-05T14:42:10.571+0000] {standard_task_runner.py:88} INFO - Job 4: Subtask kafka_producer
[2025-12-05T14:42:10.653+0000] {task_command.py:423} INFO - Running <TaskInstance: email_pipeline_dag.kafka_producer manual__2025-12-05T14:42:09.090969+00:00 [running]> on host cff5fd011f9e
[2025-12-05T14:42:10.723+0000] {taskinstance.py:2480} INFO - Exporting env vars: AIRFLOW_CTX_DAG_OWNER='***' AIRFLOW_CTX_DAG_ID='email_pipeline_dag' AIRFLOW_CTX_TASK_ID='kafka_producer' AIRFLOW_CTX_EXECUTION_DATE='2025-12-05T14:42:09.090969+00:00' AIRFLOW_CTX_TRY_NUMBER='1' AIRFLOW_CTX_DAG_RUN_ID='manual__2025-12-05T14:42:09.090969+00:00'
[2025-12-05T14:42:10.724+0000] {subprocess.py:63} INFO - Tmp dir root location: /tmp
[2025-12-05T14:42:10.726+0000] {subprocess.py:75} INFO - Running command: ['/usr/bin/bash', '-c', 'python /opt/***/kafka/Producer/email_producer.py']
[2025-12-05T14:42:10.736+0000] {subprocess.py:86} INFO - Output:
[2025-12-05T14:42:11.326+0000] {subprocess.py:93} INFO - 2025-12-05 14:42:11,326 - __main__ - INFO - 🚀 Starting Producer + Consumer...
[2025-12-05T14:42:11.327+0000] {subprocess.py:93} INFO - 2025-12-05 14:42:11,326 - __main__ - INFO - 🔐 Authenticating with Gmail API...
[2025-12-05T14:42:11.343+0000] {subprocess.py:93} INFO - 2025-12-05 14:42:11,343 - googleapiclient.discovery_cache - INFO - file_cache is only supported with oauth2client<4.0.0
[2025-12-05T14:42:11.349+0000] {subprocess.py:93} INFO - 2025-12-05 14:42:11,347 - __main__ - INFO - 📨 Connecting to Kafka...
[2025-12-05T14:42:15.104+0000] {subprocess.py:93} INFO - 2025-12-05 14:42:15,103 - kafka.conn - WARNING - DNS lookup failed for kafka:29092, exception was [Errno -2] Name or service not known. Is your advertised.listeners (called advertised.host.name before Kafka 9) correct and resolvable?
[2025-12-05T14:42:15.105+0000] {subprocess.py:93} INFO - 2025-12-05 14:42:15,103 - kafka.conn - ERROR - <BrokerConnection client_id=kafka-python-producer-1, node_id=bootstrap-0 host=kafka:29092 <connecting> [unspecified None]>: DNS lookup failed for kafka:29092 (AddressFamily.AF_UNSPEC)
[2025-12-05T14:42:15.106+0000] {subprocess.py:93} INFO - 2025-12-05 14:42:15,103 - kafka.conn - ERROR - <BrokerConnection client_id=kafka-python-producer-1, node_id=bootstrap-0 host=kafka:29092 <connecting> [unspecified None]>: Closing connection. KafkaConnectionError: DNS failure
[2025-12-05T14:42:15.119+0000] {subprocess.py:93} INFO - 2025-12-05 14:42:15,104 - __main__ - ERROR - ❌ Error: NoBrokersAvailable
[2025-12-05T14:42:15.120+0000] {subprocess.py:93} INFO - Traceback (most recent call last):
[2025-12-05T14:42:15.121+0000] {subprocess.py:93} INFO -   File "/opt/***/kafka/Producer/email_producer.py", line 235, in main
[2025-12-05T14:42:15.122+0000] {subprocess.py:93} INFO -     producer = KafkaProducer(
[2025-12-05T14:42:15.123+0000] {subprocess.py:93} INFO -   File "/home/***/.local/lib/python3.8/site-packages/kafka/producer/kafka.py", line 485, in __init__
[2025-12-05T14:42:15.124+0000] {subprocess.py:93} INFO -     client = self.config['kafka_client'](
[2025-12-05T14:42:15.125+0000] {subprocess.py:93} INFO -   File "/home/***/.local/lib/python3.8/site-packages/kafka/client_async.py", line 262, in __init__
[2025-12-05T14:42:15.126+0000] {subprocess.py:93} INFO -     self.config['api_version'] = self.check_version()
[2025-12-05T14:42:15.127+0000] {subprocess.py:93} INFO -   File "/home/***/.local/lib/python3.8/site-packages/kafka/client_async.py", line 1076, in check_version
[2025-12-05T14:42:15.127+0000] {subprocess.py:93} INFO -     raise Errors.NoBrokersAvailable()
[2025-12-05T14:42:15.128+0000] {subprocess.py:93} INFO - kafka.errors.NoBrokersAvailable: NoBrokersAvailable
[2025-12-05T14:42:15.136+0000] {subprocess.py:93} INFO - Traceback (most recent call last):
[2025-12-05T14:42:15.137+0000] {subprocess.py:93} INFO -   File "/opt/***/kafka/Producer/email_producer.py", line 273, in <module>
[2025-12-05T14:42:15.138+0000] {subprocess.py:93} INFO -     main()
[2025-12-05T14:42:15.139+0000] {subprocess.py:93} INFO -   File "/opt/***/kafka/Producer/email_producer.py", line 235, in main
[2025-12-05T14:42:15.140+0000] {subprocess.py:93} INFO -     producer = KafkaProducer(
[2025-12-05T14:42:15.141+0000] {subprocess.py:93} INFO -   File "/home/***/.local/lib/python3.8/site-packages/kafka/producer/kafka.py", line 485, in __init__
[2025-12-05T14:42:15.142+0000] {subprocess.py:93} INFO -     client = self.config['kafka_client'](
[2025-12-05T14:42:15.143+0000] {subprocess.py:93} INFO -   File "/home/***/.local/lib/python3.8/site-packages/kafka/client_async.py", line 262, in __init__
[2025-12-05T14:42:15.143+0000] {subprocess.py:93} INFO -     self.config['api_version'] = self.check_version()
[2025-12-05T14:42:15.144+0000] {subprocess.py:93} INFO -   File "/home/***/.local/lib/python3.8/site-packages/kafka/client_async.py", line 1076, in check_version
[2025-12-05T14:42:15.145+0000] {subprocess.py:93} INFO -     raise Errors.NoBrokersAvailable()
[2025-12-05T14:42:15.145+0000] {subprocess.py:93} INFO - kafka.errors.NoBrokersAvailable: NoBrokersAvailable
[2025-12-05T14:42:15.190+0000] {subprocess.py:97} INFO - Command exited with return code 1
[2025-12-05T14:42:15.203+0000] {taskinstance.py:2698} ERROR - Task failed with exception
Traceback (most recent call last):
  File "/home/airflow/.local/lib/python3.8/site-packages/airflow/models/taskinstance.py", line 428, in _execute_task
    result = execute_callable(context=context, **execute_callable_kwargs)
  File "/home/airflow/.local/lib/python3.8/site-packages/airflow/operators/bash.py", line 212, in execute
    raise AirflowException(
airflow.exceptions.AirflowException: Bash command failed. The command returned a non-zero exit code 1.
[2025-12-05T14:42:15.206+0000] {taskinstance.py:1138} INFO - Marking task as FAILED. dag_id=email_pipeline_dag, task_id=kafka_producer, execution_date=20251205T144209, start_date=20251205T144210, end_date=20251205T144215
[2025-12-05T14:42:15.218+0000] {standard_task_runner.py:107} ERROR - Failed to execute job 4 for task kafka_producer (Bash command failed. The command returned a non-zero exit code 1.; 206)
[2025-12-05T14:42:15.241+0000] {local_task_job_runner.py:234} INFO - Task exited with return code 1
[2025-12-05T14:42:15.275+0000] {taskinstance.py:3280} INFO - 0 downstream tasks scheduled from follow-on schedule check
