[2025-12-08T11:44:09.989+0000] {taskinstance.py:1956} INFO - Dependencies all met for dep_context=non-requeueable deps ti=<TaskInstance: email_intelligence_pipeline.gmail_extraction manual__2025-12-08T11:44:04.588666+00:00 [queued]>
[2025-12-08T11:44:10.030+0000] {taskinstance.py:1956} INFO - Dependencies all met for dep_context=requeueable deps ti=<TaskInstance: email_intelligence_pipeline.gmail_extraction manual__2025-12-08T11:44:04.588666+00:00 [queued]>
[2025-12-08T11:44:10.032+0000] {taskinstance.py:2170} INFO - Starting attempt 1 of 1
[2025-12-08T11:44:10.096+0000] {taskinstance.py:2191} INFO - Executing <Task(BashOperator): gmail_extraction> on 2025-12-08 11:44:04.588666+00:00
[2025-12-08T11:44:10.112+0000] {standard_task_runner.py:60} INFO - Started process 1233 to run task
[2025-12-08T11:44:10.173+0000] {standard_task_runner.py:87} INFO - Running: ['***', 'tasks', 'run', 'email_intelligence_pipeline', 'gmail_extraction', 'manual__2025-12-08T11:44:04.588666+00:00', '--job-id', '246', '--raw', '--subdir', 'DAGS_FOLDER/email_pipeline_dag.py', '--cfg-path', '/tmp/tmp28osf5tw']
[2025-12-08T11:44:10.205+0000] {standard_task_runner.py:88} INFO - Job 246: Subtask gmail_extraction
[2025-12-08T11:44:10.627+0000] {task_command.py:423} INFO - Running <TaskInstance: email_intelligence_pipeline.gmail_extraction manual__2025-12-08T11:44:04.588666+00:00 [running]> on host e1d30f150489
[2025-12-08T11:44:11.015+0000] {taskinstance.py:2480} INFO - Exporting env vars: AIRFLOW_CTX_DAG_OWNER='data_team' AIRFLOW_CTX_DAG_ID='email_intelligence_pipeline' AIRFLOW_CTX_TASK_ID='gmail_extraction' AIRFLOW_CTX_EXECUTION_DATE='2025-12-08T11:44:04.588666+00:00' AIRFLOW_CTX_TRY_NUMBER='1' AIRFLOW_CTX_DAG_RUN_ID='manual__2025-12-08T11:44:04.588666+00:00'
[2025-12-08T11:44:11.032+0000] {subprocess.py:63} INFO - Tmp dir root location: /tmp
[2025-12-08T11:44:11.037+0000] {subprocess.py:75} INFO - Running command: ['/usr/bin/bash', '-c', 'python /opt/***/kafka/Producer/email_producer.py']
[2025-12-08T11:44:11.068+0000] {subprocess.py:86} INFO - Output:
[2025-12-08T11:44:14.790+0000] {subprocess.py:93} INFO - 2025-12-08 11:44:14,790 - __main__ - INFO - 🚀 Starting Producer + Consumer...
[2025-12-08T11:44:14.792+0000] {subprocess.py:93} INFO - 2025-12-08 11:44:14,790 - __main__ - INFO - 🔐 Authenticating with Gmail API...
[2025-12-08T11:44:15.769+0000] {subprocess.py:93} INFO - 2025-12-08 11:44:15,768 - googleapiclient.discovery_cache - INFO - file_cache is only supported with oauth2client<4.0.0
[2025-12-08T11:44:15.790+0000] {subprocess.py:93} INFO - 2025-12-08 11:44:15,789 - __main__ - INFO - 📨 Connecting to Kafka...
[2025-12-08T11:44:15.795+0000] {subprocess.py:93} INFO - 2025-12-08 11:44:15,794 - kafka.conn - INFO - <BrokerConnection client_id=kafka-python-producer-1, node_id=bootstrap-0 host=kafka:29092 <connecting> [IPv4 ('172.20.0.7', 29092)]>: connecting to kafka:29092 [('172.20.0.7', 29092) IPv4]
[2025-12-08T11:44:16.676+0000] {subprocess.py:93} INFO - 2025-12-08 11:44:16,675 - kafka.conn - INFO - <BrokerConnection client_id=kafka-python-producer-1, node_id=bootstrap-0 host=kafka:29092 <checking_api_versions_recv> [IPv4 ('172.20.0.7', 29092)]>: Broker version identified as 2.6
[2025-12-08T11:44:16.679+0000] {subprocess.py:93} INFO - 2025-12-08 11:44:16,675 - kafka.conn - INFO - <BrokerConnection client_id=kafka-python-producer-1, node_id=bootstrap-0 host=kafka:29092 <connected> [IPv4 ('172.20.0.7', 29092)]>: Connection complete.
[2025-12-08T11:44:16.685+0000] {subprocess.py:93} INFO - 2025-12-08 11:44:16,680 - __main__ - INFO - 📧 Fetching recent emails...
[2025-12-08T11:44:17.513+0000] {subprocess.py:93} INFO - 2025-12-08 11:44:17,512 - __main__ - INFO - Found 10 emails in last 24 hours
[2025-12-08T11:44:20.928+0000] {subprocess.py:93} INFO - 2025-12-08 11:44:20,927 - kafka.conn - INFO - <BrokerConnection client_id=kafka-python-producer-1, node_id=1 host=kafka:29092 <connecting> [IPv4 ('172.20.0.7', 29092)]>: connecting to kafka:29092 [('172.20.0.7', 29092) IPv4]
[2025-12-08T11:44:20.929+0000] {subprocess.py:93} INFO - 2025-12-08 11:44:20,928 - kafka.conn - INFO - <BrokerConnection client_id=kafka-python-producer-1, node_id=1 host=kafka:29092 <connected> [IPv4 ('172.20.0.7', 29092)]>: Connection complete.
[2025-12-08T11:44:20.932+0000] {subprocess.py:93} INFO - 2025-12-08 11:44:20,928 - kafka.conn - INFO - <BrokerConnection client_id=kafka-python-producer-1, node_id=bootstrap-0 host=kafka:29092 <connected> [IPv4 ('172.20.0.7', 29092)]>: Closing connection.
[2025-12-08T11:44:21.607+0000] {subprocess.py:93} INFO - 2025-12-08 11:44:21,607 - kafka.cluster - WARNING - Topic emails-topic is not available during auto-create initialization
[2025-12-08T11:44:21.724+0000] {subprocess.py:93} INFO - 2025-12-08 11:44:21,724 - kafka.cluster - WARNING - Topic emails-topic is not available during auto-create initialization
[2025-12-08T11:44:21.834+0000] {subprocess.py:93} INFO - 2025-12-08 11:44:21,834 - kafka.cluster - WARNING - Topic emails-topic is not available during auto-create initialization
[2025-12-08T11:44:21.947+0000] {subprocess.py:93} INFO - 2025-12-08 11:44:21,946 - kafka.cluster - WARNING - Topic emails-topic is not available during auto-create initialization
[2025-12-08T11:44:22.102+0000] {subprocess.py:93} INFO - 2025-12-08 11:44:22,102 - kafka.cluster - WARNING - Topic emails-topic is not available during auto-create initialization
[2025-12-08T11:44:22.213+0000] {subprocess.py:93} INFO - 2025-12-08 11:44:22,212 - kafka.cluster - WARNING - Topic emails-topic is not available during auto-create initialization
[2025-12-08T11:44:22.321+0000] {subprocess.py:93} INFO - 2025-12-08 11:44:22,320 - kafka.cluster - WARNING - Topic emails-topic is not available during auto-create initialization
[2025-12-08T11:44:22.657+0000] {subprocess.py:93} INFO - 2025-12-08 11:44:22,657 - __main__ - INFO - ✓ Email sent to Kafka - Offset: 0
[2025-12-08T11:44:22.677+0000] {subprocess.py:93} INFO - 2025-12-08 11:44:22,676 - __main__ - INFO - ✓ Email sent to Kafka - Offset: 1
[2025-12-08T11:44:22.692+0000] {subprocess.py:93} INFO - 2025-12-08 11:44:22,692 - __main__ - INFO - ✓ Email sent to Kafka - Offset: 2
[2025-12-08T11:44:22.716+0000] {subprocess.py:93} INFO - 2025-12-08 11:44:22,715 - __main__ - INFO - ✓ Email sent to Kafka - Offset: 3
[2025-12-08T11:44:22.735+0000] {subprocess.py:93} INFO - 2025-12-08 11:44:22,735 - __main__ - INFO - ✓ Email sent to Kafka - Offset: 4
[2025-12-08T11:44:22.746+0000] {subprocess.py:93} INFO - 2025-12-08 11:44:22,745 - __main__ - INFO - ✓ Email sent to Kafka - Offset: 5
[2025-12-08T11:44:22.756+0000] {subprocess.py:93} INFO - 2025-12-08 11:44:22,755 - __main__ - INFO - ✓ Email sent to Kafka - Offset: 6
[2025-12-08T11:44:22.763+0000] {subprocess.py:93} INFO - 2025-12-08 11:44:22,763 - __main__ - INFO - ✓ Email sent to Kafka - Offset: 7
[2025-12-08T11:44:22.772+0000] {subprocess.py:93} INFO - 2025-12-08 11:44:22,771 - __main__ - INFO - ✓ Email sent to Kafka - Offset: 8
[2025-12-08T11:44:22.783+0000] {subprocess.py:93} INFO - 2025-12-08 11:44:22,782 - __main__ - INFO - ✓ Email sent to Kafka - Offset: 9
[2025-12-08T11:44:22.789+0000] {subprocess.py:93} INFO - 2025-12-08 11:44:22,783 - __main__ - INFO - ✅ Successfully sent 10 emails to Kafka
[2025-12-08T11:44:22.791+0000] {subprocess.py:93} INFO - 2025-12-08 11:44:22,783 - kafka.producer.kafka - INFO - <KafkaProducer client_id=kafka-python-producer-1 transactional_id=None>: Closing the Kafka producer with 9223372036.0 secs timeout.
[2025-12-08T11:44:22.793+0000] {subprocess.py:93} INFO - 2025-12-08 11:44:22,784 - kafka.conn - INFO - <BrokerConnection client_id=kafka-python-producer-1, node_id=1 host=kafka:29092 <connected> [IPv4 ('172.20.0.7', 29092)]>: Closing connection.
[2025-12-08T11:44:22.917+0000] {subprocess.py:97} INFO - Command exited with return code 0
[2025-12-08T11:44:22.986+0000] {taskinstance.py:1138} INFO - Marking task as SUCCESS. dag_id=email_intelligence_pipeline, task_id=gmail_extraction, execution_date=20251208T114404, start_date=20251208T114409, end_date=20251208T114422
[2025-12-08T11:44:23.026+0000] {local_task_job_runner.py:234} INFO - Task exited with return code 0
[2025-12-08T11:44:23.069+0000] {taskinstance.py:3280} INFO - 1 downstream tasks scheduled from follow-on schedule check
