[2025-12-07T13:15:45.711+0000] {taskinstance.py:1956} INFO - Dependencies all met for dep_context=non-requeueable deps ti=<TaskInstance: email_intelligence_pipeline.quality_assurance_gate manual__2025-12-07T13:15:06.108616+00:00 [queued]>
[2025-12-07T13:15:45.742+0000] {taskinstance.py:1956} INFO - Dependencies all met for dep_context=requeueable deps ti=<TaskInstance: email_intelligence_pipeline.quality_assurance_gate manual__2025-12-07T13:15:06.108616+00:00 [queued]>
[2025-12-07T13:15:45.743+0000] {taskinstance.py:2170} INFO - Starting attempt 1 of 1
[2025-12-07T13:15:45.777+0000] {taskinstance.py:2191} INFO - Executing <Task(BashOperator): quality_assurance_gate> on 2025-12-07 13:15:06.108616+00:00
[2025-12-07T13:15:45.785+0000] {standard_task_runner.py:60} INFO - Started process 1233 to run task
[2025-12-07T13:15:45.793+0000] {standard_task_runner.py:87} INFO - Running: ['***', 'tasks', 'run', 'email_intelligence_pipeline', 'quality_assurance_gate', 'manual__2025-12-07T13:15:06.108616+00:00', '--job-id', '62', '--raw', '--subdir', 'DAGS_FOLDER/email_pipeline_dag.py', '--cfg-path', '/tmp/tmp_yrgsqb6']
[2025-12-07T13:15:45.796+0000] {standard_task_runner.py:88} INFO - Job 62: Subtask quality_assurance_gate
[2025-12-07T13:15:45.932+0000] {task_command.py:423} INFO - Running <TaskInstance: email_intelligence_pipeline.quality_assurance_gate manual__2025-12-07T13:15:06.108616+00:00 [running]> on host e61fdba10dc3
[2025-12-07T13:15:46.106+0000] {taskinstance.py:2480} INFO - Exporting env vars: AIRFLOW_CTX_DAG_OWNER='data_team' AIRFLOW_CTX_DAG_ID='email_intelligence_pipeline' AIRFLOW_CTX_TASK_ID='quality_assurance_gate' AIRFLOW_CTX_EXECUTION_DATE='2025-12-07T13:15:06.108616+00:00' AIRFLOW_CTX_TRY_NUMBER='1' AIRFLOW_CTX_DAG_RUN_ID='manual__2025-12-07T13:15:06.108616+00:00'
[2025-12-07T13:15:46.119+0000] {subprocess.py:63} INFO - Tmp dir root location: /tmp
[2025-12-07T13:15:46.120+0000] {subprocess.py:75} INFO - Running command: ['/usr/bin/bash', '-c', '\n        /opt/spark/bin/spark-submit             --master spark://spark-master:7077             --deploy-mode client             --packages org.apache.hadoop:hadoop-aws:3.3.4,org.apache.spark:spark-sql-kafka-0-10_2.12:3.5.0             --name QualityAssuranceGate             /opt/spark/jobs/data_quality_check.py\n        ']
[2025-12-07T13:15:46.137+0000] {subprocess.py:86} INFO - Output:
[2025-12-07T13:15:46.162+0000] {subprocess.py:93} INFO - /opt/spark/bin/load-spark-env.sh: line 68: ps: command not found
[2025-12-07T13:15:48.102+0000] {subprocess.py:93} INFO - :: loading settings :: url = jar:file:/opt/spark/jars/ivy-2.5.1.jar!/org/apache/ivy/core/settings/ivysettings.xml
[2025-12-07T13:15:48.174+0000] {subprocess.py:93} INFO - Ivy Default Cache set to: /home/***/.ivy2/cache
[2025-12-07T13:15:48.177+0000] {subprocess.py:93} INFO - The jars for the packages stored in: /home/***/.ivy2/jars
[2025-12-07T13:15:48.180+0000] {subprocess.py:93} INFO - org.apache.hadoop#hadoop-aws added as a dependency
[2025-12-07T13:15:48.182+0000] {subprocess.py:93} INFO - org.apache.spark#spark-sql-kafka-0-10_2.12 added as a dependency
[2025-12-07T13:15:48.182+0000] {subprocess.py:93} INFO - :: resolving dependencies :: org.apache.spark#spark-submit-parent-fc97909b-3f6d-4efb-a46d-d387442f9b96;1.0
[2025-12-07T13:15:48.183+0000] {subprocess.py:93} INFO - 	confs: [default]
[2025-12-07T13:15:48.338+0000] {subprocess.py:93} INFO - 	found org.apache.hadoop#hadoop-aws;3.3.4 in central
[2025-12-07T13:15:48.363+0000] {subprocess.py:93} INFO - 	found com.amazonaws#aws-java-sdk-bundle;1.12.262 in central
[2025-12-07T13:15:48.390+0000] {subprocess.py:93} INFO - 	found org.wildfly.openssl#wildfly-openssl;1.0.7.Final in central
[2025-12-07T13:15:48.443+0000] {subprocess.py:93} INFO - 	found org.apache.spark#spark-sql-kafka-0-10_2.12;3.5.0 in central
[2025-12-07T13:15:48.489+0000] {subprocess.py:93} INFO - 	found org.apache.spark#spark-token-provider-kafka-0-10_2.12;3.5.0 in central
[2025-12-07T13:15:48.506+0000] {subprocess.py:93} INFO - 	found org.apache.kafka#kafka-clients;3.4.1 in central
[2025-12-07T13:15:48.525+0000] {subprocess.py:93} INFO - 	found org.lz4#lz4-java;1.8.0 in central
[2025-12-07T13:15:48.547+0000] {subprocess.py:93} INFO - 	found org.xerial.snappy#snappy-java;1.1.10.3 in central
[2025-12-07T13:15:48.579+0000] {subprocess.py:93} INFO - 	found org.slf4j#slf4j-api;2.0.7 in central
[2025-12-07T13:15:48.613+0000] {subprocess.py:93} INFO - 	found org.apache.hadoop#hadoop-client-runtime;3.3.4 in central
[2025-12-07T13:15:48.641+0000] {subprocess.py:93} INFO - 	found org.apache.hadoop#hadoop-client-api;3.3.4 in central
[2025-12-07T13:15:48.668+0000] {subprocess.py:93} INFO - 	found commons-logging#commons-logging;1.1.3 in central
[2025-12-07T13:15:48.684+0000] {subprocess.py:93} INFO - 	found com.google.code.findbugs#jsr305;3.0.0 in central
[2025-12-07T13:15:48.701+0000] {subprocess.py:93} INFO - 	found org.apache.commons#commons-pool2;2.11.1 in central
[2025-12-07T13:15:48.731+0000] {subprocess.py:93} INFO - :: resolution report :: resolve 534ms :: artifacts dl 15ms
[2025-12-07T13:15:48.732+0000] {subprocess.py:93} INFO - 	:: modules in use:
[2025-12-07T13:15:48.732+0000] {subprocess.py:93} INFO - 	com.amazonaws#aws-java-sdk-bundle;1.12.262 from central in [default]
[2025-12-07T13:15:48.733+0000] {subprocess.py:93} INFO - 	com.google.code.findbugs#jsr305;3.0.0 from central in [default]
[2025-12-07T13:15:48.734+0000] {subprocess.py:93} INFO - 	commons-logging#commons-logging;1.1.3 from central in [default]
[2025-12-07T13:15:48.735+0000] {subprocess.py:93} INFO - 	org.apache.commons#commons-pool2;2.11.1 from central in [default]
[2025-12-07T13:15:48.735+0000] {subprocess.py:93} INFO - 	org.apache.hadoop#hadoop-aws;3.3.4 from central in [default]
[2025-12-07T13:15:48.736+0000] {subprocess.py:93} INFO - 	org.apache.hadoop#hadoop-client-api;3.3.4 from central in [default]
[2025-12-07T13:15:48.737+0000] {subprocess.py:93} INFO - 	org.apache.hadoop#hadoop-client-runtime;3.3.4 from central in [default]
[2025-12-07T13:15:48.737+0000] {subprocess.py:93} INFO - 	org.apache.kafka#kafka-clients;3.4.1 from central in [default]
[2025-12-07T13:15:48.738+0000] {subprocess.py:93} INFO - 	org.apache.spark#spark-sql-kafka-0-10_2.12;3.5.0 from central in [default]
[2025-12-07T13:15:48.739+0000] {subprocess.py:93} INFO - 	org.apache.spark#spark-token-provider-kafka-0-10_2.12;3.5.0 from central in [default]
[2025-12-07T13:15:48.739+0000] {subprocess.py:93} INFO - 	org.lz4#lz4-java;1.8.0 from central in [default]
[2025-12-07T13:15:48.740+0000] {subprocess.py:93} INFO - 	org.slf4j#slf4j-api;2.0.7 from central in [default]
[2025-12-07T13:15:48.741+0000] {subprocess.py:93} INFO - 	org.wildfly.openssl#wildfly-openssl;1.0.7.Final from central in [default]
[2025-12-07T13:15:48.741+0000] {subprocess.py:93} INFO - 	org.xerial.snappy#snappy-java;1.1.10.3 from central in [default]
[2025-12-07T13:15:48.742+0000] {subprocess.py:93} INFO - 	---------------------------------------------------------------------
[2025-12-07T13:15:48.742+0000] {subprocess.py:93} INFO - 	|                  |            modules            ||   artifacts   |
[2025-12-07T13:15:48.743+0000] {subprocess.py:93} INFO - 	|       conf       | number| search|dwnlded|evicted|| number|dwnlded|
[2025-12-07T13:15:48.744+0000] {subprocess.py:93} INFO - 	---------------------------------------------------------------------
[2025-12-07T13:15:48.744+0000] {subprocess.py:93} INFO - 	|      default     |   14  |   0   |   0   |   0   ||   14  |   0   |
[2025-12-07T13:15:48.745+0000] {subprocess.py:93} INFO - 	---------------------------------------------------------------------
[2025-12-07T13:15:48.746+0000] {subprocess.py:93} INFO - :: retrieving :: org.apache.spark#spark-submit-parent-fc97909b-3f6d-4efb-a46d-d387442f9b96
[2025-12-07T13:15:48.746+0000] {subprocess.py:93} INFO - 	confs: [default]
[2025-12-07T13:15:48.749+0000] {subprocess.py:93} INFO - 	0 artifacts copied, 14 already retrieved (0kB/12ms)
[2025-12-07T13:15:49.031+0000] {subprocess.py:93} INFO - 25/12/07 13:15:49 WARN NativeCodeLoader: Unable to load native-hadoop library for your platform... using builtin-java classes where applicable
[2025-12-07T13:15:50.243+0000] {subprocess.py:93} INFO - 🚀 Starting Data Quality Check
[2025-12-07T13:15:50.244+0000] {subprocess.py:93} INFO - 📋 Required fields: id, from, to, subject, body, date, sender_domain
[2025-12-07T13:15:50.245+0000] {subprocess.py:93} INFO - 📈 Quality threshold: 95%
[2025-12-07T13:15:50.245+0000] {subprocess.py:93} INFO - 
[2025-12-07T13:15:50.246+0000] {subprocess.py:93} INFO - 📍 Step 1: Creating Spark Session...
[2025-12-07T13:15:50.551+0000] {subprocess.py:93} INFO - 25/12/07 13:15:50 INFO SparkContext: Running Spark version 3.5.0
[2025-12-07T13:15:50.555+0000] {subprocess.py:93} INFO - 25/12/07 13:15:50 INFO SparkContext: OS info Linux, 6.6.87.2-microsoft-standard-WSL2, amd64
[2025-12-07T13:15:50.558+0000] {subprocess.py:93} INFO - 25/12/07 13:15:50 INFO SparkContext: Java version 17.0.17
[2025-12-07T13:15:50.614+0000] {subprocess.py:93} INFO - 25/12/07 13:15:50 INFO ResourceUtils: ==============================================================
[2025-12-07T13:15:50.616+0000] {subprocess.py:93} INFO - 25/12/07 13:15:50 INFO ResourceUtils: No custom resources configured for spark.driver.
[2025-12-07T13:15:50.617+0000] {subprocess.py:93} INFO - 25/12/07 13:15:50 INFO ResourceUtils: ==============================================================
[2025-12-07T13:15:50.619+0000] {subprocess.py:93} INFO - 25/12/07 13:15:50 INFO SparkContext: Submitted application: DataQualityCheck
[2025-12-07T13:15:50.678+0000] {subprocess.py:93} INFO - 25/12/07 13:15:50 INFO ResourceProfile: Default ResourceProfile created, executor resources: Map(memory -> name: memory, amount: 1024, script: , vendor: , offHeap -> name: offHeap, amount: 0, script: , vendor: ), task resources: Map(cpus -> name: cpus, amount: 1.0)
[2025-12-07T13:15:50.706+0000] {subprocess.py:93} INFO - 25/12/07 13:15:50 INFO ResourceProfile: Limiting resource is cpu
[2025-12-07T13:15:50.707+0000] {subprocess.py:93} INFO - 25/12/07 13:15:50 INFO ResourceProfileManager: Added ResourceProfile id: 0
[2025-12-07T13:15:50.871+0000] {subprocess.py:93} INFO - 25/12/07 13:15:50 INFO SecurityManager: Changing view acls to: ***
[2025-12-07T13:15:50.873+0000] {subprocess.py:93} INFO - 25/12/07 13:15:50 INFO SecurityManager: Changing modify acls to: ***
[2025-12-07T13:15:50.874+0000] {subprocess.py:93} INFO - 25/12/07 13:15:50 INFO SecurityManager: Changing view acls groups to:
[2025-12-07T13:15:50.874+0000] {subprocess.py:93} INFO - 25/12/07 13:15:50 INFO SecurityManager: Changing modify acls groups to:
[2025-12-07T13:15:50.875+0000] {subprocess.py:93} INFO - 25/12/07 13:15:50 INFO SecurityManager: SecurityManager: authentication disabled; ui acls disabled; users with view permissions: ***; groups with view permissions: EMPTY; users with modify permissions: ***; groups with modify permissions: EMPTY
[2025-12-07T13:15:51.305+0000] {subprocess.py:93} INFO - 25/12/07 13:15:51 INFO Utils: Successfully started service 'sparkDriver' on port 33471.
[2025-12-07T13:15:51.370+0000] {subprocess.py:93} INFO - 25/12/07 13:15:51 INFO SparkEnv: Registering MapOutputTracker
[2025-12-07T13:15:51.433+0000] {subprocess.py:93} INFO - 25/12/07 13:15:51 INFO SparkEnv: Registering BlockManagerMaster
[2025-12-07T13:15:51.464+0000] {subprocess.py:93} INFO - 25/12/07 13:15:51 INFO BlockManagerMasterEndpoint: Using org.apache.spark.storage.DefaultTopologyMapper for getting topology information
[2025-12-07T13:15:51.465+0000] {subprocess.py:93} INFO - 25/12/07 13:15:51 INFO BlockManagerMasterEndpoint: BlockManagerMasterEndpoint up
[2025-12-07T13:15:51.470+0000] {subprocess.py:93} INFO - 25/12/07 13:15:51 INFO SparkEnv: Registering BlockManagerMasterHeartbeat
[2025-12-07T13:15:51.503+0000] {subprocess.py:93} INFO - 25/12/07 13:15:51 INFO DiskBlockManager: Created local directory at /tmp/blockmgr-e46313cb-4985-4522-94c8-34f8d4d4ff76
[2025-12-07T13:15:51.523+0000] {subprocess.py:93} INFO - 25/12/07 13:15:51 INFO MemoryStore: MemoryStore started with capacity 434.4 MiB
[2025-12-07T13:15:51.551+0000] {subprocess.py:93} INFO - 25/12/07 13:15:51 INFO SparkEnv: Registering OutputCommitCoordinator
[2025-12-07T13:15:51.791+0000] {subprocess.py:93} INFO - 25/12/07 13:15:51 INFO JettyUtils: Start Jetty 0.0.0.0:4040 for SparkUI
[2025-12-07T13:15:51.902+0000] {subprocess.py:93} INFO - 25/12/07 13:15:51 WARN Utils: Service 'SparkUI' could not bind on port 4040. Attempting port 4041.
[2025-12-07T13:15:51.903+0000] {subprocess.py:93} INFO - 25/12/07 13:15:51 WARN Utils: Service 'SparkUI' could not bind on port 4041. Attempting port 4042.
[2025-12-07T13:15:51.914+0000] {subprocess.py:93} INFO - 25/12/07 13:15:51 INFO Utils: Successfully started service 'SparkUI' on port 4042.
[2025-12-07T13:15:51.965+0000] {subprocess.py:93} INFO - 25/12/07 13:15:51 INFO SparkContext: Added JAR file:///home/***/.ivy2/jars/org.apache.hadoop_hadoop-aws-3.3.4.jar at spark://e61fdba10dc3:33471/jars/org.apache.hadoop_hadoop-aws-3.3.4.jar with timestamp 1765113350517
[2025-12-07T13:15:51.967+0000] {subprocess.py:93} INFO - 25/12/07 13:15:51 INFO SparkContext: Added JAR file:///home/***/.ivy2/jars/org.apache.spark_spark-sql-kafka-0-10_2.12-3.5.0.jar at spark://e61fdba10dc3:33471/jars/org.apache.spark_spark-sql-kafka-0-10_2.12-3.5.0.jar with timestamp 1765113350517
[2025-12-07T13:15:51.967+0000] {subprocess.py:93} INFO - 25/12/07 13:15:51 INFO SparkContext: Added JAR file:///home/***/.ivy2/jars/com.amazonaws_aws-java-sdk-bundle-1.12.262.jar at spark://e61fdba10dc3:33471/jars/com.amazonaws_aws-java-sdk-bundle-1.12.262.jar with timestamp 1765113350517
[2025-12-07T13:15:51.968+0000] {subprocess.py:93} INFO - 25/12/07 13:15:51 INFO SparkContext: Added JAR file:///home/***/.ivy2/jars/org.wildfly.openssl_wildfly-openssl-1.0.7.Final.jar at spark://e61fdba10dc3:33471/jars/org.wildfly.openssl_wildfly-openssl-1.0.7.Final.jar with timestamp 1765113350517
[2025-12-07T13:15:51.969+0000] {subprocess.py:93} INFO - 25/12/07 13:15:51 INFO SparkContext: Added JAR file:///home/***/.ivy2/jars/org.apache.spark_spark-token-provider-kafka-0-10_2.12-3.5.0.jar at spark://e61fdba10dc3:33471/jars/org.apache.spark_spark-token-provider-kafka-0-10_2.12-3.5.0.jar with timestamp 1765113350517
[2025-12-07T13:15:51.969+0000] {subprocess.py:93} INFO - 25/12/07 13:15:51 INFO SparkContext: Added JAR file:///home/***/.ivy2/jars/org.apache.kafka_kafka-clients-3.4.1.jar at spark://e61fdba10dc3:33471/jars/org.apache.kafka_kafka-clients-3.4.1.jar with timestamp 1765113350517
[2025-12-07T13:15:51.970+0000] {subprocess.py:93} INFO - 25/12/07 13:15:51 INFO SparkContext: Added JAR file:///home/***/.ivy2/jars/com.google.code.findbugs_jsr305-3.0.0.jar at spark://e61fdba10dc3:33471/jars/com.google.code.findbugs_jsr305-3.0.0.jar with timestamp 1765113350517
[2025-12-07T13:15:51.971+0000] {subprocess.py:93} INFO - 25/12/07 13:15:51 INFO SparkContext: Added JAR file:///home/***/.ivy2/jars/org.apache.commons_commons-pool2-2.11.1.jar at spark://e61fdba10dc3:33471/jars/org.apache.commons_commons-pool2-2.11.1.jar with timestamp 1765113350517
[2025-12-07T13:15:51.972+0000] {subprocess.py:93} INFO - 25/12/07 13:15:51 INFO SparkContext: Added JAR file:///home/***/.ivy2/jars/org.apache.hadoop_hadoop-client-runtime-3.3.4.jar at spark://e61fdba10dc3:33471/jars/org.apache.hadoop_hadoop-client-runtime-3.3.4.jar with timestamp 1765113350517
[2025-12-07T13:15:51.972+0000] {subprocess.py:93} INFO - 25/12/07 13:15:51 INFO SparkContext: Added JAR file:///home/***/.ivy2/jars/org.lz4_lz4-java-1.8.0.jar at spark://e61fdba10dc3:33471/jars/org.lz4_lz4-java-1.8.0.jar with timestamp 1765113350517
[2025-12-07T13:15:51.973+0000] {subprocess.py:93} INFO - 25/12/07 13:15:51 INFO SparkContext: Added JAR file:///home/***/.ivy2/jars/org.xerial.snappy_snappy-java-1.1.10.3.jar at spark://e61fdba10dc3:33471/jars/org.xerial.snappy_snappy-java-1.1.10.3.jar with timestamp 1765113350517
[2025-12-07T13:15:51.974+0000] {subprocess.py:93} INFO - 25/12/07 13:15:51 INFO SparkContext: Added JAR file:///home/***/.ivy2/jars/org.slf4j_slf4j-api-2.0.7.jar at spark://e61fdba10dc3:33471/jars/org.slf4j_slf4j-api-2.0.7.jar with timestamp 1765113350517
[2025-12-07T13:15:51.975+0000] {subprocess.py:93} INFO - 25/12/07 13:15:51 INFO SparkContext: Added JAR file:///home/***/.ivy2/jars/org.apache.hadoop_hadoop-client-api-3.3.4.jar at spark://e61fdba10dc3:33471/jars/org.apache.hadoop_hadoop-client-api-3.3.4.jar with timestamp 1765113350517
[2025-12-07T13:15:51.975+0000] {subprocess.py:93} INFO - 25/12/07 13:15:51 INFO SparkContext: Added JAR file:///home/***/.ivy2/jars/commons-logging_commons-logging-1.1.3.jar at spark://e61fdba10dc3:33471/jars/commons-logging_commons-logging-1.1.3.jar with timestamp 1765113350517
[2025-12-07T13:15:51.976+0000] {subprocess.py:93} INFO - 25/12/07 13:15:51 INFO SparkContext: Added file file:///home/***/.ivy2/jars/org.apache.hadoop_hadoop-aws-3.3.4.jar at spark://e61fdba10dc3:33471/files/org.apache.hadoop_hadoop-aws-3.3.4.jar with timestamp 1765113350517
[2025-12-07T13:15:51.977+0000] {subprocess.py:93} INFO - 25/12/07 13:15:51 INFO Utils: Copying /home/***/.ivy2/jars/org.apache.hadoop_hadoop-aws-3.3.4.jar to /tmp/spark-9c5a3136-4c14-4350-985f-4e51e8e2fa5f/userFiles-9ab67abf-f7f8-45a0-aec0-bd995f845eaa/org.apache.hadoop_hadoop-aws-3.3.4.jar
[2025-12-07T13:15:51.992+0000] {subprocess.py:93} INFO - 25/12/07 13:15:51 INFO SparkContext: Added file file:///home/***/.ivy2/jars/org.apache.spark_spark-sql-kafka-0-10_2.12-3.5.0.jar at spark://e61fdba10dc3:33471/files/org.apache.spark_spark-sql-kafka-0-10_2.12-3.5.0.jar with timestamp 1765113350517
[2025-12-07T13:15:51.993+0000] {subprocess.py:93} INFO - 25/12/07 13:15:51 INFO Utils: Copying /home/***/.ivy2/jars/org.apache.spark_spark-sql-kafka-0-10_2.12-3.5.0.jar to /tmp/spark-9c5a3136-4c14-4350-985f-4e51e8e2fa5f/userFiles-9ab67abf-f7f8-45a0-aec0-bd995f845eaa/org.apache.spark_spark-sql-kafka-0-10_2.12-3.5.0.jar
[2025-12-07T13:15:52.000+0000] {subprocess.py:93} INFO - 25/12/07 13:15:51 INFO SparkContext: Added file file:///home/***/.ivy2/jars/com.amazonaws_aws-java-sdk-bundle-1.12.262.jar at spark://e61fdba10dc3:33471/files/com.amazonaws_aws-java-sdk-bundle-1.12.262.jar with timestamp 1765113350517
[2025-12-07T13:15:52.001+0000] {subprocess.py:93} INFO - 25/12/07 13:15:52 INFO Utils: Copying /home/***/.ivy2/jars/com.amazonaws_aws-java-sdk-bundle-1.12.262.jar to /tmp/spark-9c5a3136-4c14-4350-985f-4e51e8e2fa5f/userFiles-9ab67abf-f7f8-45a0-aec0-bd995f845eaa/com.amazonaws_aws-java-sdk-bundle-1.12.262.jar
[2025-12-07T13:15:52.745+0000] {subprocess.py:93} INFO - 25/12/07 13:15:52 INFO SparkContext: Added file file:///home/***/.ivy2/jars/org.wildfly.openssl_wildfly-openssl-1.0.7.Final.jar at spark://e61fdba10dc3:33471/files/org.wildfly.openssl_wildfly-openssl-1.0.7.Final.jar with timestamp 1765113350517
[2025-12-07T13:15:52.746+0000] {subprocess.py:93} INFO - 25/12/07 13:15:52 INFO Utils: Copying /home/***/.ivy2/jars/org.wildfly.openssl_wildfly-openssl-1.0.7.Final.jar to /tmp/spark-9c5a3136-4c14-4350-985f-4e51e8e2fa5f/userFiles-9ab67abf-f7f8-45a0-aec0-bd995f845eaa/org.wildfly.openssl_wildfly-openssl-1.0.7.Final.jar
[2025-12-07T13:15:52.750+0000] {subprocess.py:93} INFO - 25/12/07 13:15:52 INFO SparkContext: Added file file:///home/***/.ivy2/jars/org.apache.spark_spark-token-provider-kafka-0-10_2.12-3.5.0.jar at spark://e61fdba10dc3:33471/files/org.apache.spark_spark-token-provider-kafka-0-10_2.12-3.5.0.jar with timestamp 1765113350517
[2025-12-07T13:15:52.751+0000] {subprocess.py:93} INFO - 25/12/07 13:15:52 INFO Utils: Copying /home/***/.ivy2/jars/org.apache.spark_spark-token-provider-kafka-0-10_2.12-3.5.0.jar to /tmp/spark-9c5a3136-4c14-4350-985f-4e51e8e2fa5f/userFiles-9ab67abf-f7f8-45a0-aec0-bd995f845eaa/org.apache.spark_spark-token-provider-kafka-0-10_2.12-3.5.0.jar
[2025-12-07T13:15:52.756+0000] {subprocess.py:93} INFO - 25/12/07 13:15:52 INFO SparkContext: Added file file:///home/***/.ivy2/jars/org.apache.kafka_kafka-clients-3.4.1.jar at spark://e61fdba10dc3:33471/files/org.apache.kafka_kafka-clients-3.4.1.jar with timestamp 1765113350517
[2025-12-07T13:15:52.757+0000] {subprocess.py:93} INFO - 25/12/07 13:15:52 INFO Utils: Copying /home/***/.ivy2/jars/org.apache.kafka_kafka-clients-3.4.1.jar to /tmp/spark-9c5a3136-4c14-4350-985f-4e51e8e2fa5f/userFiles-9ab67abf-f7f8-45a0-aec0-bd995f845eaa/org.apache.kafka_kafka-clients-3.4.1.jar
[2025-12-07T13:15:52.780+0000] {subprocess.py:93} INFO - 25/12/07 13:15:52 INFO SparkContext: Added file file:///home/***/.ivy2/jars/com.google.code.findbugs_jsr305-3.0.0.jar at spark://e61fdba10dc3:33471/files/com.google.code.findbugs_jsr305-3.0.0.jar with timestamp 1765113350517
[2025-12-07T13:15:52.781+0000] {subprocess.py:93} INFO - 25/12/07 13:15:52 INFO Utils: Copying /home/***/.ivy2/jars/com.google.code.findbugs_jsr305-3.0.0.jar to /tmp/spark-9c5a3136-4c14-4350-985f-4e51e8e2fa5f/userFiles-9ab67abf-f7f8-45a0-aec0-bd995f845eaa/com.google.code.findbugs_jsr305-3.0.0.jar
[2025-12-07T13:15:52.785+0000] {subprocess.py:93} INFO - 25/12/07 13:15:52 INFO SparkContext: Added file file:///home/***/.ivy2/jars/org.apache.commons_commons-pool2-2.11.1.jar at spark://e61fdba10dc3:33471/files/org.apache.commons_commons-pool2-2.11.1.jar with timestamp 1765113350517
[2025-12-07T13:15:52.786+0000] {subprocess.py:93} INFO - 25/12/07 13:15:52 INFO Utils: Copying /home/***/.ivy2/jars/org.apache.commons_commons-pool2-2.11.1.jar to /tmp/spark-9c5a3136-4c14-4350-985f-4e51e8e2fa5f/userFiles-9ab67abf-f7f8-45a0-aec0-bd995f845eaa/org.apache.commons_commons-pool2-2.11.1.jar
[2025-12-07T13:15:52.790+0000] {subprocess.py:93} INFO - 25/12/07 13:15:52 INFO SparkContext: Added file file:///home/***/.ivy2/jars/org.apache.hadoop_hadoop-client-runtime-3.3.4.jar at spark://e61fdba10dc3:33471/files/org.apache.hadoop_hadoop-client-runtime-3.3.4.jar with timestamp 1765113350517
[2025-12-07T13:15:52.790+0000] {subprocess.py:93} INFO - 25/12/07 13:15:52 INFO Utils: Copying /home/***/.ivy2/jars/org.apache.hadoop_hadoop-client-runtime-3.3.4.jar to /tmp/spark-9c5a3136-4c14-4350-985f-4e51e8e2fa5f/userFiles-9ab67abf-f7f8-45a0-aec0-bd995f845eaa/org.apache.hadoop_hadoop-client-runtime-3.3.4.jar
[2025-12-07T13:15:52.851+0000] {subprocess.py:93} INFO - 25/12/07 13:15:52 INFO SparkContext: Added file file:///home/***/.ivy2/jars/org.lz4_lz4-java-1.8.0.jar at spark://e61fdba10dc3:33471/files/org.lz4_lz4-java-1.8.0.jar with timestamp 1765113350517
[2025-12-07T13:15:52.852+0000] {subprocess.py:93} INFO - 25/12/07 13:15:52 INFO Utils: Copying /home/***/.ivy2/jars/org.lz4_lz4-java-1.8.0.jar to /tmp/spark-9c5a3136-4c14-4350-985f-4e51e8e2fa5f/userFiles-9ab67abf-f7f8-45a0-aec0-bd995f845eaa/org.lz4_lz4-java-1.8.0.jar
[2025-12-07T13:15:52.857+0000] {subprocess.py:93} INFO - 25/12/07 13:15:52 INFO SparkContext: Added file file:///home/***/.ivy2/jars/org.xerial.snappy_snappy-java-1.1.10.3.jar at spark://e61fdba10dc3:33471/files/org.xerial.snappy_snappy-java-1.1.10.3.jar with timestamp 1765113350517
[2025-12-07T13:15:52.858+0000] {subprocess.py:93} INFO - 25/12/07 13:15:52 INFO Utils: Copying /home/***/.ivy2/jars/org.xerial.snappy_snappy-java-1.1.10.3.jar to /tmp/spark-9c5a3136-4c14-4350-985f-4e51e8e2fa5f/userFiles-9ab67abf-f7f8-45a0-aec0-bd995f845eaa/org.xerial.snappy_snappy-java-1.1.10.3.jar
[2025-12-07T13:15:52.866+0000] {subprocess.py:93} INFO - 25/12/07 13:15:52 INFO SparkContext: Added file file:///home/***/.ivy2/jars/org.slf4j_slf4j-api-2.0.7.jar at spark://e61fdba10dc3:33471/files/org.slf4j_slf4j-api-2.0.7.jar with timestamp 1765113350517
[2025-12-07T13:15:52.867+0000] {subprocess.py:93} INFO - 25/12/07 13:15:52 INFO Utils: Copying /home/***/.ivy2/jars/org.slf4j_slf4j-api-2.0.7.jar to /tmp/spark-9c5a3136-4c14-4350-985f-4e51e8e2fa5f/userFiles-9ab67abf-f7f8-45a0-aec0-bd995f845eaa/org.slf4j_slf4j-api-2.0.7.jar
[2025-12-07T13:15:52.871+0000] {subprocess.py:93} INFO - 25/12/07 13:15:52 INFO SparkContext: Added file file:///home/***/.ivy2/jars/org.apache.hadoop_hadoop-client-api-3.3.4.jar at spark://e61fdba10dc3:33471/files/org.apache.hadoop_hadoop-client-api-3.3.4.jar with timestamp 1765113350517
[2025-12-07T13:15:52.871+0000] {subprocess.py:93} INFO - 25/12/07 13:15:52 INFO Utils: Copying /home/***/.ivy2/jars/org.apache.hadoop_hadoop-client-api-3.3.4.jar to /tmp/spark-9c5a3136-4c14-4350-985f-4e51e8e2fa5f/userFiles-9ab67abf-f7f8-45a0-aec0-bd995f845eaa/org.apache.hadoop_hadoop-client-api-3.3.4.jar
[2025-12-07T13:15:52.921+0000] {subprocess.py:93} INFO - 25/12/07 13:15:52 INFO SparkContext: Added file file:///home/***/.ivy2/jars/commons-logging_commons-logging-1.1.3.jar at spark://e61fdba10dc3:33471/files/commons-logging_commons-logging-1.1.3.jar with timestamp 1765113350517
[2025-12-07T13:15:52.922+0000] {subprocess.py:93} INFO - 25/12/07 13:15:52 INFO Utils: Copying /home/***/.ivy2/jars/commons-logging_commons-logging-1.1.3.jar to /tmp/spark-9c5a3136-4c14-4350-985f-4e51e8e2fa5f/userFiles-9ab67abf-f7f8-45a0-aec0-bd995f845eaa/commons-logging_commons-logging-1.1.3.jar
[2025-12-07T13:15:53.013+0000] {subprocess.py:93} INFO - 25/12/07 13:15:53 INFO StandaloneAppClient$ClientEndpoint: Connecting to master spark://spark-master:7077...
[2025-12-07T13:15:53.091+0000] {subprocess.py:93} INFO - 25/12/07 13:15:53 INFO TransportClientFactory: Successfully created connection to spark-master/172.20.0.5:7077 after 32 ms (0 ms spent in bootstraps)
[2025-12-07T13:15:53.250+0000] {subprocess.py:93} INFO - 25/12/07 13:15:53 INFO StandaloneSchedulerBackend: Connected to Spark cluster with app ID app-20251207131553-0004
[2025-12-07T13:15:53.258+0000] {subprocess.py:93} INFO - 25/12/07 13:15:53 INFO Utils: Successfully started service 'org.apache.spark.network.netty.NettyBlockTransferService' on port 41857.
[2025-12-07T13:15:53.259+0000] {subprocess.py:93} INFO - 25/12/07 13:15:53 INFO NettyBlockTransferService: Server created on e61fdba10dc3:41857
[2025-12-07T13:15:53.261+0000] {subprocess.py:93} INFO - 25/12/07 13:15:53 INFO BlockManager: Using org.apache.spark.storage.RandomBlockReplicationPolicy for block replication policy
[2025-12-07T13:15:53.271+0000] {subprocess.py:93} INFO - 25/12/07 13:15:53 INFO BlockManagerMaster: Registering BlockManager BlockManagerId(driver, e61fdba10dc3, 41857, None)
[2025-12-07T13:15:53.275+0000] {subprocess.py:93} INFO - 25/12/07 13:15:53 INFO BlockManagerMasterEndpoint: Registering block manager e61fdba10dc3:41857 with 434.4 MiB RAM, BlockManagerId(driver, e61fdba10dc3, 41857, None)
[2025-12-07T13:15:53.278+0000] {subprocess.py:93} INFO - 25/12/07 13:15:53 INFO BlockManagerMaster: Registered BlockManager BlockManagerId(driver, e61fdba10dc3, 41857, None)
[2025-12-07T13:15:53.279+0000] {subprocess.py:93} INFO - 25/12/07 13:15:53 INFO BlockManager: Initialized BlockManager: BlockManagerId(driver, e61fdba10dc3, 41857, None)
[2025-12-07T13:15:53.490+0000] {subprocess.py:93} INFO - 25/12/07 13:15:53 INFO StandaloneSchedulerBackend: SchedulerBackend is ready for scheduling beginning after reached minRegisteredResourcesRatio: 0.0
[2025-12-07T13:15:53.697+0000] {subprocess.py:93} INFO - ✅ Spark Session created successfully!
[2025-12-07T13:15:53.698+0000] {subprocess.py:93} INFO - 
[2025-12-07T13:15:53.698+0000] {subprocess.py:93} INFO - 📍 Step 2: Reading Bronze Layer...
[2025-12-07T13:15:53.698+0000] {subprocess.py:93} INFO - 📂 Reading from: s3a://datalake/bronze/emails/
[2025-12-07T13:15:53.704+0000] {subprocess.py:93} INFO - 25/12/07 13:15:53 INFO SharedState: Setting hive.metastore.warehouse.dir ('null') to the value of spark.sql.warehouse.dir.
[2025-12-07T13:15:53.706+0000] {subprocess.py:93} INFO - 25/12/07 13:15:53 INFO SharedState: Warehouse path is 'file:/tmp/***tmpgj43i37y/spark-warehouse'.
[2025-12-07T13:15:54.965+0000] {subprocess.py:93} INFO - 25/12/07 13:15:54 WARN MetricsConfig: Cannot locate configuration: tried hadoop-metrics2-s3a-file-system.properties,hadoop-metrics2.properties
[2025-12-07T13:15:54.982+0000] {subprocess.py:93} INFO - 25/12/07 13:15:54 INFO MetricsSystemImpl: Scheduled Metric snapshot period at 10 second(s).
[2025-12-07T13:15:54.983+0000] {subprocess.py:93} INFO - 25/12/07 13:15:54 INFO MetricsSystemImpl: s3a-file-system metrics system started
[2025-12-07T13:15:56.034+0000] {subprocess.py:93} INFO - 25/12/07 13:15:56 INFO MetadataLogFileIndex: Reading streaming file log from s3a://datalake/bronze/emails/_spark_metadata
[2025-12-07T13:15:56.140+0000] {subprocess.py:93} INFO - 25/12/07 13:15:56 INFO FileStreamSinkLog: BatchIds found from listing: 0, 1
[2025-12-07T13:15:56.175+0000] {subprocess.py:93} INFO - 25/12/07 13:15:56 INFO FileStreamSinkLog: Set the compact interval to 10 [defaultCompactInterval: 10]
[2025-12-07T13:15:56.188+0000] {subprocess.py:93} INFO - 25/12/07 13:15:56 INFO deprecation: org.apache.hadoop.shaded.io.bytes.per.checksum is deprecated. Instead, use dfs.bytes-per-checksum
[2025-12-07T13:15:56.720+0000] {subprocess.py:93} INFO - 25/12/07 13:15:56 INFO SparkContext: Starting job: parquet at NativeMethodAccessorImpl.java:0
[2025-12-07T13:15:56.742+0000] {subprocess.py:93} INFO - 25/12/07 13:15:56 INFO DAGScheduler: Got job 0 (parquet at NativeMethodAccessorImpl.java:0) with 1 output partitions
[2025-12-07T13:15:56.743+0000] {subprocess.py:93} INFO - 25/12/07 13:15:56 INFO DAGScheduler: Final stage: ResultStage 0 (parquet at NativeMethodAccessorImpl.java:0)
[2025-12-07T13:15:56.744+0000] {subprocess.py:93} INFO - 25/12/07 13:15:56 INFO DAGScheduler: Parents of final stage: List()
[2025-12-07T13:15:56.745+0000] {subprocess.py:93} INFO - 25/12/07 13:15:56 INFO DAGScheduler: Missing parents: List()
[2025-12-07T13:15:56.746+0000] {subprocess.py:93} INFO - 25/12/07 13:15:56 INFO DAGScheduler: Submitting ResultStage 0 (MapPartitionsRDD[1] at parquet at NativeMethodAccessorImpl.java:0), which has no missing parents
[2025-12-07T13:15:56.845+0000] {subprocess.py:93} INFO - 25/12/07 13:15:56 INFO MemoryStore: Block broadcast_0 stored as values in memory (estimated size 110.4 KiB, free 434.3 MiB)
[2025-12-07T13:15:56.900+0000] {subprocess.py:93} INFO - 25/12/07 13:15:56 INFO MemoryStore: Block broadcast_0_piece0 stored as bytes in memory (estimated size 40.0 KiB, free 434.3 MiB)
[2025-12-07T13:15:56.903+0000] {subprocess.py:93} INFO - 25/12/07 13:15:56 INFO BlockManagerInfo: Added broadcast_0_piece0 in memory on e61fdba10dc3:41857 (size: 40.0 KiB, free: 434.4 MiB)
[2025-12-07T13:15:56.909+0000] {subprocess.py:93} INFO - 25/12/07 13:15:56 INFO SparkContext: Created broadcast 0 from broadcast at DAGScheduler.scala:1580
[2025-12-07T13:15:56.929+0000] {subprocess.py:93} INFO - 25/12/07 13:15:56 INFO DAGScheduler: Submitting 1 missing tasks from ResultStage 0 (MapPartitionsRDD[1] at parquet at NativeMethodAccessorImpl.java:0) (first 15 tasks are for partitions Vector(0))
[2025-12-07T13:15:56.930+0000] {subprocess.py:93} INFO - 25/12/07 13:15:56 INFO TaskSchedulerImpl: Adding task set 0.0 with 1 tasks resource profile 0
[2025-12-07T13:16:11.946+0000] {subprocess.py:93} INFO - 25/12/07 13:16:11 WARN TaskSchedulerImpl: Initial job has not accepted any resources; check your cluster UI to ensure that workers are registered and have sufficient resources
[2025-12-07T13:16:26.954+0000] {subprocess.py:93} INFO - 25/12/07 13:16:26 WARN TaskSchedulerImpl: Initial job has not accepted any resources; check your cluster UI to ensure that workers are registered and have sufficient resources
[2025-12-07T13:16:41.947+0000] {subprocess.py:93} INFO - 25/12/07 13:16:41 WARN TaskSchedulerImpl: Initial job has not accepted any resources; check your cluster UI to ensure that workers are registered and have sufficient resources
[2025-12-07T13:16:56.973+0000] {subprocess.py:93} INFO - 25/12/07 13:16:56 WARN TaskSchedulerImpl: Initial job has not accepted any resources; check your cluster UI to ensure that workers are registered and have sufficient resources
[2025-12-07T13:17:11.948+0000] {subprocess.py:93} INFO - 25/12/07 13:17:11 WARN TaskSchedulerImpl: Initial job has not accepted any resources; check your cluster UI to ensure that workers are registered and have sufficient resources
[2025-12-07T13:17:26.958+0000] {subprocess.py:93} INFO - 25/12/07 13:17:26 WARN TaskSchedulerImpl: Initial job has not accepted any resources; check your cluster UI to ensure that workers are registered and have sufficient resources
[2025-12-07T13:17:34.847+0000] {job.py:213} ERROR - Job heartbeat got an exception
Traceback (most recent call last):
  File "/home/airflow/.local/lib/python3.8/site-packages/sqlalchemy/engine/base.py", line 3371, in _wrap_pool_connect
    return fn()
  File "/home/airflow/.local/lib/python3.8/site-packages/sqlalchemy/pool/base.py", line 327, in connect
    return _ConnectionFairy._checkout(self)
  File "/home/airflow/.local/lib/python3.8/site-packages/sqlalchemy/pool/base.py", line 894, in _checkout
    fairy = _ConnectionRecord.checkout(pool)
  File "/home/airflow/.local/lib/python3.8/site-packages/sqlalchemy/pool/base.py", line 493, in checkout
    rec = pool._do_get()
  File "/home/airflow/.local/lib/python3.8/site-packages/sqlalchemy/pool/impl.py", line 256, in _do_get
    return self._create_connection()
  File "/home/airflow/.local/lib/python3.8/site-packages/sqlalchemy/pool/base.py", line 273, in _create_connection
    return _ConnectionRecord(self)
  File "/home/airflow/.local/lib/python3.8/site-packages/sqlalchemy/pool/base.py", line 388, in __init__
    self.__connect()
  File "/home/airflow/.local/lib/python3.8/site-packages/sqlalchemy/pool/base.py", line 691, in __connect
    pool.logger.debug("Error on connect(): %s", e)
  File "/home/airflow/.local/lib/python3.8/site-packages/sqlalchemy/util/langhelpers.py", line 70, in __exit__
    compat.raise_(
  File "/home/airflow/.local/lib/python3.8/site-packages/sqlalchemy/util/compat.py", line 211, in raise_
    raise exception
  File "/home/airflow/.local/lib/python3.8/site-packages/sqlalchemy/pool/base.py", line 686, in __connect
    self.dbapi_connection = connection = pool._invoke_creator(self)
  File "/home/airflow/.local/lib/python3.8/site-packages/sqlalchemy/engine/create.py", line 574, in connect
    return dialect.connect(*cargs, **cparams)
  File "/home/airflow/.local/lib/python3.8/site-packages/sqlalchemy/engine/default.py", line 598, in connect
    return self.dbapi.connect(*cargs, **cparams)
  File "/home/airflow/.local/lib/python3.8/site-packages/psycopg2/__init__.py", line 122, in connect
    conn = _connect(dsn, connection_factory=connection_factory, **kwasync)
psycopg2.OperationalError: could not translate host name "postgres" to address: Temporary failure in name resolution


The above exception was the direct cause of the following exception:

Traceback (most recent call last):
  File "/home/airflow/.local/lib/python3.8/site-packages/airflow/jobs/job.py", line 187, in heartbeat
    self._merge_from(Job._fetch_from_db(self, session))
  File "/home/airflow/.local/lib/python3.8/site-packages/airflow/api_internal/internal_api_call.py", line 114, in wrapper
    return func(*args, **kwargs)
  File "/home/airflow/.local/lib/python3.8/site-packages/airflow/utils/session.py", line 76, in wrapper
    return func(*args, **kwargs)
  File "/home/airflow/.local/lib/python3.8/site-packages/airflow/jobs/job.py", line 308, in _fetch_from_db
    session.merge(job)
  File "/home/airflow/.local/lib/python3.8/site-packages/sqlalchemy/orm/session.py", line 3056, in merge
    return self._merge(
  File "/home/airflow/.local/lib/python3.8/site-packages/sqlalchemy/orm/session.py", line 3136, in _merge
    merged = self.get(
  File "/home/airflow/.local/lib/python3.8/site-packages/sqlalchemy/orm/session.py", line 2853, in get
    return self._get_impl(
  File "/home/airflow/.local/lib/python3.8/site-packages/sqlalchemy/orm/session.py", line 2975, in _get_impl
    return db_load_fn(
  File "/home/airflow/.local/lib/python3.8/site-packages/sqlalchemy/orm/loading.py", line 530, in load_on_pk_identity
    session.execute(
  File "/home/airflow/.local/lib/python3.8/site-packages/sqlalchemy/orm/session.py", line 1716, in execute
    conn = self._connection_for_bind(bind)
  File "/home/airflow/.local/lib/python3.8/site-packages/sqlalchemy/orm/session.py", line 1555, in _connection_for_bind
    return self._transaction._connection_for_bind(
  File "/home/airflow/.local/lib/python3.8/site-packages/sqlalchemy/orm/session.py", line 750, in _connection_for_bind
    conn = bind.connect()
  File "/home/airflow/.local/lib/python3.8/site-packages/sqlalchemy/future/engine.py", line 412, in connect
    return super(Engine, self).connect()
  File "/home/airflow/.local/lib/python3.8/site-packages/sqlalchemy/engine/base.py", line 3325, in connect
    return self._connection_cls(self, close_with_result=close_with_result)
  File "/home/airflow/.local/lib/python3.8/site-packages/sqlalchemy/engine/base.py", line 96, in __init__
    else engine.raw_connection()
  File "/home/airflow/.local/lib/python3.8/site-packages/sqlalchemy/engine/base.py", line 3404, in raw_connection
    return self._wrap_pool_connect(self.pool.connect, _connection)
  File "/home/airflow/.local/lib/python3.8/site-packages/sqlalchemy/engine/base.py", line 3374, in _wrap_pool_connect
    Connection._handle_dbapi_exception_noconnection(
  File "/home/airflow/.local/lib/python3.8/site-packages/sqlalchemy/engine/base.py", line 2208, in _handle_dbapi_exception_noconnection
    util.raise_(
  File "/home/airflow/.local/lib/python3.8/site-packages/sqlalchemy/util/compat.py", line 211, in raise_
    raise exception
  File "/home/airflow/.local/lib/python3.8/site-packages/sqlalchemy/engine/base.py", line 3371, in _wrap_pool_connect
    return fn()
  File "/home/airflow/.local/lib/python3.8/site-packages/sqlalchemy/pool/base.py", line 327, in connect
    return _ConnectionFairy._checkout(self)
  File "/home/airflow/.local/lib/python3.8/site-packages/sqlalchemy/pool/base.py", line 894, in _checkout
    fairy = _ConnectionRecord.checkout(pool)
  File "/home/airflow/.local/lib/python3.8/site-packages/sqlalchemy/pool/base.py", line 493, in checkout
    rec = pool._do_get()
  File "/home/airflow/.local/lib/python3.8/site-packages/sqlalchemy/pool/impl.py", line 256, in _do_get
    return self._create_connection()
  File "/home/airflow/.local/lib/python3.8/site-packages/sqlalchemy/pool/base.py", line 273, in _create_connection
    return _ConnectionRecord(self)
  File "/home/airflow/.local/lib/python3.8/site-packages/sqlalchemy/pool/base.py", line 388, in __init__
    self.__connect()
  File "/home/airflow/.local/lib/python3.8/site-packages/sqlalchemy/pool/base.py", line 691, in __connect
    pool.logger.debug("Error on connect(): %s", e)
  File "/home/airflow/.local/lib/python3.8/site-packages/sqlalchemy/util/langhelpers.py", line 70, in __exit__
    compat.raise_(
  File "/home/airflow/.local/lib/python3.8/site-packages/sqlalchemy/util/compat.py", line 211, in raise_
    raise exception
  File "/home/airflow/.local/lib/python3.8/site-packages/sqlalchemy/pool/base.py", line 686, in __connect
    self.dbapi_connection = connection = pool._invoke_creator(self)
  File "/home/airflow/.local/lib/python3.8/site-packages/sqlalchemy/engine/create.py", line 574, in connect
    return dialect.connect(*cargs, **cparams)
  File "/home/airflow/.local/lib/python3.8/site-packages/sqlalchemy/engine/default.py", line 598, in connect
    return self.dbapi.connect(*cargs, **cparams)
  File "/home/airflow/.local/lib/python3.8/site-packages/psycopg2/__init__.py", line 122, in connect
    conn = _connect(dsn, connection_factory=connection_factory, **kwasync)
sqlalchemy.exc.OperationalError: (psycopg2.OperationalError) could not translate host name "postgres" to address: Temporary failure in name resolution

(Background on this error at: https://sqlalche.me/e/14/e3q8)
[2025-12-07T13:17:34.941+0000] {job.py:221} ERROR - Job heartbeat failed with error. Scheduler is in unhealthy state
[2025-12-07T13:17:41.992+0000] {subprocess.py:93} INFO - 25/12/07 13:17:41 WARN TaskSchedulerImpl: Initial job has not accepted any resources; check your cluster UI to ensure that workers are registered and have sufficient resources
[2025-12-07T13:17:56.963+0000] {subprocess.py:93} INFO - 25/12/07 13:17:56 WARN TaskSchedulerImpl: Initial job has not accepted any resources; check your cluster UI to ensure that workers are registered and have sufficient resources
[2025-12-07T13:18:11.962+0000] {subprocess.py:93} INFO - 25/12/07 13:18:11 WARN TaskSchedulerImpl: Initial job has not accepted any resources; check your cluster UI to ensure that workers are registered and have sufficient resources
[2025-12-07T13:18:26.944+0000] {subprocess.py:93} INFO - 25/12/07 13:18:26 WARN TaskSchedulerImpl: Initial job has not accepted any resources; check your cluster UI to ensure that workers are registered and have sufficient resources
[2025-12-07T13:18:41.974+0000] {subprocess.py:93} INFO - 25/12/07 13:18:41 WARN TaskSchedulerImpl: Initial job has not accepted any resources; check your cluster UI to ensure that workers are registered and have sufficient resources
[2025-12-07T13:18:57.006+0000] {subprocess.py:93} INFO - 25/12/07 13:18:56 WARN TaskSchedulerImpl: Initial job has not accepted any resources; check your cluster UI to ensure that workers are registered and have sufficient resources
[2025-12-07T13:19:02.146+0000] {job.py:221} ERROR - Job heartbeat failed with error. Scheduler is in unhealthy state
[2025-12-07T13:19:12.483+0000] {subprocess.py:93} INFO - 25/12/07 13:19:12 WARN TaskSchedulerImpl: Initial job has not accepted any resources; check your cluster UI to ensure that workers are registered and have sufficient resources
[2025-12-07T13:19:18.413+0000] {job.py:221} ERROR - Job heartbeat failed with error. Scheduler is in unhealthy state
[2025-12-07T13:19:27.029+0000] {subprocess.py:93} INFO - 25/12/07 13:19:27 WARN TaskSchedulerImpl: Initial job has not accepted any resources; check your cluster UI to ensure that workers are registered and have sufficient resources
[2025-12-07T13:19:41.950+0000] {subprocess.py:93} INFO - 25/12/07 13:19:41 WARN TaskSchedulerImpl: Initial job has not accepted any resources; check your cluster UI to ensure that workers are registered and have sufficient resources
[2025-12-07T13:19:48.675+0000] {job.py:221} ERROR - Job heartbeat failed with error. Scheduler is in unhealthy state
[2025-12-07T13:19:56.962+0000] {subprocess.py:93} INFO - 25/12/07 13:19:56 WARN TaskSchedulerImpl: Initial job has not accepted any resources; check your cluster UI to ensure that workers are registered and have sufficient resources
[2025-12-07T13:20:07.820+0000] {job.py:221} ERROR - Job heartbeat failed with error. Scheduler is in unhealthy state
[2025-12-07T13:20:11.958+0000] {subprocess.py:93} INFO - 25/12/07 13:20:11 WARN TaskSchedulerImpl: Initial job has not accepted any resources; check your cluster UI to ensure that workers are registered and have sufficient resources
[2025-12-07T13:20:23.052+0000] {job.py:221} ERROR - Job heartbeat failed with error. Scheduler is in unhealthy state
[2025-12-07T13:20:26.969+0000] {subprocess.py:93} INFO - 25/12/07 13:20:26 WARN TaskSchedulerImpl: Initial job has not accepted any resources; check your cluster UI to ensure that workers are registered and have sufficient resources
[2025-12-07T13:20:41.950+0000] {subprocess.py:93} INFO - 25/12/07 13:20:41 WARN TaskSchedulerImpl: Initial job has not accepted any resources; check your cluster UI to ensure that workers are registered and have sufficient resources
[2025-12-07T13:20:56.958+0000] {subprocess.py:93} INFO - 25/12/07 13:20:56 WARN TaskSchedulerImpl: Initial job has not accepted any resources; check your cluster UI to ensure that workers are registered and have sufficient resources
[2025-12-07T13:21:12.013+0000] {subprocess.py:93} INFO - 25/12/07 13:21:11 WARN TaskSchedulerImpl: Initial job has not accepted any resources; check your cluster UI to ensure that workers are registered and have sufficient resources
[2025-12-07T13:21:16.284+0000] {job.py:221} ERROR - Job heartbeat failed with error. Scheduler is in unhealthy state
[2025-12-07T13:21:27.165+0000] {subprocess.py:93} INFO - 25/12/07 13:21:26 WARN TaskSchedulerImpl: Initial job has not accepted any resources; check your cluster UI to ensure that workers are registered and have sufficient resources
[2025-12-07T13:21:31.471+0000] {job.py:221} ERROR - Job heartbeat failed with error. Scheduler is in unhealthy state
[2025-12-07T13:21:41.980+0000] {subprocess.py:93} INFO - 25/12/07 13:21:41 WARN TaskSchedulerImpl: Initial job has not accepted any resources; check your cluster UI to ensure that workers are registered and have sufficient resources
[2025-12-07T13:21:44.770+0000] {job.py:221} ERROR - Job heartbeat failed with error. Scheduler is in unhealthy state
[2025-12-07T13:21:56.983+0000] {subprocess.py:93} INFO - 25/12/07 13:21:56 WARN TaskSchedulerImpl: Initial job has not accepted any resources; check your cluster UI to ensure that workers are registered and have sufficient resources
[2025-12-07T13:22:11.988+0000] {subprocess.py:93} INFO - 25/12/07 13:22:11 WARN TaskSchedulerImpl: Initial job has not accepted any resources; check your cluster UI to ensure that workers are registered and have sufficient resources
[2025-12-07T13:22:14.936+0000] {job.py:221} ERROR - Job heartbeat failed with error. Scheduler is in unhealthy state
[2025-12-07T13:22:26.983+0000] {subprocess.py:93} INFO - 25/12/07 13:22:26 WARN TaskSchedulerImpl: Initial job has not accepted any resources; check your cluster UI to ensure that workers are registered and have sufficient resources
[2025-12-07T13:22:30.110+0000] {job.py:221} ERROR - Job heartbeat failed with error. Scheduler is in unhealthy state
[2025-12-07T13:22:42.012+0000] {subprocess.py:93} INFO - 25/12/07 13:22:41 WARN TaskSchedulerImpl: Initial job has not accepted any resources; check your cluster UI to ensure that workers are registered and have sufficient resources
[2025-12-07T13:22:44.034+0000] {job.py:216} ERROR - Job heartbeat failed with error. Scheduler may go into unhealthy state
[2025-12-07T13:22:57.004+0000] {subprocess.py:93} INFO - 25/12/07 13:22:56 WARN TaskSchedulerImpl: Initial job has not accepted any resources; check your cluster UI to ensure that workers are registered and have sufficient resources
[2025-12-07T13:23:11.963+0000] {subprocess.py:93} INFO - 25/12/07 13:23:11 WARN TaskSchedulerImpl: Initial job has not accepted any resources; check your cluster UI to ensure that workers are registered and have sufficient resources
[2025-12-07T13:23:26.986+0000] {subprocess.py:93} INFO - 25/12/07 13:23:26 WARN TaskSchedulerImpl: Initial job has not accepted any resources; check your cluster UI to ensure that workers are registered and have sufficient resources
[2025-12-07T13:23:37.375+0000] {job.py:221} ERROR - Job heartbeat failed with error. Scheduler is in unhealthy state
[2025-12-07T13:23:41.959+0000] {subprocess.py:93} INFO - 25/12/07 13:23:41 WARN TaskSchedulerImpl: Initial job has not accepted any resources; check your cluster UI to ensure that workers are registered and have sufficient resources
[2025-12-07T13:23:52.551+0000] {job.py:221} ERROR - Job heartbeat failed with error. Scheduler is in unhealthy state
